2021-10-24 12:51:59,742:TEST-MODE:INFO: init
2021-10-24 12:51:59,743:TEST-MODE:INFO: loading settings:
2021-10-24 12:51:59,743:TEST-MODE:INFO: [app]: simulation = False
2021-10-24 12:51:59,744:TEST-MODE:INFO: [app]: simulation_udp_port = 12000
2021-10-24 12:51:59,744:TEST-MODE:INFO: [app]: host_ip = 127.0.0.1
2021-10-24 12:51:59,744:TEST-MODE:INFO: [app]: disable_safety = True
2021-10-24 12:51:59,745:TEST-MODE:INFO: [app]: test_mode = True
2021-10-24 12:51:59,745:TEST-MODE:INFO: [app]: test_mode_udp_port = 5000
2021-10-24 12:51:59,746:TEST-MODE:INFO: [app]: disable_altimeter = True
2021-10-24 12:51:59,746:TEST-MODE:INFO: [app]: skip_arduino_compile = True
2021-10-24 12:51:59,746:TEST-MODE:INFO: [serial]: port = /dev/ttyACM0
2021-10-24 12:51:59,746:TEST-MODE:INFO: [serial]: timeout = 3
2021-10-24 12:51:59,747:TEST-MODE:INFO: [serial]: baud_rate = 115200
2021-10-24 12:51:59,747:TEST-MODE:INFO: [serial_safety]: port = /dev/ttyUSB0
2021-10-24 12:51:59,748:TEST-MODE:INFO: [serial_safety]: timeout = 3
2021-10-24 12:51:59,748:TEST-MODE:INFO: [serial_safety]: baud_rate = 115200
2021-10-24 12:51:59,748:TEST-MODE:INFO: [task]: min_time_off_duration_limit = 0.5
2021-10-24 12:51:59,749:TEST-MODE:INFO: [task]: planned_mission = [1, 0, 1, 0]
2021-10-24 12:51:59,749:TEST-MODE:INFO: [task]: hold_on_taget_duration = 60
2021-10-24 12:51:59,749:TEST-MODE:INFO: [task]: hold_on_target_distance = 0.4
2021-10-24 12:51:59,750:TEST-MODE:INFO: [task]: min_ascend_descend_distance = 10
2021-10-24 12:51:59,750:TEST-MODE:INFO: [task]: kp = 40
2021-10-24 12:51:59,750:TEST-MODE:INFO: [task]: kd = 1000
2021-10-24 12:51:59,751:TEST-MODE:INFO: [task]: ki = 0.001
2021-10-24 12:51:59,752:TEST-MODE:INFO: [pressure]: epsilon = 0.5
2021-10-24 12:51:59,752:TEST-MODE:INFO: [pressure]: avg_samples = 5
2021-10-24 12:51:59,752:TEST-MODE:INFO: [pressure]: precision = 2
2021-10-24 12:51:59,753:TEST-MODE:INFO: [temperature]: avg_samples = 5
2021-10-24 12:51:59,753:TEST-MODE:INFO: [temperature]: precision = 2
2021-10-24 12:51:59,754:TEST-MODE:INFO: [imu]: avg_samples = 5
2021-10-24 12:51:59,754:TEST-MODE:INFO: [imu]: precision = 2
2021-10-24 12:51:59,754:TEST-MODE:INFO: [bladder]: avg_samples = 1
2021-10-24 12:51:59,755:TEST-MODE:INFO: [bladder]: precision = 2
2021-10-24 12:51:59,755:TEST-MODE:INFO: [altimeter]: avg_samples = 1
2021-10-24 12:51:59,755:TEST-MODE:INFO: [altimeter]: precision = 2
2021-10-24 12:51:59,756:TEST-MODE:INFO: [rpm]: avg_samples = 1
2021-10-24 12:51:59,756:TEST-MODE:INFO: [rpm]: precision = 2
2021-10-24 12:51:59,756:TEST-MODE:INFO: [pickup]: wait_for_water_duration = 10
2021-10-24 12:51:59,757:TEST-MODE:INFO: [safety]: timeout = 30
2021-10-24 12:51:59,757:TEST-MODE:WARNING: Safety is disabled
2021-10-24 12:51:59,758:TEST-MODE:WARNING: Altimeter is disabled
2021-10-24 12:51:59,759:TEST-MODE:WARNING: Test mode
2021-10-24 12:51:59,760:TEST-MODE:INFO: Pressure controller was initialized successfully
2021-10-24 12:51:59,761:TEST-MODE:INFO: BP1 pressure sensor was initialized successfully
2021-10-24 12:51:59,763:TEST-MODE:INFO: BP2 pressure sensor was initialized successfully
2021-10-24 12:51:59,764:TEST-MODE:INFO: TP1 pressure sensor was initialized successfully
2021-10-24 12:51:59,765:TEST-MODE:INFO: TP2 pressure sensor was initialized successfully
2021-10-24 12:51:59,765:TEST-MODE:INFO: HP pressure sensor was initialized successfully
2021-10-24 12:51:59,765:TEST-MODE:INFO: AP pressure sensor was initialized successfully
2021-10-24 12:51:59,766:TEST-MODE:INFO: Temperature controller was initialized successfully
2021-10-24 12:51:59,766:TEST-MODE:INFO: BT1 temperature sensor was initialized successfully
2021-10-24 12:51:59,767:TEST-MODE:INFO: BT2 temperature sensor was initialized successfully
2021-10-24 12:51:59,767:TEST-MODE:INFO: TT1 temperature sensor was initialized successfully
2021-10-24 12:51:59,768:TEST-MODE:INFO: TT2 temperature sensor was initialized successfully
2021-10-24 12:51:59,768:TEST-MODE:INFO: AT temperature sensor was initialized successfully
2021-10-24 12:51:59,768:TEST-MODE:INFO: IMU controller was initialized successfully
2021-10-24 12:51:59,769:TEST-MODE:INFO: X IMU sensor was initialized successfully
2021-10-24 12:51:59,769:TEST-MODE:INFO: Y IMU sensor was initialized successfully
2021-10-24 12:51:59,770:TEST-MODE:INFO: Z IMU sensor was initialized successfully
2021-10-24 12:51:59,770:TEST-MODE:INFO: Bladder volume controller was initialized successfully
2021-10-24 12:51:59,771:TEST-MODE:INFO: Altimeter controller was initialized successfully
2021-10-24 12:51:59,771:TEST-MODE:INFO: rpm controller was initialized successfully
2021-10-24 12:51:59,772:TEST-MODE:INFO: Pump flag controller was initialized successfully
2021-10-24 12:51:59,772:TEST-MODE:INFO: Bladder flag controller was initialized successfully
2021-10-24 12:51:59,772:TEST-MODE:INFO: Hull leak flag controller was initialized successfully
2021-10-24 12:51:59,773:TEST-MODE:INFO: Engine leak flag controller was initialized successfully
2021-10-24 12:51:59,773:TEST-MODE:INFO: Full surface initiated flag controller was initialized successfully
2021-10-24 12:51:59,773:TEST-MODE:INFO: Iridium flag controller was initialized successfully
2021-10-24 12:51:59,774:TEST-MODE:DEBUG: attempting to init serial comm
2021-10-24 12:51:59,774:TEST-MODE:DEBUG:  port:/dev/ttyACM0
2021-10-24 12:51:59,774:TEST-MODE:DEBUG:  baud_rate:115200
2021-10-24 12:51:59,776:TEST-MODE:INFO: SerialComm was initialized successfully
2021-10-24 12:51:59,777:TEST-MODE:DEBUG: attempting to load profile: cfg/profile.txt
2021-10-24 12:51:59,791:TEST-MODE:INFO: Profile file loaded successfully
2021-10-24 12:51:59,792:TEST-MODE:INFO: Profile class was initialized successfully
2021-10-24 12:51:59,793:TEST-MODE:INFO: setting state to MissionState.IDLE
2021-10-24 12:51:59,794:TEST-MODE:DEBUG: mega>rpi: b'4.19\r\n'
2021-10-24 12:51:59,806:TEST-MODE:DEBUG: mega>rpi: b'BP1:1116.50\r\n'
2021-10-24 12:51:59,818:TEST-MODE:DEBUG: mega>rpi: b'BP2:1142.40\r\n'
2021-10-24 12:51:59,829:TEST-MODE:DEBUG: mega>rpi: b'2.00\r\n'
2021-10-24 12:51:59,840:TEST-MODE:DEBUG: mega>rpi: b'X:0.01\r\n'
2021-10-24 12:51:59,852:TEST-MODE:DEBUG: mega>rpi: b'Y:-0.00\r\n'
2021-10-24 12:51:59,864:TEST-MODE:DEBUG: mega>rpi: b'Z:0.03\r\n'
2021-10-24 12:51:59,875:TEST-MODE:DEBUG: mega>rpi: b'PD:1.51\r\n'
2021-10-24 12:51:59,887:TEST-MODE:DEBUG: mega>rpi: b'PC:100.00\r\n'
2021-10-24 12:51:59,898:TEST-MODE:DEBUG: mega>rpi: b'LC:142.00\r\n'
2021-10-24 12:51:59,910:TEST-MODE:DEBUG: mega>rpi: b'HL:0.00\r\n'
2021-10-24 12:51:59,921:TEST-MODE:DEBUG: mega>rpi: b'EL:0.00\r\n'
2021-10-24 12:51:59,933:TEST-MODE:DEBUG: mega>rpi: b'BT1:24.72\r\n'
2021-10-24 12:51:59,945:TEST-MODE:DEBUG: mega>rpi: b'BT2:24.19\r\n'
2021-10-24 12:51:59,957:TEST-MODE:DEBUG: mega>rpi: b'BP1:1116.50\r\n'
2021-10-24 12:51:59,969:TEST-MODE:DEBUG: mega>rpi: b'BP2:1142.40\r\n'
2021-10-24 12:52:01,193:TEST-MODE:DEBUG: mega>rpi: b'SU:0.00\r\n'
2021-10-24 12:52:01,194:TEST-MODE:ERROR: unknown header: SU:0.00
2021-10-24 12:52:01,227:TEST-MODE:DEBUG: mega>rpi: b'BT1:24.33\r\n'
2021-10-24 12:52:01,250:TEST-MODE:DEBUG: mega>rpi: b'BT2:24.16\r\n'
2021-10-24 12:52:01,262:TEST-MODE:DEBUG: mega>rpi: b'PS:2.00\r\n'
2021-10-24 12:52:01,262:TEST-MODE:ERROR: unknown header: PS:2.00
2021-10-24 12:52:02,323:TEST-MODE:DEBUG: mega>rpi: b'BP1:1116.60\r\n'
2021-10-24 12:52:02,386:TEST-MODE:DEBUG: mega>rpi: b'BP2:1142.90\r\n'
2021-10-24 12:52:02,438:TEST-MODE:DEBUG: mega>rpi: b'HP:1532.90\r\n'
2021-10-24 12:52:02,470:TEST-MODE:DEBUG: mega>rpi: b'AT:24.83\r\n'
2021-10-24 12:52:02,525:TEST-MODE:DEBUG: mega>rpi: b'AP:6299.70\r\n'
2021-10-24 12:52:02,559:TEST-MODE:DEBUG: mega>rpi: b'TT1:26.32\r\n'
2021-10-24 12:52:02,582:TEST-MODE:DEBUG: mega>rpi: b'TT2:26.32\r\n'
2021-10-24 12:52:02,647:TEST-MODE:DEBUG: mega>rpi: b'TP1:1022.80\r\n'
2021-10-24 12:52:02,701:TEST-MODE:DEBUG: mega>rpi: b'TP2:1037.10\r\n'
2021-10-24 12:52:02,712:TEST-MODE:DEBUG: mega>rpi: b'\r\n'
2021-10-24 12:52:02,959:TEST-MODE:DEBUG: mega>rpi: b'X:0.00\r\n'
2021-10-24 12:52:02,971:TEST-MODE:DEBUG: mega>rpi: b'Y:0.00\r\n'
2021-10-24 12:52:02,982:TEST-MODE:DEBUG: mega>rpi: b'Z:0.00\r\n'
2021-10-24 12:52:04,307:TEST-MODE:DEBUG: mega>rpi: b'Date: 10/24/2021 Time: 11:49:56\r\n'
2021-10-24 12:52:04,308:TEST-MODE:ERROR: unknown header: Date: 10/24/2021 Time
2021-10-24 12:52:07,162:TEST-MODE:DEBUG: mega>rpi: b'SU:0.00\r\n'
2021-10-24 12:52:07,162:TEST-MODE:ERROR: unknown header: SU:0.00
2021-10-24 12:52:07,195:TEST-MODE:DEBUG: mega>rpi: b'BT1:24.33\r\n'
2021-10-24 12:52:13,133:TEST-MODE:DEBUG: mega>rpi: b'SU:0.00\r\n'
2021-10-24 12:52:13,134:TEST-MODE:ERROR: unknown header: SU:0.00
2021-10-24 12:52:13,158:TEST-MODE:DEBUG: mega>rpi: b'BT1:24.33\r\n'
2021-10-24 12:52:13,191:TEST-MODE:DEBUG: mega>rpi: b'BT2:24.96\r\n'
2021-10-24 12:52:13,204:TEST-MODE:DEBUG: mega>rpi: b'PS:2.00\r\n'
2021-10-24 12:52:13,204:TEST-MODE:ERROR: unknown header: PS:2.00
2021-10-24 12:52:14,262:TEST-MODE:DEBUG: mega>rpi: b'BP1:1117.50\r\n'
2021-10-24 12:52:14,317:TEST-MODE:DEBUG: mega>rpi: b'BP2:1143.50\r\n'
2021-10-24 12:52:14,381:TEST-MODE:DEBUG: mega>rpi: b'HP:1538.40\r\n'
2021-10-24 12:52:14,404:TEST-MODE:DEBUG: mega>rpi: b'AT:24.82\r\n'
2021-10-24 12:52:14,468:TEST-MODE:DEBUG: mega>rpi: b'AP:6297.60\r\n'
2021-10-24 12:52:14,491:TEST-MODE:DEBUG: mega>rpi: b'TT1:26.30\r\n'
2021-10-24 12:52:14,524:TEST-MODE:DEBUG: mega>rpi: b'TT2:26.30\r\n'
2021-10-24 12:52:14,577:TEST-MODE:DEBUG: mega>rpi: b'TP1:1022.20\r\n'
2021-10-24 12:52:14,634:TEST-MODE:DEBUG: mega>rpi: b'TP2:1037.20\r\n'
2021-10-24 12:52:14,646:TEST-MODE:DEBUG: mega>rpi: b'\r\n'
2021-10-24 12:52:14,895:TEST-MODE:DEBUG: mega>rpi: b'X:0.00\r\n'
2021-10-24 12:52:14,906:TEST-MODE:DEBUG: mega>rpi: b'Y:0.00\r\n'
2021-10-24 12:52:14,918:TEST-MODE:DEBUG: mega>rpi: b'Z:0.00\r\n'
2021-10-24 12:52:15,533:TEST-MODE:DEBUG: mega>rpi: b'Date: 10/24/2021 Time: 11:50:07\r\n'
2021-10-24 12:52:15,534:TEST-MODE:ERROR: unknown header: Date: 10/24/2021 Time
2021-10-24 12:52:17,228:TEST-MODE:DEBUG: mega>rpi: b'SU:1.00\r\n'
2021-10-24 12:52:17,228:TEST-MODE:ERROR: unknown header: SU:1.00
2021-10-24 12:52:17,241:TEST-MODE:DEBUG: mega>rpi: b'LC:1.00\r\n'
2021-10-24 12:52:17,314:TEST-MODE:DEBUG: mega>rpi: b'HL:0.00\r\n'
2021-10-24 12:52:17,326:TEST-MODE:DEBUG: mega>rpi: b'EL:0.00\r\n'
2021-10-24 12:52:17,338:TEST-MODE:DEBUG: mega>rpi: b'BT1:24.72\r\n'
2021-10-24 12:52:17,350:TEST-MODE:DEBUG: mega>rpi: b'BT2:24.19\r\n'
2021-10-24 12:52:17,396:TEST-MODE:DEBUG: mega>rpi: b'BP1:1117.20\r\n'
2021-10-24 12:52:17,460:TEST-MODE:DEBUG: mega>rpi: b'BP2:1142.50\r\n'
2021-10-24 12:52:17,513:TEST-MODE:DEBUG: mega>rpi: b'HP:1538.90\r\n'
2021-10-24 12:52:17,526:TEST-MODE:DEBUG: mega>rpi: b'TT1:24.21\r\n'
2021-10-24 12:52:17,548:TEST-MODE:DEBUG: mega>rpi: b'TT2:24.27\r\n'
2021-10-24 12:52:17,602:TEST-MODE:DEBUG: mega>rpi: b'TP1:1022.60\r\n'
2021-10-24 12:52:17,654:TEST-MODE:DEBUG: mega>rpi: b'TP2:1037.10\r\n'
2021-10-24 12:52:17,676:TEST-MODE:DEBUG: mega>rpi: b'AT:25.51\r\n'
2021-10-24 12:52:17,729:TEST-MODE:DEBUG: mega>rpi: b'AP:6286.60\r\n'
2021-10-24 12:52:17,741:TEST-MODE:DEBUG: mega>rpi: b'BV:624.38\r\n'
2021-10-24 12:52:17,741:TEST-MODE:INFO: State.STOP
2021-10-24 12:52:17,744:TEST-MODE:INFO: BT1   BT2             TT1             TT2             AT              X               Y               Z               BP1   BP2   TP1             TP2             HP              AP              PD   PC     HL EL BF   SF   PF   BV     rpm             State MissionState Setpoint Error Depth 
2021-10-24 12:52:17,745:TEST-MODE:INFO: 24.49 Buffering (4/5) Buffering (3/5) Buffering (3/5) Buffering (3/5) Buffering (3/5) Buffering (3/5) Buffering (3/5) 11.17 11.43 Buffering (3/5) Buffering (3/5) Buffering (3/5) Buffering (3/5) 1.51 100.00 0  0  None None None 624.38 Buffering (0/1) STOP  IDLE         None     None  None  
2021-10-24 12:52:17,745:TEST-MODE:WARNING: Stopped
2021-10-24 12:52:17,757:TEST-MODE:DEBUG: mega>rpi: b'BF:2.00\r\n'
2021-10-24 12:52:17,769:TEST-MODE:DEBUG: mega>rpi: b'X:0.00\r\n'
2021-10-24 12:52:17,780:TEST-MODE:DEBUG: mega>rpi: b'Y:0.00\r\n'
2021-10-24 12:52:17,792:TEST-MODE:DEBUG: mega>rpi: b'Z:0.00\r\n'
2021-10-24 12:52:17,803:TEST-MODE:DEBUG: mega>rpi: b'PD:1.51\r\n'
2021-10-24 12:52:17,815:TEST-MODE:DEBUG: mega>rpi: b'PC:100.00\r\n'
2021-10-24 12:52:17,826:TEST-MODE:DEBUG: mega>rpi: b'LC:2.00\r\n'
2021-10-24 12:52:17,848:TEST-MODE:DEBUG: mega>rpi: b'HL:0.00\r\n'
2021-10-24 12:52:17,860:TEST-MODE:DEBUG: mega>rpi: b'EL:0.00\r\n'
2021-10-24 12:52:17,872:TEST-MODE:DEBUG: mega>rpi: b'BT1:24.72\r\n'
2021-10-24 12:52:17,884:TEST-MODE:DEBUG: mega>rpi: b'BT2:24.19\r\n'
2021-10-24 12:52:17,937:TEST-MODE:DEBUG: mega>rpi: b'BP1:1116.80\r\n'
2021-10-24 12:52:17,989:TEST-MODE:DEBUG: mega>rpi: b'BP2:1143.40\r\n'
2021-10-24 12:52:18,052:TEST-MODE:DEBUG: mega>rpi: b'HP:1539.00\r\n'
2021-10-24 12:52:18,064:TEST-MODE:DEBUG: mega>rpi: b'TT1:24.19\r\n'
2021-10-24 12:52:18,075:TEST-MODE:DEBUG: mega>rpi: b'TT2:24.27\r\n'
2021-10-24 12:52:18,138:TEST-MODE:DEBUG: mega>rpi: b'TP1:1022.00\r\n'
2021-10-24 12:52:18,191:TEST-MODE:DEBUG: mega>rpi: b'TP2:1037.20\r\n'
2021-10-24 12:52:18,203:TEST-MODE:DEBUG: mega>rpi: b'AT:25.51\r\n'
2021-10-24 12:52:18,265:TEST-MODE:DEBUG: mega>rpi: b'AP:6286.30\r\n'
2021-10-24 12:52:18,277:TEST-MODE:DEBUG: mega>rpi: b'BV:624.44\r\n'
2021-10-24 12:52:18,278:TEST-MODE:INFO: State.STOP
2021-10-24 12:52:18,280:TEST-MODE:INFO: BT1   BT2   TT1             TT2             AT              X               Y               Z               BP1   BP2   TP1             TP2             HP              AP              PD   PC     HL EL BF SF   PF   BV     rpm             State MissionState Setpoint Error Depth 
2021-10-24 12:52:18,281:TEST-MODE:INFO: 24.49 24.34 Buffering (4/5) Buffering (4/5) Buffering (4/5) Buffering (4/5) Buffering (4/5) Buffering (4/5) 11.17 11.43 Buffering (4/5) Buffering (4/5) Buffering (4/5) Buffering (4/5) 1.51 100.00 0  0  2  None None 624.44 Buffering (0/1) STOP  IDLE         None     None  None  
2021-10-24 12:52:18,282:TEST-MODE:WARNING: Stopped
2021-10-24 12:52:18,293:TEST-MODE:DEBUG: mega>rpi: b'BF:2.00\r\n'
2021-10-24 12:52:18,305:TEST-MODE:DEBUG: mega>rpi: b'X:-0.02\r\n'
2021-10-24 12:52:18,316:TEST-MODE:DEBUG: mega>rpi: b'Y:0.02\r\n'
2021-10-24 12:52:18,328:TEST-MODE:DEBUG: mega>rpi: b'Z:-0.01\r\n'
2021-10-24 12:52:18,339:TEST-MODE:DEBUG: mega>rpi: b'PD:1.51\r\n'
2021-10-24 12:52:18,351:TEST-MODE:DEBUG: mega>rpi: b'PC:100.00\r\n'
2021-10-24 12:52:18,363:TEST-MODE:DEBUG: mega>rpi: b'LC:3.00\r\n'
2021-10-24 12:52:18,374:TEST-MODE:DEBUG: mega>rpi: b'HL:0.00\r\n'
2021-10-24 12:52:18,386:TEST-MODE:DEBUG: mega>rpi: b'EL:0.00\r\n'
2021-10-24 12:52:18,398:TEST-MODE:DEBUG: mega>rpi: b'BT1:24.72\r\n'
2021-10-24 12:52:18,410:TEST-MODE:DEBUG: mega>rpi: b'BT2:24.18\r\n'
2021-10-24 12:52:18,444:TEST-MODE:DEBUG: mega>rpi: b'BP1:1117.00\r\n'
2021-10-24 12:52:18,497:TEST-MODE:DEBUG: mega>rpi: b'BP2:1142.70\r\n'
2021-10-24 12:52:18,561:TEST-MODE:DEBUG: mega>rpi: b'HP:1540.30\r\n'
2021-10-24 12:52:18,573:TEST-MODE:DEBUG: mega>rpi: b'TT1:24.19\r\n'
2021-10-24 12:52:18,585:TEST-MODE:DEBUG: mega>rpi: b'TT2:24.27\r\n'
2021-10-24 12:52:18,639:TEST-MODE:DEBUG: mega>rpi: b'TP1:1022.30\r\n'
2021-10-24 12:52:18,703:TEST-MODE:DEBUG: mega>rpi: b'TP2:1038.00\r\n'
2021-10-24 12:52:18,715:TEST-MODE:DEBUG: mega>rpi: b'AT:25.51\r\n'
2021-10-24 12:52:18,769:TEST-MODE:DEBUG: mega>rpi: b'AP:6286.20\r\n'
2021-10-24 12:52:18,782:TEST-MODE:DEBUG: mega>rpi: b'BV:624.46\r\n'
2021-10-24 12:52:18,782:TEST-MODE:INFO: State.STOP
2021-10-24 12:52:18,787:TEST-MODE:INFO: BT1   BT2   TT1   TT2   AT    X     Y    Z    BP1   BP2   TP1   TP2   HP      AP      PD   PC     HL EL BF SF   PF   BV     rpm             State MissionState Setpoint Error Depth 
2021-10-24 12:52:18,789:TEST-MODE:INFO: 24.56 24.34 25.04 25.09 25.24 -0.00 0.00 0.00 11.17 11.43 10.22 10.37 1537.90 6291.28 1.51 100.00 0  0  2  None None 624.46 Buffering (0/1) STOP  IDLE         None     None  10.80 
2021-10-24 12:52:18,790:TEST-MODE:WARNING: Stopped
2021-10-24 12:52:18,792:TEST-MODE:DEBUG: mega>rpi: b'BF:2.00\r\n'
2021-10-24 12:52:18,795:TEST-MODE:DEBUG: mega>rpi: b'X:0.02\r\n'
2021-10-24 12:52:18,798:TEST-MODE:DEBUG: mega>rpi: b'Y:0.04\r\n'
2021-10-24 12:52:18,800:TEST-MODE:DEBUG: mega>rpi: b'Z:0.02\r\n'
2021-10-24 12:52:18,801:TEST-MODE:DEBUG: mega>rpi: b'PD:1.51\r\n'
2021-10-24 12:52:18,804:TEST-MODE:DEBUG: mega>rpi: b'PC:100.00\r\n'
2021-10-24 12:52:18,806:TEST-MODE:DEBUG: mega>rpi: b'LC:4.00\r\n'
2021-10-24 12:52:18,877:TEST-MODE:DEBUG: mega>rpi: b'HL:0.00\r\n'
2021-10-24 12:52:18,879:TEST-MODE:DEBUG: mega>rpi: b'EL:0.00\r\n'
2021-10-24 12:52:18,891:TEST-MODE:DEBUG: mega>rpi: b'BT1:24.72\r\n'
2021-10-24 12:52:18,902:TEST-MODE:DEBUG: mega>rpi: b'BT2:24.19\r\n'
2021-10-24 12:52:18,963:TEST-MODE:DEBUG: mega>rpi: b'BP1:1117.40\r\n'
2021-10-24 12:52:19,022:TEST-MODE:DEBUG: mega>rpi: b'BP2:1142.80\r\n'
2021-10-24 12:52:19,078:TEST-MODE:DEBUG: mega>rpi: b'HP:1540.20\r\n'
2021-10-24 12:52:19,091:TEST-MODE:DEBUG: mega>rpi: b'TT1:24.19\r\n'
2021-10-24 12:52:19,107:TEST-MODE:DEBUG: mega>rpi: b'TT2:24.26\r\n'
2021-10-24 12:52:19,165:TEST-MODE:DEBUG: mega>rpi: b'TP1:1022.90\r\n'
2021-10-24 12:52:19,222:TEST-MODE:DEBUG: mega>rpi: b'TP2:1037.70\r\n'
2021-10-24 12:52:19,238:TEST-MODE:DEBUG: mega>rpi: b'AT:25.51\r\n'
2021-10-24 12:52:19,296:TEST-MODE:DEBUG: mega>rpi: b'AP:6286.30\r\n'
2021-10-24 12:52:19,298:TEST-MODE:DEBUG: mega>rpi: b'BV:624.44\r\n'
2021-10-24 12:52:19,301:TEST-MODE:INFO: State.STOP
2021-10-24 12:52:19,304:TEST-MODE:INFO: BT1   BT2   TT1   TT2   AT    X    Y    Z    BP1   BP2   TP1   TP2   HP      AP      PD   PC     HL EL BF SF   PF   BV     rpm             State MissionState Setpoint Error Depth 
2021-10-24 12:52:19,305:TEST-MODE:INFO: 24.64 24.34 24.62 24.67 25.37 0.00 0.01 0.00 11.17 11.43 10.22 10.37 1539.36 6288.60 1.51 100.00 0  0  2  None None 624.44 Buffering (0/1) STOP  IDLE         None     None  10.80 
2021-10-24 12:52:19,305:TEST-MODE:WARNING: Stopped
2021-10-24 12:52:19,307:TEST-MODE:DEBUG: mega>rpi: b'BF:2.00\r\n'
2021-10-24 12:52:19,309:TEST-MODE:DEBUG: mega>rpi: b'X:0.02\r\n'
2021-10-24 12:52:19,310:TEST-MODE:DEBUG: mega>rpi: b'Y:0.04\r\n'
2021-10-24 12:52:19,312:TEST-MODE:DEBUG: mega>rpi: b'Z:0.01\r\n'
2021-10-24 12:52:19,313:TEST-MODE:DEBUG: mega>rpi: b'PD:1.51\r\n'
2021-10-24 12:52:19,315:TEST-MODE:DEBUG: mega>rpi: b'PC:100.00\r\n'
2021-10-24 12:52:19,317:TEST-MODE:DEBUG: mega>rpi: b'LC:5.00\r\n'
2021-10-24 12:52:19,386:TEST-MODE:DEBUG: mega>rpi: b'HL:0.00\r\n'
2021-10-24 12:52:19,387:TEST-MODE:DEBUG: mega>rpi: b'EL:0.00\r\n'
2021-10-24 12:52:19,402:TEST-MODE:DEBUG: mega>rpi: b'BT1:24.72\r\n'
2021-10-24 12:52:19,414:TEST-MODE:DEBUG: mega>rpi: b'BT2:24.17\r\n'
2021-10-24 12:52:19,472:TEST-MODE:DEBUG: mega>rpi: b'BP1:1117.10\r\n'
2021-10-24 12:52:19,530:TEST-MODE:DEBUG: mega>rpi: b'BP2:1142.80\r\n'
2021-10-24 12:52:19,589:TEST-MODE:DEBUG: mega>rpi: b'HP:1540.40\r\n'
2021-10-24 12:52:19,603:TEST-MODE:DEBUG: mega>rpi: b'TT1:24.19\r\n'
2021-10-24 12:52:19,616:TEST-MODE:DEBUG: mega>rpi: b'TT2:24.27\r\n'
2021-10-24 12:52:19,672:TEST-MODE:DEBUG: mega>rpi: b'TP1:1022.90\r\n'
2021-10-24 12:52:19,734:TEST-MODE:DEBUG: mega>rpi: b'TP2:1037.60\r\n'
2021-10-24 12:52:19,747:TEST-MODE:DEBUG: mega>rpi: b'AT:25.51\r\n'
2021-10-24 12:52:19,803:TEST-MODE:DEBUG: mega>rpi: b'AP:6285.40\r\n'
2021-10-24 12:52:19,807:TEST-MODE:DEBUG: mega>rpi: b'BV:624.64\r\n'
2021-10-24 12:52:19,807:TEST-MODE:INFO: State.STOP
2021-10-24 12:52:19,810:TEST-MODE:INFO: BT1   BT2   TT1   TT2   AT    X    Y    Z    BP1   BP2   TP1   TP2   HP      AP      PD   PC     HL EL BF SF   PF   BV     rpm             State MissionState Setpoint Error Depth 
2021-10-24 12:52:19,811:TEST-MODE:INFO: 24.72 24.18 24.19 24.27 25.51 0.00 0.02 0.00 11.17 11.43 10.23 10.38 1539.76 6286.16 1.51 100.00 0  0  2  None None 624.64 Buffering (0/1) STOP  IDLE         None     None  10.80 
2021-10-24 12:52:19,811:TEST-MODE:WARNING: Stopped
2021-10-24 12:52:19,813:TEST-MODE:DEBUG: mega>rpi: b'BF:2.00\r\n'
2021-10-24 12:52:19,832:TEST-MODE:DEBUG: mega>rpi: b'PD:1.51\r\n'
2021-10-24 12:52:19,834:TEST-MODE:DEBUG: mega>rpi: b'PC:100.00\r\n'
2021-10-24 12:52:19,836:TEST-MODE:DEBUG: mega>rpi: b'LC:6.00\r\n'
2021-10-24 12:52:19,914:TEST-MODE:DEBUG: mega>rpi: b'HL:0.00\r\n'
2021-10-24 12:52:19,915:TEST-MODE:DEBUG: mega>rpi: b'EL:0.00\r\n'
2021-10-24 12:52:19,931:TEST-MODE:DEBUG: mega>rpi: b'BT1:24.72\r\n'
2021-10-24 12:52:19,943:TEST-MODE:DEBUG: mega>rpi: b'BT2:24.19\r\n'
2021-10-24 12:52:20,000:TEST-MODE:DEBUG: mega>rpi: b'BP1:1117.10\r\n'
2021-10-24 12:52:20,058:TEST-MODE:DEBUG: mega>rpi: b'BP2:1143.00\r\n'
2021-10-24 12:52:20,119:TEST-MODE:DEBUG: mega>rpi: b'HP:1540.40\r\n'
2021-10-24 12:52:20,131:TEST-MODE:DEBUG: mega>rpi: b'TT1:24.18\r\n'
2021-10-24 12:52:20,144:TEST-MODE:DEBUG: mega>rpi: b'TT2:24.27\r\n'
2021-10-24 12:52:20,205:TEST-MODE:DEBUG: mega>rpi: b'TP1:1022.00\r\n'
2021-10-24 12:52:20,262:TEST-MODE:DEBUG: mega>rpi: b'TP2:1037.30\r\n'
2021-10-24 12:52:20,275:TEST-MODE:DEBUG: mega>rpi: b'AT:25.51\r\n'
2021-10-24 12:52:20,331:TEST-MODE:DEBUG: mega>rpi: b'AP:6285.80\r\n'
2021-10-24 12:52:20,336:TEST-MODE:DEBUG: mega>rpi: b'BV:624.55\r\n'
2021-10-24 12:52:20,337:TEST-MODE:INFO: State.STOP
2021-10-24 12:52:20,340:TEST-MODE:INFO: BT1   BT2   TT1   TT2   AT    X    Y    Z    BP1   BP2   TP1   TP2   HP      AP      PD   PC     HL EL BF SF   PF   BV     rpm             State MissionState Setpoint Error Depth 
2021-10-24 12:52:20,341:TEST-MODE:INFO: 24.72 24.18 24.19 24.27 25.51 0.00 0.02 0.00 11.17 11.43 10.22 10.38 1540.06 6286.00 1.51 100.00 0  0  2  None None 624.55 Buffering (0/1) STOP  IDLE         None     None  10.80 
2021-10-24 12:52:20,341:TEST-MODE:WARNING: Stopped
2021-10-24 12:52:20,343:TEST-MODE:DEBUG: mega>rpi: b'BF:2.00\r\n'
2021-10-24 12:52:20,344:TEST-MODE:DEBUG: mega>rpi: b'X:-0.01\r\n'
2021-10-24 12:52:20,346:TEST-MODE:DEBUG: mega>rpi: b'Y:0.02\r\n'
2021-10-24 12:52:20,347:TEST-MODE:DEBUG: mega>rpi: b'Z:-0.01\r\n'
2021-10-24 12:52:20,349:TEST-MODE:DEBUG: mega>rpi: b'PD:1.51\r\n'
2021-10-24 12:52:20,350:TEST-MODE:DEBUG: mega>rpi: b'PC:100.00\r\n'
2021-10-24 12:52:20,352:TEST-MODE:DEBUG: mega>rpi: b'LC:7.00\r\n'
2021-10-24 12:52:20,426:TEST-MODE:DEBUG: mega>rpi: b'HL:0.00\r\n'
2021-10-24 12:52:20,427:TEST-MODE:DEBUG: mega>rpi: b'EL:0.00\r\n'
2021-10-24 12:52:20,438:TEST-MODE:DEBUG: mega>rpi: b'BT1:24.72\r\n'
2021-10-24 12:52:20,451:TEST-MODE:DEBUG: mega>rpi: b'BT2:24.19\r\n'
2021-10-24 12:52:20,512:TEST-MODE:DEBUG: mega>rpi: b'BP1:1116.80\r\n'
2021-10-24 12:52:20,570:TEST-MODE:DEBUG: mega>rpi: b'BP2:1143.00\r\n'
2021-10-24 12:52:20,627:TEST-MODE:DEBUG: mega>rpi: b'HP:1540.50\r\n'
2021-10-24 12:52:20,639:TEST-MODE:DEBUG: mega>rpi: b'TT1:24.18\r\n'
2021-10-24 12:52:20,656:TEST-MODE:DEBUG: mega>rpi: b'TT2:24.28\r\n'
2021-10-24 12:52:20,712:TEST-MODE:DEBUG: mega>rpi: b'TP1:1022.10\r\n'
2021-10-24 12:52:20,770:TEST-MODE:DEBUG: mega>rpi: b'TP2:1037.30\r\n'
2021-10-24 12:52:20,787:TEST-MODE:DEBUG: mega>rpi: b'AT:25.51\r\n'
2021-10-24 12:52:20,845:TEST-MODE:DEBUG: mega>rpi: b'AP:6285.30\r\n'
2021-10-24 12:52:20,846:TEST-MODE:DEBUG: mega>rpi: b'BV:624.67\r\n'
2021-10-24 12:52:20,847:TEST-MODE:INFO: State.STOP
2021-10-24 12:52:20,849:TEST-MODE:INFO: BT1   BT2   TT1   TT2   AT    X    Y    Z    BP1   BP2   TP1   TP2   HP      AP      PD   PC     HL EL BF SF   PF   BV     rpm             State MissionState Setpoint Error Depth 
2021-10-24 12:52:20,850:TEST-MODE:INFO: 24.72 24.18 24.19 24.27 25.51 0.00 0.02 0.00 11.17 11.43 10.22 10.38 1540.36 6285.80 1.51 100.00 0  0  2  None None 624.67 Buffering (0/1) STOP  IDLE         None     None  10.80 
2021-10-24 12:52:20,851:TEST-MODE:WARNING: Stopped
2021-10-24 12:52:20,852:TEST-MODE:DEBUG: mega>rpi: b'BF:2.00\r\n'
2021-10-24 12:52:20,868:TEST-MODE:DEBUG: mega>rpi: b'PD:1.51\r\n'
2021-10-24 12:52:20,872:TEST-MODE:DEBUG: mega>rpi: b'PC:100.00\r\n'
2021-10-24 12:52:20,874:TEST-MODE:DEBUG: mega>rpi: b'LC:8.00\r\n'
2021-10-24 12:52:20,950:TEST-MODE:DEBUG: mega>rpi: b'HL:0.00\r\n'
2021-10-24 12:52:20,951:TEST-MODE:DEBUG: mega>rpi: b'EL:0.00\r\n'
2021-10-24 12:52:20,967:TEST-MODE:DEBUG: mega>rpi: b'BT1:24.72\r\n'
2021-10-24 12:52:20,980:TEST-MODE:DEBUG: mega>rpi: b'BT2:24.20\r\n'
2021-10-24 12:52:21,036:TEST-MODE:DEBUG: mega>rpi: b'BP1:1117.10\r\n'
2021-10-24 12:52:21,097:TEST-MODE:DEBUG: mega>rpi: b'BP2:1142.80\r\n'
2021-10-24 12:52:21,156:TEST-MODE:DEBUG: mega>rpi: b'HP:1540.80\r\n'
2021-10-24 12:52:21,167:TEST-MODE:DEBUG: mega>rpi: b'TT1:24.18\r\n'
2021-10-24 12:52:21,183:TEST-MODE:DEBUG: mega>rpi: b'TT2:24.26\r\n'
2021-10-24 12:52:21,240:TEST-MODE:DEBUG: mega>rpi: b'TP1:1022.40\r\n'
2021-10-24 12:52:21,298:TEST-MODE:DEBUG: mega>rpi: b'TP2:1037.20\r\n'
2021-10-24 12:52:21,311:TEST-MODE:DEBUG: mega>rpi: b'AT:25.50\r\n'
2021-10-24 12:52:21,372:TEST-MODE:DEBUG: mega>rpi: b'AP:6285.50\r\n'
2021-10-24 12:52:21,374:TEST-MODE:DEBUG: mega>rpi: b'BV:624.58\r\n'
2021-10-24 12:52:21,374:TEST-MODE:INFO: State.STOP
2021-10-24 12:52:21,377:TEST-MODE:INFO: BT1   BT2   TT1   TT2   AT    X    Y    Z    BP1   BP2   TP1   TP2   HP      AP      PD   PC     HL EL BF SF   PF   BV     rpm             State MissionState Setpoint Error Depth 
2021-10-24 12:52:21,378:TEST-MODE:INFO: 24.72 24.19 24.18 24.27 25.51 0.00 0.02 0.00 11.17 11.43 10.22 10.37 1540.46 6285.66 1.51 100.00 0  0  2  None None 624.58 Buffering (0/1) STOP  IDLE         None     None  10.80 
2021-10-24 12:52:21,378:TEST-MODE:WARNING: Stopped
2021-10-24 12:52:21,380:TEST-MODE:DEBUG: mega>rpi: b'BF:2.00\r\n'
2021-10-24 12:52:21,381:TEST-MODE:DEBUG: mega>rpi: b'X:0.02\r\n'
2021-10-24 12:52:21,383:TEST-MODE:DEBUG: mega>rpi: b'Y:-0.01\r\n'
2021-10-24 12:52:21,384:TEST-MODE:DEBUG: mega>rpi: b'Z:0.01\r\n'
2021-10-24 12:52:21,433:TEST-MODE:DEBUG: mega>rpi: b'PD:1.51\r\n'
2021-10-24 12:52:21,437:TEST-MODE:DEBUG: mega>rpi: b'PC:100.00\r\n'
2021-10-24 12:52:21,438:TEST-MODE:DEBUG: mega>rpi: b'LC:9.00\r\n'
2021-10-24 12:52:21,515:TEST-MODE:DEBUG: mega>rpi: b'HL:0.00\r\n'
2021-10-24 12:52:21,518:TEST-MODE:DEBUG: mega>rpi: b'EL:0.00\r\n'
2021-10-24 12:52:21,532:TEST-MODE:DEBUG: mega>rpi: b'BT1:24.72\r\n'
2021-10-24 12:52:21,544:TEST-MODE:DEBUG: mega>rpi: b'BT2:24.19\r\n'
2021-10-24 12:52:21,601:TEST-MODE:DEBUG: mega>rpi: b'BP1:1117.20\r\n'
2021-10-24 12:52:21,662:TEST-MODE:DEBUG: mega>rpi: b'BP2:1142.60\r\n'
2021-10-24 12:52:21,721:TEST-MODE:DEBUG: mega>rpi: b'HP:1541.40\r\n'
2021-10-24 12:52:21,732:TEST-MODE:DEBUG: mega>rpi: b'TT1:24.17\r\n'
2021-10-24 12:52:21,748:TEST-MODE:DEBUG: mega>rpi: b'TT2:24.24\r\n'
2021-10-24 12:52:21,807:TEST-MODE:DEBUG: mega>rpi: b'TP1:1022.10\r\n'
2021-10-24 12:52:21,863:TEST-MODE:DEBUG: mega>rpi: b'TP2:1037.50\r\n'
2021-10-24 12:52:21,876:TEST-MODE:DEBUG: mega>rpi: b'AT:25.50\r\n'
2021-10-24 12:52:21,937:TEST-MODE:DEBUG: mega>rpi: b'AP:6284.70\r\n'
2021-10-24 12:52:21,939:TEST-MODE:DEBUG: mega>rpi: b'BV:624.76\r\n'
2021-10-24 12:52:21,939:TEST-MODE:INFO: State.STOP
2021-10-24 12:52:21,942:TEST-MODE:INFO: BT1   BT2   TT1   TT2   AT    X    Y    Z    BP1   BP2   TP1   TP2   HP      AP      PD   PC     HL EL BF SF   PF   BV     rpm             State MissionState Setpoint Error Depth 
2021-10-24 12:52:21,943:TEST-MODE:INFO: 24.72 24.19 24.18 24.26 25.51 0.01 0.02 0.00 11.17 11.43 10.22 10.37 1540.70 6285.34 1.51 100.00 0  0  2  None None 624.76 Buffering (0/1) STOP  IDLE         None     None  10.80 
2021-10-24 12:52:21,943:TEST-MODE:WARNING: Stopped
2021-10-24 12:52:21,945:TEST-MODE:DEBUG: mega>rpi: b'BF:2.00\r\n'
2021-10-24 12:52:21,946:TEST-MODE:DEBUG: mega>rpi: b'PD:1.51\r\n'
2021-10-24 12:52:21,948:TEST-MODE:DEBUG: mega>rpi: b'PC:100.00\r\n'
2021-10-24 12:52:21,949:TEST-MODE:DEBUG: mega>rpi: b'LC:10.00\r\n'
2021-10-24 12:52:22,023:TEST-MODE:DEBUG: mega>rpi: b'HL:0.00\r\n'
2021-10-24 12:52:22,027:TEST-MODE:DEBUG: mega>rpi: b'EL:0.00\r\n'
2021-10-24 12:52:22,040:TEST-MODE:DEBUG: mega>rpi: b'BT1:24.72\r\n'
2021-10-24 12:52:22,052:TEST-MODE:DEBUG: mega>rpi: b'BT2:24.20\r\n'
2021-10-24 12:52:22,113:TEST-MODE:DEBUG: mega>rpi: b'BP1:1117.20\r\n'
2021-10-24 12:52:22,170:TEST-MODE:DEBUG: mega>rpi: b'BP2:1143.10\r\n'
2021-10-24 12:52:22,228:TEST-MODE:DEBUG: mega>rpi: b'HP:1541.70\r\n'
2021-10-24 12:52:22,241:TEST-MODE:DEBUG: mega>rpi: b'TT1:24.18\r\n'
2021-10-24 12:52:22,256:TEST-MODE:DEBUG: mega>rpi: b'TT2:24.26\r\n'
2021-10-24 12:52:22,314:TEST-MODE:DEBUG: mega>rpi: b'TP1:1022.70\r\n'
2021-10-24 12:52:22,372:TEST-MODE:DEBUG: mega>rpi: b'TP2:1037.00\r\n'
2021-10-24 12:52:22,383:TEST-MODE:DEBUG: mega>rpi: b'AT:25.50\r\n'
2021-10-24 12:52:22,445:TEST-MODE:DEBUG: mega>rpi: b'AP:6284.90\r\n'
2021-10-24 12:52:22,446:TEST-MODE:DEBUG: mega>rpi: b'BV:624.72\r\n'
2021-10-24 12:52:22,447:TEST-MODE:INFO: State.STOP
2021-10-24 12:52:22,449:TEST-MODE:INFO: BT1   BT2   TT1   TT2   AT    X    Y    Z    BP1   BP2   TP1   TP2   HP      AP      PD   PC     HL EL BF SF   PF   BV     rpm             State MissionState Setpoint Error Depth 
2021-10-24 12:52:22,450:TEST-MODE:INFO: 24.72 24.19 24.18 24.26 25.50 0.01 0.02 0.00 11.17 11.43 10.22 10.37 1540.96 6285.24 1.51 100.00 0  0  2  None None 624.72 Buffering (0/1) STOP  IDLE         None     None  10.80 
2021-10-24 12:52:22,451:TEST-MODE:WARNING: Stopped
2021-10-24 12:52:22,453:TEST-MODE:DEBUG: mega>rpi: b'BF:2.00\r\n'
2021-10-24 12:52:22,454:TEST-MODE:DEBUG: mega>rpi: b'X:0.02\r\n'
2021-10-24 12:52:22,455:TEST-MODE:DEBUG: mega>rpi: b'Y:-0.00\r\n'
2021-10-24 12:52:22,457:TEST-MODE:DEBUG: mega>rpi: b'Z:0.00\r\n'
2021-10-24 12:52:22,470:TEST-MODE:DEBUG: mega>rpi: b'PD:1.51\r\n'
2021-10-24 12:52:22,472:TEST-MODE:DEBUG: mega>rpi: b'PC:100.00\r\n'
2021-10-24 12:52:22,474:TEST-MODE:DEBUG: mega>rpi: b'LC:11.00\r\n'
2021-10-24 12:52:22,552:TEST-MODE:DEBUG: mega>rpi: b'HL:0.00\r\n'
2021-10-24 12:52:22,553:TEST-MODE:DEBUG: mega>rpi: b'EL:0.00\r\n'
2021-10-24 12:52:22,569:TEST-MODE:DEBUG: mega>rpi: b'BT1:24.72\r\n'
2021-10-24 12:52:22,580:TEST-MODE:DEBUG: mega>rpi: b'BT2:24.19\r\n'
2021-10-24 12:52:22,638:TEST-MODE:DEBUG: mega>rpi: b'BP1:1117.90\r\n'
2021-10-24 12:52:22,696:TEST-MODE:DEBUG: mega>rpi: b'BP2:1143.00\r\n'
2021-10-24 12:52:22,756:TEST-MODE:DEBUG: mega>rpi: b'HP:1541.50\r\n'
2021-10-24 12:52:22,769:TEST-MODE:DEBUG: mega>rpi: b'TT1:24.17\r\n'
2021-10-24 12:52:22,782:TEST-MODE:DEBUG: mega>rpi: b'TT2:24.24\r\n'
2021-10-24 12:52:22,842:TEST-MODE:DEBUG: mega>rpi: b'TP1:1022.30\r\n'
2021-10-24 12:52:22,900:TEST-MODE:DEBUG: mega>rpi: b'TP2:1037.20\r\n'
2021-10-24 12:52:22,912:TEST-MODE:DEBUG: mega>rpi: b'AT:25.50\r\n'
2021-10-24 12:52:22,970:TEST-MODE:DEBUG: mega>rpi: b'AP:6284.40\r\n'
2021-10-24 12:52:22,973:TEST-MODE:DEBUG: mega>rpi: b'BV:624.83\r\n'
2021-10-24 12:52:22,974:TEST-MODE:INFO: State.STOP
2021-10-24 12:52:22,976:TEST-MODE:INFO: BT1   BT2   TT1   TT2   AT    X    Y    Z    BP1   BP2   TP1   TP2   HP      AP      PD   PC     HL EL BF SF   PF   BV     rpm             State MissionState Setpoint Error Depth 
2021-10-24 12:52:22,977:TEST-MODE:INFO: 24.72 24.19 24.18 24.26 25.50 0.01 0.02 0.01 11.17 11.43 10.22 10.37 1541.18 6284.96 1.51 100.00 0  0  2  None None 624.83 Buffering (0/1) STOP  IDLE         None     None  10.80 
2021-10-24 12:52:22,978:TEST-MODE:WARNING: Stopped
2021-10-24 12:52:22,980:TEST-MODE:DEBUG: mega>rpi: b'BF:2.00\r\n'
2021-10-24 12:52:22,983:TEST-MODE:DEBUG: mega>rpi: b'PD:1.51\r\n'
2021-10-24 12:52:22,984:TEST-MODE:DEBUG: mega>rpi: b'PC:100.00\r\n'
2021-10-24 12:52:22,985:TEST-MODE:DEBUG: mega>rpi: b'LC:12.00\r\n'
2021-10-24 12:52:23,064:TEST-MODE:DEBUG: mega>rpi: b'HL:0.00\r\n'
2021-10-24 12:52:23,066:TEST-MODE:DEBUG: mega>rpi: b'EL:0.00\r\n'
2021-10-24 12:52:23,079:TEST-MODE:DEBUG: mega>rpi: b'BT1:24.72\r\n'
2021-10-24 12:52:23,093:TEST-MODE:DEBUG: mega>rpi: b'BT2:24.18\r\n'
2021-10-24 12:52:23,150:TEST-MODE:DEBUG: mega>rpi: b'BP1:1116.90\r\n'
2021-10-24 12:52:23,207:TEST-MODE:DEBUG: mega>rpi: b'BP2:1142.50\r\n'
2021-10-24 12:52:23,265:TEST-MODE:DEBUG: mega>rpi: b'HP:1541.80\r\n'
2021-10-24 12:52:23,281:TEST-MODE:DEBUG: mega>rpi: b'TT1:24.17\r\n'
2021-10-24 12:52:23,293:TEST-MODE:DEBUG: mega>rpi: b'TT2:24.26\r\n'
2021-10-24 12:52:23,350:TEST-MODE:DEBUG: mega>rpi: b'TP1:1022.80\r\n'
2021-10-24 12:52:23,412:TEST-MODE:DEBUG: mega>rpi: b'TP2:1037.50\r\n'
2021-10-24 12:52:23,425:TEST-MODE:DEBUG: mega>rpi: b'AT:25.50\r\n'
2021-10-24 12:52:23,481:TEST-MODE:DEBUG: mega>rpi: b'AP:6284.20\r\n'
2021-10-24 12:52:23,483:TEST-MODE:DEBUG: mega>rpi: b'BV:624.87\r\n'
2021-10-24 12:52:23,483:TEST-MODE:INFO: State.STOP
2021-10-24 12:52:23,486:TEST-MODE:INFO: BT1   BT2   TT1   TT2   AT    X    Y    Z    BP1   BP2   TP1   TP2   HP      AP      PD   PC     HL EL BF SF   PF   BV     rpm             State MissionState Setpoint Error Depth 
2021-10-24 12:52:23,487:TEST-MODE:INFO: 24.72 24.19 24.17 24.25 25.50 0.01 0.02 0.01 11.17 11.43 10.22 10.37 1541.44 6284.74 1.51 100.00 0  0  2  None None 624.87 Buffering (0/1) STOP  IDLE         None     None  10.80 
2021-10-24 12:52:23,488:TEST-MODE:WARNING: Stopped
2021-10-24 12:52:23,489:TEST-MODE:DEBUG: mega>rpi: b'BF:2.00\r\n'
2021-10-24 12:52:23,491:TEST-MODE:DEBUG: mega>rpi: b'X:-0.02\r\n'
2021-10-24 12:52:23,492:TEST-MODE:DEBUG: mega>rpi: b'Y:-0.00\r\n'
2021-10-24 12:52:23,493:TEST-MODE:DEBUG: mega>rpi: b'Z:0.00\r\n'
2021-10-24 12:52:23,511:TEST-MODE:DEBUG: mega>rpi: b'PD:1.51\r\n'
2021-10-24 12:52:23,514:TEST-MODE:DEBUG: mega>rpi: b'PC:100.00\r\n'
2021-10-24 12:52:23,516:TEST-MODE:DEBUG: mega>rpi: b'LC:13.00\r\n'
2021-10-24 12:52:23,592:TEST-MODE:DEBUG: mega>rpi: b'HL:0.00\r\n'
2021-10-24 12:52:23,594:TEST-MODE:DEBUG: mega>rpi: b'EL:0.00\r\n'
2021-10-24 12:52:23,609:TEST-MODE:DEBUG: mega>rpi: b'BT1:24.72\r\n'
2021-10-24 12:52:23,621:TEST-MODE:DEBUG: mega>rpi: b'BT2:24.19\r\n'
2021-10-24 12:52:23,678:TEST-MODE:DEBUG: mega>rpi: b'BP1:1117.40\r\n'
2021-10-24 12:52:23,736:TEST-MODE:DEBUG: mega>rpi: b'BP2:1143.20\r\n'
2021-10-24 12:52:23,796:TEST-MODE:DEBUG: mega>rpi: b'HP:1542.10\r\n'
2021-10-24 12:52:23,809:TEST-MODE:DEBUG: mega>rpi: b'TT1:24.18\r\n'
2021-10-24 12:52:23,822:TEST-MODE:DEBUG: mega>rpi: b'TT2:24.25\r\n'
2021-10-24 12:52:23,882:TEST-MODE:DEBUG: mega>rpi: b'TP1:1022.00\r\n'
2021-10-24 12:52:23,940:TEST-MODE:DEBUG: mega>rpi: b'TP2:1037.30\r\n'
2021-10-24 12:52:23,953:TEST-MODE:DEBUG: mega>rpi: b'AT:25.50\r\n'
2021-10-24 12:52:24,010:TEST-MODE:DEBUG: mega>rpi: b'AP:6284.40\r\n'
2021-10-24 12:52:24,013:TEST-MODE:DEBUG: mega>rpi: b'BV:624.83\r\n'
2021-10-24 12:52:24,014:TEST-MODE:INFO: State.STOP
2021-10-24 12:52:24,017:TEST-MODE:INFO: BT1   BT2   TT1   TT2   AT    X    Y    Z    BP1   BP2   TP1   TP2   HP      AP      PD   PC     HL EL BF SF   PF   BV     rpm             State MissionState Setpoint Error Depth 
2021-10-24 12:52:24,018:TEST-MODE:INFO: 24.72 24.19 24.17 24.25 25.50 0.01 0.01 0.00 11.17 11.43 10.22 10.37 1541.70 6284.52 1.51 100.00 0  0  2  None None 624.83 Buffering (0/1) STOP  IDLE         None     None  10.80 
2021-10-24 12:52:24,018:TEST-MODE:WARNING: Stopped
2021-10-24 12:52:24,020:TEST-MODE:DEBUG: mega>rpi: b'BF:2.00\r\n'
2021-10-24 12:52:24,022:TEST-MODE:DEBUG: mega>rpi: b'X:-0.02\r\n'
2021-10-24 12:52:24,023:TEST-MODE:DEBUG: mega>rpi: b'Y:-0.02\r\n'
2021-10-24 12:52:24,024:TEST-MODE:DEBUG: mega>rpi: b'Z:0.00\r\n'
2021-10-24 12:52:24,026:TEST-MODE:DEBUG: mega>rpi: b'PD:1.51\r\n'
2021-10-24 12:52:24,027:TEST-MODE:DEBUG: mega>rpi: b'PC:100.00\r\n'
2021-10-24 12:52:24,028:TEST-MODE:DEBUG: mega>rpi: b'LC:14.00\r\n'
2021-10-24 12:52:24,104:TEST-MODE:DEBUG: mega>rpi: b'HL:0.00\r\n'
2021-10-24 12:52:24,106:TEST-MODE:DEBUG: mega>rpi: b'EL:0.00\r\n'
2021-10-24 12:52:24,121:TEST-MODE:DEBUG: mega>rpi: b'BT1:24.72\r\n'
2021-10-24 12:52:24,133:TEST-MODE:DEBUG: mega>rpi: b'BT2:24.20\r\n'
2021-10-24 12:52:24,190:TEST-MODE:DEBUG: mega>rpi: b'BP1:1117.30\r\n'
2021-10-24 12:52:24,251:TEST-MODE:DEBUG: mega>rpi: b'BP2:1143.00\r\n'
2021-10-24 12:52:24,309:TEST-MODE:DEBUG: mega>rpi: b'HP:1542.30\r\n'
2021-10-24 12:52:24,322:TEST-MODE:DEBUG: mega>rpi: b'TT1:24.18\r\n'
2021-10-24 12:52:24,333:TEST-MODE:DEBUG: mega>rpi: b'TT2:24.26\r\n'
2021-10-24 12:52:24,395:TEST-MODE:DEBUG: mega>rpi: b'TP1:1022.10\r\n'
2021-10-24 12:52:24,453:TEST-MODE:DEBUG: mega>rpi: b'TP2:1037.20\r\n'
2021-10-24 12:52:24,464:TEST-MODE:DEBUG: mega>rpi: b'AT:25.50\r\n'
2021-10-24 12:52:24,525:TEST-MODE:DEBUG: mega>rpi: b'AP:6283.50\r\n'
2021-10-24 12:52:24,526:TEST-MODE:DEBUG: mega>rpi: b'BV:625.03\r\n'
2021-10-24 12:52:24,527:TEST-MODE:INFO: State.STOP
2021-10-24 12:52:24,530:TEST-MODE:INFO: BT1   BT2   TT1   TT2   AT    X     Y     Z    BP1   BP2   TP1   TP2   HP      AP      PD   PC     HL EL BF SF   PF   BV     rpm             State MissionState Setpoint Error Depth 
2021-10-24 12:52:24,531:TEST-MODE:INFO: 24.72 24.19 24.18 24.25 25.50 -0.00 -0.00 0.00 11.17 11.43 10.22 10.37 1541.88 6284.28 1.51 100.00 0  0  2  None None 625.03 Buffering (0/1) STOP  IDLE         None     None  10.80 
2021-10-24 12:52:24,531:TEST-MODE:WARNING: Stopped
2021-10-24 12:52:24,533:TEST-MODE:DEBUG: mega>rpi: b'BF:2.00\r\n'
2021-10-24 12:52:24,555:TEST-MODE:DEBUG: mega>rpi: b'PD:1.51\r\n'
2021-10-24 12:52:24,556:TEST-MODE:DEBUG: mega>rpi: b'PC:100.00\r\n'
2021-10-24 12:52:24,558:TEST-MODE:DEBUG: mega>rpi: b'LC:15.00\r\n'
2021-10-24 12:52:24,636:TEST-MODE:DEBUG: mega>rpi: b'HL:0.00\r\n'
2021-10-24 12:52:24,637:TEST-MODE:DEBUG: mega>rpi: b'EL:0.00\r\n'
2021-10-24 12:52:24,649:TEST-MODE:DEBUG: mega>rpi: b'BT1:24.72\r\n'
2021-10-24 12:52:24,666:TEST-MODE:DEBUG: mega>rpi: b'BT2:24.19\r\n'
2021-10-24 12:52:24,722:TEST-MODE:DEBUG: mega>rpi: b'BP1:1117.30\r\n'
2021-10-24 12:52:24,780:TEST-MODE:DEBUG: mega>rpi: b'BP2:1142.60\r\n'
2021-10-24 12:52:24,838:TEST-MODE:DEBUG: mega>rpi: b'HP:1542.60\r\n'
2021-10-24 12:52:24,853:TEST-MODE:DEBUG: mega>rpi: b'TT1:24.18\r\n'
2021-10-24 12:52:24,866:TEST-MODE:DEBUG: mega>rpi: b'TT2:24.25\r\n'
2021-10-24 12:52:24,924:TEST-MODE:DEBUG: mega>rpi: b'TP1:1022.60\r\n'
2021-10-24 12:52:24,980:TEST-MODE:DEBUG: mega>rpi: b'TP2:1037.10\r\n'
2021-10-24 12:52:24,997:TEST-MODE:DEBUG: mega>rpi: b'AT:25.50\r\n'
2021-10-24 12:52:25,055:TEST-MODE:DEBUG: mega>rpi: b'AP:6284.00\r\n'
2021-10-24 12:52:25,056:TEST-MODE:DEBUG: mega>rpi: b'BV:624.92\r\n'
2021-10-24 12:52:25,057:TEST-MODE:INFO: State.STOP
2021-10-24 12:52:25,059:TEST-MODE:INFO: BT1   BT2   TT1   TT2   AT    X     Y     Z    BP1   BP2   TP1   TP2   HP      AP      PD   PC     HL EL BF SF   PF   BV     rpm             State MissionState Setpoint Error Depth 
2021-10-24 12:52:25,060:TEST-MODE:INFO: 24.72 24.19 24.18 24.25 25.50 -0.00 -0.00 0.00 11.17 11.43 10.22 10.37 1542.06 6284.10 1.51 100.00 0  0  2  None None 624.92 Buffering (0/1) STOP  IDLE         None     None  10.80 
2021-10-24 12:52:25,061:TEST-MODE:WARNING: Stopped
2021-10-24 12:52:25,062:TEST-MODE:DEBUG: mega>rpi: b'BF:2.00\r\n'
2021-10-24 12:52:25,064:TEST-MODE:DEBUG: mega>rpi: b'X:0.02\r\n'
2021-10-24 12:52:25,065:TEST-MODE:DEBUG: mega>rpi: b'Y:0.02\r\n'
2021-10-24 12:52:25,067:TEST-MODE:DEBUG: mega>rpi: b'Z:0.01\r\n'
2021-10-24 12:52:25,068:TEST-MODE:DEBUG: mega>rpi: b'PD:1.51\r\n'
2021-10-24 12:52:25,069:TEST-MODE:DEBUG: mega>rpi: b'PC:100.00\r\n'
2021-10-24 12:52:25,071:TEST-MODE:DEBUG: mega>rpi: b'LC:16.00\r\n'
2021-10-24 12:52:25,148:TEST-MODE:DEBUG: mega>rpi: b'HL:0.00\r\n'
2021-10-24 12:52:25,149:TEST-MODE:DEBUG: mega>rpi: b'EL:0.00\r\n'
2021-10-24 12:52:25,161:TEST-MODE:DEBUG: mega>rpi: b'BT1:24.72\r\n'
2021-10-24 12:52:25,177:TEST-MODE:DEBUG: mega>rpi: b'BT2:24.20\r\n'
2021-10-24 12:52:25,234:TEST-MODE:DEBUG: mega>rpi: b'BP1:1116.90\r\n'
2021-10-24 12:52:25,292:TEST-MODE:DEBUG: mega>rpi: b'BP2:1142.60\r\n'
2021-10-24 12:52:25,350:TEST-MODE:DEBUG: mega>rpi: b'HP:1541.80\r\n'
2021-10-24 12:52:25,365:TEST-MODE:DEBUG: mega>rpi: b'TT1:24.18\r\n'
2021-10-24 12:52:25,378:TEST-MODE:DEBUG: mega>rpi: b'TT2:24.27\r\n'
2021-10-24 12:52:25,436:TEST-MODE:DEBUG: mega>rpi: b'TP1:1022.10\r\n'
2021-10-24 12:52:25,492:TEST-MODE:DEBUG: mega>rpi: b'TP2:1037.40\r\n'
2021-10-24 12:52:25,509:TEST-MODE:DEBUG: mega>rpi: b'AT:25.49\r\n'
2021-10-24 12:52:25,567:TEST-MODE:DEBUG: mega>rpi: b'AP:6284.40\r\n'
2021-10-24 12:52:25,568:TEST-MODE:DEBUG: mega>rpi: b'BV:624.79\r\n'
2021-10-24 12:52:25,569:TEST-MODE:INFO: State.STOP
2021-10-24 12:52:25,572:TEST-MODE:INFO: BT1   BT2   TT1   TT2   AT    X    Y     Z    BP1   BP2   TP1   TP2   HP      AP      PD   PC     HL EL BF SF   PF   BV     rpm             State MissionState Setpoint Error Depth 
2021-10-24 12:52:25,572:TEST-MODE:INFO: 24.72 24.19 24.18 24.26 25.50 0.00 -0.00 0.00 11.17 11.43 10.22 10.37 1542.12 6284.10 1.51 100.00 0  0  2  None None 624.79 Buffering (0/1) STOP  IDLE         None     None  10.80 
2021-10-24 12:52:25,573:TEST-MODE:WARNING: Stopped
2021-10-24 12:52:25,575:TEST-MODE:DEBUG: mega>rpi: b'BF:2.00\r\n'
2021-10-24 12:52:25,591:TEST-MODE:DEBUG: mega>rpi: b'PD:1.51\r\n'
2021-10-24 12:52:25,595:TEST-MODE:DEBUG: mega>rpi: b'PC:100.00\r\n'
2021-10-24 12:52:25,596:TEST-MODE:DEBUG: mega>rpi: b'LC:17.00\r\n'
2021-10-24 12:52:25,672:TEST-MODE:DEBUG: mega>rpi: b'HL:0.00\r\n'
2021-10-24 12:52:25,676:TEST-MODE:DEBUG: mega>rpi: b'EL:0.00\r\n'
2021-10-24 12:52:25,689:TEST-MODE:DEBUG: mega>rpi: b'BT1:24.72\r\n'
2021-10-24 12:52:25,702:TEST-MODE:DEBUG: mega>rpi: b'BT2:24.19\r\n'
2021-10-24 12:52:25,759:TEST-MODE:DEBUG: mega>rpi: b'BP1:1116.70\r\n'
2021-10-24 12:52:25,820:TEST-MODE:DEBUG: mega>rpi: b'BP2:1143.00\r\n'
2021-10-24 12:52:25,878:TEST-MODE:DEBUG: mega>rpi: b'HP:1542.60\r\n'
2021-10-24 12:52:25,890:TEST-MODE:DEBUG: mega>rpi: b'TT1:24.19\r\n'
2021-10-24 12:52:25,906:TEST-MODE:DEBUG: mega>rpi: b'TT2:24.24\r\n'
2021-10-24 12:52:25,964:TEST-MODE:DEBUG: mega>rpi: b'TP1:1022.40\r\n'
2021-10-24 12:52:26,021:TEST-MODE:DEBUG: mega>rpi: b'TP2:1037.20\r\n'
2021-10-24 12:52:26,033:TEST-MODE:DEBUG: mega>rpi: b'AT:25.49\r\n'
2021-10-24 12:52:26,095:TEST-MODE:DEBUG: mega>rpi: b'AP:6284.30\r\n'
2021-10-24 12:52:26,096:TEST-MODE:DEBUG: mega>rpi: b'BV:624.81\r\n'
2021-10-24 12:52:26,097:TEST-MODE:INFO: State.STOP
2021-10-24 12:52:26,099:TEST-MODE:INFO: BT1   BT2   TT1   TT2   AT    X    Y     Z    BP1   BP2   TP1   TP2   HP      AP      PD   PC     HL EL BF SF   PF   BV     rpm             State MissionState Setpoint Error Depth 
2021-10-24 12:52:26,100:TEST-MODE:INFO: 24.72 24.19 24.18 24.25 25.50 0.00 -0.00 0.00 11.17 11.43 10.22 10.37 1542.28 6284.12 1.51 100.00 0  0  2  None None 624.81 Buffering (0/1) STOP  IDLE         None     None  10.80 
2021-10-24 12:52:26,101:TEST-MODE:WARNING: Stopped
2021-10-24 12:52:26,103:TEST-MODE:DEBUG: mega>rpi: b'BF:2.00\r\n'
2021-10-24 12:52:26,104:TEST-MODE:DEBUG: mega>rpi: b'X:0.02\r\n'
2021-10-24 12:52:26,106:TEST-MODE:DEBUG: mega>rpi: b'Y:0.00\r\n'
2021-10-24 12:52:26,107:TEST-MODE:DEBUG: mega>rpi: b'Z:0.00\r\n'
2021-10-24 12:52:26,155:TEST-MODE:DEBUG: mega>rpi: b'PD:1.51\r\n'
2021-10-24 12:52:26,161:TEST-MODE:DEBUG: mega>rpi: b'PC:100.00\r\n'
2021-10-24 12:52:26,162:TEST-MODE:DEBUG: mega>rpi: b'LC:18.00\r\n'
2021-10-24 12:52:26,238:TEST-MODE:DEBUG: mega>rpi: b'HL:0.00\r\n'
2021-10-24 12:52:26,242:TEST-MODE:DEBUG: mega>rpi: b'EL:0.00\r\n'
2021-10-24 12:52:26,254:TEST-MODE:DEBUG: mega>rpi: b'BT1:24.72\r\n'
2021-10-24 12:52:26,267:TEST-MODE:DEBUG: mega>rpi: b'BT2:24.21\r\n'
2021-10-24 12:52:26,325:TEST-MODE:DEBUG: mega>rpi: b'BP1:1116.70\r\n'
2021-10-24 12:52:26,385:TEST-MODE:DEBUG: mega>rpi: b'BP2:1142.80\r\n'
2021-10-24 12:52:26,443:TEST-MODE:DEBUG: mega>rpi: b'HP:1543.40\r\n'
2021-10-24 12:52:26,456:TEST-MODE:DEBUG: mega>rpi: b'TT1:24.19\r\n'
2021-10-24 12:52:26,470:TEST-MODE:DEBUG: mega>rpi: b'TT2:24.26\r\n'
2021-10-24 12:52:26,529:TEST-MODE:DEBUG: mega>rpi: b'TP1:1023.40\r\n'
2021-10-24 12:52:26,587:TEST-MODE:DEBUG: mega>rpi: b'TP2:1037.50\r\n'
2021-10-24 12:52:26,598:TEST-MODE:DEBUG: mega>rpi: b'AT:25.49\r\n'
2021-10-24 12:52:26,659:TEST-MODE:DEBUG: mega>rpi: b'AP:6283.90\r\n'
2021-10-24 12:52:26,661:TEST-MODE:DEBUG: mega>rpi: b'BV:624.90\r\n'
2021-10-24 12:52:26,661:TEST-MODE:INFO: State.STOP
2021-10-24 12:52:26,664:TEST-MODE:INFO: BT1   BT2   TT1   TT2   AT    X    Y    Z    BP1   BP2   TP1   TP2   HP      AP      PD   PC     HL EL BF SF   PF   BV     rpm             State MissionState Setpoint Error Depth 
2021-10-24 12:52:26,665:TEST-MODE:INFO: 24.72 24.20 24.18 24.26 25.49 0.00 0.00 0.00 11.17 11.43 10.23 10.37 1542.54 6284.02 1.51 100.00 0  0  2  None None 624.90 Buffering (0/1) STOP  IDLE         None     None  10.80 
2021-10-24 12:52:26,666:TEST-MODE:WARNING: Stopped
2021-10-24 12:52:26,667:TEST-MODE:DEBUG: mega>rpi: b'BF:2.00\r\n'
2021-10-24 12:52:26,669:TEST-MODE:DEBUG: mega>rpi: b'PD:1.51\r\n'
2021-10-24 12:52:26,670:TEST-MODE:DEBUG: mega>rpi: b'PC:100.00\r\n'
2021-10-24 12:52:26,672:TEST-MODE:DEBUG: mega>rpi: b'LC:19.00\r\n'
2021-10-24 12:52:26,749:TEST-MODE:DEBUG: mega>rpi: b'HL:0.00\r\n'
2021-10-24 12:52:26,750:TEST-MODE:DEBUG: mega>rpi: b'EL:0.00\r\n'
2021-10-24 12:52:26,762:TEST-MODE:DEBUG: mega>rpi: b'BT1:24.72\r\n'
2021-10-24 12:52:26,775:TEST-MODE:DEBUG: mega>rpi: b'BT2:24.20\r\n'
2021-10-24 12:52:26,835:TEST-MODE:DEBUG: mega>rpi: b'BP1:1116.20\r\n'
2021-10-24 12:52:26,893:TEST-MODE:DEBUG: mega>rpi: b'BP2:1143.00\r\n'
2021-10-24 12:52:26,951:TEST-MODE:DEBUG: mega>rpi: b'HP:1542.80\r\n'
2021-10-24 12:52:26,966:TEST-MODE:DEBUG: mega>rpi: b'TT1:24.19\r\n'
2021-10-24 12:52:26,979:TEST-MODE:DEBUG: mega>rpi: b'TT2:24.27\r\n'
2021-10-24 12:52:27,037:TEST-MODE:DEBUG: mega>rpi: b'TP1:1022.30\r\n'
2021-10-24 12:52:27,094:TEST-MODE:DEBUG: mega>rpi: b'TP2:1037.20\r\n'
2021-10-24 12:52:27,110:TEST-MODE:DEBUG: mega>rpi: b'AT:25.50\r\n'
2021-10-24 12:52:27,168:TEST-MODE:DEBUG: mega>rpi: b'AP:6283.50\r\n'
2021-10-24 12:52:27,169:TEST-MODE:DEBUG: mega>rpi: b'BV:625.03\r\n'
2021-10-24 12:52:27,170:TEST-MODE:INFO: State.STOP
2021-10-24 12:52:27,173:TEST-MODE:INFO: BT1   BT2   TT1   TT2   AT    X    Y    Z    BP1   BP2   TP1   TP2   HP      AP      PD   PC     HL EL BF SF   PF   BV     rpm             State MissionState Setpoint Error Depth 
2021-10-24 12:52:27,174:TEST-MODE:INFO: 24.72 24.20 24.19 24.26 25.49 0.00 0.00 0.00 11.17 11.43 10.23 10.37 1542.64 6284.02 1.51 100.00 0  0  2  None None 625.03 Buffering (0/1) STOP  IDLE         None     None  10.80 
2021-10-24 12:52:27,174:TEST-MODE:WARNING: Stopped
2021-10-24 12:52:27,176:TEST-MODE:DEBUG: mega>rpi: b'BF:2.00\r\n'
2021-10-24 12:52:27,177:TEST-MODE:DEBUG: mega>rpi: b'X:-0.02\r\n'
2021-10-24 12:52:27,179:TEST-MODE:DEBUG: mega>rpi: b'Y:0.01\r\n'
2021-10-24 12:52:27,180:TEST-MODE:DEBUG: mega>rpi: b'Z:0.01\r\n'
2021-10-24 12:52:27,196:TEST-MODE:DEBUG: mega>rpi: b'PD:1.51\r\n'
2021-10-24 12:52:27,197:TEST-MODE:DEBUG: mega>rpi: b'PC:100.00\r\n'
2021-10-24 12:52:27,199:TEST-MODE:DEBUG: mega>rpi: b'LC:20.00\r\n'
2021-10-24 12:52:27,277:TEST-MODE:DEBUG: mega>rpi: b'HL:0.00\r\n'
2021-10-24 12:52:27,279:TEST-MODE:DEBUG: mega>rpi: b'EL:0.00\r\n'
2021-10-24 12:52:27,291:TEST-MODE:DEBUG: mega>rpi: b'BT1:24.72\r\n'
2021-10-24 12:52:27,304:TEST-MODE:DEBUG: mega>rpi: b'BT2:24.20\r\n'
2021-10-24 12:52:27,364:TEST-MODE:DEBUG: mega>rpi: b'BP1:1116.40\r\n'
2021-10-24 12:52:27,422:TEST-MODE:DEBUG: mega>rpi: b'BP2:1143.00\r\n'
2021-10-24 12:52:27,480:TEST-MODE:DEBUG: mega>rpi: b'HP:1543.10\r\n'
2021-10-24 12:52:27,491:TEST-MODE:DEBUG: mega>rpi: b'TT1:24.19\r\n'
2021-10-24 12:52:27,508:TEST-MODE:DEBUG: mega>rpi: b'TT2:24.25\r\n'
2021-10-24 12:52:27,565:TEST-MODE:DEBUG: mega>rpi: b'TP1:1022.10\r\n'
2021-10-24 12:52:27,623:TEST-MODE:DEBUG: mega>rpi: b'TP2:1037.50\r\n'
2021-10-24 12:52:27,638:TEST-MODE:DEBUG: mega>rpi: b'AT:25.49\r\n'
2021-10-24 12:52:27,696:TEST-MODE:DEBUG: mega>rpi: b'AP:6283.30\r\n'
2021-10-24 12:52:27,698:TEST-MODE:DEBUG: mega>rpi: b'BV:625.04\r\n'
2021-10-24 12:52:27,698:TEST-MODE:INFO: State.STOP
2021-10-24 12:52:27,701:TEST-MODE:INFO: BT1   BT2   TT1   TT2   AT    X     Y    Z    BP1   BP2   TP1   TP2   HP      AP      PD   PC     HL EL BF SF   PF   BV     rpm             State MissionState Setpoint Error Depth 
2021-10-24 12:52:27,702:TEST-MODE:INFO: 24.72 24.20 24.19 24.26 25.49 -0.00 0.00 0.00 11.17 11.43 10.22 10.37 1542.74 6283.88 1.51 100.00 0  0  2  None None 625.04 Buffering (0/1) STOP  IDLE         None     None  10.80 
2021-10-24 12:52:27,702:TEST-MODE:WARNING: Stopped
2021-10-24 12:52:27,704:TEST-MODE:DEBUG: mega>rpi: b'BF:2.00\r\n'
2021-10-24 12:52:27,706:TEST-MODE:DEBUG: mega>rpi: b'PD:1.51\r\n'
2021-10-24 12:52:27,708:TEST-MODE:DEBUG: mega>rpi: b'PC:100.00\r\n'
2021-10-24 12:52:27,709:TEST-MODE:DEBUG: mega>rpi: b'LC:21.00\r\n'
2021-10-24 12:52:27,786:TEST-MODE:DEBUG: mega>rpi: b'HL:0.00\r\n'
2021-10-24 12:52:27,789:TEST-MODE:DEBUG: mega>rpi: b'EL:0.00\r\n'
2021-10-24 12:52:27,803:TEST-MODE:DEBUG: mega>rpi: b'BT1:24.72\r\n'
2021-10-24 12:52:27,815:TEST-MODE:DEBUG: mega>rpi: b'BT2:24.20\r\n'
2021-10-24 12:52:27,872:TEST-MODE:DEBUG: mega>rpi: b'BP1:1116.40\r\n'
2021-10-24 12:52:27,933:TEST-MODE:DEBUG: mega>rpi: b'BP2:1143.00\r\n'
2021-10-24 12:52:27,991:TEST-MODE:DEBUG: mega>rpi: b'HP:1544.10\r\n'
2021-10-24 12:52:28,003:TEST-MODE:DEBUG: mega>rpi: b'TT1:24.20\r\n'
2021-10-24 12:52:28,019:TEST-MODE:DEBUG: mega>rpi: b'TT2:24.26\r\n'
2021-10-24 12:52:28,077:TEST-MODE:DEBUG: mega>rpi: b'TP1:1022.20\r\n'
2021-10-24 12:52:28,134:TEST-MODE:DEBUG: mega>rpi: b'TP2:1036.90\r\n'
2021-10-24 12:52:28,147:TEST-MODE:DEBUG: mega>rpi: b'AT:25.50\r\n'
2021-10-24 12:52:28,208:TEST-MODE:DEBUG: mega>rpi: b'AP:6282.80\r\n'
2021-10-24 12:52:28,209:TEST-MODE:DEBUG: mega>rpi: b'BV:625.19\r\n'
2021-10-24 12:52:28,210:TEST-MODE:INFO: State.STOP
2021-10-24 12:52:28,213:TEST-MODE:INFO: BT1   BT2   TT1   TT2   AT    X     Y    Z    BP1   BP2   TP1   TP2   HP      AP      PD   PC     HL EL BF SF   PF   BV     rpm             State MissionState Setpoint Error Depth 
2021-10-24 12:52:28,214:TEST-MODE:INFO: 24.72 24.20 24.19 24.26 25.49 -0.00 0.00 0.00 11.16 11.43 10.22 10.37 1543.20 6283.56 1.51 100.00 0  0  2  None None 625.19 Buffering (0/1) STOP  IDLE         None     None  10.79 
2021-10-24 12:52:28,214:TEST-MODE:WARNING: Stopped
2021-10-24 12:52:28,216:TEST-MODE:DEBUG: mega>rpi: b'BF:2.00\r\n'
2021-10-24 12:52:28,217:TEST-MODE:DEBUG: mega>rpi: b'X:0.01\r\n'
2021-10-24 12:52:28,219:TEST-MODE:DEBUG: mega>rpi: b'Y:0.02\r\n'
2021-10-24 12:52:28,220:TEST-MODE:DEBUG: mega>rpi: b'Z:0.01\r\n'
2021-10-24 12:52:28,233:TEST-MODE:DEBUG: mega>rpi: b'PD:1.51\r\n'
2021-10-24 12:52:28,236:TEST-MODE:DEBUG: mega>rpi: b'PC:100.00\r\n'
2021-10-24 12:52:28,238:TEST-MODE:DEBUG: mega>rpi: b'LC:22.00\r\n'
2021-10-24 12:52:28,314:TEST-MODE:DEBUG: mega>rpi: b'HL:0.00\r\n'
2021-10-24 12:52:28,316:TEST-MODE:DEBUG: mega>rpi: b'EL:0.00\r\n'
2021-10-24 12:52:28,331:TEST-MODE:DEBUG: mega>rpi: b'BT1:24.72\r\n'
2021-10-24 12:52:28,344:TEST-MODE:DEBUG: mega>rpi: b'BT2:24.21\r\n'
2021-10-24 12:52:28,400:TEST-MODE:DEBUG: mega>rpi: b'BP1:1116.60\r\n'
2021-10-24 12:52:28,458:TEST-MODE:DEBUG: mega>rpi: b'BP2:1142.90\r\n'
2021-10-24 12:52:28,519:TEST-MODE:DEBUG: mega>rpi: b'HP:1544.20\r\n'
2021-10-24 12:52:28,531:TEST-MODE:DEBUG: mega>rpi: b'TT1:24.20\r\n'
2021-10-24 12:52:28,544:TEST-MODE:DEBUG: mega>rpi: b'TT2:24.24\r\n'
2021-10-24 12:52:28,605:TEST-MODE:DEBUG: mega>rpi: b'TP1:1021.80\r\n'
2021-10-24 12:52:28,663:TEST-MODE:DEBUG: mega>rpi: b'TP2:1037.30\r\n'
2021-10-24 12:52:28,675:TEST-MODE:DEBUG: mega>rpi: b'AT:25.49\r\n'
2021-10-24 12:52:28,733:TEST-MODE:DEBUG: mega>rpi: b'AP:6283.10\r\n'
2021-10-24 12:52:28,737:TEST-MODE:DEBUG: mega>rpi: b'BV:625.08\r\n'
2021-10-24 12:52:28,737:TEST-MODE:INFO: State.STOP
2021-10-24 12:52:28,740:TEST-MODE:INFO: BT1   BT2   TT1   TT2   AT    X    Y    Z    BP1   BP2   TP1   TP2   HP      AP      PD   PC     HL EL BF SF   PF   BV     rpm             State MissionState Setpoint Error Depth 
2021-10-24 12:52:28,741:TEST-MODE:INFO: 24.72 24.20 24.19 24.26 25.49 0.00 0.01 0.01 11.16 11.43 10.22 10.37 1543.52 6283.32 1.51 100.00 0  0  2  None None 625.08 Buffering (0/1) STOP  IDLE         None     None  10.79 
2021-10-24 12:52:28,742:TEST-MODE:WARNING: Stopped
2021-10-24 12:52:28,743:TEST-MODE:DEBUG: mega>rpi: b'BF:2.00\r\n'
2021-10-24 12:52:28,745:TEST-MODE:DEBUG: mega>rpi: b'PD:1.51\r\n'
2021-10-24 12:52:28,747:TEST-MODE:DEBUG: mega>rpi: b'PC:100.00\r\n'
2021-10-24 12:52:28,748:TEST-MODE:DEBUG: mega>rpi: b'LC:23.00\r\n'
2021-10-24 12:52:28,822:TEST-MODE:DEBUG: mega>rpi: b'HL:0.00\r\n'
2021-10-24 12:52:28,824:TEST-MODE:DEBUG: mega>rpi: b'EL:0.00\r\n'
2021-10-24 12:52:28,839:TEST-MODE:DEBUG: mega>rpi: b'BT1:24.72\r\n'
2021-10-24 12:52:28,852:TEST-MODE:DEBUG: mega>rpi: b'BT2:24.19\r\n'
2021-10-24 12:52:28,908:TEST-MODE:DEBUG: mega>rpi: b'BP1:1117.70\r\n'
2021-10-24 12:52:28,966:TEST-MODE:DEBUG: mega>rpi: b'BP2:1143.00\r\n'
2021-10-24 12:52:29,027:TEST-MODE:DEBUG: mega>rpi: b'HP:1544.20\r\n'
2021-10-24 12:52:29,039:TEST-MODE:DEBUG: mega>rpi: b'TT1:24.21\r\n'
2021-10-24 12:52:29,052:TEST-MODE:DEBUG: mega>rpi: b'TT2:24.26\r\n'
2021-10-24 12:52:29,113:TEST-MODE:DEBUG: mega>rpi: b'TP1:1022.20\r\n'
2021-10-24 12:52:29,170:TEST-MODE:DEBUG: mega>rpi: b'TP2:1037.70\r\n'
2021-10-24 12:52:29,183:TEST-MODE:DEBUG: mega>rpi: b'AT:25.49\r\n'
2021-10-24 12:52:29,240:TEST-MODE:DEBUG: mega>rpi: b'AP:6283.10\r\n'
2021-10-24 12:52:29,245:TEST-MODE:DEBUG: mega>rpi: b'BV:625.08\r\n'
2021-10-24 12:52:29,245:TEST-MODE:INFO: State.STOP
2021-10-24 12:52:29,248:TEST-MODE:INFO: BT1   BT2   TT1   TT2   AT    X    Y    Z    BP1   BP2   TP1   TP2   HP      AP      PD   PC     HL EL BF SF   PF   BV     rpm             State MissionState Setpoint Error Depth 
2021-10-24 12:52:29,249:TEST-MODE:INFO: 24.72 24.20 24.20 24.26 25.49 0.00 0.01 0.01 11.17 11.43 10.22 10.37 1543.68 6283.16 1.51 100.00 0  0  2  None None 625.08 Buffering (0/1) STOP  IDLE         None     None  10.80 
2021-10-24 12:52:29,250:TEST-MODE:WARNING: Stopped
2021-10-24 12:52:29,251:TEST-MODE:DEBUG: mega>rpi: b'BF:2.00\r\n'
2021-10-24 12:52:29,253:TEST-MODE:DEBUG: mega>rpi: b'X:0.05\r\n'
2021-10-24 12:52:29,254:TEST-MODE:DEBUG: mega>rpi: b'Y:0.01\r\n'
2021-10-24 12:52:29,256:TEST-MODE:DEBUG: mega>rpi: b'Z:0.01\r\n'
2021-10-24 12:52:29,269:TEST-MODE:DEBUG: mega>rpi: b'PD:1.51\r\n'
2021-10-24 12:52:29,271:TEST-MODE:DEBUG: mega>rpi: b'PC:100.00\r\n'
2021-10-24 12:52:29,272:TEST-MODE:DEBUG: mega>rpi: b'LC:24.00\r\n'
2021-10-24 12:52:29,351:TEST-MODE:DEBUG: mega>rpi: b'HL:0.00\r\n'
2021-10-24 12:52:29,352:TEST-MODE:DEBUG: mega>rpi: b'EL:0.00\r\n'
2021-10-24 12:52:29,364:TEST-MODE:DEBUG: mega>rpi: b'BT1:24.72\r\n'
2021-10-24 12:52:29,379:TEST-MODE:DEBUG: mega>rpi: b'BT2:24.21\r\n'
2021-10-24 12:52:29,437:TEST-MODE:DEBUG: mega>rpi: b'BP1:1116.90\r\n'
2021-10-24 12:52:29,495:TEST-MODE:DEBUG: mega>rpi: b'BP2:1143.00\r\n'
2021-10-24 12:52:29,551:TEST-MODE:DEBUG: mega>rpi: b'HP:1543.80\r\n'
2021-10-24 12:52:29,568:TEST-MODE:DEBUG: mega>rpi: b'TT1:24.20\r\n'
2021-10-24 12:52:29,581:TEST-MODE:DEBUG: mega>rpi: b'TT2:24.25\r\n'
2021-10-24 12:52:29,637:TEST-MODE:DEBUG: mega>rpi: b'TP1:1022.60\r\n'
2021-10-24 12:52:29,695:TEST-MODE:DEBUG: mega>rpi: b'TP2:1037.30\r\n'
2021-10-24 12:52:29,711:TEST-MODE:DEBUG: mega>rpi: b'AT:25.49\r\n'
2021-10-24 12:52:29,769:TEST-MODE:DEBUG: mega>rpi: b'AP:6282.60\r\n'
2021-10-24 12:52:29,770:TEST-MODE:DEBUG: mega>rpi: b'BV:625.19\r\n'
2021-10-24 12:52:29,771:TEST-MODE:INFO: State.STOP
2021-10-24 12:52:29,774:TEST-MODE:INFO: BT1   BT2   TT1   TT2   AT    X    Y    Z    BP1   BP2   TP1   TP2   HP      AP      PD   PC     HL EL BF SF   PF   BV     rpm             State MissionState Setpoint Error Depth 
2021-10-24 12:52:29,775:TEST-MODE:INFO: 24.72 24.20 24.20 24.25 25.49 0.02 0.01 0.01 11.17 11.43 10.22 10.37 1543.88 6282.98 1.51 100.00 0  0  2  None None 625.19 Buffering (0/1) STOP  IDLE         None     None  10.80 
2021-10-24 12:52:29,775:TEST-MODE:WARNING: Stopped
2021-10-24 12:52:29,777:TEST-MODE:DEBUG: mega>rpi: b'BF:2.00\r\n'
2021-10-24 12:52:29,778:TEST-MODE:DEBUG: mega>rpi: b'PD:1.51\r\n'
2021-10-24 12:52:29,780:TEST-MODE:DEBUG: mega>rpi: b'PC:100.00\r\n'
2021-10-24 12:52:29,782:TEST-MODE:DEBUG: mega>rpi: b'LC:25.00\r\n'
2021-10-24 12:52:29,858:TEST-MODE:DEBUG: mega>rpi: b'HL:0.00\r\n'
2021-10-24 12:52:29,859:TEST-MODE:DEBUG: mega>rpi: b'EL:0.00\r\n'
2021-10-24 12:52:29,875:TEST-MODE:DEBUG: mega>rpi: b'BT1:24.72\r\n'
2021-10-24 12:52:29,888:TEST-MODE:DEBUG: mega>rpi: b'BT2:24.20\r\n'
2021-10-24 12:52:29,944:TEST-MODE:DEBUG: mega>rpi: b'BP1:1117.30\r\n'
2021-10-24 12:52:30,002:TEST-MODE:DEBUG: mega>rpi: b'BP2:1142.40\r\n'
2021-10-24 12:52:30,060:TEST-MODE:DEBUG: mega>rpi: b'HP:1544.30\r\n'
2021-10-24 12:52:30,076:TEST-MODE:DEBUG: mega>rpi: b'TT1:24.21\r\n'
2021-10-24 12:52:30,088:TEST-MODE:DEBUG: mega>rpi: b'TT2:24.25\r\n'
2021-10-24 12:52:30,146:TEST-MODE:DEBUG: mega>rpi: b'TP1:1022.30\r\n'
2021-10-24 12:52:30,207:TEST-MODE:DEBUG: mega>rpi: b'TP2:1037.20\r\n'
2021-10-24 12:52:30,219:TEST-MODE:DEBUG: mega>rpi: b'AT:25.49\r\n'
2021-10-24 12:52:30,277:TEST-MODE:DEBUG: mega>rpi: b'AP:6282.70\r\n'
2021-10-24 12:52:30,278:TEST-MODE:DEBUG: mega>rpi: b'BV:625.17\r\n'
2021-10-24 12:52:30,279:TEST-MODE:INFO: State.STOP
2021-10-24 12:52:30,281:TEST-MODE:INFO: BT1   BT2   TT1   TT2   AT    X    Y    Z    BP1   BP2   TP1   TP2   HP      AP      PD   PC     HL EL BF SF   PF   BV     rpm             State MissionState Setpoint Error Depth 
2021-10-24 12:52:30,282:TEST-MODE:INFO: 24.72 24.20 24.20 24.25 25.49 0.02 0.01 0.01 11.17 11.43 10.22 10.37 1544.12 6282.86 1.51 100.00 0  0  2  None None 625.17 Buffering (0/1) STOP  IDLE         None     None  10.80 
2021-10-24 12:52:30,283:TEST-MODE:WARNING: Stopped
2021-10-24 12:52:30,285:TEST-MODE:DEBUG: mega>rpi: b'BF:2.00\r\n'
2021-10-24 12:52:30,286:TEST-MODE:DEBUG: mega>rpi: b'X:0.02\r\n'
2021-10-24 12:52:30,288:TEST-MODE:DEBUG: mega>rpi: b'Y:0.02\r\n'
2021-10-24 12:52:30,289:TEST-MODE:DEBUG: mega>rpi: b'Z:0.00\r\n'
2021-10-24 12:52:30,301:TEST-MODE:DEBUG: mega>rpi: b'PD:1.51\r\n'
2021-10-24 12:52:30,302:TEST-MODE:DEBUG: mega>rpi: b'PC:100.00\r\n'
2021-10-24 12:52:30,304:TEST-MODE:DEBUG: mega>rpi: b'LC:26.00\r\n'
2021-10-24 12:52:30,383:TEST-MODE:DEBUG: mega>rpi: b'HL:0.00\r\n'
2021-10-24 12:52:30,384:TEST-MODE:DEBUG: mega>rpi: b'EL:0.00\r\n'
2021-10-24 12:52:30,399:TEST-MODE:DEBUG: mega>rpi: b'BT1:24.72\r\n'
2021-10-24 12:52:30,412:TEST-MODE:DEBUG: mega>rpi: b'BT2:24.21\r\n'
2021-10-24 12:52:30,469:TEST-MODE:DEBUG: mega>rpi: b'BP1:1117.60\r\n'
2021-10-24 12:52:30,527:TEST-MODE:DEBUG: mega>rpi: b'BP2:1142.70\r\n'
2021-10-24 12:52:30,584:TEST-MODE:DEBUG: mega>rpi: b'HP:1544.30\r\n'
2021-10-24 12:52:30,600:TEST-MODE:DEBUG: mega>rpi: b'TT1:24.21\r\n'
2021-10-24 12:52:30,612:TEST-MODE:DEBUG: mega>rpi: b'TT2:24.25\r\n'
2021-10-24 12:52:30,670:TEST-MODE:DEBUG: mega>rpi: b'TP1:1022.40\r\n'
2021-10-24 12:52:30,730:TEST-MODE:DEBUG: mega>rpi: b'TP2:1037.20\r\n'
2021-10-24 12:52:30,743:TEST-MODE:DEBUG: mega>rpi: b'AT:25.49\r\n'
2021-10-24 12:52:30,801:TEST-MODE:DEBUG: mega>rpi: b'AP:6282.20\r\n'
2021-10-24 12:52:30,804:TEST-MODE:DEBUG: mega>rpi: b'BV:625.28\r\n'
2021-10-24 12:52:30,805:TEST-MODE:INFO: State.STOP
2021-10-24 12:52:30,808:TEST-MODE:INFO: BT1   BT2   TT1   TT2   AT    X    Y    Z    BP1   BP2   TP1   TP2   HP      AP      PD   PC     HL EL BF SF   PF   BV     rpm             State MissionState Setpoint Error Depth 
2021-10-24 12:52:30,809:TEST-MODE:INFO: 24.72 24.20 24.21 24.25 25.49 0.02 0.01 0.01 11.17 11.43 10.22 10.37 1544.16 6282.74 1.51 100.00 0  0  2  None None 625.28 Buffering (0/1) STOP  IDLE         None     None  10.80 
2021-10-24 12:52:30,810:TEST-MODE:WARNING: Stopped
2021-10-24 12:52:30,813:TEST-MODE:DEBUG: mega>rpi: b'BF:2.00\r\n'
2021-10-24 12:52:30,814:TEST-MODE:DEBUG: mega>rpi: b'PD:1.51\r\n'
2021-10-24 12:52:30,816:TEST-MODE:DEBUG: mega>rpi: b'PC:100.00\r\n'
2021-10-24 12:52:30,817:TEST-MODE:DEBUG: mega>rpi: b'LC:27.00\r\n'
2021-10-24 12:52:30,894:TEST-MODE:DEBUG: mega>rpi: b'HL:0.00\r\n'
2021-10-24 12:52:30,896:TEST-MODE:DEBUG: mega>rpi: b'EL:0.00\r\n'
2021-10-24 12:52:30,908:TEST-MODE:DEBUG: mega>rpi: b'BT1:24.72\r\n'
2021-10-24 12:52:30,919:TEST-MODE:DEBUG: mega>rpi: b'BT2:24.20\r\n'
2021-10-24 12:52:30,980:TEST-MODE:DEBUG: mega>rpi: b'BP1:1117.10\r\n'
2021-10-24 12:52:31,039:TEST-MODE:DEBUG: mega>rpi: b'BP2:1142.60\r\n'
2021-10-24 12:52:31,096:TEST-MODE:DEBUG: mega>rpi: b'HP:1545.10\r\n'
2021-10-24 12:52:31,108:TEST-MODE:DEBUG: mega>rpi: b'TT1:24.22\r\n'
2021-10-24 12:52:31,124:TEST-MODE:DEBUG: mega>rpi: b'TT2:24.25\r\n'
2021-10-24 12:52:31,182:TEST-MODE:DEBUG: mega>rpi: b'TP1:1022.80\r\n'
2021-10-24 12:52:31,239:TEST-MODE:DEBUG: mega>rpi: b'TP2:1037.10\r\n'
2021-10-24 12:52:31,255:TEST-MODE:DEBUG: mega>rpi: b'AT:25.49\r\n'
2021-10-24 12:52:31,313:TEST-MODE:DEBUG: mega>rpi: b'AP:6282.30\r\n'
2021-10-24 12:52:31,314:TEST-MODE:DEBUG: mega>rpi: b'BV:625.26\r\n'
2021-10-24 12:52:31,315:TEST-MODE:INFO: State.STOP
2021-10-24 12:52:31,318:TEST-MODE:INFO: BT1   BT2   TT1   TT2   AT    X    Y    Z    BP1   BP2   TP1   TP2   HP      AP      PD   PC     HL EL BF SF   PF   BV     rpm             State MissionState Setpoint Error Depth 
2021-10-24 12:52:31,319:TEST-MODE:INFO: 24.72 24.20 24.21 24.25 25.49 0.02 0.01 0.01 11.17 11.43 10.22 10.37 1544.34 6282.58 1.51 100.00 0  0  2  None None 625.26 Buffering (0/1) STOP  IDLE         None     None  10.80 
2021-10-24 12:52:31,320:TEST-MODE:WARNING: Stopped
2021-10-24 12:52:31,322:TEST-MODE:DEBUG: mega>rpi: b'BF:2.00\r\n'
2021-10-24 12:52:31,324:TEST-MODE:DEBUG: mega>rpi: b'X:-0.02\r\n'
2021-10-24 12:52:31,325:TEST-MODE:DEBUG: mega>rpi: b'Y:-0.02\r\n'
2021-10-24 12:52:31,326:TEST-MODE:DEBUG: mega>rpi: b'Z:0.01\r\n'
2021-10-24 12:52:31,337:TEST-MODE:DEBUG: mega>rpi: b'PD:1.51\r\n'
2021-10-24 12:52:31,339:TEST-MODE:DEBUG: mega>rpi: b'PC:100.00\r\n'
2021-10-24 12:52:31,341:TEST-MODE:DEBUG: mega>rpi: b'LC:28.00\r\n'
2021-10-24 12:52:31,419:TEST-MODE:DEBUG: mega>rpi: b'HL:0.00\r\n'
2021-10-24 12:52:31,420:TEST-MODE:DEBUG: mega>rpi: b'EL:0.00\r\n'
2021-10-24 12:52:31,432:TEST-MODE:DEBUG: mega>rpi: b'BT1:24.72\r\n'
2021-10-24 12:52:31,448:TEST-MODE:DEBUG: mega>rpi: b'BT2:24.20\r\n'
2021-10-24 12:52:31,505:TEST-MODE:DEBUG: mega>rpi: b'BP1:1117.10\r\n'
2021-10-24 12:52:31,563:TEST-MODE:DEBUG: mega>rpi: b'BP2:1143.40\r\n'
2021-10-24 12:52:31,620:TEST-MODE:DEBUG: mega>rpi: b'HP:1545.20\r\n'
2021-10-24 12:52:31,637:TEST-MODE:DEBUG: mega>rpi: b'TT1:24.22\r\n'
2021-10-24 12:52:31,648:TEST-MODE:DEBUG: mega>rpi: b'TT2:24.25\r\n'
2021-10-24 12:52:31,706:TEST-MODE:DEBUG: mega>rpi: b'TP1:1022.60\r\n'
2021-10-24 12:52:31,764:TEST-MODE:DEBUG: mega>rpi: b'TP2:1037.40\r\n'
2021-10-24 12:52:31,780:TEST-MODE:DEBUG: mega>rpi: b'AT:25.49\r\n'
2021-10-24 12:52:31,837:TEST-MODE:DEBUG: mega>rpi: b'AP:6282.60\r\n'
2021-10-24 12:52:31,838:TEST-MODE:DEBUG: mega>rpi: b'BV:625.19\r\n'
2021-10-24 12:52:31,839:TEST-MODE:INFO: State.STOP
2021-10-24 12:52:31,842:TEST-MODE:INFO: BT1   BT2   TT1   TT2   AT    X    Y    Z    BP1   BP2   TP1   TP2   HP      AP      PD   PC     HL EL BF SF   PF   BV     rpm             State MissionState Setpoint Error Depth 
2021-10-24 12:52:31,843:TEST-MODE:INFO: 24.72 24.20 24.21 24.25 25.49 0.01 0.01 0.01 11.17 11.43 10.23 10.37 1544.54 6282.48 1.51 100.00 0  0  2  None None 625.19 Buffering (0/1) STOP  IDLE         None     None  10.80 
2021-10-24 12:52:31,844:TEST-MODE:WARNING: Stopped
2021-10-24 12:52:31,846:TEST-MODE:DEBUG: mega>rpi: b'BF:2.00\r\n'
2021-10-24 12:52:31,848:TEST-MODE:DEBUG: mega>rpi: b'PD:1.51\r\n'
2021-10-24 12:52:31,849:TEST-MODE:DEBUG: mega>rpi: b'PC:100.00\r\n'
2021-10-24 12:52:31,851:TEST-MODE:DEBUG: mega>rpi: b'LC:29.00\r\n'
2021-10-24 12:52:31,927:TEST-MODE:DEBUG: mega>rpi: b'HL:0.00\r\n'
2021-10-24 12:52:31,929:TEST-MODE:DEBUG: mega>rpi: b'EL:0.00\r\n'
2021-10-24 12:52:31,939:TEST-MODE:DEBUG: mega>rpi: b'BT1:24.72\r\n'
2021-10-24 12:52:31,955:TEST-MODE:DEBUG: mega>rpi: b'BT2:24.19\r\n'
2021-10-24 12:52:32,014:TEST-MODE:DEBUG: mega>rpi: b'BP1:1117.60\r\n'
2021-10-24 12:52:32,070:TEST-MODE:DEBUG: mega>rpi: b'BP2:1143.00\r\n'
2021-10-24 12:52:32,128:TEST-MODE:DEBUG: mega>rpi: b'HP:1545.60\r\n'
2021-10-24 12:52:32,144:TEST-MODE:DEBUG: mega>rpi: b'TT1:24.22\r\n'
2021-10-24 12:52:32,156:TEST-MODE:DEBUG: mega>rpi: b'TT2:24.25\r\n'
2021-10-24 12:52:32,214:TEST-MODE:DEBUG: mega>rpi: b'TP1:1022.30\r\n'
2021-10-24 12:52:32,272:TEST-MODE:DEBUG: mega>rpi: b'TP2:1037.60\r\n'
2021-10-24 12:52:32,288:TEST-MODE:DEBUG: mega>rpi: b'AT:25.49\r\n'
2021-10-24 12:52:32,345:TEST-MODE:DEBUG: mega>rpi: b'AP:6282.20\r\n'
2021-10-24 12:52:32,346:TEST-MODE:DEBUG: mega>rpi: b'BV:625.28\r\n'
2021-10-24 12:52:32,347:TEST-MODE:INFO: State.STOP
2021-10-24 12:52:32,350:TEST-MODE:INFO: BT1   BT2   TT1   TT2   AT    X    Y    Z    BP1   BP2   TP1   TP2   HP      AP      PD   PC     HL EL BF SF   PF   BV     rpm             State MissionState Setpoint Error Depth 
2021-10-24 12:52:32,351:TEST-MODE:INFO: 24.72 24.20 24.22 24.25 25.49 0.01 0.01 0.01 11.17 11.43 10.22 10.37 1544.90 6282.40 1.51 100.00 0  0  2  None None 625.28 Buffering (0/1) STOP  IDLE         None     None  10.80 
2021-10-24 12:52:32,351:TEST-MODE:WARNING: Stopped
2021-10-24 12:52:32,353:TEST-MODE:DEBUG: mega>rpi: b'BF:2.00\r\n'
2021-10-24 12:52:32,355:TEST-MODE:DEBUG: mega>rpi: b'X:-0.03\r\n'
2021-10-24 12:52:32,357:TEST-MODE:DEBUG: mega>rpi: b'Y:0.01\r\n'
2021-10-24 12:52:32,358:TEST-MODE:DEBUG: mega>rpi: b'Z:0.00\r\n'
2021-10-24 12:52:32,369:TEST-MODE:DEBUG: mega>rpi: b'PD:1.51\r\n'
2021-10-24 12:52:32,371:TEST-MODE:DEBUG: mega>rpi: b'PC:100.00\r\n'
2021-10-24 12:52:32,372:TEST-MODE:DEBUG: mega>rpi: b'LC:30.00\r\n'
2021-10-24 12:52:32,452:TEST-MODE:DEBUG: mega>rpi: b'HL:0.00\r\n'
2021-10-24 12:52:32,453:TEST-MODE:DEBUG: mega>rpi: b'EL:0.00\r\n'
2021-10-24 12:52:32,463:TEST-MODE:DEBUG: mega>rpi: b'BT1:24.72\r\n'
2021-10-24 12:52:32,480:TEST-MODE:DEBUG: mega>rpi: b'BT2:24.19\r\n'
2021-10-24 12:52:32,538:TEST-MODE:DEBUG: mega>rpi: b'BP1:1116.90\r\n'
2021-10-24 12:52:32,594:TEST-MODE:DEBUG: mega>rpi: b'BP2:1142.60\r\n'
2021-10-24 12:52:32,652:TEST-MODE:DEBUG: mega>rpi: b'HP:1545.10\r\n'
2021-10-24 12:52:32,669:TEST-MODE:DEBUG: mega>rpi: b'TT1:24.22\r\n'
2021-10-24 12:52:32,680:TEST-MODE:DEBUG: mega>rpi: b'TT2:24.26\r\n'
2021-10-24 12:52:32,738:TEST-MODE:DEBUG: mega>rpi: b'TP1:1022.10\r\n'
2021-10-24 12:52:32,796:TEST-MODE:DEBUG: mega>rpi: b'TP2:1036.90\r\n'
2021-10-24 12:52:32,812:TEST-MODE:DEBUG: mega>rpi: b'AT:25.49\r\n'
2021-10-24 12:52:32,869:TEST-MODE:DEBUG: mega>rpi: b'AP:6281.50\r\n'
2021-10-24 12:52:32,870:TEST-MODE:DEBUG: mega>rpi: b'BV:625.44\r\n'
2021-10-24 12:52:32,871:TEST-MODE:INFO: State.STOP
2021-10-24 12:52:32,874:TEST-MODE:INFO: BT1   BT2   TT1   TT2   AT    X    Y    Z    BP1   BP2   TP1   TP2   HP      AP      PD   PC     HL EL BF SF   PF   BV     rpm             State MissionState Setpoint Error Depth 
2021-10-24 12:52:32,875:TEST-MODE:INFO: 24.72 24.20 24.22 24.25 25.49 0.01 0.01 0.01 11.17 11.43 10.22 10.37 1545.06 6282.16 1.51 100.00 0  0  2  None None 625.44 Buffering (0/1) STOP  IDLE         None     None  10.80 
2021-10-24 12:52:32,876:TEST-MODE:WARNING: Stopped
2021-10-24 12:52:32,878:TEST-MODE:DEBUG: mega>rpi: b'BF:2.00\r\n'
2021-10-24 12:52:32,880:TEST-MODE:DEBUG: mega>rpi: b'PD:1.51\r\n'
2021-10-24 12:52:32,881:TEST-MODE:DEBUG: mega>rpi: b'PC:100.00\r\n'
2021-10-24 12:52:32,883:TEST-MODE:DEBUG: mega>rpi: b'LC:31.00\r\n'
2021-10-24 12:52:32,959:TEST-MODE:DEBUG: mega>rpi: b'HL:0.00\r\n'
2021-10-24 12:52:32,961:TEST-MODE:DEBUG: mega>rpi: b'EL:0.00\r\n'
2021-10-24 12:52:32,975:TEST-MODE:DEBUG: mega>rpi: b'BT1:24.72\r\n'
2021-10-24 12:52:32,988:TEST-MODE:DEBUG: mega>rpi: b'BT2:24.20\r\n'
2021-10-24 12:52:33,045:TEST-MODE:DEBUG: mega>rpi: b'BP1:1117.30\r\n'
2021-10-24 12:52:33,103:TEST-MODE:DEBUG: mega>rpi: b'BP2:1143.00\r\n'
2021-10-24 12:52:33,160:TEST-MODE:DEBUG: mega>rpi: b'HP:1545.70\r\n'
2021-10-24 12:52:33,176:TEST-MODE:DEBUG: mega>rpi: b'TT1:24.22\r\n'
2021-10-24 12:52:33,189:TEST-MODE:DEBUG: mega>rpi: b'TT2:24.25\r\n'
2021-10-24 12:52:33,247:TEST-MODE:DEBUG: mega>rpi: b'TP1:1022.00\r\n'
2021-10-24 12:52:33,306:TEST-MODE:DEBUG: mega>rpi: b'TP2:1037.20\r\n'
2021-10-24 12:52:33,320:TEST-MODE:DEBUG: mega>rpi: b'AT:25.48\r\n'
2021-10-24 12:52:33,378:TEST-MODE:DEBUG: mega>rpi: b'AP:6281.70\r\n'
2021-10-24 12:52:33,379:TEST-MODE:DEBUG: mega>rpi: b'BV:625.35\r\n'
2021-10-24 12:52:33,380:TEST-MODE:INFO: State.STOP
2021-10-24 12:52:33,383:TEST-MODE:INFO: BT1   BT2   TT1   TT2   AT    X    Y    Z    BP1   BP2   TP1   TP2   HP      AP      PD   PC     HL EL BF SF   PF   BV     rpm             State MissionState Setpoint Error Depth 
2021-10-24 12:52:33,384:TEST-MODE:INFO: 24.72 24.20 24.22 24.25 25.49 0.01 0.01 0.01 11.17 11.43 10.22 10.37 1545.34 6282.06 1.51 100.00 0  0  2  None None 625.35 Buffering (0/1) STOP  IDLE         None     None  10.80 
2021-10-24 12:52:33,384:TEST-MODE:WARNING: Stopped
2021-10-24 12:52:33,387:TEST-MODE:DEBUG: mega>rpi: b'BF:2.00\r\n'
2021-10-24 12:52:33,388:TEST-MODE:DEBUG: mega>rpi: b'X:-0.02\r\n'
2021-10-24 12:52:33,390:TEST-MODE:DEBUG: mega>rpi: b'Y:0.00\r\n'
2021-10-24 12:52:33,391:TEST-MODE:DEBUG: mega>rpi: b'Z:0.00\r\n'
2021-10-24 12:52:33,402:TEST-MODE:DEBUG: mega>rpi: b'PD:1.51\r\n'
2021-10-24 12:52:33,404:TEST-MODE:DEBUG: mega>rpi: b'PC:100.00\r\n'
2021-10-24 12:52:33,405:TEST-MODE:DEBUG: mega>rpi: b'LC:32.00\r\n'
2021-10-24 12:52:33,483:TEST-MODE:DEBUG: mega>rpi: b'HL:0.00\r\n'
2021-10-24 12:52:33,485:TEST-MODE:DEBUG: mega>rpi: b'EL:0.00\r\n'
2021-10-24 12:52:33,500:TEST-MODE:DEBUG: mega>rpi: b'BT1:24.72\r\n'
2021-10-24 12:52:33,512:TEST-MODE:DEBUG: mega>rpi: b'BT2:24.20\r\n'
2021-10-24 12:52:33,570:TEST-MODE:DEBUG: mega>rpi: b'BP1:1117.20\r\n'
2021-10-24 12:52:33,627:TEST-MODE:DEBUG: mega>rpi: b'BP2:1143.30\r\n'
2021-10-24 12:52:33,684:TEST-MODE:DEBUG: mega>rpi: b'HP:1545.80\r\n'
2021-10-24 12:52:33,700:TEST-MODE:DEBUG: mega>rpi: b'TT1:24.22\r\n'
2021-10-24 12:52:33,713:TEST-MODE:DEBUG: mega>rpi: b'TT2:24.24\r\n'
2021-10-24 12:52:33,771:TEST-MODE:DEBUG: mega>rpi: b'TP1:1022.40\r\n'
2021-10-24 12:52:33,831:TEST-MODE:DEBUG: mega>rpi: b'TP2:1037.20\r\n'
2021-10-24 12:52:33,844:TEST-MODE:DEBUG: mega>rpi: b'AT:25.48\r\n'
2021-10-24 12:52:33,902:TEST-MODE:DEBUG: mega>rpi: b'AP:6281.40\r\n'
2021-10-24 12:52:33,903:TEST-MODE:DEBUG: mega>rpi: b'BV:625.42\r\n'
2021-10-24 12:52:33,904:TEST-MODE:INFO: State.STOP
2021-10-24 12:52:33,907:TEST-MODE:INFO: BT1   BT2   TT1   TT2   AT    X    Y    Z    BP1   BP2   TP1   TP2   HP      AP      PD   PC     HL EL BF SF   PF   BV     rpm             State MissionState Setpoint Error Depth 
2021-10-24 12:52:33,908:TEST-MODE:INFO: 24.72 24.20 24.22 24.25 25.49 0.00 0.00 0.00 11.17 11.43 10.22 10.37 1545.48 6281.88 1.51 100.00 0  0  2  None None 625.42 Buffering (0/1) STOP  IDLE         None     None  10.80 
2021-10-24 12:52:33,909:TEST-MODE:WARNING: Stopped
2021-10-24 12:52:33,911:TEST-MODE:DEBUG: mega>rpi: b'BF:2.00\r\n'
2021-10-24 12:52:33,913:TEST-MODE:DEBUG: mega>rpi: b'PD:1.51\r\n'
2021-10-24 12:52:33,914:TEST-MODE:DEBUG: mega>rpi: b'PC:100.00\r\n'
2021-10-24 12:52:33,916:TEST-MODE:DEBUG: mega>rpi: b'LC:33.00\r\n'
2021-10-24 12:52:33,991:TEST-MODE:DEBUG: mega>rpi: b'HL:0.00\r\n'
2021-10-24 12:52:33,993:TEST-MODE:DEBUG: mega>rpi: b'EL:0.00\r\n'
2021-10-24 12:52:34,008:TEST-MODE:DEBUG: mega>rpi: b'BT1:24.72\r\n'
2021-10-24 12:52:34,020:TEST-MODE:DEBUG: mega>rpi: b'BT2:24.21\r\n'
2021-10-24 12:52:34,078:TEST-MODE:DEBUG: mega>rpi: b'BP1:1117.40\r\n'
2021-10-24 12:52:34,135:TEST-MODE:DEBUG: mega>rpi: b'BP2:1143.10\r\n'
2021-10-24 12:52:34,192:TEST-MODE:DEBUG: mega>rpi: b'HP:1546.00\r\n'
2021-10-24 12:52:34,208:TEST-MODE:DEBUG: mega>rpi: b'TT1:24.22\r\n'
2021-10-24 12:52:34,221:TEST-MODE:DEBUG: mega>rpi: b'TT2:24.26\r\n'
2021-10-24 12:52:34,278:TEST-MODE:DEBUG: mega>rpi: b'TP1:1022.90\r\n'
2021-10-24 12:52:34,339:TEST-MODE:DEBUG: mega>rpi: b'TP2:1037.60\r\n'
2021-10-24 12:52:34,352:TEST-MODE:DEBUG: mega>rpi: b'AT:25.48\r\n'
2021-10-24 12:52:34,410:TEST-MODE:DEBUG: mega>rpi: b'AP:6281.80\r\n'
2021-10-24 12:52:34,413:TEST-MODE:DEBUG: mega>rpi: b'BV:625.33\r\n'
2021-10-24 12:52:34,414:TEST-MODE:INFO: State.STOP
2021-10-24 12:52:34,416:TEST-MODE:INFO: BT1   BT2   TT1   TT2   AT    X    Y    Z    BP1   BP2   TP1   TP2   HP      AP      PD   PC     HL EL BF SF   PF   BV     rpm             State MissionState Setpoint Error Depth 
2021-10-24 12:52:34,417:TEST-MODE:INFO: 24.72 24.20 24.22 24.25 25.48 0.00 0.00 0.00 11.17 11.43 10.22 10.37 1545.64 6281.72 1.51 100.00 0  0  2  None None 625.33 Buffering (0/1) STOP  IDLE         None     None  10.80 
2021-10-24 12:52:34,418:TEST-MODE:WARNING: Stopped
2021-10-24 12:52:34,420:TEST-MODE:DEBUG: mega>rpi: b'BF:2.00\r\n'
2021-10-24 12:52:34,422:TEST-MODE:DEBUG: mega>rpi: b'X:-0.03\r\n'
2021-10-24 12:52:34,423:TEST-MODE:DEBUG: mega>rpi: b'Y:-0.05\r\n'
2021-10-24 12:52:34,425:TEST-MODE:DEBUG: mega>rpi: b'Z:0.01\r\n'
2021-10-24 12:52:34,434:TEST-MODE:DEBUG: mega>rpi: b'PD:1.51\r\n'
2021-10-24 12:52:34,436:TEST-MODE:DEBUG: mega>rpi: b'PC:100.00\r\n'
2021-10-24 12:52:34,437:TEST-MODE:DEBUG: mega>rpi: b'LC:34.00\r\n'
2021-10-24 12:52:34,516:TEST-MODE:DEBUG: mega>rpi: b'HL:0.00\r\n'
2021-10-24 12:52:34,517:TEST-MODE:DEBUG: mega>rpi: b'EL:0.00\r\n'
2021-10-24 12:52:34,529:TEST-MODE:DEBUG: mega>rpi: b'BT1:24.72\r\n'
2021-10-24 12:52:34,543:TEST-MODE:DEBUG: mega>rpi: b'BT2:24.21\r\n'
2021-10-24 12:52:34,602:TEST-MODE:DEBUG: mega>rpi: b'BP1:1117.50\r\n'
2021-10-24 12:52:34,660:TEST-MODE:DEBUG: mega>rpi: b'BP2:1142.80\r\n'
2021-10-24 12:52:34,716:TEST-MODE:DEBUG: mega>rpi: b'HP:1545.70\r\n'
2021-10-24 12:52:34,733:TEST-MODE:DEBUG: mega>rpi: b'TT1:24.23\r\n'
2021-10-24 12:52:34,746:TEST-MODE:DEBUG: mega>rpi: b'TT2:24.24\r\n'
2021-10-24 12:52:34,802:TEST-MODE:DEBUG: mega>rpi: b'TP1:1022.10\r\n'
2021-10-24 12:52:34,861:TEST-MODE:DEBUG: mega>rpi: b'TP2:1036.90\r\n'
2021-10-24 12:52:34,862:TEST-MODE:DEBUG: CLI:['dive', '0']
2021-10-24 12:52:34,876:TEST-MODE:DEBUG: mega>rpi: b'AT:25.48\r\n'
2021-10-24 12:52:34,934:TEST-MODE:DEBUG: mega>rpi: b'AP:6281.50\r\n'
2021-10-24 12:52:34,936:TEST-MODE:DEBUG: mega>rpi: b'BV:625.40\r\n'
2021-10-24 12:52:34,936:TEST-MODE:DEBUG: dive
2021-10-24 12:52:34,937:TEST-MODE:INFO: sending dive command
2021-10-24 12:52:34,937:TEST-MODE:DEBUG: rpi>MEGA: S:1

2021-10-24 12:52:34,938:TEST-MODE:INFO: State.STOP
2021-10-24 12:52:34,941:TEST-MODE:INFO: BT1   BT2   TT1   TT2   AT    X     Y     Z    BP1   BP2   TP1   TP2   HP      AP      PD   PC     HL EL BF SF   PF   BV     rpm             State MissionState Setpoint Error Depth 
2021-10-24 12:52:34,942:TEST-MODE:INFO: 24.72 24.20 24.22 24.25 25.48 -0.02 -0.01 0.00 11.17 11.43 10.22 10.37 1545.66 6281.58 1.51 100.00 0  0  2  None None 625.40 Buffering (0/1) STOP  IDLE         None     None  10.80 
2021-10-24 12:52:34,942:TEST-MODE:WARNING: Stopped
2021-10-24 12:52:34,944:TEST-MODE:DEBUG: mega>rpi: b'BF:2.00\r\n'
2021-10-24 12:52:34,946:TEST-MODE:DEBUG: mega>rpi: b'PD:1.51\r\n'
2021-10-24 12:52:34,947:TEST-MODE:DEBUG: mega>rpi: b'PC:100.00\r\n'
2021-10-24 12:52:34,949:TEST-MODE:DEBUG: mega>rpi: b'LC:35.00\r\n'
2021-10-24 12:52:35,020:TEST-MODE:DEBUG: mega>rpi: b'HL:0.00\r\n'
2021-10-24 12:52:35,021:TEST-MODE:DEBUG: mega>rpi: b'EL:0.00\r\n'
2021-10-24 12:52:35,022:TEST-MODE:DEBUG: mega>rpi: b'S:1.00\r\n'
2021-10-24 12:52:35,023:TEST-MODE:ERROR: unknown header: S:1.00
2021-10-24 12:52:35,024:TEST-MODE:DEBUG: mega>rpi: b'FS:1.00\r\n'
2021-10-24 12:52:35,035:TEST-MODE:DEBUG: mega>rpi: b'AT:25.48\r\n'
2021-10-24 12:52:35,093:TEST-MODE:DEBUG: mega>rpi: b'AP:6281.40\r\n'
2021-10-24 12:52:35,095:TEST-MODE:DEBUG: mega>rpi: b'BV:625.42\r\n'
2021-10-24 12:52:35,095:TEST-MODE:INFO: State.STOP
2021-10-24 12:52:35,098:TEST-MODE:INFO: BT1   BT2   TT1   TT2   AT    X     Y     Z    BP1   BP2   TP1   TP2   HP      AP      PD   PC     HL EL BF SF PF   BV     rpm             State MissionState Setpoint Error Depth 
2021-10-24 12:52:35,099:TEST-MODE:INFO: 24.72 24.20 24.22 24.25 25.48 -0.02 -0.01 0.00 11.17 11.43 10.22 10.37 1545.66 6281.56 1.51 100.00 0  0  2  1  None 625.42 Buffering (0/1) STOP  IDLE         None     None  10.80 
2021-10-24 12:52:35,099:TEST-MODE:WARNING: Stopped
2021-10-24 12:52:35,101:TEST-MODE:DEBUG: mega>rpi: b'BF:2.00\r\n'
2021-10-24 12:52:35,103:TEST-MODE:DEBUG: mega>rpi: b'FS:1.00\r\n'
2021-10-24 12:52:36,006:TEST-MODE:DEBUG: mega>rpi: b'FS:0.00\r\n'
2021-10-24 12:52:36,023:TEST-MODE:DEBUG: mega>rpi: b'BT1:24.72\r\n'
2021-10-24 12:52:36,035:TEST-MODE:DEBUG: mega>rpi: b'BT2:24.21\r\n'
2021-10-24 12:52:36,093:TEST-MODE:DEBUG: mega>rpi: b'BP1:1117.70\r\n'
2021-10-24 12:52:36,150:TEST-MODE:DEBUG: mega>rpi: b'BP2:1142.70\r\n'
2021-10-24 12:52:36,211:TEST-MODE:DEBUG: mega>rpi: b'HP:1520.40\r\n'
2021-10-24 12:52:36,224:TEST-MODE:DEBUG: mega>rpi: b'TT1:24.23\r\n'
2021-10-24 12:52:36,236:TEST-MODE:DEBUG: mega>rpi: b'TT2:24.26\r\n'
2021-10-24 12:52:36,297:TEST-MODE:DEBUG: mega>rpi: b'TP1:1022.40\r\n'
2021-10-24 12:52:36,355:TEST-MODE:DEBUG: mega>rpi: b'TP2:1037.20\r\n'
2021-10-24 12:52:36,367:TEST-MODE:DEBUG: mega>rpi: b'AT:25.48\r\n'
2021-10-24 12:52:36,425:TEST-MODE:DEBUG: mega>rpi: b'AP:6296.80\r\n'
2021-10-24 12:52:36,428:TEST-MODE:DEBUG: mega>rpi: b'BV:621.98\r\n'
2021-10-24 12:52:36,429:TEST-MODE:INFO: State.STOP
2021-10-24 12:52:36,432:TEST-MODE:INFO: BT1   BT2   TT1   TT2   AT    X     Y     Z    BP1   BP2   TP1   TP2   HP      AP      PD   PC     HL EL BF SF PF   BV     rpm             State MissionState Setpoint Error Depth 
2021-10-24 12:52:36,433:TEST-MODE:INFO: 24.72 24.21 24.22 24.25 25.48 -0.02 -0.01 0.00 11.17 11.43 10.22 10.37 1540.72 6284.58 1.51 100.00 0  0  2  0  None 621.98 Buffering (0/1) STOP  IDLE         None     None  10.80 
2021-10-24 12:52:36,433:TEST-MODE:WARNING: Stopped
2021-10-24 12:52:36,435:TEST-MODE:DEBUG: mega>rpi: b'BF:2.00\r\n'
2021-10-24 12:52:36,437:TEST-MODE:DEBUG: mega>rpi: b'X:0.00\r\n'
2021-10-24 12:52:36,438:TEST-MODE:DEBUG: mega>rpi: b'Y:-0.01\r\n'
2021-10-24 12:52:36,439:TEST-MODE:DEBUG: mega>rpi: b'Z:0.00\r\n'
2021-10-24 12:52:36,490:TEST-MODE:DEBUG: mega>rpi: b'PD:1.51\r\n'
2021-10-24 12:52:36,492:TEST-MODE:DEBUG: mega>rpi: b'PC:100.00\r\n'
2021-10-24 12:52:36,493:TEST-MODE:DEBUG: mega>rpi: b'LC:36.00\r\n'
2021-10-24 12:52:36,572:TEST-MODE:DEBUG: mega>rpi: b'HL:0.00\r\n'
2021-10-24 12:52:36,573:TEST-MODE:DEBUG: mega>rpi: b'EL:0.00\r\n'
2021-10-24 12:52:36,588:TEST-MODE:DEBUG: mega>rpi: b'BT1:24.72\r\n'
2021-10-24 12:52:36,600:TEST-MODE:DEBUG: mega>rpi: b'BT2:24.21\r\n'
2021-10-24 12:52:36,658:TEST-MODE:DEBUG: mega>rpi: b'BP1:1117.20\r\n'
2021-10-24 12:52:36,716:TEST-MODE:DEBUG: mega>rpi: b'BP2:1142.80\r\n'
2021-10-24 12:52:36,772:TEST-MODE:DEBUG: mega>rpi: b'HP:1523.30\r\n'
2021-10-24 12:52:36,788:TEST-MODE:DEBUG: mega>rpi: b'TT1:24.22\r\n'
2021-10-24 12:52:36,801:TEST-MODE:DEBUG: mega>rpi: b'TT2:24.24\r\n'
2021-10-24 12:52:36,859:TEST-MODE:DEBUG: mega>rpi: b'TP1:1022.50\r\n'
2021-10-24 12:52:36,919:TEST-MODE:DEBUG: mega>rpi: b'TP2:1037.00\r\n'
2021-10-24 12:52:36,932:TEST-MODE:DEBUG: mega>rpi: b'AT:25.48\r\n'
2021-10-24 12:52:36,990:TEST-MODE:DEBUG: mega>rpi: b'AP:6296.80\r\n'
2021-10-24 12:52:36,992:TEST-MODE:DEBUG: mega>rpi: b'BV:621.98\r\n'
2021-10-24 12:52:36,992:TEST-MODE:INFO: State.STOP
2021-10-24 12:52:36,995:TEST-MODE:INFO: BT1   BT2   TT1   TT2   AT    X     Y     Z    BP1   BP2   TP1   TP2   HP      AP      PD   PC     HL EL BF SF PF   BV     rpm             State MissionState Setpoint Error Depth 
2021-10-24 12:52:36,996:TEST-MODE:INFO: 24.72 24.21 24.22 24.25 25.48 -0.02 -0.01 0.00 11.17 11.43 10.22 10.37 1536.24 6287.66 1.51 100.00 0  0  2  0  None 621.98 Buffering (0/1) STOP  IDLE         None     None  10.80 
2021-10-24 12:52:36,997:TEST-MODE:WARNING: Stopped
2021-10-24 12:52:36,998:TEST-MODE:DEBUG: mega>rpi: b'BF:2.00\r\n'
2021-10-24 12:52:37,000:TEST-MODE:DEBUG: mega>rpi: b'X:-0.02\r\n'
2021-10-24 12:52:37,001:TEST-MODE:DEBUG: mega>rpi: b'Y:0.03\r\n'
2021-10-24 12:52:37,003:TEST-MODE:DEBUG: mega>rpi: b'Z:0.01\r\n'
2021-10-24 12:52:37,051:TEST-MODE:DEBUG: mega>rpi: b'PD:1.51\r\n'
2021-10-24 12:52:37,052:TEST-MODE:DEBUG: mega>rpi: b'PC:100.00\r\n'
2021-10-24 12:52:37,054:TEST-MODE:DEBUG: mega>rpi: b'LC:37.00\r\n'
2021-10-24 12:52:37,132:TEST-MODE:DEBUG: mega>rpi: b'HL:0.00\r\n'
2021-10-24 12:52:37,134:TEST-MODE:DEBUG: mega>rpi: b'EL:0.00\r\n'
2021-10-24 12:52:37,149:TEST-MODE:DEBUG: mega>rpi: b'BT1:24.72\r\n'
2021-10-24 12:52:37,162:TEST-MODE:DEBUG: mega>rpi: b'BT2:24.19\r\n'
2021-10-24 12:52:37,219:TEST-MODE:DEBUG: mega>rpi: b'BP1:1117.50\r\n'
2021-10-24 12:52:37,276:TEST-MODE:DEBUG: mega>rpi: b'BP2:1143.20\r\n'
2021-10-24 12:52:37,337:TEST-MODE:DEBUG: mega>rpi: b'HP:1525.20\r\n'
2021-10-24 12:52:37,350:TEST-MODE:DEBUG: mega>rpi: b'TT1:24.23\r\n'
2021-10-24 12:52:37,362:TEST-MODE:DEBUG: mega>rpi: b'TT2:24.25\r\n'
2021-10-24 12:52:37,423:TEST-MODE:DEBUG: mega>rpi: b'TP1:1022.40\r\n'
2021-10-24 12:52:37,481:TEST-MODE:DEBUG: mega>rpi: b'TP2:1037.30\r\n'
2021-10-24 12:52:37,493:TEST-MODE:DEBUG: mega>rpi: b'AT:25.48\r\n'
2021-10-24 12:52:37,551:TEST-MODE:DEBUG: mega>rpi: b'AP:6296.60\r\n'
2021-10-24 12:52:37,555:TEST-MODE:DEBUG: mega>rpi: b'BV:622.02\r\n'
2021-10-24 12:52:37,555:TEST-MODE:INFO: State.STOP
2021-10-24 12:52:37,558:TEST-MODE:INFO: BT1   BT2   TT1   TT2   AT    X     Y     Z    BP1   BP2   TP1   TP2   HP      AP      PD   PC     HL EL BF SF PF   BV     rpm             State MissionState Setpoint Error Depth 
2021-10-24 12:52:37,559:TEST-MODE:INFO: 24.72 24.21 24.23 24.25 25.48 -0.02 -0.00 0.00 11.17 11.43 10.22 10.37 1532.12 6290.62 1.51 100.00 0  0  2  0  None 622.02 Buffering (0/1) STOP  IDLE         None     None  10.80 
2021-10-24 12:52:37,560:TEST-MODE:WARNING: Stopped
2021-10-24 12:52:37,562:TEST-MODE:DEBUG: mega>rpi: b'BF:2.00\r\n'
2021-10-24 12:52:37,563:TEST-MODE:DEBUG: mega>rpi: b'X:0.01\r\n'
2021-10-24 12:52:37,565:TEST-MODE:DEBUG: mega>rpi: b'Y:-0.02\r\n'
2021-10-24 12:52:37,566:TEST-MODE:DEBUG: mega>rpi: b'Z:0.00\r\n'
2021-10-24 12:52:37,616:TEST-MODE:DEBUG: mega>rpi: b'PD:1.51\r\n'
2021-10-24 12:52:37,617:TEST-MODE:DEBUG: mega>rpi: b'PC:100.00\r\n'
2021-10-24 12:52:37,619:TEST-MODE:DEBUG: mega>rpi: b'LC:38.00\r\n'
2021-10-24 12:52:37,699:TEST-MODE:DEBUG: mega>rpi: b'HL:0.00\r\n'
2021-10-24 12:52:37,700:TEST-MODE:DEBUG: mega>rpi: b'EL:0.00\r\n'
2021-10-24 12:52:37,714:TEST-MODE:DEBUG: mega>rpi: b'BT1:24.72\r\n'
2021-10-24 12:52:37,727:TEST-MODE:DEBUG: mega>rpi: b'BT2:24.21\r\n'
2021-10-24 12:52:37,785:TEST-MODE:DEBUG: mega>rpi: b'BP1:1116.70\r\n'
2021-10-24 12:52:37,842:TEST-MODE:DEBUG: mega>rpi: b'BP2:1142.80\r\n'
2021-10-24 12:52:37,899:TEST-MODE:DEBUG: mega>rpi: b'HP:1526.60\r\n'
2021-10-24 12:52:37,916:TEST-MODE:DEBUG: mega>rpi: b'TT1:24.23\r\n'
2021-10-24 12:52:37,927:TEST-MODE:DEBUG: mega>rpi: b'TT2:24.24\r\n'
2021-10-24 12:52:37,985:TEST-MODE:DEBUG: mega>rpi: b'TP1:1022.00\r\n'
2021-10-24 12:52:38,046:TEST-MODE:DEBUG: mega>rpi: b'TP2:1037.20\r\n'
2021-10-24 12:52:38,058:TEST-MODE:DEBUG: mega>rpi: b'AT:25.48\r\n'
2021-10-24 12:52:38,116:TEST-MODE:DEBUG: mega>rpi: b'AP:6295.60\r\n'
2021-10-24 12:52:38,119:TEST-MODE:DEBUG: mega>rpi: b'BV:622.25\r\n'
2021-10-24 12:52:38,120:TEST-MODE:INFO: State.STOP
2021-10-24 12:52:38,123:TEST-MODE:INFO: BT1   BT2   TT1   TT2   AT    X     Y     Z    BP1   BP2   TP1   TP2   HP      AP      PD   PC     HL EL BF SF PF   BV     rpm             State MissionState Setpoint Error Depth 
2021-10-24 12:52:38,124:TEST-MODE:INFO: 24.72 24.21 24.23 24.25 25.48 -0.01 -0.01 0.00 11.17 11.43 10.22 10.37 1528.24 6293.44 1.51 100.00 0  0  2  0  None 622.25 Buffering (0/1) STOP  IDLE         None     None  10.80 
2021-10-24 12:52:38,124:TEST-MODE:WARNING: Stopped
2021-10-24 12:52:38,126:TEST-MODE:DEBUG: mega>rpi: b'BF:2.00\r\n'
2021-10-24 12:52:38,128:TEST-MODE:DEBUG: mega>rpi: b'X:0.00\r\n'
2021-10-24 12:52:38,129:TEST-MODE:DEBUG: mega>rpi: b'Y:0.01\r\n'
2021-10-24 12:52:38,130:TEST-MODE:DEBUG: mega>rpi: b'Z:0.00\r\n'
2021-10-24 12:52:38,132:TEST-MODE:DEBUG: mega>rpi: b'PD:1.51\r\n'
2021-10-24 12:52:38,133:TEST-MODE:DEBUG: mega>rpi: b'PC:100.00\r\n'
2021-10-24 12:52:38,135:TEST-MODE:DEBUG: mega>rpi: b'LC:39.00\r\n'
2021-10-24 12:52:38,210:TEST-MODE:DEBUG: mega>rpi: b'HL:0.00\r\n'
2021-10-24 12:52:38,212:TEST-MODE:DEBUG: mega>rpi: b'EL:0.00\r\n'
2021-10-24 12:52:38,226:TEST-MODE:DEBUG: mega>rpi: b'BT1:24.72\r\n'
2021-10-24 12:52:38,239:TEST-MODE:DEBUG: mega>rpi: b'BT2:24.21\r\n'
2021-10-24 12:52:38,297:TEST-MODE:DEBUG: mega>rpi: b'BP1:1117.70\r\n'
2021-10-24 12:52:38,353:TEST-MODE:DEBUG: mega>rpi: b'BP2:1143.00\r\n'
2021-10-24 12:52:38,411:TEST-MODE:DEBUG: mega>rpi: b'HP:1527.30\r\n'
2021-10-24 12:52:38,427:TEST-MODE:DEBUG: mega>rpi: b'TT1:24.23\r\n'
2021-10-24 12:52:38,440:TEST-MODE:DEBUG: mega>rpi: b'TT2:24.26\r\n'
2021-10-24 12:52:38,497:TEST-MODE:DEBUG: mega>rpi: b'TP1:1022.10\r\n'
2021-10-24 12:52:38,558:TEST-MODE:DEBUG: mega>rpi: b'TP2:1037.20\r\n'
2021-10-24 12:52:38,571:TEST-MODE:DEBUG: mega>rpi: b'AT:25.48\r\n'
2021-10-24 12:52:38,628:TEST-MODE:DEBUG: mega>rpi: b'AP:6295.90\r\n'
2021-10-24 12:52:38,629:TEST-MODE:DEBUG: mega>rpi: b'BV:622.18\r\n'
2021-10-24 12:52:38,630:TEST-MODE:INFO: State.STOP
2021-10-24 12:52:38,632:TEST-MODE:INFO: BT1   BT2   TT1   TT2   AT    X     Y     Z    BP1   BP2   TP1   TP2   HP      AP      PD   PC     HL EL BF SF PF   BV     rpm             State MissionState Setpoint Error Depth 
2021-10-24 12:52:38,633:TEST-MODE:INFO: 24.72 24.21 24.23 24.25 25.48 -0.01 -0.01 0.00 11.17 11.43 10.22 10.37 1524.56 6296.34 1.51 100.00 0  0  2  0  None 622.18 Buffering (0/1) STOP  IDLE         None     None  10.80 
2021-10-24 12:52:38,634:TEST-MODE:WARNING: Stopped
2021-10-24 12:52:38,636:TEST-MODE:DEBUG: mega>rpi: b'BF:2.00\r\n'
2021-10-24 12:52:38,657:TEST-MODE:DEBUG: mega>rpi: b'PD:1.51\r\n'
2021-10-24 12:52:38,658:TEST-MODE:DEBUG: mega>rpi: b'PC:100.00\r\n'
2021-10-24 12:52:38,659:TEST-MODE:DEBUG: mega>rpi: b'LC:40.00\r\n'
2021-10-24 12:52:38,738:TEST-MODE:DEBUG: mega>rpi: b'HL:0.00\r\n'
2021-10-24 12:52:38,740:TEST-MODE:DEBUG: mega>rpi: b'EL:0.00\r\n'
2021-10-24 12:52:38,751:TEST-MODE:DEBUG: mega>rpi: b'BT1:24.72\r\n'
2021-10-24 12:52:38,766:TEST-MODE:DEBUG: mega>rpi: b'BT2:24.20\r\n'
2021-10-24 12:52:38,825:TEST-MODE:DEBUG: mega>rpi: b'BP1:1116.90\r\n'
2021-10-24 12:52:38,881:TEST-MODE:DEBUG: mega>rpi: b'BP2:1143.00\r\n'
2021-10-24 12:52:38,939:TEST-MODE:DEBUG: mega>rpi: b'HP:1528.20\r\n'
2021-10-24 12:52:38,955:TEST-MODE:DEBUG: mega>rpi: b'TT1:24.23\r\n'
2021-10-24 12:52:38,967:TEST-MODE:DEBUG: mega>rpi: b'TT2:24.27\r\n'
2021-10-24 12:52:39,025:TEST-MODE:DEBUG: mega>rpi: b'TP1:1022.60\r\n'
2021-10-24 12:52:39,083:TEST-MODE:DEBUG: mega>rpi: b'TP2:1037.50\r\n'
2021-10-24 12:52:39,099:TEST-MODE:DEBUG: mega>rpi: b'AT:25.48\r\n'
2021-10-24 12:52:39,156:TEST-MODE:DEBUG: mega>rpi: b'AP:6296.30\r\n'
2021-10-24 12:52:39,157:TEST-MODE:DEBUG: mega>rpi: b'BV:622.09\r\n'
2021-10-24 12:52:39,158:TEST-MODE:INFO: State.STOP
2021-10-24 12:52:39,161:TEST-MODE:INFO: BT1   BT2   TT1   TT2   AT    X     Y     Z    BP1   BP2   TP1   TP2   HP      AP      PD   PC     HL EL BF SF PF   BV     rpm             State MissionState Setpoint Error Depth 
2021-10-24 12:52:39,162:TEST-MODE:INFO: 24.72 24.20 24.23 24.25 25.48 -0.01 -0.01 0.00 11.17 11.43 10.22 10.37 1526.12 6296.24 1.51 100.00 0  0  2  0  None 622.09 Buffering (0/1) STOP  IDLE         None     None  10.80 
2021-10-24 12:52:39,163:TEST-MODE:WARNING: Stopped
2021-10-24 12:52:39,165:TEST-MODE:CRITICAL: user initiated safe system shutdown
2021-10-24 12:52:39,166:TEST-MODE:INFO: skipping nano safe shutdown: disabled
