2021-10-24 13:31:58,016:TEST-MODE:INFO: init
2021-10-24 13:31:58,017:TEST-MODE:INFO: loading settings:
2021-10-24 13:31:58,017:TEST-MODE:INFO: [app]: simulation = False
2021-10-24 13:31:58,017:TEST-MODE:INFO: [app]: simulation_udp_port = 12000
2021-10-24 13:31:58,018:TEST-MODE:INFO: [app]: host_ip = 127.0.0.1
2021-10-24 13:31:58,018:TEST-MODE:INFO: [app]: disable_safety = True
2021-10-24 13:31:58,018:TEST-MODE:INFO: [app]: test_mode = True
2021-10-24 13:31:58,019:TEST-MODE:INFO: [app]: test_mode_udp_port = 5000
2021-10-24 13:31:58,019:TEST-MODE:INFO: [app]: disable_altimeter = True
2021-10-24 13:31:58,019:TEST-MODE:INFO: [app]: skip_arduino_compile = False
2021-10-24 13:31:58,020:TEST-MODE:INFO: [serial]: port = /dev/ttyACM0
2021-10-24 13:31:58,020:TEST-MODE:INFO: [serial]: timeout = 3
2021-10-24 13:31:58,020:TEST-MODE:INFO: [serial]: baud_rate = 115200
2021-10-24 13:31:58,021:TEST-MODE:INFO: [serial_safety]: port = /dev/ttyUSB0
2021-10-24 13:31:58,021:TEST-MODE:INFO: [serial_safety]: timeout = 3
2021-10-24 13:31:58,021:TEST-MODE:INFO: [serial_safety]: baud_rate = 115200
2021-10-24 13:31:58,022:TEST-MODE:INFO: [task]: min_time_off_duration_limit = 0.5
2021-10-24 13:31:58,022:TEST-MODE:INFO: [task]: planned_mission = [1, 0, 1, 0]
2021-10-24 13:31:58,022:TEST-MODE:INFO: [task]: hold_on_taget_duration = 60
2021-10-24 13:31:58,023:TEST-MODE:INFO: [task]: hold_on_target_distance = 0.4
2021-10-24 13:31:58,023:TEST-MODE:INFO: [task]: min_ascend_descend_distance = 0.2
2021-10-24 13:31:58,023:TEST-MODE:INFO: [task]: kp = 40
2021-10-24 13:31:58,024:TEST-MODE:INFO: [task]: kd = 1000
2021-10-24 13:31:58,032:TEST-MODE:INFO: [task]: ki = 0.001
2021-10-24 13:31:58,032:TEST-MODE:INFO: [pressure]: epsilon = 0.5
2021-10-24 13:31:58,033:TEST-MODE:INFO: [pressure]: avg_samples = 5
2021-10-24 13:31:58,033:TEST-MODE:INFO: [pressure]: precision = 2
2021-10-24 13:31:58,034:TEST-MODE:INFO: [temperature]: avg_samples = 5
2021-10-24 13:31:58,034:TEST-MODE:INFO: [temperature]: precision = 2
2021-10-24 13:31:58,035:TEST-MODE:INFO: [imu]: avg_samples = 5
2021-10-24 13:31:58,035:TEST-MODE:INFO: [imu]: precision = 2
2021-10-24 13:31:58,035:TEST-MODE:INFO: [bladder]: avg_samples = 1
2021-10-24 13:31:58,036:TEST-MODE:INFO: [bladder]: precision = 2
2021-10-24 13:31:58,036:TEST-MODE:INFO: [altimeter]: avg_samples = 1
2021-10-24 13:31:58,037:TEST-MODE:INFO: [altimeter]: precision = 2
2021-10-24 13:31:58,037:TEST-MODE:INFO: [rpm]: avg_samples = 1
2021-10-24 13:31:58,038:TEST-MODE:INFO: [rpm]: precision = 2
2021-10-24 13:31:58,038:TEST-MODE:INFO: [pickup]: wait_for_water_duration = 10
2021-10-24 13:31:58,039:TEST-MODE:INFO: [safety]: timeout = 30
2021-10-24 13:31:58,039:TEST-MODE:WARNING: Safety is disabled
2021-10-24 13:31:58,040:TEST-MODE:WARNING: Altimeter is disabled
2021-10-24 13:31:58,042:TEST-MODE:WARNING: Test mode
2021-10-24 13:31:58,044:TEST-MODE:INFO: Pressure controller was initialized successfully
2021-10-24 13:31:58,045:TEST-MODE:INFO: BP1 pressure sensor was initialized successfully
2021-10-24 13:31:58,046:TEST-MODE:INFO: BP2 pressure sensor was initialized successfully
2021-10-24 13:31:58,047:TEST-MODE:INFO: TP1 pressure sensor was initialized successfully
2021-10-24 13:31:58,048:TEST-MODE:INFO: TP2 pressure sensor was initialized successfully
2021-10-24 13:31:58,048:TEST-MODE:INFO: HP pressure sensor was initialized successfully
2021-10-24 13:31:58,049:TEST-MODE:INFO: AP pressure sensor was initialized successfully
2021-10-24 13:31:58,049:TEST-MODE:INFO: Temperature controller was initialized successfully
2021-10-24 13:31:58,050:TEST-MODE:INFO: BT1 temperature sensor was initialized successfully
2021-10-24 13:31:58,050:TEST-MODE:INFO: BT2 temperature sensor was initialized successfully
2021-10-24 13:31:58,051:TEST-MODE:INFO: TT1 temperature sensor was initialized successfully
2021-10-24 13:31:58,051:TEST-MODE:INFO: TT2 temperature sensor was initialized successfully
2021-10-24 13:31:58,052:TEST-MODE:INFO: AT temperature sensor was initialized successfully
2021-10-24 13:31:58,052:TEST-MODE:INFO: IMU controller was initialized successfully
2021-10-24 13:31:58,052:TEST-MODE:INFO: X IMU sensor was initialized successfully
2021-10-24 13:31:58,053:TEST-MODE:INFO: Y IMU sensor was initialized successfully
2021-10-24 13:31:58,053:TEST-MODE:INFO: Z IMU sensor was initialized successfully
2021-10-24 13:31:58,054:TEST-MODE:INFO: Bladder volume controller was initialized successfully
2021-10-24 13:31:58,054:TEST-MODE:INFO: Altimeter controller was initialized successfully
2021-10-24 13:31:58,055:TEST-MODE:INFO: rpm controller was initialized successfully
2021-10-24 13:31:58,055:TEST-MODE:INFO: Pump flag controller was initialized successfully
2021-10-24 13:31:58,055:TEST-MODE:INFO: Bladder flag controller was initialized successfully
2021-10-24 13:31:58,056:TEST-MODE:INFO: Hull leak flag controller was initialized successfully
2021-10-24 13:31:58,056:TEST-MODE:INFO: Engine leak flag controller was initialized successfully
2021-10-24 13:31:58,057:TEST-MODE:INFO: Full surface initiated flag controller was initialized successfully
2021-10-24 13:31:58,057:TEST-MODE:INFO: Iridium flag controller was initialized successfully
2021-10-24 13:31:58,057:TEST-MODE:DEBUG: attempting to init serial comm
2021-10-24 13:31:58,058:TEST-MODE:DEBUG:  port:/dev/ttyACM0
2021-10-24 13:31:58,058:TEST-MODE:DEBUG:  baud_rate:115200
2021-10-24 13:31:58,059:TEST-MODE:INFO: SerialComm was initialized successfully
2021-10-24 13:31:58,060:TEST-MODE:DEBUG: attempting to load profile: cfg/profile.txt
2021-10-24 13:31:58,074:TEST-MODE:INFO: Profile file loaded successfully
2021-10-24 13:31:58,075:TEST-MODE:INFO: Profile class was initialized successfully
2021-10-24 13:31:58,134:TEST-MODE:INFO: compiling mega code
