2021-10-24 12:47:08,547:TEST-MODE:INFO: init
2021-10-24 12:47:08,548:TEST-MODE:INFO: loading settings:
2021-10-24 12:47:08,548:TEST-MODE:INFO: [app]: simulation = False
2021-10-24 12:47:08,549:TEST-MODE:INFO: [app]: simulation_udp_port = 12000
2021-10-24 12:47:08,549:TEST-MODE:INFO: [app]: host_ip = 127.0.0.1
2021-10-24 12:47:08,549:TEST-MODE:INFO: [app]: disable_safety = True
2021-10-24 12:47:08,550:TEST-MODE:INFO: [app]: test_mode = True
2021-10-24 12:47:08,550:TEST-MODE:INFO: [app]: test_mode_udp_port = 5000
2021-10-24 12:47:08,551:TEST-MODE:INFO: [app]: disable_altimeter = True
2021-10-24 12:47:08,551:TEST-MODE:INFO: [app]: skip_arduino_compile = True
2021-10-24 12:47:08,552:TEST-MODE:INFO: [serial]: port = /dev/ttyACM0
2021-10-24 12:47:08,552:TEST-MODE:INFO: [serial]: timeout = 3
2021-10-24 12:47:08,552:TEST-MODE:INFO: [serial]: baud_rate = 115200
2021-10-24 12:47:08,553:TEST-MODE:INFO: [serial_safety]: port = /dev/ttyUSB0
2021-10-24 12:47:08,553:TEST-MODE:INFO: [serial_safety]: timeout = 3
2021-10-24 12:47:08,554:TEST-MODE:INFO: [serial_safety]: baud_rate = 115200
2021-10-24 12:47:08,554:TEST-MODE:INFO: [task]: min_time_off_duration_limit = 0.5
2021-10-24 12:47:08,554:TEST-MODE:INFO: [task]: planned_mission = [1, 0, 1, 0]
2021-10-24 12:47:08,555:TEST-MODE:INFO: [task]: hold_on_taget_duration = 60
2021-10-24 12:47:08,555:TEST-MODE:INFO: [task]: hold_on_target_distance = 0.4
2021-10-24 12:47:08,555:TEST-MODE:INFO: [task]: min_ascend_descend_distance = 0.2
2021-10-24 12:47:08,556:TEST-MODE:INFO: [task]: kp = 40
2021-10-24 12:47:08,556:TEST-MODE:INFO: [task]: kd = 1000
2021-10-24 12:47:08,556:TEST-MODE:INFO: [task]: ki = 0.001
2021-10-24 12:47:08,557:TEST-MODE:INFO: [pressure]: epsilon = 0.5
2021-10-24 12:47:08,557:TEST-MODE:INFO: [pressure]: avg_samples = 5
2021-10-24 12:47:08,558:TEST-MODE:INFO: [pressure]: precision = 2
2021-10-24 12:47:08,558:TEST-MODE:INFO: [temperature]: avg_samples = 5
2021-10-24 12:47:08,558:TEST-MODE:INFO: [temperature]: precision = 2
2021-10-24 12:47:08,559:TEST-MODE:INFO: [imu]: avg_samples = 5
2021-10-24 12:47:08,559:TEST-MODE:INFO: [imu]: precision = 2
2021-10-24 12:47:08,560:TEST-MODE:INFO: [bladder]: avg_samples = 1
2021-10-24 12:47:08,560:TEST-MODE:INFO: [bladder]: precision = 2
2021-10-24 12:47:08,560:TEST-MODE:INFO: [altimeter]: avg_samples = 1
2021-10-24 12:47:08,561:TEST-MODE:INFO: [altimeter]: precision = 2
2021-10-24 12:47:08,561:TEST-MODE:INFO: [rpm]: avg_samples = 1
2021-10-24 12:47:08,561:TEST-MODE:INFO: [rpm]: precision = 2
2021-10-24 12:47:08,562:TEST-MODE:INFO: [pickup]: wait_for_water_duration = 10
2021-10-24 12:47:08,562:TEST-MODE:INFO: [safety]: timeout = 30
2021-10-24 12:47:08,562:TEST-MODE:WARNING: Safety is disabled
2021-10-24 12:47:08,563:TEST-MODE:WARNING: Altimeter is disabled
2021-10-24 12:47:08,564:TEST-MODE:WARNING: Test mode
2021-10-24 12:47:08,565:TEST-MODE:INFO: Pressure controller was initialized successfully
2021-10-24 12:47:08,566:TEST-MODE:INFO: BP1 pressure sensor was initialized successfully
2021-10-24 12:47:08,567:TEST-MODE:INFO: BP2 pressure sensor was initialized successfully
2021-10-24 12:47:08,567:TEST-MODE:INFO: TP1 pressure sensor was initialized successfully
2021-10-24 12:47:08,568:TEST-MODE:INFO: TP2 pressure sensor was initialized successfully
2021-10-24 12:47:08,569:TEST-MODE:INFO: HP pressure sensor was initialized successfully
2021-10-24 12:47:08,570:TEST-MODE:INFO: AP pressure sensor was initialized successfully
2021-10-24 12:47:08,571:TEST-MODE:INFO: Temperature controller was initialized successfully
2021-10-24 12:47:08,571:TEST-MODE:INFO: BT1 temperature sensor was initialized successfully
2021-10-24 12:47:08,572:TEST-MODE:INFO: BT2 temperature sensor was initialized successfully
2021-10-24 12:47:08,572:TEST-MODE:INFO: TT1 temperature sensor was initialized successfully
2021-10-24 12:47:08,573:TEST-MODE:INFO: TT2 temperature sensor was initialized successfully
2021-10-24 12:47:08,573:TEST-MODE:INFO: AT temperature sensor was initialized successfully
2021-10-24 12:47:08,574:TEST-MODE:INFO: IMU controller was initialized successfully
2021-10-24 12:47:08,574:TEST-MODE:INFO: X IMU sensor was initialized successfully
2021-10-24 12:47:08,574:TEST-MODE:INFO: Y IMU sensor was initialized successfully
2021-10-24 12:47:08,575:TEST-MODE:INFO: Z IMU sensor was initialized successfully
2021-10-24 12:47:08,575:TEST-MODE:INFO: Bladder volume controller was initialized successfully
2021-10-24 12:47:08,576:TEST-MODE:INFO: Altimeter controller was initialized successfully
2021-10-24 12:47:08,576:TEST-MODE:INFO: rpm controller was initialized successfully
2021-10-24 12:47:08,577:TEST-MODE:INFO: Pump flag controller was initialized successfully
2021-10-24 12:47:08,577:TEST-MODE:INFO: Bladder flag controller was initialized successfully
2021-10-24 12:47:08,578:TEST-MODE:INFO: Hull leak flag controller was initialized successfully
2021-10-24 12:47:08,578:TEST-MODE:INFO: Engine leak flag controller was initialized successfully
2021-10-24 12:47:08,578:TEST-MODE:INFO: Full surface initiated flag controller was initialized successfully
2021-10-24 12:47:08,579:TEST-MODE:INFO: Iridium flag controller was initialized successfully
2021-10-24 12:47:08,579:TEST-MODE:DEBUG: attempting to init serial comm
2021-10-24 12:47:08,579:TEST-MODE:DEBUG:  port:/dev/ttyACM0
2021-10-24 12:47:08,580:TEST-MODE:DEBUG:  baud_rate:115200
2021-10-24 12:47:08,581:TEST-MODE:INFO: SerialComm was initialized successfully
2021-10-24 12:47:08,582:TEST-MODE:DEBUG: attempting to load profile: cfg/profile.txt
2021-10-24 12:47:08,597:TEST-MODE:INFO: Profile file loaded successfully
2021-10-24 12:47:08,597:TEST-MODE:INFO: Profile class was initialized successfully
2021-10-24 12:47:08,598:TEST-MODE:INFO: setting state to MissionState.IDLE
2021-10-24 12:47:08,600:TEST-MODE:DEBUG: mega>rpi: b':1766.20\r\n'
2021-10-24 12:47:08,600:TEST-MODE:ERROR: unknown header: :1766.20
2021-10-24 12:47:08,612:TEST-MODE:DEBUG: mega>rpi: b'TT1:24.24\r\n'
2021-10-24 12:47:08,624:TEST-MODE:DEBUG: mega>rpi: b'TT2:24.43\r\n'
2021-10-24 12:47:08,636:TEST-MODE:DEBUG: mega>rpi: b'TP1:1022.70\r\n'
2021-10-24 12:47:08,647:TEST-MODE:DEBUG: mega>rpi: b'0\r\n'
2021-10-24 12:47:08,658:TEST-MODE:DEBUG: mega>rpi: b'LC:1626.00\r\n'
2021-10-24 12:47:08,670:TEST-MODE:DEBUG: mega>rpi: b'HL:0.00\r\n'
2021-10-24 12:47:08,681:TEST-MODE:DEBUG: mega>rpi: b'EL:0.00\r\n'
2021-10-24 12:47:08,693:TEST-MODE:DEBUG: mega>rpi: b'BT1:24.76\r\n'
2021-10-24 12:47:08,705:TEST-MODE:DEBUG: mega>rpi: b'BT2:24.25\r\n'
2021-10-24 12:47:08,716:TEST-MODE:DEBUG: mega>rpi: b'BP1:1116.40\r\n'
2021-10-24 12:47:08,728:TEST-MODE:DEBUG: mega>rpi: b'BP2:1143.70\r\n'
2021-10-24 12:47:08,740:TEST-MODE:DEBUG: mega>rpi: b'HP:1766.20\r\n'
2021-10-24 12:47:08,752:TEST-MODE:DEBUG: mega>rpi: b'TT1:24.24\r\n'
2021-10-24 12:47:08,764:TEST-MODE:DEBUG: mega>rpi: b'TT2:24.43\r\n'
2021-10-24 12:47:08,776:TEST-MODE:DEBUG: mega>rpi: b'TP1:1022.70\r\n'
2021-10-24 12:47:08,787:TEST-MODE:DEBUG: mega>rpi: b'0\r\n'
2021-10-24 12:47:08,799:TEST-MODE:DEBUG: mega>rpi: b'LC:1626.00\r\n'
2021-10-24 12:47:08,811:TEST-MODE:DEBUG: mega>rpi: b'HL:0.00\r\n'
2021-10-24 12:47:08,823:TEST-MODE:DEBUG: mega>rpi: b'EL:0.00\r\n'
2021-10-24 12:47:08,835:TEST-MODE:DEBUG: mega>rpi: b'BT1:24.76\r\n'
2021-10-24 12:47:08,847:TEST-MODE:DEBUG: mega>rpi: b'BT2:24.25\r\n'
2021-10-24 12:47:08,858:TEST-MODE:DEBUG: mega>rpi: b'BP1:1116.40\r\n'
2021-10-24 12:47:08,870:TEST-MODE:DEBUG: mega>rpi: b'BP2:1143.70\r\n'
2021-10-24 12:47:08,882:TEST-MODE:DEBUG: mega>rpi: b'HP:1766.20\r\n'
2021-10-24 12:47:08,894:TEST-MODE:DEBUG: mega>rpi: b'TT1:24.24\r\n'
2021-10-24 12:47:08,906:TEST-MODE:DEBUG: mega>rpi: b'TT2:24.43\r\n'
2021-10-24 12:47:08,918:TEST-MODE:DEBUG: mega>rpi: b'TP1:1022.70\r\n'
2021-10-24 12:47:10,000:TEST-MODE:DEBUG: mega>rpi: b'SU:0.00\r\n'
2021-10-24 12:47:10,002:TEST-MODE:ERROR: unknown header: SU:0.00
2021-10-24 12:47:10,026:TEST-MODE:DEBUG: mega>rpi: b'BT1:24.37\r\n'
2021-10-24 12:47:15,968:TEST-MODE:DEBUG: mega>rpi: b'SU:0.00\r\n'
2021-10-24 12:47:15,970:TEST-MODE:ERROR: unknown header: SU:0.00
2021-10-24 12:47:15,994:TEST-MODE:DEBUG: mega>rpi: b'BT1:24.37\r\n'
2021-10-24 12:47:16,027:TEST-MODE:DEBUG: mega>rpi: b'BT2:-983.03\r\n'
2021-10-24 12:47:16,039:TEST-MODE:DEBUG: mega>rpi: b'PS:2.00\r\n'
2021-10-24 12:47:16,040:TEST-MODE:ERROR: unknown header: PS:2.00
2021-10-24 12:47:17,098:TEST-MODE:DEBUG: mega>rpi: b'BP1:1116.30\r\n'
2021-10-24 12:47:17,152:TEST-MODE:DEBUG: mega>rpi: b'BP2:1144.30\r\n'
2021-10-24 12:47:17,219:TEST-MODE:DEBUG: mega>rpi: b'HP:1767.10\r\n'
2021-10-24 12:47:17,242:TEST-MODE:DEBUG: mega>rpi: b'AT:24.99\r\n'
2021-10-24 12:47:17,296:TEST-MODE:DEBUG: mega>rpi: b'AP:6092.90\r\n'
2021-10-24 12:47:17,329:TEST-MODE:DEBUG: mega>rpi: b'TT1:26.36\r\n'
2021-10-24 12:47:17,363:TEST-MODE:DEBUG: mega>rpi: b'TT2:26.36\r\n'
2021-10-24 12:47:17,419:TEST-MODE:DEBUG: mega>rpi: b'TP1:1022.50\r\n'
2021-10-24 12:47:17,472:TEST-MODE:DEBUG: mega>rpi: b'TP2:1037.00\r\n'
2021-10-24 12:47:17,486:TEST-MODE:DEBUG: mega>rpi: b'\r\n'
2021-10-24 12:47:17,734:TEST-MODE:DEBUG: mega>rpi: b'X:0.00\r\n'
2021-10-24 12:47:17,746:TEST-MODE:DEBUG: mega>rpi: b'Y:0.00\r\n'
2021-10-24 12:47:17,759:TEST-MODE:DEBUG: mega>rpi: b'Z:0.00\r\n'
2021-10-24 12:47:18,981:TEST-MODE:DEBUG: mega>rpi: b'Date: 10/24/2021 Time: 11:45:10\r\n'
2021-10-24 12:47:18,982:TEST-MODE:ERROR: unknown header: Date: 10/24/2021 Time
2021-10-24 12:47:21,935:TEST-MODE:DEBUG: mega>rpi: b'SU:0.00\r\n'
2021-10-24 12:47:21,935:TEST-MODE:ERROR: unknown header: SU:0.00
2021-10-24 12:47:21,969:TEST-MODE:DEBUG: mega>rpi: b'BT1:24.39\r\n'
2021-10-24 12:47:21,992:TEST-MODE:DEBUG: mega>rpi: b'BT2:ovf\r\n'
2021-10-24 12:47:21,993:TEST-MODE:ERROR: SENSOR ERROR: [BT2] Overflow value: [ovf]
2021-10-24 12:47:22,049:TEST-MODE:DEBUG: mega>rpi: b'BP1:1106.20\r\n'
2021-10-24 12:47:22,113:TEST-MODE:DEBUG: mega>rpi: b'BP2:1133.50\r\n'
2021-10-24 12:47:22,166:TEST-MODE:DEBUG: mega>rpi: b'HP:1757.30\r\n'
2021-10-24 12:47:22,199:TEST-MODE:DEBUG: mega>rpi: b'AT:24.98\r\n'
2021-10-24 12:47:22,253:TEST-MODE:DEBUG: mega>rpi: b'AP:6093.30\r\n'
2021-10-24 12:47:22,286:TEST-MODE:DEBUG: mega>rpi: b'TT1:26.36\r\n'
2021-10-24 12:47:22,309:TEST-MODE:DEBUG: mega>rpi: b'TT2:26.36\r\n'
2021-10-24 12:47:22,373:TEST-MODE:DEBUG: mega>rpi: b'TP1:1012.00\r\n'
2021-10-24 12:47:22,427:TEST-MODE:DEBUG: mega>rpi: b'TP2:1025.10\r\n'
2021-10-24 12:47:22,438:TEST-MODE:DEBUG: mega>rpi: b'\r\n'
2021-10-24 12:47:22,687:TEST-MODE:DEBUG: mega>rpi: b'X:0.00\r\n'
2021-10-24 12:47:22,699:TEST-MODE:DEBUG: mega>rpi: b'Y:0.00\r\n'
2021-10-24 12:47:22,712:TEST-MODE:DEBUG: mega>rpi: b'Z:0.00\r\n'
2021-10-24 12:47:23,004:TEST-MODE:DEBUG: mega>rpi: b'Date: 10/24/2021 Time: 11:45:14\r\n'
2021-10-24 12:47:23,005:TEST-MODE:ERROR: unknown header: Date: 10/24/2021 Time
2021-10-24 12:47:24,697:TEST-MODE:DEBUG: mega>rpi: b'SU:1.00\r\n'
2021-10-24 12:47:24,698:TEST-MODE:ERROR: unknown header: SU:1.00
2021-10-24 12:47:24,711:TEST-MODE:DEBUG: mega>rpi: b'LC:1.00\r\n'
2021-10-24 12:47:24,775:TEST-MODE:DEBUG: mega>rpi: b'HL:0.00\r\n'
2021-10-24 12:47:24,787:TEST-MODE:DEBUG: mega>rpi: b'EL:0.00\r\n'
2021-10-24 12:47:24,800:TEST-MODE:DEBUG: mega>rpi: b'BT1:24.73\r\n'
2021-10-24 12:47:24,812:TEST-MODE:DEBUG: mega>rpi: b'BT2:24.19\r\n'
2021-10-24 12:47:24,866:TEST-MODE:DEBUG: mega>rpi: b'BP1:1121.40\r\n'
2021-10-24 12:47:24,930:TEST-MODE:DEBUG: mega>rpi: b'BP2:1148.60\r\n'
2021-10-24 12:47:24,984:TEST-MODE:DEBUG: mega>rpi: b'HP:1772.20\r\n'
2021-10-24 12:47:24,996:TEST-MODE:DEBUG: mega>rpi: b'TT1:24.17\r\n'
2021-10-24 12:47:25,009:TEST-MODE:DEBUG: mega>rpi: b'TT2:24.25\r\n'
2021-10-24 12:47:25,073:TEST-MODE:DEBUG: mega>rpi: b'TP1:1027.50\r\n'
2021-10-24 12:47:25,127:TEST-MODE:DEBUG: mega>rpi: b'TP2:1041.90\r\n'
2021-10-24 12:47:25,139:TEST-MODE:DEBUG: mega>rpi: b'AT:25.55\r\n'
2021-10-24 12:47:25,203:TEST-MODE:DEBUG: mega>rpi: b'AP:6082.80\r\n'
2021-10-24 12:47:25,216:TEST-MODE:DEBUG: mega>rpi: b'BV:671.64\r\n'
2021-10-24 12:47:25,217:TEST-MODE:INFO: State.STOP
2021-10-24 12:47:25,223:TEST-MODE:INFO: BT1   BT2             TT1   TT2   AT              X               Y               Z               BP1   BP2   TP1   TP2             HP      AP              PD PC HL EL BF   SF   PF   BV     rpm             State MissionState Setpoint Error Depth 
2021-10-24 12:47:25,225:TEST-MODE:INFO: 24.52 Buffering (4/5) 25.07 25.17 Buffering (3/5) Buffering (2/5) Buffering (2/5) Buffering (2/5) 11.15 11.43 10.21 Buffering (3/5) 1765.80 Buffering (3/5) 0  0  0  0  None None None 671.64 Buffering (0/1) STOP  IDLE         None     None  None  
2021-10-24 12:47:25,226:TEST-MODE:WARNING: Stopped
2021-10-24 12:47:25,238:TEST-MODE:DEBUG: mega>rpi: b'BF:2.00\r\n'
2021-10-24 12:47:25,251:TEST-MODE:DEBUG: mega>rpi: b'X:0.00\r\n'
2021-10-24 12:47:25,263:TEST-MODE:DEBUG: mega>rpi: b'Y:0.00\r\n'
2021-10-24 12:47:25,275:TEST-MODE:DEBUG: mega>rpi: b'Z:0.00\r\n'
2021-10-24 12:47:25,287:TEST-MODE:DEBUG: mega>rpi: b'PD:1.52\r\n'
2021-10-24 12:47:25,300:TEST-MODE:DEBUG: mega>rpi: b'PC:100.00\r\n'
2021-10-24 12:47:25,312:TEST-MODE:DEBUG: mega>rpi: b'LC:2.00\r\n'
2021-10-24 12:47:25,324:TEST-MODE:DEBUG: mega>rpi: b'HL:0.00\r\n'
2021-10-24 12:47:25,336:TEST-MODE:DEBUG: mega>rpi: b'EL:0.00\r\n'
2021-10-24 12:47:25,348:TEST-MODE:DEBUG: mega>rpi: b'BT1:24.72\r\n'
2021-10-24 12:47:25,360:TEST-MODE:DEBUG: mega>rpi: b'BT2:24.18\r\n'
2021-10-24 12:47:25,413:TEST-MODE:DEBUG: mega>rpi: b'BP1:1120.40\r\n'
2021-10-24 12:47:25,475:TEST-MODE:DEBUG: mega>rpi: b'BP2:1148.20\r\n'
2021-10-24 12:47:25,528:TEST-MODE:DEBUG: mega>rpi: b'HP:1771.20\r\n'
2021-10-24 12:47:25,539:TEST-MODE:DEBUG: mega>rpi: b'TT1:24.17\r\n'
2021-10-24 12:47:25,561:TEST-MODE:DEBUG: mega>rpi: b'TT2:24.24\r\n'
2021-10-24 12:47:25,614:TEST-MODE:DEBUG: mega>rpi: b'TP1:1026.40\r\n'
2021-10-24 12:47:25,677:TEST-MODE:DEBUG: mega>rpi: b'TP2:1039.10\r\n'
2021-10-24 12:47:25,688:TEST-MODE:DEBUG: mega>rpi: b'AT:25.54\r\n'
2021-10-24 12:47:25,741:TEST-MODE:DEBUG: mega>rpi: b'AP:6083.50\r\n'
2021-10-24 12:47:25,753:TEST-MODE:DEBUG: mega>rpi: b'BV:671.43\r\n'
2021-10-24 12:47:25,753:TEST-MODE:INFO: State.STOP
2021-10-24 12:47:25,756:TEST-MODE:INFO: BT1   BT2     TT1   TT2   AT              X               Y               Z               BP1   BP2   TP1   TP2             HP      AP              PD   PC     HL EL BF SF   PF   BV     rpm             State MissionState Setpoint Error Depth 
2021-10-24 12:47:25,757:TEST-MODE:INFO: 24.52 -177.23 25.06 25.13 Buffering (4/5) Buffering (3/5) Buffering (3/5) Buffering (3/5) 11.16 11.44 10.22 Buffering (4/5) 1766.80 Buffering (4/5) 1.52 100.00 0  0  2  None None 671.43 Buffering (0/1) STOP  IDLE         None     None  None  
2021-10-24 12:47:25,758:TEST-MODE:WARNING: Stopped
2021-10-24 12:47:25,770:TEST-MODE:DEBUG: mega>rpi: b'BF:2.00\r\n'
2021-10-24 12:47:25,781:TEST-MODE:DEBUG: mega>rpi: b'X:0.01\r\n'
2021-10-24 12:47:25,793:TEST-MODE:DEBUG: mega>rpi: b'Y:-0.01\r\n'
2021-10-24 12:47:25,804:TEST-MODE:DEBUG: mega>rpi: b'Z:0.01\r\n'
2021-10-24 12:47:25,816:TEST-MODE:DEBUG: mega>rpi: b'PD:1.50\r\n'
2021-10-24 12:47:25,827:TEST-MODE:DEBUG: mega>rpi: b'PC:100.00\r\n'
2021-10-24 12:47:25,839:TEST-MODE:DEBUG: mega>rpi: b'LC:3.00\r\n'
2021-10-24 12:47:25,850:TEST-MODE:DEBUG: mega>rpi: b'HL:0.00\r\n'
2021-10-24 12:47:25,862:TEST-MODE:DEBUG: mega>rpi: b'EL:0.00\r\n'
2021-10-24 12:47:25,873:TEST-MODE:DEBUG: mega>rpi: b'BT1:24.72\r\n'
2021-10-24 12:47:25,885:TEST-MODE:DEBUG: mega>rpi: b'BT2:24.19\r\n'
2021-10-24 12:47:25,920:TEST-MODE:DEBUG: mega>rpi: b'BP1:1117.40\r\n'
2021-10-24 12:47:25,983:TEST-MODE:DEBUG: mega>rpi: b'BP2:1145.60\r\n'
2021-10-24 12:47:26,035:TEST-MODE:DEBUG: mega>rpi: b'HP:1769.10\r\n'
2021-10-24 12:47:26,058:TEST-MODE:DEBUG: mega>rpi: b'TT1:24.17\r\n'
2021-10-24 12:47:26,070:TEST-MODE:DEBUG: mega>rpi: b'TT2:24.24\r\n'
2021-10-24 12:47:26,124:TEST-MODE:DEBUG: mega>rpi: b'TP1:1023.20\r\n'
2021-10-24 12:47:26,188:TEST-MODE:DEBUG: mega>rpi: b'TP2:1036.40\r\n'
2021-10-24 12:47:26,201:TEST-MODE:DEBUG: mega>rpi: b'AT:25.55\r\n'
2021-10-24 12:47:26,255:TEST-MODE:DEBUG: mega>rpi: b'AP:6083.40\r\n'
2021-10-24 12:47:26,267:TEST-MODE:DEBUG: mega>rpi: b'BV:671.49\r\n'
2021-10-24 12:47:26,268:TEST-MODE:INFO: State.STOP
2021-10-24 12:47:26,272:TEST-MODE:INFO: BT1   BT2     TT1   TT2   AT    X               Y               Z               BP1   BP2   TP1   TP2   HP      AP      PD   PC     HL EL BF SF   PF   BV     rpm             State MissionState Setpoint Error Depth 
2021-10-24 12:47:26,274:TEST-MODE:INFO: 24.59 -177.24 25.05 25.09 25.32 Buffering (4/5) Buffering (4/5) Buffering (4/5) 11.16 11.44 10.22 10.36 1767.38 6087.18 1.50 100.00 0  0  2  None None 671.49 Buffering (0/1) STOP  IDLE         None     None  10.79 
2021-10-24 12:47:26,275:TEST-MODE:WARNING: Stopped
2021-10-24 12:47:26,277:TEST-MODE:DEBUG: mega>rpi: b'BF:2.00\r\n'
2021-10-24 12:47:26,280:TEST-MODE:DEBUG: mega>rpi: b'X:-0.21\r\n'
2021-10-24 12:47:26,282:TEST-MODE:DEBUG: mega>rpi: b'Y:0.07\r\n'
2021-10-24 12:47:26,284:TEST-MODE:DEBUG: mega>rpi: b'Z:-0.02\r\n'
2021-10-24 12:47:26,286:TEST-MODE:DEBUG: mega>rpi: b'PD:1.50\r\n'
2021-10-24 12:47:26,288:TEST-MODE:DEBUG: mega>rpi: b'PC:100.00\r\n'
2021-10-24 12:47:26,290:TEST-MODE:DEBUG: mega>rpi: b'LC:4.00\r\n'
2021-10-24 12:47:26,359:TEST-MODE:DEBUG: mega>rpi: b'HL:0.00\r\n'
2021-10-24 12:47:26,360:TEST-MODE:DEBUG: mega>rpi: b'EL:0.00\r\n'
2021-10-24 12:47:26,373:TEST-MODE:DEBUG: mega>rpi: b'BT1:24.72\r\n'
2021-10-24 12:47:26,387:TEST-MODE:DEBUG: mega>rpi: b'BT2:24.18\r\n'
2021-10-24 12:47:26,445:TEST-MODE:DEBUG: mega>rpi: b'BP1:1115.30\r\n'
2021-10-24 12:47:26,502:TEST-MODE:DEBUG: mega>rpi: b'BP2:1143.30\r\n'
2021-10-24 12:47:26,559:TEST-MODE:DEBUG: mega>rpi: b'HP:1766.80\r\n'
2021-10-24 12:47:26,575:TEST-MODE:DEBUG: mega>rpi: b'TT1:24.15\r\n'
2021-10-24 12:47:26,588:TEST-MODE:DEBUG: mega>rpi: b'TT2:24.23\r\n'
2021-10-24 12:47:26,645:TEST-MODE:DEBUG: mega>rpi: b'TP1:1020.30\r\n'
2021-10-24 12:47:26,706:TEST-MODE:DEBUG: mega>rpi: b'TP2:1034.40\r\n'
2021-10-24 12:47:26,719:TEST-MODE:DEBUG: mega>rpi: b'AT:25.55\r\n'
2021-10-24 12:47:26,777:TEST-MODE:DEBUG: mega>rpi: b'AP:6083.20\r\n'
2021-10-24 12:47:26,778:TEST-MODE:DEBUG: mega>rpi: b'BV:671.54\r\n'
2021-10-24 12:47:26,779:TEST-MODE:INFO: State.STOP
2021-10-24 12:47:26,782:TEST-MODE:INFO: BT1   BT2     TT1   TT2   AT    X     Y    Z     BP1   BP2   TP1   TP2   HP      AP      PD   PC     HL EL BF SF   PF   BV     rpm             State MissionState Setpoint Error Depth 
2021-10-24 12:47:26,783:TEST-MODE:INFO: 24.66 -177.26 24.60 24.66 25.43 -0.04 0.01 -0.00 11.16 11.44 10.22 10.35 1767.32 6085.24 1.50 100.00 0  0  2  None None 671.54 Buffering (0/1) STOP  IDLE         None     None  10.79 
2021-10-24 12:47:26,784:TEST-MODE:WARNING: Stopped
2021-10-24 12:47:26,786:TEST-MODE:DEBUG: mega>rpi: b'BF:2.00\r\n'
2021-10-24 12:47:26,787:TEST-MODE:DEBUG: mega>rpi: b'PD:1.51\r\n'
2021-10-24 12:47:26,789:TEST-MODE:DEBUG: mega>rpi: b'PC:100.00\r\n'
2021-10-24 12:47:26,790:TEST-MODE:DEBUG: mega>rpi: b'LC:5.00\r\n'
2021-10-24 12:47:26,867:TEST-MODE:DEBUG: mega>rpi: b'HL:0.00\r\n'
2021-10-24 12:47:26,868:TEST-MODE:DEBUG: mega>rpi: b'EL:0.00\r\n'
2021-10-24 12:47:26,882:TEST-MODE:DEBUG: mega>rpi: b'BT1:24.72\r\n'
2021-10-24 12:47:26,895:TEST-MODE:DEBUG: mega>rpi: b'BT2:24.19\r\n'
2021-10-24 12:47:26,953:TEST-MODE:DEBUG: mega>rpi: b'BP1:1114.40\r\n'
2021-10-24 12:47:27,009:TEST-MODE:DEBUG: mega>rpi: b'BP2:1141.40\r\n'
2021-10-24 12:47:27,070:TEST-MODE:DEBUG: mega>rpi: b'HP:1766.00\r\n'
2021-10-24 12:47:27,084:TEST-MODE:DEBUG: mega>rpi: b'TT1:24.15\r\n'
2021-10-24 12:47:27,095:TEST-MODE:DEBUG: mega>rpi: b'TT2:24.23\r\n'
2021-10-24 12:47:27,156:TEST-MODE:DEBUG: mega>rpi: b'TP1:1020.40\r\n'
2021-10-24 12:47:27,215:TEST-MODE:DEBUG: mega>rpi: b'TP2:1034.70\r\n'
2021-10-24 12:47:27,226:TEST-MODE:DEBUG: mega>rpi: b'AT:25.55\r\n'
2021-10-24 12:47:27,284:TEST-MODE:DEBUG: mega>rpi: b'AP:6083.30\r\n'
2021-10-24 12:47:27,288:TEST-MODE:DEBUG: mega>rpi: b'BV:671.52\r\n'
2021-10-24 12:47:27,288:TEST-MODE:INFO: State.STOP
2021-10-24 12:47:27,291:TEST-MODE:INFO: BT1   BT2   TT1   TT2   AT    X     Y    Z     BP1   BP2   TP1   TP2   HP      AP      PD   PC     HL EL BF SF   PF   BV     rpm             State MissionState Setpoint Error Depth 
2021-10-24 12:47:27,292:TEST-MODE:INFO: 24.72 24.19 24.16 24.24 25.55 -0.04 0.01 -0.00 11.18 11.45 10.24 10.37 1769.06 6083.24 1.51 100.00 0  0  2  None None 671.52 Buffering (0/1) STOP  IDLE         None     None  10.81 
2021-10-24 12:47:27,293:TEST-MODE:WARNING: Stopped
2021-10-24 12:47:27,295:TEST-MODE:DEBUG: mega>rpi: b'BF:2.00\r\n'
2021-10-24 12:47:27,297:TEST-MODE:DEBUG: mega>rpi: b'X:0.00\r\n'
2021-10-24 12:47:27,298:TEST-MODE:DEBUG: mega>rpi: b'Y:0.02\r\n'
2021-10-24 12:47:27,299:TEST-MODE:DEBUG: mega>rpi: b'Z:-0.02\r\n'
2021-10-24 12:47:27,309:TEST-MODE:DEBUG: mega>rpi: b'PD:1.53\r\n'
2021-10-24 12:47:27,313:TEST-MODE:DEBUG: mega>rpi: b'PC:100.00\r\n'
2021-10-24 12:47:27,314:TEST-MODE:DEBUG: mega>rpi: b'LC:6.00\r\n'
2021-10-24 12:47:27,390:TEST-MODE:DEBUG: mega>rpi: b'HL:0.00\r\n'
2021-10-24 12:47:27,394:TEST-MODE:DEBUG: mega>rpi: b'EL:0.00\r\n'
2021-10-24 12:47:27,407:TEST-MODE:DEBUG: mega>rpi: b'BT1:24.72\r\n'
2021-10-24 12:47:27,419:TEST-MODE:DEBUG: mega>rpi: b'BT2:24.18\r\n'
2021-10-24 12:47:27,477:TEST-MODE:DEBUG: mega>rpi: b'BP1:1114.60\r\n'
2021-10-24 12:47:27,538:TEST-MODE:DEBUG: mega>rpi: b'BP2:1141.40\r\n'
2021-10-24 12:47:27,596:TEST-MODE:DEBUG: mega>rpi: b'HP:1766.00\r\n'
2021-10-24 12:47:27,607:TEST-MODE:DEBUG: mega>rpi: b'TT1:24.15\r\n'
2021-10-24 12:47:27,624:TEST-MODE:DEBUG: mega>rpi: b'TT2:24.23\r\n'
2021-10-24 12:47:27,682:TEST-MODE:DEBUG: mega>rpi: b'TP1:1021.00\r\n'
2021-10-24 12:47:27,739:TEST-MODE:DEBUG: mega>rpi: b'TP2:1035.90\r\n'
2021-10-24 12:47:27,751:TEST-MODE:DEBUG: mega>rpi: b'AT:25.55\r\n'
2021-10-24 12:47:27,813:TEST-MODE:DEBUG: mega>rpi: b'AP:6083.90\r\n'
2021-10-24 12:47:27,814:TEST-MODE:DEBUG: mega>rpi: b'BV:671.37\r\n'
2021-10-24 12:47:27,815:TEST-MODE:INFO: State.STOP
2021-10-24 12:47:27,817:TEST-MODE:INFO: BT1   BT2   TT1   TT2   AT    X     Y    Z     BP1   BP2   TP1   TP2   HP      AP      PD   PC     HL EL BF SF   PF   BV     rpm             State MissionState Setpoint Error Depth 
2021-10-24 12:47:27,818:TEST-MODE:INFO: 24.72 24.18 24.16 24.23 25.55 -0.04 0.02 -0.01 11.16 11.44 10.22 10.36 1767.82 6083.46 1.53 100.00 0  0  2  None None 671.37 Buffering (0/1) STOP  IDLE         None     None  10.79 
2021-10-24 12:47:27,819:TEST-MODE:WARNING: Stopped
2021-10-24 12:47:27,821:TEST-MODE:DEBUG: mega>rpi: b'BF:2.00\r\n'
2021-10-24 12:47:27,823:TEST-MODE:DEBUG: mega>rpi: b'X:0.33\r\n'
2021-10-24 12:47:27,824:TEST-MODE:DEBUG: mega>rpi: b'Y:0.05\r\n'
2021-10-24 12:47:27,825:TEST-MODE:DEBUG: mega>rpi: b'Z:0.01\r\n'
2021-10-24 12:47:27,873:TEST-MODE:DEBUG: mega>rpi: b'PD:1.54\r\n'
2021-10-24 12:47:27,875:TEST-MODE:DEBUG: mega>rpi: b'PC:100.00\r\n'
2021-10-24 12:47:27,876:TEST-MODE:DEBUG: mega>rpi: b'LC:7.00\r\n'
2021-10-24 12:47:27,956:TEST-MODE:DEBUG: mega>rpi: b'HL:0.00\r\n'
2021-10-24 12:47:27,957:TEST-MODE:DEBUG: mega>rpi: b'EL:0.00\r\n'
2021-10-24 12:47:27,971:TEST-MODE:DEBUG: mega>rpi: b'BT1:24.72\r\n'
2021-10-24 12:47:27,984:TEST-MODE:DEBUG: mega>rpi: b'BT2:24.19\r\n'
2021-10-24 12:47:28,042:TEST-MODE:DEBUG: mega>rpi: b'BP1:1116.00\r\n'
2021-10-24 12:47:28,099:TEST-MODE:DEBUG: mega>rpi: b'BP2:1142.50\r\n'
2021-10-24 12:47:28,156:TEST-MODE:DEBUG: mega>rpi: b'HP:1767.40\r\n'
2021-10-24 12:47:28,173:TEST-MODE:DEBUG: mega>rpi: b'TT1:24.15\r\n'
2021-10-24 12:47:28,186:TEST-MODE:DEBUG: mega>rpi: b'TT2:24.24\r\n'
2021-10-24 12:47:28,242:TEST-MODE:DEBUG: mega>rpi: b'TP1:1022.50\r\n'
2021-10-24 12:47:28,304:TEST-MODE:DEBUG: mega>rpi: b'TP2:1037.60\r\n'
2021-10-24 12:47:28,317:TEST-MODE:DEBUG: mega>rpi: b'AT:25.55\r\n'
2021-10-24 12:47:28,373:TEST-MODE:DEBUG: mega>rpi: b'AP:6083.10\r\n'
2021-10-24 12:47:28,375:TEST-MODE:DEBUG: mega>rpi: b'BV:671.56\r\n'
2021-10-24 12:47:28,375:TEST-MODE:INFO: State.STOP
2021-10-24 12:47:28,378:TEST-MODE:INFO: BT1   BT2   TT1   TT2   AT    X    Y    Z     BP1   BP2   TP1   TP2   HP      AP      PD   PC     HL EL BF SF   PF   BV     rpm             State MissionState Setpoint Error Depth 
2021-10-24 12:47:28,379:TEST-MODE:INFO: 24.72 24.19 24.15 24.23 25.55 0.03 0.03 -0.00 11.16 11.43 10.21 10.36 1767.06 6083.38 1.54 100.00 0  0  2  None None 671.56 Buffering (0/1) STOP  IDLE         None     None  10.79 
2021-10-24 12:47:28,380:TEST-MODE:WARNING: Stopped
2021-10-24 12:47:28,382:TEST-MODE:DEBUG: mega>rpi: b'BF:2.00\r\n'
2021-10-24 12:47:28,384:TEST-MODE:DEBUG: mega>rpi: b'PD:1.54\r\n'
2021-10-24 12:47:28,385:TEST-MODE:DEBUG: mega>rpi: b'PC:100.00\r\n'
2021-10-24 12:47:28,387:TEST-MODE:DEBUG: mega>rpi: b'LC:8.00\r\n'
2021-10-24 12:47:28,464:TEST-MODE:DEBUG: mega>rpi: b'HL:0.00\r\n'
2021-10-24 12:47:28,465:TEST-MODE:DEBUG: mega>rpi: b'EL:0.00\r\n'
2021-10-24 12:47:28,480:TEST-MODE:DEBUG: mega>rpi: b'BT1:24.72\r\n'
2021-10-24 12:47:28,492:TEST-MODE:DEBUG: mega>rpi: b'BT2:24.17\r\n'
2021-10-24 12:47:28,550:TEST-MODE:DEBUG: mega>rpi: b'BP1:1116.20\r\n'
2021-10-24 12:47:28,608:TEST-MODE:DEBUG: mega>rpi: b'BP2:1143.90\r\n'
2021-10-24 12:47:28,664:TEST-MODE:DEBUG: mega>rpi: b'HP:1768.00\r\n'
2021-10-24 12:47:28,681:TEST-MODE:DEBUG: mega>rpi: b'TT1:24.15\r\n'
2021-10-24 12:47:28,693:TEST-MODE:DEBUG: mega>rpi: b'TT2:24.22\r\n'
2021-10-24 12:47:28,750:TEST-MODE:DEBUG: mega>rpi: b'TP1:1022.70\r\n'
2021-10-24 12:47:28,811:TEST-MODE:DEBUG: mega>rpi: b'TP2:1036.90\r\n'
2021-10-24 12:47:28,824:TEST-MODE:DEBUG: mega>rpi: b'AT:25.55\r\n'
2021-10-24 12:47:28,882:TEST-MODE:DEBUG: mega>rpi: b'AP:6083.40\r\n'
2021-10-24 12:47:28,884:TEST-MODE:DEBUG: mega>rpi: b'BV:671.49\r\n'
2021-10-24 12:47:28,884:TEST-MODE:INFO: State.STOP
2021-10-24 12:47:28,887:TEST-MODE:INFO: BT1   BT2   TT1   TT2   AT    X    Y    Z     BP1   BP2   TP1   TP2   HP      AP      PD   PC     HL EL BF SF   PF   BV     rpm             State MissionState Setpoint Error Depth 
2021-10-24 12:47:28,888:TEST-MODE:INFO: 24.72 24.18 24.15 24.23 25.55 0.03 0.03 -0.00 11.15 11.43 10.21 10.36 1766.84 6083.38 1.54 100.00 0  0  2  None None 671.49 Buffering (0/1) STOP  IDLE         None     None  10.79 
2021-10-24 12:47:28,889:TEST-MODE:WARNING: Stopped
2021-10-24 12:47:28,891:TEST-MODE:DEBUG: mega>rpi: b'BF:2.00\r\n'
2021-10-24 12:47:28,892:TEST-MODE:DEBUG: mega>rpi: b'X:-0.14\r\n'
2021-10-24 12:47:28,894:TEST-MODE:DEBUG: mega>rpi: b'Y:-0.04\r\n'
2021-10-24 12:47:28,895:TEST-MODE:DEBUG: mega>rpi: b'Z:-0.02\r\n'
2021-10-24 12:47:28,910:TEST-MODE:DEBUG: mega>rpi: b'PD:1.53\r\n'
2021-10-24 12:47:28,912:TEST-MODE:DEBUG: mega>rpi: b'PC:100.00\r\n'
2021-10-24 12:47:28,913:TEST-MODE:DEBUG: mega>rpi: b'LC:9.00\r\n'
2021-10-24 12:47:28,992:TEST-MODE:DEBUG: mega>rpi: b'HL:0.00\r\n'
2021-10-24 12:47:28,993:TEST-MODE:DEBUG: mega>rpi: b'EL:0.00\r\n'
2021-10-24 12:47:29,005:TEST-MODE:DEBUG: mega>rpi: b'BT1:24.72\r\n'
2021-10-24 12:47:29,021:TEST-MODE:DEBUG: mega>rpi: b'BT2:24.17\r\n'
2021-10-24 12:47:29,078:TEST-MODE:DEBUG: mega>rpi: b'BP1:1116.40\r\n'
2021-10-24 12:47:29,135:TEST-MODE:DEBUG: mega>rpi: b'BP2:1144.40\r\n'
2021-10-24 12:47:29,193:TEST-MODE:DEBUG: mega>rpi: b'HP:1768.00\r\n'
2021-10-24 12:47:29,210:TEST-MODE:DEBUG: mega>rpi: b'TT1:24.14\r\n'
2021-10-24 12:47:29,221:TEST-MODE:DEBUG: mega>rpi: b'TT2:24.24\r\n'
2021-10-24 12:47:29,279:TEST-MODE:DEBUG: mega>rpi: b'TP1:1023.10\r\n'
2021-10-24 12:47:29,337:TEST-MODE:DEBUG: mega>rpi: b'TP2:1037.00\r\n'
2021-10-24 12:47:29,352:TEST-MODE:DEBUG: mega>rpi: b'AT:25.55\r\n'
2021-10-24 12:47:29,410:TEST-MODE:DEBUG: mega>rpi: b'AP:6083.30\r\n'
2021-10-24 12:47:29,412:TEST-MODE:DEBUG: mega>rpi: b'BV:671.52\r\n'
2021-10-24 12:47:29,412:TEST-MODE:INFO: State.STOP
2021-10-24 12:47:29,415:TEST-MODE:INFO: BT1   BT2   TT1   TT2   AT    X     Y    Z     BP1   BP2   TP1   TP2   HP      AP      PD   PC     HL EL BF SF   PF   BV     rpm             State MissionState Setpoint Error Depth 
2021-10-24 12:47:29,416:TEST-MODE:INFO: 24.72 24.18 24.15 24.23 25.55 -0.00 0.02 -0.01 11.16 11.43 10.22 10.36 1767.08 6083.40 1.53 100.00 0  0  2  None None 671.52 Buffering (0/1) STOP  IDLE         None     None  10.79 
2021-10-24 12:47:29,417:TEST-MODE:WARNING: Stopped
2021-10-24 12:47:29,420:TEST-MODE:DEBUG: mega>rpi: b'BF:2.00\r\n'
2021-10-24 12:47:29,421:TEST-MODE:DEBUG: mega>rpi: b'PD:1.52\r\n'
2021-10-24 12:47:29,423:TEST-MODE:DEBUG: mega>rpi: b'PC:100.00\r\n'
2021-10-24 12:47:29,424:TEST-MODE:DEBUG: mega>rpi: b'LC:10.00\r\n'
2021-10-24 12:47:29,499:TEST-MODE:DEBUG: mega>rpi: b'HL:0.00\r\n'
2021-10-24 12:47:29,501:TEST-MODE:DEBUG: mega>rpi: b'EL:0.00\r\n'
2021-10-24 12:47:29,516:TEST-MODE:DEBUG: mega>rpi: b'BT1:24.72\r\n'
2021-10-24 12:47:29,529:TEST-MODE:DEBUG: mega>rpi: b'BT2:24.18\r\n'
2021-10-24 12:47:29,586:TEST-MODE:DEBUG: mega>rpi: b'BP1:1116.30\r\n'
2021-10-24 12:47:29,643:TEST-MODE:DEBUG: mega>rpi: b'BP2:1145.10\r\n'
2021-10-24 12:47:29,704:TEST-MODE:DEBUG: mega>rpi: b'HP:1768.80\r\n'
2021-10-24 12:47:29,716:TEST-MODE:DEBUG: mega>rpi: b'TT1:24.14\r\n'
2021-10-24 12:47:29,729:TEST-MODE:DEBUG: mega>rpi: b'TT2:24.23\r\n'
2021-10-24 12:47:29,790:TEST-MODE:DEBUG: mega>rpi: b'TP1:1022.80\r\n'
2021-10-24 12:47:29,848:TEST-MODE:DEBUG: mega>rpi: b'TP2:1036.60\r\n'
2021-10-24 12:47:29,860:TEST-MODE:DEBUG: mega>rpi: b'AT:25.54\r\n'
2021-10-24 12:47:29,918:TEST-MODE:DEBUG: mega>rpi: b'AP:6083.50\r\n'
2021-10-24 12:47:29,922:TEST-MODE:DEBUG: mega>rpi: b'BV:671.43\r\n'
2021-10-24 12:47:29,922:TEST-MODE:INFO: State.STOP
2021-10-24 12:47:29,925:TEST-MODE:INFO: BT1   BT2   TT1   TT2   AT    X     Y    Z     BP1   BP2   TP1   TP2   HP      AP      PD   PC     HL EL BF SF   PF   BV     rpm             State MissionState Setpoint Error Depth 
2021-10-24 12:47:29,926:TEST-MODE:INFO: 24.72 24.18 24.15 24.23 25.55 -0.00 0.02 -0.01 11.16 11.43 10.22 10.37 1767.64 6083.44 1.52 100.00 0  0  2  None None 671.43 Buffering (0/1) STOP  IDLE         None     None  10.79 
2021-10-24 12:47:29,927:TEST-MODE:WARNING: Stopped
2021-10-24 12:47:29,929:TEST-MODE:DEBUG: mega>rpi: b'BF:2.00\r\n'
2021-10-24 12:47:29,930:TEST-MODE:DEBUG: mega>rpi: b'X:-0.02\r\n'
2021-10-24 12:47:29,932:TEST-MODE:DEBUG: mega>rpi: b'Y:0.24\r\n'
2021-10-24 12:47:29,933:TEST-MODE:DEBUG: mega>rpi: b'Z:-0.01\r\n'
2021-10-24 12:47:29,946:TEST-MODE:DEBUG: mega>rpi: b'PD:1.51\r\n'
2021-10-24 12:47:29,948:TEST-MODE:DEBUG: mega>rpi: b'PC:100.00\r\n'
2021-10-24 12:47:29,949:TEST-MODE:DEBUG: mega>rpi: b'LC:11.00\r\n'
2021-10-24 12:47:30,024:TEST-MODE:DEBUG: mega>rpi: b'HL:0.00\r\n'
2021-10-24 12:47:30,028:TEST-MODE:DEBUG: mega>rpi: b'EL:0.00\r\n'
2021-10-24 12:47:30,041:TEST-MODE:DEBUG: mega>rpi: b'BT1:24.72\r\n'
2021-10-24 12:47:30,053:TEST-MODE:DEBUG: mega>rpi: b'BT2:24.19\r\n'
2021-10-24 12:47:30,114:TEST-MODE:DEBUG: mega>rpi: b'BP1:1116.70\r\n'
2021-10-24 12:47:30,172:TEST-MODE:DEBUG: mega>rpi: b'BP2:1144.60\r\n'
2021-10-24 12:47:30,229:TEST-MODE:DEBUG: mega>rpi: b'HP:1768.80\r\n'
2021-10-24 12:47:30,241:TEST-MODE:DEBUG: mega>rpi: b'TT1:24.14\r\n'
2021-10-24 12:47:30,258:TEST-MODE:DEBUG: mega>rpi: b'TT2:24.24\r\n'
2021-10-24 12:47:30,314:TEST-MODE:DEBUG: mega>rpi: b'TP1:1023.00\r\n'
2021-10-24 12:47:30,372:TEST-MODE:DEBUG: mega>rpi: b'TP2:1036.80\r\n'
2021-10-24 12:47:30,388:TEST-MODE:DEBUG: mega>rpi: b'AT:25.55\r\n'
2021-10-24 12:47:30,447:TEST-MODE:DEBUG: mega>rpi: b'AP:6083.00\r\n'
2021-10-24 12:47:30,448:TEST-MODE:DEBUG: mega>rpi: b'BV:671.59\r\n'
2021-10-24 12:47:30,449:TEST-MODE:INFO: State.STOP
2021-10-24 12:47:30,452:TEST-MODE:INFO: BT1   BT2   TT1   TT2   AT    X     Y    Z     BP1   BP2   TP1   TP2   HP      AP      PD   PC     HL EL BF SF   PF   BV     rpm             State MissionState Setpoint Error Depth 
2021-10-24 12:47:30,453:TEST-MODE:INFO: 24.72 24.18 24.14 24.23 25.55 -0.01 0.07 -0.01 11.16 11.44 10.23 10.37 1768.20 6083.26 1.51 100.00 0  0  2  None None 671.59 Buffering (0/1) STOP  IDLE         None     None  10.80 
2021-10-24 12:47:30,453:TEST-MODE:WARNING: Stopped
2021-10-24 12:47:30,455:TEST-MODE:DEBUG: mega>rpi: b'BF:2.00\r\n'
2021-10-24 12:47:30,457:TEST-MODE:DEBUG: mega>rpi: b'PD:1.51\r\n'
2021-10-24 12:47:30,458:TEST-MODE:DEBUG: mega>rpi: b'PC:100.00\r\n'
2021-10-24 12:47:30,460:TEST-MODE:DEBUG: mega>rpi: b'LC:12.00\r\n'
2021-10-24 12:47:30,536:TEST-MODE:DEBUG: mega>rpi: b'HL:0.00\r\n'
2021-10-24 12:47:30,537:TEST-MODE:DEBUG: mega>rpi: b'EL:0.00\r\n'
2021-10-24 12:47:30,548:TEST-MODE:DEBUG: mega>rpi: b'BT1:24.72\r\n'
2021-10-24 12:47:30,561:TEST-MODE:DEBUG: mega>rpi: b'BT2:24.19\r\n'
2021-10-24 12:47:30,622:TEST-MODE:DEBUG: mega>rpi: b'BP1:1117.30\r\n'
2021-10-24 12:47:30,680:TEST-MODE:DEBUG: mega>rpi: b'BP2:1144.60\r\n'
2021-10-24 12:47:30,737:TEST-MODE:DEBUG: mega>rpi: b'HP:1769.00\r\n'
2021-10-24 12:47:30,749:TEST-MODE:DEBUG: mega>rpi: b'TT1:24.13\r\n'
2021-10-24 12:47:30,766:TEST-MODE:DEBUG: mega>rpi: b'TT2:24.23\r\n'
2021-10-24 12:47:30,822:TEST-MODE:DEBUG: mega>rpi: b'TP1:1022.90\r\n'
2021-10-24 12:47:30,880:TEST-MODE:DEBUG: mega>rpi: b'TP2:1036.60\r\n'
2021-10-24 12:47:30,896:TEST-MODE:DEBUG: mega>rpi: b'AT:25.54\r\n'
2021-10-24 12:47:30,955:TEST-MODE:DEBUG: mega>rpi: b'AP:6083.40\r\n'
2021-10-24 12:47:30,956:TEST-MODE:DEBUG: mega>rpi: b'BV:671.45\r\n'
2021-10-24 12:47:30,957:TEST-MODE:INFO: State.STOP
2021-10-24 12:47:30,960:TEST-MODE:INFO: BT1   BT2   TT1   TT2   AT    X     Y    Z     BP1   BP2   TP1   TP2   HP      AP      PD   PC     HL EL BF SF   PF   BV     rpm             State MissionState Setpoint Error Depth 
2021-10-24 12:47:30,961:TEST-MODE:INFO: 24.72 24.18 24.14 24.23 25.55 -0.01 0.07 -0.01 11.17 11.45 10.23 10.37 1768.52 6083.32 1.51 100.00 0  0  2  None None 671.45 Buffering (0/1) STOP  IDLE         None     None  10.80 
2021-10-24 12:47:30,961:TEST-MODE:WARNING: Stopped
2021-10-24 12:47:30,963:TEST-MODE:DEBUG: mega>rpi: b'BF:2.00\r\n'
2021-10-24 12:47:30,965:TEST-MODE:DEBUG: mega>rpi: b'X:0.01\r\n'
2021-10-24 12:47:30,966:TEST-MODE:DEBUG: mega>rpi: b'Y:0.01\r\n'
2021-10-24 12:47:30,967:TEST-MODE:DEBUG: mega>rpi: b'Z:0.04\r\n'
2021-10-24 12:47:30,979:TEST-MODE:DEBUG: mega>rpi: b'PD:1.51\r\n'
2021-10-24 12:47:30,980:TEST-MODE:DEBUG: mega>rpi: b'PC:100.00\r\n'
2021-10-24 12:47:30,982:TEST-MODE:DEBUG: mega>rpi: b'LC:13.00\r\n'
2021-10-24 12:47:31,061:TEST-MODE:DEBUG: mega>rpi: b'HL:0.00\r\n'
2021-10-24 12:47:31,062:TEST-MODE:DEBUG: mega>rpi: b'EL:0.00\r\n'
2021-10-24 12:47:31,072:TEST-MODE:DEBUG: mega>rpi: b'BT1:24.72\r\n'
2021-10-24 12:47:31,089:TEST-MODE:DEBUG: mega>rpi: b'BT2:24.18\r\n'
2021-10-24 12:47:31,147:TEST-MODE:DEBUG: mega>rpi: b'BP1:1116.90\r\n'
2021-10-24 12:47:31,204:TEST-MODE:DEBUG: mega>rpi: b'BP2:1144.50\r\n'
2021-10-24 12:47:31,261:TEST-MODE:DEBUG: mega>rpi: b'HP:1768.40\r\n'
2021-10-24 12:47:31,277:TEST-MODE:DEBUG: mega>rpi: b'TT1:24.13\r\n'
2021-10-24 12:47:31,290:TEST-MODE:DEBUG: mega>rpi: b'TT2:24.24\r\n'
2021-10-24 12:47:31,348:TEST-MODE:DEBUG: mega>rpi: b'TP1:1023.00\r\n'
2021-10-24 12:47:31,404:TEST-MODE:DEBUG: mega>rpi: b'TP2:1037.00\r\n'
2021-10-24 12:47:31,421:TEST-MODE:DEBUG: mega>rpi: b'AT:25.55\r\n'
2021-10-24 12:47:31,478:TEST-MODE:DEBUG: mega>rpi: b'AP:6083.40\r\n'
2021-10-24 12:47:31,480:TEST-MODE:DEBUG: mega>rpi: b'BV:671.49\r\n'
2021-10-24 12:47:31,480:TEST-MODE:INFO: State.STOP
2021-10-24 12:47:31,483:TEST-MODE:INFO: BT1   BT2   TT1   TT2   AT    X    Y    Z    BP1   BP2   TP1   TP2   HP      AP      PD   PC     HL EL BF SF   PF   BV     rpm             State MissionState Setpoint Error Depth 
2021-10-24 12:47:31,484:TEST-MODE:INFO: 24.72 24.18 24.14 24.24 25.55 0.04 0.06 0.00 11.17 11.45 10.23 10.37 1768.60 6083.32 1.51 100.00 0  0  2  None None 671.49 Buffering (0/1) STOP  IDLE         None     None  10.80 
2021-10-24 12:47:31,485:TEST-MODE:WARNING: Stopped
2021-10-24 12:47:31,487:TEST-MODE:DEBUG: mega>rpi: b'BF:2.00\r\n'
2021-10-24 12:47:31,489:TEST-MODE:DEBUG: mega>rpi: b'PD:1.51\r\n'
2021-10-24 12:47:31,490:TEST-MODE:DEBUG: mega>rpi: b'PC:100.00\r\n'
2021-10-24 12:47:31,492:TEST-MODE:DEBUG: mega>rpi: b'LC:14.00\r\n'
2021-10-24 12:47:31,568:TEST-MODE:DEBUG: mega>rpi: b'HL:0.00\r\n'
2021-10-24 12:47:31,569:TEST-MODE:DEBUG: mega>rpi: b'EL:0.00\r\n'
2021-10-24 12:47:31,584:TEST-MODE:DEBUG: mega>rpi: b'BT1:24.72\r\n'
2021-10-24 12:47:31,596:TEST-MODE:DEBUG: mega>rpi: b'BT2:24.19\r\n'
2021-10-24 12:47:31,654:TEST-MODE:DEBUG: mega>rpi: b'BP1:1116.90\r\n'
2021-10-24 12:47:31,712:TEST-MODE:DEBUG: mega>rpi: b'BP2:1143.50\r\n'
2021-10-24 12:47:31,768:TEST-MODE:DEBUG: mega>rpi: b'HP:1768.10\r\n'
2021-10-24 12:47:31,785:TEST-MODE:DEBUG: mega>rpi: b'TT1:24.14\r\n'
2021-10-24 12:47:31,798:TEST-MODE:DEBUG: mega>rpi: b'TT2:24.24\r\n'
2021-10-24 12:47:31,856:TEST-MODE:DEBUG: mega>rpi: b'TP1:1022.80\r\n'
2021-10-24 12:47:31,916:TEST-MODE:DEBUG: mega>rpi: b'TP2:1036.80\r\n'
2021-10-24 12:47:31,929:TEST-MODE:DEBUG: mega>rpi: b'AT:25.55\r\n'
2021-10-24 12:47:31,987:TEST-MODE:DEBUG: mega>rpi: b'AP:6083.00\r\n'
2021-10-24 12:47:31,988:TEST-MODE:DEBUG: mega>rpi: b'BV:671.59\r\n'
2021-10-24 12:47:31,989:TEST-MODE:INFO: State.STOP
2021-10-24 12:47:31,992:TEST-MODE:INFO: BT1   BT2   TT1   TT2   AT    X    Y    Z    BP1   BP2   TP1   TP2   HP      AP      PD   PC     HL EL BF SF   PF   BV     rpm             State MissionState Setpoint Error Depth 
2021-10-24 12:47:31,994:TEST-MODE:INFO: 24.72 24.19 24.14 24.24 25.55 0.04 0.06 0.00 11.17 11.44 10.23 10.37 1768.62 6083.26 1.51 100.00 0  0  2  None None 671.59 Buffering (0/1) STOP  IDLE         None     None  10.80 
2021-10-24 12:47:31,995:TEST-MODE:WARNING: Stopped
2021-10-24 12:47:31,997:TEST-MODE:DEBUG: mega>rpi: b'BF:2.00\r\n'
2021-10-24 12:47:31,999:TEST-MODE:DEBUG: mega>rpi: b'X:0.03\r\n'
2021-10-24 12:47:32,000:TEST-MODE:DEBUG: mega>rpi: b'Y:0.02\r\n'
2021-10-24 12:47:32,002:TEST-MODE:DEBUG: mega>rpi: b'Z:-0.02\r\n'
2021-10-24 12:47:32,014:TEST-MODE:DEBUG: mega>rpi: b'PD:1.51\r\n'
2021-10-24 12:47:32,016:TEST-MODE:DEBUG: mega>rpi: b'PC:100.00\r\n'
2021-10-24 12:47:32,018:TEST-MODE:DEBUG: mega>rpi: b'LC:15.00\r\n'
2021-10-24 12:47:32,093:TEST-MODE:DEBUG: mega>rpi: b'HL:0.00\r\n'
2021-10-24 12:47:32,097:TEST-MODE:DEBUG: mega>rpi: b'EL:0.00\r\n'
2021-10-24 12:47:32,110:TEST-MODE:DEBUG: mega>rpi: b'BT1:24.72\r\n'
2021-10-24 12:47:32,121:TEST-MODE:DEBUG: mega>rpi: b'BT2:24.18\r\n'
2021-10-24 12:47:32,182:TEST-MODE:DEBUG: mega>rpi: b'BP1:1115.80\r\n'
2021-10-24 12:47:32,241:TEST-MODE:DEBUG: mega>rpi: b'BP2:1143.20\r\n'
2021-10-24 12:47:32,297:TEST-MODE:DEBUG: mega>rpi: b'HP:1767.40\r\n'
2021-10-24 12:47:32,310:TEST-MODE:DEBUG: mega>rpi: b'TT1:24.13\r\n'
2021-10-24 12:47:32,327:TEST-MODE:DEBUG: mega>rpi: b'TT2:24.24\r\n'
2021-10-24 12:47:32,383:TEST-MODE:DEBUG: mega>rpi: b'TP1:1020.70\r\n'
2021-10-24 12:47:32,441:TEST-MODE:DEBUG: mega>rpi: b'TP2:1035.60\r\n'
2021-10-24 12:47:32,457:TEST-MODE:DEBUG: mega>rpi: b'AT:25.55\r\n'
2021-10-24 12:47:32,515:TEST-MODE:DEBUG: mega>rpi: b'AP:6082.90\r\n'
2021-10-24 12:47:32,517:TEST-MODE:DEBUG: mega>rpi: b'BV:671.61\r\n'
2021-10-24 12:47:32,518:TEST-MODE:INFO: State.STOP
2021-10-24 12:47:32,521:TEST-MODE:INFO: BT1   BT2   TT1   TT2   AT    X    Y    Z    BP1   BP2   TP1   TP2   HP      AP      PD   PC     HL EL BF SF   PF   BV     rpm             State MissionState Setpoint Error Depth 
2021-10-24 12:47:32,522:TEST-MODE:INFO: 24.72 24.19 24.13 24.24 25.55 0.04 0.06 0.00 11.17 11.44 10.22 10.37 1768.34 6083.14 1.51 100.00 0  0  2  None None 671.61 Buffering (0/1) STOP  IDLE         None     None  10.80 
2021-10-24 12:47:32,523:TEST-MODE:WARNING: Stopped
2021-10-24 12:47:32,525:TEST-MODE:DEBUG: mega>rpi: b'BF:2.00\r\n'
2021-10-24 12:47:32,526:TEST-MODE:DEBUG: mega>rpi: b'PD:1.51\r\n'
2021-10-24 12:47:32,528:TEST-MODE:DEBUG: mega>rpi: b'PC:100.00\r\n'
2021-10-24 12:47:32,530:TEST-MODE:DEBUG: mega>rpi: b'LC:16.00\r\n'
2021-10-24 12:47:32,601:TEST-MODE:DEBUG: mega>rpi: b'HL:0.00\r\n'
2021-10-24 12:47:32,603:TEST-MODE:DEBUG: mega>rpi: b'EL:0.00\r\n'
2021-10-24 12:47:32,618:TEST-MODE:DEBUG: mega>rpi: b'BT1:24.72\r\n'
2021-10-24 12:47:32,629:TEST-MODE:DEBUG: mega>rpi: b'BT2:24.18\r\n'
2021-10-24 12:47:32,687:TEST-MODE:DEBUG: mega>rpi: b'BP1:1114.90\r\n'
2021-10-24 12:47:32,748:TEST-MODE:DEBUG: mega>rpi: b'BP2:1142.60\r\n'
2021-10-24 12:47:32,812:TEST-MODE:DEBUG: mega>rpi: b'HP:1766.80\r\n'
2021-10-24 12:47:32,818:TEST-MODE:DEBUG: mega>rpi: b'TT1:24.14\r\n'
2021-10-24 12:47:32,833:TEST-MODE:DEBUG: mega>rpi: b'TT2:24.23\r\n'
2021-10-24 12:47:32,891:TEST-MODE:DEBUG: mega>rpi: b'TP1:1021.60\r\n'
2021-10-24 12:47:32,949:TEST-MODE:DEBUG: mega>rpi: b'TP2:1035.60\r\n'
2021-10-24 12:47:32,961:TEST-MODE:DEBUG: mega>rpi: b'AT:25.55\r\n'
2021-10-24 12:47:33,022:TEST-MODE:DEBUG: mega>rpi: b'AP:6083.20\r\n'
2021-10-24 12:47:33,023:TEST-MODE:DEBUG: mega>rpi: b'BV:671.54\r\n'
2021-10-24 12:47:33,024:TEST-MODE:INFO: State.STOP
2021-10-24 12:47:33,027:TEST-MODE:INFO: BT1   BT2   TT1   TT2   AT    X    Y    Z    BP1   BP2   TP1   TP2   HP      AP      PD   PC     HL EL BF SF   PF   BV     rpm             State MissionState Setpoint Error Depth 
2021-10-24 12:47:33,028:TEST-MODE:INFO: 24.72 24.18 24.13 24.24 25.55 0.04 0.06 0.00 11.16 11.44 10.22 10.36 1767.94 6083.18 1.51 100.00 0  0  2  None None 671.54 Buffering (0/1) STOP  IDLE         None     None  10.79 
2021-10-24 12:47:33,029:TEST-MODE:WARNING: Stopped
2021-10-24 12:47:33,031:TEST-MODE:DEBUG: mega>rpi: b'BF:2.00\r\n'
2021-10-24 12:47:33,033:TEST-MODE:DEBUG: mega>rpi: b'X:-0.03\r\n'
2021-10-24 12:47:33,034:TEST-MODE:DEBUG: mega>rpi: b'Y:0.01\r\n'
2021-10-24 12:47:33,036:TEST-MODE:DEBUG: mega>rpi: b'Z:-0.04\r\n'
2021-10-24 12:47:33,047:TEST-MODE:DEBUG: mega>rpi: b'PD:1.52\r\n'
2021-10-24 12:47:33,048:TEST-MODE:DEBUG: mega>rpi: b'PC:100.00\r\n'
2021-10-24 12:47:33,049:TEST-MODE:DEBUG: mega>rpi: b'LC:17.00\r\n'
2021-10-24 12:47:33,129:TEST-MODE:DEBUG: mega>rpi: b'HL:0.00\r\n'
2021-10-24 12:47:33,131:TEST-MODE:DEBUG: mega>rpi: b'EL:0.00\r\n'
2021-10-24 12:47:33,141:TEST-MODE:DEBUG: mega>rpi: b'BT1:24.72\r\n'
2021-10-24 12:47:33,157:TEST-MODE:DEBUG: mega>rpi: b'BT2:24.19\r\n'
2021-10-24 12:47:33,215:TEST-MODE:DEBUG: mega>rpi: b'BP1:1115.80\r\n'
2021-10-24 12:47:33,272:TEST-MODE:DEBUG: mega>rpi: b'BP2:1142.90\r\n'
2021-10-24 12:47:33,330:TEST-MODE:DEBUG: mega>rpi: b'HP:1767.00\r\n'
2021-10-24 12:47:33,346:TEST-MODE:DEBUG: mega>rpi: b'TT1:24.15\r\n'
2021-10-24 12:47:33,358:TEST-MODE:DEBUG: mega>rpi: b'TT2:24.25\r\n'
2021-10-24 12:47:33,416:TEST-MODE:DEBUG: mega>rpi: b'TP1:1021.50\r\n'
2021-10-24 12:47:33,473:TEST-MODE:DEBUG: mega>rpi: b'TP2:1035.60\r\n'
2021-10-24 12:47:33,489:TEST-MODE:DEBUG: mega>rpi: b'AT:25.55\r\n'
2021-10-24 12:47:33,546:TEST-MODE:DEBUG: mega>rpi: b'AP:6082.90\r\n'
2021-10-24 12:47:33,548:TEST-MODE:DEBUG: mega>rpi: b'BV:671.61\r\n'
2021-10-24 12:47:33,548:TEST-MODE:INFO: State.STOP
2021-10-24 12:47:33,551:TEST-MODE:INFO: BT1   BT2   TT1   TT2   AT    X     Y    Z     BP1   BP2   TP1   TP2   HP      AP      PD   PC     HL EL BF SF   PF   BV     rpm             State MissionState Setpoint Error Depth 
2021-10-24 12:47:33,552:TEST-MODE:INFO: 24.72 24.18 24.14 24.24 25.55 -0.03 0.05 -0.01 11.16 11.43 10.22 10.36 1767.54 6083.08 1.52 100.00 0  0  2  None None 671.61 Buffering (0/1) STOP  IDLE         None     None  10.79 
2021-10-24 12:47:33,553:TEST-MODE:WARNING: Stopped
2021-10-24 12:47:33,555:TEST-MODE:DEBUG: mega>rpi: b'BF:2.00\r\n'
2021-10-24 12:47:33,557:TEST-MODE:DEBUG: mega>rpi: b'PD:1.52\r\n'
2021-10-24 12:47:33,558:TEST-MODE:DEBUG: mega>rpi: b'PC:100.00\r\n'
2021-10-24 12:47:33,560:TEST-MODE:DEBUG: mega>rpi: b'LC:18.00\r\n'
2021-10-24 12:47:33,637:TEST-MODE:DEBUG: mega>rpi: b'HL:0.00\r\n'
2021-10-24 12:47:33,638:TEST-MODE:DEBUG: mega>rpi: b'EL:0.00\r\n'
2021-10-24 12:47:33,653:TEST-MODE:DEBUG: mega>rpi: b'BT1:24.72\r\n'
2021-10-24 12:47:33,665:TEST-MODE:DEBUG: mega>rpi: b'BT2:24.19\r\n'
2021-10-24 12:47:33,723:TEST-MODE:DEBUG: mega>rpi: b'BP1:1116.60\r\n'
2021-10-24 12:47:33,781:TEST-MODE:DEBUG: mega>rpi: b'BP2:1143.50\r\n'
2021-10-24 12:47:33,837:TEST-MODE:DEBUG: mega>rpi: b'HP:1768.20\r\n'
2021-10-24 12:47:33,854:TEST-MODE:DEBUG: mega>rpi: b'TT1:24.15\r\n'
2021-10-24 12:47:33,866:TEST-MODE:DEBUG: mega>rpi: b'TT2:24.24\r\n'
2021-10-24 12:47:33,923:TEST-MODE:DEBUG: mega>rpi: b'TP1:1023.20\r\n'
2021-10-24 12:47:33,984:TEST-MODE:DEBUG: mega>rpi: b'TP2:1036.40\r\n'
2021-10-24 12:47:33,997:TEST-MODE:DEBUG: mega>rpi: b'AT:25.55\r\n'
2021-10-24 12:47:34,055:TEST-MODE:DEBUG: mega>rpi: b'AP:6083.30\r\n'
2021-10-24 12:47:34,057:TEST-MODE:DEBUG: mega>rpi: b'BV:671.52\r\n'
2021-10-24 12:47:34,057:TEST-MODE:INFO: State.STOP
2021-10-24 12:47:34,060:TEST-MODE:INFO: BT1   BT2   TT1   TT2   AT    X     Y    Z     BP1   BP2   TP1   TP2   HP      AP      PD   PC     HL EL BF SF   PF   BV     rpm             State MissionState Setpoint Error Depth 
2021-10-24 12:47:34,061:TEST-MODE:INFO: 24.72 24.19 24.14 24.24 25.55 -0.03 0.05 -0.01 11.16 11.43 10.22 10.36 1767.50 6083.06 1.52 100.00 0  0  2  None None 671.52 Buffering (0/1) STOP  IDLE         None     None  10.79 
2021-10-24 12:47:34,062:TEST-MODE:WARNING: Stopped
2021-10-24 12:47:34,064:TEST-MODE:DEBUG: mega>rpi: b'BF:2.00\r\n'
2021-10-24 12:47:34,066:TEST-MODE:DEBUG: mega>rpi: b'X:0.01\r\n'
2021-10-24 12:47:34,067:TEST-MODE:DEBUG: mega>rpi: b'Y:0.02\r\n'
2021-10-24 12:47:34,068:TEST-MODE:DEBUG: mega>rpi: b'Z:0.03\r\n'
2021-10-24 12:47:34,080:TEST-MODE:DEBUG: mega>rpi: b'PD:1.52\r\n'
2021-10-24 12:47:34,081:TEST-MODE:DEBUG: mega>rpi: b'PC:100.00\r\n'
2021-10-24 12:47:34,083:TEST-MODE:DEBUG: mega>rpi: b'LC:19.00\r\n'
2021-10-24 12:47:34,161:TEST-MODE:DEBUG: mega>rpi: b'HL:0.00\r\n'
2021-10-24 12:47:34,163:TEST-MODE:DEBUG: mega>rpi: b'EL:0.00\r\n'
2021-10-24 12:47:34,177:TEST-MODE:DEBUG: mega>rpi: b'BT1:24.72\r\n'
2021-10-24 12:47:34,190:TEST-MODE:DEBUG: mega>rpi: b'BT2:24.18\r\n'
2021-10-24 12:47:34,248:TEST-MODE:DEBUG: mega>rpi: b'BP1:1117.60\r\n'
2021-10-24 12:47:34,304:TEST-MODE:DEBUG: mega>rpi: b'BP2:1144.00\r\n'
2021-10-24 12:47:34,365:TEST-MODE:DEBUG: mega>rpi: b'HP:1769.30\r\n'
2021-10-24 12:47:34,378:TEST-MODE:DEBUG: mega>rpi: b'TT1:24.16\r\n'
2021-10-24 12:47:34,390:TEST-MODE:DEBUG: mega>rpi: b'TT2:24.25\r\n'
2021-10-24 12:47:34,451:TEST-MODE:DEBUG: mega>rpi: b'TP1:1023.50\r\n'
2021-10-24 12:47:34,510:TEST-MODE:DEBUG: mega>rpi: b'TP2:1037.80\r\n'
2021-10-24 12:47:34,521:TEST-MODE:DEBUG: mega>rpi: b'AT:25.55\r\n'
2021-10-24 12:47:34,579:TEST-MODE:DEBUG: mega>rpi: b'AP:6083.10\r\n'
2021-10-24 12:47:34,583:TEST-MODE:DEBUG: mega>rpi: b'BV:671.56\r\n'
2021-10-24 12:47:34,583:TEST-MODE:INFO: State.STOP
2021-10-24 12:47:34,586:TEST-MODE:INFO: BT1   BT2   TT1   TT2   AT    X     Y    Z     BP1   BP2   TP1   TP2   HP      AP      PD   PC     HL EL BF SF   PF   BV     rpm             State MissionState Setpoint Error Depth 
2021-10-24 12:47:34,587:TEST-MODE:INFO: 24.72 24.18 24.15 24.24 25.55 -0.00 0.06 -0.00 11.16 11.43 10.22 10.36 1767.74 6083.08 1.52 100.00 0  0  2  None None 671.56 Buffering (0/1) STOP  IDLE         None     None  10.79 
2021-10-24 12:47:34,588:TEST-MODE:WARNING: Stopped
2021-10-24 12:47:34,590:TEST-MODE:DEBUG: mega>rpi: b'BF:2.00\r\n'
2021-10-24 12:47:34,591:TEST-MODE:DEBUG: mega>rpi: b'PD:1.51\r\n'
2021-10-24 12:47:34,593:TEST-MODE:DEBUG: mega>rpi: b'PC:100.00\r\n'
2021-10-24 12:47:34,594:TEST-MODE:DEBUG: mega>rpi: b'LC:20.00\r\n'
2021-10-24 12:47:34,668:TEST-MODE:DEBUG: mega>rpi: b'HL:0.00\r\n'
2021-10-24 12:47:34,670:TEST-MODE:DEBUG: mega>rpi: b'EL:0.00\r\n'
2021-10-24 12:47:34,685:TEST-MODE:DEBUG: mega>rpi: b'BT1:24.72\r\n'
2021-10-24 12:47:34,698:TEST-MODE:DEBUG: mega>rpi: b'BT2:24.19\r\n'
2021-10-24 12:47:34,755:TEST-MODE:DEBUG: mega>rpi: b'BP1:1118.10\r\n'
2021-10-24 12:47:34,812:TEST-MODE:DEBUG: mega>rpi: b'BP2:1145.60\r\n'
2021-10-24 12:47:34,870:TEST-MODE:DEBUG: mega>rpi: b'HP:1770.10\r\n'
2021-10-24 12:47:34,886:TEST-MODE:DEBUG: mega>rpi: b'TT1:24.15\r\n'
2021-10-24 12:47:34,898:TEST-MODE:DEBUG: mega>rpi: b'TT2:24.23\r\n'
2021-10-24 12:47:34,956:TEST-MODE:DEBUG: mega>rpi: b'TP1:1023.90\r\n'
2021-10-24 12:47:35,017:TEST-MODE:DEBUG: mega>rpi: b'TP2:1037.90\r\n'
2021-10-24 12:47:35,029:TEST-MODE:DEBUG: mega>rpi: b'AT:25.55\r\n'
2021-10-24 12:47:35,087:TEST-MODE:DEBUG: mega>rpi: b'AP:6083.50\r\n'
2021-10-24 12:47:35,088:TEST-MODE:DEBUG: mega>rpi: b'BV:671.47\r\n'
2021-10-24 12:47:35,089:TEST-MODE:INFO: State.STOP
2021-10-24 12:47:35,092:TEST-MODE:INFO: BT1   BT2   TT1   TT2   AT    X     Y    Z     BP1   BP2   TP1   TP2   HP      AP      PD   PC     HL EL BF SF   PF   BV     rpm             State MissionState Setpoint Error Depth 
2021-10-24 12:47:35,093:TEST-MODE:INFO: 24.72 24.19 24.15 24.24 25.55 -0.00 0.06 -0.00 11.17 11.44 10.23 10.37 1768.28 6083.20 1.51 100.00 0  0  2  None None 671.47 Buffering (0/1) STOP  IDLE         None     None  10.80 
2021-10-24 12:47:35,094:TEST-MODE:WARNING: Stopped
2021-10-24 12:47:35,095:TEST-MODE:DEBUG: mega>rpi: b'BF:2.00\r\n'
2021-10-24 12:47:35,097:TEST-MODE:DEBUG: mega>rpi: b'X:0.02\r\n'
2021-10-24 12:47:35,098:TEST-MODE:DEBUG: mega>rpi: b'Y:-0.06\r\n'
2021-10-24 12:47:35,100:TEST-MODE:DEBUG: mega>rpi: b'Z:0.02\r\n'
2021-10-24 12:47:35,111:TEST-MODE:DEBUG: mega>rpi: b'PD:1.50\r\n'
2021-10-24 12:47:35,113:TEST-MODE:DEBUG: mega>rpi: b'PC:100.00\r\n'
2021-10-24 12:47:35,114:TEST-MODE:DEBUG: mega>rpi: b'LC:21.00\r\n'
2021-10-24 12:47:35,193:TEST-MODE:DEBUG: mega>rpi: b'HL:0.00\r\n'
2021-10-24 12:47:35,194:TEST-MODE:DEBUG: mega>rpi: b'EL:0.00\r\n'
2021-10-24 12:47:35,205:TEST-MODE:DEBUG: mega>rpi: b'BT1:24.72\r\n'
2021-10-24 12:47:35,222:TEST-MODE:DEBUG: mega>rpi: b'BT2:24.19\r\n'
2021-10-24 12:47:35,279:TEST-MODE:DEBUG: mega>rpi: b'BP1:1117.10\r\n'
2021-10-24 12:47:35,337:TEST-MODE:DEBUG: mega>rpi: b'BP2:1144.70\r\n'
2021-10-24 12:47:35,394:TEST-MODE:DEBUG: mega>rpi: b'HP:1769.30\r\n'
2021-10-24 12:47:35,409:TEST-MODE:DEBUG: mega>rpi: b'TT1:24.15\r\n'
2021-10-24 12:47:35,422:TEST-MODE:DEBUG: mega>rpi: b'TT2:24.25\r\n'
2021-10-24 12:47:35,480:TEST-MODE:DEBUG: mega>rpi: b'TP1:1023.00\r\n'
2021-10-24 12:47:35,537:TEST-MODE:DEBUG: mega>rpi: b'TP2:1037.50\r\n'
2021-10-24 12:47:35,553:TEST-MODE:DEBUG: mega>rpi: b'AT:25.55\r\n'
2021-10-24 12:47:35,611:TEST-MODE:DEBUG: mega>rpi: b'AP:6082.80\r\n'
2021-10-24 12:47:35,613:TEST-MODE:DEBUG: mega>rpi: b'BV:671.64\r\n'
2021-10-24 12:47:35,613:TEST-MODE:INFO: State.STOP
2021-10-24 12:47:35,616:TEST-MODE:INFO: BT1   BT2   TT1   TT2   AT    X    Y    Z    BP1   BP2   TP1   TP2   HP      AP      PD   PC     HL EL BF SF   PF   BV     rpm             State MissionState Setpoint Error Depth 
2021-10-24 12:47:35,617:TEST-MODE:INFO: 24.72 24.19 24.15 24.24 25.55 0.01 0.00 0.01 11.17 11.44 10.23 10.37 1768.78 6083.12 1.50 100.00 0  0  2  None None 671.64 Buffering (0/1) STOP  IDLE         None     None  10.80 
2021-10-24 12:47:35,618:TEST-MODE:WARNING: Stopped
2021-10-24 12:47:35,620:TEST-MODE:DEBUG: mega>rpi: b'BF:2.00\r\n'
2021-10-24 12:47:35,621:TEST-MODE:DEBUG: mega>rpi: b'PD:1.50\r\n'
2021-10-24 12:47:35,623:TEST-MODE:DEBUG: mega>rpi: b'PC:100.00\r\n'
2021-10-24 12:47:35,624:TEST-MODE:DEBUG: mega>rpi: b'LC:22.00\r\n'
2021-10-24 12:47:35,702:TEST-MODE:DEBUG: mega>rpi: b'HL:0.00\r\n'
2021-10-24 12:47:35,703:TEST-MODE:DEBUG: mega>rpi: b'EL:0.00\r\n'
2021-10-24 12:47:35,717:TEST-MODE:DEBUG: mega>rpi: b'BT1:24.72\r\n'
2021-10-24 12:47:35,730:TEST-MODE:DEBUG: mega>rpi: b'BT2:24.18\r\n'
2021-10-24 12:47:35,787:TEST-MODE:DEBUG: mega>rpi: b'BP1:1115.40\r\n'
2021-10-24 12:47:35,844:TEST-MODE:DEBUG: mega>rpi: b'BP2:1144.30\r\n'
2021-10-24 12:47:35,905:TEST-MODE:DEBUG: mega>rpi: b'HP:1768.50\r\n'
2021-10-24 12:47:35,919:TEST-MODE:DEBUG: mega>rpi: b'TT1:24.14\r\n'
2021-10-24 12:47:35,930:TEST-MODE:DEBUG: mega>rpi: b'TT2:24.22\r\n'
2021-10-24 12:47:35,991:TEST-MODE:DEBUG: mega>rpi: b'TP1:1021.50\r\n'
2021-10-24 12:47:36,049:TEST-MODE:DEBUG: mega>rpi: b'TP2:1036.20\r\n'
2021-10-24 12:47:36,061:TEST-MODE:DEBUG: mega>rpi: b'AT:25.55\r\n'
2021-10-24 12:47:36,119:TEST-MODE:DEBUG: mega>rpi: b'AP:6082.80\r\n'
2021-10-24 12:47:36,123:TEST-MODE:DEBUG: mega>rpi: b'BV:671.64\r\n'
2021-10-24 12:47:36,123:TEST-MODE:INFO: State.STOP
2021-10-24 12:47:36,126:TEST-MODE:INFO: BT1   BT2   TT1   TT2   AT    X    Y    Z    BP1   BP2   TP1   TP2   HP      AP      PD   PC     HL EL BF SF   PF   BV     rpm             State MissionState Setpoint Error Depth 
2021-10-24 12:47:36,127:TEST-MODE:INFO: 24.72 24.19 24.15 24.24 25.55 0.01 0.00 0.01 11.17 11.44 10.23 10.37 1769.08 6083.10 1.50 100.00 0  0  2  None None 671.64 Buffering (0/1) STOP  IDLE         None     None  10.80 
2021-10-24 12:47:36,128:TEST-MODE:WARNING: Stopped
2021-10-24 12:47:36,130:TEST-MODE:DEBUG: mega>rpi: b'BF:2.00\r\n'
2021-10-24 12:47:36,132:TEST-MODE:DEBUG: mega>rpi: b'X:-0.01\r\n'
2021-10-24 12:47:36,133:TEST-MODE:DEBUG: mega>rpi: b'Y:0.00\r\n'
2021-10-24 12:47:36,134:TEST-MODE:DEBUG: mega>rpi: b'Z:0.01\r\n'
2021-10-24 12:47:36,147:TEST-MODE:DEBUG: mega>rpi: b'PD:1.51\r\n'
2021-10-24 12:47:36,149:TEST-MODE:DEBUG: mega>rpi: b'PC:100.00\r\n'
2021-10-24 12:47:36,150:TEST-MODE:DEBUG: mega>rpi: b'LC:23.00\r\n'
2021-10-24 12:47:36,229:TEST-MODE:DEBUG: mega>rpi: b'HL:0.00\r\n'
2021-10-24 12:47:36,230:TEST-MODE:DEBUG: mega>rpi: b'EL:0.00\r\n'
2021-10-24 12:47:36,242:TEST-MODE:DEBUG: mega>rpi: b'BT1:24.72\r\n'
2021-10-24 12:47:36,258:TEST-MODE:DEBUG: mega>rpi: b'BT2:24.20\r\n'
2021-10-24 12:47:36,315:TEST-MODE:DEBUG: mega>rpi: b'BP1:1115.60\r\n'
2021-10-24 12:47:36,373:TEST-MODE:DEBUG: mega>rpi: b'BP2:1142.50\r\n'
2021-10-24 12:47:36,430:TEST-MODE:DEBUG: mega>rpi: b'HP:1767.70\r\n'
2021-10-24 12:47:36,446:TEST-MODE:DEBUG: mega>rpi: b'TT1:24.14\r\n'
2021-10-24 12:47:36,459:TEST-MODE:DEBUG: mega>rpi: b'TT2:24.25\r\n'
2021-10-24 12:47:36,516:TEST-MODE:DEBUG: mega>rpi: b'TP1:1021.30\r\n'
2021-10-24 12:47:36,573:TEST-MODE:DEBUG: mega>rpi: b'TP2:1035.70\r\n'
2021-10-24 12:47:36,589:TEST-MODE:DEBUG: mega>rpi: b'AT:25.55\r\n'
2021-10-24 12:47:36,647:TEST-MODE:DEBUG: mega>rpi: b'AP:6082.70\r\n'
2021-10-24 12:47:36,649:TEST-MODE:DEBUG: mega>rpi: b'BV:671.66\r\n'
2021-10-24 12:47:36,649:TEST-MODE:INFO: State.STOP
2021-10-24 12:47:36,652:TEST-MODE:INFO: BT1   BT2   TT1   TT2   AT    X    Y     Z    BP1   BP2   TP1   TP2   HP      AP      PD   PC     HL EL BF SF   PF   BV     rpm             State MissionState Setpoint Error Depth 
2021-10-24 12:47:36,653:TEST-MODE:INFO: 24.72 24.19 24.15 24.24 25.55 0.00 -0.00 0.00 11.17 11.44 10.23 10.37 1768.98 6082.98 1.51 100.00 0  0  2  None None 671.66 Buffering (0/1) STOP  IDLE         None     None  10.80 
2021-10-24 12:47:36,654:TEST-MODE:WARNING: Stopped
2021-10-24 12:47:36,656:TEST-MODE:DEBUG: mega>rpi: b'BF:2.00\r\n'
2021-10-24 12:47:36,657:TEST-MODE:DEBUG: mega>rpi: b'PD:1.51\r\n'
2021-10-24 12:47:36,659:TEST-MODE:DEBUG: mega>rpi: b'PC:100.00\r\n'
2021-10-24 12:47:36,661:TEST-MODE:DEBUG: mega>rpi: b'LC:24.00\r\n'
2021-10-24 12:47:36,738:TEST-MODE:DEBUG: mega>rpi: b'HL:0.00\r\n'
2021-10-24 12:47:36,739:TEST-MODE:DEBUG: mega>rpi: b'EL:0.00\r\n'
2021-10-24 12:47:36,752:TEST-MODE:DEBUG: mega>rpi: b'BT1:24.72\r\n'
2021-10-24 12:47:36,766:TEST-MODE:DEBUG: mega>rpi: b'BT2:24.19\r\n'
2021-10-24 12:47:36,824:TEST-MODE:DEBUG: mega>rpi: b'BP1:1114.70\r\n'
2021-10-24 12:47:36,880:TEST-MODE:DEBUG: mega>rpi: b'BP2:1142.40\r\n'
2021-10-24 12:47:36,938:TEST-MODE:DEBUG: mega>rpi: b'HP:1767.10\r\n'
2021-10-24 12:47:36,954:TEST-MODE:DEBUG: mega>rpi: b'TT1:24.14\r\n'
2021-10-24 12:47:36,967:TEST-MODE:DEBUG: mega>rpi: b'TT2:24.24\r\n'
2021-10-24 12:47:37,009:TEST-MODE:DEBUG: CLI:['dive', '0']
2021-10-24 12:47:37,024:TEST-MODE:DEBUG: mega>rpi: b'TP1:1021.90\r\n'
2021-10-24 12:47:37,085:TEST-MODE:DEBUG: mega>rpi: b'TP2:1035.70\r\n'
2021-10-24 12:47:37,098:TEST-MODE:DEBUG: mega>rpi: b'AT:25.55\r\n'
2021-10-24 12:47:37,155:TEST-MODE:DEBUG: mega>rpi: b'AP:6082.90\r\n'
2021-10-24 12:47:37,156:TEST-MODE:DEBUG: mega>rpi: b'BV:671.61\r\n'
2021-10-24 12:47:37,157:TEST-MODE:DEBUG: dive
2021-10-24 12:47:37,157:TEST-MODE:INFO: sending dive command
2021-10-24 12:47:37,158:TEST-MODE:DEBUG: rpi>MEGA: S:1

2021-10-24 12:47:37,159:TEST-MODE:INFO: State.STOP
2021-10-24 12:47:37,162:TEST-MODE:INFO: BT1   BT2   TT1   TT2   AT    X    Y     Z    BP1   BP2   TP1   TP2   HP      AP      PD   PC     HL EL BF SF   PF   BV     rpm             State MissionState Setpoint Error Depth 
2021-10-24 12:47:37,163:TEST-MODE:INFO: 24.72 24.19 24.14 24.24 25.55 0.00 -0.00 0.00 11.16 11.44 10.22 10.37 1768.54 6082.94 1.51 100.00 0  0  2  None None 671.61 Buffering (0/1) STOP  IDLE         None     None  10.80 
2021-10-24 12:47:37,164:TEST-MODE:WARNING: Stopped
2021-10-24 12:47:37,166:TEST-MODE:DEBUG: mega>rpi: b'BF:2.00\r\n'
2021-10-24 12:47:37,167:TEST-MODE:DEBUG: mega>rpi: b'X:0.02\r\n'
2021-10-24 12:47:37,169:TEST-MODE:DEBUG: mega>rpi: b'Y:-0.01\r\n'
2021-10-24 12:47:37,170:TEST-MODE:DEBUG: mega>rpi: b'Z:0.00\r\n'
2021-10-24 12:47:37,179:TEST-MODE:DEBUG: mega>rpi: b'PD:1.52\r\n'
2021-10-24 12:47:37,181:TEST-MODE:DEBUG: mega>rpi: b'PC:100.00\r\n'
2021-10-24 12:47:37,183:TEST-MODE:DEBUG: mega>rpi: b'LC:25.00\r\n'
2021-10-24 12:47:37,261:TEST-MODE:DEBUG: mega>rpi: b'HL:0.00\r\n'
2021-10-24 12:47:37,262:TEST-MODE:DEBUG: mega>rpi: b'EL:0.00\r\n'
2021-10-24 12:47:37,264:TEST-MODE:DEBUG: mega>rpi: b'S:1.00\r\n'
2021-10-24 12:47:37,264:TEST-MODE:ERROR: unknown header: S:1.00
2021-10-24 12:47:37,267:TEST-MODE:DEBUG: mega>rpi: b'FS:1.00\r\n'
2021-10-24 12:47:37,278:TEST-MODE:DEBUG: mega>rpi: b'AT:25.55\r\n'
2021-10-24 12:47:37,336:TEST-MODE:DEBUG: mega>rpi: b'AP:6083.10\r\n'
2021-10-24 12:47:37,337:TEST-MODE:DEBUG: mega>rpi: b'BV:671.56\r\n'
2021-10-24 12:47:37,338:TEST-MODE:INFO: State.STOP
2021-10-24 12:47:37,341:TEST-MODE:INFO: BT1   BT2   TT1   TT2   AT    X    Y     Z    BP1   BP2   TP1   TP2   HP      AP      PD   PC     HL EL BF SF PF   BV     rpm             State MissionState Setpoint Error Depth 
2021-10-24 12:47:37,343:TEST-MODE:INFO: 24.72 24.19 24.14 24.24 25.55 0.00 -0.01 0.00 11.16 11.44 10.22 10.37 1768.54 6082.86 1.52 100.00 0  0  2  1  None 671.56 Buffering (0/1) STOP  IDLE         None     None  10.80 
2021-10-24 12:47:37,344:TEST-MODE:WARNING: Stopped
2021-10-24 12:47:37,346:TEST-MODE:DEBUG: mega>rpi: b'BF:2.00\r\n'
2021-10-24 12:47:37,348:TEST-MODE:DEBUG: mega>rpi: b'FS:1.00\r\n'
2021-10-24 12:47:38,245:TEST-MODE:DEBUG: mega>rpi: b'FS:0.00\r\n'
2021-10-24 12:47:38,261:TEST-MODE:DEBUG: mega>rpi: b'BT1:ovf\r\n'
2021-10-24 12:47:38,262:TEST-MODE:ERROR: SENSOR ERROR: [BT1] Overflow value: [ovf]
2021-10-24 12:47:38,273:TEST-MODE:DEBUG: mega>rpi: b'BT2:24.19\r\n'
2021-10-24 12:47:38,331:TEST-MODE:DEBUG: mega>rpi: b'BP1:1117.20\r\n'
2021-10-24 12:47:38,389:TEST-MODE:DEBUG: mega>rpi: b'BP2:1144.30\r\n'
2021-10-24 12:47:38,448:TEST-MODE:DEBUG: mega>rpi: b'HP:1715.20\r\n'
2021-10-24 12:47:38,462:TEST-MODE:DEBUG: mega>rpi: b'TT1:24.15\r\n'
2021-10-24 12:47:38,474:TEST-MODE:DEBUG: mega>rpi: b'TT2:24.24\r\n'
2021-10-24 12:47:38,534:TEST-MODE:DEBUG: mega>rpi: b'TP1:1023.40\r\n'
2021-10-24 12:47:38,593:TEST-MODE:DEBUG: mega>rpi: b'TP2:1036.90\r\n'
2021-10-24 12:47:38,605:TEST-MODE:DEBUG: mega>rpi: b'AT:25.55\r\n'
2021-10-24 12:47:38,662:TEST-MODE:DEBUG: mega>rpi: b'AP:6085.70\r\n'
2021-10-24 12:47:38,666:TEST-MODE:DEBUG: mega>rpi: b'BV:670.94\r\n'
2021-10-24 12:47:38,666:TEST-MODE:INFO: State.STOP
2021-10-24 12:47:38,669:TEST-MODE:INFO: BT1   BT2   TT1   TT2   AT    X    Y     Z    BP1   BP2   TP1   TP2   HP      AP      PD   PC     HL EL BF SF PF   BV     rpm             State MissionState Setpoint Error Depth 
2021-10-24 12:47:38,671:TEST-MODE:INFO: 24.72 24.19 24.14 24.24 25.55 0.00 -0.01 0.00 11.16 11.44 10.22 10.36 1757.56 6083.44 1.52 100.00 0  0  2  0  None 670.94 Buffering (0/1) STOP  IDLE         None     None  10.79 
2021-10-24 12:47:38,671:TEST-MODE:WARNING: Stopped
2021-10-24 12:47:38,673:TEST-MODE:DEBUG: mega>rpi: b'BF:2.00\r\n'
2021-10-24 12:47:38,675:TEST-MODE:DEBUG: mega>rpi: b'X:0.04\r\n'
2021-10-24 12:47:38,676:TEST-MODE:DEBUG: mega>rpi: b'Y:0.02\r\n'
2021-10-24 12:47:38,677:TEST-MODE:DEBUG: mega>rpi: b'Z:0.01\r\n'
2021-10-24 12:47:38,679:TEST-MODE:DEBUG: mega>rpi: b'PD:1.51\r\n'
2021-10-24 12:47:38,681:TEST-MODE:DEBUG: mega>rpi: b'PC:100.00\r\n'
2021-10-24 12:47:38,682:TEST-MODE:DEBUG: mega>rpi: b'LC:26.00\r\n'
2021-10-24 12:47:38,760:TEST-MODE:DEBUG: mega>rpi: b'HL:0.00\r\n'
2021-10-24 12:47:38,762:TEST-MODE:DEBUG: mega>rpi: b'EL:0.00\r\n'
2021-10-24 12:47:38,773:TEST-MODE:DEBUG: mega>rpi: b'BT1:24.72\r\n'
2021-10-24 12:47:38,790:TEST-MODE:DEBUG: mega>rpi: b'BT2:24.19\r\n'
2021-10-24 12:47:38,846:TEST-MODE:DEBUG: mega>rpi: b'BP1:1117.20\r\n'
2021-10-24 12:47:38,904:TEST-MODE:DEBUG: mega>rpi: b'BP2:1145.30\r\n'
2021-10-24 12:47:38,962:TEST-MODE:DEBUG: mega>rpi: b'HP:1719.60\r\n'
2021-10-24 12:47:38,978:TEST-MODE:DEBUG: mega>rpi: b'TT1:24.15\r\n'
2021-10-24 12:47:38,990:TEST-MODE:DEBUG: mega>rpi: b'TT2:24.24\r\n'
2021-10-24 12:47:39,048:TEST-MODE:DEBUG: mega>rpi: b'TP1:1023.20\r\n'
2021-10-24 12:47:39,104:TEST-MODE:DEBUG: mega>rpi: b'TP2:1037.50\r\n'
2021-10-24 12:47:39,121:TEST-MODE:DEBUG: mega>rpi: b'AT:25.55\r\n'
2021-10-24 12:47:39,178:TEST-MODE:DEBUG: mega>rpi: b'AP:6085.00\r\n'
2021-10-24 12:47:39,180:TEST-MODE:DEBUG: mega>rpi: b'BV:671.11\r\n'
2021-10-24 12:47:39,180:TEST-MODE:INFO: State.STOP
2021-10-24 12:47:39,183:TEST-MODE:INFO: BT1   BT2   TT1   TT2   AT    X    Y     Z    BP1   BP2   TP1   TP2   HP      AP      PD   PC     HL EL BF SF PF   BV     rpm             State MissionState Setpoint Error Depth 
2021-10-24 12:47:39,185:TEST-MODE:INFO: 24.72 24.19 24.14 24.24 25.55 0.02 -0.01 0.01 11.16 11.44 10.22 10.36 1747.62 6083.88 1.51 100.00 0  0  2  0  None 671.11 Buffering (0/1) STOP  IDLE         None     None  10.79 
2021-10-24 12:47:39,185:TEST-MODE:WARNING: Stopped
2021-10-24 12:47:39,187:TEST-MODE:DEBUG: mega>rpi: b'BF:2.00\r\n'
2021-10-24 12:47:39,189:TEST-MODE:DEBUG: mega>rpi: b'X:-0.02\r\n'
2021-10-24 12:47:39,190:TEST-MODE:DEBUG: mega>rpi: b'Y:0.00\r\n'
2021-10-24 12:47:39,192:TEST-MODE:DEBUG: mega>rpi: b'Z:-0.01\r\n'
2021-10-24 12:47:39,240:TEST-MODE:DEBUG: mega>rpi: b'PD:1.51\r\n'
2021-10-24 12:47:39,242:TEST-MODE:DEBUG: mega>rpi: b'PC:100.00\r\n'
2021-10-24 12:47:39,244:TEST-MODE:DEBUG: mega>rpi: b'LC:27.00\r\n'
2021-10-24 12:47:39,322:TEST-MODE:DEBUG: mega>rpi: b'HL:0.00\r\n'
2021-10-24 12:47:39,323:TEST-MODE:DEBUG: mega>rpi: b'EL:0.00\r\n'
2021-10-24 12:47:39,339:TEST-MODE:DEBUG: mega>rpi: b'BT1:24.72\r\n'
2021-10-24 12:47:39,350:TEST-MODE:DEBUG: mega>rpi: b'BT2:24.17\r\n'
2021-10-24 12:47:39,408:TEST-MODE:DEBUG: mega>rpi: b'BP1:1117.30\r\n'
2021-10-24 12:47:39,466:TEST-MODE:DEBUG: mega>rpi: b'BP2:1144.70\r\n'
2021-10-24 12:47:39,526:TEST-MODE:DEBUG: mega>rpi: b'HP:1722.40\r\n'
2021-10-24 12:47:39,539:TEST-MODE:DEBUG: mega>rpi: b'TT1:24.14\r\n'
2021-10-24 12:47:39,552:TEST-MODE:DEBUG: mega>rpi: b'TT2:24.24\r\n'
2021-10-24 12:47:39,612:TEST-MODE:DEBUG: mega>rpi: b'TP1:1022.60\r\n'
2021-10-24 12:47:39,670:TEST-MODE:DEBUG: mega>rpi: b'TP2:1036.80\r\n'
2021-10-24 12:47:39,682:TEST-MODE:DEBUG: mega>rpi: b'AT:25.55\r\n'
2021-10-24 12:47:39,739:TEST-MODE:DEBUG: mega>rpi: b'AP:6085.60\r\n'
2021-10-24 12:47:39,743:TEST-MODE:DEBUG: mega>rpi: b'BV:670.97\r\n'
2021-10-24 12:47:39,744:TEST-MODE:INFO: State.STOP
2021-10-24 12:47:39,747:TEST-MODE:INFO: BT1   BT2   TT1   TT2   AT    X    Y     Z    BP1   BP2   TP1   TP2   HP      AP      PD   PC     HL EL BF SF PF   BV     rpm             State MissionState Setpoint Error Depth 
2021-10-24 12:47:39,747:TEST-MODE:INFO: 24.72 24.19 24.14 24.24 25.55 0.01 -0.01 0.01 11.16 11.44 10.22 10.37 1738.40 6084.46 1.51 100.00 0  0  2  0  None 670.97 Buffering (0/1) STOP  IDLE         None     None  10.80 
2021-10-24 12:47:39,748:TEST-MODE:WARNING: Stopped
2021-10-24 12:47:39,750:TEST-MODE:DEBUG: mega>rpi: b'BF:2.00\r\n'
2021-10-24 12:47:39,752:TEST-MODE:DEBUG: mega>rpi: b'PD:1.51\r\n'
2021-10-24 12:47:39,754:TEST-MODE:DEBUG: mega>rpi: b'PC:100.00\r\n'
2021-10-24 12:47:39,755:TEST-MODE:DEBUG: mega>rpi: b'LC:28.00\r\n'
2021-10-24 12:47:39,830:TEST-MODE:DEBUG: mega>rpi: b'HL:0.00\r\n'
2021-10-24 12:47:39,831:TEST-MODE:DEBUG: mega>rpi: b'EL:0.00\r\n'
2021-10-24 12:47:39,842:TEST-MODE:DEBUG: mega>rpi: b'BT1:24.72\r\n'
2021-10-24 12:47:39,858:TEST-MODE:DEBUG: mega>rpi: b'BT2:24.18\r\n'
2021-10-24 12:47:39,915:TEST-MODE:DEBUG: mega>rpi: b'BP1:1116.30\r\n'
2021-10-24 12:47:39,973:TEST-MODE:DEBUG: mega>rpi: b'BP2:1144.50\r\n'
2021-10-24 12:47:40,031:TEST-MODE:DEBUG: mega>rpi: b'HP:1723.30\r\n'
2021-10-24 12:47:40,045:TEST-MODE:DEBUG: mega>rpi: b'TT1:24.15\r\n'
2021-10-24 12:47:40,059:TEST-MODE:DEBUG: mega>rpi: b'TT2:24.24\r\n'
2021-10-24 12:47:40,117:TEST-MODE:DEBUG: mega>rpi: b'TP1:1023.40\r\n'
2021-10-24 12:47:40,173:TEST-MODE:DEBUG: mega>rpi: b'TP2:1036.60\r\n'
2021-10-24 12:47:40,189:TEST-MODE:DEBUG: mega>rpi: b'AT:25.55\r\n'
2021-10-24 12:47:40,247:TEST-MODE:DEBUG: mega>rpi: b'AP:6085.10\r\n'
2021-10-24 12:47:40,249:TEST-MODE:DEBUG: mega>rpi: b'BV:671.09\r\n'
2021-10-24 12:47:40,249:TEST-MODE:INFO: State.STOP
2021-10-24 12:47:40,252:TEST-MODE:INFO: BT1   BT2   TT1   TT2   AT    X    Y     Z    BP1   BP2   TP1   TP2   HP      AP      PD   PC     HL EL BF SF PF   BV     rpm             State MissionState Setpoint Error Depth 
2021-10-24 12:47:40,253:TEST-MODE:INFO: 24.72 24.18 24.15 24.24 25.55 0.01 -0.01 0.01 11.17 11.44 10.23 10.37 1729.52 6084.90 1.51 100.00 0  0  2  0  None 671.09 Buffering (0/1) STOP  IDLE         None     None  10.80 
2021-10-24 12:47:40,254:TEST-MODE:WARNING: Stopped
2021-10-24 12:47:40,256:TEST-MODE:DEBUG: mega>rpi: b'BF:2.00\r\n'
2021-10-24 12:47:40,258:TEST-MODE:DEBUG: mega>rpi: b'X:-0.01\r\n'
2021-10-24 12:47:40,259:TEST-MODE:DEBUG: mega>rpi: b'Y:0.03\r\n'
2021-10-24 12:47:40,260:TEST-MODE:DEBUG: mega>rpi: b'Z:0.00\r\n'
2021-10-24 12:47:40,272:TEST-MODE:DEBUG: mega>rpi: b'PD:1.51\r\n'
2021-10-24 12:47:40,273:TEST-MODE:DEBUG: mega>rpi: b'PC:100.00\r\n'
2021-10-24 12:47:40,275:TEST-MODE:DEBUG: mega>rpi: b'LC:29.00\r\n'
2021-10-24 12:47:40,353:TEST-MODE:DEBUG: mega>rpi: b'HL:0.00\r\n'
2021-10-24 12:47:40,355:TEST-MODE:DEBUG: mega>rpi: b'EL:0.00\r\n'
2021-10-24 12:47:40,367:TEST-MODE:DEBUG: mega>rpi: b'BT1:24.72\r\n'
2021-10-24 12:47:40,381:TEST-MODE:DEBUG: mega>rpi: b'BT2:24.18\r\n'
2021-10-24 12:47:40,440:TEST-MODE:DEBUG: mega>rpi: b'BP1:1116.20\r\n'
2021-10-24 12:47:40,498:TEST-MODE:DEBUG: mega>rpi: b'BP2:1143.70\r\n'
2021-10-24 12:47:40,554:TEST-MODE:DEBUG: mega>rpi: b'HP:1724.40\r\n'
2021-10-24 12:47:40,570:TEST-MODE:DEBUG: mega>rpi: b'TT1:24.14\r\n'
2021-10-24 12:47:40,584:TEST-MODE:DEBUG: mega>rpi: b'TT2:24.25\r\n'
2021-10-24 12:47:40,640:TEST-MODE:DEBUG: mega>rpi: b'TP1:1022.30\r\n'
2021-10-24 12:47:40,698:TEST-MODE:DEBUG: mega>rpi: b'TP2:1036.40\r\n'
2021-10-24 12:47:40,714:TEST-MODE:DEBUG: mega>rpi: b'AT:25.55\r\n'
2021-10-24 12:47:40,771:TEST-MODE:DEBUG: mega>rpi: b'AP:6084.80\r\n'
2021-10-24 12:47:40,773:TEST-MODE:DEBUG: mega>rpi: b'BV:671.16\r\n'
2021-10-24 12:47:40,773:TEST-MODE:INFO: State.STOP
2021-10-24 12:47:40,776:TEST-MODE:INFO: BT1   BT2   TT1   TT2   AT    X    Y    Z    BP1   BP2   TP1   TP2   HP      AP      PD   PC     HL EL BF SF PF   BV     rpm             State MissionState Setpoint Error Depth 
2021-10-24 12:47:40,777:TEST-MODE:INFO: 24.72 24.18 24.15 24.24 25.55 0.00 0.01 0.00 11.17 11.45 10.23 10.37 1720.98 6085.24 1.51 100.00 0  0  2  0  None 671.16 Buffering (0/1) STOP  IDLE         None     None  10.80 
2021-10-24 12:47:40,778:TEST-MODE:WARNING: Stopped
2021-10-24 12:47:40,780:TEST-MODE:DEBUG: mega>rpi: b'BF:2.00\r\n'
2021-10-24 12:47:40,782:TEST-MODE:DEBUG: mega>rpi: b'PD:1.51\r\n'
2021-10-24 12:47:40,783:TEST-MODE:DEBUG: mega>rpi: b'PC:100.00\r\n'
2021-10-24 12:47:40,785:TEST-MODE:DEBUG: mega>rpi: b'LC:30.00\r\n'
2021-10-24 12:47:40,858:TEST-MODE:DEBUG: mega>rpi: b'HL:0.00\r\n'
2021-10-24 12:47:40,859:TEST-MODE:DEBUG: mega>rpi: b'EL:0.00\r\n'
2021-10-24 12:47:40,873:TEST-MODE:DEBUG: mega>rpi: b'BT1:24.72\r\n'
2021-10-24 12:47:40,886:TEST-MODE:DEBUG: mega>rpi: b'BT2:24.18\r\n'
2021-10-24 12:47:40,944:TEST-MODE:DEBUG: mega>rpi: b'BP1:1116.10\r\n'
2021-10-24 12:47:41,001:TEST-MODE:DEBUG: mega>rpi: b'BP2:1143.00\r\n'
2021-10-24 12:47:41,058:TEST-MODE:DEBUG: mega>rpi: b'HP:1726.00\r\n'
2021-10-24 12:47:41,075:TEST-MODE:DEBUG: mega>rpi: b'TT1:24.15\r\n'
2021-10-24 12:47:41,088:TEST-MODE:DEBUG: mega>rpi: b'TT2:24.25\r\n'
2021-10-24 12:47:41,144:TEST-MODE:DEBUG: mega>rpi: b'TP1:1022.00\r\n'
2021-10-24 12:47:41,205:TEST-MODE:DEBUG: mega>rpi: b'TP2:1036.20\r\n'
2021-10-24 12:47:41,218:TEST-MODE:DEBUG: mega>rpi: b'AT:25.54\r\n'
2021-10-24 12:47:41,275:TEST-MODE:DEBUG: mega>rpi: b'AP:6084.90\r\n'
2021-10-24 12:47:41,276:TEST-MODE:DEBUG: mega>rpi: b'BV:671.09\r\n'
2021-10-24 12:47:41,277:TEST-MODE:INFO: State.STOP
2021-10-24 12:47:41,280:TEST-MODE:INFO: BT1   BT2   TT1   TT2   AT    X    Y    Z    BP1   BP2   TP1   TP2   HP      AP      PD   PC     HL EL BF SF PF   BV     rpm             State MissionState Setpoint Error Depth 
2021-10-24 12:47:41,281:TEST-MODE:INFO: 24.72 24.18 24.15 24.24 25.55 0.00 0.01 0.00 11.17 11.44 10.23 10.37 1723.14 6085.08 1.51 100.00 0  0  2  0  None 671.09 Buffering (0/1) STOP  IDLE         None     None  10.80 
2021-10-24 12:47:41,282:TEST-MODE:WARNING: Stopped
2021-10-24 12:47:41,284:TEST-MODE:DEBUG: mega>rpi: b'BF:2.00\r\n'
2021-10-24 12:47:41,285:TEST-MODE:DEBUG: mega>rpi: b'X:0.02\r\n'
2021-10-24 12:47:41,287:TEST-MODE:DEBUG: mega>rpi: b'Y:0.02\r\n'
2021-10-24 12:47:41,288:TEST-MODE:DEBUG: mega>rpi: b'Z:-0.01\r\n'
2021-10-24 12:47:41,299:TEST-MODE:DEBUG: mega>rpi: b'PD:1.51\r\n'
2021-10-24 12:47:41,301:TEST-MODE:DEBUG: mega>rpi: b'PC:100.00\r\n'
2021-10-24 12:47:41,303:TEST-MODE:DEBUG: mega>rpi: b'LC:31.00\r\n'
2021-10-24 12:47:41,382:TEST-MODE:DEBUG: mega>rpi: b'HL:0.00\r\n'
2021-10-24 12:47:41,384:TEST-MODE:DEBUG: mega>rpi: b'EL:0.00\r\n'
2021-10-24 12:47:41,398:TEST-MODE:DEBUG: mega>rpi: b'BT1:24.72\r\n'
2021-10-24 12:47:41,411:TEST-MODE:DEBUG: mega>rpi: b'BT2:24.18\r\n'
2021-10-24 12:47:41,469:TEST-MODE:DEBUG: mega>rpi: b'BP1:1115.30\r\n'
2021-10-24 12:47:41,525:TEST-MODE:DEBUG: mega>rpi: b'BP2:1143.30\r\n'
2021-10-24 12:47:41,586:TEST-MODE:DEBUG: mega>rpi: b'HP:1726.40\r\n'
2021-10-24 12:47:41,600:TEST-MODE:DEBUG: mega>rpi: b'TT1:24.14\r\n'
2021-10-24 12:47:41,611:TEST-MODE:DEBUG: mega>rpi: b'TT2:24.25\r\n'
2021-10-24 12:47:41,669:TEST-MODE:DEBUG: mega>rpi: b'TP1:1022.00\r\n'
2021-10-24 12:47:41,730:TEST-MODE:DEBUG: mega>rpi: b'TP2:1036.30\r\n'
2021-10-24 12:47:41,742:TEST-MODE:DEBUG: mega>rpi: b'AT:25.55\r\n'
2021-10-24 12:47:41,800:TEST-MODE:DEBUG: mega>rpi: b'AP:6084.40\r\n'
2021-10-24 12:47:41,803:TEST-MODE:DEBUG: mega>rpi: b'BV:671.25\r\n'
2021-10-24 12:47:41,804:TEST-MODE:INFO: State.STOP
2021-10-24 12:47:41,807:TEST-MODE:INFO: BT1   BT2   TT1   TT2   AT    X    Y    Z     BP1   BP2   TP1   TP2   HP      AP      PD   PC     HL EL BF SF PF   BV     rpm             State MissionState Setpoint Error Depth 
2021-10-24 12:47:41,808:TEST-MODE:INFO: 24.72 24.18 24.14 24.25 25.55 0.01 0.01 -0.00 11.16 11.44 10.22 10.36 1724.50 6084.96 1.51 100.00 0  0  2  0  None 671.25 Buffering (0/1) STOP  IDLE         None     None  10.79 
2021-10-24 12:47:41,809:TEST-MODE:WARNING: Stopped
2021-10-24 12:47:41,811:TEST-MODE:DEBUG: mega>rpi: b'BF:2.00\r\n'
2021-10-24 12:47:41,812:TEST-MODE:DEBUG: mega>rpi: b'PD:1.51\r\n'
2021-10-24 12:47:41,814:TEST-MODE:DEBUG: mega>rpi: b'PC:100.00\r\n'
2021-10-24 12:47:41,815:TEST-MODE:DEBUG: mega>rpi: b'LC:32.00\r\n'
2021-10-24 12:47:41,889:TEST-MODE:DEBUG: mega>rpi: b'HL:0.00\r\n'
2021-10-24 12:47:41,890:TEST-MODE:DEBUG: mega>rpi: b'EL:0.00\r\n'
2021-10-24 12:47:41,902:TEST-MODE:DEBUG: mega>rpi: b'BT1:24.72\r\n'
2021-10-24 12:47:41,918:TEST-MODE:DEBUG: mega>rpi: b'BT2:24.18\r\n'
2021-10-24 12:47:41,975:TEST-MODE:DEBUG: mega>rpi: b'BP1:1116.40\r\n'
2021-10-24 12:47:42,033:TEST-MODE:DEBUG: mega>rpi: b'BP2:1143.50\r\n'
2021-10-24 12:47:42,091:TEST-MODE:DEBUG: mega>rpi: b'HP:1727.80\r\n'
2021-10-24 12:47:42,106:TEST-MODE:DEBUG: mega>rpi: b'TT1:24.14\r\n'
2021-10-24 12:47:42,119:TEST-MODE:DEBUG: mega>rpi: b'TT2:24.26\r\n'
2021-10-24 12:47:42,177:TEST-MODE:DEBUG: mega>rpi: b'TP1:1022.30\r\n'
2021-10-24 12:47:42,233:TEST-MODE:DEBUG: mega>rpi: b'TP2:1036.80\r\n'
2021-10-24 12:47:42,250:TEST-MODE:DEBUG: mega>rpi: b'AT:25.55\r\n'
2021-10-24 12:47:42,308:TEST-MODE:DEBUG: mega>rpi: b'AP:6085.00\r\n'
2021-10-24 12:47:42,309:TEST-MODE:DEBUG: mega>rpi: b'BV:671.11\r\n'
2021-10-24 12:47:42,310:TEST-MODE:INFO: State.STOP
2021-10-24 12:47:42,313:TEST-MODE:INFO: BT1   BT2   TT1   TT2   AT    X    Y    Z     BP1   BP2   TP1   TP2   HP      AP      PD   PC     HL EL BF SF PF   BV     rpm             State MissionState Setpoint Error Depth 
2021-10-24 12:47:42,314:TEST-MODE:INFO: 24.72 24.18 24.14 24.25 25.55 0.01 0.01 -0.00 11.16 11.44 10.22 10.36 1725.58 6084.84 1.51 100.00 0  0  2  0  None 671.11 Buffering (0/1) STOP  IDLE         None     None  10.79 
2021-10-24 12:47:42,314:TEST-MODE:WARNING: Stopped
2021-10-24 12:47:42,316:TEST-MODE:DEBUG: mega>rpi: b'BF:2.00\r\n'
2021-10-24 12:47:42,318:TEST-MODE:DEBUG: mega>rpi: b'X:-0.01\r\n'
2021-10-24 12:47:42,319:TEST-MODE:DEBUG: mega>rpi: b'Y:-0.01\r\n'
2021-10-24 12:47:42,321:TEST-MODE:DEBUG: mega>rpi: b'Z:0.00\r\n'
2021-10-24 12:47:42,332:TEST-MODE:DEBUG: mega>rpi: b'PD:1.51\r\n'
2021-10-24 12:47:42,333:TEST-MODE:DEBUG: mega>rpi: b'PC:100.00\r\n'
2021-10-24 12:47:42,335:TEST-MODE:DEBUG: mega>rpi: b'LC:33.00\r\n'
2021-10-24 12:47:42,359:TEST-MODE:CRITICAL: user initiated safe system shutdown
2021-10-24 12:47:42,360:TEST-MODE:INFO: skipping nano safe shutdown: disabled
