2021-10-24 12:45:53,266:TEST-MODE:INFO: init
2021-10-24 12:45:53,268:TEST-MODE:INFO: loading settings:
2021-10-24 12:45:53,268:TEST-MODE:INFO: [app]: simulation = False
2021-10-24 12:45:53,269:TEST-MODE:INFO: [app]: simulation_udp_port = 12000
2021-10-24 12:45:53,269:TEST-MODE:INFO: [app]: host_ip = 127.0.0.1
2021-10-24 12:45:53,270:TEST-MODE:INFO: [app]: disable_safety = True
2021-10-24 12:45:53,271:TEST-MODE:INFO: [app]: test_mode = True
2021-10-24 12:45:53,271:TEST-MODE:INFO: [app]: test_mode_udp_port = 5000
2021-10-24 12:45:53,272:TEST-MODE:INFO: [app]: disable_altimeter = True
2021-10-24 12:45:53,272:TEST-MODE:INFO: [app]: skip_arduino_compile = True
2021-10-24 12:45:53,273:TEST-MODE:INFO: [serial]: port = /dev/ttyACM0
2021-10-24 12:45:53,273:TEST-MODE:INFO: [serial]: timeout = 3
2021-10-24 12:45:53,274:TEST-MODE:INFO: [serial]: baud_rate = 115200
2021-10-24 12:45:53,274:TEST-MODE:INFO: [serial_safety]: port = /dev/ttyUSB0
2021-10-24 12:45:53,275:TEST-MODE:INFO: [serial_safety]: timeout = 3
2021-10-24 12:45:53,275:TEST-MODE:INFO: [serial_safety]: baud_rate = 115200
2021-10-24 12:45:53,276:TEST-MODE:INFO: [task]: min_time_off_duration_limit = 0.5
2021-10-24 12:45:53,277:TEST-MODE:INFO: [task]: planned_mission = [1, 0, 1, 0]
2021-10-24 12:45:53,277:TEST-MODE:INFO: [task]: hold_on_taget_duration = 60
2021-10-24 12:45:53,278:TEST-MODE:INFO: [task]: hold_on_target_distance = 0.4
2021-10-24 12:45:53,278:TEST-MODE:INFO: [task]: min_ascend_descend_distance = 0.2
2021-10-24 12:45:53,279:TEST-MODE:INFO: [task]: kp = 40
2021-10-24 12:45:53,279:TEST-MODE:INFO: [task]: kd = 1000
2021-10-24 12:45:53,280:TEST-MODE:INFO: [task]: ki = 0.001
2021-10-24 12:45:53,281:TEST-MODE:INFO: [pressure]: epsilon = 0.5
2021-10-24 12:45:53,281:TEST-MODE:INFO: [pressure]: avg_samples = 5
2021-10-24 12:45:53,282:TEST-MODE:INFO: [pressure]: precision = 2
2021-10-24 12:45:53,282:TEST-MODE:INFO: [temperature]: avg_samples = 5
2021-10-24 12:45:53,283:TEST-MODE:INFO: [temperature]: precision = 2
2021-10-24 12:45:53,283:TEST-MODE:INFO: [imu]: avg_samples = 5
2021-10-24 12:45:53,284:TEST-MODE:INFO: [imu]: precision = 2
2021-10-24 12:45:53,284:TEST-MODE:INFO: [bladder]: avg_samples = 1
2021-10-24 12:45:53,285:TEST-MODE:INFO: [bladder]: precision = 2
2021-10-24 12:45:53,285:TEST-MODE:INFO: [altimeter]: avg_samples = 1
2021-10-24 12:45:53,286:TEST-MODE:INFO: [altimeter]: precision = 2
2021-10-24 12:45:53,287:TEST-MODE:INFO: [rpm]: avg_samples = 1
2021-10-24 12:45:53,287:TEST-MODE:INFO: [rpm]: precision = 2
2021-10-24 12:45:53,288:TEST-MODE:INFO: [pickup]: wait_for_water_duration = 10
2021-10-24 12:45:53,288:TEST-MODE:INFO: [safety]: timeout = 30
2021-10-24 12:45:53,289:TEST-MODE:WARNING: Safety is disabled
2021-10-24 12:45:53,290:TEST-MODE:WARNING: Altimeter is disabled
2021-10-24 12:45:53,291:TEST-MODE:WARNING: Test mode
2021-10-24 12:45:53,292:TEST-MODE:INFO: Pressure controller was initialized successfully
2021-10-24 12:45:53,294:TEST-MODE:INFO: BP1 pressure sensor was initialized successfully
2021-10-24 12:45:53,295:TEST-MODE:INFO: BP2 pressure sensor was initialized successfully
2021-10-24 12:45:53,296:TEST-MODE:INFO: TP1 pressure sensor was initialized successfully
2021-10-24 12:45:53,297:TEST-MODE:INFO: TP2 pressure sensor was initialized successfully
2021-10-24 12:45:53,297:TEST-MODE:INFO: HP pressure sensor was initialized successfully
2021-10-24 12:45:53,298:TEST-MODE:INFO: AP pressure sensor was initialized successfully
2021-10-24 12:45:53,298:TEST-MODE:INFO: Temperature controller was initialized successfully
2021-10-24 12:45:53,299:TEST-MODE:INFO: BT1 temperature sensor was initialized successfully
2021-10-24 12:45:53,299:TEST-MODE:INFO: BT2 temperature sensor was initialized successfully
2021-10-24 12:45:53,300:TEST-MODE:INFO: TT1 temperature sensor was initialized successfully
2021-10-24 12:45:53,301:TEST-MODE:INFO: TT2 temperature sensor was initialized successfully
2021-10-24 12:45:53,301:TEST-MODE:INFO: AT temperature sensor was initialized successfully
2021-10-24 12:45:53,302:TEST-MODE:INFO: IMU controller was initialized successfully
2021-10-24 12:45:53,302:TEST-MODE:INFO: X IMU sensor was initialized successfully
2021-10-24 12:45:53,303:TEST-MODE:INFO: Y IMU sensor was initialized successfully
2021-10-24 12:45:53,304:TEST-MODE:INFO: Z IMU sensor was initialized successfully
2021-10-24 12:45:53,305:TEST-MODE:INFO: Bladder volume controller was initialized successfully
2021-10-24 12:45:53,306:TEST-MODE:INFO: Altimeter controller was initialized successfully
2021-10-24 12:45:53,306:TEST-MODE:INFO: rpm controller was initialized successfully
2021-10-24 12:45:53,307:TEST-MODE:INFO: Pump flag controller was initialized successfully
2021-10-24 12:45:53,308:TEST-MODE:INFO: Bladder flag controller was initialized successfully
2021-10-24 12:45:53,309:TEST-MODE:INFO: Hull leak flag controller was initialized successfully
2021-10-24 12:45:53,309:TEST-MODE:INFO: Engine leak flag controller was initialized successfully
2021-10-24 12:45:53,310:TEST-MODE:INFO: Full surface initiated flag controller was initialized successfully
2021-10-24 12:45:53,311:TEST-MODE:INFO: Iridium flag controller was initialized successfully
2021-10-24 12:45:53,315:TEST-MODE:INFO: SerialComm was initialized successfully
2021-10-24 12:45:53,335:TEST-MODE:INFO: Profile file loaded successfully
2021-10-24 12:45:53,336:TEST-MODE:INFO: Profile class was initialized successfully
2021-10-24 12:45:53,338:TEST-MODE:INFO: setting state to MissionState.IDLE
2021-10-24 12:45:53,448:TEST-MODE:INFO: State.STOP
2021-10-24 12:45:53,452:TEST-MODE:INFO: BT1             BT2             TT1             TT2             AT              X               Y               Z               BP1             BP2             TP1             TP2             HP              AP              PD PC     HL EL BF   SF   PF   BV     rpm             State MissionState Setpoint Error Depth 
2021-10-24 12:45:53,453:TEST-MODE:INFO: Buffering (1/5) Buffering (0/5) Buffering (0/5) Buffering (0/5) Buffering (1/5) Buffering (0/5) Buffering (0/5) Buffering (0/5) Buffering (0/5) Buffering (0/5) Buffering (0/5) Buffering (0/5) Buffering (0/5) Buffering (1/5) 0  100.00 0  0  None None None 644.88 Buffering (0/1) STOP  IDLE         None     None  None  
2021-10-24 12:45:53,454:TEST-MODE:WARNING: Stopped
2021-10-24 12:45:54,730:TEST-MODE:ERROR: unknown header: SU:0.00
2021-10-24 12:45:54,809:TEST-MODE:ERROR: unknown header: PS:2.00
2021-10-24 12:45:56,807:TEST-MODE:ERROR: unknown header: Date: 10/24/2021 Time
2021-10-24 12:45:58,515:TEST-MODE:ERROR: unknown header: SU:1.00
2021-10-24 12:45:59,020:TEST-MODE:INFO: State.STOP
2021-10-24 12:45:59,022:TEST-MODE:INFO: BT1             BT2             TT1             TT2             AT              X               Y               Z               BP1             BP2             TP1             TP2             HP              AP              PD   PC     HL EL BF SF   PF   BV     rpm             State MissionState Setpoint Error Depth 
2021-10-24 12:45:59,024:TEST-MODE:INFO: Buffering (4/5) Buffering (2/5) Buffering (2/5) Buffering (2/5) Buffering (3/5) Buffering (2/5) Buffering (2/5) Buffering (2/5) Buffering (2/5) Buffering (2/5) Buffering (2/5) Buffering (2/5) Buffering (2/5) Buffering (3/5) 1.51 100.00 0  0  2  None None 645.06 Buffering (0/1) STOP  IDLE         None     None  None  
2021-10-24 12:45:59,025:TEST-MODE:WARNING: Stopped
2021-10-24 12:45:59,534:TEST-MODE:INFO: State.STOP
2021-10-24 12:45:59,536:TEST-MODE:INFO: BT1   BT2             TT1             TT2             AT              X               Y               Z               BP1             BP2             TP1             TP2             HP              AP              PD   PC     HL EL BF SF   PF   BV     rpm             State MissionState Setpoint Error Depth 
2021-10-24 12:45:59,537:TEST-MODE:INFO: 24.56 Buffering (3/5) Buffering (3/5) Buffering (3/5) Buffering (4/5) Buffering (3/5) Buffering (3/5) Buffering (3/5) Buffering (3/5) Buffering (3/5) Buffering (3/5) Buffering (3/5) Buffering (3/5) Buffering (4/5) 1.51 100.00 0  0  2  None None 645.20 Buffering (0/1) STOP  IDLE         None     None  None  
2021-10-24 12:45:59,538:TEST-MODE:WARNING: Stopped
2021-10-24 12:46:00,044:TEST-MODE:INFO: State.STOP
2021-10-24 12:46:00,047:TEST-MODE:INFO: BT1   BT2             TT1             TT2             AT    X               Y               Z               BP1             BP2             TP1             TP2             HP              AP      PD   PC     HL EL BF SF   PF   BV     rpm             State MissionState Setpoint Error Depth 
2021-10-24 12:46:00,048:TEST-MODE:INFO: 24.56 Buffering (4/5) Buffering (4/5) Buffering (4/5) 25.34 Buffering (4/5) Buffering (4/5) Buffering (4/5) Buffering (4/5) Buffering (4/5) Buffering (4/5) Buffering (4/5) Buffering (4/5) 6191.72 1.51 100.00 0  0  2  None None 645.15 Buffering (0/1) STOP  IDLE         None     None  None  
2021-10-24 12:46:00,049:TEST-MODE:WARNING: Stopped
2021-10-24 12:46:00,573:TEST-MODE:INFO: State.STOP
2021-10-24 12:46:00,576:TEST-MODE:INFO: BT1   BT2   TT1   TT2   AT    X    Y    Z    BP1   BP2   TP1   TP2   HP      AP      PD   PC     HL EL BF SF   PF   BV     rpm             State MissionState Setpoint Error Depth 
2021-10-24 12:46:00,577:TEST-MODE:INFO: 24.57 24.12 24.61 24.81 25.34 0.00 0.00 0.00 11.09 11.27 10.03 10.29 1664.22 6191.38 1.51 100.00 0  0  2  None None 645.27 Buffering (0/1) STOP  IDLE         None     None  10.67 
2021-10-24 12:46:00,577:TEST-MODE:WARNING: Stopped
2021-10-24 12:46:01,070:TEST-MODE:INFO: State.STOP
2021-10-24 12:46:01,072:TEST-MODE:INFO: BT1   BT2   TT1   TT2   AT    X    Y    Z    BP1   BP2   TP1   TP2   HP      AP      PD   PC     HL EL BF SF   PF   BV     rpm             State MissionState Setpoint Error Depth 
2021-10-24 12:46:01,073:TEST-MODE:INFO: 24.64 24.13 24.23 24.47 25.23 0.00 0.00 0.00 11.09 11.27 10.04 10.29 1664.52 6189.04 1.51 100.00 0  0  2  None None 645.29 Buffering (0/1) STOP  IDLE         None     None  10.67 
2021-10-24 12:46:01,074:TEST-MODE:WARNING: Stopped
2021-10-24 12:46:01,598:TEST-MODE:INFO: sending dive command
2021-10-24 12:46:01,613:TEST-MODE:INFO: State.STOP
2021-10-24 12:46:01,615:TEST-MODE:INFO: BT1   BT2   TT1   TT2   AT    X     Y    Z     BP1   BP2   TP1   TP2   HP      AP      PD   PC     HL EL BF SF   PF   BV     rpm             State MissionState Setpoint Error Depth 
2021-10-24 12:46:01,616:TEST-MODE:INFO: 24.64 24.13 24.23 24.47 25.23 -0.00 0.00 -0.00 11.09 11.27 10.04 10.29 1664.58 6188.96 1.51 100.00 0  0  2  None None 645.16 Buffering (0/1) STOP  IDLE         None     None  10.67 
2021-10-24 12:46:01,616:TEST-MODE:WARNING: Stopped
2021-10-24 12:46:01,691:TEST-MODE:ERROR: unknown header: S:1.00
2021-10-24 12:46:01,764:TEST-MODE:INFO: State.STOP
2021-10-24 12:46:01,766:TEST-MODE:INFO: BT1   BT2   TT1   TT2   AT    X     Y    Z     BP1   BP2   TP1   TP2   HP      AP      PD   PC     HL EL BF SF PF   BV     rpm             State MissionState Setpoint Error Depth 
2021-10-24 12:46:01,767:TEST-MODE:INFO: 24.64 24.13 24.23 24.47 25.23 -0.00 0.00 -0.00 11.09 11.27 10.04 10.29 1664.58 6188.88 1.51 100.00 0  0  2  1  None 645.34 Buffering (0/1) STOP  IDLE         None     None  10.67 
2021-10-24 12:46:01,768:TEST-MODE:WARNING: Stopped
2021-10-24 12:46:03,094:TEST-MODE:INFO: sending dive command
2021-10-24 12:46:03,096:TEST-MODE:INFO: State.STOP
2021-10-24 12:46:03,098:TEST-MODE:INFO: BT1   BT2   TT1   TT2   AT    X     Y    Z     BP1   BP2   TP1   TP2   HP      AP      PD   PC     HL EL BF SF PF   BV     rpm             State MissionState Setpoint Error Depth 
2021-10-24 12:46:03,099:TEST-MODE:INFO: 24.65 24.12 24.23 24.47 25.23 -0.00 0.00 -0.00 11.09 11.27 10.04 10.29 1658.38 6192.24 1.51 100.00 0  0  2  0  None 641.29 Buffering (0/1) STOP  IDLE         None     None  10.67 
2021-10-24 12:46:03,099:TEST-MODE:WARNING: Stopped
2021-10-24 12:46:03,200:TEST-MODE:ERROR: unknown header: S:1.00
2021-10-24 12:46:03,275:TEST-MODE:INFO: State.STOP
2021-10-24 12:46:03,278:TEST-MODE:INFO: BT1   BT2   TT1   TT2   AT    X     Y    Z    BP1   BP2   TP1   TP2   HP      AP      PD   PC     HL EL BF SF PF   BV     rpm             State MissionState Setpoint Error Depth 
2021-10-24 12:46:03,279:TEST-MODE:INFO: 24.65 24.12 24.23 24.47 25.23 -0.01 0.00 0.00 11.09 11.27 10.04 10.29 1658.38 6195.82 1.51 100.00 0  0  2  1  None 641.16 Buffering (0/1) STOP  IDLE         None     None  10.67 
2021-10-24 12:46:03,279:TEST-MODE:WARNING: Stopped
2021-10-24 12:46:04,606:TEST-MODE:INFO: sending dive command
2021-10-24 12:46:04,607:TEST-MODE:INFO: State.STOP
2021-10-24 12:46:04,610:TEST-MODE:INFO: BT1   BT2   TT1   TT2   AT    X     Y    Z    BP1   BP2   TP1   TP2   HP      AP      PD   PC     HL EL BF SF PF   BV     rpm             State MissionState Setpoint Error Depth 
2021-10-24 12:46:04,610:TEST-MODE:INFO: 24.65 24.12 24.23 24.47 25.23 -0.01 0.00 0.00 11.09 11.27 10.04 10.29 1648.18 6202.42 1.51 100.00 0  0  2  0  None 637.73 Buffering (0/1) STOP  IDLE         None     None  10.67 
2021-10-24 12:46:04,611:TEST-MODE:WARNING: Stopped
2021-10-24 12:46:04,709:TEST-MODE:ERROR: unknown header: S:1.00
2021-10-24 12:46:04,782:TEST-MODE:INFO: State.STOP
2021-10-24 12:46:04,784:TEST-MODE:INFO: BT1   BT2   TT1   TT2   AT    X     Y    Z     BP1   BP2   TP1   TP2   HP      AP      PD   PC     HL EL BF SF PF   BV     rpm             State MissionState Setpoint Error Depth 
2021-10-24 12:46:04,785:TEST-MODE:INFO: 24.65 24.12 24.23 24.47 25.23 -0.01 0.00 -0.01 11.09 11.27 10.04 10.29 1648.18 6208.82 1.51 100.00 0  0  2  1  None 637.87 Buffering (0/1) STOP  IDLE         None     None  10.67 
2021-10-24 12:46:04,786:TEST-MODE:WARNING: Stopped
2021-10-24 12:46:06,112:TEST-MODE:INFO: sending dive command
2021-10-24 12:46:06,114:TEST-MODE:INFO: State.STOP
2021-10-24 12:46:06,116:TEST-MODE:INFO: BT1   BT2   TT1   TT2   AT    X     Y    Z     BP1   BP2   TP1   TP2   HP      AP      PD   PC     HL EL BF SF PF   BV     rpm             State MissionState Setpoint Error Depth 
2021-10-24 12:46:06,117:TEST-MODE:INFO: 24.65 24.11 24.24 24.47 25.23 -0.01 0.00 -0.01 11.10 11.27 10.04 10.29 1634.40 6218.58 1.51 100.00 0  0  2  0  None 634.22 Buffering (0/1) STOP  IDLE         None     None  10.67 
2021-10-24 12:46:06,118:TEST-MODE:WARNING: Stopped
2021-10-24 12:46:06,219:TEST-MODE:ERROR: unknown header: S:1.00
2021-10-24 12:46:06,294:TEST-MODE:INFO: State.STOP
2021-10-24 12:46:06,296:TEST-MODE:INFO: BT1   BT2   TT1   TT2   AT    X     Y     Z     BP1   BP2   TP1   TP2   HP      AP      PD   PC     HL EL BF SF PF   BV     rpm             State MissionState Setpoint Error Depth 
2021-10-24 12:46:06,298:TEST-MODE:INFO: 24.65 24.11 24.24 24.47 25.23 -0.01 -0.00 -0.01 11.10 11.27 10.04 10.29 1634.40 6224.72 1.51 100.00 0  0  2  1  None 634.34 Buffering (0/1) STOP  IDLE         None     None  10.67 
2021-10-24 12:46:06,298:TEST-MODE:WARNING: Stopped
2021-10-24 12:46:07,629:TEST-MODE:INFO: sending dive command
2021-10-24 12:46:07,631:TEST-MODE:INFO: State.STOP
2021-10-24 12:46:07,634:TEST-MODE:INFO: BT1   BT2   TT1   TT2   AT    X     Y     Z     BP1   BP2   TP1   TP2   HP      AP      PD   PC     HL EL BF SF PF   BV     rpm             State MissionState Setpoint Error Depth 
2021-10-24 12:46:07,635:TEST-MODE:INFO: 24.65 24.11 24.24 24.47 25.24 -0.01 -0.00 -0.01 11.10 11.27 10.04 10.29 1616.86 6234.10 1.51 100.00 0  0  2  0  None 630.54 Buffering (0/1) STOP  IDLE         None     None  10.67 
2021-10-24 12:46:07,636:TEST-MODE:WARNING: Stopped
2021-10-24 12:46:07,728:TEST-MODE:ERROR: unknown header: S:1.00
2021-10-24 12:46:07,801:TEST-MODE:INFO: State.STOP
2021-10-24 12:46:07,803:TEST-MODE:INFO: BT1   BT2   TT1   TT2   AT    X     Y     Z     BP1   BP2   TP1   TP2   HP      AP      PD   PC     HL EL BF SF PF   BV     rpm             State MissionState Setpoint Error Depth 
2021-10-24 12:46:07,804:TEST-MODE:INFO: 24.65 24.11 24.24 24.47 25.24 -0.01 -0.00 -0.01 11.10 11.27 10.04 10.29 1616.86 6240.46 1.51 100.00 0  0  2  1  None 630.56 Buffering (0/1) STOP  IDLE         None     None  10.67 
2021-10-24 12:46:07,805:TEST-MODE:WARNING: Stopped
2021-10-24 12:46:09,136:TEST-MODE:INFO: sending dive command
2021-10-24 12:46:09,137:TEST-MODE:INFO: State.STOP
2021-10-24 12:46:09,139:TEST-MODE:INFO: BT1   BT2   TT1   TT2   AT    X     Y     Z     BP1   BP2   TP1   TP2   HP      AP      PD   PC     HL EL BF SF PF   BV     rpm             State MissionState Setpoint Error Depth 
2021-10-24 12:46:09,140:TEST-MODE:INFO: 24.65 24.10 24.26 24.47 25.24 -0.01 -0.00 -0.01 11.10 11.27 10.04 10.29 1596.28 6250.36 1.51 100.00 0  0  2  0  None 626.76 Buffering (0/1) STOP  IDLE         None     None  10.67 
2021-10-24 12:46:09,141:TEST-MODE:WARNING: Stopped
2021-10-24 12:46:09,238:TEST-MODE:ERROR: unknown header: S:1.00
2021-10-24 12:46:09,313:TEST-MODE:INFO: State.STOP
2021-10-24 12:46:09,316:TEST-MODE:INFO: BT1   BT2   TT1   TT2   AT    X     Y    Z     BP1   BP2   TP1   TP2   HP      AP      PD   PC     HL EL BF SF PF   BV     rpm             State MissionState Setpoint Error Depth 
2021-10-24 12:46:09,317:TEST-MODE:INFO: 24.65 24.10 24.26 24.47 25.24 -0.01 0.00 -0.01 11.10 11.27 10.04 10.29 1596.28 6256.96 1.51 100.00 0  0  2  1  None 626.82 Buffering (0/1) STOP  IDLE         None     None  10.67 
2021-10-24 12:46:09,317:TEST-MODE:WARNING: Stopped
2021-10-24 12:46:10,646:TEST-MODE:INFO: sending dive command
2021-10-24 12:46:10,648:TEST-MODE:INFO: State.STOP
2021-10-24 12:46:10,650:TEST-MODE:INFO: BT1   BT2   TT1   TT2   AT    X     Y    Z     BP1   BP2   TP1   TP2   HP      AP      PD   PC     HL EL BF SF PF   BV     rpm             State MissionState Setpoint Error Depth 
2021-10-24 12:46:10,651:TEST-MODE:INFO: 24.64 24.10 24.27 24.46 25.25 -0.01 0.00 -0.01 11.10 11.27 10.04 10.29 1579.00 6266.86 1.51 100.00 0  0  2  0  None 623.32 Buffering (0/1) STOP  IDLE         None     None  10.67 
2021-10-24 12:46:10,651:TEST-MODE:WARNING: Stopped
2021-10-24 12:46:10,745:TEST-MODE:ERROR: unknown header: S:1.00
2021-10-24 12:46:10,820:TEST-MODE:INFO: State.STOP
2021-10-24 12:46:10,823:TEST-MODE:INFO: BT1   BT2   TT1   TT2   AT    X     Y    Z     BP1   BP2   TP1   TP2   HP      AP      PD   PC     HL EL BF SF PF   BV     rpm             State MissionState Setpoint Error Depth 
2021-10-24 12:46:10,824:TEST-MODE:INFO: 24.64 24.10 24.27 24.46 25.26 -0.00 0.00 -0.01 11.10 11.27 10.04 10.29 1579.00 6273.50 1.51 100.00 0  0  2  1  None 623.21 Buffering (0/1) STOP  IDLE         None     None  10.67 
2021-10-24 12:46:10,824:TEST-MODE:WARNING: Stopped
2021-10-24 12:46:12,150:TEST-MODE:INFO: sending dive command
2021-10-24 12:46:12,152:TEST-MODE:INFO: State.STOP
2021-10-24 12:46:12,154:TEST-MODE:INFO: BT1   BT2   TT1   TT2   AT    X     Y    Z     BP1   BP2   TP1   TP2   HP      AP      PD   PC     HL EL BF SF PF   BV     rpm             State MissionState Setpoint Error Depth 
2021-10-24 12:46:12,155:TEST-MODE:INFO: 24.65 24.10 24.28 24.45 25.26 -0.00 0.00 -0.01 11.10 11.27 10.04 10.29 1562.88 6283.34 1.51 100.00 0  0  2  0  None 619.71 Buffering (0/1) STOP  IDLE         None     None  10.67 
2021-10-24 12:46:12,156:TEST-MODE:WARNING: Stopped
2021-10-24 12:46:12,252:TEST-MODE:ERROR: unknown header: S:1.00
2021-10-24 12:46:12,326:TEST-MODE:INFO: State.STOP
2021-10-24 12:46:12,329:TEST-MODE:INFO: BT1   BT2   TT1   TT2   AT    X     Y    Z     BP1   BP2   TP1   TP2   HP      AP      PD   PC     HL EL BF SF PF   BV     rpm             State MissionState Setpoint Error Depth 
2021-10-24 12:46:12,330:TEST-MODE:INFO: 24.65 24.10 24.28 24.45 25.27 -0.00 0.01 -0.01 11.10 11.27 10.04 10.29 1562.88 6289.70 1.51 100.00 0  0  2  1  None 619.78 Buffering (0/1) STOP  IDLE         None     None  10.67 
2021-10-24 12:46:12,330:TEST-MODE:WARNING: Stopped
2021-10-24 12:46:13,657:TEST-MODE:INFO: sending dive command
2021-10-24 12:46:13,658:TEST-MODE:INFO: State.STOP
2021-10-24 12:46:13,661:TEST-MODE:INFO: BT1   BT2   TT1   TT2   AT    X     Y    Z     BP1   BP2   TP1   TP2   HP      AP      PD   PC     HL EL BF SF PF   BV     rpm             State MissionState Setpoint Error Depth 
2021-10-24 12:46:13,662:TEST-MODE:INFO: 24.64 24.11 24.29 24.44 25.28 -0.00 0.01 -0.01 11.10 11.27 10.04 10.29 1547.80 6299.28 1.51 100.00 0  0  2  0  None 616.36 Buffering (0/1) STOP  IDLE         None     None  10.67 
2021-10-24 12:46:13,662:TEST-MODE:WARNING: Stopped
2021-10-24 12:46:13,758:TEST-MODE:ERROR: unknown header: S:1.00
2021-10-24 12:46:13,832:TEST-MODE:INFO: State.STOP
2021-10-24 12:46:13,835:TEST-MODE:INFO: BT1   BT2   TT1   TT2   AT    X    Y    Z     BP1   BP2   TP1   TP2   HP      AP      PD   PC     HL EL BF SF PF   BV     rpm             State MissionState Setpoint Error Depth 
2021-10-24 12:46:13,836:TEST-MODE:INFO: 24.64 24.11 24.29 24.44 25.28 0.00 0.01 -0.01 11.10 11.27 10.04 10.29 1547.80 6305.60 1.51 100.00 0  0  2  1  None 616.38 Buffering (0/1) STOP  IDLE         None     None  10.67 
2021-10-24 12:46:13,837:TEST-MODE:WARNING: Stopped
2021-10-24 12:46:15,163:TEST-MODE:INFO: sending dive command
2021-10-24 12:46:15,165:TEST-MODE:INFO: State.STOP
2021-10-24 12:46:15,168:TEST-MODE:INFO: BT1   BT2   TT1   TT2   AT    X    Y    Z     BP1   BP2   TP1   TP2   HP      AP      PD   PC     HL EL BF SF PF   BV     rpm             State MissionState Setpoint Error Depth 
2021-10-24 12:46:15,169:TEST-MODE:INFO: 24.64 24.11 24.29 24.43 25.29 0.00 0.01 -0.01 11.10 11.27 10.04 10.29 1534.06 6314.78 1.51 100.00 0  0  2  0  None 613.20 Buffering (0/1) STOP  IDLE         None     None  10.67 
2021-10-24 12:46:15,170:TEST-MODE:WARNING: Stopped
2021-10-24 12:46:15,268:TEST-MODE:ERROR: unknown header: S:1.00
2021-10-24 12:46:15,338:TEST-MODE:INFO: State.STOP
2021-10-24 12:46:15,341:TEST-MODE:INFO: BT1   BT2   TT1   TT2   AT    X     Y    Z     BP1   BP2   TP1   TP2   HP      AP      PD   PC     HL EL BF SF PF   BV     rpm             State MissionState Setpoint Error Depth 
2021-10-24 12:46:15,342:TEST-MODE:INFO: 24.64 24.11 24.29 24.43 25.29 -0.00 0.01 -0.00 11.10 11.27 10.04 10.29 1534.06 6320.72 1.51 100.00 0  0  2  1  None 613.31 Buffering (0/1) STOP  IDLE         None     None  10.67 
2021-10-24 12:46:15,343:TEST-MODE:WARNING: Stopped
2021-10-24 12:46:16,668:TEST-MODE:INFO: sending dive command
2021-10-24 12:46:16,671:TEST-MODE:INFO: State.STOP
2021-10-24 12:46:16,674:TEST-MODE:INFO: BT1   BT2   TT1   TT2   AT    X     Y    Z     BP1   BP2   TP1   TP2   HP      AP      PD   PC     HL EL BF SF PF   BV     rpm             State MissionState Setpoint Error Depth 
2021-10-24 12:46:16,674:TEST-MODE:INFO: 24.64 24.11 24.28 24.42 25.30 -0.00 0.01 -0.00 11.10 11.27 10.04 10.29 1521.08 6329.80 1.51 100.00 0  0  2  0  None 610.00 Buffering (0/1) STOP  IDLE         None     None  10.67 
2021-10-24 12:46:16,675:TEST-MODE:WARNING: Stopped
2021-10-24 12:46:16,771:TEST-MODE:ERROR: unknown header: S:1.00
2021-10-24 12:46:16,844:TEST-MODE:INFO: State.STOP
2021-10-24 12:46:16,848:TEST-MODE:INFO: BT1   BT2   TT1   TT2   AT    X     Y    Z    BP1   BP2   TP1   TP2   HP      AP      PD   PC     HL EL BF SF PF   BV     rpm             State MissionState Setpoint Error Depth 
2021-10-24 12:46:16,849:TEST-MODE:INFO: 24.64 24.11 24.28 24.42 25.31 -0.00 0.01 0.01 11.10 11.27 10.04 10.29 1521.08 6335.56 1.51 100.00 0  0  2  1  None 610.22 Buffering (0/1) STOP  IDLE         None     None  10.67 
2021-10-24 12:46:16,850:TEST-MODE:WARNING: Stopped
2021-10-24 12:46:17,767:TEST-MODE:ERROR: SENSOR ERROR: [BT1] Overflow value: [ovf]
2021-10-24 12:46:18,175:TEST-MODE:INFO: sending dive command
2021-10-24 12:46:18,176:TEST-MODE:INFO: State.STOP
2021-10-24 12:46:18,179:TEST-MODE:INFO: BT1   BT2   TT1   TT2   AT    X     Y    Z    BP1   BP2   TP1   TP2   HP      AP      PD   PC     HL EL BF SF PF   BV     rpm             State MissionState Setpoint Error Depth 
2021-10-24 12:46:18,180:TEST-MODE:INFO: 24.64 24.11 24.28 24.41 25.33 -0.00 0.01 0.01 11.10 11.27 10.04 10.29 1509.12 6344.24 1.51 100.00 0  0  2  0  None 607.17 Buffering (0/1) STOP  IDLE         None     None  10.67 
2021-10-24 12:46:18,180:TEST-MODE:WARNING: Stopped
2021-10-24 12:46:18,278:TEST-MODE:ERROR: unknown header: S:1.00
2021-10-24 12:46:18,350:TEST-MODE:INFO: State.STOP
2021-10-24 12:46:18,352:TEST-MODE:INFO: BT1   BT2   TT1   TT2   AT    X     Y    Z    BP1   BP2   TP1   TP2   HP      AP      PD   PC     HL EL BF SF PF   BV     rpm             State MissionState Setpoint Error Depth 
2021-10-24 12:46:18,353:TEST-MODE:INFO: 24.64 24.11 24.28 24.41 25.34 -0.01 0.00 0.01 11.10 11.27 10.04 10.29 1509.12 6349.92 1.51 100.00 0  0  0  1  None 607.22 Buffering (0/1) STOP  IDLE         None     None  10.67 
2021-10-24 12:46:18,354:TEST-MODE:WARNING: Stopped
2021-10-24 12:46:19,183:TEST-MODE:INFO: State.STOP
2021-10-24 12:46:19,186:TEST-MODE:INFO: BT1   BT2   TT1   TT2   AT    X     Y    Z    BP1   BP2   TP1   TP2   HP      AP      PD   PC     HL EL BF SF PF   BV     rpm             State MissionState Setpoint Error Depth 
2021-10-24 12:46:19,187:TEST-MODE:INFO: 24.64 24.11 24.28 24.41 25.35 -0.01 0.00 0.01 11.10 11.27 10.04 10.29 1509.12 6359.64 1.51 100.00 0  0  0  1  None 602.93 Buffering (0/1) STOP  IDLE         None     None  10.67 
2021-10-24 12:46:19,188:TEST-MODE:WARNING: Stopped
2021-10-24 12:46:19,306:TEST-MODE:INFO: State.STOP
2021-10-24 12:46:19,309:TEST-MODE:INFO: BT1   BT2   TT1   TT2   AT    X     Y    Z    BP1   BP2   TP1   TP2   HP      AP      PD   PC     HL EL BF SF PF   BV     rpm             State MissionState Setpoint Error Depth 
2021-10-24 12:46:19,310:TEST-MODE:INFO: 24.64 24.11 24.28 24.41 25.35 -0.01 0.00 0.01 11.10 11.27 10.04 10.29 1509.12 6368.04 1.51 100.00 0  0  0  1  None 601.07 Buffering (0/1) STOP  IDLE         None     None  10.67 
2021-10-24 12:46:19,311:TEST-MODE:WARNING: Stopped
2021-10-24 12:46:19,430:TEST-MODE:INFO: State.STOP
2021-10-24 12:46:19,433:TEST-MODE:INFO: BT1   BT2   TT1   TT2   AT    X     Y    Z    BP1   BP2   TP1   TP2   HP      AP      PD   PC     HL EL BF SF PF   BV     rpm             State MissionState Setpoint Error Depth 
2021-10-24 12:46:19,434:TEST-MODE:INFO: 24.64 24.11 24.28 24.41 25.36 -0.01 0.00 0.01 11.10 11.27 10.04 10.29 1509.12 6379.10 1.51 100.00 0  0  0  1  None 598.37 Buffering (0/1) STOP  IDLE         None     None  10.67 
2021-10-24 12:46:19,435:TEST-MODE:WARNING: Stopped
2021-10-24 12:46:19,554:TEST-MODE:INFO: State.STOP
2021-10-24 12:46:19,556:TEST-MODE:INFO: BT1   BT2   TT1   TT2   AT    X     Y    Z    BP1   BP2   TP1   TP2   HP      AP      PD   PC     HL EL BF SF PF   BV     rpm             State MissionState Setpoint Error Depth 
2021-10-24 12:46:19,557:TEST-MODE:INFO: 24.64 24.11 24.28 24.41 25.36 -0.01 0.00 0.01 11.10 11.27 10.04 10.29 1509.12 6389.58 1.51 100.00 0  0  0  1  None 595.92 Buffering (0/1) STOP  IDLE         None     None  10.67 
2021-10-24 12:46:19,558:TEST-MODE:WARNING: Stopped
2021-10-24 12:46:19,678:TEST-MODE:INFO: State.STOP
2021-10-24 12:46:19,681:TEST-MODE:INFO: BT1   BT2   TT1   TT2   AT    X     Y    Z    BP1   BP2   TP1   TP2   HP      AP      PD   PC     HL EL BF SF PF   BV     rpm             State MissionState Setpoint Error Depth 
2021-10-24 12:46:19,682:TEST-MODE:INFO: 24.64 24.11 24.28 24.41 25.37 -0.01 0.00 0.01 11.10 11.27 10.04 10.29 1509.12 6402.82 1.51 100.00 0  0  0  1  None 593.01 Buffering (0/1) STOP  IDLE         None     None  10.67 
2021-10-24 12:46:19,682:TEST-MODE:WARNING: Stopped
2021-10-24 12:46:19,802:TEST-MODE:INFO: State.STOP
2021-10-24 12:46:19,804:TEST-MODE:INFO: BT1   BT2   TT1   TT2   AT    X     Y    Z    BP1   BP2   TP1   TP2   HP      AP      PD   PC     HL EL BF SF PF   BV     rpm             State MissionState Setpoint Error Depth 
2021-10-24 12:46:19,805:TEST-MODE:INFO: 24.64 24.11 24.28 24.41 25.37 -0.01 0.00 0.01 11.10 11.27 10.04 10.29 1509.12 6415.26 1.51 100.00 0  0  0  1  None 589.66 Buffering (0/1) STOP  IDLE         None     None  10.67 
2021-10-24 12:46:19,806:TEST-MODE:WARNING: Stopped
2021-10-24 12:46:19,924:TEST-MODE:INFO: State.STOP
2021-10-24 12:46:19,927:TEST-MODE:INFO: BT1   BT2   TT1   TT2   AT    X     Y    Z    BP1   BP2   TP1   TP2   HP      AP      PD   PC     HL EL BF SF PF   BV     rpm             State MissionState Setpoint Error Depth 
2021-10-24 12:46:19,928:TEST-MODE:INFO: 24.64 24.11 24.28 24.41 25.38 -0.01 0.00 0.01 11.10 11.27 10.04 10.29 1509.12 6429.12 1.51 100.00 0  0  0  1  None 586.33 Buffering (0/1) STOP  IDLE         None     None  10.67 
2021-10-24 12:46:19,929:TEST-MODE:WARNING: Stopped
2021-10-24 12:46:20,047:TEST-MODE:INFO: State.STOP
2021-10-24 12:46:20,050:TEST-MODE:INFO: BT1   BT2   TT1   TT2   AT    X     Y    Z    BP1   BP2   TP1   TP2   HP      AP      PD   PC     HL EL BF SF PF   BV     rpm             State MissionState Setpoint Error Depth 
2021-10-24 12:46:20,050:TEST-MODE:INFO: 24.64 24.11 24.28 24.41 25.38 -0.01 0.00 0.01 11.10 11.27 10.04 10.29 1509.12 6444.20 1.51 100.00 0  0  0  1  None 582.40 Buffering (0/1) STOP  IDLE         None     None  10.67 
2021-10-24 12:46:20,051:TEST-MODE:WARNING: Stopped
2021-10-24 12:46:20,170:TEST-MODE:INFO: State.STOP
2021-10-24 12:46:20,172:TEST-MODE:INFO: BT1   BT2   TT1   TT2   AT    X     Y    Z    BP1   BP2   TP1   TP2   HP      AP      PD   PC     HL EL BF SF PF   BV     rpm             State MissionState Setpoint Error Depth 
2021-10-24 12:46:20,174:TEST-MODE:INFO: 24.64 24.11 24.28 24.41 25.38 -0.01 0.00 0.01 11.10 11.27 10.04 10.29 1509.12 6460.78 1.51 100.00 0  0  0  1  None 578.44 Buffering (0/1) STOP  IDLE         None     None  10.67 
2021-10-24 12:46:20,174:TEST-MODE:WARNING: Stopped
2021-10-24 12:46:20,293:TEST-MODE:INFO: State.STOP
2021-10-24 12:46:20,296:TEST-MODE:INFO: BT1   BT2   TT1   TT2   AT    X     Y    Z    BP1   BP2   TP1   TP2   HP      AP      PD   PC     HL EL BF SF PF   BV     rpm             State MissionState Setpoint Error Depth 
2021-10-24 12:46:20,297:TEST-MODE:INFO: 24.64 24.11 24.28 24.41 25.39 -0.01 0.00 0.01 11.10 11.27 10.04 10.29 1509.12 6478.56 1.51 100.00 0  0  0  1  None 574.35 Buffering (0/1) STOP  IDLE         None     None  10.67 
2021-10-24 12:46:20,297:TEST-MODE:WARNING: Stopped
2021-10-24 12:46:20,416:TEST-MODE:INFO: State.STOP
2021-10-24 12:46:20,419:TEST-MODE:INFO: BT1   BT2   TT1   TT2   AT    X     Y    Z    BP1   BP2   TP1   TP2   HP      AP      PD   PC     HL EL BF SF PF   BV     rpm             State MissionState Setpoint Error Depth 
2021-10-24 12:46:20,420:TEST-MODE:INFO: 24.64 24.11 24.28 24.41 25.39 -0.01 0.00 0.01 11.10 11.27 10.04 10.29 1509.12 6496.74 1.51 100.00 0  0  0  1  None 570.68 Buffering (0/1) STOP  IDLE         None     None  10.67 
2021-10-24 12:46:20,420:TEST-MODE:WARNING: Stopped
2021-10-24 12:46:20,541:TEST-MODE:INFO: State.STOP
2021-10-24 12:46:20,544:TEST-MODE:INFO: BT1   BT2   TT1   TT2   AT    X     Y    Z    BP1   BP2   TP1   TP2   HP      AP      PD   PC     HL EL BF SF PF   BV     rpm             State MissionState Setpoint Error Depth 
2021-10-24 12:46:20,545:TEST-MODE:INFO: 24.64 24.11 24.28 24.41 25.39 -0.01 0.00 0.01 11.10 11.27 10.04 10.29 1509.12 6515.62 1.51 100.00 0  0  0  1  None 566.72 Buffering (0/1) STOP  IDLE         None     None  10.67 
2021-10-24 12:46:20,545:TEST-MODE:WARNING: Stopped
2021-10-24 12:46:20,666:TEST-MODE:INFO: State.STOP
2021-10-24 12:46:20,669:TEST-MODE:INFO: BT1   BT2   TT1   TT2   AT    X     Y    Z    BP1   BP2   TP1   TP2   HP      AP      PD   PC     HL EL BF SF PF   BV     rpm             State MissionState Setpoint Error Depth 
2021-10-24 12:46:20,670:TEST-MODE:INFO: 24.64 24.11 24.28 24.41 25.40 -0.01 0.00 0.01 11.10 11.27 10.04 10.29 1509.12 6534.56 1.51 100.00 0  0  0  1  None 562.85 Buffering (0/1) STOP  IDLE         None     None  10.67 
2021-10-24 12:46:20,671:TEST-MODE:WARNING: Stopped
2021-10-24 12:46:20,789:TEST-MODE:INFO: State.STOP
2021-10-24 12:46:20,792:TEST-MODE:INFO: BT1   BT2   TT1   TT2   AT    X     Y    Z    BP1   BP2   TP1   TP2   HP      AP      PD   PC     HL EL BF SF PF   BV     rpm             State MissionState Setpoint Error Depth 
2021-10-24 12:46:20,793:TEST-MODE:INFO: 24.64 24.11 24.28 24.41 25.40 -0.01 0.00 0.01 11.10 11.27 10.04 10.29 1509.12 6553.62 1.51 100.00 0  0  0  1  None 558.92 Buffering (0/1) STOP  IDLE         None     None  10.67 
2021-10-24 12:46:20,794:TEST-MODE:WARNING: Stopped
2021-10-24 12:46:20,913:TEST-MODE:INFO: State.STOP
2021-10-24 12:46:20,916:TEST-MODE:INFO: BT1   BT2   TT1   TT2   AT    X     Y    Z    BP1   BP2   TP1   TP2   HP      AP      PD   PC     HL EL BF SF PF   BV     rpm             State MissionState Setpoint Error Depth 
2021-10-24 12:46:20,917:TEST-MODE:INFO: 24.64 24.11 24.28 24.41 25.41 -0.01 0.00 0.01 11.10 11.27 10.04 10.29 1509.12 6572.36 1.51 100.00 0  0  0  1  None 555.31 Buffering (0/1) STOP  IDLE         None     None  10.67 
2021-10-24 12:46:20,918:TEST-MODE:WARNING: Stopped
2021-10-24 12:46:21,034:TEST-MODE:INFO: State.STOP
2021-10-24 12:46:21,038:TEST-MODE:INFO: BT1   BT2   TT1   TT2   AT    X     Y    Z    BP1   BP2   TP1   TP2   HP      AP      PD   PC     HL EL BF SF PF   BV     rpm             State MissionState Setpoint Error Depth 
2021-10-24 12:46:21,039:TEST-MODE:INFO: 24.64 24.11 24.28 24.41 25.41 -0.01 0.00 0.01 11.10 11.27 10.04 10.29 1509.12 6591.56 1.51 100.00 0  0  0  1  None 551.24 Buffering (0/1) STOP  IDLE         None     None  10.67 
2021-10-24 12:46:21,039:TEST-MODE:WARNING: Stopped
2021-10-24 12:46:21,158:TEST-MODE:INFO: State.STOP
2021-10-24 12:46:21,161:TEST-MODE:INFO: BT1   BT2   TT1   TT2   AT    X     Y    Z    BP1   BP2   TP1   TP2   HP      AP      PD   PC     HL EL BF SF PF   BV     rpm             State MissionState Setpoint Error Depth 
2021-10-24 12:46:21,162:TEST-MODE:INFO: 24.64 24.11 24.28 24.41 25.41 -0.01 0.00 0.01 11.10 11.27 10.04 10.29 1509.12 6610.66 1.51 100.00 0  0  0  1  None 547.45 Buffering (0/1) STOP  IDLE         None     None  10.67 
2021-10-24 12:46:21,163:TEST-MODE:WARNING: Stopped
2021-10-24 12:46:21,281:TEST-MODE:INFO: State.STOP
2021-10-24 12:46:21,284:TEST-MODE:INFO: BT1   BT2   TT1   TT2   AT    X     Y    Z    BP1   BP2   TP1   TP2   HP      AP      PD   PC     HL EL BF SF PF   BV     rpm             State MissionState Setpoint Error Depth 
2021-10-24 12:46:21,285:TEST-MODE:INFO: 24.64 24.11 24.28 24.41 25.42 -0.01 0.00 0.01 11.10 11.27 10.04 10.29 1509.12 6629.90 1.51 100.00 0  0  0  1  None 543.63 Buffering (0/1) STOP  IDLE         None     None  10.67 
2021-10-24 12:46:21,286:TEST-MODE:WARNING: Stopped
2021-10-24 12:46:21,404:TEST-MODE:INFO: State.STOP
2021-10-24 12:46:21,408:TEST-MODE:INFO: BT1   BT2   TT1   TT2   AT    X     Y    Z    BP1   BP2   TP1   TP2   HP      AP      PD   PC     HL EL BF SF PF   BV     rpm             State MissionState Setpoint Error Depth 
2021-10-24 12:46:21,409:TEST-MODE:INFO: 24.64 24.11 24.28 24.41 25.43 -0.01 0.00 0.01 11.10 11.27 10.04 10.29 1509.12 6648.76 1.51 100.00 0  0  0  1  None 540.14 Buffering (0/1) STOP  IDLE         None     None  10.67 
2021-10-24 12:46:21,409:TEST-MODE:WARNING: Stopped
2021-10-24 12:46:21,529:TEST-MODE:INFO: State.STOP
2021-10-24 12:46:21,532:TEST-MODE:INFO: BT1   BT2   TT1   TT2   AT    X     Y    Z    BP1   BP2   TP1   TP2   HP      AP      PD   PC     HL EL BF SF PF   BV     rpm             State MissionState Setpoint Error Depth 
2021-10-24 12:46:21,533:TEST-MODE:INFO: 24.64 24.11 24.28 24.41 25.43 -0.01 0.00 0.01 11.10 11.27 10.04 10.29 1509.12 6668.18 1.51 100.00 0  0  0  1  None 536.09 Buffering (0/1) STOP  IDLE         None     None  10.67 
2021-10-24 12:46:21,534:TEST-MODE:WARNING: Stopped
2021-10-24 12:46:21,652:TEST-MODE:INFO: State.STOP
2021-10-24 12:46:21,655:TEST-MODE:INFO: BT1   BT2   TT1   TT2   AT    X     Y    Z    BP1   BP2   TP1   TP2   HP      AP      PD   PC     HL EL BF SF PF   BV     rpm             State MissionState Setpoint Error Depth 
2021-10-24 12:46:21,656:TEST-MODE:INFO: 24.64 24.11 24.28 24.41 25.44 -0.01 0.00 0.01 11.10 11.27 10.04 10.29 1509.12 6687.30 1.51 100.00 0  0  0  1  None 532.50 Buffering (0/1) STOP  IDLE         None     None  10.67 
2021-10-24 12:46:21,657:TEST-MODE:WARNING: Stopped
2021-10-24 12:46:21,775:TEST-MODE:INFO: State.STOP
2021-10-24 12:46:21,779:TEST-MODE:INFO: BT1   BT2   TT1   TT2   AT    X     Y    Z    BP1   BP2   TP1   TP2   HP      AP      PD   PC     HL EL BF SF PF   BV     rpm             State MissionState Setpoint Error Depth 
2021-10-24 12:46:21,780:TEST-MODE:INFO: 24.64 24.11 24.28 24.41 25.45 -0.01 0.00 0.01 11.10 11.27 10.04 10.29 1509.12 6706.68 1.51 100.00 0  0  0  1  None 528.61 Buffering (0/1) STOP  IDLE         None     None  10.67 
2021-10-24 12:46:21,781:TEST-MODE:WARNING: Stopped
2021-10-24 12:46:21,900:TEST-MODE:INFO: State.STOP
2021-10-24 12:46:21,903:TEST-MODE:INFO: BT1   BT2   TT1   TT2   AT    X     Y    Z    BP1   BP2   TP1   TP2   HP      AP      PD   PC     HL EL BF SF PF   BV     rpm             State MissionState Setpoint Error Depth 
2021-10-24 12:46:21,904:TEST-MODE:INFO: 24.64 24.11 24.28 24.41 25.46 -0.01 0.00 0.01 11.10 11.27 10.04 10.29 1509.12 6725.94 1.51 100.00 0  0  0  1  None 524.94 Buffering (0/1) STOP  IDLE         None     None  10.67 
2021-10-24 12:46:21,904:TEST-MODE:WARNING: Stopped
2021-10-24 12:46:22,022:TEST-MODE:INFO: State.STOP
2021-10-24 12:46:22,025:TEST-MODE:INFO: BT1   BT2   TT1   TT2   AT    X     Y    Z    BP1   BP2   TP1   TP2   HP      AP      PD   PC     HL EL BF SF PF   BV     rpm             State MissionState Setpoint Error Depth 
2021-10-24 12:46:22,026:TEST-MODE:INFO: 24.64 24.11 24.28 24.41 25.47 -0.01 0.00 0.01 11.10 11.27 10.04 10.29 1509.12 6745.82 1.51 100.00 0  0  0  1  None 521.03 Buffering (0/1) STOP  IDLE         None     None  10.67 
2021-10-24 12:46:22,027:TEST-MODE:WARNING: Stopped
2021-10-24 12:46:22,146:TEST-MODE:INFO: State.STOP
2021-10-24 12:46:22,149:TEST-MODE:INFO: BT1   BT2   TT1   TT2   AT    X     Y    Z    BP1   BP2   TP1   TP2   HP      AP      PD   PC     HL EL BF SF PF   BV     rpm             State MissionState Setpoint Error Depth 
2021-10-24 12:46:22,150:TEST-MODE:INFO: 24.64 24.11 24.28 24.41 25.48 -0.01 0.00 0.01 11.10 11.27 10.04 10.29 1509.12 6765.46 1.51 100.00 0  0  0  1  None 517.32 Buffering (0/1) STOP  IDLE         None     None  10.67 
2021-10-24 12:46:22,151:TEST-MODE:WARNING: Stopped
2021-10-24 12:46:22,268:TEST-MODE:INFO: State.STOP
2021-10-24 12:46:22,271:TEST-MODE:INFO: BT1   BT2   TT1   TT2   AT    X     Y    Z    BP1   BP2   TP1   TP2   HP      AP      PD   PC     HL EL BF SF PF   BV     rpm             State MissionState Setpoint Error Depth 
2021-10-24 12:46:22,272:TEST-MODE:INFO: 24.64 24.11 24.28 24.41 25.49 -0.01 0.00 0.01 11.10 11.27 10.04 10.29 1509.12 6785.14 1.51 100.00 0  0  0  1  None 513.76 Buffering (0/1) STOP  IDLE         None     None  10.67 
2021-10-24 12:46:22,273:TEST-MODE:WARNING: Stopped
2021-10-24 12:46:22,392:TEST-MODE:INFO: State.STOP
2021-10-24 12:46:22,395:TEST-MODE:INFO: BT1   BT2   TT1   TT2   AT    X     Y    Z    BP1   BP2   TP1   TP2   HP      AP      PD   PC     HL EL BF SF PF   BV     rpm             State MissionState Setpoint Error Depth 
2021-10-24 12:46:22,396:TEST-MODE:INFO: 24.64 24.11 24.28 24.41 25.50 -0.01 0.00 0.01 11.10 11.27 10.04 10.29 1509.12 6804.78 1.51 100.00 0  0  0  1  None 510.02 Buffering (0/1) STOP  IDLE         None     None  10.67 
2021-10-24 12:46:22,397:TEST-MODE:WARNING: Stopped
2021-10-24 12:46:22,515:TEST-MODE:INFO: State.STOP
2021-10-24 12:46:22,519:TEST-MODE:INFO: BT1   BT2   TT1   TT2   AT    X     Y    Z    BP1   BP2   TP1   TP2   HP      AP      PD   PC     HL EL BF SF PF   BV     rpm             State MissionState Setpoint Error Depth 
2021-10-24 12:46:22,520:TEST-MODE:INFO: 24.64 24.11 24.28 24.41 25.51 -0.01 0.00 0.01 11.10 11.27 10.04 10.29 1509.12 6824.46 1.51 100.00 0  0  0  1  None 506.45 Buffering (0/1) STOP  IDLE         None     None  10.67 
2021-10-24 12:46:22,520:TEST-MODE:WARNING: Stopped
2021-10-24 12:46:22,567:TEST-MODE:CRITICAL: user initiated safe system shutdown
2021-10-24 12:46:22,568:TEST-MODE:INFO: skipping nano safe shutdown: disabled
