2021-10-24 11:05:10,313:INFO: init
2021-10-24 11:05:10,314:INFO: loading settings:
2021-10-24 11:05:10,314:INFO: [app]: simulation = False
2021-10-24 11:05:10,315:INFO: [app]: simulation_udp_port = 12000
2021-10-24 11:05:10,316:INFO: [app]: host_ip = 127.0.0.1
2021-10-24 11:05:10,316:INFO: [app]: disable_safety = True
2021-10-24 11:05:10,316:INFO: [app]: test_mode = False
2021-10-24 11:05:10,317:INFO: [app]: test_mode_udp_port = 5000
2021-10-24 11:05:10,318:INFO: [app]: disable_altimeter = True
2021-10-24 11:05:10,319:INFO: [app]: skip_arduino_compile = True
2021-10-24 11:05:10,319:INFO: [serial]: port = /dev/ttyACM0
2021-10-24 11:05:10,319:INFO: [serial]: timeout = 3
2021-10-24 11:05:10,320:INFO: [serial]: baud_rate = 115200
2021-10-24 11:05:10,320:INFO: [serial_safety]: port = /dev/ttyUSB0
2021-10-24 11:05:10,321:INFO: [serial_safety]: timeout = 3
2021-10-24 11:05:10,321:INFO: [serial_safety]: baud_rate = 115200
2021-10-24 11:05:10,322:INFO: [task]: min_time_off_duration_limit = 0.5
2021-10-24 11:05:10,322:INFO: [task]: planned_mission = [1, 0, 1, 0]
2021-10-24 11:05:10,323:INFO: [task]: hold_on_taget_duration = 60
2021-10-24 11:05:10,323:INFO: [task]: hold_on_target_distance = 0.4
2021-10-24 11:05:10,323:INFO: [task]: min_ascend_descend_distance = 5
2021-10-24 11:05:10,324:INFO: [task]: kp = 1000
2021-10-24 11:05:10,325:INFO: [task]: kd = 60
2021-10-24 11:05:10,325:INFO: [task]: ki = 0.001
2021-10-24 11:05:10,326:INFO: [pressure]: epsilon = 0.5
2021-10-24 11:05:10,326:INFO: [pressure]: avg_samples = 5
2021-10-24 11:05:10,326:INFO: [pressure]: precision = 2
2021-10-24 11:05:10,327:INFO: [temperature]: avg_samples = 5
2021-10-24 11:05:10,327:INFO: [temperature]: precision = 2
2021-10-24 11:05:10,327:INFO: [imu]: avg_samples = 5
2021-10-24 11:05:10,328:INFO: [imu]: precision = 2
2021-10-24 11:05:10,329:INFO: [bladder]: avg_samples = 1
2021-10-24 11:05:10,329:INFO: [bladder]: precision = 2
2021-10-24 11:05:10,329:INFO: [altimeter]: avg_samples = 1
2021-10-24 11:05:10,330:INFO: [altimeter]: precision = 2
2021-10-24 11:05:10,331:INFO: [rpm]: avg_samples = 1
2021-10-24 11:05:10,331:INFO: [rpm]: precision = 2
2021-10-24 11:05:10,332:INFO: [pickup]: wait_for_water_duration = 10
2021-10-24 11:05:10,332:INFO: [safety]: timeout = 30
2021-10-24 11:05:10,332:WARNING: Safety is disabled
2021-10-24 11:05:10,335:WARNING: Altimeter is disabled
2021-10-24 11:05:10,337:INFO: Pressure controller was initialized successfully
2021-10-24 11:05:10,339:INFO: BP1 pressure sensor was initialized successfully
2021-10-24 11:05:10,340:INFO: BP2 pressure sensor was initialized successfully
2021-10-24 11:05:10,340:INFO: TP1 pressure sensor was initialized successfully
2021-10-24 11:05:10,340:INFO: TP2 pressure sensor was initialized successfully
2021-10-24 11:05:10,342:INFO: HP pressure sensor was initialized successfully
2021-10-24 11:05:10,342:INFO: AP pressure sensor was initialized successfully
2021-10-24 11:05:10,342:INFO: Temperature controller was initialized successfully
2021-10-24 11:05:10,343:INFO: BT1 temperature sensor was initialized successfully
2021-10-24 11:05:10,344:INFO: BT2 temperature sensor was initialized successfully
2021-10-24 11:05:10,344:INFO: TT1 temperature sensor was initialized successfully
2021-10-24 11:05:10,345:INFO: TT2 temperature sensor was initialized successfully
2021-10-24 11:05:10,345:INFO: AT temperature sensor was initialized successfully
2021-10-24 11:05:10,346:INFO: IMU controller was initialized successfully
2021-10-24 11:05:10,346:INFO: X IMU sensor was initialized successfully
2021-10-24 11:05:10,346:INFO: Y IMU sensor was initialized successfully
2021-10-24 11:05:10,347:INFO: Z IMU sensor was initialized successfully
2021-10-24 11:05:10,347:INFO: Bladder volume controller was initialized successfully
2021-10-24 11:05:10,348:INFO: Altimeter controller was initialized successfully
2021-10-24 11:05:10,348:INFO: rpm controller was initialized successfully
2021-10-24 11:05:10,349:INFO: Pump flag controller was initialized successfully
2021-10-24 11:05:10,349:INFO: Bladder flag controller was initialized successfully
2021-10-24 11:05:10,349:INFO: Hull leak flag controller was initialized successfully
2021-10-24 11:05:10,350:INFO: Engine leak flag controller was initialized successfully
2021-10-24 11:05:10,350:INFO: Full surface initiated flag controller was initialized successfully
2021-10-24 11:05:10,351:INFO: Iridium flag controller was initialized successfully
2021-10-24 11:05:10,353:INFO: SerialComm was initialized successfully
2021-10-24 11:05:10,363:INFO: Profile file loaded successfully
2021-10-24 11:05:10,364:INFO: Profile class was initialized successfully
2021-10-24 11:05:10,364:INFO: setting state to MissionState.IDLE
2021-10-24 11:05:10,377:ERROR: unknown header: P:6449.70
2021-10-24 11:05:10,380:INFO: State.INIT
2021-10-24 11:05:10,384:INFO: BT1             BT2             TT1             TT2             AT              X               Y               Z               BP1             BP2             TP1             TP2             HP              AP              PD PC HL EL BF   SF   PF   BV     rpm             State MissionState Setpoint Error Depth 
2021-10-24 11:05:10,386:INFO: Buffering (1/5) Buffering (1/5) Buffering (0/5) Buffering (0/5) Buffering (0/5) Buffering (0/5) Buffering (0/5) Buffering (0/5) Buffering (1/5) Buffering (1/5) Buffering (0/5) Buffering (0/5) Buffering (0/5) Buffering (0/5) 0  0  0  0  None None None 587.15 Buffering (0/1) INIT  IDLE         None     None  None  
2021-10-24 11:05:11,766:ERROR: unknown header: SU:0.00
2021-10-24 11:05:17,737:ERROR: unknown header: SU:0.00
2021-10-24 11:05:17,811:ERROR: unknown header: PS:2.00
2021-10-24 11:05:20,391:ERROR: unknown header: Date: 10/24/2021 Time
2021-10-24 11:05:22,087:ERROR: unknown header: SU:1.00
2021-10-24 11:05:22,588:INFO: State.WAIT_FOR_SENSOR_BUFFER
2021-10-24 11:05:22,590:INFO: BT1   BT2             TT1             TT2             AT              X               Y               Z               BP1             BP2             TP1             TP2             HP              AP              PD   PC     HL EL BF SF   PF   BV     rpm             State                  MissionState Setpoint Error Depth 
2021-10-24 11:05:22,591:INFO: 24.27 Buffering (4/5) Buffering (2/5) Buffering (2/5) Buffering (2/5) Buffering (1/5) Buffering (1/5) Buffering (1/5) Buffering (4/5) Buffering (4/5) Buffering (2/5) Buffering (2/5) Buffering (2/5) Buffering (2/5) 1.50 100.00 0  0  0  None None 587.79 Buffering (0/1) WAIT_FOR_SENSOR_BUFFER IDLE         None     None  None  
2021-10-24 11:05:22,592:WARNING: sensor BT2 is not ready
2021-10-24 11:05:23,137:INFO: State.WAIT_FOR_SENSOR_BUFFER
2021-10-24 11:05:23,139:INFO: BT1   BT2    TT1             TT2             AT              X               Y               Z               BP1   BP2   TP1             TP2             HP              AP              PD   PC     HL EL BF SF   PF   BV     rpm             State                  MissionState Setpoint Error Depth 
2021-10-24 11:05:23,140:INFO: 24.27 -42.36 Buffering (3/5) Buffering (3/5) Buffering (3/5) Buffering (2/5) Buffering (2/5) Buffering (2/5) 11.24 11.48 Buffering (3/5) Buffering (3/5) Buffering (3/5) Buffering (3/5) 1.51 100.00 0  0  0  None None 587.75 Buffering (0/1) WAIT_FOR_SENSOR_BUFFER IDLE         None     None  None  
2021-10-24 11:05:23,141:WARNING: sensor TT1 is not ready
2021-10-24 11:05:23,649:INFO: State.WAIT_FOR_SENSOR_BUFFER
2021-10-24 11:05:23,652:INFO: BT1   BT2    TT1             TT2             AT              X               Y               Z               BP1   BP2   TP1             TP2             HP              AP              PD   PC     HL EL BF SF   PF   BV     rpm             State                  MissionState Setpoint Error Depth 
2021-10-24 11:05:23,653:INFO: 24.27 -42.36 Buffering (4/5) Buffering (4/5) Buffering (4/5) Buffering (3/5) Buffering (3/5) Buffering (3/5) 11.24 11.48 Buffering (4/5) Buffering (4/5) Buffering (4/5) Buffering (4/5) 1.51 100.00 0  0  0  None None 587.77 Buffering (0/1) WAIT_FOR_SENSOR_BUFFER IDLE         None     None  None  
2021-10-24 11:05:23,653:WARNING: sensor TT1 is not ready
2021-10-24 11:05:24,178:INFO: State.WAIT_FOR_SENSOR_BUFFER
2021-10-24 11:05:24,180:INFO: BT1   BT2    TT1   TT2   AT    X               Y               Z               BP1   BP2   TP1   TP2   HP      AP      PD   PC     HL EL BF SF   PF   BV     rpm             State                  MissionState Setpoint Error Depth 
2021-10-24 11:05:24,181:INFO: 24.35 -42.36 24.24 24.29 24.83 Buffering (4/5) Buffering (4/5) Buffering (4/5) 11.24 11.48 10.32 10.45 1468.92 6448.20 1.51 100.00 0  0  0  None None 587.82 Buffering (0/1) WAIT_FOR_SENSOR_BUFFER IDLE         None     None  10.87 
2021-10-24 11:05:24,182:WARNING: sensor X is not ready
2021-10-24 11:05:24,690:INFO: State.WAIT_FOR_SENSOR_BUFFER
2021-10-24 11:05:24,692:INFO: BT1   BT2   TT1   TT2   AT    X     Y    Z    BP1   BP2   TP1   TP2   HP      AP      PD   PC     HL EL BF SF   PF   BV     rpm             State                  MissionState Setpoint Error Depth 
2021-10-24 11:05:24,693:INFO: 24.43 23.89 23.89 23.95 25.10 -0.01 0.00 0.00 11.24 11.48 10.32 10.45 1469.22 6446.00 1.51 100.00 0  0  0  None None 587.77 Buffering (0/1) WAIT_FOR_SENSOR_BUFFER IDLE         None     None  10.87 
2021-10-24 11:05:25,217:INFO: State.CALIBRATE_DEPTH_SENSORS
2021-10-24 11:05:25,220:INFO: BT1   BT2   TT1   TT2   AT    X     Y    Z    BP1   BP2   TP1   TP2   HP      AP      PD   PC     HL EL BF SF   PF   BV     rpm             State                   MissionState Setpoint Error Depth 
2021-10-24 11:05:25,221:INFO: 24.43 23.89 23.89 23.95 25.10 -0.01 0.00 0.00 11.24 11.48 10.32 10.45 1469.40 6445.78 1.51 100.00 0  0  0  None None 587.99 Buffering (0/1) CALIBRATE_DEPTH_SENSORS IDLE         None     None  10.87 
2021-10-24 11:05:25,222:INFO: depth sensors calibrated successfully
2021-10-24 11:05:25,223:INFO: offset set on: 10.872499999999999
2021-10-24 11:05:25,728:INFO: State.CALIBRATE_DEPTH_SENSORS
2021-10-24 11:05:25,731:INFO: BT1   BT2   TT1   TT2   AT    X     Y    Z    BP1   BP2   TP1   TP2   HP      AP      PD   PC     HL EL BF SF   PF   BV     rpm             State                   MissionState Setpoint Error Depth 
2021-10-24 11:05:25,732:INFO: 24.43 23.89 23.89 23.95 25.10 -0.01 0.00 0.00 11.24 11.48 10.32 10.45 1469.48 6445.56 1.51 100.00 0  0  0  None None 587.99 Buffering (0/1) CALIBRATE_DEPTH_SENSORS IDLE         None     None  0.00  
2021-10-24 11:05:26,260:INFO: State.WAIT_FOR_WATER
2021-10-24 11:05:26,262:INFO: BT1   BT2   TT1   TT2   AT    X     Y    Z    BP1   BP2   TP1   TP2   HP      AP      PD   PC     HL EL BF SF   PF   BV     rpm             State          MissionState Setpoint Error Depth 
2021-10-24 11:05:26,263:INFO: 24.43 23.89 23.89 23.95 25.10 -0.01 0.00 0.00 11.24 11.48 10.32 10.45 1469.72 6445.34 1.51 100.00 0  0  0  None None 588.01 Buffering (0/1) WAIT_FOR_WATER IDLE         None     None  0.00  
2021-10-24 11:05:26,264:INFO: Waiting for water
2021-10-24 11:05:26,265:INFO: Waiting for water
2021-10-24 11:05:26,266:INFO: 0/10 secs
2021-10-24 11:05:26,775:INFO: State.WAIT_FOR_WATER
2021-10-24 11:05:26,777:INFO: BT1   BT2   TT1   TT2   AT    X     Y    Z    BP1   BP2   TP1   TP2   HP      AP      PD   PC     HL EL BF SF   PF   BV     rpm             State          MissionState Setpoint Error Depth 
2021-10-24 11:05:26,778:INFO: 24.43 23.90 23.89 23.95 25.10 -0.01 0.00 0.00 11.24 11.48 10.32 10.45 1469.72 6445.12 1.51 100.00 0  0  0  None None 588.01 Buffering (0/1) WAIT_FOR_WATER IDLE         None     None  0.00  
2021-10-24 11:05:26,779:INFO: Waiting for water
2021-10-24 11:05:26,780:INFO: 1/10 secs
2021-10-24 11:05:27,303:INFO: State.WAIT_FOR_WATER
2021-10-24 11:05:27,305:INFO: BT1   BT2   TT1   TT2   AT    X     Y    Z    BP1   BP2   TP1   TP2   HP      AP      PD   PC     HL EL BF SF   PF   BV     rpm             State          MissionState Setpoint Error Depth 
2021-10-24 11:05:27,306:INFO: 24.43 23.90 23.89 23.95 25.10 -0.01 0.00 0.00 11.24 11.48 10.32 10.45 1469.78 6444.84 1.51 100.00 0  0  0  None None 588.03 Buffering (0/1) WAIT_FOR_WATER IDLE         None     None  0.00  
2021-10-24 11:05:27,307:INFO: Waiting for water
2021-10-24 11:05:27,308:INFO: 1/10 secs
2021-10-24 11:05:27,814:INFO: State.WAIT_FOR_WATER
2021-10-24 11:05:27,817:INFO: BT1   BT2   TT1   TT2   AT    X     Y    Z    BP1   BP2   TP1   TP2   HP      AP      PD   PC     HL EL BF SF   PF   BV     rpm             State          MissionState Setpoint Error Depth 
2021-10-24 11:05:27,818:INFO: 24.43 23.90 23.89 23.95 25.09 -0.01 0.00 0.00 11.24 11.48 10.32 10.45 1469.96 6444.86 1.51 100.00 0  0  0  None None 587.92 Buffering (0/1) WAIT_FOR_WATER IDLE         None     None  0.00  
2021-10-24 11:05:27,819:INFO: Waiting for water
2021-10-24 11:05:27,820:INFO: 2/10 secs
2021-10-24 11:05:28,346:INFO: State.WAIT_FOR_WATER
2021-10-24 11:05:28,349:INFO: BT1   BT2   TT1   TT2   AT    X    Y    Z    BP1   BP2   TP1   TP2   HP      AP      PD   PC     HL EL BF SF   PF   BV     rpm             State          MissionState Setpoint Error Depth 
2021-10-24 11:05:28,350:INFO: 24.43 23.90 23.89 23.95 25.09 0.00 0.00 0.01 11.24 11.48 10.32 10.45 1470.12 6444.80 1.51 100.00 0  0  0  None None 588.01 Buffering (0/1) WAIT_FOR_WATER IDLE         None     None  0.00  
2021-10-24 11:05:28,351:INFO: Waiting for water
2021-10-24 11:05:28,352:INFO: 2/10 secs
2021-10-24 11:05:28,859:INFO: State.WAIT_FOR_WATER
2021-10-24 11:05:28,862:INFO: BT1   BT2   TT1   TT2   AT    X    Y    Z    BP1   BP2   TP1   TP2   HP      AP      PD   PC     HL EL BF SF   PF   BV     rpm             State          MissionState Setpoint Error Depth 
2021-10-24 11:05:28,863:INFO: 24.43 23.90 23.89 23.95 25.09 0.00 0.00 0.01 11.24 11.48 10.32 10.45 1470.28 6444.66 1.51 100.00 0  0  0  None None 588.12 Buffering (0/1) WAIT_FOR_WATER IDLE         None     None  0.00  
2021-10-24 11:05:28,864:INFO: Waiting for water
2021-10-24 11:05:28,865:INFO: 3/10 secs
2021-10-24 11:05:29,389:INFO: State.WAIT_FOR_WATER
2021-10-24 11:05:29,392:INFO: BT1   BT2   TT1   TT2   AT    X    Y    Z    BP1   BP2   TP1   TP2   HP      AP      PD   PC     HL EL BF SF   PF   BV     rpm             State          MissionState Setpoint Error Depth 
2021-10-24 11:05:29,392:INFO: 24.43 23.90 23.89 23.96 25.09 0.01 0.00 0.00 11.24 11.48 10.32 10.45 1470.48 6444.50 1.51 100.00 0  0  0  None None 588.18 Buffering (0/1) WAIT_FOR_WATER IDLE         None     None  0.00  
2021-10-24 11:05:29,394:INFO: Waiting for water
2021-10-24 11:05:29,394:INFO: 3/10 secs
2021-10-24 11:05:29,899:INFO: State.WAIT_FOR_WATER
2021-10-24 11:05:29,902:INFO: BT1   BT2   TT1   TT2   AT    X    Y    Z    BP1   BP2   TP1   TP2   HP      AP      PD   PC     HL EL BF SF   PF   BV     rpm             State          MissionState Setpoint Error Depth 
2021-10-24 11:05:29,903:INFO: 24.43 23.90 23.89 23.95 25.09 0.01 0.00 0.00 11.24 11.48 10.32 10.45 1470.58 6444.32 1.51 100.00 0  0  0  None None 588.22 Buffering (0/1) WAIT_FOR_WATER IDLE         None     None  0.00  
2021-10-24 11:05:29,904:INFO: Waiting for water
2021-10-24 11:05:29,904:INFO: 4/10 secs
2021-10-24 11:05:30,432:INFO: State.WAIT_FOR_WATER
2021-10-24 11:05:30,434:INFO: BT1   BT2   TT1   TT2   AT    X    Y    Z    BP1   BP2   TP1   TP2   HP      AP      PD   PC     HL EL BF SF   PF   BV     rpm             State          MissionState Setpoint Error Depth 
2021-10-24 11:05:30,435:INFO: 24.43 23.90 23.89 23.96 25.09 0.00 0.00 0.00 11.24 11.48 10.32 10.45 1470.72 6443.96 1.51 100.00 0  0  0  None None 588.31 Buffering (0/1) WAIT_FOR_WATER IDLE         None     None  0.00  
2021-10-24 11:05:30,436:INFO: Waiting for water
2021-10-24 11:05:30,437:INFO: 4/10 secs
2021-10-24 11:05:30,944:INFO: State.WAIT_FOR_WATER
2021-10-24 11:05:30,946:INFO: BT1   BT2   TT1   TT2   AT    X    Y    Z    BP1   BP2   TP1   TP2   HP      AP      PD   PC     HL EL BF SF   PF   BV     rpm             State          MissionState Setpoint Error Depth 
2021-10-24 11:05:30,948:INFO: 24.43 23.89 23.89 23.96 25.09 0.00 0.00 0.00 11.24 11.48 10.32 10.45 1470.70 6443.72 1.51 100.00 0  0  0  None None 588.26 Buffering (0/1) WAIT_FOR_WATER IDLE         None     None  0.00  
2021-10-24 11:05:30,948:INFO: Waiting for water
2021-10-24 11:05:30,949:INFO: 5/10 secs
2021-10-24 11:05:31,471:INFO: State.WAIT_FOR_WATER
2021-10-24 11:05:31,473:INFO: BT1   BT2   TT1   TT2   AT    X    Y    Z    BP1   BP2   TP1   TP2   HP      AP      PD   PC     HL EL BF SF   PF   BV     rpm             State          MissionState Setpoint Error Depth 
2021-10-24 11:05:31,475:INFO: 24.43 23.89 23.89 23.96 25.09 0.00 0.00 0.01 11.24 11.48 10.32 10.45 1470.76 6443.56 1.51 100.00 0  0  0  None None 588.25 Buffering (0/1) WAIT_FOR_WATER IDLE         None     None  0.00  
2021-10-24 11:05:31,475:INFO: Waiting for water
2021-10-24 11:05:31,476:INFO: 5/10 secs
2021-10-24 11:05:31,984:INFO: State.WAIT_FOR_WATER
2021-10-24 11:05:31,987:INFO: BT1   BT2   TT1   TT2   AT    X    Y    Z    BP1   BP2   TP1   TP2   HP      AP      PD   PC     HL EL BF SF   PF   BV     rpm             State          MissionState Setpoint Error Depth 
2021-10-24 11:05:31,988:INFO: 24.43 23.89 23.89 23.96 25.09 0.00 0.00 0.01 11.24 11.48 10.32 10.45 1470.86 6443.52 1.51 100.00 0  0  0  None None 588.18 Buffering (0/1) WAIT_FOR_WATER IDLE         None     None  0.00  
2021-10-24 11:05:31,988:INFO: Waiting for water
2021-10-24 11:05:31,989:INFO: 6/10 secs
2021-10-24 11:05:32,512:INFO: State.WAIT_FOR_WATER
2021-10-24 11:05:32,514:INFO: BT1   BT2   TT1   TT2   AT    X    Y    Z    BP1   BP2   TP1   TP2   HP      AP      PD   PC     HL EL BF SF   PF   BV     rpm             State          MissionState Setpoint Error Depth 
2021-10-24 11:05:32,515:INFO: 24.43 23.89 23.89 23.97 25.08 0.00 0.00 0.00 11.24 11.48 10.32 10.45 1471.08 6443.46 1.51 100.00 0  0  0  None None 588.25 Buffering (0/1) WAIT_FOR_WATER IDLE         None     None  0.00  
2021-10-24 11:05:32,516:INFO: Waiting for water
2021-10-24 11:05:32,517:INFO: 6/10 secs
2021-10-24 11:05:33,024:INFO: State.WAIT_FOR_WATER
2021-10-24 11:05:33,027:INFO: BT1   BT2   TT1   TT2   AT    X    Y    Z    BP1   BP2   TP1   TP2   HP      AP      PD   PC     HL EL BF SF   PF   BV     rpm             State          MissionState Setpoint Error Depth 
2021-10-24 11:05:33,028:INFO: 24.43 23.89 23.89 23.97 25.08 0.00 0.00 0.00 11.24 11.48 10.32 10.45 1471.18 6443.50 1.51 100.00 0  0  0  None None 588.22 Buffering (0/1) WAIT_FOR_WATER IDLE         None     None  0.00  
2021-10-24 11:05:33,029:INFO: Waiting for water
2021-10-24 11:05:33,029:INFO: 7/10 secs
2021-10-24 11:05:33,553:INFO: State.WAIT_FOR_WATER
2021-10-24 11:05:33,555:INFO: BT1   BT2   TT1   TT2   AT    X     Y    Z    BP1   BP2   TP1   TP2   HP      AP      PD   PC     HL EL BF SF   PF   BV     rpm             State          MissionState Setpoint Error Depth 
2021-10-24 11:05:33,556:INFO: 24.43 23.89 23.89 23.97 25.08 -0.00 0.00 0.01 11.24 11.48 10.32 10.45 1471.42 6443.38 1.51 100.00 0  0  0  None None 588.35 Buffering (0/1) WAIT_FOR_WATER IDLE         None     None  0.00  
2021-10-24 11:05:33,557:INFO: Waiting for water
2021-10-24 11:05:33,558:INFO: 7/10 secs
2021-10-24 11:05:34,063:INFO: State.WAIT_FOR_WATER
2021-10-24 11:05:34,066:INFO: BT1   BT2   TT1   TT2   AT    X     Y    Z    BP1   BP2   TP1   TP2   HP      AP      PD   PC     HL EL BF SF   PF   BV     rpm             State          MissionState Setpoint Error Depth 
2021-10-24 11:05:34,067:INFO: 24.43 23.89 23.89 23.98 25.08 -0.00 0.00 0.01 11.24 11.48 10.32 10.45 1471.58 6443.20 1.51 100.00 0  0  0  None None 588.44 Buffering (0/1) WAIT_FOR_WATER IDLE         None     None  0.00  
2021-10-24 11:05:34,067:INFO: Waiting for water
2021-10-24 11:05:34,068:INFO: 8/10 secs
2021-10-24 11:05:34,591:INFO: State.WAIT_FOR_WATER
2021-10-24 11:05:34,594:INFO: BT1   BT2   TT1   TT2   AT    X     Y    Z    BP1   BP2   TP1   TP2   HP      AP      PD   PC     HL EL BF SF   PF   BV     rpm             State          MissionState Setpoint Error Depth 
2021-10-24 11:05:34,595:INFO: 24.43 23.89 23.89 23.97 25.08 -0.01 0.00 0.01 11.24 11.48 10.32 10.45 1471.74 6442.94 1.51 100.00 0  0  0  None None 588.42 Buffering (0/1) WAIT_FOR_WATER IDLE         None     None  0.00  
2021-10-24 11:05:34,595:INFO: Waiting for water
2021-10-24 11:05:34,596:INFO: 8/10 secs
2021-10-24 11:05:35,100:INFO: State.WAIT_FOR_WATER
2021-10-24 11:05:35,102:INFO: BT1   BT2   TT1   TT2   AT    X     Y    Z    BP1   BP2   TP1   TP2   HP      AP      PD   PC     HL EL BF SF   PF   BV     rpm             State          MissionState Setpoint Error Depth 
2021-10-24 11:05:35,103:INFO: 24.43 23.89 23.89 23.97 25.08 -0.01 0.00 0.01 11.24 11.48 10.32 10.45 1471.84 6442.76 1.51 100.00 0  0  0  None None 588.44 Buffering (0/1) WAIT_FOR_WATER IDLE         None     None  0.00  
2021-10-24 11:05:35,104:INFO: Waiting for water
2021-10-24 11:05:35,105:INFO: 9/10 secs
2021-10-24 11:05:35,629:INFO: State.WAIT_FOR_WATER
2021-10-24 11:05:35,631:INFO: BT1   BT2   TT1   TT2   AT    X     Y    Z    BP1   BP2   TP1   TP2   HP      AP      PD   PC     HL EL BF SF   PF   BV     rpm             State          MissionState Setpoint Error Depth 
2021-10-24 11:05:35,632:INFO: 24.43 23.89 23.89 23.97 25.08 -0.01 0.00 0.01 11.24 11.48 10.32 10.45 1471.96 6442.52 1.51 100.00 0  0  0  None None 588.44 Buffering (0/1) WAIT_FOR_WATER IDLE         None     None  0.00  
2021-10-24 11:05:35,633:INFO: Waiting for water
2021-10-24 11:05:35,634:INFO: 9/10 secs
2021-10-24 11:05:36,145:INFO: State.WAIT_FOR_WATER
2021-10-24 11:05:36,147:INFO: BT1   BT2   TT1   TT2   AT    X     Y    Z    BP1   BP2   TP1   TP2   HP      AP      PD   PC     HL EL BF SF   PF   BV     rpm             State          MissionState Setpoint Error Depth 
2021-10-24 11:05:36,148:INFO: 24.43 23.89 23.89 23.97 25.07 -0.01 0.00 0.01 11.24 11.48 10.32 10.45 1472.00 6442.28 1.51 100.00 0  0  0  None None 588.57 Buffering (0/1) WAIT_FOR_WATER IDLE         None     None  0.00  
2021-10-24 11:05:36,149:INFO: Waiting for water
2021-10-24 11:05:36,149:INFO: 10/10 secs
2021-10-24 11:05:36,672:INFO: State.WAIT_FOR_WATER
2021-10-24 11:05:36,675:INFO: BT1   BT2   TT1   TT2   AT    X     Y    Z    BP1   BP2   TP1   TP2   HP      AP      PD   PC     HL EL BF SF   PF   BV     rpm             State          MissionState Setpoint Error Depth 
2021-10-24 11:05:36,675:INFO: 24.43 23.89 23.89 23.97 25.07 -0.00 0.00 0.01 11.24 11.48 10.32 10.45 1472.06 6442.18 1.51 100.00 0  0  0  None None 588.54 Buffering (0/1) WAIT_FOR_WATER IDLE         None     None  0.00  
2021-10-24 11:05:36,676:INFO: Done waiting for water
2021-10-24 11:05:37,181:INFO: State.WAIT_TASK
2021-10-24 11:05:37,184:INFO: BT1   BT2   TT1   TT2   AT    X     Y    Z    BP1   BP2   TP1   TP2   HP      AP      PD   PC     HL EL BF SF   PF   BV     rpm             State     MissionState Setpoint Error Depth 
2021-10-24 11:05:37,185:INFO: 24.43 23.89 23.89 23.97 25.07 -0.01 0.00 0.00 11.24 11.48 10.32 10.45 1472.24 6442.12 1.51 100.00 0  0  0  None None 588.48 Buffering (0/1) WAIT_TASK IDLE         None     None  0.00  
2021-10-24 11:05:37,713:INFO: State.WAIT_TASK
2021-10-24 11:05:37,716:INFO: BT1   BT2   TT1   TT2   AT    X     Y    Z    BP1   BP2   TP1   TP2   HP      AP      PD   PC     HL EL BF SF   PF   BV     rpm             State     MissionState Setpoint Error Depth 
2021-10-24 11:05:37,716:INFO: 24.43 23.89 23.89 23.97 25.07 -0.01 0.00 0.00 11.24 11.48 10.32 10.45 1472.26 6441.78 1.51 100.00 0  0  0  None None 588.76 Buffering (0/1) WAIT_TASK IDLE         None     None  0.00  
2021-10-24 11:05:38,221:INFO: State.WAIT_TASK
2021-10-24 11:05:38,224:INFO: BT1   BT2   TT1   TT2   AT    X    Y    Z    BP1   BP2   TP1   TP2   HP      AP      PD   PC     HL EL BF SF   PF   BV     rpm             State     MissionState Setpoint Error Depth 
2021-10-24 11:05:38,225:INFO: 24.43 23.89 23.89 23.96 25.07 0.00 0.00 0.00 11.24 11.48 10.32 10.45 1472.32 6441.60 1.51 100.00 0  0  0  None None 588.63 Buffering (0/1) WAIT_TASK IDLE         None     None  0.00  
2021-10-24 11:05:38,750:INFO: State.WAIT_TASK
2021-10-24 11:05:38,752:INFO: BT1   BT2   TT1   TT2   AT    X    Y    Z    BP1   BP2   TP1   TP2   HP      AP      PD   PC     HL EL BF SF   PF   BV     rpm             State     MissionState Setpoint Error Depth 
2021-10-24 11:05:38,753:INFO: 24.43 23.89 23.89 23.96 25.07 0.00 0.00 0.00 11.24 11.48 10.32 10.45 1472.52 6441.56 1.51 100.00 0  0  0  None None 588.61 Buffering (0/1) WAIT_TASK IDLE         None     None  0.00  
2021-10-24 11:05:39,261:INFO: State.WAIT_TASK
2021-10-24 11:05:39,264:INFO: BT1   BT2   TT1   TT2   AT    X    Y    Z    BP1   BP2   TP1   TP2   HP      AP      PD   PC     HL EL BF SF   PF   BV     rpm             State     MissionState Setpoint Error Depth 
2021-10-24 11:05:39,265:INFO: 24.43 23.89 23.89 23.96 25.07 0.01 0.00 0.01 11.24 11.48 10.32 10.45 1472.62 6441.40 1.51 100.00 0  0  0  None None 588.64 Buffering (0/1) WAIT_TASK IDLE         None     None  0.00  
2021-10-24 11:05:39,788:INFO: State.WAIT_TASK
2021-10-24 11:05:39,791:INFO: BT1   BT2   TT1   TT2   AT    X    Y    Z    BP1   BP2   TP1   TP2   HP      AP      PD   PC     HL EL BF SF   PF   BV     rpm             State     MissionState Setpoint Error Depth 
2021-10-24 11:05:39,792:INFO: 24.43 23.89 23.89 23.95 25.07 0.01 0.00 0.01 11.24 11.48 10.32 10.45 1472.60 6441.18 1.51 100.00 0  0  0  None None 588.72 Buffering (0/1) WAIT_TASK IDLE         None     None  0.00  
2021-10-24 11:05:40,298:INFO: State.WAIT_TASK
2021-10-24 11:05:40,300:INFO: BT1   BT2   TT1   TT2   AT    X    Y    Z    BP1   BP2   TP1   TP2   HP      AP      PD   PC     HL EL BF SF   PF   BV     rpm             State     MissionState Setpoint Error Depth 
2021-10-24 11:05:40,301:INFO: 24.43 23.89 23.89 23.96 25.07 0.01 0.00 0.01 11.24 11.48 10.32 10.45 1472.80 6441.18 1.51 100.00 0  0  0  None None 588.76 Buffering (0/1) WAIT_TASK IDLE         None     None  0.00  
2021-10-24 11:05:40,826:INFO: State.WAIT_TASK
2021-10-24 11:05:40,829:INFO: BT1   BT2   TT1   TT2   AT    X    Y    Z    BP1   BP2   TP1   TP2   HP      AP      PD   PC     HL EL BF SF   PF   BV     rpm             State     MissionState Setpoint Error Depth 
2021-10-24 11:05:40,829:INFO: 24.43 23.89 23.89 23.96 25.07 0.01 0.00 0.01 11.24 11.48 10.32 10.45 1472.96 6441.04 1.51 100.00 0  0  0  None None 588.78 Buffering (0/1) WAIT_TASK IDLE         None     None  0.00  
2021-10-24 11:05:41,339:INFO: State.WAIT_TASK
2021-10-24 11:05:41,341:INFO: BT1   BT2   TT1   TT2   AT    X    Y    Z    BP1   BP2   TP1   TP2   HP      AP      PD   PC     HL EL BF SF   PF   BV     rpm             State     MissionState Setpoint Error Depth 
2021-10-24 11:05:41,342:INFO: 24.43 23.89 23.89 23.96 25.07 0.01 0.00 0.01 11.24 11.48 10.32 10.45 1473.08 6440.88 1.51 100.00 0  0  0  None None 588.74 Buffering (0/1) WAIT_TASK IDLE         None     None  0.00  
2021-10-24 11:05:41,867:INFO: State.WAIT_TASK
2021-10-24 11:05:41,869:INFO: BT1   BT2   TT1   TT2   AT    X    Y    Z    BP1   BP2   TP1   TP2   HP      AP      PD   PC     HL EL BF SF   PF   BV     rpm             State     MissionState Setpoint Error Depth 
2021-10-24 11:05:41,870:INFO: 24.43 23.89 23.89 23.96 25.07 0.01 0.00 0.01 11.24 11.48 10.32 10.45 1473.24 6440.76 1.51 100.00 0  0  0  None None 588.76 Buffering (0/1) WAIT_TASK IDLE         None     None  0.00  
2021-10-24 11:05:42,379:INFO: State.WAIT_TASK
2021-10-24 11:05:42,381:INFO: BT1   BT2   TT1   TT2   AT    X    Y    Z    BP1   BP2   TP1   TP2   HP      AP      PD   PC     HL EL BF SF   PF   BV     rpm             State     MissionState Setpoint Error Depth 
2021-10-24 11:05:42,382:INFO: 24.43 23.89 23.89 23.96 25.06 0.01 0.01 0.01 11.24 11.48 10.32 10.45 1473.36 6440.54 1.51 100.00 0  0  0  None None 588.91 Buffering (0/1) WAIT_TASK IDLE         None     None  0.00  
2021-10-24 11:05:42,907:INFO: State.WAIT_TASK
2021-10-24 11:05:42,909:INFO: BT1   BT2   TT1   TT2   AT    X    Y    Z    BP1   BP2   TP1   TP2   HP      AP      PD   PC     HL EL BF SF   PF   BV     rpm             State     MissionState Setpoint Error Depth 
2021-10-24 11:05:42,910:INFO: 24.43 23.89 23.89 23.96 25.06 0.01 0.01 0.01 11.24 11.48 10.32 10.45 1473.46 6440.42 1.51 100.00 0  0  0  None None 588.85 Buffering (0/1) WAIT_TASK IDLE         None     None  0.00  
2021-10-24 11:05:43,419:INFO: State.WAIT_TASK
2021-10-24 11:05:43,421:INFO: BT1   BT2   TT1   TT2   AT    X    Y    Z    BP1   BP2   TP1   TP2   HP      AP      PD   PC     HL EL BF SF   PF   BV     rpm             State     MissionState Setpoint Error Depth 
2021-10-24 11:05:43,422:INFO: 24.43 23.89 23.90 23.97 25.06 0.01 0.01 0.01 11.24 11.48 10.32 10.45 1473.56 6440.30 1.51 100.00 0  0  0  None None 588.87 Buffering (0/1) WAIT_TASK IDLE         None     None  0.00  
2021-10-24 11:05:43,948:INFO: State.WAIT_TASK
2021-10-24 11:05:43,950:INFO: BT1   BT2   TT1   TT2   AT    X    Y    Z    BP1   BP2   TP1   TP2   HP      AP      PD   PC     HL EL BF SF   PF   BV     rpm             State     MissionState Setpoint Error Depth 
2021-10-24 11:05:43,951:INFO: 24.43 23.89 23.90 23.97 25.06 0.01 0.01 0.01 11.24 11.48 10.32 10.45 1473.76 6440.10 1.51 100.00 0  0  0  None None 588.96 Buffering (0/1) WAIT_TASK IDLE         None     None  0.00  
2021-10-24 11:05:44,463:INFO: State.WAIT_TASK
2021-10-24 11:05:44,465:INFO: BT1   BT2   TT1   TT2   AT    X    Y    Z    BP1   BP2   TP1   TP2   HP      AP      PD   PC     HL EL BF SF   PF   BV     rpm             State     MissionState Setpoint Error Depth 
2021-10-24 11:05:44,466:INFO: 24.43 23.89 23.90 23.97 25.06 0.01 0.01 0.01 11.24 11.48 10.32 10.45 1473.86 6439.90 1.51 100.00 0  0  0  None None 588.94 Buffering (0/1) WAIT_TASK IDLE         None     None  0.00  
2021-10-24 11:05:44,988:INFO: State.WAIT_TASK
2021-10-24 11:05:44,990:INFO: BT1   BT2   TT1   TT2   AT    X    Y    Z    BP1   BP2   TP1   TP2   HP      AP      PD   PC     HL EL BF SF   PF   BV     rpm             State     MissionState Setpoint Error Depth 
2021-10-24 11:05:44,991:INFO: 24.43 23.89 23.90 23.98 25.06 0.01 0.01 0.01 11.24 11.48 10.32 10.45 1473.92 6439.82 1.51 100.00 0  0  0  None None 589.00 Buffering (0/1) WAIT_TASK IDLE         None     None  0.00  
2021-10-24 11:05:45,502:INFO: State.WAIT_TASK
2021-10-24 11:05:45,505:INFO: BT1   BT2   TT1   TT2   AT    X    Y    Z    BP1   BP2   TP1   TP2   HP      AP      PD   PC     HL EL BF SF   PF   BV     rpm             State     MissionState Setpoint Error Depth 
2021-10-24 11:05:45,506:INFO: 24.43 23.89 23.90 23.97 25.06 0.01 0.00 0.00 11.24 11.48 10.32 10.45 1474.10 6439.60 1.51 100.00 0  0  0  None None 589.04 Buffering (0/1) WAIT_TASK IDLE         None     None  0.00  
2021-10-24 11:05:46,033:INFO: State.WAIT_TASK
2021-10-24 11:05:46,035:INFO: BT1   BT2   TT1   TT2   AT    X    Y    Z    BP1   BP2   TP1   TP2   HP      AP      PD   PC     HL EL BF SF   PF   BV     rpm             State     MissionState Setpoint Error Depth 
2021-10-24 11:05:46,036:INFO: 24.43 23.89 23.90 23.97 25.06 0.01 0.00 0.00 11.24 11.48 10.32 10.45 1474.20 6439.38 1.51 100.00 0  0  0  None None 589.07 Buffering (0/1) WAIT_TASK IDLE         None     None  0.00  
2021-10-24 11:05:46,545:INFO: State.WAIT_TASK
2021-10-24 11:05:46,547:INFO: BT1   BT2   TT1   TT2   AT    X    Y    Z    BP1   BP2   TP1   TP2   HP      AP      PD   PC     HL EL BF SF   PF   BV     rpm             State     MissionState Setpoint Error Depth 
2021-10-24 11:05:46,548:INFO: 24.43 23.90 23.90 23.97 25.06 0.01 0.01 0.00 11.24 11.48 10.32 10.46 1474.30 6439.16 1.51 100.00 0  0  0  None None 589.15 Buffering (0/1) WAIT_TASK IDLE         None     None  0.00  
2021-10-24 11:05:46,549:INFO: close proximity mission
2021-10-24 11:05:46,550:INFO: setting target depth to 1 [dbar]
2021-10-24 11:05:46,551:INFO: setting state to MissionState.EN_ROUTE
2021-10-24 11:05:47,077:INFO: State.EXEC_TASK
2021-10-24 11:05:47,080:INFO: BT1   BT2   TT1   TT2   AT    X    Y    Z    BP1   BP2   TP1   TP2   HP      AP      PD   PC     HL EL BF SF   PF   BV     rpm             State     MissionState Setpoint Error Depth 
2021-10-24 11:05:47,080:INFO: 24.43 23.90 23.90 23.97 25.06 0.01 0.01 0.00 11.24 11.48 10.32 10.45 1474.46 6439.00 1.51 100.00 0  0  0  None None 589.11 Buffering (0/1) EXEC_TASK EN_ROUTE     1        1.00  0.00  
2021-10-24 11:05:47,081:INFO: attemting to start a new dutycycle
2021-10-24 11:05:47,082:ERROR: ERROR: Could not calculate depth - not enough working sensors
2021-10-24 11:05:47,585:INFO: State.EXEC_TASK
2021-10-24 11:05:47,588:INFO: BT1   BT2   TT1   TT2   AT    X    Y     Z    BP1   BP2   TP1   TP2   HP      AP      PD   PC     HL EL BF SF   PF   BV     rpm             State     MissionState Setpoint Error Depth 
2021-10-24 11:05:47,589:INFO: 24.43 23.90 23.90 23.97 25.06 0.01 -0.00 0.00 11.24 11.48 10.32 10.45 1474.64 6438.78 1.51 100.00 0  0  0  None None 589.19 Buffering (0/1) EXEC_TASK EN_ROUTE     1        1.00  0.00  
2021-10-24 11:05:47,590:INFO: attemting to start a new dutycycle
2021-10-24 11:05:47,591:ERROR: ERROR: Could not calculate depth - not enough working sensors
2021-10-24 11:05:48,115:INFO: State.EXEC_TASK
2021-10-24 11:05:48,118:INFO: BT1   BT2   TT1   TT2   AT    X    Y     Z    BP1   BP2   TP1   TP2   HP      AP      PD   PC     HL EL BF SF   PF   BV     rpm             State     MissionState Setpoint Error Depth 
2021-10-24 11:05:48,118:INFO: 24.43 23.90 23.90 23.97 25.06 0.01 -0.00 0.00 11.24 11.48 10.32 10.45 1474.68 6438.60 1.51 100.00 0  0  0  None None 589.24 Buffering (0/1) EXEC_TASK EN_ROUTE     1        1.00  0.00  
2021-10-24 11:05:48,119:INFO: attemting to start a new dutycycle
2021-10-24 11:05:48,120:ERROR: ERROR: Could not calculate depth - not enough working sensors
2021-10-24 11:05:48,629:INFO: State.EXEC_TASK
2021-10-24 11:05:48,631:INFO: BT1   BT2   TT1   TT2   AT    X    Y    Z     BP1   BP2   TP1   TP2   HP      AP      PD   PC     HL EL BF SF   PF   BV     rpm             State     MissionState Setpoint Error Depth 
2021-10-24 11:05:48,632:INFO: 24.43 23.90 23.91 23.96 25.06 0.00 0.00 -0.00 11.24 11.48 10.32 10.45 1474.76 6438.36 1.51 100.00 0  0  0  None None 589.28 Buffering (0/1) EXEC_TASK EN_ROUTE     1        1.00  0.00  
2021-10-24 11:05:48,633:INFO: attemting to start a new dutycycle
2021-10-24 11:05:48,634:ERROR: ERROR: Could not calculate depth - not enough working sensors
2021-10-24 11:05:49,157:INFO: State.EXEC_TASK
2021-10-24 11:05:49,160:INFO: BT1   BT2   TT1   TT2   AT    X    Y    Z     BP1   BP2   TP1   TP2   HP      AP      PD   PC     HL EL BF SF   PF   BV     rpm             State     MissionState Setpoint Error Depth 
2021-10-24 11:05:49,161:INFO: 24.43 23.90 23.90 23.97 25.06 0.00 0.00 -0.00 11.24 11.48 10.32 10.45 1474.70 6438.22 1.51 100.00 0  0  0  None None 589.26 Buffering (0/1) EXEC_TASK EN_ROUTE     1        1.00  0.00  
2021-10-24 11:05:49,161:INFO: attemting to start a new dutycycle
2021-10-24 11:05:49,162:ERROR: ERROR: Could not calculate depth - not enough working sensors
2021-10-24 11:05:49,672:INFO: State.EXEC_TASK
2021-10-24 11:05:49,674:INFO: BT1   BT2   TT1   TT2   AT    X    Y     Z     BP1   BP2   TP1   TP2   HP      AP      PD   PC     HL EL BF SF   PF   BV     rpm             State     MissionState Setpoint Error Depth 
2021-10-24 11:05:49,675:INFO: 24.43 23.90 23.90 23.96 25.05 0.01 -0.00 -0.00 11.24 11.48 10.32 10.45 1474.84 6438.02 1.51 100.00 0  0  0  None None 589.28 Buffering (0/1) EXEC_TASK EN_ROUTE     1        1.00  0.00  
2021-10-24 11:05:49,676:INFO: attemting to start a new dutycycle
2021-10-24 11:05:49,677:ERROR: ERROR: Could not calculate depth - not enough working sensors
2021-10-24 11:05:50,203:INFO: State.EXEC_TASK
2021-10-24 11:05:50,205:INFO: BT1   BT2   TT1   TT2   AT    X    Y    Z     BP1   BP2   TP1   TP2   HP      AP      PD   PC     HL EL BF SF   PF   BV     rpm             State     MissionState Setpoint Error Depth 
2021-10-24 11:05:50,206:INFO: 24.43 23.90 23.90 23.97 25.05 0.00 0.00 -0.00 11.24 11.48 10.32 10.45 1474.96 6437.82 1.51 100.00 0  0  0  None None 589.37 Buffering (0/1) EXEC_TASK EN_ROUTE     1        1.00  0.00  
2021-10-24 11:05:50,206:INFO: attemting to start a new dutycycle
2021-10-24 11:05:50,208:ERROR: ERROR: Could not calculate depth - not enough working sensors
2021-10-24 11:05:50,714:INFO: State.EXEC_TASK
2021-10-24 11:05:50,716:INFO: BT1   BT2   TT1   TT2   AT    X    Y    Z     BP1   BP2   TP1   TP2   HP      AP      PD   PC     HL EL BF SF   PF   BV     rpm             State     MissionState Setpoint Error Depth 
2021-10-24 11:05:50,717:INFO: 24.43 23.90 23.90 23.96 25.05 0.00 0.00 -0.00 11.24 11.48 10.32 10.45 1475.10 6437.68 1.51 100.00 0  0  0  None None 589.34 Buffering (0/1) EXEC_TASK EN_ROUTE     1        1.00  0.00  
2021-10-24 11:05:50,718:INFO: attemting to start a new dutycycle
2021-10-24 11:05:50,719:ERROR: ERROR: Could not calculate depth - not enough working sensors
2021-10-24 11:05:51,246:INFO: State.EXEC_TASK
2021-10-24 11:05:51,248:INFO: BT1   BT2   TT1   TT2   AT    X    Y    Z     BP1   BP2   TP1   TP2   HP      AP      PD   PC     HL EL BF SF   PF   BV     rpm             State     MissionState Setpoint Error Depth 
2021-10-24 11:05:51,249:INFO: 24.43 23.89 23.90 23.97 25.05 0.00 0.00 -0.00 11.24 11.48 10.32 10.45 1475.22 6437.56 1.51 100.00 0  0  0  None None 589.41 Buffering (0/1) EXEC_TASK EN_ROUTE     1        1.00  0.00  
2021-10-24 11:05:51,250:INFO: attemting to start a new dutycycle
2021-10-24 11:05:51,251:ERROR: ERROR: Could not calculate depth - not enough working sensors
2021-10-24 11:05:51,758:INFO: State.EXEC_TASK
2021-10-24 11:05:51,761:INFO: BT1   BT2   TT1   TT2   AT    X    Y    Z     BP1   BP2   TP1   TP2   HP      AP      PD   PC     HL EL BF SF   PF   BV     rpm             State     MissionState Setpoint Error Depth 
2021-10-24 11:05:51,761:INFO: 24.43 23.89 23.91 23.97 25.05 0.00 0.00 -0.00 11.24 11.48 10.32 10.45 1475.50 6437.44 1.51 100.00 0  0  0  None None 589.39 Buffering (0/1) EXEC_TASK EN_ROUTE     1        1.00  0.00  
2021-10-24 11:05:51,762:INFO: attemting to start a new dutycycle
2021-10-24 11:05:51,763:ERROR: ERROR: Could not calculate depth - not enough working sensors
2021-10-24 11:05:52,282:INFO: State.EXEC_TASK
2021-10-24 11:05:52,285:INFO: BT1   BT2   TT1   TT2   AT    X    Y    Z     BP1   BP2   TP1   TP2   HP      AP      PD   PC     HL EL BF SF   PF   BV     rpm             State     MissionState Setpoint Error Depth 
2021-10-24 11:05:52,285:INFO: 24.43 23.90 23.90 23.97 25.05 0.00 0.01 -0.00 11.24 11.48 10.32 10.45 1475.64 6437.18 1.51 100.00 0  0  0  None None 589.56 Buffering (0/1) EXEC_TASK EN_ROUTE     1        1.00  0.00  
2021-10-24 11:05:52,286:INFO: attemting to start a new dutycycle
2021-10-24 11:05:52,287:ERROR: ERROR: Could not calculate depth - not enough working sensors
2021-10-24 11:05:52,795:INFO: State.EXEC_TASK
2021-10-24 11:05:52,797:INFO: BT1   BT2   TT1   TT2   AT    X    Y    Z     BP1   BP2   TP1   TP2   HP      AP      PD   PC     HL EL BF SF   PF   BV     rpm             State     MissionState Setpoint Error Depth 
2021-10-24 11:05:52,798:INFO: 24.43 23.90 23.90 23.97 25.05 0.00 0.01 -0.00 11.24 11.48 10.32 10.45 1475.78 6437.08 1.51 100.00 0  0  0  None None 589.47 Buffering (0/1) EXEC_TASK EN_ROUTE     1        1.00  0.00  
2021-10-24 11:05:52,798:INFO: attemting to start a new dutycycle
2021-10-24 11:05:52,800:ERROR: ERROR: Could not calculate depth - not enough working sensors
2021-10-24 11:05:53,323:INFO: State.EXEC_TASK
2021-10-24 11:05:53,325:INFO: BT1   BT2   TT1   TT2   AT    X    Y    Z    BP1   BP2   TP1   TP2   HP      AP      PD   PC     HL EL BF SF   PF   BV     rpm             State     MissionState Setpoint Error Depth 
2021-10-24 11:05:53,326:INFO: 24.43 23.90 23.90 23.97 25.05 0.00 0.00 0.00 11.24 11.48 10.32 10.45 1475.86 6436.86 1.51 100.00 0  0  0  None None 589.58 Buffering (0/1) EXEC_TASK EN_ROUTE     1        1.00  0.00  
2021-10-24 11:05:53,326:INFO: attemting to start a new dutycycle
2021-10-24 11:05:53,328:ERROR: ERROR: Could not calculate depth - not enough working sensors
2021-10-24 11:05:53,835:INFO: State.EXEC_TASK
2021-10-24 11:05:53,837:INFO: BT1   BT2   TT1   TT2   AT    X    Y    Z    BP1   BP2   TP1   TP2   HP      AP      PD   PC     HL EL BF SF   PF   BV     rpm             State     MissionState Setpoint Error Depth 
2021-10-24 11:05:53,838:INFO: 24.43 23.90 23.90 23.97 25.05 0.00 0.00 0.00 11.24 11.48 10.32 10.45 1476.04 6436.68 1.51 100.00 0  0  0  None None 589.60 Buffering (0/1) EXEC_TASK EN_ROUTE     1        1.00  0.00  
2021-10-24 11:05:53,838:INFO: attemting to start a new dutycycle
2021-10-24 11:05:53,839:ERROR: ERROR: Could not calculate depth - not enough working sensors
2021-10-24 11:05:54,362:INFO: State.EXEC_TASK
2021-10-24 11:05:54,364:INFO: BT1   BT2   TT1   TT2   AT    X    Y    Z    BP1   BP2   TP1   TP2   HP      AP      PD   PC     HL EL BF SF   PF   BV     rpm             State     MissionState Setpoint Error Depth 
2021-10-24 11:05:54,365:INFO: 24.43 23.90 23.90 23.97 25.05 0.01 0.01 0.00 11.24 11.48 10.32 10.45 1476.10 6436.44 1.51 100.00 0  0  0  None None 589.64 Buffering (0/1) EXEC_TASK EN_ROUTE     1        1.00  0.00  
2021-10-24 11:05:54,366:INFO: attemting to start a new dutycycle
2021-10-24 11:05:54,367:ERROR: ERROR: Could not calculate depth - not enough working sensors
2021-10-24 11:05:54,871:INFO: State.EXEC_TASK
2021-10-24 11:05:54,874:INFO: BT1   BT2   TT1   TT2   AT    X    Y    Z    BP1   BP2   TP1   TP2   HP      AP      PD   PC     HL EL BF SF   PF   BV     rpm             State     MissionState Setpoint Error Depth 
2021-10-24 11:05:54,875:INFO: 24.43 23.90 23.90 23.97 25.05 0.01 0.01 0.00 11.24 11.48 10.32 10.45 1476.20 6436.30 1.51 100.00 0  0  0  None None 589.71 Buffering (0/1) EXEC_TASK EN_ROUTE     1        1.00  0.00  
2021-10-24 11:05:54,875:INFO: attemting to start a new dutycycle
2021-10-24 11:05:54,876:ERROR: ERROR: Could not calculate depth - not enough working sensors
2021-10-24 11:05:55,396:INFO: State.EXEC_TASK
2021-10-24 11:05:55,398:INFO: BT1   BT2   TT1   TT2   AT    X    Y    Z    BP1   BP2   TP1   TP2   HP      AP      PD   PC     HL EL BF SF   PF   BV     rpm             State     MissionState Setpoint Error Depth 
2021-10-24 11:05:55,399:INFO: 24.43 23.90 23.90 23.98 25.05 0.01 0.01 0.00 11.24 11.48 10.32 10.45 1476.36 6436.12 1.51 100.00 0  0  0  None None 589.63 Buffering (0/1) EXEC_TASK EN_ROUTE     1        1.00  0.00  
2021-10-24 11:05:55,400:INFO: attemting to start a new dutycycle
2021-10-24 11:05:55,401:ERROR: ERROR: Could not calculate depth - not enough working sensors
2021-10-24 11:05:55,905:INFO: State.EXEC_TASK
2021-10-24 11:05:55,908:INFO: BT1   BT2   TT1   TT2   AT    X    Y    Z    BP1   BP2   TP1   TP2   HP      AP      PD   PC     HL EL BF SF   PF   BV     rpm             State     MissionState Setpoint Error Depth 
2021-10-24 11:05:55,909:INFO: 24.43 23.90 23.91 23.98 25.05 0.01 0.01 0.00 11.24 11.48 10.32 10.45 1476.48 6435.90 1.51 100.00 0  0  0  None None 589.77 Buffering (0/1) EXEC_TASK EN_ROUTE     1        1.00  0.00  
2021-10-24 11:05:55,909:INFO: attemting to start a new dutycycle
2021-10-24 11:05:55,910:ERROR: ERROR: Could not calculate depth - not enough working sensors
2021-10-24 11:05:56,433:INFO: State.EXEC_TASK
2021-10-24 11:05:56,436:INFO: BT1   BT2   TT1   TT2   AT    X    Y    Z    BP1   BP2   TP1   TP2   HP      AP      PD   PC     HL EL BF SF   PF   BV     rpm             State     MissionState Setpoint Error Depth 
2021-10-24 11:05:56,437:INFO: 24.43 23.91 23.91 23.99 25.04 0.00 0.01 0.00 11.24 11.48 10.32 10.45 1476.54 6435.72 1.51 100.00 0  0  0  None None 589.75 Buffering (0/1) EXEC_TASK EN_ROUTE     1        1.00  0.00  
2021-10-24 11:05:56,437:INFO: attemting to start a new dutycycle
2021-10-24 11:05:56,438:ERROR: ERROR: Could not calculate depth - not enough working sensors
2021-10-24 11:05:56,943:INFO: State.EXEC_TASK
2021-10-24 11:05:56,946:INFO: BT1   BT2   TT1   TT2   AT    X    Y    Z    BP1   BP2   TP1   TP2   HP      AP      PD   PC     HL EL BF SF   PF   BV     rpm             State     MissionState Setpoint Error Depth 
2021-10-24 11:05:56,947:INFO: 24.43 23.91 23.91 23.99 25.04 0.00 0.01 0.00 11.24 11.48 10.32 10.45 1476.54 6435.54 1.51 100.00 0  0  0  None None 589.80 Buffering (0/1) EXEC_TASK EN_ROUTE     1        1.00  0.00  
2021-10-24 11:05:56,947:INFO: attemting to start a new dutycycle
2021-10-24 11:05:56,948:ERROR: ERROR: Could not calculate depth - not enough working sensors
2021-10-24 11:05:57,472:INFO: State.EXEC_TASK
2021-10-24 11:05:57,474:INFO: BT1   BT2   TT1   TT2   AT    X    Y    Z    BP1   BP2   TP1   TP2   HP      AP      PD   PC     HL EL BF SF   PF   BV     rpm             State     MissionState Setpoint Error Depth 
2021-10-24 11:05:57,475:INFO: 24.43 23.91 23.90 23.99 25.04 0.01 0.00 0.01 11.24 11.48 10.32 10.45 1476.62 6435.32 1.51 100.00 0  0  0  None None 589.90 Buffering (0/1) EXEC_TASK EN_ROUTE     1        1.00  0.00  
2021-10-24 11:05:57,476:INFO: attemting to start a new dutycycle
2021-10-24 11:05:57,477:ERROR: ERROR: Could not calculate depth - not enough working sensors
2021-10-24 11:05:57,984:INFO: State.EXEC_TASK
2021-10-24 11:05:57,986:INFO: BT1   BT2   TT1   TT2   AT    X    Y    Z    BP1   BP2   TP1   TP2   HP      AP      PD   PC     HL EL BF SF   PF   BV     rpm             State     MissionState Setpoint Error Depth 
2021-10-24 11:05:57,987:INFO: 24.43 23.91 23.90 23.99 25.04 0.01 0.00 0.01 11.24 11.48 10.32 10.45 1476.66 6435.24 1.51 100.00 0  0  0  None None 589.71 Buffering (0/1) EXEC_TASK EN_ROUTE     1        1.00  0.00  
2021-10-24 11:05:57,987:INFO: attemting to start a new dutycycle
2021-10-24 11:05:57,989:ERROR: ERROR: Could not calculate depth - not enough working sensors
2021-10-24 11:05:58,517:INFO: State.EXEC_TASK
2021-10-24 11:05:58,519:INFO: BT1   BT2   TT1   TT2   AT    X    Y    Z    BP1   BP2   TP1   TP2   HP      AP      PD   PC     HL EL BF SF   PF   BV     rpm             State     MissionState Setpoint Error Depth 
2021-10-24 11:05:58,520:INFO: 24.43 23.90 23.90 23.99 25.04 0.01 0.01 0.01 11.24 11.48 10.32 10.45 1476.82 6435.22 1.51 100.00 0  0  0  None None 589.80 Buffering (0/1) EXEC_TASK EN_ROUTE     1        1.00  0.00  
2021-10-24 11:05:58,521:INFO: attemting to start a new dutycycle
2021-10-24 11:05:58,522:ERROR: ERROR: Could not calculate depth - not enough working sensors
2021-10-24 11:05:59,033:INFO: State.EXEC_TASK
2021-10-24 11:05:59,035:INFO: BT1   BT2   TT1   TT2   AT    X    Y    Z    BP1   BP2   TP1   TP2   HP      AP      PD   PC     HL EL BF SF   PF   BV     rpm             State     MissionState Setpoint Error Depth 
2021-10-24 11:05:59,036:INFO: 24.43 23.90 23.90 24.00 25.04 0.01 0.01 0.01 11.24 11.48 10.32 10.45 1477.06 6434.98 1.51 100.00 0  0  0  None None 590.01 Buffering (0/1) EXEC_TASK EN_ROUTE     1        1.00  0.00  
2021-10-24 11:05:59,036:INFO: attemting to start a new dutycycle
2021-10-24 11:05:59,037:ERROR: ERROR: Could not calculate depth - not enough working sensors
2021-10-24 11:05:59,565:INFO: State.EXEC_TASK
2021-10-24 11:05:59,567:INFO: BT1   BT2   TT1   TT2   AT    X    Y    Z    BP1   BP2   TP1   TP2   HP      AP      PD   PC     HL EL BF SF   PF   BV     rpm             State     MissionState Setpoint Error Depth 
2021-10-24 11:05:59,568:INFO: 24.43 23.90 23.90 24.00 25.04 0.00 0.01 0.01 11.24 11.48 10.32 10.45 1477.24 6434.84 1.51 100.00 0  0  0  None None 589.90 Buffering (0/1) EXEC_TASK EN_ROUTE     1        1.00  0.00  
2021-10-24 11:05:59,569:INFO: attemting to start a new dutycycle
2021-10-24 11:05:59,570:ERROR: ERROR: Could not calculate depth - not enough working sensors
2021-10-24 11:06:00,079:INFO: State.EXEC_TASK
2021-10-24 11:06:00,081:INFO: BT1   BT2   TT1   TT2   AT    X    Y    Z    BP1   BP2   TP1   TP2   HP      AP      PD   PC     HL EL BF SF   PF   BV     rpm             State     MissionState Setpoint Error Depth 
2021-10-24 11:06:00,082:INFO: 24.43 23.90 23.91 23.99 25.04 0.00 0.01 0.01 11.24 11.48 10.32 10.45 1477.40 6434.80 1.51 100.00 0  0  0  None None 589.90 Buffering (0/1) EXEC_TASK EN_ROUTE     1        1.00  0.00  
2021-10-24 11:06:00,083:INFO: attemting to start a new dutycycle
2021-10-24 11:06:00,084:ERROR: ERROR: Could not calculate depth - not enough working sensors
2021-10-24 11:06:00,606:INFO: State.EXEC_TASK
2021-10-24 11:06:00,608:INFO: BT1   BT2   TT1   TT2   AT    X    Y    Z    BP1   BP2   TP1   TP2   HP      AP      PD   PC     HL EL BF SF   PF   BV     rpm             State     MissionState Setpoint Error Depth 
2021-10-24 11:06:00,609:INFO: 24.43 23.90 23.91 23.99 25.03 0.01 0.01 0.01 11.24 11.48 10.32 10.45 1477.56 6434.48 1.51 100.00 0  0  0  None None 590.01 Buffering (0/1) EXEC_TASK EN_ROUTE     1        1.00  0.00  
2021-10-24 11:06:00,610:INFO: attemting to start a new dutycycle
2021-10-24 11:06:00,611:ERROR: ERROR: Could not calculate depth - not enough working sensors
2021-10-24 11:06:01,122:INFO: State.EXEC_TASK
2021-10-24 11:06:01,124:INFO: BT1   BT2   TT1   TT2   AT    X    Y    Z    BP1   BP2   TP1   TP2   HP      AP      PD   PC     HL EL BF SF   PF   BV     rpm             State     MissionState Setpoint Error Depth 
2021-10-24 11:06:01,125:INFO: 24.43 23.90 23.91 23.99 25.03 0.01 0.01 0.01 11.24 11.48 10.32 10.45 1477.70 6434.20 1.51 100.00 0  0  0  None None 590.05 Buffering (0/1) EXEC_TASK EN_ROUTE     1        1.00  0.00  
2021-10-24 11:06:01,126:INFO: attemting to start a new dutycycle
2021-10-24 11:06:01,127:ERROR: ERROR: Could not calculate depth - not enough working sensors
2021-10-24 11:06:01,652:INFO: State.EXEC_TASK
2021-10-24 11:06:01,655:INFO: BT1   BT2   TT1   TT2   AT    X    Y    Z    BP1   BP2   TP1   TP2   HP      AP      PD   PC     HL EL BF SF   PF   BV     rpm             State     MissionState Setpoint Error Depth 
2021-10-24 11:06:01,655:INFO: 24.43 23.91 23.91 23.99 25.03 0.01 0.02 0.01 11.24 11.48 10.32 10.45 1477.80 6434.20 1.51 100.00 0  0  0  None None 589.97 Buffering (0/1) EXEC_TASK EN_ROUTE     1        1.00  0.00  
2021-10-24 11:06:01,656:INFO: attemting to start a new dutycycle
2021-10-24 11:06:01,657:ERROR: ERROR: Could not calculate depth - not enough working sensors
2021-10-24 11:06:02,166:INFO: State.EXEC_TASK
2021-10-24 11:06:02,168:INFO: BT1   BT2   TT1   TT2   AT    X    Y    Z    BP1   BP2   TP1   TP2   HP      AP      PD   PC     HL EL BF SF   PF   BV     rpm             State     MissionState Setpoint Error Depth 
2021-10-24 11:06:02,169:INFO: 24.43 23.91 23.91 23.99 25.03 0.01 0.02 0.01 11.24 11.48 10.32 10.45 1477.96 6434.06 1.51 100.00 0  0  0  None None 590.05 Buffering (0/1) EXEC_TASK EN_ROUTE     1        1.00  0.00  
2021-10-24 11:06:02,169:INFO: attemting to start a new dutycycle
2021-10-24 11:06:02,170:ERROR: ERROR: Could not calculate depth - not enough working sensors
2021-10-24 11:06:02,698:INFO: State.EXEC_TASK
2021-10-24 11:06:02,700:INFO: BT1   BT2   TT1   TT2   AT    X     Y    Z    BP1   BP2   TP1   TP2   HP      AP      PD   PC     HL EL BF SF   PF   BV     rpm             State     MissionState Setpoint Error Depth 
2021-10-24 11:06:02,701:INFO: 24.43 23.91 23.91 23.99 25.03 -0.00 0.03 0.01 11.24 11.48 10.32 10.45 1478.04 6433.92 1.51 100.00 0  0  0  None None 590.05 Buffering (0/1) EXEC_TASK EN_ROUTE     1        1.00  0.00  
2021-10-24 11:06:02,702:INFO: attemting to start a new dutycycle
2021-10-24 11:06:02,703:ERROR: ERROR: Could not calculate depth - not enough working sensors
2021-10-24 11:06:03,210:INFO: State.EXEC_TASK
2021-10-24 11:06:03,212:INFO: BT1   BT2   TT1   TT2   AT    X     Y    Z    BP1   BP2   TP1   TP2   HP      AP      PD   PC     HL EL BF SF   PF   BV     rpm             State     MissionState Setpoint Error Depth 
2021-10-24 11:06:03,213:INFO: 24.43 23.92 23.91 23.99 25.03 -0.00 0.02 0.01 11.24 11.48 10.32 10.45 1478.14 6433.86 1.51 100.00 0  0  0  None None 590.04 Buffering (0/1) EXEC_TASK EN_ROUTE     1        1.00  0.00  
2021-10-24 11:06:03,214:INFO: attemting to start a new dutycycle
2021-10-24 11:06:03,215:ERROR: ERROR: Could not calculate depth - not enough working sensors
2021-10-24 11:06:03,742:INFO: State.EXEC_TASK
2021-10-24 11:06:03,745:INFO: BT1   BT2   TT1   TT2   AT    X     Y    Z    BP1   BP2   TP1   TP2   HP      AP      PD   PC     HL EL BF SF   PF   BV     rpm             State     MissionState Setpoint Error Depth 
2021-10-24 11:06:03,746:INFO: 24.43 23.91 23.91 23.99 25.03 -0.00 0.02 0.01 11.24 11.48 10.32 10.45 1478.16 6433.70 1.51 100.00 0  0  0  None None 590.22 Buffering (0/1) EXEC_TASK EN_ROUTE     1        1.00  0.00  
2021-10-24 11:06:03,746:INFO: attemting to start a new dutycycle
2021-10-24 11:06:03,747:ERROR: ERROR: Could not calculate depth - not enough working sensors
2021-10-24 11:06:04,255:INFO: State.EXEC_TASK
2021-10-24 11:06:04,257:INFO: BT1   BT2   TT1   TT2   AT    X    Y    Z    BP1   BP2   TP1   TP2   HP      AP      PD   PC     HL EL BF SF   PF   BV     rpm             State     MissionState Setpoint Error Depth 
2021-10-24 11:06:04,258:INFO: 24.43 23.92 23.91 24.00 25.03 0.01 0.01 0.01 11.24 11.48 10.32 10.45 1478.28 6433.38 1.51 100.00 0  0  0  None None 590.31 Buffering (0/1) EXEC_TASK EN_ROUTE     1        1.00  0.00  
2021-10-24 11:06:04,259:INFO: attemting to start a new dutycycle
2021-10-24 11:06:04,260:ERROR: ERROR: Could not calculate depth - not enough working sensors
2021-10-24 11:06:04,783:INFO: State.EXEC_TASK
2021-10-24 11:06:04,785:INFO: BT1   BT2   TT1   TT2   AT    X    Y    Z    BP1   BP2   TP1   TP2   HP      AP      PD   PC     HL EL BF SF   PF   BV     rpm             State     MissionState Setpoint Error Depth 
2021-10-24 11:06:04,786:INFO: 24.43 23.92 23.91 23.99 25.03 0.01 0.01 0.01 11.24 11.48 10.32 10.45 1478.38 6433.28 1.51 100.00 0  0  0  None None 590.12 Buffering (0/1) EXEC_TASK EN_ROUTE     1        1.00  0.00  
2021-10-24 11:06:04,787:INFO: attemting to start a new dutycycle
2021-10-24 11:06:04,788:ERROR: ERROR: Could not calculate depth - not enough working sensors
2021-10-24 11:06:05,295:INFO: State.EXEC_TASK
2021-10-24 11:06:05,298:INFO: BT1   BT2   TT1   TT2   AT    X    Y    Z    BP1   BP2   TP1   TP2   HP      AP      PD   PC     HL EL BF SF   PF   BV     rpm             State     MissionState Setpoint Error Depth 
2021-10-24 11:06:05,298:INFO: 24.43 23.91 23.91 24.00 25.02 0.00 0.01 0.01 11.24 11.48 10.32 10.45 1478.54 6433.06 1.51 100.00 0  0  0  None None 590.25 Buffering (0/1) EXEC_TASK EN_ROUTE     1        1.00  0.00  
2021-10-24 11:06:05,299:INFO: attemting to start a new dutycycle
2021-10-24 11:06:05,300:ERROR: ERROR: Could not calculate depth - not enough working sensors
2021-10-24 11:06:05,820:INFO: State.EXEC_TASK
2021-10-24 11:06:05,822:INFO: BT1   BT2   TT1   TT2   AT    X    Y    Z    BP1   BP2   TP1   TP2   HP      AP      PD   PC     HL EL BF SF   PF   BV     rpm             State     MissionState Setpoint Error Depth 
2021-10-24 11:06:05,823:INFO: 24.43 23.91 23.91 24.00 25.02 0.00 0.01 0.01 11.24 11.48 10.32 10.45 1478.72 6432.82 1.51 100.00 0  0  0  None None 590.29 Buffering (0/1) EXEC_TASK EN_ROUTE     1        1.00  0.00  
2021-10-24 11:06:05,824:INFO: attemting to start a new dutycycle
2021-10-24 11:06:05,825:ERROR: ERROR: Could not calculate depth - not enough working sensors
2021-10-24 11:06:06,332:INFO: State.EXEC_TASK
2021-10-24 11:06:06,334:INFO: BT1   BT2   TT1   TT2   AT    X    Y    Z    BP1   BP2   TP1   TP2   HP      AP      PD   PC     HL EL BF SF   PF   BV     rpm             State     MissionState Setpoint Error Depth 
2021-10-24 11:06:06,335:INFO: 24.43 23.92 23.92 24.00 25.02 0.00 0.01 0.01 11.24 11.48 10.32 10.45 1478.88 6432.78 1.51 100.00 0  0  0  None None 590.23 Buffering (0/1) EXEC_TASK EN_ROUTE     1        1.00  0.00  
2021-10-24 11:06:06,336:INFO: attemting to start a new dutycycle
2021-10-24 11:06:06,337:ERROR: ERROR: Could not calculate depth - not enough working sensors
2021-10-24 11:06:06,860:INFO: State.EXEC_TASK
2021-10-24 11:06:06,862:INFO: BT1   BT2   TT1   TT2   AT    X    Y    Z    BP1   BP2   TP1   TP2   HP      AP      PD   PC     HL EL BF SF   PF   BV     rpm             State     MissionState Setpoint Error Depth 
2021-10-24 11:06:06,863:INFO: 24.43 23.92 23.92 24.00 25.02 0.00 0.01 0.01 11.24 11.48 10.32 10.45 1478.98 6432.62 1.51 100.00 0  0  0  None None 590.44 Buffering (0/1) EXEC_TASK EN_ROUTE     1        1.00  0.00  
2021-10-24 11:06:06,864:INFO: attemting to start a new dutycycle
2021-10-24 11:06:06,865:ERROR: ERROR: Could not calculate depth - not enough working sensors
2021-10-24 11:06:07,370:INFO: State.EXEC_TASK
2021-10-24 11:06:07,373:INFO: BT1   BT2   TT1   TT2   AT    X    Y    Z    BP1   BP2   TP1   TP2   HP      AP      PD   PC     HL EL BF SF   PF   BV     rpm             State     MissionState Setpoint Error Depth 
2021-10-24 11:06:07,373:INFO: 24.43 23.92 23.92 24.00 25.02 0.00 0.01 0.01 11.24 11.48 10.32 10.45 1479.08 6432.36 1.51 100.00 0  0  0  None None 590.40 Buffering (0/1) EXEC_TASK EN_ROUTE     1        1.00  0.00  
2021-10-24 11:06:07,374:INFO: attemting to start a new dutycycle
2021-10-24 11:06:07,375:ERROR: ERROR: Could not calculate depth - not enough working sensors
2021-10-24 11:06:07,900:INFO: State.EXEC_TASK
2021-10-24 11:06:07,902:INFO: BT1   BT2   TT1   TT2   AT    X    Y    Z    BP1   BP2   TP1   TP2   HP      AP      PD   PC     HL EL BF SF   PF   BV     rpm             State     MissionState Setpoint Error Depth 
2021-10-24 11:06:07,903:INFO: 24.43 23.93 23.93 24.00 25.02 0.00 0.01 0.01 11.24 11.48 10.32 10.45 1479.22 6432.18 1.51 100.00 0  0  0  None None 590.44 Buffering (0/1) EXEC_TASK EN_ROUTE     1        1.00  0.00  
2021-10-24 11:06:07,904:INFO: attemting to start a new dutycycle
2021-10-24 11:06:07,905:ERROR: ERROR: Could not calculate depth - not enough working sensors
2021-10-24 11:06:08,411:INFO: State.EXEC_TASK
2021-10-24 11:06:08,414:INFO: BT1   BT2   TT1   TT2   AT    X    Y    Z    BP1   BP2   TP1   TP2   HP      AP      PD   PC     HL EL BF SF   PF   BV     rpm             State     MissionState Setpoint Error Depth 
2021-10-24 11:06:08,415:INFO: 24.43 23.93 23.93 24.00 25.02 0.00 0.01 0.01 11.24 11.48 10.32 10.45 1479.34 6432.08 1.51 100.00 0  0  0  None None 590.40 Buffering (0/1) EXEC_TASK EN_ROUTE     1        1.00  0.00  
2021-10-24 11:06:08,415:INFO: attemting to start a new dutycycle
2021-10-24 11:06:08,416:ERROR: ERROR: Could not calculate depth - not enough working sensors
2021-10-24 11:06:08,943:INFO: State.EXEC_TASK
2021-10-24 11:06:08,945:INFO: BT1   BT2   TT1   TT2   AT    X    Y    Z    BP1   BP2   TP1   TP2   HP      AP      PD   PC     HL EL BF SF   PF   BV     rpm             State     MissionState Setpoint Error Depth 
2021-10-24 11:06:08,946:INFO: 24.43 23.93 23.93 24.00 25.02 0.00 0.01 0.01 11.24 11.48 10.32 10.45 1479.48 6431.86 1.51 100.00 0  0  0  None None 590.46 Buffering (0/1) EXEC_TASK EN_ROUTE     1        1.00  0.00  
2021-10-24 11:06:08,947:INFO: attemting to start a new dutycycle
2021-10-24 11:06:08,948:ERROR: ERROR: Could not calculate depth - not enough working sensors
2021-10-24 11:06:09,456:INFO: State.EXEC_TASK
2021-10-24 11:06:09,458:INFO: BT1   BT2   TT1   TT2   AT    X     Y    Z    BP1   BP2   TP1   TP2   HP      AP      PD   PC     HL EL BF SF   PF   BV     rpm             State     MissionState Setpoint Error Depth 
2021-10-24 11:06:09,459:INFO: 24.43 23.93 23.94 24.01 25.02 -0.01 0.02 0.00 11.24 11.48 10.32 10.45 1479.60 6431.70 1.51 100.00 0  0  0  None None 590.57 Buffering (0/1) EXEC_TASK EN_ROUTE     1        1.00  0.00  
2021-10-24 11:06:09,460:INFO: attemting to start a new dutycycle
2021-10-24 11:06:09,461:ERROR: ERROR: Could not calculate depth - not enough working sensors
2021-10-24 11:06:09,989:INFO: State.EXEC_TASK
2021-10-24 11:06:09,991:INFO: BT1   BT2   TT1   TT2   AT    X     Y    Z    BP1   BP2   TP1   TP2   HP      AP      PD   PC     HL EL BF SF   PF   BV     rpm             State     MissionState Setpoint Error Depth 
2021-10-24 11:06:09,992:INFO: 24.43 23.93 23.94 24.01 25.02 -0.01 0.02 0.00 11.24 11.48 10.32 10.45 1479.72 6431.62 1.51 100.00 0  0  0  None None 590.45 Buffering (0/1) EXEC_TASK EN_ROUTE     1        1.00  0.00  
2021-10-24 11:06:09,993:INFO: attemting to start a new dutycycle
2021-10-24 11:06:09,994:ERROR: ERROR: Could not calculate depth - not enough working sensors
2021-10-24 11:06:10,505:INFO: State.EXEC_TASK
2021-10-24 11:06:10,507:INFO: BT1   BT2   TT1   TT2   AT    X     Y    Z    BP1   BP2   TP1   TP2   HP      AP      PD   PC     HL EL BF SF   PF   BV     rpm             State     MissionState Setpoint Error Depth 
2021-10-24 11:06:10,508:INFO: 24.43 23.92 23.94 24.01 25.01 -0.01 0.01 0.00 11.24 11.48 10.32 10.45 1479.82 6431.54 1.51 100.00 0  0  0  None None 590.49 Buffering (0/1) EXEC_TASK EN_ROUTE     1        1.00  0.00  
2021-10-24 11:06:10,509:INFO: attemting to start a new dutycycle
2021-10-24 11:06:10,510:ERROR: ERROR: Could not calculate depth - not enough working sensors
2021-10-24 11:06:11,037:INFO: State.EXEC_TASK
2021-10-24 11:06:11,039:INFO: BT1   BT2   TT1   TT2   AT    X     Y    Z    BP1   BP2   TP1   TP2   HP      AP      PD   PC     HL EL BF SF   PF   BV     rpm             State     MissionState Setpoint Error Depth 
2021-10-24 11:06:11,040:INFO: 24.43 23.92 23.94 24.02 25.01 -0.01 0.01 0.00 11.24 11.48 10.32 10.45 1479.80 6431.36 1.51 100.00 0  0  0  None None 590.55 Buffering (0/1) EXEC_TASK EN_ROUTE     1        1.00  0.00  
2021-10-24 11:06:11,041:INFO: attemting to start a new dutycycle
2021-10-24 11:06:11,042:ERROR: ERROR: Could not calculate depth - not enough working sensors
2021-10-24 11:06:11,550:INFO: State.EXEC_TASK
2021-10-24 11:06:11,553:INFO: BT1   BT2   TT1   TT2   AT    X     Y    Z    BP1   BP2   TP1   TP2   HP      AP      PD   PC     HL EL BF SF   PF   BV     rpm             State     MissionState Setpoint Error Depth 
2021-10-24 11:06:11,554:INFO: 24.43 23.92 23.95 24.02 25.01 -0.01 0.01 0.00 11.24 11.48 10.32 10.45 1479.88 6431.34 1.51 100.00 0  0  0  None None 590.45 Buffering (0/1) EXEC_TASK EN_ROUTE     1        1.00  0.00  
2021-10-24 11:06:11,555:INFO: attemting to start a new dutycycle
2021-10-24 11:06:11,556:ERROR: ERROR: Could not calculate depth - not enough working sensors
2021-10-24 11:06:12,082:INFO: State.EXEC_TASK
2021-10-24 11:06:12,084:INFO: BT1   BT2   TT1   TT2   AT    X     Y    Z    BP1   BP2   TP1   TP2   HP      AP      PD   PC     HL EL BF SF   PF   BV     rpm             State     MissionState Setpoint Error Depth 
2021-10-24 11:06:12,085:INFO: 24.43 23.92 23.95 24.02 25.01 -0.01 0.01 0.00 11.24 11.48 10.32 10.45 1479.98 6431.30 1.51 100.00 0  0  0  None None 590.62 Buffering (0/1) EXEC_TASK EN_ROUTE     1        1.00  0.00  
2021-10-24 11:06:12,086:INFO: attemting to start a new dutycycle
2021-10-24 11:06:12,087:ERROR: ERROR: Could not calculate depth - not enough working sensors
2021-10-24 11:06:12,594:INFO: State.EXEC_TASK
2021-10-24 11:06:12,597:INFO: BT1   BT2   TT1   TT2   AT    X     Y    Z    BP1   BP2   TP1   TP2   HP      AP      PD   PC     HL EL BF SF   PF   BV     rpm             State     MissionState Setpoint Error Depth 
2021-10-24 11:06:12,598:INFO: 24.43 23.92 23.95 24.02 25.01 -0.01 0.00 0.00 11.24 11.48 10.32 10.45 1480.10 6431.16 1.51 100.00 0  0  0  None None 590.60 Buffering (0/1) EXEC_TASK EN_ROUTE     1        1.00  0.00  
2021-10-24 11:06:12,598:INFO: attemting to start a new dutycycle
2021-10-24 11:06:12,600:ERROR: ERROR: Could not calculate depth - not enough working sensors
2021-10-24 11:06:12,790:CRITICAL: user initiated safe system shutdown
2021-10-24 11:06:12,791:INFO: skipping nano safe shutdown: disabled
