2021-10-24 12:53:19,821:TEST-MODE:INFO: init
2021-10-24 12:53:19,822:TEST-MODE:INFO: loading settings:
2021-10-24 12:53:19,822:TEST-MODE:INFO: [app]: simulation = False
2021-10-24 12:53:19,823:TEST-MODE:INFO: [app]: simulation_udp_port = 12000
2021-10-24 12:53:19,823:TEST-MODE:INFO: [app]: host_ip = 127.0.0.1
2021-10-24 12:53:19,823:TEST-MODE:INFO: [app]: disable_safety = True
2021-10-24 12:53:19,824:TEST-MODE:INFO: [app]: test_mode = True
2021-10-24 12:53:19,824:TEST-MODE:INFO: [app]: test_mode_udp_port = 5000
2021-10-24 12:53:19,824:TEST-MODE:INFO: [app]: disable_altimeter = True
2021-10-24 12:53:19,825:TEST-MODE:INFO: [app]: skip_arduino_compile = True
2021-10-24 12:53:19,825:TEST-MODE:INFO: [serial]: port = /dev/ttyACM0
2021-10-24 12:53:19,825:TEST-MODE:INFO: [serial]: timeout = 3
2021-10-24 12:53:19,826:TEST-MODE:INFO: [serial]: baud_rate = 115200
2021-10-24 12:53:19,826:TEST-MODE:INFO: [serial_safety]: port = /dev/ttyUSB0
2021-10-24 12:53:19,827:TEST-MODE:INFO: [serial_safety]: timeout = 3
2021-10-24 12:53:19,827:TEST-MODE:INFO: [serial_safety]: baud_rate = 115200
2021-10-24 12:53:19,827:TEST-MODE:INFO: [task]: min_time_off_duration_limit = 0.5
2021-10-24 12:53:19,828:TEST-MODE:INFO: [task]: planned_mission = [1, 0, 1, 0]
2021-10-24 12:53:19,828:TEST-MODE:INFO: [task]: hold_on_taget_duration = 60
2021-10-24 12:53:19,829:TEST-MODE:INFO: [task]: hold_on_target_distance = 0.4
2021-10-24 12:53:19,829:TEST-MODE:INFO: [task]: min_ascend_descend_distance = 10
2021-10-24 12:53:19,829:TEST-MODE:INFO: [task]: kp = 40
2021-10-24 12:53:19,830:TEST-MODE:INFO: [task]: kd = 1000
2021-10-24 12:53:19,830:TEST-MODE:INFO: [task]: ki = 0.001
2021-10-24 12:53:19,830:TEST-MODE:INFO: [pressure]: epsilon = 0.5
2021-10-24 12:53:19,831:TEST-MODE:INFO: [pressure]: avg_samples = 5
2021-10-24 12:53:19,831:TEST-MODE:INFO: [pressure]: precision = 2
2021-10-24 12:53:19,832:TEST-MODE:INFO: [temperature]: avg_samples = 5
2021-10-24 12:53:19,832:TEST-MODE:INFO: [temperature]: precision = 2
2021-10-24 12:53:19,835:TEST-MODE:INFO: [imu]: avg_samples = 5
2021-10-24 12:53:19,835:TEST-MODE:INFO: [imu]: precision = 2
2021-10-24 12:53:19,836:TEST-MODE:INFO: [bladder]: avg_samples = 1
2021-10-24 12:53:19,836:TEST-MODE:INFO: [bladder]: precision = 2
2021-10-24 12:53:19,837:TEST-MODE:INFO: [altimeter]: avg_samples = 1
2021-10-24 12:53:19,837:TEST-MODE:INFO: [altimeter]: precision = 2
2021-10-24 12:53:19,837:TEST-MODE:INFO: [rpm]: avg_samples = 1
2021-10-24 12:53:19,838:TEST-MODE:INFO: [rpm]: precision = 2
2021-10-24 12:53:19,838:TEST-MODE:INFO: [pickup]: wait_for_water_duration = 10
2021-10-24 12:53:19,839:TEST-MODE:INFO: [safety]: timeout = 30
2021-10-24 12:53:19,839:TEST-MODE:WARNING: Safety is disabled
2021-10-24 12:53:19,840:TEST-MODE:WARNING: Altimeter is disabled
2021-10-24 12:53:19,840:TEST-MODE:WARNING: Test mode
2021-10-24 12:53:19,842:TEST-MODE:INFO: Pressure controller was initialized successfully
2021-10-24 12:53:19,842:TEST-MODE:INFO: BP1 pressure sensor was initialized successfully
2021-10-24 12:53:19,843:TEST-MODE:INFO: BP2 pressure sensor was initialized successfully
2021-10-24 12:53:19,844:TEST-MODE:INFO: TP1 pressure sensor was initialized successfully
2021-10-24 12:53:19,844:TEST-MODE:INFO: TP2 pressure sensor was initialized successfully
2021-10-24 12:53:19,845:TEST-MODE:INFO: HP pressure sensor was initialized successfully
2021-10-24 12:53:19,845:TEST-MODE:INFO: AP pressure sensor was initialized successfully
2021-10-24 12:53:19,845:TEST-MODE:INFO: Temperature controller was initialized successfully
2021-10-24 12:53:19,846:TEST-MODE:INFO: BT1 temperature sensor was initialized successfully
2021-10-24 12:53:19,846:TEST-MODE:INFO: BT2 temperature sensor was initialized successfully
2021-10-24 12:53:19,847:TEST-MODE:INFO: TT1 temperature sensor was initialized successfully
2021-10-24 12:53:19,847:TEST-MODE:INFO: TT2 temperature sensor was initialized successfully
2021-10-24 12:53:19,847:TEST-MODE:INFO: AT temperature sensor was initialized successfully
2021-10-24 12:53:19,848:TEST-MODE:INFO: IMU controller was initialized successfully
2021-10-24 12:53:19,848:TEST-MODE:INFO: X IMU sensor was initialized successfully
2021-10-24 12:53:19,849:TEST-MODE:INFO: Y IMU sensor was initialized successfully
2021-10-24 12:53:19,849:TEST-MODE:INFO: Z IMU sensor was initialized successfully
2021-10-24 12:53:19,849:TEST-MODE:INFO: Bladder volume controller was initialized successfully
2021-10-24 12:53:19,850:TEST-MODE:INFO: Altimeter controller was initialized successfully
2021-10-24 12:53:19,850:TEST-MODE:INFO: rpm controller was initialized successfully
2021-10-24 12:53:19,851:TEST-MODE:INFO: Pump flag controller was initialized successfully
2021-10-24 12:53:19,851:TEST-MODE:INFO: Bladder flag controller was initialized successfully
2021-10-24 12:53:19,852:TEST-MODE:INFO: Hull leak flag controller was initialized successfully
2021-10-24 12:53:19,852:TEST-MODE:INFO: Engine leak flag controller was initialized successfully
2021-10-24 12:53:19,852:TEST-MODE:INFO: Full surface initiated flag controller was initialized successfully
2021-10-24 12:53:19,853:TEST-MODE:INFO: Iridium flag controller was initialized successfully
2021-10-24 12:53:19,853:TEST-MODE:DEBUG: attempting to init serial comm
2021-10-24 12:53:19,853:TEST-MODE:DEBUG:  port:/dev/ttyACM0
2021-10-24 12:53:19,854:TEST-MODE:DEBUG:  baud_rate:115200
2021-10-24 12:53:19,855:TEST-MODE:INFO: SerialComm was initialized successfully
2021-10-24 12:53:19,859:TEST-MODE:DEBUG: attempting to load profile: cfg/profile.txt
2021-10-24 12:53:19,873:TEST-MODE:INFO: Profile file loaded successfully
2021-10-24 12:53:19,874:TEST-MODE:INFO: Profile class was initialized successfully
2021-10-24 12:53:19,874:TEST-MODE:INFO: setting state to MissionState.IDLE
2021-10-24 12:53:19,876:TEST-MODE:DEBUG: mega>rpi: b'F:2.00\r\n'
2021-10-24 12:53:19,876:TEST-MODE:ERROR: unknown header: F:2.00
2021-10-24 12:53:19,888:TEST-MODE:DEBUG: mega>rpi: b'PD:1.52\r\n'
2021-10-24 12:53:19,901:TEST-MODE:DEBUG: mega>rpi: b'PC:100.00\r\n'
2021-10-24 12:53:19,913:TEST-MODE:DEBUG: mega>rpi: b'LC:117.00\r\n'
2021-10-24 12:53:19,924:TEST-MODE:DEBUG: mega>rpi: b'HL:0.00\r\n'
2021-10-24 12:53:19,936:TEST-MODE:DEBUG: mega>rpi: b'EL:0.00\r\n'
2021-10-24 12:53:19,947:TEST-MODE:DEBUG: mega>rpi: b'BT1:24.72\r\n'
2021-10-24 12:53:21,270:TEST-MODE:DEBUG: mega>rpi: b'BT2:24.\xb2SU:0.00\r\n'
2021-10-24 12:53:21,270:TEST-MODE:ERROR: SENSOR ERROR: [BT2] Overflow value: [24.SU]
2021-10-24 12:53:21,303:TEST-MODE:DEBUG: mega>rpi: b'BT1:24.33\r\n'
2021-10-24 12:53:21,336:TEST-MODE:DEBUG: mega>rpi: b'BT2:-774.40\r\n'
2021-10-24 12:53:21,347:TEST-MODE:DEBUG: mega>rpi: b'PS:2.00\r\n'
2021-10-24 12:53:21,348:TEST-MODE:ERROR: unknown header: PS:2.00
2021-10-24 12:53:22,406:TEST-MODE:DEBUG: mega>rpi: b'BP1:1117.50\r\n'
2021-10-24 12:53:22,458:TEST-MODE:DEBUG: mega>rpi: b'BP2:1143.00\r\n'
2021-10-24 12:53:22,522:TEST-MODE:DEBUG: mega>rpi: b'HP:1551.30\r\n'
2021-10-24 12:53:22,545:TEST-MODE:DEBUG: mega>rpi: b'AT:24.80\r\n'
2021-10-24 12:53:22,610:TEST-MODE:DEBUG: mega>rpi: b'AP:6291.40\r\n'
2021-10-24 12:53:22,632:TEST-MODE:DEBUG: mega>rpi: b'TT1:26.26\r\n'
2021-10-24 12:53:22,665:TEST-MODE:DEBUG: mega>rpi: b'TT2:26.26\r\n'
2021-10-24 12:53:22,720:TEST-MODE:DEBUG: mega>rpi: b'TP1:1022.20\r\n'
2021-10-24 12:53:22,784:TEST-MODE:DEBUG: mega>rpi: b'TP2:1037.30\r\n'
2021-10-24 12:53:22,795:TEST-MODE:DEBUG: mega>rpi: b'\r\n'
2021-10-24 12:53:23,043:TEST-MODE:DEBUG: mega>rpi: b'X:0.00\r\n'
2021-10-24 12:53:23,056:TEST-MODE:DEBUG: mega>rpi: b'Y:0.00\r\n'
2021-10-24 12:53:23,068:TEST-MODE:DEBUG: mega>rpi: b'Z:0.00\r\n'
2021-10-24 12:53:23,760:TEST-MODE:DEBUG: mega>rpi: b'Date: 10/24/2021 Time: 11:51:15\r\n'
2021-10-24 12:53:23,761:TEST-MODE:ERROR: unknown header: Date: 10/24/2021 Time
2021-10-24 12:53:25,459:TEST-MODE:DEBUG: mega>rpi: b'SU:1.00\r\n'
2021-10-24 12:53:25,460:TEST-MODE:ERROR: unknown header: SU:1.00
2021-10-24 12:53:25,474:TEST-MODE:DEBUG: mega>rpi: b'LC:1.00\r\n'
2021-10-24 12:53:25,548:TEST-MODE:DEBUG: mega>rpi: b'HL:0.00\r\n'
2021-10-24 12:53:25,560:TEST-MODE:DEBUG: mega>rpi: b'EL:0.00\r\n'
2021-10-24 12:53:25,572:TEST-MODE:DEBUG: mega>rpi: b'BT1:24.72\r\n'
2021-10-24 12:53:25,585:TEST-MODE:DEBUG: mega>rpi: b'BT2:24.18\r\n'
2021-10-24 12:53:25,628:TEST-MODE:DEBUG: mega>rpi: b'BP1:1117.60\r\n'
2021-10-24 12:53:25,681:TEST-MODE:DEBUG: mega>rpi: b'BP2:1142.50\r\n'
2021-10-24 12:53:25,746:TEST-MODE:DEBUG: mega>rpi: b'HP:1552.30\r\n'
2021-10-24 12:53:25,758:TEST-MODE:DEBUG: mega>rpi: b'TT1:24.19\r\n'
2021-10-24 12:53:25,771:TEST-MODE:DEBUG: mega>rpi: b'TT2:24.38\r\n'
2021-10-24 12:53:25,835:TEST-MODE:DEBUG: mega>rpi: b'TP1:1022.50\r\n'
2021-10-24 12:53:25,892:TEST-MODE:DEBUG: mega>rpi: b'TP2:1037.40\r\n'
2021-10-24 12:53:25,905:TEST-MODE:DEBUG: mega>rpi: b'AT:25.43\r\n'
2021-10-24 12:53:25,959:TEST-MODE:DEBUG: mega>rpi: b'AP:6281.20\r\n'
2021-10-24 12:53:25,971:TEST-MODE:DEBUG: mega>rpi: b'BV:625.22\r\n'
2021-10-24 12:53:25,972:TEST-MODE:INFO: State.STOP
2021-10-24 12:53:25,977:TEST-MODE:INFO: BT1             BT2             TT1             TT2             AT              X               Y               Z               BP1             BP2             TP1             TP2             HP              AP              PD   PC     HL EL BF   SF   PF   BV     rpm             State MissionState Setpoint Error Depth 
2021-10-24 12:53:25,978:TEST-MODE:INFO: Buffering (3/5) Buffering (2/5) Buffering (2/5) Buffering (2/5) Buffering (2/5) Buffering (1/5) Buffering (1/5) Buffering (1/5) Buffering (2/5) Buffering (2/5) Buffering (2/5) Buffering (2/5) Buffering (2/5) Buffering (2/5) 1.52 100.00 0  0  None None None 625.22 Buffering (0/1) STOP  IDLE         None     None  None  
2021-10-24 12:53:25,979:TEST-MODE:WARNING: Stopped
2021-10-24 12:53:25,992:TEST-MODE:DEBUG: mega>rpi: b'BF:2.00\r\n'
2021-10-24 12:53:26,003:TEST-MODE:DEBUG: mega>rpi: b'X:0.00\r\n'
2021-10-24 12:53:26,015:TEST-MODE:DEBUG: mega>rpi: b'Y:0.00\r\n'
2021-10-24 12:53:26,026:TEST-MODE:DEBUG: mega>rpi: b'Z:0.00\r\n'
2021-10-24 12:53:26,038:TEST-MODE:DEBUG: mega>rpi: b'PD:1.58\r\n'
2021-10-24 12:53:26,049:TEST-MODE:DEBUG: mega>rpi: b'PC:100.00\r\n'
2021-10-24 12:53:26,061:TEST-MODE:DEBUG: mega>rpi: b'LC:2.00\r\n'
2021-10-24 12:53:26,072:TEST-MODE:DEBUG: mega>rpi: b'HL:0.00\r\n'
2021-10-24 12:53:26,084:TEST-MODE:DEBUG: mega>rpi: b'EL:0.00\r\n'
2021-10-24 12:53:26,096:TEST-MODE:DEBUG: mega>rpi: b'BT1:24.72\r\n'
2021-10-24 12:53:26,107:TEST-MODE:DEBUG: mega>rpi: b'BT2:24.19\r\n'
2021-10-24 12:53:26,140:TEST-MODE:DEBUG: mega>rpi: b'BP1:1117.10\r\n'
2021-10-24 12:53:26,192:TEST-MODE:DEBUG: mega>rpi: b'BP2:1143.20\r\n'
2021-10-24 12:53:26,255:TEST-MODE:DEBUG: mega>rpi: b'HP:1552.70\r\n'
2021-10-24 12:53:26,267:TEST-MODE:DEBUG: mega>rpi: b'TT1:24.19\r\n'
2021-10-24 12:53:26,278:TEST-MODE:DEBUG: mega>rpi: b'TT2:24.40\r\n'
2021-10-24 12:53:26,342:TEST-MODE:DEBUG: mega>rpi: b'TP1:1021.70\r\n'
2021-10-24 12:53:26,393:TEST-MODE:DEBUG: mega>rpi: b'TP2:1037.20\r\n'
2021-10-24 12:53:26,416:TEST-MODE:DEBUG: mega>rpi: b'AT:25.44\r\n'
2021-10-24 12:53:26,469:TEST-MODE:DEBUG: mega>rpi: b'AP:6280.80\r\n'
2021-10-24 12:53:26,481:TEST-MODE:DEBUG: mega>rpi: b'BV:625.35\r\n'
2021-10-24 12:53:26,482:TEST-MODE:INFO: State.STOP
2021-10-24 12:53:26,485:TEST-MODE:INFO: BT1             BT2             TT1             TT2             AT              X               Y               Z               BP1             BP2             TP1             TP2             HP              AP              PD   PC     HL EL BF SF   PF   BV     rpm             State MissionState Setpoint Error Depth 
2021-10-24 12:53:26,486:TEST-MODE:INFO: Buffering (4/5) Buffering (3/5) Buffering (3/5) Buffering (3/5) Buffering (3/5) Buffering (2/5) Buffering (2/5) Buffering (2/5) Buffering (3/5) Buffering (3/5) Buffering (3/5) Buffering (3/5) Buffering (3/5) Buffering (3/5) 1.58 100.00 0  0  2  None None 625.35 Buffering (0/1) STOP  IDLE         None     None  None  
2021-10-24 12:53:26,486:TEST-MODE:WARNING: Stopped
2021-10-24 12:53:26,498:TEST-MODE:DEBUG: mega>rpi: b'BF:2.00\r\n'
2021-10-24 12:53:26,510:TEST-MODE:DEBUG: mega>rpi: b'X:-0.02\r\n'
2021-10-24 12:53:26,522:TEST-MODE:DEBUG: mega>rpi: b'Y:-0.02\r\n'
2021-10-24 12:53:26,534:TEST-MODE:DEBUG: mega>rpi: b'Z:0.00\r\n'
2021-10-24 12:53:26,545:TEST-MODE:DEBUG: mega>rpi: b'PD:1.56\r\n'
2021-10-24 12:53:26,557:TEST-MODE:DEBUG: mega>rpi: b'PC:100.00\r\n'
2021-10-24 12:53:26,569:TEST-MODE:DEBUG: mega>rpi: b'LC:3.00\r\n'
2021-10-24 12:53:26,601:TEST-MODE:DEBUG: mega>rpi: b'HL:0.00\r\n'
2021-10-24 12:53:26,613:TEST-MODE:DEBUG: mega>rpi: b'EL:0.00\r\n'
2021-10-24 12:53:26,624:TEST-MODE:DEBUG: mega>rpi: b'BT1:24.72\r\n'
2021-10-24 12:53:26,636:TEST-MODE:DEBUG: mega>rpi: b'BT2:24.20\r\n'
2021-10-24 12:53:26,690:TEST-MODE:DEBUG: mega>rpi: b'BP1:1117.20\r\n'
2021-10-24 12:53:26,744:TEST-MODE:DEBUG: mega>rpi: b'BP2:1143.10\r\n'
2021-10-24 12:53:26,798:TEST-MODE:DEBUG: mega>rpi: b'HP:1552.80\r\n'
2021-10-24 12:53:26,811:TEST-MODE:DEBUG: mega>rpi: b'TT1:24.19\r\n'
2021-10-24 12:53:26,823:TEST-MODE:DEBUG: mega>rpi: b'TT2:24.38\r\n'
2021-10-24 12:53:26,887:TEST-MODE:DEBUG: mega>rpi: b'TP1:1022.70\r\n'
2021-10-24 12:53:26,941:TEST-MODE:DEBUG: mega>rpi: b'TP2:1037.30\r\n'
2021-10-24 12:53:26,963:TEST-MODE:DEBUG: mega>rpi: b'AT:25.44\r\n'
2021-10-24 12:53:27,016:TEST-MODE:DEBUG: mega>rpi: b'AP:6280.40\r\n'
2021-10-24 12:53:27,028:TEST-MODE:DEBUG: mega>rpi: b'BV:625.44\r\n'
2021-10-24 12:53:27,029:TEST-MODE:INFO: State.STOP
2021-10-24 12:53:27,031:TEST-MODE:INFO: BT1   BT2             TT1             TT2             AT              X               Y               Z               BP1             BP2             TP1             TP2             HP              AP              PD   PC     HL EL BF SF   PF   BV     rpm             State MissionState Setpoint Error Depth 
2021-10-24 12:53:27,032:TEST-MODE:INFO: 24.64 Buffering (4/5) Buffering (4/5) Buffering (4/5) Buffering (4/5) Buffering (3/5) Buffering (3/5) Buffering (3/5) Buffering (4/5) Buffering (4/5) Buffering (4/5) Buffering (4/5) Buffering (4/5) Buffering (4/5) 1.56 100.00 0  0  2  None None 625.44 Buffering (0/1) STOP  IDLE         None     None  None  
2021-10-24 12:53:27,033:TEST-MODE:WARNING: Stopped
2021-10-24 12:53:27,046:TEST-MODE:DEBUG: mega>rpi: b'BF:2.00\r\n'
2021-10-24 12:53:27,057:TEST-MODE:DEBUG: mega>rpi: b'X:-0.02\r\n'
2021-10-24 12:53:27,069:TEST-MODE:DEBUG: mega>rpi: b'Y:0.01\r\n'
2021-10-24 12:53:27,081:TEST-MODE:DEBUG: mega>rpi: b'Z:0.02\r\n'
2021-10-24 12:53:27,092:TEST-MODE:DEBUG: mega>rpi: b'PD:1.54\r\n'
2021-10-24 12:53:27,104:TEST-MODE:DEBUG: mega>rpi: b'PC:100.00\r\n'
2021-10-24 12:53:27,116:TEST-MODE:DEBUG: mega>rpi: b'LC:4.00\r\n'
2021-10-24 12:53:27,158:TEST-MODE:DEBUG: mega>rpi: b'HL:0.00\r\n'
2021-10-24 12:53:27,169:TEST-MODE:DEBUG: mega>rpi: b'EL:0.00\r\n'
2021-10-24 12:53:27,181:TEST-MODE:DEBUG: mega>rpi: b'BT1:24.72\r\n'
2021-10-24 12:53:27,193:TEST-MODE:DEBUG: mega>rpi: b'BT2:24.19\r\n'
2021-10-24 12:53:27,246:TEST-MODE:DEBUG: mega>rpi: b'BP1:1117.00\r\n'
2021-10-24 12:53:27,303:TEST-MODE:DEBUG: mega>rpi: b'BP2:1142.80\r\n'
2021-10-24 12:53:27,359:TEST-MODE:DEBUG: mega>rpi: b'HP:1552.60\r\n'
2021-10-24 12:53:27,381:TEST-MODE:DEBUG: mega>rpi: b'TT1:24.19\r\n'
2021-10-24 12:53:27,392:TEST-MODE:DEBUG: mega>rpi: b'TT2:24.40\r\n'
2021-10-24 12:53:27,445:TEST-MODE:DEBUG: mega>rpi: b'TP1:1022.80\r\n'
2021-10-24 12:53:27,508:TEST-MODE:DEBUG: mega>rpi: b'TP2:1037.20\r\n'
2021-10-24 12:53:27,520:TEST-MODE:DEBUG: mega>rpi: b'AT:25.44\r\n'
2021-10-24 12:53:27,584:TEST-MODE:DEBUG: mega>rpi: b'AP:6280.30\r\n'
2021-10-24 12:53:27,596:TEST-MODE:DEBUG: mega>rpi: b'BV:625.46\r\n'
2021-10-24 12:53:27,597:TEST-MODE:INFO: State.STOP
2021-10-24 12:53:27,600:TEST-MODE:INFO: BT1   BT2     TT1   TT2   AT    X               Y               Z               BP1   BP2   TP1   TP2   HP      AP      PD   PC     HL EL BF SF   PF   BV     rpm             State MissionState Setpoint Error Depth 
2021-10-24 12:53:27,602:TEST-MODE:INFO: 24.64 -135.53 24.60 24.76 25.31 Buffering (4/5) Buffering (4/5) Buffering (4/5) 11.17 11.43 10.22 10.37 1552.34 6282.82 1.54 100.00 0  0  2  None None 625.46 Buffering (0/1) STOP  IDLE         None     None  10.80 
2021-10-24 12:53:27,603:TEST-MODE:WARNING: Stopped
2021-10-24 12:53:27,605:TEST-MODE:DEBUG: mega>rpi: b'BF:2.00\r\n'
2021-10-24 12:53:27,607:TEST-MODE:DEBUG: mega>rpi: b'X:0.01\r\n'
2021-10-24 12:53:27,609:TEST-MODE:DEBUG: mega>rpi: b'Y:-0.02\r\n'
2021-10-24 12:53:27,611:TEST-MODE:DEBUG: mega>rpi: b'Z:-0.02\r\n'
2021-10-24 12:53:27,631:TEST-MODE:DEBUG: mega>rpi: b'PD:1.54\r\n'
2021-10-24 12:53:27,635:TEST-MODE:DEBUG: mega>rpi: b'PC:100.00\r\n'
2021-10-24 12:53:27,636:TEST-MODE:DEBUG: mega>rpi: b'LC:5.00\r\n'
2021-10-24 12:53:27,712:TEST-MODE:DEBUG: mega>rpi: b'HL:0.00\r\n'
2021-10-24 12:53:27,716:TEST-MODE:DEBUG: mega>rpi: b'EL:0.00\r\n'
2021-10-24 12:53:27,729:TEST-MODE:DEBUG: mega>rpi: b'BT1:24.72\r\n'
2021-10-24 12:53:27,740:TEST-MODE:DEBUG: mega>rpi: b'BT2:24.19\r\n'
2021-10-24 12:53:27,798:TEST-MODE:DEBUG: mega>rpi: b'BP1:1116.50\r\n'
2021-10-24 12:53:27,859:TEST-MODE:DEBUG: mega>rpi: b'BP2:1143.00\r\n'
2021-10-24 12:53:27,918:TEST-MODE:DEBUG: mega>rpi: b'HP:1553.20\r\n'
2021-10-24 12:53:27,929:TEST-MODE:DEBUG: mega>rpi: b'TT1:24.18\r\n'
2021-10-24 12:53:27,945:TEST-MODE:DEBUG: mega>rpi: b'TT2:24.38\r\n'
2021-10-24 12:53:28,004:TEST-MODE:DEBUG: mega>rpi: b'TP1:1021.80\r\n'
2021-10-24 12:53:28,060:TEST-MODE:DEBUG: mega>rpi: b'TP2:1037.40\r\n'
2021-10-24 12:53:28,073:TEST-MODE:DEBUG: mega>rpi: b'AT:25.43\r\n'
2021-10-24 12:53:28,134:TEST-MODE:DEBUG: mega>rpi: b'AP:6280.30\r\n'
2021-10-24 12:53:28,136:TEST-MODE:DEBUG: mega>rpi: b'BV:625.42\r\n'
2021-10-24 12:53:28,136:TEST-MODE:INFO: State.STOP
2021-10-24 12:53:28,139:TEST-MODE:INFO: BT1   BT2   TT1   TT2   AT    X     Y     Z    BP1   BP2   TP1   TP2   HP      AP      PD   PC     HL EL BF SF   PF   BV     rpm             State MissionState Setpoint Error Depth 
2021-10-24 12:53:28,140:TEST-MODE:INFO: 24.72 24.19 24.19 24.39 25.44 -0.01 -0.01 0.00 11.17 11.43 10.22 10.37 1552.72 6280.60 1.54 100.00 0  0  2  None None 625.42 Buffering (0/1) STOP  IDLE         None     None  10.80 
2021-10-24 12:53:28,140:TEST-MODE:WARNING: Stopped
2021-10-24 12:53:28,142:TEST-MODE:DEBUG: mega>rpi: b'BF:2.00\r\n'
2021-10-24 12:53:28,187:TEST-MODE:DEBUG: mega>rpi: b'PD:1.55\r\n'
2021-10-24 12:53:28,191:TEST-MODE:DEBUG: mega>rpi: b'PC:100.00\r\n'
2021-10-24 12:53:28,193:TEST-MODE:DEBUG: mega>rpi: b'LC:6.00\r\n'
2021-10-24 12:53:28,269:TEST-MODE:DEBUG: mega>rpi: b'HL:0.00\r\n'
2021-10-24 12:53:28,273:TEST-MODE:DEBUG: mega>rpi: b'EL:0.00\r\n'
2021-10-24 12:53:28,286:TEST-MODE:DEBUG: mega>rpi: b'BT1:24.72\r\n'
2021-10-24 12:53:28,299:TEST-MODE:DEBUG: mega>rpi: b'BT2:24.19\r\n'
2021-10-24 12:53:28,355:TEST-MODE:DEBUG: mega>rpi: b'BP1:1116.60\r\n'
2021-10-24 12:53:28,417:TEST-MODE:DEBUG: mega>rpi: b'BP2:1143.10\r\n'
2021-10-24 12:53:28,475:TEST-MODE:DEBUG: mega>rpi: b'HP:1554.00\r\n'
2021-10-24 12:53:28,486:TEST-MODE:DEBUG: mega>rpi: b'TT1:24.18\r\n'
2021-10-24 12:53:28,502:TEST-MODE:DEBUG: mega>rpi: b'TT2:24.40\r\n'
2021-10-24 12:53:28,561:TEST-MODE:DEBUG: mega>rpi: b'TP1:1022.30\r\n'
2021-10-24 12:53:28,617:TEST-MODE:DEBUG: mega>rpi: b'TP2:1037.60\r\n'
2021-10-24 12:53:28,630:TEST-MODE:DEBUG: mega>rpi: b'AT:25.44\r\n'
2021-10-24 12:53:28,691:TEST-MODE:DEBUG: mega>rpi: b'AP:6279.80\r\n'
2021-10-24 12:53:28,693:TEST-MODE:DEBUG: mega>rpi: b'BV:625.58\r\n'
2021-10-24 12:53:28,694:TEST-MODE:INFO: State.STOP
2021-10-24 12:53:28,697:TEST-MODE:INFO: BT1   BT2   TT1   TT2   AT    X     Y     Z    BP1   BP2   TP1   TP2   HP      AP      PD   PC     HL EL BF SF   PF   BV     rpm             State MissionState Setpoint Error Depth 
2021-10-24 12:53:28,697:TEST-MODE:INFO: 24.72 24.19 24.19 24.39 25.44 -0.01 -0.01 0.00 11.17 11.43 10.22 10.37 1553.06 6280.32 1.55 100.00 0  0  2  None None 625.58 Buffering (0/1) STOP  IDLE         None     None  10.80 
2021-10-24 12:53:28,698:TEST-MODE:WARNING: Stopped
2021-10-24 12:53:28,701:TEST-MODE:DEBUG: mega>rpi: b'BF:2.00\r\n'
2021-10-24 12:53:28,702:TEST-MODE:DEBUG: mega>rpi: b'X:0.00\r\n'
2021-10-24 12:53:28,704:TEST-MODE:DEBUG: mega>rpi: b'Y:-0.01\r\n'
2021-10-24 12:53:28,705:TEST-MODE:DEBUG: mega>rpi: b'Z:0.00\r\n'
2021-10-24 12:53:28,748:TEST-MODE:DEBUG: mega>rpi: b'PD:1.56\r\n'
2021-10-24 12:53:28,750:TEST-MODE:DEBUG: mega>rpi: b'PC:100.00\r\n'
2021-10-24 12:53:28,751:TEST-MODE:DEBUG: mega>rpi: b'LC:7.00\r\n'
2021-10-24 12:53:28,830:TEST-MODE:DEBUG: mega>rpi: b'HL:0.00\r\n'
2021-10-24 12:53:28,831:TEST-MODE:DEBUG: mega>rpi: b'EL:0.00\r\n'
2021-10-24 12:53:28,843:TEST-MODE:DEBUG: mega>rpi: b'BT1:24.72\r\n'
2021-10-24 12:53:28,859:TEST-MODE:DEBUG: mega>rpi: b'BT2:24.19\r\n'
2021-10-24 12:53:28,916:TEST-MODE:DEBUG: mega>rpi: b'BP1:1116.90\r\n'
2021-10-24 12:53:28,974:TEST-MODE:DEBUG: mega>rpi: b'BP2:1142.60\r\n'
2021-10-24 12:53:29,031:TEST-MODE:DEBUG: mega>rpi: b'HP:1553.40\r\n'
2021-10-24 12:53:29,048:TEST-MODE:DEBUG: mega>rpi: b'TT1:24.18\r\n'
2021-10-24 12:53:29,060:TEST-MODE:DEBUG: mega>rpi: b'TT2:24.41\r\n'
2021-10-24 12:53:29,117:TEST-MODE:DEBUG: mega>rpi: b'TP1:1022.20\r\n'
2021-10-24 12:53:29,175:TEST-MODE:DEBUG: mega>rpi: b'TP2:1037.30\r\n'
2021-10-24 12:53:29,190:TEST-MODE:DEBUG: mega>rpi: b'AT:25.44\r\n'
2021-10-24 12:53:29,248:TEST-MODE:DEBUG: mega>rpi: b'AP:6279.90\r\n'
2021-10-24 12:53:29,250:TEST-MODE:DEBUG: mega>rpi: b'BV:625.55\r\n'
2021-10-24 12:53:29,251:TEST-MODE:INFO: State.STOP
2021-10-24 12:53:29,254:TEST-MODE:INFO: BT1   BT2   TT1   TT2   AT    X     Y     Z    BP1   BP2   TP1   TP2   HP      AP      PD   PC     HL EL BF SF   PF   BV     rpm             State MissionState Setpoint Error Depth 
2021-10-24 12:53:29,254:TEST-MODE:INFO: 24.72 24.19 24.18 24.39 25.44 -0.01 -0.01 0.00 11.17 11.43 10.22 10.37 1553.20 6280.14 1.56 100.00 0  0  2  None None 625.55 Buffering (0/1) STOP  IDLE         None     None  10.80 
2021-10-24 12:53:29,255:TEST-MODE:WARNING: Stopped
2021-10-24 12:53:29,257:TEST-MODE:DEBUG: mega>rpi: b'BF:2.00\r\n'
2021-10-24 12:53:29,259:TEST-MODE:DEBUG: mega>rpi: b'X:-0.01\r\n'
2021-10-24 12:53:29,261:TEST-MODE:DEBUG: mega>rpi: b'Y:0.01\r\n'
2021-10-24 12:53:29,262:TEST-MODE:DEBUG: mega>rpi: b'Z:0.02\r\n'
2021-10-24 12:53:29,305:TEST-MODE:DEBUG: mega>rpi: b'PD:1.56\r\n'
2021-10-24 12:53:29,306:TEST-MODE:DEBUG: mega>rpi: b'PC:100.00\r\n'
2021-10-24 12:53:29,308:TEST-MODE:DEBUG: mega>rpi: b'LC:8.00\r\n'
2021-10-24 12:53:29,388:TEST-MODE:DEBUG: mega>rpi: b'HL:0.00\r\n'
2021-10-24 12:53:29,389:TEST-MODE:DEBUG: mega>rpi: b'EL:0.00\r\n'
2021-10-24 12:53:29,403:TEST-MODE:DEBUG: mega>rpi: b'BT1:24.72\r\n'
2021-10-24 12:53:29,416:TEST-MODE:DEBUG: mega>rpi: b'BT2:24.19\r\n'
2021-10-24 12:53:29,474:TEST-MODE:DEBUG: mega>rpi: b'BP1:1117.00\r\n'
2021-10-24 12:53:29,531:TEST-MODE:DEBUG: mega>rpi: b'BP2:1142.80\r\n'
2021-10-24 12:53:29,588:TEST-MODE:DEBUG: mega>rpi: b'HP:1553.60\r\n'
2021-10-24 12:53:29,605:TEST-MODE:DEBUG: mega>rpi: b'TT1:24.18\r\n'
2021-10-24 12:53:29,616:TEST-MODE:DEBUG: mega>rpi: b'TT2:24.41\r\n'
2021-10-24 12:53:29,674:TEST-MODE:DEBUG: mega>rpi: b'TP1:1021.70\r\n'
2021-10-24 12:53:29,736:TEST-MODE:DEBUG: mega>rpi: b'TP2:1037.20\r\n'
2021-10-24 12:53:29,747:TEST-MODE:DEBUG: mega>rpi: b'AT:25.44\r\n'
2021-10-24 12:53:29,805:TEST-MODE:DEBUG: mega>rpi: b'AP:6279.50\r\n'
2021-10-24 12:53:29,820:TEST-MODE:DEBUG: mega>rpi: b'BV:625.64\r\n'
2021-10-24 12:53:29,820:TEST-MODE:INFO: State.STOP
2021-10-24 12:53:29,823:TEST-MODE:INFO: BT1   BT2   TT1   TT2   AT    X     Y     Z    BP1   BP2   TP1   TP2   HP      AP      PD   PC     HL EL BF SF   PF   BV     rpm             State MissionState Setpoint Error Depth 
2021-10-24 12:53:29,824:TEST-MODE:INFO: 24.72 24.19 24.18 24.40 25.44 -0.01 -0.01 0.00 11.17 11.43 10.22 10.37 1553.36 6279.96 1.56 100.00 0  0  2  None None 625.64 Buffering (0/1) STOP  IDLE         None     None  10.80 
2021-10-24 12:53:29,824:TEST-MODE:WARNING: Stopped
2021-10-24 12:53:29,826:TEST-MODE:DEBUG: mega>rpi: b'BF:2.00\r\n'
2021-10-24 12:53:29,828:TEST-MODE:DEBUG: mega>rpi: b'PD:1.55\r\n'
2021-10-24 12:53:29,829:TEST-MODE:DEBUG: mega>rpi: b'PC:100.00\r\n'
2021-10-24 12:53:29,830:TEST-MODE:DEBUG: mega>rpi: b'LC:9.00\r\n'
2021-10-24 12:53:29,894:TEST-MODE:DEBUG: mega>rpi: b'HL:0.00\r\n'
2021-10-24 12:53:29,896:TEST-MODE:DEBUG: mega>rpi: b'EL:0.00\r\n'
2021-10-24 12:53:29,908:TEST-MODE:DEBUG: mega>rpi: b'BT1:24.72\r\n'
2021-10-24 12:53:29,920:TEST-MODE:DEBUG: mega>rpi: b'BT2:24.19\r\n'
2021-10-24 12:53:29,952:TEST-MODE:DEBUG: CLI:['dive', '0']
2021-10-24 12:53:29,980:TEST-MODE:DEBUG: mega>rpi: b'BP1:1116.80\r\n'
2021-10-24 12:53:30,039:TEST-MODE:DEBUG: mega>rpi: b'BP2:1143.00\r\n'
2021-10-24 12:53:30,096:TEST-MODE:DEBUG: mega>rpi: b'HP:1553.90\r\n'
2021-10-24 12:53:30,108:TEST-MODE:DEBUG: mega>rpi: b'TT1:24.18\r\n'
2021-10-24 12:53:30,124:TEST-MODE:DEBUG: mega>rpi: b'TT2:24.40\r\n'
2021-10-24 12:53:30,182:TEST-MODE:DEBUG: mega>rpi: b'TP1:1022.20\r\n'
2021-10-24 12:53:30,240:TEST-MODE:DEBUG: mega>rpi: b'TP2:1037.60\r\n'
2021-10-24 12:53:30,255:TEST-MODE:DEBUG: mega>rpi: b'AT:25.43\r\n'
2021-10-24 12:53:30,313:TEST-MODE:DEBUG: mega>rpi: b'AP:6279.30\r\n'
2021-10-24 12:53:30,314:TEST-MODE:DEBUG: mega>rpi: b'BV:625.65\r\n'
2021-10-24 12:53:30,315:TEST-MODE:DEBUG: dive
2021-10-24 12:53:30,316:TEST-MODE:INFO: sending dive command
2021-10-24 12:53:30,316:TEST-MODE:DEBUG: rpi>MEGA: S:1

2021-10-24 12:53:30,317:TEST-MODE:INFO: State.STOP
2021-10-24 12:53:30,320:TEST-MODE:INFO: BT1   BT2   TT1   TT2   AT    X     Y     Z    BP1   BP2   TP1   TP2   HP      AP      PD   PC     HL EL BF SF   PF   BV     rpm             State MissionState Setpoint Error Depth 
2021-10-24 12:53:30,321:TEST-MODE:INFO: 24.72 24.19 24.18 24.40 25.44 -0.01 -0.01 0.00 11.17 11.43 10.22 10.37 1553.62 6279.76 1.55 100.00 0  0  2  None None 625.65 Buffering (0/1) STOP  IDLE         None     None  10.80 
2021-10-24 12:53:30,321:TEST-MODE:WARNING: Stopped
2021-10-24 12:53:30,323:TEST-MODE:DEBUG: mega>rpi: b'BF:2.00\r\n'
2021-10-24 12:53:30,325:TEST-MODE:DEBUG: mega>rpi: b'X:0.01\r\n'
2021-10-24 12:53:30,326:TEST-MODE:DEBUG: mega>rpi: b'Y:-0.02\r\n'
2021-10-24 12:53:30,327:TEST-MODE:DEBUG: mega>rpi: b'Z:-0.03\r\n'
2021-10-24 12:53:30,330:TEST-MODE:DEBUG: mega>rpi: b'PD:1.55\r\n'
2021-10-24 12:53:30,331:TEST-MODE:DEBUG: mega>rpi: b'PC:100.00\r\n'
2021-10-24 12:53:30,333:TEST-MODE:DEBUG: mega>rpi: b'LC:10.00\r\n'
2021-10-24 12:53:30,411:TEST-MODE:DEBUG: mega>rpi: b'HL:0.00\r\n'
2021-10-24 12:53:30,413:TEST-MODE:DEBUG: mega>rpi: b'EL:0.00\r\n'
2021-10-24 12:53:30,414:TEST-MODE:DEBUG: mega>rpi: b'S:1.00\r\n'
2021-10-24 12:53:30,414:TEST-MODE:ERROR: unknown header: S:1.00
2021-10-24 12:53:30,416:TEST-MODE:DEBUG: mega>rpi: b'FS:1.00\r\n'
2021-10-24 12:53:30,428:TEST-MODE:DEBUG: mega>rpi: b'AT:25.44\r\n'
2021-10-24 12:53:30,486:TEST-MODE:DEBUG: mega>rpi: b'AP:6279.70\r\n'
2021-10-24 12:53:30,487:TEST-MODE:DEBUG: mega>rpi: b'BV:625.60\r\n'
2021-10-24 12:53:30,488:TEST-MODE:INFO: State.STOP
2021-10-24 12:53:30,490:TEST-MODE:INFO: BT1   BT2   TT1   TT2   AT    X     Y     Z     BP1   BP2   TP1   TP2   HP      AP      PD   PC     HL EL BF SF PF   BV     rpm             State MissionState Setpoint Error Depth 
2021-10-24 12:53:30,491:TEST-MODE:INFO: 24.72 24.19 24.18 24.40 25.44 -0.00 -0.01 -0.00 11.17 11.43 10.22 10.37 1553.62 6279.64 1.55 100.00 0  0  2  1  None 625.60 Buffering (0/1) STOP  IDLE         None     None  10.80 
2021-10-24 12:53:30,492:TEST-MODE:WARNING: Stopped
2021-10-24 12:53:30,494:TEST-MODE:DEBUG: mega>rpi: b'BF:2.00\r\n'
2021-10-24 12:53:30,495:TEST-MODE:DEBUG: mega>rpi: b'FS:1.00\r\n'
2021-10-24 12:53:31,398:TEST-MODE:DEBUG: mega>rpi: b'FS:0.00\r\n'
2021-10-24 12:53:31,411:TEST-MODE:DEBUG: mega>rpi: b'BT1:24.72\r\n'
2021-10-24 12:53:31,426:TEST-MODE:DEBUG: mega>rpi: b'BT2:24.19\r\n'
2021-10-24 12:53:31,484:TEST-MODE:DEBUG: mega>rpi: b'BP1:1117.20\r\n'
2021-10-24 12:53:31,542:TEST-MODE:DEBUG: mega>rpi: b'BP2:1143.10\r\n'
2021-10-24 12:53:31,599:TEST-MODE:DEBUG: mega>rpi: b'HP:1526.40\r\n'
2021-10-24 12:53:31,615:TEST-MODE:DEBUG: mega>rpi: b'TT1:24.17\r\n'
2021-10-24 12:53:31,628:TEST-MODE:DEBUG: mega>rpi: b'TT2:24.40\r\n'
2021-10-24 12:53:31,686:TEST-MODE:DEBUG: mega>rpi: b'TP1:1021.80\r\n'
2021-10-24 12:53:31,742:TEST-MODE:DEBUG: mega>rpi: b'TP2:1037.20\r\n'
2021-10-24 12:53:31,758:TEST-MODE:DEBUG: mega>rpi: b'AT:25.44\r\n'
2021-10-24 12:53:31,816:TEST-MODE:DEBUG: mega>rpi: b'AP:6296.10\r\n'
2021-10-24 12:53:31,818:TEST-MODE:DEBUG: mega>rpi: b'BV:621.94\r\n'
2021-10-24 12:53:31,818:TEST-MODE:INFO: State.STOP
2021-10-24 12:53:31,821:TEST-MODE:INFO: BT1   BT2   TT1   TT2   AT    X     Y     Z     BP1   BP2   TP1   TP2   HP      AP      PD   PC     HL EL BF SF PF   BV     rpm             State MissionState Setpoint Error Depth 
2021-10-24 12:53:31,822:TEST-MODE:INFO: 24.72 24.19 24.18 24.40 25.44 -0.00 -0.01 -0.00 11.17 11.43 10.22 10.37 1548.26 6282.90 1.55 100.00 0  0  2  0  None 621.94 Buffering (0/1) STOP  IDLE         None     None  10.80 
2021-10-24 12:53:31,822:TEST-MODE:WARNING: Stopped
2021-10-24 12:53:31,824:TEST-MODE:DEBUG: mega>rpi: b'BF:2.00\r\n'
2021-10-24 12:53:31,826:TEST-MODE:DEBUG: mega>rpi: b'X:0.02\r\n'
2021-10-24 12:53:31,827:TEST-MODE:DEBUG: mega>rpi: b'Y:0.02\r\n'
2021-10-24 12:53:31,828:TEST-MODE:DEBUG: mega>rpi: b'Z:0.00\r\n'
2021-10-24 12:53:31,833:TEST-MODE:DEBUG: mega>rpi: b'PD:1.55\r\n'
2021-10-24 12:53:31,835:TEST-MODE:DEBUG: mega>rpi: b'PC:100.00\r\n'
2021-10-24 12:53:31,836:TEST-MODE:DEBUG: mega>rpi: b'LC:11.00\r\n'
2021-10-24 12:53:31,915:TEST-MODE:DEBUG: mega>rpi: b'HL:0.00\r\n'
2021-10-24 12:53:31,916:TEST-MODE:DEBUG: mega>rpi: b'EL:0.00\r\n'
2021-10-24 12:53:31,926:TEST-MODE:DEBUG: mega>rpi: b'BT1:24.72\r\n'
2021-10-24 12:53:31,943:TEST-MODE:DEBUG: mega>rpi: b'BT2:24.19\r\n'
2021-10-24 12:53:32,001:TEST-MODE:DEBUG: mega>rpi: b'BP1:1117.40\r\n'
2021-10-24 12:53:32,058:TEST-MODE:DEBUG: mega>rpi: b'BP2:1143.00\r\n'
2021-10-24 12:53:32,115:TEST-MODE:DEBUG: mega>rpi: b'HP:1529.40\r\n'
2021-10-24 12:53:32,132:TEST-MODE:DEBUG: mega>rpi: b'TT1:24.17\r\n'
2021-10-24 12:53:32,143:TEST-MODE:DEBUG: mega>rpi: b'TT2:24.40\r\n'
2021-10-24 12:53:32,201:TEST-MODE:DEBUG: mega>rpi: b'TP1:1022.20\r\n'
2021-10-24 12:53:32,259:TEST-MODE:DEBUG: mega>rpi: b'TP2:1037.10\r\n'
2021-10-24 12:53:32,275:TEST-MODE:DEBUG: mega>rpi: b'AT:25.44\r\n'
2021-10-24 12:53:32,333:TEST-MODE:DEBUG: mega>rpi: b'AP:6295.80\r\n'
2021-10-24 12:53:32,334:TEST-MODE:DEBUG: mega>rpi: b'BV:622.00\r\n'
2021-10-24 12:53:32,335:TEST-MODE:INFO: State.STOP
2021-10-24 12:53:32,338:TEST-MODE:INFO: BT1   BT2   TT1   TT2   AT    X    Y     Z     BP1   BP2   TP1   TP2   HP      AP      PD   PC     HL EL BF SF PF   BV     rpm             State MissionState Setpoint Error Depth 
2021-10-24 12:53:32,339:TEST-MODE:INFO: 24.72 24.19 24.18 24.40 25.44 0.01 -0.00 -0.01 11.17 11.43 10.22 10.37 1543.34 6286.08 1.55 100.00 0  0  2  0  None 622.00 Buffering (0/1) STOP  IDLE         None     None  10.80 
2021-10-24 12:53:32,339:TEST-MODE:WARNING: Stopped
2021-10-24 12:53:32,341:TEST-MODE:DEBUG: mega>rpi: b'BF:2.00\r\n'
2021-10-24 12:53:32,342:TEST-MODE:DEBUG: mega>rpi: b'X:0.00\r\n'
2021-10-24 12:53:32,344:TEST-MODE:DEBUG: mega>rpi: b'Y:0.00\r\n'
2021-10-24 12:53:32,345:TEST-MODE:DEBUG: mega>rpi: b'Z:-0.02\r\n'
2021-10-24 12:53:32,377:TEST-MODE:DEBUG: mega>rpi: b'PD:1.55\r\n'
2021-10-24 12:53:32,379:TEST-MODE:DEBUG: mega>rpi: b'PC:100.00\r\n'
2021-10-24 12:53:32,380:TEST-MODE:DEBUG: mega>rpi: b'LC:12.00\r\n'
2021-10-24 12:53:32,455:TEST-MODE:DEBUG: mega>rpi: b'HL:0.00\r\n'
2021-10-24 12:53:32,459:TEST-MODE:DEBUG: mega>rpi: b'EL:0.00\r\n'
2021-10-24 12:53:32,471:TEST-MODE:DEBUG: mega>rpi: b'BT1:24.72\r\n'
2021-10-24 12:53:32,484:TEST-MODE:DEBUG: mega>rpi: b'BT2:24.20\r\n'
2021-10-24 12:53:32,545:TEST-MODE:DEBUG: mega>rpi: b'BP1:1117.50\r\n'
2021-10-24 12:53:32,602:TEST-MODE:DEBUG: mega>rpi: b'BP2:1143.10\r\n'
2021-10-24 12:53:32,660:TEST-MODE:DEBUG: mega>rpi: b'HP:1531.90\r\n'
2021-10-24 12:53:32,672:TEST-MODE:DEBUG: mega>rpi: b'TT1:24.17\r\n'
2021-10-24 12:53:32,689:TEST-MODE:DEBUG: mega>rpi: b'TT2:24.39\r\n'
2021-10-24 12:53:32,746:TEST-MODE:DEBUG: mega>rpi: b'TP1:1022.30\r\n'
2021-10-24 12:53:32,803:TEST-MODE:DEBUG: mega>rpi: b'TP2:1037.80\r\n'
2021-10-24 12:53:32,819:TEST-MODE:DEBUG: mega>rpi: b'AT:25.44\r\n'
2021-10-24 12:53:32,878:TEST-MODE:DEBUG: mega>rpi: b'AP:6295.30\r\n'
2021-10-24 12:53:32,879:TEST-MODE:DEBUG: mega>rpi: b'BV:622.12\r\n'
2021-10-24 12:53:32,880:TEST-MODE:INFO: State.STOP
2021-10-24 12:53:32,883:TEST-MODE:INFO: BT1   BT2   TT1   TT2   AT    X    Y    Z     BP1   BP2   TP1   TP2   HP      AP      PD   PC     HL EL BF SF PF   BV     rpm             State MissionState Setpoint Error Depth 
2021-10-24 12:53:32,884:TEST-MODE:INFO: 24.72 24.19 24.17 24.40 25.44 0.00 0.00 -0.01 11.17 11.43 10.22 10.37 1539.04 6289.24 1.55 100.00 0  0  2  0  None 622.12 Buffering (0/1) STOP  IDLE         None     None  10.80 
2021-10-24 12:53:32,884:TEST-MODE:WARNING: Stopped
2021-10-24 12:53:32,886:TEST-MODE:DEBUG: mega>rpi: b'BF:2.00\r\n'
2021-10-24 12:53:32,934:TEST-MODE:DEBUG: mega>rpi: b'PD:1.55\r\n'
2021-10-24 12:53:32,936:TEST-MODE:DEBUG: mega>rpi: b'PC:100.00\r\n'
2021-10-24 12:53:32,937:TEST-MODE:DEBUG: mega>rpi: b'LC:13.00\r\n'
2021-10-24 12:53:33,016:TEST-MODE:DEBUG: mega>rpi: b'HL:0.00\r\n'
2021-10-24 12:53:33,017:TEST-MODE:DEBUG: mega>rpi: b'EL:0.00\r\n'
2021-10-24 12:53:33,029:TEST-MODE:DEBUG: mega>rpi: b'BT1:24.72\r\n'
2021-10-24 12:53:33,041:TEST-MODE:DEBUG: mega>rpi: b'BT2:24.20\r\n'
2021-10-24 12:53:33,102:TEST-MODE:DEBUG: mega>rpi: b'BP1:1117.10\r\n'
2021-10-24 12:53:33,160:TEST-MODE:DEBUG: mega>rpi: b'BP2:1143.10\r\n'
2021-10-24 12:53:33,217:TEST-MODE:DEBUG: mega>rpi: b'HP:1532.30\r\n'
2021-10-24 12:53:33,233:TEST-MODE:DEBUG: mega>rpi: b'TT1:24.18\r\n'
2021-10-24 12:53:33,246:TEST-MODE:DEBUG: mega>rpi: b'TT2:24.41\r\n'
2021-10-24 12:53:33,303:TEST-MODE:DEBUG: mega>rpi: b'TP1:1022.10\r\n'
2021-10-24 12:53:33,360:TEST-MODE:DEBUG: mega>rpi: b'TP2:1037.40\r\n'
2021-10-24 12:53:33,377:TEST-MODE:DEBUG: mega>rpi: b'AT:25.44\r\n'
2021-10-24 12:53:33,435:TEST-MODE:DEBUG: mega>rpi: b'AP:6294.70\r\n'
2021-10-24 12:53:33,436:TEST-MODE:DEBUG: mega>rpi: b'BV:622.25\r\n'
2021-10-24 12:53:33,437:TEST-MODE:INFO: State.STOP
2021-10-24 12:53:33,440:TEST-MODE:INFO: BT1   BT2   TT1   TT2   AT    X    Y    Z     BP1   BP2   TP1   TP2   HP      AP      PD   PC     HL EL BF SF PF   BV     rpm             State MissionState Setpoint Error Depth 
2021-10-24 12:53:33,440:TEST-MODE:INFO: 24.72 24.19 24.17 24.40 25.44 0.00 0.00 -0.01 11.17 11.43 10.22 10.37 1534.78 6292.32 1.55 100.00 0  0  2  0  None 622.25 Buffering (0/1) STOP  IDLE         None     None  10.80 
2021-10-24 12:53:33,441:TEST-MODE:WARNING: Stopped
2021-10-24 12:53:33,443:TEST-MODE:DEBUG: mega>rpi: b'BF:2.00\r\n'
2021-10-24 12:53:33,444:TEST-MODE:DEBUG: mega>rpi: b'X:-0.01\r\n'
2021-10-24 12:53:33,446:TEST-MODE:DEBUG: mega>rpi: b'Y:0.01\r\n'
2021-10-24 12:53:33,447:TEST-MODE:DEBUG: mega>rpi: b'Z:0.01\r\n'
2021-10-24 12:53:33,492:TEST-MODE:DEBUG: mega>rpi: b'PD:1.55\r\n'
2021-10-24 12:53:33,493:TEST-MODE:DEBUG: mega>rpi: b'PC:100.00\r\n'
2021-10-24 12:53:33,494:TEST-MODE:DEBUG: mega>rpi: b'LC:14.00\r\n'
2021-10-24 12:53:33,573:TEST-MODE:DEBUG: mega>rpi: b'HL:0.00\r\n'
2021-10-24 12:53:33,574:TEST-MODE:DEBUG: mega>rpi: b'EL:0.00\r\n'
2021-10-24 12:53:33,586:TEST-MODE:DEBUG: mega>rpi: b'BT1:24.72\r\n'
2021-10-24 12:53:33,603:TEST-MODE:DEBUG: mega>rpi: b'BT2:24.19\r\n'
2021-10-24 12:53:33,659:TEST-MODE:DEBUG: mega>rpi: b'BP1:1116.80\r\n'
2021-10-24 12:53:33,717:TEST-MODE:DEBUG: mega>rpi: b'BP2:1142.40\r\n'
2021-10-24 12:53:33,775:TEST-MODE:DEBUG: mega>rpi: b'HP:1533.40\r\n'
2021-10-24 12:53:33,791:TEST-MODE:DEBUG: mega>rpi: b'TT1:24.18\r\n'
2021-10-24 12:53:33,803:TEST-MODE:DEBUG: mega>rpi: b'TT2:24.38\r\n'
2021-10-24 12:53:33,860:TEST-MODE:DEBUG: mega>rpi: b'TP1:1022.90\r\n'
2021-10-24 12:53:33,917:TEST-MODE:DEBUG: mega>rpi: b'TP2:1037.50\r\n'
2021-10-24 12:53:33,933:TEST-MODE:DEBUG: mega>rpi: b'AT:25.44\r\n'
2021-10-24 12:53:33,991:TEST-MODE:DEBUG: mega>rpi: b'AP:6294.90\r\n'
2021-10-24 12:53:33,993:TEST-MODE:DEBUG: mega>rpi: b'BV:622.21\r\n'
2021-10-24 12:53:33,993:TEST-MODE:INFO: State.STOP
2021-10-24 12:53:33,996:TEST-MODE:INFO: BT1   BT2   TT1   TT2   AT    X    Y    Z     BP1   BP2   TP1   TP2   HP      AP      PD   PC     HL EL BF SF PF   BV     rpm             State MissionState Setpoint Error Depth 
2021-10-24 12:53:33,997:TEST-MODE:INFO: 24.72 24.19 24.17 24.40 25.44 0.00 0.00 -0.00 11.17 11.43 10.22 10.37 1530.68 6295.36 1.55 100.00 0  0  2  0  None 622.21 Buffering (0/1) STOP  IDLE         None     None  10.80 
2021-10-24 12:53:33,997:TEST-MODE:WARNING: Stopped
2021-10-24 12:53:33,999:TEST-MODE:DEBUG: mega>rpi: b'BF:2.00\r\n'
2021-10-24 12:53:34,049:TEST-MODE:DEBUG: mega>rpi: b'PD:1.55\r\n'
2021-10-24 12:53:34,050:TEST-MODE:DEBUG: mega>rpi: b'PC:100.00\r\n'
2021-10-24 12:53:34,052:TEST-MODE:DEBUG: mega>rpi: b'LC:15.00\r\n'
2021-10-24 12:53:34,130:TEST-MODE:DEBUG: mega>rpi: b'HL:0.00\r\n'
2021-10-24 12:53:34,132:TEST-MODE:DEBUG: mega>rpi: b'EL:0.00\r\n'
2021-10-24 12:53:34,142:TEST-MODE:DEBUG: mega>rpi: b'BT1:24.73\r\n'
2021-10-24 12:53:34,158:TEST-MODE:DEBUG: mega>rpi: b'BT2:24.19\r\n'
2021-10-24 12:53:34,217:TEST-MODE:DEBUG: mega>rpi: b'BP1:1117.00\r\n'
2021-10-24 12:53:34,274:TEST-MODE:DEBUG: mega>rpi: b'BP2:1142.50\r\n'
2021-10-24 12:53:34,331:TEST-MODE:DEBUG: mega>rpi: b'HP:1534.20\r\n'
2021-10-24 12:53:34,347:TEST-MODE:DEBUG: mega>rpi: b'TT1:24.18\r\n'
2021-10-24 12:53:34,360:TEST-MODE:DEBUG: mega>rpi: b'TT2:24.42\r\n'
2021-10-24 12:53:34,417:TEST-MODE:DEBUG: mega>rpi: b'TP1:1022.50\r\n'
2021-10-24 12:53:34,475:TEST-MODE:DEBUG: mega>rpi: b'TP2:1036.90\r\n'
2021-10-24 12:53:34,491:TEST-MODE:DEBUG: mega>rpi: b'AT:25.44\r\n'
2021-10-24 12:53:34,549:TEST-MODE:DEBUG: mega>rpi: b'AP:6294.50\r\n'
2021-10-24 12:53:34,550:TEST-MODE:DEBUG: mega>rpi: b'BV:622.29\r\n'
2021-10-24 12:53:34,551:TEST-MODE:INFO: State.STOP
2021-10-24 12:53:34,553:TEST-MODE:INFO: BT1   BT2   TT1   TT2   AT    X    Y    Z     BP1   BP2   TP1   TP2   HP      AP      PD   PC     HL EL BF SF PF   BV     rpm             State MissionState Setpoint Error Depth 
2021-10-24 12:53:34,554:TEST-MODE:INFO: 24.72 24.19 24.18 24.40 25.44 0.00 0.00 -0.00 11.17 11.43 10.22 10.37 1532.24 6295.04 1.55 100.00 0  0  2  0  None 622.29 Buffering (0/1) STOP  IDLE         None     None  10.80 
2021-10-24 12:53:34,555:TEST-MODE:WARNING: Stopped
2021-10-24 12:53:34,556:TEST-MODE:DEBUG: mega>rpi: b'BF:2.00\r\n'
2021-10-24 12:53:34,558:TEST-MODE:DEBUG: mega>rpi: b'X:0.01\r\n'
2021-10-24 12:53:34,559:TEST-MODE:DEBUG: mega>rpi: b'Y:-0.03\r\n'
2021-10-24 12:53:34,561:TEST-MODE:DEBUG: mega>rpi: b'Z:0.00\r\n'
2021-10-24 12:53:34,605:TEST-MODE:DEBUG: mega>rpi: b'PD:1.56\r\n'
2021-10-24 12:53:34,607:TEST-MODE:DEBUG: mega>rpi: b'PC:100.00\r\n'
2021-10-24 12:53:34,609:TEST-MODE:DEBUG: mega>rpi: b'LC:16.00\r\n'
2021-10-24 12:53:34,687:TEST-MODE:DEBUG: mega>rpi: b'HL:0.00\r\n'
2021-10-24 12:53:34,688:TEST-MODE:DEBUG: mega>rpi: b'EL:0.00\r\n'
2021-10-24 12:53:34,704:TEST-MODE:DEBUG: mega>rpi: b'BT1:24.72\r\n'
2021-10-24 12:53:34,717:TEST-MODE:DEBUG: mega>rpi: b'BT2:24.19\r\n'
2021-10-24 12:53:34,773:TEST-MODE:DEBUG: mega>rpi: b'BP1:1116.50\r\n'
2021-10-24 12:53:34,831:TEST-MODE:DEBUG: mega>rpi: b'BP2:1142.70\r\n'
2021-10-24 12:53:34,892:TEST-MODE:DEBUG: mega>rpi: b'HP:1535.80\r\n'
2021-10-24 12:53:34,904:TEST-MODE:DEBUG: mega>rpi: b'TT1:24.17\r\n'
2021-10-24 12:53:34,917:TEST-MODE:DEBUG: mega>rpi: b'TT2:24.40\r\n'
2021-10-24 12:53:34,978:TEST-MODE:DEBUG: mega>rpi: b'TP1:1022.10\r\n'
2021-10-24 12:53:35,035:TEST-MODE:DEBUG: mega>rpi: b'TP2:1037.40\r\n'
2021-10-24 12:53:35,048:TEST-MODE:DEBUG: mega>rpi: b'AT:25.44\r\n'
2021-10-24 12:53:35,106:TEST-MODE:DEBUG: mega>rpi: b'AP:6294.80\r\n'
2021-10-24 12:53:35,109:TEST-MODE:DEBUG: mega>rpi: b'BV:622.23\r\n'
2021-10-24 12:53:35,110:TEST-MODE:INFO: State.STOP
2021-10-24 12:53:35,113:TEST-MODE:INFO: BT1   BT2   TT1   TT2   AT    X    Y     Z     BP1   BP2   TP1   TP2   HP      AP      PD   PC     HL EL BF SF PF   BV     rpm             State MissionState Setpoint Error Depth 
2021-10-24 12:53:35,114:TEST-MODE:INFO: 24.72 24.19 24.18 24.40 25.44 0.01 -0.00 -0.01 11.17 11.43 10.22 10.37 1533.52 6294.84 1.56 100.00 0  0  2  0  None 622.23 Buffering (0/1) STOP  IDLE         None     None  10.80 
2021-10-24 12:53:35,114:TEST-MODE:WARNING: Stopped
2021-10-24 12:53:35,116:TEST-MODE:DEBUG: mega>rpi: b'BF:2.00\r\n'
2021-10-24 12:53:35,162:TEST-MODE:DEBUG: mega>rpi: b'PD:1.55\r\n'
2021-10-24 12:53:35,166:TEST-MODE:DEBUG: mega>rpi: b'PC:100.00\r\n'
2021-10-24 12:53:35,168:TEST-MODE:DEBUG: mega>rpi: b'LC:17.00\r\n'
2021-10-24 12:53:35,244:TEST-MODE:DEBUG: mega>rpi: b'HL:0.00\r\n'
2021-10-24 12:53:35,248:TEST-MODE:DEBUG: mega>rpi: b'EL:0.00\r\n'
2021-10-24 12:53:35,261:TEST-MODE:DEBUG: mega>rpi: b'BT1:24.72\r\n'
2021-10-24 12:53:35,274:TEST-MODE:DEBUG: mega>rpi: b'BT2:24.20\r\n'
2021-10-24 12:53:35,333:TEST-MODE:DEBUG: mega>rpi: b'BP1:1117.20\r\n'
2021-10-24 12:53:35,392:TEST-MODE:DEBUG: mega>rpi: b'BP2:1143.20\r\n'
2021-10-24 12:53:35,450:TEST-MODE:DEBUG: mega>rpi: b'HP:1535.80\r\n'
2021-10-24 12:53:35,461:TEST-MODE:DEBUG: mega>rpi: b'TT1:24.17\r\n'
2021-10-24 12:53:35,478:TEST-MODE:DEBUG: mega>rpi: b'TT2:24.41\r\n'
2021-10-24 12:53:35,536:TEST-MODE:DEBUG: mega>rpi: b'TP1:1022.10\r\n'
2021-10-24 12:53:35,592:TEST-MODE:DEBUG: mega>rpi: b'TP2:1037.80\r\n'
2021-10-24 12:53:35,605:TEST-MODE:DEBUG: mega>rpi: b'AT:25.44\r\n'
2021-10-24 12:53:35,667:TEST-MODE:DEBUG: mega>rpi: b'AP:6294.20\r\n'
2021-10-24 12:53:35,668:TEST-MODE:DEBUG: mega>rpi: b'BV:622.36\r\n'
2021-10-24 12:53:35,669:TEST-MODE:INFO: State.STOP
2021-10-24 12:53:35,671:TEST-MODE:INFO: BT1   BT2   TT1   TT2   AT    X    Y     Z     BP1   BP2   TP1   TP2   HP      AP      PD   PC     HL EL BF SF PF   BV     rpm             State MissionState Setpoint Error Depth 
2021-10-24 12:53:35,672:TEST-MODE:INFO: 24.72 24.19 24.18 24.40 25.44 0.01 -0.00 -0.01 11.17 11.43 10.22 10.37 1534.30 6294.62 1.55 100.00 0  0  2  0  None 622.36 Buffering (0/1) STOP  IDLE         None     None  10.80 
2021-10-24 12:53:35,673:TEST-MODE:WARNING: Stopped
2021-10-24 12:53:35,674:TEST-MODE:DEBUG: mega>rpi: b'BF:2.00\r\n'
2021-10-24 12:53:35,676:TEST-MODE:DEBUG: mega>rpi: b'X:0.04\r\n'
2021-10-24 12:53:35,677:TEST-MODE:DEBUG: mega>rpi: b'Y:0.02\r\n'
2021-10-24 12:53:35,679:TEST-MODE:DEBUG: mega>rpi: b'Z:0.00\r\n'
2021-10-24 12:53:35,723:TEST-MODE:DEBUG: mega>rpi: b'PD:1.56\r\n'
2021-10-24 12:53:35,725:TEST-MODE:DEBUG: mega>rpi: b'PC:100.00\r\n'
2021-10-24 12:53:35,726:TEST-MODE:DEBUG: mega>rpi: b'LC:18.00\r\n'
2021-10-24 12:53:35,805:TEST-MODE:DEBUG: mega>rpi: b'HL:0.00\r\n'
2021-10-24 12:53:35,806:TEST-MODE:DEBUG: mega>rpi: b'EL:0.00\r\n'
2021-10-24 12:53:35,818:TEST-MODE:DEBUG: mega>rpi: b'BT1:24.73\r\n'
2021-10-24 12:53:35,834:TEST-MODE:DEBUG: mega>rpi: b'BT2:24.20\r\n'
2021-10-24 12:53:35,891:TEST-MODE:DEBUG: mega>rpi: b'BP1:1116.50\r\n'
2021-10-24 12:53:35,949:TEST-MODE:DEBUG: mega>rpi: b'BP2:1143.20\r\n'
2021-10-24 12:53:36,007:TEST-MODE:DEBUG: mega>rpi: b'HP:1536.50\r\n'
2021-10-24 12:53:36,022:TEST-MODE:DEBUG: mega>rpi: b'TT1:24.17\r\n'
2021-10-24 12:53:36,035:TEST-MODE:DEBUG: mega>rpi: b'TT2:24.42\r\n'
2021-10-24 12:53:36,093:TEST-MODE:DEBUG: mega>rpi: b'TP1:1021.80\r\n'
2021-10-24 12:53:36,149:TEST-MODE:DEBUG: mega>rpi: b'TP2:1036.70\r\n'
2021-10-24 12:53:36,165:TEST-MODE:DEBUG: mega>rpi: b'AT:25.44\r\n'
2021-10-24 12:53:36,224:TEST-MODE:DEBUG: mega>rpi: b'AP:6294.10\r\n'
2021-10-24 12:53:36,225:TEST-MODE:DEBUG: mega>rpi: b'BV:622.38\r\n'
2021-10-24 12:53:36,226:TEST-MODE:INFO: State.STOP
2021-10-24 12:53:36,229:TEST-MODE:INFO: BT1   BT2   TT1   TT2   AT    X    Y    Z     BP1   BP2   TP1   TP2   HP      AP      PD   PC     HL EL BF SF PF   BV     rpm             State MissionState Setpoint Error Depth 
2021-10-24 12:53:36,230:TEST-MODE:INFO: 24.72 24.19 24.17 24.41 25.44 0.01 0.00 -0.00 11.17 11.43 10.22 10.37 1535.14 6294.50 1.56 100.00 0  0  2  0  None 622.38 Buffering (0/1) STOP  IDLE         None     None  10.80 
2021-10-24 12:53:36,231:TEST-MODE:WARNING: Stopped
2021-10-24 12:53:36,233:TEST-MODE:DEBUG: mega>rpi: b'BF:2.00\r\n'
2021-10-24 12:53:36,234:TEST-MODE:DEBUG: mega>rpi: b'X:-0.01\r\n'
2021-10-24 12:53:36,236:TEST-MODE:DEBUG: mega>rpi: b'Y:0.01\r\n'
2021-10-24 12:53:36,237:TEST-MODE:DEBUG: mega>rpi: b'Z:0.00\r\n'
2021-10-24 12:53:36,285:TEST-MODE:DEBUG: mega>rpi: b'PD:1.56\r\n'
2021-10-24 12:53:36,287:TEST-MODE:DEBUG: mega>rpi: b'PC:100.00\r\n'
2021-10-24 12:53:36,288:TEST-MODE:DEBUG: mega>rpi: b'LC:19.00\r\n'
2021-10-24 12:53:36,363:TEST-MODE:DEBUG: mega>rpi: b'HL:0.00\r\n'
2021-10-24 12:53:36,367:TEST-MODE:DEBUG: mega>rpi: b'EL:0.00\r\n'
2021-10-24 12:53:36,379:TEST-MODE:DEBUG: mega>rpi: b'BT1:24.73\r\n'
2021-10-24 12:53:36,391:TEST-MODE:DEBUG: mega>rpi: b'BT2:24.20\r\n'
2021-10-24 12:53:36,452:TEST-MODE:DEBUG: mega>rpi: b'BP1:1117.50\r\n'
2021-10-24 12:53:36,510:TEST-MODE:DEBUG: mega>rpi: b'BP2:1142.80\r\n'
2021-10-24 12:53:36,568:TEST-MODE:DEBUG: mega>rpi: b'HP:1536.80\r\n'
2021-10-24 12:53:36,580:TEST-MODE:DEBUG: mega>rpi: b'TT1:24.17\r\n'
2021-10-24 12:53:36,595:TEST-MODE:DEBUG: mega>rpi: b'TT2:24.42\r\n'
2021-10-24 12:53:36,654:TEST-MODE:DEBUG: mega>rpi: b'TP1:1022.60\r\n'
2021-10-24 12:53:36,711:TEST-MODE:DEBUG: mega>rpi: b'TP2:1037.30\r\n'
2021-10-24 12:53:36,726:TEST-MODE:DEBUG: mega>rpi: b'AT:25.44\r\n'
2021-10-24 12:53:36,785:TEST-MODE:DEBUG: mega>rpi: b'AP:6293.60\r\n'
2021-10-24 12:53:36,786:TEST-MODE:DEBUG: mega>rpi: b'BV:622.49\r\n'
2021-10-24 12:53:36,787:TEST-MODE:INFO: State.STOP
2021-10-24 12:53:36,789:TEST-MODE:INFO: BT1   BT2   TT1   TT2   AT    X    Y    Z     BP1   BP2   TP1   TP2   HP      AP      PD   PC     HL EL BF SF PF   BV     rpm             State MissionState Setpoint Error Depth 
2021-10-24 12:53:36,790:TEST-MODE:INFO: 24.73 24.20 24.17 24.41 25.44 0.01 0.00 -0.00 11.17 11.43 10.22 10.37 1535.82 6294.24 1.56 100.00 0  0  2  0  None 622.49 Buffering (0/1) STOP  IDLE         None     None  10.80 
2021-10-24 12:53:36,791:TEST-MODE:WARNING: Stopped
2021-10-24 12:53:36,792:TEST-MODE:DEBUG: mega>rpi: b'BF:2.00\r\n'
2021-10-24 12:53:36,842:TEST-MODE:DEBUG: mega>rpi: b'PD:1.56\r\n'
2021-10-24 12:53:36,844:TEST-MODE:DEBUG: mega>rpi: b'PC:100.00\r\n'
2021-10-24 12:53:36,845:TEST-MODE:DEBUG: mega>rpi: b'LC:20.00\r\n'
2021-10-24 12:53:36,924:TEST-MODE:DEBUG: mega>rpi: b'HL:0.00\r\n'
2021-10-24 12:53:36,925:TEST-MODE:DEBUG: mega>rpi: b'EL:0.00\r\n'
2021-10-24 12:53:36,936:TEST-MODE:DEBUG: mega>rpi: b'BT1:24.72\r\n'
2021-10-24 12:53:36,952:TEST-MODE:DEBUG: mega>rpi: b'BT2:24.19\r\n'
2021-10-24 12:53:37,010:TEST-MODE:DEBUG: mega>rpi: b'BP1:1117.10\r\n'
2021-10-24 12:53:37,068:TEST-MODE:DEBUG: mega>rpi: b'BP2:1143.40\r\n'
2021-10-24 12:53:37,124:TEST-MODE:DEBUG: mega>rpi: b'HP:1537.50\r\n'
2021-10-24 12:53:37,141:TEST-MODE:DEBUG: mega>rpi: b'TT1:24.18\r\n'
2021-10-24 12:53:37,153:TEST-MODE:DEBUG: mega>rpi: b'TT2:24.41\r\n'
2021-10-24 12:53:37,211:TEST-MODE:DEBUG: mega>rpi: b'TP1:1022.20\r\n'
2021-10-24 12:53:37,268:TEST-MODE:DEBUG: mega>rpi: b'TP2:1037.70\r\n'
2021-10-24 12:53:37,284:TEST-MODE:DEBUG: mega>rpi: b'AT:25.43\r\n'
2021-10-24 12:53:37,342:TEST-MODE:DEBUG: mega>rpi: b'AP:6293.20\r\n'
2021-10-24 12:53:37,343:TEST-MODE:DEBUG: mega>rpi: b'BV:622.54\r\n'
2021-10-24 12:53:37,344:TEST-MODE:INFO: State.STOP
2021-10-24 12:53:37,346:TEST-MODE:INFO: BT1   BT2   TT1   TT2   AT    X    Y    Z     BP1   BP2   TP1   TP2   HP      AP      PD   PC     HL EL BF SF PF   BV     rpm             State MissionState Setpoint Error Depth 
2021-10-24 12:53:37,347:TEST-MODE:INFO: 24.72 24.20 24.17 24.41 25.44 0.01 0.00 -0.00 11.17 11.43 10.22 10.37 1536.48 6293.98 1.56 100.00 0  0  2  0  None 622.54 Buffering (0/1) STOP  IDLE         None     None  10.80 
2021-10-24 12:53:37,348:TEST-MODE:WARNING: Stopped
2021-10-24 12:53:37,350:TEST-MODE:DEBUG: mega>rpi: b'BF:2.00\r\n'
2021-10-24 12:53:37,351:TEST-MODE:DEBUG: mega>rpi: b'X:0.01\r\n'
2021-10-24 12:53:37,352:TEST-MODE:DEBUG: mega>rpi: b'Y:0.00\r\n'
2021-10-24 12:53:37,354:TEST-MODE:DEBUG: mega>rpi: b'Z:0.00\r\n'
2021-10-24 12:53:37,399:TEST-MODE:DEBUG: mega>rpi: b'PD:1.56\r\n'
2021-10-24 12:53:37,401:TEST-MODE:DEBUG: mega>rpi: b'PC:100.00\r\n'
2021-10-24 12:53:37,404:TEST-MODE:DEBUG: mega>rpi: b'LC:21.00\r\n'
2021-10-24 12:53:37,480:TEST-MODE:DEBUG: mega>rpi: b'HL:0.00\r\n'
2021-10-24 12:53:37,482:TEST-MODE:DEBUG: mega>rpi: b'EL:0.00\r\n'
2021-10-24 12:53:37,497:TEST-MODE:DEBUG: mega>rpi: b'BT1:24.72\r\n'
2021-10-24 12:53:37,510:TEST-MODE:DEBUG: mega>rpi: b'BT2:24.19\r\n'
2021-10-24 12:53:37,566:TEST-MODE:DEBUG: mega>rpi: b'BP1:1116.60\r\n'
2021-10-24 12:53:37,624:TEST-MODE:DEBUG: mega>rpi: b'BP2:1142.90\r\n'
2021-10-24 12:53:37,685:TEST-MODE:DEBUG: mega>rpi: b'HP:1537.80\r\n'
2021-10-24 12:53:37,697:TEST-MODE:DEBUG: mega>rpi: b'TT1:24.18\r\n'
2021-10-24 12:53:37,710:TEST-MODE:DEBUG: mega>rpi: b'TT2:24.39\r\n'
2021-10-24 12:53:37,771:TEST-MODE:DEBUG: mega>rpi: b'TP1:1022.40\r\n'
2021-10-24 12:53:37,829:TEST-MODE:DEBUG: mega>rpi: b'TP2:1037.50\r\n'
2021-10-24 12:53:37,841:TEST-MODE:DEBUG: mega>rpi: b'AT:25.44\r\n'
2021-10-24 12:53:37,899:TEST-MODE:DEBUG: mega>rpi: b'AP:6293.50\r\n'
2021-10-24 12:53:37,903:TEST-MODE:DEBUG: mega>rpi: b'BV:622.52\r\n'
2021-10-24 12:53:37,904:TEST-MODE:INFO: State.STOP
2021-10-24 12:53:37,906:TEST-MODE:INFO: BT1   BT2   TT1   TT2   AT    X    Y    Z    BP1   BP2   TP1   TP2   HP      AP      PD   PC     HL EL BF SF PF   BV     rpm             State MissionState Setpoint Error Depth 
2021-10-24 12:53:37,908:TEST-MODE:INFO: 24.72 24.20 24.17 24.41 25.44 0.01 0.00 0.00 11.17 11.43 10.22 10.37 1536.88 6293.72 1.56 100.00 0  0  2  0  None 622.52 Buffering (0/1) STOP  IDLE         None     None  10.80 
2021-10-24 12:53:37,908:TEST-MODE:WARNING: Stopped
2021-10-24 12:53:37,910:TEST-MODE:DEBUG: mega>rpi: b'BF:2.00\r\n'
2021-10-24 12:53:37,956:TEST-MODE:DEBUG: mega>rpi: b'PD:1.56\r\n'
2021-10-24 12:53:37,959:TEST-MODE:DEBUG: mega>rpi: b'PC:100.00\r\n'
2021-10-24 12:53:37,961:TEST-MODE:DEBUG: mega>rpi: b'LC:22.00\r\n'
2021-10-24 12:53:38,037:TEST-MODE:DEBUG: mega>rpi: b'HL:0.00\r\n'
2021-10-24 12:53:38,039:TEST-MODE:DEBUG: mega>rpi: b'EL:0.00\r\n'
2021-10-24 12:53:38,054:TEST-MODE:DEBUG: mega>rpi: b'BT1:24.72\r\n'
2021-10-24 12:53:38,067:TEST-MODE:DEBUG: mega>rpi: b'BT2:24.20\r\n'
2021-10-24 12:53:38,123:TEST-MODE:DEBUG: mega>rpi: b'BP1:1117.40\r\n'
2021-10-24 12:53:38,185:TEST-MODE:DEBUG: mega>rpi: b'BP2:1143.30\r\n'
2021-10-24 12:53:38,243:TEST-MODE:DEBUG: mega>rpi: b'HP:1538.70\r\n'
2021-10-24 12:53:38,254:TEST-MODE:DEBUG: mega>rpi: b'TT1:24.18\r\n'
2021-10-24 12:53:38,270:TEST-MODE:DEBUG: mega>rpi: b'TT2:24.41\r\n'
2021-10-24 12:53:38,329:TEST-MODE:DEBUG: mega>rpi: b'TP1:1022.00\r\n'
2021-10-24 12:53:38,386:TEST-MODE:DEBUG: mega>rpi: b'TP2:1037.40\r\n'
2021-10-24 12:53:38,398:TEST-MODE:DEBUG: mega>rpi: b'AT:25.43\r\n'
2021-10-24 12:53:38,460:TEST-MODE:DEBUG: mega>rpi: b'AP:6293.00\r\n'
2021-10-24 12:53:38,462:TEST-MODE:DEBUG: mega>rpi: b'BV:622.59\r\n'
2021-10-24 12:53:38,463:TEST-MODE:INFO: State.STOP
2021-10-24 12:53:38,466:TEST-MODE:INFO: BT1   BT2   TT1   TT2   AT    X    Y    Z    BP1   BP2   TP1   TP2   HP      AP      PD   PC     HL EL BF SF PF   BV     rpm             State MissionState Setpoint Error Depth 
2021-10-24 12:53:38,466:TEST-MODE:INFO: 24.72 24.20 24.18 24.41 25.44 0.01 0.00 0.00 11.17 11.43 10.22 10.37 1537.46 6293.48 1.56 100.00 0  0  2  0  None 622.59 Buffering (0/1) STOP  IDLE         None     None  10.80 
2021-10-24 12:53:38,467:TEST-MODE:WARNING: Stopped
2021-10-24 12:53:38,469:TEST-MODE:DEBUG: mega>rpi: b'BF:2.00\r\n'
2021-10-24 12:53:38,471:TEST-MODE:DEBUG: mega>rpi: b'X:0.02\r\n'
2021-10-24 12:53:38,473:TEST-MODE:DEBUG: mega>rpi: b'Y:0.00\r\n'
2021-10-24 12:53:38,474:TEST-MODE:DEBUG: mega>rpi: b'Z:0.00\r\n'
2021-10-24 12:53:38,513:TEST-MODE:DEBUG: mega>rpi: b'PD:1.56\r\n'
2021-10-24 12:53:38,514:TEST-MODE:DEBUG: mega>rpi: b'PC:100.00\r\n'
2021-10-24 12:53:38,516:TEST-MODE:DEBUG: mega>rpi: b'LC:23.00\r\n'
2021-10-24 12:53:38,595:TEST-MODE:DEBUG: mega>rpi: b'HL:0.00\r\n'
2021-10-24 12:53:38,596:TEST-MODE:DEBUG: mega>rpi: b'EL:0.00\r\n'
2021-10-24 12:53:38,607:TEST-MODE:DEBUG: mega>rpi: b'BT1:24.72\r\n'
2021-10-24 12:53:38,624:TEST-MODE:DEBUG: mega>rpi: b'BT2:24.20\r\n'
2021-10-24 12:53:38,680:TEST-MODE:DEBUG: mega>rpi: b'BP1:1118.30\r\n'
2021-10-24 12:53:38,738:TEST-MODE:DEBUG: mega>rpi: b'BP2:1142.70\r\n'
2021-10-24 12:53:38,796:TEST-MODE:DEBUG: mega>rpi: b'HP:1538.70\r\n'
2021-10-24 12:53:38,812:TEST-MODE:DEBUG: mega>rpi: b'TT1:24.18\r\n'
2021-10-24 12:53:38,824:TEST-MODE:DEBUG: mega>rpi: b'TT2:24.38\r\n'
2021-10-24 12:53:38,882:TEST-MODE:DEBUG: mega>rpi: b'TP1:1022.80\r\n'
2021-10-24 12:53:38,940:TEST-MODE:DEBUG: mega>rpi: b'TP2:1037.20\r\n'
2021-10-24 12:53:38,955:TEST-MODE:DEBUG: mega>rpi: b'AT:25.44\r\n'
2021-10-24 12:53:39,012:TEST-MODE:DEBUG: mega>rpi: b'AP:6293.20\r\n'
2021-10-24 12:53:39,014:TEST-MODE:DEBUG: mega>rpi: b'BV:622.58\r\n'
2021-10-24 12:53:39,015:TEST-MODE:INFO: State.STOP
2021-10-24 12:53:39,017:TEST-MODE:INFO: BT1   BT2   TT1   TT2   AT    X    Y    Z    BP1   BP2   TP1   TP2   HP      AP      PD   PC     HL EL BF SF PF   BV     rpm             State MissionState Setpoint Error Depth 
2021-10-24 12:53:39,018:TEST-MODE:INFO: 24.72 24.20 24.18 24.40 25.44 0.01 0.00 0.00 11.17 11.43 10.22 10.37 1537.90 6293.30 1.56 100.00 0  0  2  0  None 622.58 Buffering (0/1) STOP  IDLE         None     None  10.80 
2021-10-24 12:53:39,019:TEST-MODE:WARNING: Stopped
2021-10-24 12:53:39,020:TEST-MODE:DEBUG: mega>rpi: b'BF:2.00\r\n'
2021-10-24 12:53:39,070:TEST-MODE:DEBUG: mega>rpi: b'PD:1.56\r\n'
2021-10-24 12:53:39,072:TEST-MODE:DEBUG: mega>rpi: b'PC:100.00\r\n'
2021-10-24 12:53:39,073:TEST-MODE:DEBUG: mega>rpi: b'LC:24.00\r\n'
2021-10-24 12:53:39,152:TEST-MODE:DEBUG: mega>rpi: b'HL:0.00\r\n'
2021-10-24 12:53:39,153:TEST-MODE:DEBUG: mega>rpi: b'EL:0.00\r\n'
2021-10-24 12:53:39,165:TEST-MODE:DEBUG: mega>rpi: b'BT1:24.72\r\n'
2021-10-24 12:53:39,180:TEST-MODE:DEBUG: mega>rpi: b'BT2:24.22\r\n'
2021-10-24 12:53:39,238:TEST-MODE:DEBUG: mega>rpi: b'BP1:1116.70\r\n'
2021-10-24 12:53:39,296:TEST-MODE:DEBUG: mega>rpi: b'BP2:1143.10\r\n'
2021-10-24 12:53:39,352:TEST-MODE:DEBUG: mega>rpi: b'HP:1538.70\r\n'
2021-10-24 12:53:39,368:TEST-MODE:DEBUG: mega>rpi: b'TT1:24.17\r\n'
2021-10-24 12:53:39,381:TEST-MODE:DEBUG: mega>rpi: b'TT2:24.43\r\n'
2021-10-24 12:53:39,439:TEST-MODE:DEBUG: mega>rpi: b'TP1:1022.10\r\n'
2021-10-24 12:53:39,496:TEST-MODE:DEBUG: mega>rpi: b'TP2:1037.40\r\n'
2021-10-24 12:53:39,512:TEST-MODE:DEBUG: mega>rpi: b'AT:25.44\r\n'
2021-10-24 12:53:39,570:TEST-MODE:DEBUG: mega>rpi: b'AP:6292.70\r\n'
2021-10-24 12:53:39,571:TEST-MODE:DEBUG: mega>rpi: b'BV:622.70\r\n'
2021-10-24 12:53:39,572:TEST-MODE:INFO: State.STOP
2021-10-24 12:53:39,575:TEST-MODE:INFO: BT1   BT2   TT1   TT2   AT    X    Y    Z    BP1   BP2   TP1   TP2   HP      AP      PD   PC     HL EL BF SF PF   BV     rpm             State MissionState Setpoint Error Depth 
2021-10-24 12:53:39,576:TEST-MODE:INFO: 24.72 24.20 24.18 24.40 25.44 0.01 0.00 0.00 11.17 11.43 10.22 10.37 1538.28 6293.12 1.56 100.00 0  0  2  0  None 622.70 Buffering (0/1) STOP  IDLE         None     None  10.80 
2021-10-24 12:53:39,576:TEST-MODE:WARNING: Stopped
2021-10-24 12:53:39,578:TEST-MODE:DEBUG: mega>rpi: b'BF:2.00\r\n'
2021-10-24 12:53:39,579:TEST-MODE:DEBUG: mega>rpi: b'X:0.03\r\n'
2021-10-24 12:53:39,581:TEST-MODE:DEBUG: mega>rpi: b'Y:-0.01\r\n'
2021-10-24 12:53:39,582:TEST-MODE:DEBUG: mega>rpi: b'Z:0.00\r\n'
2021-10-24 12:53:39,630:TEST-MODE:DEBUG: mega>rpi: b'PD:1.56\r\n'
2021-10-24 12:53:39,632:TEST-MODE:DEBUG: mega>rpi: b'PC:100.00\r\n'
2021-10-24 12:53:39,633:TEST-MODE:DEBUG: mega>rpi: b'LC:25.00\r\n'
2021-10-24 12:53:39,708:TEST-MODE:DEBUG: mega>rpi: b'HL:0.00\r\n'
2021-10-24 12:53:39,712:TEST-MODE:DEBUG: mega>rpi: b'EL:0.00\r\n'
2021-10-24 12:53:39,725:TEST-MODE:DEBUG: mega>rpi: b'BT1:24.72\r\n'
2021-10-24 12:53:39,738:TEST-MODE:DEBUG: mega>rpi: b'BT2:24.19\r\n'
2021-10-24 12:53:39,798:TEST-MODE:DEBUG: mega>rpi: b'BP1:1116.60\r\n'
2021-10-24 12:53:39,856:TEST-MODE:DEBUG: mega>rpi: b'BP2:1142.40\r\n'
2021-10-24 12:53:39,914:TEST-MODE:DEBUG: mega>rpi: b'HP:1539.80\r\n'
2021-10-24 12:53:39,926:TEST-MODE:DEBUG: mega>rpi: b'TT1:24.18\r\n'
2021-10-24 12:53:39,942:TEST-MODE:DEBUG: mega>rpi: b'TT2:24.39\r\n'
2021-10-24 12:53:40,001:TEST-MODE:DEBUG: mega>rpi: b'TP1:1021.90\r\n'
2021-10-24 12:53:40,057:TEST-MODE:DEBUG: mega>rpi: b'TP2:1037.40\r\n'
2021-10-24 12:53:40,073:TEST-MODE:DEBUG: mega>rpi: b'AT:25.44\r\n'
2021-10-24 12:53:40,131:TEST-MODE:DEBUG: mega>rpi: b'AP:6292.40\r\n'
2021-10-24 12:53:40,133:TEST-MODE:DEBUG: mega>rpi: b'BV:622.76\r\n'
2021-10-24 12:53:40,133:TEST-MODE:INFO: State.STOP
2021-10-24 12:53:40,136:TEST-MODE:INFO: BT1   BT2   TT1   TT2   AT    X    Y    Z    BP1   BP2   TP1   TP2   HP      AP      PD   PC     HL EL BF SF PF   BV     rpm             State MissionState Setpoint Error Depth 
2021-10-24 12:53:40,137:TEST-MODE:INFO: 24.72 24.20 24.18 24.40 25.44 0.02 0.00 0.00 11.17 11.43 10.22 10.37 1538.74 6292.96 1.56 100.00 0  0  2  0  None 622.76 Buffering (0/1) STOP  IDLE         None     None  10.80 
2021-10-24 12:53:40,137:TEST-MODE:WARNING: Stopped
2021-10-24 12:53:40,139:TEST-MODE:DEBUG: mega>rpi: b'BF:2.00\r\n'
2021-10-24 12:53:40,184:TEST-MODE:DEBUG: mega>rpi: b'PD:1.56\r\n'
2021-10-24 12:53:40,188:TEST-MODE:DEBUG: mega>rpi: b'PC:100.00\r\n'
2021-10-24 12:53:40,189:TEST-MODE:DEBUG: mega>rpi: b'LC:26.00\r\n'
2021-10-24 12:53:40,266:TEST-MODE:DEBUG: mega>rpi: b'HL:0.00\r\n'
2021-10-24 12:53:40,267:TEST-MODE:DEBUG: mega>rpi: b'EL:0.00\r\n'
2021-10-24 12:53:40,282:TEST-MODE:DEBUG: mega>rpi: b'BT1:24.72\r\n'
2021-10-24 12:53:40,295:TEST-MODE:DEBUG: mega>rpi: b'BT2:24.20\r\n'
2021-10-24 12:53:40,352:TEST-MODE:DEBUG: mega>rpi: b'BP1:1117.30\r\n'
2021-10-24 12:53:40,409:TEST-MODE:DEBUG: mega>rpi: b'BP2:1143.10\r\n'
2021-10-24 12:53:40,471:TEST-MODE:DEBUG: mega>rpi: b'HP:1540.20\r\n'
2021-10-24 12:53:40,483:TEST-MODE:DEBUG: mega>rpi: b'TT1:24.17\r\n'
2021-10-24 12:53:40,495:TEST-MODE:DEBUG: mega>rpi: b'TT2:24.41\r\n'
2021-10-24 12:53:40,557:TEST-MODE:DEBUG: mega>rpi: b'TP1:1022.00\r\n'
2021-10-24 12:53:40,614:TEST-MODE:DEBUG: mega>rpi: b'TP2:1037.00\r\n'
2021-10-24 12:53:40,626:TEST-MODE:DEBUG: mega>rpi: b'AT:25.44\r\n'
2021-10-24 12:53:40,684:TEST-MODE:DEBUG: mega>rpi: b'AP:6292.30\r\n'
2021-10-24 12:53:40,688:TEST-MODE:DEBUG: mega>rpi: b'BV:622.78\r\n'
2021-10-24 12:53:40,689:TEST-MODE:INFO: State.STOP
2021-10-24 12:53:40,692:TEST-MODE:INFO: BT1   BT2   TT1   TT2   AT    X    Y    Z    BP1   BP2   TP1   TP2   HP      AP      PD   PC     HL EL BF SF PF   BV     rpm             State MissionState Setpoint Error Depth 
2021-10-24 12:53:40,693:TEST-MODE:INFO: 24.72 24.20 24.18 24.40 25.44 0.02 0.00 0.00 11.17 11.43 10.22 10.37 1539.22 6292.72 1.56 100.00 0  0  2  0  None 622.78 Buffering (0/1) STOP  IDLE         None     None  10.80 
2021-10-24 12:53:40,693:TEST-MODE:WARNING: Stopped
2021-10-24 12:53:40,695:TEST-MODE:DEBUG: mega>rpi: b'BF:2.00\r\n'
2021-10-24 12:53:40,697:TEST-MODE:DEBUG: mega>rpi: b'X:-0.03\r\n'
2021-10-24 12:53:40,698:TEST-MODE:DEBUG: mega>rpi: b'Y:-0.03\r\n'
2021-10-24 12:53:40,699:TEST-MODE:DEBUG: mega>rpi: b'Z:-0.01\r\n'
2021-10-24 12:53:40,745:TEST-MODE:DEBUG: mega>rpi: b'PD:1.56\r\n'
2021-10-24 12:53:40,746:TEST-MODE:DEBUG: mega>rpi: b'PC:100.00\r\n'
2021-10-24 12:53:40,748:TEST-MODE:DEBUG: mega>rpi: b'LC:27.00\r\n'
2021-10-24 12:53:40,828:TEST-MODE:DEBUG: mega>rpi: b'HL:0.00\r\n'
2021-10-24 12:53:40,829:TEST-MODE:DEBUG: mega>rpi: b'EL:0.00\r\n'
2021-10-24 12:53:40,839:TEST-MODE:DEBUG: mega>rpi: b'BT1:24.72\r\n'
2021-10-24 12:53:40,855:TEST-MODE:DEBUG: mega>rpi: b'BT2:24.21\r\n'
2021-10-24 12:53:40,914:TEST-MODE:DEBUG: mega>rpi: b'BP1:1116.40\r\n'
2021-10-24 12:53:40,970:TEST-MODE:DEBUG: mega>rpi: b'BP2:1142.50\r\n'
2021-10-24 12:53:41,028:TEST-MODE:DEBUG: mega>rpi: b'HP:1540.70\r\n'
2021-10-24 12:53:41,044:TEST-MODE:DEBUG: mega>rpi: b'TT1:24.19\r\n'
2021-10-24 12:53:41,056:TEST-MODE:DEBUG: mega>rpi: b'TT2:24.42\r\n'
2021-10-24 12:53:41,114:TEST-MODE:DEBUG: mega>rpi: b'TP1:1022.20\r\n'
2021-10-24 12:53:41,172:TEST-MODE:DEBUG: mega>rpi: b'TP2:1037.90\r\n'
2021-10-24 12:53:41,187:TEST-MODE:DEBUG: mega>rpi: b'AT:25.43\r\n'
2021-10-24 12:53:41,245:TEST-MODE:DEBUG: mega>rpi: b'AP:6292.40\r\n'
2021-10-24 12:53:41,246:TEST-MODE:DEBUG: mega>rpi: b'BV:622.72\r\n'
2021-10-24 12:53:41,247:TEST-MODE:INFO: State.STOP
2021-10-24 12:53:41,250:TEST-MODE:INFO: BT1   BT2   TT1   TT2   AT    X    Y     Z     BP1   BP2   TP1   TP2   HP      AP      PD   PC     HL EL BF SF PF   BV     rpm             State MissionState Setpoint Error Depth 
2021-10-24 12:53:41,250:TEST-MODE:INFO: 24.72 24.20 24.18 24.41 25.44 0.00 -0.01 -0.00 11.17 11.43 10.22 10.37 1539.62 6292.60 1.56 100.00 0  0  2  0  None 622.72 Buffering (0/1) STOP  IDLE         None     None  10.80 
2021-10-24 12:53:41,251:TEST-MODE:WARNING: Stopped
2021-10-24 12:53:41,253:TEST-MODE:DEBUG: mega>rpi: b'BF:2.00\r\n'
2021-10-24 12:53:41,254:TEST-MODE:DEBUG: mega>rpi: b'X:-0.03\r\n'
2021-10-24 12:53:41,256:TEST-MODE:DEBUG: mega>rpi: b'Y:0.01\r\n'
2021-10-24 12:53:41,257:TEST-MODE:DEBUG: mega>rpi: b'Z:-0.03\r\n'
2021-10-24 12:53:41,298:TEST-MODE:DEBUG: mega>rpi: b'PD:1.56\r\n'
2021-10-24 12:53:41,302:TEST-MODE:DEBUG: mega>rpi: b'PC:100.00\r\n'
2021-10-24 12:53:41,303:TEST-MODE:DEBUG: mega>rpi: b'LC:28.00\r\n'
2021-10-24 12:53:41,380:TEST-MODE:DEBUG: mega>rpi: b'HL:0.00\r\n'
2021-10-24 12:53:41,383:TEST-MODE:DEBUG: mega>rpi: b'EL:0.00\r\n'
2021-10-24 12:53:41,396:TEST-MODE:DEBUG: mega>rpi: b'BT1:24.72\r\n'
2021-10-24 12:53:41,409:TEST-MODE:DEBUG: mega>rpi: b'BT2:24.19\r\n'
2021-10-24 12:53:41,466:TEST-MODE:DEBUG: mega>rpi: b'BP1:1117.30\r\n'
2021-10-24 12:53:41,527:TEST-MODE:DEBUG: mega>rpi: b'BP2:1143.20\r\n'
2021-10-24 12:53:41,585:TEST-MODE:DEBUG: mega>rpi: b'HP:1540.70\r\n'
2021-10-24 12:53:41,597:TEST-MODE:DEBUG: mega>rpi: b'TT1:24.18\r\n'
2021-10-24 12:53:41,613:TEST-MODE:DEBUG: mega>rpi: b'TT2:24.42\r\n'
2021-10-24 12:53:41,671:TEST-MODE:DEBUG: mega>rpi: b'TP1:1021.90\r\n'
2021-10-24 12:53:41,728:TEST-MODE:DEBUG: mega>rpi: b'TP2:1037.80\r\n'
2021-10-24 12:53:41,740:TEST-MODE:DEBUG: mega>rpi: b'AT:25.44\r\n'
2021-10-24 12:53:41,802:TEST-MODE:DEBUG: mega>rpi: b'AP:6292.00\r\n'
2021-10-24 12:53:41,803:TEST-MODE:DEBUG: mega>rpi: b'BV:622.85\r\n'
2021-10-24 12:53:41,804:TEST-MODE:INFO: State.STOP
2021-10-24 12:53:41,806:TEST-MODE:INFO: BT1   BT2   TT1   TT2   AT    X    Y     Z     BP1   BP2   TP1   TP2   HP      AP      PD   PC     HL EL BF SF PF   BV     rpm             State MissionState Setpoint Error Depth 
2021-10-24 12:53:41,807:TEST-MODE:INFO: 24.72 24.20 24.18 24.41 25.44 0.00 -0.01 -0.01 11.17 11.43 10.22 10.38 1540.02 6292.36 1.56 100.00 0  0  2  0  None 622.85 Buffering (0/1) STOP  IDLE         None     None  10.80 
2021-10-24 12:53:41,808:TEST-MODE:WARNING: Stopped
2021-10-24 12:53:41,810:TEST-MODE:DEBUG: mega>rpi: b'BF:2.00\r\n'
2021-10-24 12:53:41,855:TEST-MODE:DEBUG: mega>rpi: b'PD:1.56\r\n'
2021-10-24 12:53:41,859:TEST-MODE:DEBUG: mega>rpi: b'PC:100.00\r\n'
2021-10-24 12:53:41,860:TEST-MODE:DEBUG: mega>rpi: b'LC:29.00\r\n'
2021-10-24 12:53:41,936:TEST-MODE:DEBUG: mega>rpi: b'HL:0.00\r\n'
2021-10-24 12:53:41,940:TEST-MODE:DEBUG: mega>rpi: b'EL:0.00\r\n'
2021-10-24 12:53:41,953:TEST-MODE:DEBUG: mega>rpi: b'BT1:24.72\r\n'
2021-10-24 12:53:41,966:TEST-MODE:DEBUG: mega>rpi: b'BT2:24.20\r\n'
2021-10-24 12:53:42,023:TEST-MODE:DEBUG: mega>rpi: b'BP1:1116.20\r\n'
2021-10-24 12:53:42,084:TEST-MODE:DEBUG: mega>rpi: b'BP2:1142.40\r\n'
2021-10-24 12:53:42,142:TEST-MODE:DEBUG: mega>rpi: b'HP:1541.30\r\n'
2021-10-24 12:53:42,154:TEST-MODE:DEBUG: mega>rpi: b'TT1:24.18\r\n'
2021-10-24 12:53:42,170:TEST-MODE:DEBUG: mega>rpi: b'TT2:24.43\r\n'
2021-10-24 12:53:42,228:TEST-MODE:DEBUG: mega>rpi: b'TP1:1022.10\r\n'
2021-10-24 12:53:42,285:TEST-MODE:DEBUG: mega>rpi: b'TP2:1037.40\r\n'
2021-10-24 12:53:42,297:TEST-MODE:DEBUG: mega>rpi: b'AT:25.43\r\n'
2021-10-24 12:53:42,359:TEST-MODE:DEBUG: mega>rpi: b'AP:6292.50\r\n'
2021-10-24 12:53:42,360:TEST-MODE:DEBUG: mega>rpi: b'BV:622.70\r\n'
2021-10-24 12:53:42,361:TEST-MODE:INFO: State.STOP
2021-10-24 12:53:42,364:TEST-MODE:INFO: BT1   BT2   TT1   TT2   AT    X    Y     Z     BP1   BP2   TP1   TP2   HP      AP      PD   PC     HL EL BF SF PF   BV     rpm             State MissionState Setpoint Error Depth 
2021-10-24 12:53:42,364:TEST-MODE:INFO: 24.72 24.20 24.18 24.41 25.44 0.00 -0.01 -0.01 11.17 11.43 10.22 10.38 1540.54 6292.32 1.56 100.00 0  0  2  0  None 622.70 Buffering (0/1) STOP  IDLE         None     None  10.80 
2021-10-24 12:53:42,365:TEST-MODE:WARNING: Stopped
2021-10-24 12:53:42,367:TEST-MODE:DEBUG: mega>rpi: b'BF:2.00\r\n'
2021-10-24 12:53:42,368:TEST-MODE:DEBUG: mega>rpi: b'X:-0.01\r\n'
2021-10-24 12:53:42,370:TEST-MODE:DEBUG: mega>rpi: b'Y:0.00\r\n'
2021-10-24 12:53:42,371:TEST-MODE:DEBUG: mega>rpi: b'Z:-0.01\r\n'
2021-10-24 12:53:42,412:TEST-MODE:DEBUG: mega>rpi: b'PD:1.56\r\n'
2021-10-24 12:53:42,416:TEST-MODE:DEBUG: mega>rpi: b'PC:100.00\r\n'
2021-10-24 12:53:42,417:TEST-MODE:DEBUG: mega>rpi: b'LC:30.00\r\n'
2021-10-24 12:53:42,494:TEST-MODE:DEBUG: mega>rpi: b'HL:0.00\r\n'
2021-10-24 12:53:42,497:TEST-MODE:DEBUG: mega>rpi: b'EL:0.00\r\n'
2021-10-24 12:53:42,511:TEST-MODE:DEBUG: mega>rpi: b'BT1:24.72\r\n'
2021-10-24 12:53:42,522:TEST-MODE:DEBUG: mega>rpi: b'BT2:24.19\r\n'
2021-10-24 12:53:42,580:TEST-MODE:DEBUG: mega>rpi: b'BP1:1116.60\r\n'
2021-10-24 12:53:42,641:TEST-MODE:DEBUG: mega>rpi: b'BP2:1143.00\r\n'
2021-10-24 12:53:42,699:TEST-MODE:DEBUG: mega>rpi: b'HP:1541.60\r\n'
2021-10-24 12:53:42,711:TEST-MODE:DEBUG: mega>rpi: b'TT1:24.19\r\n'
2021-10-24 12:53:42,727:TEST-MODE:DEBUG: mega>rpi: b'TT2:24.40\r\n'
2021-10-24 12:53:42,784:TEST-MODE:DEBUG: mega>rpi: b'TP1:1022.50\r\n'
2021-10-24 12:53:42,842:TEST-MODE:DEBUG: mega>rpi: b'TP2:1037.90\r\n'
2021-10-24 12:53:42,855:TEST-MODE:DEBUG: mega>rpi: b'AT:25.43\r\n'
2021-10-24 12:53:42,915:TEST-MODE:DEBUG: mega>rpi: b'AP:6291.70\r\n'
2021-10-24 12:53:42,916:TEST-MODE:DEBUG: mega>rpi: b'BV:622.88\r\n'
2021-10-24 12:53:42,917:TEST-MODE:INFO: State.STOP
2021-10-24 12:53:42,920:TEST-MODE:INFO: BT1   BT2   TT1   TT2   AT    X     Y     Z     BP1   BP2   TP1   TP2   HP      AP      PD   PC     HL EL BF SF PF   BV     rpm             State MissionState Setpoint Error Depth 
2021-10-24 12:53:42,920:TEST-MODE:INFO: 24.72 24.20 24.18 24.42 25.43 -0.00 -0.01 -0.01 11.17 11.43 10.22 10.38 1540.90 6292.18 1.56 100.00 0  0  2  0  None 622.88 Buffering (0/1) STOP  IDLE         None     None  10.80 
2021-10-24 12:53:42,921:TEST-MODE:WARNING: Stopped
2021-10-24 12:53:42,923:TEST-MODE:DEBUG: mega>rpi: b'BF:2.00\r\n'
2021-10-24 12:53:42,969:TEST-MODE:DEBUG: mega>rpi: b'PD:1.56\r\n'
2021-10-24 12:53:42,971:TEST-MODE:DEBUG: mega>rpi: b'PC:100.00\r\n'
2021-10-24 12:53:42,972:TEST-MODE:DEBUG: mega>rpi: b'LC:31.00\r\n'
2021-10-24 12:53:43,051:TEST-MODE:DEBUG: mega>rpi: b'HL:0.00\r\n'
2021-10-24 12:53:43,052:TEST-MODE:DEBUG: mega>rpi: b'EL:0.00\r\n'
2021-10-24 12:53:43,064:TEST-MODE:DEBUG: mega>rpi: b'BT1:24.72\r\n'
2021-10-24 12:53:43,080:TEST-MODE:DEBUG: mega>rpi: b'BT2:24.20\r\n'
2021-10-24 12:53:43,137:TEST-MODE:DEBUG: mega>rpi: b'BP1:1118.10\r\n'
2021-10-24 12:53:43,195:TEST-MODE:DEBUG: mega>rpi: b'BP2:1142.80\r\n'
2021-10-24 12:53:43,252:TEST-MODE:DEBUG: mega>rpi: b'HP:1541.30\r\n'
2021-10-24 12:53:43,269:TEST-MODE:DEBUG: mega>rpi: b'TT1:24.19\r\n'
2021-10-24 12:53:43,280:TEST-MODE:DEBUG: mega>rpi: b'TT2:24.42\r\n'
2021-10-24 12:53:43,338:TEST-MODE:DEBUG: mega>rpi: b'TP1:1022.30\r\n'
2021-10-24 12:53:43,396:TEST-MODE:DEBUG: mega>rpi: b'TP2:1037.10\r\n'
2021-10-24 12:53:43,411:TEST-MODE:DEBUG: mega>rpi: b'AT:25.43\r\n'
2021-10-24 12:53:43,469:TEST-MODE:DEBUG: mega>rpi: b'AP:6291.30\r\n'
2021-10-24 12:53:43,470:TEST-MODE:DEBUG: mega>rpi: b'BV:622.97\r\n'
2021-10-24 12:53:43,471:TEST-MODE:INFO: State.STOP
2021-10-24 12:53:43,474:TEST-MODE:INFO: BT1   BT2   TT1   TT2   AT    X     Y     Z     BP1   BP2   TP1   TP2   HP      AP      PD   PC     HL EL BF SF PF   BV     rpm             State MissionState Setpoint Error Depth 
2021-10-24 12:53:43,475:TEST-MODE:INFO: 24.72 24.20 24.19 24.42 25.43 -0.00 -0.01 -0.01 11.17 11.43 10.22 10.38 1541.12 6291.98 1.56 100.00 0  0  2  0  None 622.97 Buffering (0/1) STOP  IDLE         None     None  10.80 
2021-10-24 12:53:43,475:TEST-MODE:WARNING: Stopped
2021-10-24 12:53:43,477:TEST-MODE:DEBUG: mega>rpi: b'BF:2.00\r\n'
2021-10-24 12:53:43,478:TEST-MODE:DEBUG: mega>rpi: b'X:-0.02\r\n'
2021-10-24 12:53:43,480:TEST-MODE:DEBUG: mega>rpi: b'Y:0.02\r\n'
2021-10-24 12:53:43,481:TEST-MODE:DEBUG: mega>rpi: b'Z:-0.01\r\n'
2021-10-24 12:53:43,522:TEST-MODE:DEBUG: mega>rpi: b'PD:1.56\r\n'
2021-10-24 12:53:43,523:TEST-MODE:DEBUG: mega>rpi: b'PC:100.00\r\n'
2021-10-24 12:53:43,526:TEST-MODE:DEBUG: mega>rpi: b'LC:32.00\r\n'
2021-10-24 12:53:43,604:TEST-MODE:DEBUG: mega>rpi: b'HL:0.00\r\n'
2021-10-24 12:53:43,605:TEST-MODE:DEBUG: mega>rpi: b'EL:0.00\r\n'
2021-10-24 12:53:43,620:TEST-MODE:DEBUG: mega>rpi: b'BT1:24.72\r\n'
2021-10-24 12:53:43,633:TEST-MODE:DEBUG: mega>rpi: b'BT2:24.19\r\n'
2021-10-24 12:53:43,690:TEST-MODE:DEBUG: mega>rpi: b'BP1:1116.80\r\n'
2021-10-24 12:53:43,747:TEST-MODE:DEBUG: mega>rpi: b'BP2:1143.00\r\n'
2021-10-24 12:53:43,808:TEST-MODE:DEBUG: mega>rpi: b'HP:1542.30\r\n'
2021-10-24 12:53:43,822:TEST-MODE:DEBUG: mega>rpi: b'TT1:24.19\r\n'
2021-10-24 12:53:43,833:TEST-MODE:DEBUG: mega>rpi: b'TT2:24.40\r\n'
2021-10-24 12:53:43,894:TEST-MODE:DEBUG: mega>rpi: b'TP1:1022.30\r\n'
2021-10-24 12:53:43,952:TEST-MODE:DEBUG: mega>rpi: b'TP2:1037.80\r\n'
2021-10-24 12:53:43,964:TEST-MODE:DEBUG: mega>rpi: b'AT:25.44\r\n'
2021-10-24 12:53:44,022:TEST-MODE:DEBUG: mega>rpi: b'AP:6291.20\r\n'
2021-10-24 12:53:44,026:TEST-MODE:DEBUG: mega>rpi: b'BV:623.03\r\n'
2021-10-24 12:53:44,027:TEST-MODE:INFO: State.STOP
2021-10-24 12:53:44,029:TEST-MODE:INFO: BT1   BT2   TT1   TT2   AT    X     Y     Z     BP1   BP2   TP1   TP2   HP      AP      PD   PC     HL EL BF SF PF   BV     rpm             State MissionState Setpoint Error Depth 
2021-10-24 12:53:44,030:TEST-MODE:INFO: 24.72 24.19 24.19 24.41 25.43 -0.01 -0.00 -0.01 11.17 11.43 10.22 10.38 1541.44 6291.74 1.56 100.00 0  0  2  0  None 623.03 Buffering (0/1) STOP  IDLE         None     None  10.80 
2021-10-24 12:53:44,031:TEST-MODE:WARNING: Stopped
2021-10-24 12:53:44,033:TEST-MODE:DEBUG: mega>rpi: b'BF:2.00\r\n'
2021-10-24 12:53:44,079:TEST-MODE:DEBUG: mega>rpi: b'PD:1.56\r\n'
2021-10-24 12:53:44,080:TEST-MODE:DEBUG: mega>rpi: b'PC:100.00\r\n'
2021-10-24 12:53:44,082:TEST-MODE:DEBUG: mega>rpi: b'LC:33.00\r\n'
2021-10-24 12:53:44,162:TEST-MODE:DEBUG: mega>rpi: b'HL:0.00\r\n'
2021-10-24 12:53:44,163:TEST-MODE:DEBUG: mega>rpi: b'EL:0.00\r\n'
2021-10-24 12:53:44,173:TEST-MODE:DEBUG: mega>rpi: b'BT1:24.73\r\n'
2021-10-24 12:53:44,190:TEST-MODE:DEBUG: mega>rpi: b'BT2:24.20\r\n'
2021-10-24 12:53:44,248:TEST-MODE:DEBUG: mega>rpi: b'BP1:1116.30\r\n'
2021-10-24 12:53:44,304:TEST-MODE:DEBUG: mega>rpi: b'BP2:1142.50\r\n'
2021-10-24 12:53:44,362:TEST-MODE:DEBUG: mega>rpi: b'HP:1542.40\r\n'
2021-10-24 12:53:44,378:TEST-MODE:DEBUG: mega>rpi: b'TT1:24.19\r\n'
2021-10-24 12:53:44,390:TEST-MODE:DEBUG: mega>rpi: b'TT2:24.43\r\n'
2021-10-24 12:53:44,448:TEST-MODE:DEBUG: mega>rpi: b'TP1:1022.10\r\n'
2021-10-24 12:53:44,449:TEST-MODE:CRITICAL: user initiated safe system shutdown
2021-10-24 12:53:44,451:TEST-MODE:INFO: skipping nano safe shutdown: disabled
