2021-10-18 11:33:45,257:WARNING: Safety is disabled
2021-10-18 11:33:45,258:WARNING: Test mode
2021-10-18 11:33:45,259:INFO: Pressure controller was initialized successfully
2021-10-18 11:33:45,260:INFO: BP1 pressure sensor was initialized successfully
2021-10-18 11:33:45,261:INFO: BP2 pressure sensor was initialized successfully
2021-10-18 11:33:45,262:INFO: TP1 pressure sensor was initialized successfully
2021-10-18 11:33:45,263:INFO: TP2 pressure sensor was initialized successfully
2021-10-18 11:33:45,263:INFO: HP pressure sensor was initialized successfully
2021-10-18 11:33:45,264:INFO: AP pressure sensor was initialized successfully
2021-10-18 11:33:45,264:INFO: Temperature controller was initialized successfully
2021-10-18 11:33:45,265:INFO: BT1 temperature sensor was initialized successfully
2021-10-18 11:33:45,265:INFO: BT2 temperature sensor was initialized successfully
2021-10-18 11:33:45,266:INFO: TT1 temperature sensor was initialized successfully
2021-10-18 11:33:45,266:INFO: TT2 temperature sensor was initialized successfully
2021-10-18 11:33:45,267:INFO: AT temperature sensor was initialized successfully
2021-10-18 11:33:45,267:INFO: IMU controller was initialized successfully
2021-10-18 11:33:45,267:INFO: X IMU sensor was initialized successfully
2021-10-18 11:33:45,268:INFO: Y IMU sensor was initialized successfully
2021-10-18 11:33:45,268:INFO: Z IMU sensor was initialized successfully
2021-10-18 11:33:45,268:INFO: Bladder volume controller was initialized successfully
2021-10-18 11:33:45,269:INFO: Altimeter controller was initialized successfully
2021-10-18 11:33:45,269:INFO: rpm controller was initialized successfully
2021-10-18 11:33:45,270:INFO: Pump flag controller was initialized successfully
2021-10-18 11:33:45,270:INFO: Bladder flag controller was initialized successfully
2021-10-18 11:33:45,270:INFO: Hull leak flag controller was initialized successfully
2021-10-18 11:33:45,271:INFO: Engine leak flag controller was initialized successfully
2021-10-18 11:33:45,271:INFO: Full surface initiated flag controller was initialized successfully
2021-10-18 11:33:45,273:INFO: SerialComm was initialized successfully
2021-10-18 11:33:45,283:INFO: Profile file loaded successfully

2021-10-18 11:33:45,284:INFO: Profile class was initialized successfully

2021-10-18 11:33:45,285:INFO: setting target depth to 50.0 [mbar]
2021-10-18 11:33:45,285:INFO: setting state to MissionState.DESCENDING
2021-10-18 11:33:51,397:INFO: State.STOP
2021-10-18 11:33:51,401:INFO: BT1             BT2             TT1             TT2             AT              X               Y               Z               BP1             BP2             TP1             TP2             HP              AP              PD PC     HL EL BF   SF   PF   BV     rpm             State      MissionState            Setpoint 
2021-10-18 11:33:51,403:INFO: Buffering (3/5) Buffering (3/5) Buffering (3/5) Buffering (3/5) Buffering (2/5) Buffering (1/5) Buffering (1/5) Buffering (1/5) Buffering (3/5) Buffering (3/5) Buffering (2/5) Buffering (2/5) Buffering (3/5) Buffering (2/5) 0  100.00 0  0  None None None 115.85 Buffering (0/1) State.STOP MissionState.DESCENDING 50.00    
2021-10-18 11:33:51,404:WARNING: Stopped
2021-10-18 11:33:51,961:INFO: State.STOP
2021-10-18 11:33:51,962:INFO: BT1             BT2             TT1             TT2             AT              X               Y               Z               BP1             BP2             TP1             TP2             HP              AP              PD   PC     HL EL BF SF   PF   BV     rpm             State      MissionState            Setpoint 
2021-10-18 11:33:51,963:INFO: Buffering (4/5) Buffering (4/5) Buffering (4/5) Buffering (4/5) Buffering (3/5) Buffering (2/5) Buffering (2/5) Buffering (2/5) Buffering (4/5) Buffering (4/5) Buffering (3/5) Buffering (3/5) Buffering (4/5) Buffering (3/5) 1.00 100.00 0  0  0  None None 115.92 Buffering (0/1) State.STOP MissionState.DESCENDING 50.00    
2021-10-18 11:33:51,964:WARNING: Stopped
2021-10-18 11:33:52,470:INFO: State.STOP
2021-10-18 11:33:52,473:INFO: BT1   BT2   TT1   TT2   AT              X               Y               Z               BP1   BP2   TP1             TP2             HP      AP              PD   PC     HL EL BF SF   PF   BV     rpm             State      MissionState            Setpoint 
2021-10-18 11:33:52,474:INFO: 25.59 25.13 25.45 25.57 Buffering (4/5) Buffering (3/5) Buffering (3/5) Buffering (3/5) 11.22 11.34 Buffering (4/5) Buffering (4/5) 1168.26 Buffering (4/5) 1.00 100.00 0  0  0  None None 115.93 Buffering (0/1) State.STOP MissionState.DESCENDING 50.00    
2021-10-18 11:33:52,475:WARNING: Stopped
2021-10-18 11:33:53,000:INFO: State.STOP
2021-10-18 11:33:53,004:INFO: BT1   BT2   TT1   TT2   AT    X               Y               Z               BP1   BP2   TP1   TP2   HP      AP      PD   PC     HL EL BF SF   PF   BV     rpm             State      MissionState            Setpoint 
2021-10-18 11:33:53,006:INFO: 25.58 25.13 25.45 25.58 25.26 Buffering (4/5) Buffering (4/5) Buffering (4/5) 11.22 11.34 10.29 10.44 1168.26 9854.32 1.00 100.00 0  0  0  None None 115.99 Buffering (0/1) State.STOP MissionState.DESCENDING 50.00    
2021-10-18 11:33:53,007:WARNING: Stopped
2021-10-18 11:33:53,512:INFO: State.STOP
2021-10-18 11:33:53,516:INFO: BT1   BT2   TT1   TT2   AT    X    Y     Z    BP1   BP2   TP1   TP2   HP      AP      PD   PC     HL EL BF SF   PF   BV     rpm             State      MissionState            Setpoint 
2021-10-18 11:33:53,517:INFO: 25.66 25.13 25.21 25.37 25.41 0.00 -0.00 0.00 11.22 11.34 10.29 10.45 1168.32 9851.14 1.00 100.00 0  0  0  None None 116.05 Buffering (0/1) State.STOP MissionState.DESCENDING 50.00    
2021-10-18 11:33:53,519:WARNING: Stopped
2021-10-18 11:33:54,050:INFO: State.STOP
2021-10-18 11:33:54,054:INFO: BT1   BT2   TT1   TT2   AT    X    Y     Z    BP1   BP2   TP1   TP2   HP      AP      PD   PC     HL EL BF SF   PF   BV     rpm             State      MissionState            Setpoint 
2021-10-18 11:33:54,056:INFO: 25.66 25.13 25.21 25.38 25.41 0.00 -0.00 0.00 11.22 11.34 10.29 10.44 1168.40 9850.52 1.00 100.00 0  0  0  None None 116.10 Buffering (0/1) State.STOP MissionState.DESCENDING 50.00    
2021-10-18 11:33:54,057:WARNING: Stopped
2021-10-18 11:33:54,553:INFO: State.STOP
2021-10-18 11:33:54,556:INFO: BT1   BT2   TT1   TT2   AT    X    Y     Z    BP1   BP2   TP1   TP2   HP      AP      PD   PC     HL EL BF SF   PF   BV     rpm             State      MissionState            Setpoint 
2021-10-18 11:33:54,557:INFO: 25.66 25.13 25.21 25.38 25.41 0.00 -0.00 0.00 11.22 11.34 10.29 10.44 1168.28 9849.96 1.00 100.00 0  0  0  None None 116.12 Buffering (0/1) State.STOP MissionState.DESCENDING 50.00    
2021-10-18 11:33:54,558:WARNING: Stopped
2021-10-18 11:33:55,084:INFO: State.STOP
2021-10-18 11:33:55,088:INFO: BT1   BT2   TT1   TT2   AT    X    Y     Z    BP1   BP2   TP1   TP2   HP      AP      PD   PC     HL EL BF SF   PF   BV     rpm             State      MissionState            Setpoint 
2021-10-18 11:33:55,089:INFO: 25.66 25.13 25.20 25.38 25.41 0.00 -0.00 0.00 11.22 11.34 10.28 10.44 1168.22 9849.44 1.00 100.00 0  0  0  None None 116.14 Buffering (0/1) State.STOP MissionState.DESCENDING 50.00    
2021-10-18 11:33:55,091:WARNING: Stopped
2021-10-18 11:33:55,596:INFO: State.STOP
2021-10-18 11:33:55,599:INFO: BT1   BT2   TT1   TT2   AT    X    Y     Z    BP1   BP2   TP1   TP2   HP      AP      PD   PC     HL EL BF SF   PF   BV     rpm             State      MissionState            Setpoint 
2021-10-18 11:33:55,600:INFO: 25.66 25.13 25.20 25.38 25.40 0.00 -0.01 0.00 11.22 11.34 10.28 10.44 1168.16 9848.80 1.00 100.00 0  0  0  None None 116.25 Buffering (0/1) State.STOP MissionState.DESCENDING 50.00    
2021-10-18 11:33:55,601:WARNING: Stopped
2021-10-18 11:33:56,130:INFO: State.STOP
2021-10-18 11:33:56,132:INFO: BT1   BT2   TT1   TT2   AT    X     Y     Z    BP1   BP2   TP1   TP2   HP      AP      PD   PC     HL EL BF SF   PF   BV     rpm             State      MissionState            Setpoint 
2021-10-18 11:33:56,134:INFO: 25.66 25.13 25.20 25.38 25.40 -0.00 -0.01 0.00 11.22 11.34 10.28 10.44 1168.20 9848.26 1.00 100.00 0  0  0  None None 116.24 Buffering (0/1) State.STOP MissionState.DESCENDING 50.00    
2021-10-18 11:33:56,135:WARNING: Stopped
2021-10-18 11:33:56,639:INFO: State.STOP
2021-10-18 11:33:56,642:INFO: BT1   BT2   TT1   TT2   AT    X     Y     Z    BP1   BP2   TP1   TP2   HP      AP      PD   PC     HL EL BF SF   PF   BV     rpm             State      MissionState            Setpoint 
2021-10-18 11:33:56,644:INFO: 25.66 25.13 25.20 25.38 25.40 -0.00 -0.01 0.00 11.22 11.34 10.29 10.44 1168.12 9847.70 1.00 100.00 0  0  0  None None 116.31 Buffering (0/1) State.STOP MissionState.DESCENDING 50.00    
2021-10-18 11:33:56,646:WARNING: Stopped
2021-10-18 11:33:57,166:INFO: State.STOP
2021-10-18 11:33:57,167:INFO: BT1   BT2   TT1   TT2   AT    X    Y     Z    BP1   BP2   TP1   TP2   HP      AP      PD   PC     HL EL BF SF   PF   BV     rpm             State      MissionState            Setpoint 
2021-10-18 11:33:57,169:INFO: 25.66 25.13 25.20 25.38 25.40 0.00 -0.01 0.00 11.22 11.34 10.28 10.44 1168.22 9847.22 1.00 100.00 0  0  0  None None 116.32 Buffering (0/1) State.STOP MissionState.DESCENDING 50.00    
2021-10-18 11:33:57,170:WARNING: Stopped
2021-10-18 11:33:57,684:INFO: State.STOP
2021-10-18 11:33:57,686:INFO: BT1   BT2   TT1   TT2   AT    X    Y     Z    BP1   BP2   TP1   TP2   HP      AP      PD   PC     HL EL BF SF   PF   BV     rpm             State      MissionState            Setpoint 
2021-10-18 11:33:57,688:INFO: 25.66 25.13 25.19 25.38 25.40 0.00 -0.01 0.00 11.22 11.34 10.29 10.44 1168.34 9846.58 1.00 100.00 0  0  0  None None 116.41 Buffering (0/1) State.STOP MissionState.DESCENDING 50.00    
2021-10-18 11:33:57,689:WARNING: Stopped
2021-10-18 11:33:58,214:INFO: State.STOP
2021-10-18 11:33:58,215:INFO: BT1   BT2   TT1   TT2   AT    X     Y     Z    BP1   BP2   TP1   TP2   HP      AP      PD   PC     HL EL BF SF   PF   BV     rpm             State      MissionState            Setpoint 
2021-10-18 11:33:58,217:INFO: 25.66 25.13 25.19 25.38 25.40 -0.00 -0.01 0.00 11.22 11.34 10.29 10.44 1168.44 9846.00 1.00 100.00 0  0  0  None None 116.49 Buffering (0/1) State.STOP MissionState.DESCENDING 50.00    
2021-10-18 11:33:58,218:WARNING: Stopped
2021-10-18 11:33:58,732:INFO: State.STOP
2021-10-18 11:33:58,735:INFO: BT1   BT2   TT1   TT2   AT    X     Y     Z    BP1   BP2   TP1   TP2   HP      AP      PD   PC     HL EL BF SF   PF   BV     rpm             State      MissionState            Setpoint 
2021-10-18 11:33:58,737:INFO: 25.66 25.13 25.19 25.38 25.40 -0.00 -0.01 0.00 11.22 11.34 10.29 10.44 1168.40 9845.40 1.00 100.00 0  0  0  None None 116.49 Buffering (0/1) State.STOP MissionState.DESCENDING 50.00    
2021-10-18 11:33:58,738:WARNING: Stopped
2021-10-18 11:33:59,261:WARNING: restarting
2021-10-18 11:33:59,270:INFO: State.INIT
2021-10-18 11:33:59,271:INFO: BT1             BT2             TT1             TT2             AT              X               Y               Z               BP1             BP2             TP1             TP2             HP              AP              PD PC HL   EL   BF   SF   PF   BV rpm             State      MissionState            Setpoint 
2021-10-18 11:33:59,272:INFO: Buffering (0/5) Buffering (0/5) Buffering (0/5) Buffering (0/5) Buffering (0/5) Buffering (0/5) Buffering (0/5) Buffering (0/5) Buffering (0/5) Buffering (0/5) Buffering (0/5) Buffering (0/5) Buffering (0/5) Buffering (0/5) 0  0  None None None None None 0  Buffering (0/1) State.INIT MissionState.DESCENDING 50.00    
2021-10-18 11:33:59,778:INFO: State.WAIT_FOR_SAFETY
2021-10-18 11:33:59,779:INFO: BT1             BT2             TT1             TT2             AT              X               Y               Z               BP1             BP2             TP1             TP2             HP              AP              PD   PC     HL EL BF SF   PF   BV     rpm             State                 MissionState            Setpoint 
2021-10-18 11:33:59,781:INFO: Buffering (1/5) Buffering (1/5) Buffering (1/5) Buffering (1/5) Buffering (1/5) Buffering (0/5) Buffering (0/5) Buffering (0/5) Buffering (1/5) Buffering (1/5) Buffering (1/5) Buffering (1/5) Buffering (1/5) Buffering (1/5) 1.00 100.00 0  0  0  None None 116.65 Buffering (0/1) State.WAIT_FOR_SAFETY MissionState.DESCENDING 50.00    
2021-10-18 11:33:59,783:WARNING: safety is disabled: skipping safety test
2021-10-18 11:33:59,784:INFO: waiting for safety to respond
2021-10-18 11:34:00,307:INFO: State.WAIT_FOR_SENSOR_BUFFER
2021-10-18 11:34:00,310:INFO: BT1             BT2             TT1             TT2             AT              X               Y               Z               BP1             BP2             TP1             TP2             HP              AP              PD   PC     HL EL BF SF   PF   BV     rpm             State                        MissionState            Setpoint 
2021-10-18 11:34:00,311:INFO: Buffering (2/5) Buffering (2/5) Buffering (2/5) Buffering (2/5) Buffering (2/5) Buffering (1/5) Buffering (1/5) Buffering (1/5) Buffering (2/5) Buffering (2/5) Buffering (2/5) Buffering (2/5) Buffering (2/5) Buffering (2/5) 1.00 100.00 0  0  0  None None 116.65 Buffering (0/1) State.WAIT_FOR_SENSOR_BUFFER MissionState.DESCENDING 50.00    
2021-10-18 11:34:00,312:WARNING: sensor BT1 is not ready
2021-10-18 11:34:00,821:INFO: State.WAIT_FOR_SENSOR_BUFFER
2021-10-18 11:34:00,826:INFO: BT1             BT2             TT1             TT2             AT              X               Y               Z               BP1             BP2             TP1             TP2             HP              AP              PD   PC     HL EL BF SF   PF   BV     rpm             State                        MissionState            Setpoint 
2021-10-18 11:34:00,828:INFO: Buffering (3/5) Buffering (3/5) Buffering (3/5) Buffering (3/5) Buffering (3/5) Buffering (1/5) Buffering (1/5) Buffering (1/5) Buffering (3/5) Buffering (3/5) Buffering (3/5) Buffering (3/5) Buffering (3/5) Buffering (3/5) 1.00 100.00 0  0  0  None None 116.70 Buffering (0/1) State.WAIT_FOR_SENSOR_BUFFER MissionState.DESCENDING 50.00    
2021-10-18 11:34:00,830:WARNING: sensor BT1 is not ready
2021-10-18 11:34:01,357:INFO: State.WAIT_FOR_SENSOR_BUFFER
2021-10-18 11:34:01,360:INFO: BT1             BT2             TT1             TT2             AT              X               Y               Z               BP1             BP2             TP1             TP2             HP              AP              PD   PC     HL EL BF SF   PF   BV     rpm             State                        MissionState            Setpoint 
2021-10-18 11:34:01,361:INFO: Buffering (4/5) Buffering (4/5) Buffering (4/5) Buffering (4/5) Buffering (4/5) Buffering (2/5) Buffering (2/5) Buffering (2/5) Buffering (4/5) Buffering (4/5) Buffering (4/5) Buffering (4/5) Buffering (4/5) Buffering (4/5) 1.00 100.00 0  0  0  None None 116.77 Buffering (0/1) State.WAIT_FOR_SENSOR_BUFFER MissionState.DESCENDING 50.00    
2021-10-18 11:34:01,362:WARNING: sensor BT1 is not ready
2021-10-18 11:34:01,869:INFO: State.WAIT_FOR_SENSOR_BUFFER
2021-10-18 11:34:01,872:INFO: BT1   BT2   TT1   TT2   AT    X               Y               Z               BP1   BP2   TP1   TP2   HP      AP      PD   PC     HL EL BF SF   PF   BV     rpm             State                        MissionState            Setpoint 
2021-10-18 11:34:01,875:INFO: 25.66 25.13 25.19 25.37 25.38 Buffering (2/5) Buffering (2/5) Buffering (2/5) 11.22 11.34 10.28 10.44 1168.44 9841.66 1.00 100.00 0  0  0  None None 116.74 Buffering (0/1) State.WAIT_FOR_SENSOR_BUFFER MissionState.DESCENDING 50.00    
2021-10-18 11:34:01,877:WARNING: sensor X is not ready
2021-10-18 11:34:02,397:INFO: State.WAIT_FOR_SENSOR_BUFFER
2021-10-18 11:34:02,400:INFO: BT1   BT2   TT1   TT2   AT    X               Y               Z               BP1   BP2   TP1   TP2   HP      AP      PD   PC     HL EL BF SF   PF   BV     rpm             State                        MissionState            Setpoint 
2021-10-18 11:34:02,402:INFO: 25.66 25.13 25.19 25.37 25.38 Buffering (3/5) Buffering (3/5) Buffering (3/5) 11.22 11.34 10.28 10.44 1168.54 9841.26 1.00 100.00 0  0  0  None None 116.80 Buffering (0/1) State.WAIT_FOR_SENSOR_BUFFER MissionState.DESCENDING 50.00    
2021-10-18 11:34:02,405:WARNING: sensor X is not ready
2021-10-18 11:34:02,907:INFO: State.WAIT_FOR_SENSOR_BUFFER
2021-10-18 11:34:02,909:INFO: BT1   BT2   TT1   TT2   AT    X               Y               Z               BP1   BP2   TP1   TP2   HP      AP      PD   PC     HL EL BF SF   PF   BV     rpm             State                        MissionState            Setpoint 
2021-10-18 11:34:02,911:INFO: 25.66 25.13 25.19 25.37 25.38 Buffering (3/5) Buffering (3/5) Buffering (3/5) 11.22 11.34 10.28 10.44 1168.42 9840.72 1.00 100.00 0  0  0  None None 116.87 Buffering (0/1) State.WAIT_FOR_SENSOR_BUFFER MissionState.DESCENDING 50.00    
2021-10-18 11:34:02,912:WARNING: sensor X is not ready
2021-10-18 11:34:03,428:INFO: State.WAIT_FOR_SENSOR_BUFFER
2021-10-18 11:34:03,429:INFO: BT1   BT2   TT1   TT2   AT    X               Y               Z               BP1   BP2   TP1   TP2   HP      AP      PD   PC     HL EL BF SF   PF   BV     rpm             State                        MissionState            Setpoint 
2021-10-18 11:34:03,430:INFO: 25.66 25.13 25.19 25.37 25.38 Buffering (4/5) Buffering (4/5) Buffering (4/5) 11.22 11.34 10.28 10.44 1168.52 9840.26 1.00 100.00 0  0  0  None None 116.89 Buffering (0/1) State.WAIT_FOR_SENSOR_BUFFER MissionState.DESCENDING 50.00    
2021-10-18 11:34:03,431:WARNING: sensor X is not ready
2021-10-18 11:34:03,938:INFO: State.WAIT_FOR_SENSOR_BUFFER
2021-10-18 11:34:03,940:INFO: BT1   BT2   TT1   TT2   AT    X               Y               Z               BP1   BP2   TP1   TP2   HP      AP      PD   PC     HL EL BF SF   PF   BV     rpm             State                        MissionState            Setpoint 
2021-10-18 11:34:03,942:INFO: 25.66 25.13 25.19 25.37 25.37 Buffering (4/5) Buffering (4/5) Buffering (4/5) 11.22 11.34 10.28 10.44 1168.52 9839.80 1.00 100.00 0  0  0  None None 116.96 Buffering (0/1) State.WAIT_FOR_SENSOR_BUFFER MissionState.DESCENDING 50.00    
2021-10-18 11:34:03,944:WARNING: sensor X is not ready
2021-10-18 11:34:04,461:INFO: State.WAIT_FOR_SENSOR_BUFFER
2021-10-18 11:34:04,462:INFO: BT1   BT2   TT1   TT2   AT    X     Y    Z    BP1   BP2   TP1   TP2   HP      AP      PD   PC     HL EL BF SF   PF   BV     rpm             State                        MissionState            Setpoint 
2021-10-18 11:34:04,464:INFO: 25.66 25.13 25.19 25.37 25.37 -0.01 0.00 0.00 11.22 11.34 10.28 10.44 1168.54 9839.20 1.00 100.00 0  0  0  None None 117.01 Buffering (0/1) State.WAIT_FOR_SENSOR_BUFFER MissionState.DESCENDING 50.00    
2021-10-18 11:34:04,977:INFO: State.WAIT_FOR_WATER
2021-10-18 11:34:04,979:INFO: BT1   BT2   TT1   TT2   AT    X     Y    Z    BP1   BP2   TP1   TP2   HP      AP      PD   PC     HL EL BF SF   PF   BV     rpm             State                MissionState            Setpoint 
2021-10-18 11:34:04,981:INFO: 25.66 25.13 25.19 25.37 25.37 -0.01 0.00 0.00 11.22 11.34 10.28 10.44 1168.54 9838.48 1.00 100.00 0  0  0  None None 117.11 Buffering (0/1) State.WAIT_FOR_WATER MissionState.DESCENDING 50.00    
2021-10-18 11:34:04,982:INFO: Waiting for water
2021-10-18 11:34:04,983:INFO: Waiting for water
2021-10-18 11:34:04,984:INFO: 0/10 secs
2021-10-18 11:34:05,509:INFO: State.WAIT_FOR_WATER
2021-10-18 11:34:05,511:INFO: BT1   BT2   TT1   TT2   AT    X     Y    Z    BP1   BP2   TP1   TP2   HP      AP      PD   PC     HL EL BF SF   PF   BV     rpm             State                MissionState            Setpoint 
2021-10-18 11:34:05,512:INFO: 25.66 25.13 25.19 25.37 25.37 -0.00 0.00 0.00 11.22 11.34 10.28 10.44 1168.56 9837.92 1.00 100.00 0  0  0  None None 117.10 Buffering (0/1) State.WAIT_FOR_WATER MissionState.DESCENDING 50.00    
2021-10-18 11:34:05,513:INFO: Waiting for water
2021-10-18 11:34:05,514:INFO: 1/10 secs
2021-10-18 11:34:06,019:INFO: State.WAIT_FOR_WATER
2021-10-18 11:34:06,021:INFO: BT1   BT2   TT1   TT2   AT    X     Y    Z    BP1   BP2   TP1   TP2   HP      AP      PD   PC     HL EL BF SF   PF   BV     rpm             State                MissionState            Setpoint 
2021-10-18 11:34:06,023:INFO: 25.66 25.13 25.19 25.37 25.37 -0.00 0.00 0.00 11.22 11.34 10.28 10.44 1168.52 9837.26 1.00 100.00 0  0  0  None None 117.16 Buffering (0/1) State.WAIT_FOR_WATER MissionState.DESCENDING 50.00    
2021-10-18 11:34:06,024:INFO: Waiting for water
2021-10-18 11:34:06,025:INFO: 1/10 secs
2021-10-18 11:34:06,541:INFO: State.WAIT_FOR_WATER
2021-10-18 11:34:06,543:INFO: BT1   BT2   TT1   TT2   AT    X     Y    Z    BP1   BP2   TP1   TP2   HP      AP      PD   PC     HL EL BF SF   PF   BV     rpm             State                MissionState            Setpoint 
2021-10-18 11:34:06,545:INFO: 25.66 25.13 25.19 25.37 25.37 -0.00 0.01 0.00 11.22 11.34 10.28 10.44 1168.58 9836.74 1.00 100.00 0  0  0  None None 117.17 Buffering (0/1) State.WAIT_FOR_WATER MissionState.DESCENDING 50.00    
2021-10-18 11:34:06,545:INFO: Waiting for water
2021-10-18 11:34:06,546:INFO: 2/10 secs
2021-10-18 11:34:07,052:INFO: State.WAIT_FOR_WATER
2021-10-18 11:34:07,054:INFO: BT1   BT2   TT1   TT2   AT    X     Y    Z    BP1   BP2   TP1   TP2   HP      AP      PD   PC     HL EL BF SF   PF   BV     rpm             State                MissionState            Setpoint 
2021-10-18 11:34:07,057:INFO: 25.66 25.13 25.18 25.37 25.36 -0.00 0.01 0.00 11.22 11.34 10.28 10.45 1168.48 9836.12 1.00 100.00 0  0  0  None None 117.24 Buffering (0/1) State.WAIT_FOR_WATER MissionState.DESCENDING 50.00    
2021-10-18 11:34:07,058:INFO: Waiting for water
2021-10-18 11:34:07,059:INFO: 2/10 secs
2021-10-18 11:34:07,576:INFO: State.WAIT_FOR_WATER
2021-10-18 11:34:07,578:INFO: BT1   BT2   TT1   TT2   AT    X    Y    Z    BP1   BP2   TP1   TP2   HP      AP      PD   PC     HL EL BF SF   PF   BV     rpm             State                MissionState            Setpoint 
2021-10-18 11:34:07,580:INFO: 25.66 25.13 25.18 25.37 25.36 0.00 0.01 0.00 11.22 11.34 10.28 10.45 1168.48 9835.70 1.00 100.00 0  0  0  None None 117.24 Buffering (0/1) State.WAIT_FOR_WATER MissionState.DESCENDING 50.00    
2021-10-18 11:34:07,581:INFO: Waiting for water
2021-10-18 11:34:07,581:INFO: 3/10 secs
2021-10-18 11:34:08,094:INFO: State.WAIT_FOR_WATER
2021-10-18 11:34:08,097:INFO: BT1   BT2   TT1   TT2   AT    X    Y    Z    BP1   BP2   TP1   TP2   HP      AP      PD   PC     HL EL BF SF   PF   BV     rpm             State                MissionState            Setpoint 
2021-10-18 11:34:08,098:INFO: 25.66 25.13 25.18 25.36 25.35 0.00 0.01 0.00 11.22 11.34 10.28 10.44 1168.60 9835.10 1.00 100.00 0  0  0  None None 117.32 Buffering (0/1) State.WAIT_FOR_WATER MissionState.DESCENDING 50.00    
2021-10-18 11:34:08,099:INFO: Waiting for water
2021-10-18 11:34:08,100:INFO: 3/10 secs
2021-10-18 11:34:08,624:INFO: State.WAIT_FOR_WATER
2021-10-18 11:34:08,625:INFO: BT1   BT2   TT1   TT2   AT    X     Y    Z    BP1   BP2   TP1   TP2   HP      AP      PD   PC     HL EL BF SF   PF   BV     rpm             State                MissionState            Setpoint 
2021-10-18 11:34:08,627:INFO: 25.66 25.13 25.18 25.36 25.35 -0.00 0.00 0.00 11.22 11.34 10.28 10.44 1168.60 9834.56 1.00 100.00 0  0  0  None None 117.38 Buffering (0/1) State.WAIT_FOR_WATER MissionState.DESCENDING 50.00    
2021-10-18 11:34:08,628:INFO: Waiting for water
2021-10-18 11:34:08,628:INFO: 4/10 secs
2021-10-18 11:34:09,135:INFO: State.WAIT_FOR_WATER
2021-10-18 11:34:09,137:INFO: BT1   BT2   TT1   TT2   AT    X    Y     Z    BP1   BP2   TP1   TP2   HP      AP      PD   PC     HL EL BF SF   PF   BV     rpm             State                MissionState            Setpoint 
2021-10-18 11:34:09,139:INFO: 25.66 25.13 25.18 25.35 25.35 0.00 -0.00 0.00 11.22 11.34 10.28 10.44 1168.60 9833.98 1.00 100.00 0  0  0  None None 117.41 Buffering (0/1) State.WAIT_FOR_WATER MissionState.DESCENDING 50.00    
2021-10-18 11:34:09,140:INFO: Waiting for water
2021-10-18 11:34:09,141:INFO: 4/10 secs
2021-10-18 11:34:09,662:INFO: State.WAIT_FOR_WATER
2021-10-18 11:34:09,664:INFO: BT1   BT2   TT1   TT2   AT    X    Y     Z    BP1   BP2   TP1   TP2   HP      AP      PD   PC     HL EL BF SF   PF   BV     rpm             State                MissionState            Setpoint 
2021-10-18 11:34:09,665:INFO: 25.66 25.13 25.18 25.35 25.35 0.00 -0.00 0.00 11.22 11.34 10.28 10.44 1168.62 9833.38 1.00 100.00 0  0  0  None None 117.49 Buffering (0/1) State.WAIT_FOR_WATER MissionState.DESCENDING 50.00    
2021-10-18 11:34:09,666:INFO: Waiting for water
2021-10-18 11:34:09,667:INFO: 5/10 secs
2021-10-18 11:34:10,168:INFO: State.WAIT_FOR_WATER
2021-10-18 11:34:10,172:INFO: BT1   BT2   TT1   TT2   AT    X     Y     Z    BP1   BP2   TP1   TP2   HP      AP      PD   PC     HL EL BF SF   PF   BV     rpm             State                MissionState            Setpoint 
2021-10-18 11:34:10,174:INFO: 25.66 25.13 25.18 25.34 25.35 -0.00 -0.00 0.00 11.22 11.34 10.28 10.44 1168.56 9832.72 1.00 100.00 0  0  0  None None 117.52 Buffering (0/1) State.WAIT_FOR_WATER MissionState.DESCENDING 50.00    
2021-10-18 11:34:10,176:INFO: Waiting for water
2021-10-18 11:34:10,177:INFO: 5/10 secs
2021-10-18 11:34:10,696:INFO: State.WAIT_FOR_WATER
2021-10-18 11:34:10,698:INFO: BT1   BT2   TT1   TT2   AT    X     Y     Z    BP1   BP2   TP1   TP2   HP      AP      PD   PC     HL EL BF SF   PF   BV     rpm             State                MissionState            Setpoint 
2021-10-18 11:34:10,699:INFO: 25.66 25.13 25.18 25.34 25.35 -0.00 -0.00 0.00 11.22 11.34 10.28 10.44 1168.38 9832.22 1.00 100.00 0  0  0  None None 117.55 Buffering (0/1) State.WAIT_FOR_WATER MissionState.DESCENDING 50.00    
2021-10-18 11:34:10,700:INFO: Waiting for water
2021-10-18 11:34:10,700:INFO: 6/10 secs
2021-10-18 11:34:11,198:INFO: State.WAIT_FOR_WATER
2021-10-18 11:34:11,202:INFO: BT1   BT2   TT1   TT2   AT    X     Y     Z    BP1   BP2   TP1   TP2   HP      AP      PD   PC     HL EL BF SF   PF   BV     rpm             State                MissionState            Setpoint 
2021-10-18 11:34:11,203:INFO: 25.66 25.14 25.18 25.34 25.34 -0.01 -0.01 0.00 11.22 11.34 10.28 10.44 1168.48 9831.74 1.00 100.00 0  0  0  None None 117.57 Buffering (0/1) State.WAIT_FOR_WATER MissionState.DESCENDING 50.00    
2021-10-18 11:34:11,204:INFO: Waiting for water
2021-10-18 11:34:11,205:INFO: 6/10 secs
2021-10-18 11:34:11,726:INFO: State.WAIT_FOR_WATER
2021-10-18 11:34:11,729:INFO: BT1   BT2   TT1   TT2   AT    X     Y     Z    BP1   BP2   TP1   TP2   HP      AP      PD   PC     HL EL BF SF   PF   BV     rpm             State                MissionState            Setpoint 
2021-10-18 11:34:11,731:INFO: 25.66 25.14 25.18 25.34 25.34 -0.01 -0.01 0.00 11.22 11.34 10.28 10.44 1168.48 9831.18 1.00 100.00 0  0  0  None None 117.64 Buffering (0/1) State.WAIT_FOR_WATER MissionState.DESCENDING 50.00    
2021-10-18 11:34:11,732:INFO: Waiting for water
2021-10-18 11:34:11,733:INFO: 7/10 secs
2021-10-18 11:34:12,287:INFO: State.WAIT_FOR_WATER
2021-10-18 11:34:12,289:INFO: BT1   BT2   TT1   TT2   AT    X     Y     Z    BP1   BP2   TP1   TP2   HP      AP      PD   PC     HL EL BF SF   PF   BV     rpm             State                MissionState            Setpoint 
2021-10-18 11:34:12,290:INFO: 25.66 25.13 25.17 25.34 25.34 -0.01 -0.01 0.00 11.22 11.34 10.28 10.44 1168.48 9830.70 1.00 100.00 0  0  0  None None 117.71 Buffering (0/1) State.WAIT_FOR_WATER MissionState.DESCENDING 50.00    
2021-10-18 11:34:12,291:INFO: Waiting for water
2021-10-18 11:34:12,292:INFO: 7/10 secs
2021-10-18 11:34:12,803:INFO: State.WAIT_FOR_WATER
2021-10-18 11:34:12,805:INFO: BT1   BT2   TT1   TT2   AT    X     Y     Z    BP1   BP2   TP1   TP2   HP      AP      PD   PC     HL EL BF SF   PF   BV     rpm             State                MissionState            Setpoint 
2021-10-18 11:34:12,807:INFO: 25.66 25.13 25.17 25.34 25.34 -0.01 -0.01 0.00 11.22 11.34 10.28 10.44 1168.44 9830.14 1.00 100.00 0  0  0  None None 117.78 Buffering (0/1) State.WAIT_FOR_WATER MissionState.DESCENDING 50.00    
2021-10-18 11:34:12,808:INFO: Waiting for water
2021-10-18 11:34:12,809:INFO: 8/10 secs
2021-10-18 11:34:13,331:INFO: State.WAIT_FOR_WATER
2021-10-18 11:34:13,333:INFO: BT1   BT2   TT1   TT2   AT    X     Y     Z    BP1   BP2   TP1   TP2   HP      AP      PD   PC     HL EL BF SF   PF   BV     rpm             State                MissionState            Setpoint 
2021-10-18 11:34:13,334:INFO: 25.66 25.14 25.17 25.34 25.34 -0.01 -0.01 0.00 11.22 11.34 10.28 10.44 1168.56 9829.60 1.00 100.00 0  0  0  None None 117.74 Buffering (0/1) State.WAIT_FOR_WATER MissionState.DESCENDING 50.00    
2021-10-18 11:34:13,335:INFO: Waiting for water
2021-10-18 11:34:13,335:INFO: 8/10 secs
2021-10-18 11:34:13,838:INFO: State.WAIT_FOR_WATER
2021-10-18 11:34:13,841:INFO: BT1   BT2   TT1   TT2   AT    X     Y     Z    BP1   BP2   TP1   TP2   HP      AP      PD   PC     HL EL BF SF   PF   BV     rpm             State                MissionState            Setpoint 
2021-10-18 11:34:13,842:INFO: 25.66 25.14 25.17 25.34 25.34 -0.01 -0.01 0.00 11.22 11.34 10.28 10.44 1168.42 9828.96 1.00 100.00 0  0  0  None None 117.84 Buffering (0/1) State.WAIT_FOR_WATER MissionState.DESCENDING 50.00    
2021-10-18 11:34:13,844:INFO: Waiting for water
2021-10-18 11:34:13,845:INFO: 9/10 secs
2021-10-18 11:34:14,370:INFO: State.WAIT_FOR_WATER
2021-10-18 11:34:14,371:INFO: BT1   BT2   TT1   TT2   AT    X     Y    Z    BP1   BP2   TP1   TP2   HP      AP      PD   PC     HL EL BF SF   PF   BV     rpm             State                MissionState            Setpoint 
2021-10-18 11:34:14,373:INFO: 25.66 25.14 25.17 25.33 25.34 -0.00 0.00 0.00 11.22 11.34 10.28 10.44 1168.38 9828.32 1.00 100.00 0  0  0  None None 117.91 Buffering (0/1) State.WAIT_FOR_WATER MissionState.DESCENDING 50.00    
2021-10-18 11:34:14,373:INFO: Waiting for water
2021-10-18 11:34:14,374:INFO: 9/10 secs
2021-10-18 11:34:14,875:INFO: State.WAIT_FOR_WATER
2021-10-18 11:34:14,876:INFO: BT1   BT2   TT1   TT2   AT    X     Y    Z    BP1   BP2   TP1   TP2   HP      AP      PD   PC     HL EL BF SF   PF   BV     rpm             State                MissionState            Setpoint 
2021-10-18 11:34:14,878:INFO: 25.66 25.14 25.17 25.33 25.34 -0.00 0.00 0.00 11.22 11.34 10.28 10.44 1168.40 9827.82 1.00 100.00 0  0  0  None None 117.91 Buffering (0/1) State.WAIT_FOR_WATER MissionState.DESCENDING 50.00    
2021-10-18 11:34:14,879:INFO: Waiting for water
2021-10-18 11:34:14,880:INFO: 10/10 secs
2021-10-18 11:34:15,404:INFO: State.WAIT_FOR_WATER
2021-10-18 11:34:15,405:INFO: BT1   BT2   TT1   TT2   AT    X     Y    Z    BP1   BP2   TP1   TP2   HP      AP      PD   PC     HL EL BF SF   PF   BV     rpm             State                MissionState            Setpoint 
2021-10-18 11:34:15,405:INFO: 25.66 25.14 25.17 25.33 25.34 -0.00 0.00 0.00 11.22 11.34 10.28 10.44 1168.46 9827.30 1.00 100.00 0  0  0  None None 117.96 Buffering (0/1) State.WAIT_FOR_WATER MissionState.DESCENDING 50.00    
2021-10-18 11:34:15,406:INFO: Done waiting for water
2021-10-18 11:34:15,919:INFO: State.EXEC_TASK
2021-10-18 11:34:15,921:INFO: BT1   BT2   TT1   TT2   AT    X     Y    Z    BP1   BP2   TP1   TP2   HP      AP      PD   PC     HL EL BF SF   PF   BV     rpm             State           MissionState            Setpoint 
2021-10-18 11:34:15,923:INFO: 25.66 25.14 25.17 25.33 25.34 -0.00 0.00 0.00 11.22 11.34 10.28 10.44 1168.44 9826.58 1.00 100.00 0  0  0  None None 118.04 Buffering (0/1) State.EXEC_TASK MissionState.DESCENDING 50.00    
2021-10-18 11:34:15,924:INFO: attemting to start a new dutycycle
2021-10-18 11:34:15,925:ERROR: error in HP sensor value: 1168.44 is out of bound!
2021-10-18 11:34:15,927:ERROR: error in AP sensor value: 9826.58 is out of bound!
2021-10-18 11:34:15,929:INFO: scalar = self.p*self.kp-self.d*self.kd
2021-10-18 11:34:15,930:INFO: 78.36 = 39.18*2-0*0
2021-10-18 11:34:15,932:INFO: sending PID - Voltage:78    direction:1    timeOn:2.0  timeOff:0.5
2021-10-18 11:34:15,939:WARNING: min_bladder_reached False
2021-10-18 11:34:16,116:INFO: State.EXEC_TASK
2021-10-18 11:34:16,118:INFO: BT1   BT2   TT1   TT2   AT    X     Y    Z    BP1   BP2   TP1   TP2   HP      AP      PD   PC     HL EL BF SF   PF   BV     rpm             State           MissionState            Setpoint 
2021-10-18 11:34:16,119:INFO: 25.66 25.14 25.17 25.33 25.33 -0.01 0.00 0.00 11.22 11.34 10.28 10.44 1168.44 9826.08 1.00 100.00 0  0  0  None None 118.04 Buffering (0/1) State.EXEC_TASK MissionState.DESCENDING 50.00    
2021-10-18 11:34:16,120:INFO: pump is running...
2021-10-18 11:34:16,863:INFO: pump turned on
2021-10-18 11:34:17,205:INFO: State.EXEC_TASK
2021-10-18 11:34:17,207:INFO: BV     rpm     
2021-10-18 11:34:17,208:INFO: 113.38 2600.00 
2021-10-18 11:34:17,208:INFO: pump is running...
2021-10-18 11:34:17,298:INFO: State.EXEC_TASK
2021-10-18 11:34:17,299:INFO: BV     rpm     
2021-10-18 11:34:17,300:INFO: 111.91 2962.00 
2021-10-18 11:34:17,301:INFO: pump is running...
2021-10-18 11:34:17,370:INFO: State.EXEC_TASK
2021-10-18 11:34:17,371:INFO: BV     rpm     
2021-10-18 11:34:17,372:INFO: 110.22 3262.00 
2021-10-18 11:34:17,373:INFO: pump is running...
2021-10-18 11:34:17,453:INFO: State.EXEC_TASK
2021-10-18 11:34:17,454:INFO: BV     rpm     
2021-10-18 11:34:17,455:INFO: 108.50 3508.00 
2021-10-18 11:34:17,455:INFO: pump is running...
2021-10-18 11:34:17,537:INFO: State.EXEC_TASK
2021-10-18 11:34:17,538:INFO: BV     rpm     
2021-10-18 11:34:17,539:INFO: 106.58 3687.00 
2021-10-18 11:34:17,540:INFO: pump is running...
2021-10-18 11:34:17,613:INFO: State.EXEC_TASK
2021-10-18 11:34:17,614:INFO: BV     rpm     
2021-10-18 11:34:17,615:INFO: 104.63 4125.00 
2021-10-18 11:34:17,615:INFO: pump is running...
2021-10-18 11:34:17,698:INFO: State.EXEC_TASK
2021-10-18 11:34:17,699:INFO: BV     rpm     
2021-10-18 11:34:17,699:INFO: 102.92 4310.00 
2021-10-18 11:34:17,700:INFO: pump is running...
2021-10-18 11:34:17,769:INFO: State.EXEC_TASK
2021-10-18 11:34:17,769:INFO: BV     rpm     
2021-10-18 11:34:17,770:INFO: 100.55 4578.00 
2021-10-18 11:34:17,771:INFO: pump is running...
2021-10-18 11:34:17,850:INFO: State.EXEC_TASK
2021-10-18 11:34:17,851:INFO: BV    rpm     
2021-10-18 11:34:17,852:INFO: 98.38 4612.00 
2021-10-18 11:34:17,853:INFO: pump is running...
2021-10-18 11:34:17,932:INFO: State.EXEC_TASK
2021-10-18 11:34:17,933:INFO: BV    rpm     
2021-10-18 11:34:17,934:INFO: 96.32 4585.00 
2021-10-18 11:34:17,935:INFO: pump is running...
2021-10-18 11:34:18,014:INFO: State.EXEC_TASK
2021-10-18 11:34:18,015:INFO: BV    rpm     
2021-10-18 11:34:18,017:INFO: 94.23 4450.00 
2021-10-18 11:34:18,017:INFO: pump is running...
2021-10-18 11:34:18,086:INFO: State.EXEC_TASK
2021-10-18 11:34:18,087:INFO: BV    rpm     
2021-10-18 11:34:18,088:INFO: 92.16 4604.00 
2021-10-18 11:34:18,089:INFO: pump is running...
2021-10-18 11:34:18,168:INFO: State.EXEC_TASK
2021-10-18 11:34:18,170:INFO: BV    rpm     
2021-10-18 11:34:18,171:INFO: 89.92 4572.00 
2021-10-18 11:34:18,172:INFO: pump is running...
2021-10-18 11:34:18,251:INFO: State.EXEC_TASK
2021-10-18 11:34:18,253:INFO: BV    rpm     
2021-10-18 11:34:18,254:INFO: 87.90 4686.00 
2021-10-18 11:34:18,255:INFO: pump is running...
2021-10-18 11:34:18,325:INFO: State.EXEC_TASK
2021-10-18 11:34:18,326:INFO: BV    rpm     
2021-10-18 11:34:18,327:INFO: 85.77 4664.00 
2021-10-18 11:34:18,328:INFO: pump is running...
2021-10-18 11:34:18,411:INFO: State.EXEC_TASK
2021-10-18 11:34:18,412:INFO: BV    rpm     
2021-10-18 11:34:18,413:INFO: 83.87 4508.00 
2021-10-18 11:34:18,414:INFO: pump is running...
2021-10-18 11:34:18,484:INFO: State.EXEC_TASK
2021-10-18 11:34:18,486:INFO: BV    rpm     
2021-10-18 11:34:18,487:INFO: 81.65 4399.00 
2021-10-18 11:34:18,487:INFO: pump is running...
2021-10-18 11:34:18,567:INFO: State.EXEC_TASK
2021-10-18 11:34:18,568:INFO: BV    rpm     
2021-10-18 11:34:18,568:INFO: 79.54 4716.00 
2021-10-18 11:34:18,569:INFO: pump is running...
2021-10-18 11:34:18,641:INFO: State.EXEC_TASK
2021-10-18 11:34:18,642:INFO: BV    rpm     
2021-10-18 11:34:18,643:INFO: 77.32 4681.00 
2021-10-18 11:34:18,644:INFO: pump is running...
2021-10-18 11:34:18,724:INFO: State.EXEC_TASK
2021-10-18 11:34:18,725:INFO: BV    rpm     
2021-10-18 11:34:18,725:INFO: 75.27 4466.00 
2021-10-18 11:34:18,726:INFO: pump is running...
2021-10-18 11:34:18,805:INFO: State.EXEC_TASK
2021-10-18 11:34:18,807:INFO: BV    rpm     
2021-10-18 11:34:18,808:INFO: 72.79 4526.00 
2021-10-18 11:34:18,809:INFO: pump is running...
2021-10-18 11:34:18,888:INFO: State.EXEC_TASK
2021-10-18 11:34:18,889:INFO: BV    rpm     
2021-10-18 11:34:18,890:INFO: 70.91 4468.00 
2021-10-18 11:34:18,891:INFO: pump is running...
2021-10-18 11:34:18,915:INFO: Pump turned off. Starting timeOff timer.
2021-10-18 11:34:19,513:INFO: State.EXEC_TASK
2021-10-18 11:34:19,517:INFO: BT1   BT2   TT1   TT2   AT    X     Y    Z    BP1   BP2   TP1   TP2   HP      AP       PD   PC     HL EL BF SF   PF BV    rpm     State           MissionState            Setpoint 
2021-10-18 11:34:19,519:INFO: 25.66 25.14 25.17 25.34 25.38 -0.01 0.00 0.00 11.22 11.34 10.28 10.45 1164.68 10341.38 1.00 100.00 0  0  0  None 0  70.58 4468.00 State.EXEC_TASK MissionState.DESCENDING 50.00    
2021-10-18 11:34:19,520:INFO: waiting for timeOff to finish 0.6 of 0.5
2021-10-18 11:34:19,520:INFO: timeOff is over
2021-10-18 11:34:20,053:INFO: State.EXEC_TASK
2021-10-18 11:34:20,055:INFO: BT1   BT2   TT1   TT2   AT    X     Y    Z    BP1   BP2   TP1   TP2   HP      AP       PD   PC     HL EL BF SF   PF BV    rpm     State           MissionState            Setpoint 
2021-10-18 11:34:20,056:INFO: 25.66 25.14 25.17 25.34 25.39 -0.01 0.01 0.00 11.22 11.34 10.28 10.45 1161.44 10356.74 1.00 100.00 0  0  0  None 0  71.14 4468.00 State.EXEC_TASK MissionState.DESCENDING 50.00    
2021-10-18 11:34:20,057:INFO: attemting to start a new dutycycle
2021-10-18 11:34:20,059:ERROR: error in HP sensor value: 1161.44 is out of bound!
2021-10-18 11:34:20,060:ERROR: error in AP sensor value: 10356.74 is out of bound!
2021-10-18 11:34:20,062:INFO: scalar = self.p*self.kp-self.d*self.kd
2021-10-18 11:34:20,063:INFO: 78.35499999999999 = 39.177499999999995*2-0.0006049192611035896*0
2021-10-18 11:34:20,065:INFO: sending PID - Voltage:78    direction:1    timeOn:2.0  timeOff:0.5
2021-10-18 11:34:20,069:WARNING: min_bladder_reached False
2021-10-18 11:34:20,273:INFO: State.EXEC_TASK
2021-10-18 11:34:20,275:INFO: BT1   BT2   TT1   TT2   AT    X     Y    Z    BP1   BP2   TP1   TP2   HP      AP       PD   PC     HL EL BF SF   PF BV    rpm     State           MissionState            Setpoint 
2021-10-18 11:34:20,277:INFO: 25.66 25.14 25.17 25.34 25.40 -0.00 0.00 0.00 11.22 11.34 10.28 10.45 1161.44 10366.50 1.00 100.00 0  0  0  None 0  71.41 4468.00 State.EXEC_TASK MissionState.DESCENDING 50.00    
2021-10-18 11:34:20,278:INFO: waiting for pump to start
2021-10-18 11:34:21,030:INFO: pump turned on
2021-10-18 11:34:21,375:INFO: State.EXEC_TASK
2021-10-18 11:34:21,377:INFO: BV    rpm     
2021-10-18 11:34:21,378:INFO: 68.29 2517.00 
2021-10-18 11:34:21,379:INFO: pump is running...
2021-10-18 11:34:21,453:INFO: State.EXEC_TASK
2021-10-18 11:34:21,455:INFO: BV    rpm     
2021-10-18 11:34:21,457:INFO: 66.76 2828.00 
2021-10-18 11:34:21,458:INFO: pump is running...
2021-10-18 11:34:21,538:INFO: State.EXEC_TASK
2021-10-18 11:34:21,540:INFO: BV    rpm     
2021-10-18 11:34:21,542:INFO: 65.43 3185.00 
2021-10-18 11:34:21,542:INFO: pump is running...
2021-10-18 11:34:21,612:INFO: State.EXEC_TASK
2021-10-18 11:34:21,613:INFO: BV    rpm     
2021-10-18 11:34:21,615:INFO: 63.63 3436.00 
2021-10-18 11:34:21,615:INFO: pump is running...
2021-10-18 11:34:21,695:INFO: State.EXEC_TASK
2021-10-18 11:34:21,697:INFO: BV    rpm     
2021-10-18 11:34:21,698:INFO: 62.08 3718.00 
2021-10-18 11:34:21,699:INFO: pump is running...
2021-10-18 11:34:21,768:INFO: State.EXEC_TASK
2021-10-18 11:34:21,769:INFO: BV    rpm     
2021-10-18 11:34:21,771:INFO: 60.42 4116.00 
2021-10-18 11:34:21,771:INFO: pump is running...
2021-10-18 11:34:21,851:INFO: State.EXEC_TASK
2021-10-18 11:34:21,852:INFO: BV    rpm     
2021-10-18 11:34:21,853:INFO: 58.48 4293.00 
2021-10-18 11:34:21,854:INFO: pump is running...
2021-10-18 11:34:21,934:INFO: State.EXEC_TASK
2021-10-18 11:34:21,936:INFO: BV    rpm     
2021-10-18 11:34:21,937:INFO: 56.49 4411.00 
2021-10-18 11:34:21,938:INFO: pump is running...
2021-10-18 11:34:22,018:INFO: State.EXEC_TASK
2021-10-18 11:34:22,019:INFO: BV    rpm     
2021-10-18 11:34:22,021:INFO: 54.60 4468.00 
2021-10-18 11:34:22,022:INFO: pump is running...
2021-10-18 11:34:22,091:INFO: State.EXEC_TASK
2021-10-18 11:34:22,093:INFO: BV    rpm     
2021-10-18 11:34:22,094:INFO: 52.41 4574.00 
2021-10-18 11:34:22,095:INFO: pump is running...
2021-10-18 11:34:22,176:INFO: State.EXEC_TASK
2021-10-18 11:34:22,178:INFO: BV    rpm     
2021-10-18 11:34:22,179:INFO: 50.45 4730.00 
2021-10-18 11:34:22,181:INFO: pump is running...
2021-10-18 11:34:22,253:INFO: State.EXEC_TASK
2021-10-18 11:34:22,256:INFO: BV    rpm     
2021-10-18 11:34:22,257:INFO: 48.50 4474.00 
2021-10-18 11:34:22,259:INFO: pump is running...
2021-10-18 11:34:22,329:INFO: State.EXEC_TASK
2021-10-18 11:34:22,331:INFO: BV    rpm     
2021-10-18 11:34:22,332:INFO: 46.41 4450.00 
2021-10-18 11:34:22,333:INFO: pump is running...
2021-10-18 11:34:22,413:INFO: State.EXEC_TASK
2021-10-18 11:34:22,415:INFO: BV    rpm     
2021-10-18 11:34:22,416:INFO: 44.43 4694.00 
2021-10-18 11:34:22,417:INFO: pump is running...
2021-10-18 11:34:22,487:INFO: State.EXEC_TASK
2021-10-18 11:34:22,488:INFO: BV    rpm     
2021-10-18 11:34:22,490:INFO: 42.51 4535.00 
2021-10-18 11:34:22,491:INFO: pump is running...
2021-10-18 11:34:22,570:INFO: State.EXEC_TASK
2021-10-18 11:34:22,572:INFO: BV    rpm     
2021-10-18 11:34:22,573:INFO: 40.37 4655.00 
2021-10-18 11:34:22,575:INFO: pump is running...
2021-10-18 11:34:22,645:INFO: State.EXEC_TASK
2021-10-18 11:34:22,646:INFO: BV    rpm     
2021-10-18 11:34:22,648:INFO: 38.52 4708.00 
2021-10-18 11:34:22,649:INFO: pump is running...
2021-10-18 11:34:22,673:INFO: Pump turned off. Starting timeOff timer.
2021-10-18 11:34:23,271:INFO: State.EXEC_TASK
2021-10-18 11:34:23,274:INFO: BT1   BT2   TT1   TT2   AT    X     Y    Z    BP1   BP2   TP1   TP2   HP      AP       PD   PC     HL EL BF SF   PF BV    rpm     State           MissionState            Setpoint 
2021-10-18 11:34:23,276:INFO: 25.66 25.14 25.16 25.34 25.58 -0.00 0.00 0.00 11.24 11.36 10.30 10.46 1151.12 10757.78 1.00 100.00 0  0  1  None 0  38.59 4708.00 State.EXEC_TASK MissionState.DESCENDING 50.00    
2021-10-18 11:34:23,277:INFO: waiting for timeOff to finish 0.6 of 0.5
2021-10-18 11:34:23,279:INFO: timeOff is over
2021-10-18 11:34:23,813:INFO: State.EXEC_TASK
2021-10-18 11:34:23,815:INFO: BT1   BT2   TT1   TT2   AT    X     Y     Z    BP1   BP2   TP1   TP2   HP      AP       PD   PC     HL EL BF SF   PF BV    rpm     State           MissionState            Setpoint 
2021-10-18 11:34:23,816:INFO: 25.66 25.14 25.15 25.35 25.60 -0.00 -0.00 0.00 11.26 11.37 10.32 10.48 1141.90 10770.90 1.00 100.00 0  0  1  None 0  39.76 4708.00 State.EXEC_TASK MissionState.DESCENDING 50.00    
2021-10-18 11:34:23,817:INFO: attemting to start a new dutycycle
2021-10-18 11:34:23,819:ERROR: error in HP sensor value: 1141.9 is out of bound!
2021-10-18 11:34:23,820:ERROR: error in AP sensor value: 10770.9 is out of bound!
2021-10-18 11:34:23,823:INFO: scalar = self.p*self.kp-self.d*self.kd
2021-10-18 11:34:23,824:INFO: 78.285 = 39.1425*2-0.009307096059209211*0
2021-10-18 11:34:23,825:INFO: Bladder is at min volume
2021-10-18 11:34:23,827:WARNING: min_bladder_reached True
2021-10-18 11:34:23,828:INFO: setting state to MissionState.EN_ROUTE
2021-10-18 11:34:24,387:INFO: State.EXEC_TASK
2021-10-18 11:34:24,389:INFO: BT1   BT2   TT1   TT2   AT    X     Y    Z    BP1   BP2   TP1   TP2   HP      AP       PD   PC     HL EL BF SF   PF BV    rpm     State           MissionState          Setpoint 
2021-10-18 11:34:24,391:INFO: 25.66 25.14 25.15 25.35 25.64 -0.00 0.00 0.00 11.28 11.40 10.34 10.51 1133.64 10776.28 1.00 100.00 0  0  1  None 0  40.89 4708.00 State.EXEC_TASK MissionState.EN_ROUTE 50.00    
2021-10-18 11:34:24,392:INFO: attemting to start a new dutycycle
2021-10-18 11:34:24,394:ERROR: error in HP sensor value: 1133.64 is out of bound!
2021-10-18 11:34:24,396:ERROR: error in AP sensor value: 10776.28 is out of bound!
2021-10-18 11:34:24,399:INFO: scalar = self.p*self.kp-self.d*self.kd
2021-10-18 11:34:24,400:INFO: -95.2275647439012 = 39.1175*2-0.0433656411859753*4000
2021-10-18 11:34:24,403:INFO: sending PID - Voltage:95    direction:2    timeOn:2.0  timeOff:0.5
2021-10-18 11:34:24,583:INFO: State.EXEC_TASK
2021-10-18 11:34:24,585:INFO: BT1   BT2   TT1   TT2   AT    X    Y    Z    BP1   BP2   TP1   TP2   HP      AP       PD   PC     HL EL BF SF   PF BV    rpm     State           MissionState          Setpoint 
2021-10-18 11:34:24,586:INFO: 25.66 25.14 25.15 25.35 25.67 0.00 0.00 0.00 11.28 11.40 10.34 10.51 1133.64 10775.24 1.00 100.00 0  0  0  None 0  41.24 4708.00 State.EXEC_TASK MissionState.EN_ROUTE 50.00    
2021-10-18 11:34:24,587:INFO: waiting for pump to start
2021-10-18 11:34:25,298:INFO: pump turned on
2021-10-18 11:34:25,637:INFO: State.EXEC_TASK
2021-10-18 11:34:25,641:INFO: BV    rpm     
2021-10-18 11:34:25,642:INFO: 58.31 4355.00 
2021-10-18 11:34:25,643:INFO: pump is running...
2021-10-18 11:34:25,717:INFO: State.EXEC_TASK
2021-10-18 11:34:25,720:INFO: BV    rpm     
2021-10-18 11:34:25,720:INFO: 60.67 4599.00 
2021-10-18 11:34:25,721:INFO: pump is running...
2021-10-18 11:34:25,803:INFO: State.EXEC_TASK
2021-10-18 11:34:25,805:INFO: BV    rpm     
2021-10-18 11:34:25,807:INFO: 63.04 4930.00 
2021-10-18 11:34:25,810:INFO: pump is running...
2021-10-18 11:34:25,880:INFO: State.EXEC_TASK
2021-10-18 11:34:25,882:INFO: BV    rpm     
2021-10-18 11:34:25,884:INFO: 65.70 5181.00 
2021-10-18 11:34:25,885:INFO: pump is running...
2021-10-18 11:34:25,954:INFO: State.EXEC_TASK
2021-10-18 11:34:25,956:INFO: BV    rpm     
2021-10-18 11:34:25,958:INFO: 68.43 5279.00 
2021-10-18 11:34:25,959:INFO: pump is running...
2021-10-18 11:34:26,036:INFO: State.EXEC_TASK
2021-10-18 11:34:26,038:INFO: BV    rpm     
2021-10-18 11:34:26,039:INFO: 71.10 5627.00 
2021-10-18 11:34:26,040:INFO: pump is running...
2021-10-18 11:34:26,109:INFO: State.EXEC_TASK
2021-10-18 11:34:26,111:INFO: BV    rpm     
2021-10-18 11:34:26,112:INFO: 73.79 5491.00 
2021-10-18 11:34:26,113:INFO: pump is running...
2021-10-18 11:34:26,193:INFO: State.EXEC_TASK
2021-10-18 11:34:26,195:INFO: BV    rpm     
2021-10-18 11:34:26,196:INFO: 76.48 5288.00 
2021-10-18 11:34:26,197:INFO: pump is running...
2021-10-18 11:34:26,267:INFO: State.EXEC_TASK
2021-10-18 11:34:26,268:INFO: BV    rpm     
2021-10-18 11:34:26,270:INFO: 79.16 5458.00 
2021-10-18 11:34:26,271:INFO: pump is running...
2021-10-18 11:34:26,350:INFO: State.EXEC_TASK
2021-10-18 11:34:26,352:INFO: BV    rpm     
2021-10-18 11:34:26,353:INFO: 81.94 5321.00 
2021-10-18 11:34:26,354:INFO: pump is running...
2021-10-18 11:34:26,435:INFO: State.EXEC_TASK
2021-10-18 11:34:26,437:INFO: BV    rpm     
2021-10-18 11:34:26,438:INFO: 84.62 5393.00 
2021-10-18 11:34:26,439:INFO: pump is running...
2021-10-18 11:34:26,511:INFO: State.EXEC_TASK
2021-10-18 11:34:26,513:INFO: BV    rpm     
2021-10-18 11:34:26,514:INFO: 87.35 5339.00 
2021-10-18 11:34:26,515:INFO: pump is running...
2021-10-18 11:34:26,585:INFO: State.EXEC_TASK
2021-10-18 11:34:26,586:INFO: BV    rpm     
2021-10-18 11:34:26,588:INFO: 89.99 5356.00 
2021-10-18 11:34:26,589:INFO: pump is running...
2021-10-18 11:34:26,668:INFO: State.EXEC_TASK
2021-10-18 11:34:26,670:INFO: BV    rpm     
2021-10-18 11:34:26,671:INFO: 92.51 5461.00 
2021-10-18 11:34:26,672:INFO: pump is running...
2021-10-18 11:34:26,742:INFO: State.EXEC_TASK
2021-10-18 11:34:26,743:INFO: BV    rpm     
2021-10-18 11:34:26,745:INFO: 95.32 5339.00 
2021-10-18 11:34:26,746:INFO: pump is running...
2021-10-18 11:34:26,825:INFO: State.EXEC_TASK
2021-10-18 11:34:26,827:INFO: BV    rpm     
2021-10-18 11:34:26,828:INFO: 97.81 5491.00 
2021-10-18 11:34:26,829:INFO: pump is running...
2021-10-18 11:34:26,898:INFO: State.EXEC_TASK
2021-10-18 11:34:26,900:INFO: BV     rpm     
2021-10-18 11:34:26,901:INFO: 100.39 5367.00 
2021-10-18 11:34:26,902:INFO: pump is running...
2021-10-18 11:34:26,982:INFO: State.EXEC_TASK
2021-10-18 11:34:26,983:INFO: BV     rpm     
2021-10-18 11:34:26,984:INFO: 103.22 5458.00 
2021-10-18 11:34:26,985:INFO: pump is running...
2021-10-18 11:34:27,065:INFO: State.EXEC_TASK
2021-10-18 11:34:27,066:INFO: BV     rpm     
2021-10-18 11:34:27,068:INFO: 105.79 5341.00 
2021-10-18 11:34:27,068:INFO: pump is running...
2021-10-18 11:34:27,138:INFO: State.EXEC_TASK
2021-10-18 11:34:27,139:INFO: BV     rpm     
2021-10-18 11:34:27,140:INFO: 108.54 5417.00 
2021-10-18 11:34:27,142:INFO: pump is running...
2021-10-18 11:34:27,221:INFO: State.EXEC_TASK
2021-10-18 11:34:27,223:INFO: BV     rpm     
2021-10-18 11:34:27,225:INFO: 111.04 5316.00 
2021-10-18 11:34:27,226:INFO: pump is running...
2021-10-18 11:34:27,297:INFO: State.EXEC_TASK
2021-10-18 11:34:27,299:INFO: BV     rpm     
2021-10-18 11:34:27,300:INFO: 113.59 5307.00 
2021-10-18 11:34:27,302:INFO: pump is running...
2021-10-18 11:34:27,381:INFO: State.EXEC_TASK
2021-10-18 11:34:27,383:INFO: BV     rpm     
2021-10-18 11:34:27,385:INFO: 116.37 5621.00 
2021-10-18 11:34:27,385:INFO: pump is running...
2021-10-18 11:34:27,410:INFO: Pump turned off. Starting timeOff timer.
2021-10-18 11:34:27,576:ERROR: SENSOR ERROR: [BT1] Overflow value: [ovf]
2021-10-18 11:34:27,994:INFO: State.EXEC_TASK
2021-10-18 11:34:27,997:INFO: BT1   BT2   TT1   TT2   AT    X    Y    Z    BP1   BP2   TP1   TP2   HP      AP      PD   PC     HL EL BF SF   PF BV     rpm     State           MissionState          Setpoint 
2021-10-18 11:34:27,998:INFO: 25.66 25.13 25.14 25.33 25.86 0.00 0.00 0.00 11.33 11.44 10.39 10.56 1142.74 9892.40 1.00 100.00 0  0  0  None 0  118.15 5621.00 State.EXEC_TASK MissionState.EN_ROUTE 50.00    
2021-10-18 11:34:27,999:INFO: waiting for timeOff to finish 0.59 of 0.5
2021-10-18 11:34:27,999:INFO: timeOff is over
2021-10-18 11:34:28,535:INFO: State.EXEC_TASK
2021-10-18 11:34:28,536:INFO: BT1   BT2   TT1   TT2   AT    X    Y     Z    BP1   BP2   TP1   TP2   HP      AP      PD   PC     HL EL BF SF   PF BV     rpm     State           MissionState          Setpoint 
2021-10-18 11:34:28,538:INFO: 25.66 25.13 25.13 25.31 25.85 0.01 -0.00 0.00 11.38 11.49 10.44 10.60 1151.56 9871.72 1.00 100.00 0  0  0  None 0  117.74 5621.00 State.EXEC_TASK MissionState.EN_ROUTE 50.00    
2021-10-18 11:34:28,538:INFO: attemting to start a new dutycycle
2021-10-18 11:34:28,539:ERROR: error in HP sensor value: 1151.56 is out of bound!
2021-10-18 11:34:28,540:ERROR: error in AP sensor value: 9871.72 is out of bound!
2021-10-18 11:34:28,542:INFO: scalar = self.p*self.kp-self.d*self.kd
2021-10-18 11:34:28,543:INFO: -13.668799707577776 = 39.0225*2-0.022928449926894443*4000
2021-10-18 11:34:28,545:INFO: sending PID - Voltage:0    direction:2    timeOn:2.0  timeOff:0.5
2021-10-18 11:34:29,103:INFO: State.EXEC_TASK
2021-10-18 11:34:29,105:INFO: BT1   BT2   TT1   TT2   AT    X    Y     Z    BP1   BP2   TP1   TP2   HP      AP      PD   PC     HL EL BF SF   PF BV     rpm     State           MissionState          Setpoint 
2021-10-18 11:34:29,107:INFO: 25.66 25.13 25.12 25.29 25.84 0.01 -0.01 0.00 11.42 11.53 10.47 10.64 1167.60 9857.40 1.00 100.00 0  0  0  None 0  117.37 5621.00 State.EXEC_TASK MissionState.EN_ROUTE 50.00    
2021-10-18 11:34:29,108:INFO: attemting to start a new dutycycle
2021-10-18 11:34:29,109:ERROR: error in HP sensor value: 1167.6 is out of bound!
2021-10-18 11:34:29,111:ERROR: error in AP sensor value: 9857.4 is out of bound!
2021-10-18 11:34:29,113:INFO: scalar = self.p*self.kp-self.d*self.kd
2021-10-18 11:34:29,114:INFO: -184.9360990546446 = 38.985*2-0.06572652476366114*4000
2021-10-18 11:34:29,115:INFO: sending PID - Voltage:100    direction:2    timeOn:2.0  timeOff:0.5
2021-10-18 11:34:29,319:INFO: State.EXEC_TASK
2021-10-18 11:34:29,321:INFO: BT1   BT2   TT1   TT2   AT    X    Y     Z    BP1   BP2   TP1   TP2   HP      AP      PD   PC     HL EL BF SF   PF BV     rpm     State           MissionState          Setpoint 
2021-10-18 11:34:29,322:INFO: 25.66 25.13 25.12 25.29 25.83 0.00 -0.01 0.00 11.42 11.53 10.47 10.64 1167.60 9849.04 1.00 100.00 0  0  0  None 0  117.23 5621.00 State.EXEC_TASK MissionState.EN_ROUTE 50.00    
2021-10-18 11:34:29,323:INFO: waiting for pump to start
2021-10-18 11:34:30,072:INFO: pump turned on
2021-10-18 11:34:30,412:INFO: State.EXEC_TASK
2021-10-18 11:34:30,413:INFO: BV     rpm     
2021-10-18 11:34:30,414:INFO: 132.21 4301.00 
2021-10-18 11:34:30,416:INFO: pump is running...
2021-10-18 11:34:30,488:INFO: State.EXEC_TASK
2021-10-18 11:34:30,489:INFO: BV     rpm     
2021-10-18 11:34:30,490:INFO: 134.44 4616.00 
2021-10-18 11:34:30,491:INFO: pump is running...
2021-10-18 11:34:30,570:INFO: State.EXEC_TASK
2021-10-18 11:34:30,571:INFO: BV     rpm     
2021-10-18 11:34:30,572:INFO: 136.81 4826.00 
2021-10-18 11:34:30,573:INFO: pump is running...
2021-10-18 11:34:30,642:INFO: State.EXEC_TASK
2021-10-18 11:34:30,643:INFO: BV     rpm     
2021-10-18 11:34:30,644:INFO: 139.13 5091.00 
2021-10-18 11:34:30,645:INFO: pump is running...
2021-10-18 11:34:30,724:INFO: State.EXEC_TASK
2021-10-18 11:34:30,725:INFO: BV     rpm     
2021-10-18 11:34:30,726:INFO: 141.81 5361.00 
2021-10-18 11:34:30,727:INFO: pump is running...
2021-10-18 11:34:30,807:INFO: State.EXEC_TASK
2021-10-18 11:34:30,808:INFO: BV     rpm     
2021-10-18 11:34:30,809:INFO: 144.43 5659.00 
2021-10-18 11:34:30,810:INFO: pump is running...
2021-10-18 11:34:30,880:INFO: State.EXEC_TASK
2021-10-18 11:34:30,881:INFO: BV     rpm     
2021-10-18 11:34:30,883:INFO: 147.07 5524.00 
2021-10-18 11:34:30,883:INFO: pump is running...
2021-10-18 11:34:30,963:INFO: State.EXEC_TASK
2021-10-18 11:34:30,964:INFO: BV     rpm     
2021-10-18 11:34:30,965:INFO: 149.77 5903.00 
2021-10-18 11:34:30,966:INFO: pump is running...
2021-10-18 11:34:31,035:INFO: State.EXEC_TASK
2021-10-18 11:34:31,040:INFO: BV     rpm     
2021-10-18 11:34:31,040:INFO: 152.52 5577.00 
2021-10-18 11:34:31,041:INFO: pump is running...
2021-10-18 11:34:31,120:INFO: State.EXEC_TASK
2021-10-18 11:34:31,121:INFO: BV     rpm     
2021-10-18 11:34:31,121:INFO: 155.24 5624.00 
2021-10-18 11:34:31,122:INFO: pump is running...
2021-10-18 11:34:31,193:INFO: State.EXEC_TASK
2021-10-18 11:34:31,195:INFO: BV     rpm     
2021-10-18 11:34:31,197:INFO: 157.79 5743.00 
2021-10-18 11:34:31,198:INFO: pump is running...
2021-10-18 11:34:31,280:INFO: State.EXEC_TASK
2021-10-18 11:34:31,281:INFO: BV     rpm     
2021-10-18 11:34:31,282:INFO: 160.51 5621.00 
2021-10-18 11:34:31,283:INFO: pump is running...
2021-10-18 11:34:31,352:INFO: State.EXEC_TASK
2021-10-18 11:34:31,353:INFO: BV     rpm     
2021-10-18 11:34:31,354:INFO: 163.14 5810.00 
2021-10-18 11:34:31,355:INFO: pump is running...
2021-10-18 11:34:31,435:INFO: State.EXEC_TASK
2021-10-18 11:34:31,436:INFO: BV     rpm     
2021-10-18 11:34:31,437:INFO: 166.03 5621.00 
2021-10-18 11:34:31,438:INFO: pump is running...
2021-10-18 11:34:31,507:INFO: State.EXEC_TASK
2021-10-18 11:34:31,508:INFO: BV     rpm     
2021-10-18 11:34:31,509:INFO: 168.49 5844.00 
2021-10-18 11:34:31,510:INFO: pump is running...
2021-10-18 11:34:31,589:INFO: State.EXEC_TASK
2021-10-18 11:34:31,590:INFO: BV     rpm     
2021-10-18 11:34:31,591:INFO: 171.30 5561.00 
2021-10-18 11:34:31,592:INFO: pump is running...
2021-10-18 11:34:31,661:INFO: State.EXEC_TASK
2021-10-18 11:34:31,663:INFO: BV     rpm     
2021-10-18 11:34:31,663:INFO: 173.58 5807.00 
2021-10-18 11:34:31,664:INFO: pump is running...
2021-10-18 11:34:31,744:INFO: State.EXEC_TASK
2021-10-18 11:34:31,745:INFO: BV     rpm     
2021-10-18 11:34:31,746:INFO: 176.53 5561.00 
2021-10-18 11:34:31,747:INFO: pump is running...
2021-10-18 11:34:31,820:INFO: State.EXEC_TASK
2021-10-18 11:34:31,821:INFO: BV     rpm     
2021-10-18 11:34:31,822:INFO: 179.03 5892.00 
2021-10-18 11:34:31,823:INFO: pump is running...
2021-10-18 11:34:31,902:INFO: State.EXEC_TASK
2021-10-18 11:34:31,903:INFO: BV     rpm     
2021-10-18 11:34:31,904:INFO: 181.57 5549.00 
2021-10-18 11:34:31,905:INFO: pump is running...
2021-10-18 11:34:31,984:INFO: State.EXEC_TASK
2021-10-18 11:34:31,985:INFO: BV     rpm     
2021-10-18 11:34:31,986:INFO: 184.31 5605.00 
2021-10-18 11:34:31,988:INFO: pump is running...
2021-10-18 11:34:32,057:INFO: State.EXEC_TASK
2021-10-18 11:34:32,058:INFO: BV     rpm     
2021-10-18 11:34:32,059:INFO: 186.97 5810.00 
2021-10-18 11:34:32,060:INFO: pump is running...
2021-10-18 11:34:32,139:INFO: State.EXEC_TASK
2021-10-18 11:34:32,140:INFO: BV     rpm     
2021-10-18 11:34:32,141:INFO: 189.47 5574.00 
2021-10-18 11:34:32,142:INFO: pump is running...
2021-10-18 11:34:32,165:INFO: Pump turned off. Starting timeOff timer.
2021-10-18 11:34:32,757:INFO: State.EXEC_TASK
2021-10-18 11:34:32,759:INFO: BT1   BT2   TT1   TT2   AT    X    Y     Z    BP1   BP2   TP1   TP2   HP      AP      PD   PC     HL EL BF SF   PF BV     rpm     State           MissionState          Setpoint 
2021-10-18 11:34:32,761:INFO: 25.66 25.13 25.11 25.25 25.64 0.00 -0.01 0.00 11.45 11.56 10.50 10.67 1183.04 9137.90 1.00 100.00 0  0  0  None 0  190.73 5574.00 State.EXEC_TASK MissionState.EN_ROUTE 50.00    
2021-10-18 11:34:32,762:INFO: waiting for timeOff to finish 0.6 of 0.5
2021-10-18 11:34:32,763:INFO: timeOff is over
2021-10-18 11:34:33,307:INFO: State.EXEC_TASK
2021-10-18 11:34:33,308:INFO: BT1   BT2   TT1   TT2   AT    X    Y     Z    BP1   BP2   TP1   TP2   HP      AP      PD   PC     HL EL BF SF   PF BV     rpm     State           MissionState          Setpoint 
2021-10-18 11:34:33,310:INFO: 25.66 25.13 25.10 25.22 25.61 0.00 -0.00 0.00 11.47 11.58 10.52 10.68 1196.92 9122.50 1.00 100.00 0  0  0  None 0  189.17 5574.00 State.EXEC_TASK MissionState.EN_ROUTE 50.00    
2021-10-18 11:34:33,310:INFO: attemting to start a new dutycycle
2021-10-18 11:34:33,311:ERROR: error in HP sensor value: 1196.92 is out of bound!
2021-10-18 11:34:33,312:ERROR: error in AP sensor value: 9122.5 is out of bound!
2021-10-18 11:34:33,314:INFO: scalar = self.p*self.kp-self.d*self.kd
2021-10-18 11:34:33,314:INFO: 32.64471321720017 = 38.9375*2-0.011307571695699957*4000
2021-10-18 11:34:33,316:INFO: sending PID - Voltage:0    direction:1    timeOn:2.0  timeOff:0.5
2021-10-18 11:34:33,878:WARNING: stopping
2021-10-18 11:34:33,880:INFO: State.STOP
2021-10-18 11:34:33,883:INFO: BT1   BT2   TT1   TT2   AT    X    Y     Z    BP1   BP2   TP1   TP2   HP      AP      PD   PC     HL EL BF SF   PF BV     rpm     State      MissionState          Setpoint 
2021-10-18 11:34:33,884:INFO: 25.66 25.13 25.09 25.21 25.56 0.00 -0.00 0.00 11.45 11.56 10.50 10.66 1196.36 9114.92 1.00 100.00 0  0  0  None 0  187.63 5574.00 State.STOP MissionState.EN_ROUTE 50.00    
2021-10-18 11:34:33,885:WARNING: Stopped
2021-10-18 11:34:34,381:WARNING: stopping
2021-10-18 11:34:34,382:INFO: State.STOP
2021-10-18 11:34:34,384:INFO: BT1   BT2   TT1   TT2   AT    X    Y     Z    BP1   BP2   TP1   TP2   HP      AP      PD   PC     HL EL BF SF   PF BV     rpm     State      MissionState          Setpoint 
2021-10-18 11:34:34,385:INFO: 25.66 25.13 25.09 25.19 25.51 0.00 -0.00 0.00 11.42 11.54 10.47 10.63 1194.74 9114.58 1.00 100.00 0  0  0  None 0  186.34 5574.00 State.STOP MissionState.EN_ROUTE 50.00    
2021-10-18 11:34:34,385:WARNING: Stopped
2021-10-18 11:34:34,909:WARNING: stopping
2021-10-18 11:34:34,910:INFO: State.STOP
2021-10-18 11:34:34,912:INFO: BT1   BT2   TT1   TT2   AT    X    Y     Z    BP1   BP2   TP1   TP2   HP      AP      PD   PC     HL EL BF SF   PF BV     rpm     State      MissionState          Setpoint 
2021-10-18 11:34:34,913:INFO: 25.66 25.13 25.09 25.18 25.46 0.00 -0.00 0.00 11.38 11.50 10.43 10.59 1192.00 9121.14 1.00 100.00 0  0  0  None 0  185.06 5574.00 State.STOP MissionState.EN_ROUTE 50.00    
2021-10-18 11:34:34,914:WARNING: Stopped
2021-10-18 11:34:35,420:WARNING: stopping
2021-10-18 11:34:35,422:INFO: State.STOP
2021-10-18 11:34:35,423:INFO: BT1   BT2   TT1   TT2   AT    X    Y     Z    BP1   BP2   TP1   TP2   HP      AP      PD   PC     HL EL BF SF   PF BV     rpm     State      MissionState          Setpoint 
2021-10-18 11:34:35,424:INFO: 25.66 25.13 25.09 25.18 25.40 0.00 -0.00 0.01 11.35 11.46 10.39 10.55 1187.78 9132.36 1.00 100.00 0  0  0  None 0  183.90 5574.00 State.STOP MissionState.EN_ROUTE 50.00    
2021-10-18 11:34:35,425:WARNING: Stopped
2021-10-18 11:34:35,777:INFO: 
2021-10-18 11:34:35,778:CRITICAL: System shutdown
2021-10-18 11:34:35,779:INFO: cleaning (resetting rpi gpio)
