2021-10-18 12:04:00,259:WARNING: Safety is disabled
2021-10-18 12:04:00,260:WARNING: Test mode
2021-10-18 12:04:00,261:INFO: Pressure controller was initialized successfully
2021-10-18 12:04:00,261:INFO: BP1 pressure sensor was initialized successfully
2021-10-18 12:04:00,262:INFO: BP2 pressure sensor was initialized successfully
2021-10-18 12:04:00,262:INFO: TP1 pressure sensor was initialized successfully
2021-10-18 12:04:00,262:INFO: TP2 pressure sensor was initialized successfully
2021-10-18 12:04:00,263:INFO: HP pressure sensor was initialized successfully
2021-10-18 12:04:00,263:INFO: AP pressure sensor was initialized successfully
2021-10-18 12:04:00,263:INFO: Temperature controller was initialized successfully
2021-10-18 12:04:00,263:INFO: BT1 temperature sensor was initialized successfully
2021-10-18 12:04:00,264:INFO: BT2 temperature sensor was initialized successfully
2021-10-18 12:04:00,264:INFO: TT1 temperature sensor was initialized successfully
2021-10-18 12:04:00,264:INFO: TT2 temperature sensor was initialized successfully
2021-10-18 12:04:00,265:INFO: AT temperature sensor was initialized successfully
2021-10-18 12:04:00,265:INFO: IMU controller was initialized successfully
2021-10-18 12:04:00,266:INFO: X IMU sensor was initialized successfully
2021-10-18 12:04:00,266:INFO: Y IMU sensor was initialized successfully
2021-10-18 12:04:00,266:INFO: Z IMU sensor was initialized successfully
2021-10-18 12:04:00,267:INFO: Bladder volume controller was initialized successfully
2021-10-18 12:04:00,267:INFO: Altimeter controller was initialized successfully
2021-10-18 12:04:00,268:INFO: rpm controller was initialized successfully
2021-10-18 12:04:00,268:INFO: Pump flag controller was initialized successfully
2021-10-18 12:04:00,268:INFO: Bladder flag controller was initialized successfully
2021-10-18 12:04:00,269:INFO: Hull leak flag controller was initialized successfully
2021-10-18 12:04:00,269:INFO: Engine leak flag controller was initialized successfully
2021-10-18 12:04:00,269:INFO: Full surface initiated flag controller was initialized successfully
2021-10-18 12:04:00,270:DEBUG: attempting to init serial comm
2021-10-18 12:04:00,270:DEBUG:  port:/dev/ttyACM0
2021-10-18 12:04:00,270:DEBUG:  baud_rate:115200
2021-10-18 12:04:00,273:INFO: SerialComm was initialized successfully
2021-10-18 12:04:00,274:DEBUG: attempting to load profile: cfg/profile.txt
2021-10-18 12:04:00,284:INFO: Profile file loaded successfully

2021-10-18 12:04:00,284:INFO: Profile class was initialized successfully

2021-10-18 12:04:00,285:INFO: setting target depth to 20 [mbar]
2021-10-18 12:04:00,285:INFO: setting state to MissionState.DESCENDING
2021-10-18 12:04:00,286:DEBUG: mega>rpi: b'\n'
2021-10-18 12:04:00,298:DEBUG: mega>rpi: b'TT2:25.37\r\n'
2021-10-18 12:04:00,309:DEBUG: mega>rpi: b'TP1:1029.00\r\n'
2021-10-18 12:04:00,321:DEBUG: mega>rpi: b'00\r\n'
2021-10-18 12:04:00,332:DEBUG: mega>rpi: b'LC:477.00\r\n'
2021-10-18 12:04:00,344:DEBUG: mega>rpi: b'HL:0.00\r\n'
2021-10-18 12:04:00,355:DEBUG: mega>rpi: b'EL:0.00\r\n'
2021-10-18 12:04:00,367:DEBUG: mega>rpi: b'BT1:25.88\r\n'
2021-10-18 12:04:00,379:DEBUG: mega>rpi: b'BT2:25.37\r\n'
2021-10-18 12:04:00,390:DEBUG: mega>rpi: b'BP1:1118.90\r\n'
2021-10-18 12:04:00,402:DEBUG: mega>rpi: b'BP2:1138.90\r\n'
2021-10-18 12:04:00,414:DEBUG: mega>rpi: b'HP:1163.60\r\n'
2021-10-18 12:04:00,425:DEBUG: mega>rpi: b'TT1:25.30\r\n'
2021-10-18 12:04:00,437:DEBUG: mega>rpi: b'TT2:25.37\r\n'
2021-10-18 12:04:00,449:DEBUG: mega>rpi: b'TP1:1029.00\r\n'
2021-10-18 12:04:00,460:DEBUG: mega>rpi: b'00\r\n'
2021-10-18 12:04:00,472:DEBUG: mega>rpi: b'LC:477.00\r\n'
2021-10-18 12:04:00,483:DEBUG: mega>rpi: b'HL:0.00\r\n'
2021-10-18 12:04:00,495:DEBUG: mega>rpi: b'EL:0.00\r\n'
2021-10-18 12:04:00,506:DEBUG: mega>rpi: b'BT1:25.88\r\n'
2021-10-18 12:04:00,518:DEBUG: mega>rpi: b'BT2:25.37\r\n'
2021-10-18 12:04:00,530:DEBUG: mega>rpi: b'BP1:1118.90\r\n'
2021-10-18 12:04:00,542:DEBUG: mega>rpi: b'BP2:1138.90\r\n'
2021-10-18 12:04:00,554:DEBUG: mega>rpi: b'HP:1163.60\r\n'
2021-10-18 12:04:00,566:DEBUG: mega>rpi: b'TT1:25.30\r\n'
2021-10-18 12:04:00,577:DEBUG: mega>rpi: b'TT2:25.37\r\n'
2021-10-18 12:04:00,589:DEBUG: mega>rpi: b'TP1:1029.00\r\n'
2021-10-18 12:04:00,600:DEBUG: mega>rpi: b'00\r\n'
2021-10-18 12:04:00,612:DEBUG: mega>rpi: b'LC:477.00\r\n'
2021-10-18 12:04:00,623:DEBUG: mega>rpi: b'HL:0.00\r\n'
2021-10-18 12:04:00,635:DEBUG: mega>rpi: b'EL:0.00\r\n'
2021-10-18 12:04:00,646:DEBUG: mega>rpi: b'BT1:25.88\r\n'
2021-10-18 12:04:00,658:DEBUG: mega>rpi: b'BT2:25.37\r\n'
2021-10-18 12:04:00,669:DEBUG: mega>rpi: b'BP1:1118.90\r\n'
2021-10-18 12:04:00,681:DEBUG: mega>rpi: b'BP2:1138.90\r\n'
2021-10-18 12:04:00,693:DEBUG: mega>rpi: b'HP:1163.60\r\n'
2021-10-18 12:04:00,704:DEBUG: mega>rpi: b'TT1:25.30\r\n'
2021-10-18 12:04:00,716:DEBUG: mega>rpi: b'TT2:25.37\r\n'
2021-10-18 12:04:00,728:DEBUG: mega>rpi: b'TP1:1029.00\r\n'
2021-10-18 12:04:01,692:DEBUG: mega>rpi: b'SU:0.00\r\n'
2021-10-18 12:04:01,715:DEBUG: mega>rpi: b'BT1:25.50\r\n'
2021-10-18 12:04:01,748:DEBUG: mega>rpi: b'BT2:25.28\r\n'
2021-10-18 12:04:01,761:DEBUG: mega>rpi: b'PS:2.00\r\n'
2021-10-18 12:04:02,818:DEBUG: mega>rpi: b'BP1:1104.20\r\n'
2021-10-18 12:04:02,882:DEBUG: mega>rpi: b'BP2:1123.30\r\n'
2021-10-18 12:04:02,936:DEBUG: mega>rpi: b'HP:1150.80\r\n'
2021-10-18 12:04:02,969:DEBUG: mega>rpi: b'AT:29.45\r\n'
2021-10-18 12:04:03,023:DEBUG: mega>rpi: b'AP:9364.00\r\n'
2021-10-18 12:04:03,055:DEBUG: mega>rpi: b'TT1:30.94\r\n'
2021-10-18 12:04:03,088:DEBUG: mega>rpi: b'TT2:30.94\r\n'
2021-10-18 12:04:03,142:DEBUG: mega>rpi: b'TP1:1017.80\r\n'
2021-10-18 12:04:03,195:DEBUG: mega>rpi: b'TP2:1027.90\r\n'
2021-10-18 12:04:03,207:DEBUG: mega>rpi: b'\r\n'
2021-10-18 12:04:03,475:DEBUG: mega>rpi: b'X:0.00\r\n'
2021-10-18 12:04:03,488:DEBUG: mega>rpi: b'Y:0.00\r\n'
2021-10-18 12:04:03,500:DEBUG: mega>rpi: b'Z:0.00\r\n'
2021-10-18 12:04:04,772:DEBUG: mega>rpi: b'Date: 10/18/2021 Time: 11:34:36\r\n'
2021-10-18 12:04:07,667:DEBUG: mega>rpi: b'SU:0.00\r\n'
2021-10-18 12:04:07,691:DEBUG: mega>rpi: b'BT1:25.47\r\n'
2021-10-18 12:04:07,725:DEBUG: mega>rpi: b'BT2:-769.92\r\n'
2021-10-18 12:04:07,738:DEBUG: mega>rpi: b'PS:2.00\r\n'
2021-10-18 12:04:08,795:DEBUG: mega>rpi: b'BP1:1146.30\r\n'
2021-10-18 12:04:08,849:DEBUG: mega>rpi: b'BP2:1165.30\r\n'
2021-10-18 12:04:08,914:DEBUG: mega>rpi: b'HP:1191.90\r\n'
2021-10-18 12:04:08,937:DEBUG: mega>rpi: b'AT:29.43\r\n'
2021-10-18 12:04:09,001:DEBUG: mega>rpi: b'AP:9363.40\r\n'
2021-10-18 12:04:09,024:DEBUG: mega>rpi: b'TT1:30.93\r\n'
2021-10-18 12:04:09,050:DEBUG: mega>rpi: b'TT2:30.93\r\n'
2021-10-18 12:04:09,114:DEBUG: mega>rpi: b'TP1:1055.10\r\n'
2021-10-18 12:04:09,167:DEBUG: mega>rpi: b'TP2:1063.20\r\n'
2021-10-18 12:04:09,178:DEBUG: mega>rpi: b'\r\n'
2021-10-18 12:04:09,434:DEBUG: mega>rpi: b'X:0.00\r\n'
2021-10-18 12:04:09,446:DEBUG: mega>rpi: b'Y:0.00\r\n'
2021-10-18 12:04:09,458:DEBUG: mega>rpi: b'Z:0.00\r\n'
2021-10-18 12:04:09,735:DEBUG: mega>rpi: b'Date: 10/18/2021 Time: 11:34:41\r\n'
2021-10-18 12:04:10,185:INFO: 
2021-10-18 12:04:10,187:CRITICAL: System shutdown
2021-10-18 12:04:10,189:INFO: cleaning (resetting rpi gpio)
