2021-10-19 14:27:51,852:TEST-MODE:WARNING: Simulation mode
2021-10-19 14:27:51,854:TEST-MODE:WARNING: Test mode
2021-10-19 14:27:51,855:TEST-MODE:INFO: Pressure controller was initialized successfully
2021-10-19 14:27:51,856:TEST-MODE:INFO: BP1 pressure sensor was initialized successfully
2021-10-19 14:27:51,857:TEST-MODE:INFO: BP2 pressure sensor was initialized successfully
2021-10-19 14:27:51,857:TEST-MODE:INFO: TP1 pressure sensor was initialized successfully
2021-10-19 14:27:51,858:TEST-MODE:INFO: TP2 pressure sensor was initialized successfully
2021-10-19 14:27:51,859:TEST-MODE:INFO: HP pressure sensor was initialized successfully
2021-10-19 14:27:51,860:TEST-MODE:INFO: AP pressure sensor was initialized successfully
2021-10-19 14:27:51,861:TEST-MODE:INFO: Temperature controller was initialized successfully
2021-10-19 14:27:51,862:TEST-MODE:INFO: BT1 temperature sensor was initialized successfully
2021-10-19 14:27:51,863:TEST-MODE:INFO: BT2 temperature sensor was initialized successfully
2021-10-19 14:27:51,864:TEST-MODE:INFO: TT1 temperature sensor was initialized successfully
2021-10-19 14:27:51,865:TEST-MODE:INFO: TT2 temperature sensor was initialized successfully
2021-10-19 14:27:51,866:TEST-MODE:INFO: AT temperature sensor was initialized successfully
2021-10-19 14:27:51,867:TEST-MODE:INFO: IMU controller was initialized successfully
2021-10-19 14:27:51,868:TEST-MODE:INFO: X IMU sensor was initialized successfully
2021-10-19 14:27:51,869:TEST-MODE:INFO: Y IMU sensor was initialized successfully
2021-10-19 14:27:51,870:TEST-MODE:INFO: Z IMU sensor was initialized successfully
2021-10-19 14:27:51,870:TEST-MODE:INFO: Bladder volume controller was initialized successfully
2021-10-19 14:27:51,871:TEST-MODE:INFO: Altimeter controller was initialized successfully
2021-10-19 14:27:51,872:TEST-MODE:INFO: rpm controller was initialized successfully
2021-10-19 14:27:51,872:TEST-MODE:INFO: Pump flag controller was initialized successfully
2021-10-19 14:27:51,874:TEST-MODE:INFO: Bladder flag controller was initialized successfully
2021-10-19 14:27:51,874:TEST-MODE:INFO: Hull leak flag controller was initialized successfully
2021-10-19 14:27:51,875:TEST-MODE:INFO: Engine leak flag controller was initialized successfully
2021-10-19 14:27:51,875:TEST-MODE:INFO: Full surface initiated flag controller was initialized successfully
2021-10-19 14:27:51,883:TEST-MODE:INFO: SerialComm was initialized successfully
2021-10-19 14:27:51,900:TEST-MODE:INFO: Profile file loaded successfully

2021-10-19 14:27:51,901:TEST-MODE:INFO: Profile class was initialized successfully

2021-10-19 14:27:51,936:TEST-MODE:INFO: compiling mega code
