2021-10-18 11:59:03,687:WARNING: Safety is disabled
2021-10-18 11:59:03,689:WARNING: Test mode
2021-10-18 11:59:03,690:INFO: Pressure controller was initialized successfully
2021-10-18 11:59:03,691:INFO: BP1 pressure sensor was initialized successfully
2021-10-18 11:59:03,692:INFO: BP2 pressure sensor was initialized successfully
2021-10-18 11:59:03,693:INFO: TP1 pressure sensor was initialized successfully
2021-10-18 11:59:03,694:INFO: TP2 pressure sensor was initialized successfully
2021-10-18 11:59:03,695:INFO: HP pressure sensor was initialized successfully
2021-10-18 11:59:03,696:INFO: AP pressure sensor was initialized successfully
2021-10-18 11:59:03,697:INFO: Temperature controller was initialized successfully
2021-10-18 11:59:03,697:INFO: BT1 temperature sensor was initialized successfully
2021-10-18 11:59:03,698:INFO: BT2 temperature sensor was initialized successfully
2021-10-18 11:59:03,699:INFO: TT1 temperature sensor was initialized successfully
2021-10-18 11:59:03,699:INFO: TT2 temperature sensor was initialized successfully
2021-10-18 11:59:03,700:INFO: AT temperature sensor was initialized successfully
2021-10-18 11:59:03,700:INFO: IMU controller was initialized successfully
2021-10-18 11:59:03,701:INFO: X IMU sensor was initialized successfully
2021-10-18 11:59:03,701:INFO: Y IMU sensor was initialized successfully
2021-10-18 11:59:03,701:INFO: Z IMU sensor was initialized successfully
2021-10-18 11:59:03,702:INFO: Bladder volume controller was initialized successfully
2021-10-18 11:59:03,703:INFO: Altimeter controller was initialized successfully
2021-10-18 11:59:03,703:INFO: rpm controller was initialized successfully
2021-10-18 11:59:03,704:INFO: Pump flag controller was initialized successfully
2021-10-18 11:59:03,704:INFO: Bladder flag controller was initialized successfully
2021-10-18 11:59:03,705:INFO: Hull leak flag controller was initialized successfully
2021-10-18 11:59:03,706:INFO: Engine leak flag controller was initialized successfully
2021-10-18 11:59:03,707:INFO: Full surface initiated flag controller was initialized successfully
2021-10-18 11:59:03,715:INFO: SerialComm was initialized successfully
2021-10-18 11:59:03,730:INFO: Profile file loaded successfully

2021-10-18 11:59:03,730:INFO: Profile class was initialized successfully

2021-10-18 11:59:03,731:INFO: setting target depth to 0 [mbar]
2021-10-18 11:59:03,731:INFO: setting state to MissionState.ASCENDING
2021-10-18 11:59:11,156:ERROR: SENSOR ERROR: [BT2] Overflow value: [ovf]
2021-10-18 11:59:14,578:INFO: State.STOP
2021-10-18 11:59:14,580:INFO: BT1             BT2             TT1             TT2             AT              X               Y               Z               BP1             BP2             TP1             TP2             HP              AP              PD PC HL EL BF   SF   PF   BV     rpm             State      MissionState           Setpoint 
2021-10-18 11:59:14,581:INFO: Buffering (3/5) Buffering (2/5) Buffering (2/5) Buffering (2/5) Buffering (2/5) Buffering (1/5) Buffering (1/5) Buffering (1/5) Buffering (2/5) Buffering (2/5) Buffering (2/5) Buffering (2/5) Buffering (2/5) Buffering (2/5) 0  0  0  0  None None None 177.58 Buffering (0/1) State.STOP MissionState.ASCENDING 0        
2021-10-18 11:59:14,582:WARNING: Stopped
2021-10-18 11:59:15,083:INFO: State.STOP
2021-10-18 11:59:15,084:INFO: BT1             BT2             TT1             TT2             AT              X               Y               Z               BP1             BP2             TP1             TP2             HP              AP              PD   PC     HL EL BF SF   PF   BV     rpm             State      MissionState           Setpoint 
2021-10-18 11:59:15,085:INFO: Buffering (4/5) Buffering (3/5) Buffering (3/5) Buffering (3/5) Buffering (3/5) Buffering (2/5) Buffering (2/5) Buffering (2/5) Buffering (3/5) Buffering (3/5) Buffering (3/5) Buffering (3/5) Buffering (3/5) Buffering (3/5) 1.00 100.00 0  0  0  None None 177.54 Buffering (0/1) State.STOP MissionState.ASCENDING 0        
2021-10-18 11:59:15,085:WARNING: Stopped
2021-10-18 11:59:15,645:INFO: State.STOP
2021-10-18 11:59:15,647:INFO: BT1   BT2             TT1             TT2             AT              X               Y               Z               BP1             BP2             TP1             TP2             HP              AP              PD   PC     HL EL BF SF   PF   BV     rpm             State      MissionState           Setpoint 
2021-10-18 11:59:15,648:INFO: 25.82 Buffering (4/5) Buffering (4/5) Buffering (4/5) Buffering (4/5) Buffering (3/5) Buffering (3/5) Buffering (3/5) Buffering (4/5) Buffering (4/5) Buffering (4/5) Buffering (4/5) Buffering (4/5) Buffering (4/5) 1.00 100.00 0  0  0  None None 177.62 Buffering (0/1) State.STOP MissionState.ASCENDING 0        
2021-10-18 11:59:15,649:WARNING: Stopped
2021-10-18 11:59:16,212:INFO: State.STOP
2021-10-18 11:59:16,213:INFO: BT1   BT2   TT1   TT2   AT    X               Y               Z               BP1   BP2   TP1   TP2   HP      AP      PD   PC     HL EL BF SF   PF   BV     rpm             State      MissionState           Setpoint 
2021-10-18 11:59:16,214:INFO: 25.90 25.36 26.65 26.69 30.99 Buffering (4/5) Buffering (4/5) Buffering (4/5) 11.27 11.46 10.37 10.46 1172.54 9396.58 1.00 100.00 0  0  0  None None 177.67 Buffering (0/1) State.STOP MissionState.ASCENDING 0        
2021-10-18 11:59:16,215:WARNING: Stopped
2021-10-18 11:59:16,766:INFO: State.STOP
2021-10-18 11:59:16,767:INFO: BT1   BT2   TT1   TT2   AT    X    Y    Z    BP1   BP2   TP1   TP2   HP      AP      PD   PC     HL EL BF SF   PF   BV     rpm             State      MissionState           Setpoint 
2021-10-18 11:59:16,769:INFO: 25.97 25.37 25.40 25.45 31.17 0.01 0.01 0.00 11.27 11.46 10.37 10.47 1172.56 9394.30 1.00 100.00 0  0  0  None None 177.63 Buffering (0/1) State.STOP MissionState.ASCENDING 0        
2021-10-18 11:59:16,770:WARNING: Stopped
2021-10-18 11:59:17,327:INFO: State.STOP
2021-10-18 11:59:17,328:INFO: BT1   BT2   TT1   TT2   AT    X    Y    Z    BP1   BP2   TP1   TP2   HP      AP      PD   PC     HL EL BF SF   PF   BV     rpm             State      MissionState           Setpoint 
2021-10-18 11:59:17,329:INFO: 25.96 25.37 25.40 25.45 31.17 0.01 0.01 0.00 11.27 11.46 10.37 10.47 1172.66 9394.22 1.00 100.00 0  0  0  None None 177.62 Buffering (0/1) State.STOP MissionState.ASCENDING 0        
2021-10-18 11:59:17,330:WARNING: Stopped
2021-10-18 11:59:17,879:INFO: State.STOP
2021-10-18 11:59:17,881:INFO: BT1   BT2   TT1   TT2   AT    X    Y    Z    BP1   BP2   TP1   TP2   HP      AP      PD   PC     HL EL BF SF   PF   BV     rpm             State      MissionState           Setpoint 
2021-10-18 11:59:17,882:INFO: 25.96 25.37 25.39 25.45 31.17 0.00 0.00 0.00 11.27 11.46 10.37 10.47 1172.60 9394.00 1.00 100.00 0  0  0  None None 177.66 Buffering (0/1) State.STOP MissionState.ASCENDING 0        
2021-10-18 11:59:17,882:WARNING: Stopped
2021-10-18 11:59:18,439:INFO: State.STOP
2021-10-18 11:59:18,440:INFO: BT1   BT2   TT1   TT2   AT    X    Y    Z    BP1   BP2   TP1   TP2   HP      AP      PD   PC     HL EL BF SF   PF   BV     rpm             State      MissionState           Setpoint 
2021-10-18 11:59:18,441:INFO: 25.95 25.37 25.39 25.45 31.17 0.00 0.00 0.00 11.27 11.46 10.37 10.47 1172.66 9393.76 1.00 100.00 0  0  0  None None 177.71 Buffering (0/1) State.STOP MissionState.ASCENDING 0        
2021-10-18 11:59:18,442:WARNING: Stopped
2021-10-18 11:59:19,002:INFO: State.STOP
2021-10-18 11:59:19,003:INFO: BT1   BT2   TT1   TT2   AT    X    Y    Z    BP1   BP2   TP1   TP2   HP      AP      PD   PC     HL EL BF SF   PF   BV     rpm             State      MissionState           Setpoint 
2021-10-18 11:59:19,005:INFO: 25.95 25.37 25.39 25.45 31.17 0.00 0.00 0.00 11.27 11.46 10.37 10.47 1172.86 9393.76 1.00 100.00 0  0  0  None None 177.64 Buffering (0/1) State.STOP MissionState.ASCENDING 0        
2021-10-18 11:59:19,006:WARNING: Stopped
2021-10-18 11:59:19,554:INFO: State.STOP
2021-10-18 11:59:19,556:INFO: BT1   BT2   TT1   TT2   AT    X    Y     Z    BP1   BP2   TP1   TP2   HP      AP      PD   PC     HL EL BF SF   PF   BV     rpm             State      MissionState           Setpoint 
2021-10-18 11:59:19,557:INFO: 25.95 25.37 25.38 25.45 31.16 0.00 -0.00 0.00 11.27 11.46 10.37 10.47 1172.88 9393.48 1.00 100.00 0  0  0  None None 177.72 Buffering (0/1) State.STOP MissionState.ASCENDING 0        
2021-10-18 11:59:19,558:WARNING: Stopped
2021-10-18 11:59:20,116:INFO: State.STOP
2021-10-18 11:59:20,118:INFO: BT1   BT2   TT1   TT2   AT    X    Y     Z    BP1   BP2   TP1   TP2   HP      AP      PD   PC     HL EL BF SF   PF   BV     rpm             State      MissionState           Setpoint 
2021-10-18 11:59:20,118:INFO: 25.95 25.37 25.38 25.45 31.16 0.00 -0.00 0.00 11.27 11.46 10.37 10.47 1173.00 9393.22 1.00 100.00 0  0  0  None None 177.70 Buffering (0/1) State.STOP MissionState.ASCENDING 0        
2021-10-18 11:59:20,119:WARNING: Stopped
2021-10-18 11:59:20,674:INFO: State.STOP
2021-10-18 11:59:20,676:INFO: BT1   BT2   TT1   TT2   AT    X     Y     Z    BP1   BP2   TP1   TP2   HP      AP      PD   PC     HL EL BF SF   PF   BV     rpm             State      MissionState           Setpoint 
2021-10-18 11:59:20,678:INFO: 25.95 25.37 25.37 25.45 31.15 -0.00 -0.01 0.00 11.27 11.46 10.37 10.47 1173.16 9392.98 1.00 100.00 0  0  0  None None 177.73 Buffering (0/1) State.STOP MissionState.ASCENDING 0        
2021-10-18 11:59:20,678:WARNING: Stopped
2021-10-18 11:59:21,227:INFO: State.STOP
2021-10-18 11:59:21,228:INFO: BT1   BT2   TT1   TT2   AT    X     Y     Z    BP1   BP2   TP1   TP2   HP      AP      PD   PC     HL EL BF SF   PF   BV     rpm             State      MissionState           Setpoint 
2021-10-18 11:59:21,229:INFO: 25.94 25.37 25.37 25.45 31.15 -0.00 -0.01 0.00 11.27 11.46 10.37 10.47 1173.10 9392.98 1.00 100.00 0  0  0  None None 177.69 Buffering (0/1) State.STOP MissionState.ASCENDING 0        
2021-10-18 11:59:21,230:WARNING: Stopped
2021-10-18 11:59:21,736:INFO: State.STOP
2021-10-18 11:59:21,737:INFO: BT1   BT2   TT1   TT2   AT    X     Y     Z    BP1   BP2   TP1   TP2   HP      AP      PD   PC     HL EL BF SF   PF   BV     rpm             State      MissionState           Setpoint 
2021-10-18 11:59:21,738:INFO: 25.94 25.37 25.37 25.44 31.15 -0.01 -0.02 0.00 11.27 11.46 10.37 10.47 1173.02 9392.66 1.00 100.00 0  0  0  None None 177.78 Buffering (0/1) State.STOP MissionState.ASCENDING 0        
2021-10-18 11:59:21,739:WARNING: Stopped
2021-10-18 11:59:22,265:INFO: State.STOP
2021-10-18 11:59:22,267:INFO: BT1   BT2   TT1   TT2   AT    X     Y     Z    BP1   BP2   TP1   TP2   HP      AP      PD   PC     HL EL BF SF   PF   BV     rpm             State      MissionState           Setpoint 
2021-10-18 11:59:22,268:INFO: 25.94 25.37 25.37 25.43 31.15 -0.01 -0.02 0.00 11.27 11.46 10.37 10.47 1172.96 9392.64 1.00 100.00 0  0  0  None None 177.73 Buffering (0/1) State.STOP MissionState.ASCENDING 0        
2021-10-18 11:59:22,269:WARNING: Stopped
2021-10-18 11:59:22,825:INFO: State.STOP
2021-10-18 11:59:22,827:INFO: BT1   BT2   TT1   TT2   AT    X    Y     Z    BP1   BP2   TP1   TP2   HP      AP      PD   PC     HL EL BF SF   PF   BV     rpm             State      MissionState           Setpoint 
2021-10-18 11:59:22,828:INFO: 25.93 25.37 25.37 25.43 31.15 0.00 -0.02 0.00 11.27 11.47 10.37 10.46 1172.86 9392.52 1.00 100.00 0  0  0  None None 177.73 Buffering (0/1) State.STOP MissionState.ASCENDING 0        
2021-10-18 11:59:22,828:WARNING: Stopped
2021-10-18 11:59:23,384:INFO: State.STOP
2021-10-18 11:59:23,386:INFO: BT1   BT2   TT1   TT2   AT    X    Y     Z    BP1   BP2   TP1   TP2   HP      AP      PD   PC     HL EL BF SF   PF   BV     rpm             State      MissionState           Setpoint 
2021-10-18 11:59:23,387:INFO: 25.93 25.37 25.37 25.42 31.15 0.00 -0.02 0.00 11.27 11.46 10.37 10.47 1172.76 9392.30 1.00 100.00 0  0  0  None None 177.81 Buffering (0/1) State.STOP MissionState.ASCENDING 0        
2021-10-18 11:59:23,388:WARNING: Stopped
2021-10-18 11:59:23,944:INFO: State.STOP
2021-10-18 11:59:23,946:INFO: BT1   BT2   TT1   TT2   AT    X    Y     Z    BP1   BP2   TP1   TP2   HP      AP      PD   PC     HL EL BF SF   PF   BV     rpm             State      MissionState           Setpoint 
2021-10-18 11:59:23,947:INFO: 25.93 25.37 25.37 25.42 31.14 0.00 -0.02 0.00 11.27 11.47 10.37 10.47 1172.80 9392.04 1.00 100.00 0  0  0  None None 177.79 Buffering (0/1) State.STOP MissionState.ASCENDING 0        
2021-10-18 11:59:23,948:WARNING: Stopped
2021-10-18 11:59:24,258:INFO: 
2021-10-18 11:59:24,259:CRITICAL: System shutdown
2021-10-18 11:59:24,260:INFO: cleaning (resetting rpi gpio)
