2021-10-19 17:09:07,570:WARNING: Test mode
2021-10-19 17:09:07,572:INFO: Pressure controller was initialized successfully
2021-10-19 17:09:07,573:INFO: BP1 pressure sensor was initialized successfully
2021-10-19 17:09:07,574:INFO: BP2 pressure sensor was initialized successfully
2021-10-19 17:09:07,575:INFO: TP1 pressure sensor was initialized successfully
2021-10-19 17:09:07,576:INFO: TP2 pressure sensor was initialized successfully
2021-10-19 17:09:07,576:INFO: HP pressure sensor was initialized successfully
2021-10-19 17:09:07,577:INFO: AP pressure sensor was initialized successfully
2021-10-19 17:09:07,578:INFO: Temperature controller was initialized successfully
2021-10-19 17:09:07,579:INFO: BT1 temperature sensor was initialized successfully
2021-10-19 17:09:07,580:INFO: BT2 temperature sensor was initialized successfully
2021-10-19 17:09:07,580:INFO: TT1 temperature sensor was initialized successfully
2021-10-19 17:09:07,581:INFO: TT2 temperature sensor was initialized successfully
2021-10-19 17:09:07,582:INFO: AT temperature sensor was initialized successfully
2021-10-19 17:09:07,582:INFO: IMU controller was initialized successfully
2021-10-19 17:09:07,583:INFO: X IMU sensor was initialized successfully
2021-10-19 17:09:07,584:INFO: Y IMU sensor was initialized successfully
2021-10-19 17:09:07,585:INFO: Z IMU sensor was initialized successfully
2021-10-19 17:09:07,586:INFO: Bladder volume controller was initialized successfully
2021-10-19 17:09:07,586:INFO: Altimeter controller was initialized successfully
2021-10-19 17:09:07,587:INFO: rpm controller was initialized successfully
2021-10-19 17:09:07,588:INFO: Pump flag controller was initialized successfully
2021-10-19 17:09:07,589:INFO: Bladder flag controller was initialized successfully
2021-10-19 17:09:07,589:INFO: Hull leak flag controller was initialized successfully
2021-10-19 17:09:07,590:INFO: Engine leak flag controller was initialized successfully
2021-10-19 17:09:07,591:INFO: Full surface initiated flag controller was initialized successfully
2021-10-19 17:09:07,595:INFO: SerialComm was initialized successfully
2021-10-19 17:09:07,601:INFO: SerialComm was initialized successfully
2021-10-19 17:09:07,620:INFO: Profile file loaded successfully

2021-10-19 17:09:07,622:INFO: Profile class was initialized successfully

2021-10-19 17:09:07,623:INFO: setting state to MissionState.IDLE
2021-10-19 17:09:07,648:INFO: State.STOP
2021-10-19 17:09:07,650:INFO: BT1             BT2             TT1             TT2             AT              X               Y               Z               BP1             BP2             TP1             TP2             HP              AP              PD PC HL   EL   BF   SF   PF   BV    rpm             State MissionState Setpoint Error Depth 
2021-10-19 17:09:07,652:INFO: Buffering (0/5) Buffering (0/5) Buffering (1/5) Buffering (1/5) Buffering (1/5) Buffering (0/5) Buffering (0/5) Buffering (0/5) Buffering (0/5) Buffering (0/5) Buffering (1/5) Buffering (1/5) Buffering (1/5) Buffering (1/5) 0  0  None None None None None 73.15 Buffering (0/1) STOP  IDLE         30.00    None  None  
2021-10-19 17:09:07,653:WARNING: Stopped
2021-10-19 17:09:07,690:INFO: State.STOP
2021-10-19 17:09:07,693:INFO: BT1             BT2             TT1             TT2             AT              X               Y               Z               BP1             BP2             TP1             TP2             HP              AP              PD PC HL   EL   BF SF   PF   BV    rpm             State MissionState Setpoint Error Depth 
2021-10-19 17:09:07,696:INFO: Buffering (0/5) Buffering (0/5) Buffering (2/5) Buffering (2/5) Buffering (2/5) Buffering (1/5) Buffering (1/5) Buffering (1/5) Buffering (0/5) Buffering (0/5) Buffering (2/5) Buffering (2/5) Buffering (2/5) Buffering (2/5) 0  0  None None 0  None None 73.15 Buffering (0/1) STOP  IDLE         30.00    None  None  
2021-10-19 17:09:07,697:WARNING: Stopped
2021-10-19 17:09:07,733:INFO: State.STOP
2021-10-19 17:09:07,736:INFO: BT1             BT2             TT1             TT2             AT              X               Y               Z               BP1             BP2             TP1             TP2             HP              AP              PD PC HL   EL   BF SF   PF   BV    rpm             State MissionState Setpoint Error Depth 
2021-10-19 17:09:07,738:INFO: Buffering (0/5) Buffering (0/5) Buffering (3/5) Buffering (3/5) Buffering (3/5) Buffering (2/5) Buffering (2/5) Buffering (2/5) Buffering (0/5) Buffering (0/5) Buffering (3/5) Buffering (3/5) Buffering (3/5) Buffering (3/5) 0  0  None None 0  None None 73.15 Buffering (0/1) STOP  IDLE         30.00    None  None  
2021-10-19 17:09:07,740:WARNING: Stopped
2021-10-19 17:09:09,017:ERROR: unknown header: SU:0.00
2021-10-19 17:09:14,979:ERROR: unknown header: SU:0.00
2021-10-19 17:09:15,052:ERROR: unknown header: PS:2.00
2021-10-19 17:09:17,026:ERROR: unknown header: Date: 10/20/2021 Time
2021-10-19 17:09:18,726:ERROR: unknown header: SU:1.00
2021-10-19 17:09:18,730:ERROR: unknown header: LC:1.00
2021-10-19 17:09:19,147:INFO: State.STOP
2021-10-19 17:09:19,150:INFO: BT1             BT2             TT1   TT2   AT    X               Y               Z               BP1             BP2             TP1   TP2   HP      AP       PD PC HL EL BF SF   PF   BV    rpm             State MissionState Setpoint Error Depth 
2021-10-19 17:09:19,151:INFO: Buffering (3/5) Buffering (2/5) 25.13 25.23 25.10 Buffering (4/5) Buffering (4/5) Buffering (4/5) Buffering (2/5) Buffering (2/5) 10.08 10.35 1158.06 10333.12 0  0  0  0  0  None None 73.99 Buffering (0/1) STOP  IDLE         30.00    None  None  
2021-10-19 17:09:19,153:WARNING: Stopped
2021-10-19 17:09:19,171:ERROR: unknown header: LC:2.00
2021-10-19 17:09:19,575:INFO: State.STOP
2021-10-19 17:09:19,577:INFO: BT1             BT2             TT1   TT2   AT    X    Y     Z    BP1             BP2             TP1   TP2   HP      AP       PD   PC     HL EL BF SF   PF   BV    rpm             State MissionState Setpoint Error Depth 
2021-10-19 17:09:19,578:INFO: Buffering (4/5) Buffering (3/5) 25.12 25.24 25.10 0.01 -0.01 0.00 Buffering (3/5) Buffering (3/5) 10.08 10.36 1158.30 10330.98 1.45 100.00 0  0  0  None None 74.04 Buffering (0/1) STOP  IDLE         30.00    None  None  
2021-10-19 17:09:19,579:WARNING: Stopped
2021-10-19 17:09:19,617:ERROR: unknown header: LC:3.00
2021-10-19 17:09:20,037:INFO: State.STOP
2021-10-19 17:09:20,039:INFO: BT1   BT2             TT1   TT2   AT    X    Y     Z    BP1             BP2             TP1   TP2   HP      AP       PD   PC     HL EL BF SF   PF   BV    rpm             State MissionState Setpoint Error Depth 
2021-10-19 17:09:20,041:INFO: 24.80 Buffering (4/5) 25.11 25.24 25.10 0.01 -0.01 0.00 Buffering (4/5) Buffering (4/5) 10.08 10.36 1158.52 10328.70 1.45 100.00 0  0  0  None None 74.10 Buffering (0/1) STOP  IDLE         30.00    None  None  
2021-10-19 17:09:20,042:WARNING: Stopped
2021-10-19 17:09:20,084:ERROR: unknown header: LC:4.00
2021-10-19 17:09:20,502:INFO: State.STOP
2021-10-19 17:09:20,505:INFO: BT1   BT2   TT1   TT2   AT    X    Y     Z    BP1   BP2   TP1   TP2   HP      AP       PD   PC     HL EL BF SF   PF   BV    rpm             State MissionState Setpoint Error Depth 
2021-10-19 17:09:20,506:INFO: 24.88 24.38 25.10 25.24 25.10 0.01 -0.01 0.00 11.16 11.38 10.08 10.36 1158.78 10326.40 1.45 100.00 0  0  0  None None 74.08 Buffering (0/1) STOP  IDLE         30.00    None  None  
2021-10-19 17:09:20,507:WARNING: Stopped
2021-10-19 17:09:20,551:ERROR: unknown header: LC:5.00
2021-10-19 17:09:20,966:INFO: State.STOP
2021-10-19 17:09:20,969:INFO: BT1   BT2   TT1   TT2   AT    X    Y     Z    BP1   BP2   TP1   TP2   HP      AP       PD   PC     HL EL BF SF   PF   BV    rpm             State MissionState Setpoint Error Depth 
2021-10-19 17:09:20,970:INFO: 24.96 24.43 24.78 24.95 25.11 0.01 -0.01 0.00 11.16 11.38 10.08 10.36 1158.84 10323.34 1.45 100.00 0  0  0  None None 74.15 Buffering (0/1) STOP  IDLE         30.00    None  None  
2021-10-19 17:09:20,972:WARNING: Stopped
2021-10-19 17:09:21,014:ERROR: unknown header: LC:6.00
2021-10-19 17:09:21,433:INFO: State.STOP
2021-10-19 17:09:21,435:INFO: BT1   BT2   TT1   TT2   AT    X    Y     Z    BP1   BP2   TP1   TP2   HP      AP       PD   PC     HL EL BF SF   PF   BV    rpm             State MissionState Setpoint Error Depth 
2021-10-19 17:09:21,437:INFO: 24.96 24.43 24.78 24.95 25.11 0.01 -0.00 0.00 11.16 11.39 10.08 10.36 1158.90 10322.76 1.45 100.00 0  0  0  None None 74.20 Buffering (0/1) STOP  IDLE         30.00    None  None  
2021-10-19 17:09:21,438:WARNING: Stopped
2021-10-19 17:09:21,480:ERROR: unknown header: LC:7.00
2021-10-19 17:09:21,896:INFO: State.STOP
2021-10-19 17:09:21,899:INFO: BT1   BT2   TT1   TT2   AT    X    Y     Z    BP1   BP2   TP1   TP2   HP      AP       PD   PC     HL EL BF SF   PF   BV    rpm             State MissionState Setpoint Error Depth 
2021-10-19 17:09:21,901:INFO: 24.96 24.43 24.78 24.95 25.10 0.01 -0.00 0.00 11.16 11.39 10.08 10.36 1158.82 10322.24 1.45 100.00 0  0  0  None None 74.23 Buffering (0/1) STOP  IDLE         30.00    None  None  
2021-10-19 17:09:21,901:WARNING: Stopped
2021-10-19 17:09:21,943:ERROR: unknown header: LC:8.00
2021-10-19 17:09:22,362:INFO: State.STOP
2021-10-19 17:09:22,365:INFO: BT1   BT2   TT1   TT2   AT    X    Y     Z    BP1   BP2   TP1   TP2   HP      AP       PD   PC     HL EL BF SF   PF   BV    rpm             State MissionState Setpoint Error Depth 
2021-10-19 17:09:22,367:INFO: 24.97 24.42 24.78 24.95 25.10 0.01 -0.00 0.00 11.16 11.39 10.08 10.36 1158.76 10321.88 1.45 100.00 0  0  0  None None 74.25 Buffering (0/1) STOP  IDLE         30.00    None  None  
2021-10-19 17:09:22,368:WARNING: Stopped
2021-10-19 17:09:22,410:ERROR: unknown header: LC:9.00
2021-10-19 17:09:22,827:INFO: State.STOP
2021-10-19 17:09:22,830:INFO: BT1   BT2   TT1   TT2   AT    X    Y     Z    BP1   BP2   TP1   TP2   HP      AP       PD   PC     HL EL BF SF   PF   BV    rpm             State MissionState Setpoint Error Depth 
2021-10-19 17:09:22,831:INFO: 24.97 24.42 24.78 24.95 25.11 0.01 -0.00 0.00 11.16 11.39 10.08 10.36 1158.72 10321.46 1.45 100.00 0  0  0  None None 74.28 Buffering (0/1) STOP  IDLE         30.00    None  None  
2021-10-19 17:09:22,832:WARNING: Stopped
2021-10-19 17:09:22,876:ERROR: unknown header: LC:10.00
2021-10-19 17:09:23,292:INFO: State.STOP
2021-10-19 17:09:23,295:INFO: BT1   BT2   TT1   TT2   AT    X    Y     Z    BP1   BP2   TP1   TP2   HP      AP       PD   PC     HL EL BF SF   PF   BV    rpm             State MissionState Setpoint Error Depth 
2021-10-19 17:09:23,296:INFO: 24.96 24.43 24.79 24.96 25.11 0.01 -0.00 0.00 11.16 11.38 10.08 10.36 1158.78 10321.02 1.45 100.00 0  0  0  None None 74.34 Buffering (0/1) STOP  IDLE         30.00    None  None  
2021-10-19 17:09:23,298:WARNING: Stopped
2021-10-19 17:09:23,340:ERROR: unknown header: LC:11.00
2021-10-19 17:09:23,761:INFO: State.STOP
2021-10-19 17:09:23,763:INFO: BT1   BT2   TT1   TT2   AT    X    Y     Z    BP1   BP2   TP1   TP2   HP      AP       PD   PC     HL EL BF SF   PF   BV    rpm             State MissionState Setpoint Error Depth 
2021-10-19 17:09:23,764:INFO: 24.97 24.43 24.79 24.96 25.11 0.01 -0.01 0.00 11.16 11.38 10.08 10.36 1158.72 10320.60 1.45 100.00 0  0  0  None None 74.40 Buffering (0/1) STOP  IDLE         30.00    None  None  
2021-10-19 17:09:23,765:WARNING: Stopped
2021-10-19 17:09:23,807:ERROR: unknown header: LC:12.00
2021-10-19 17:09:24,223:INFO: State.STOP
2021-10-19 17:09:24,226:INFO: BT1   BT2   TT1   TT2   AT    X    Y     Z    BP1   BP2   TP1   TP2   HP      AP       PD   PC     HL EL BF SF   PF   BV    rpm             State MissionState Setpoint Error Depth 
2021-10-19 17:09:24,227:INFO: 24.96 24.42 24.79 24.96 25.11 0.01 -0.01 0.00 11.16 11.38 10.08 10.36 1158.82 10320.20 1.45 100.00 0  0  0  None None 74.42 Buffering (0/1) STOP  IDLE         30.00    None  None  
2021-10-19 17:09:24,229:WARNING: Stopped
2021-10-19 17:09:24,271:ERROR: unknown header: LC:13.00
2021-10-19 17:09:24,689:INFO: State.STOP
2021-10-19 17:09:24,691:INFO: BT1   BT2   TT1   TT2   AT    X    Y     Z    BP1   BP2   TP1   TP2   HP      AP       PD   PC     HL EL BF SF   PF   BV    rpm             State MissionState Setpoint Error Depth 
2021-10-19 17:09:24,693:INFO: 24.96 24.43 24.79 24.96 25.11 0.01 -0.00 0.00 11.16 11.38 10.08 10.36 1158.90 10319.64 1.45 100.00 0  0  0  None None 74.48 Buffering (0/1) STOP  IDLE         30.00    None  None  
2021-10-19 17:09:24,694:WARNING: Stopped
2021-10-19 17:09:24,735:ERROR: unknown header: LC:14.00
2021-10-19 17:09:25,152:INFO: State.STOP
2021-10-19 17:09:25,154:INFO: BT1   BT2   TT1   TT2   AT    X    Y     Z    BP1   BP2   TP1   TP2   HP      AP       PD   PC     HL EL BF SF   PF   BV    rpm             State MissionState Setpoint Error Depth 
2021-10-19 17:09:25,156:INFO: 24.96 24.43 24.79 24.96 25.11 0.01 -0.00 0.00 11.16 11.38 10.08 10.36 1158.92 10319.22 1.45 100.00 0  0  0  None None 74.45 Buffering (0/1) STOP  IDLE         30.00    None  None  
2021-10-19 17:09:25,157:WARNING: Stopped
2021-10-19 17:09:25,200:ERROR: unknown header: LC:15.00
2021-10-19 17:09:25,618:INFO: State.STOP
2021-10-19 17:09:25,620:INFO: BT1   BT2   TT1   TT2   AT    X    Y    Z    BP1   BP2   TP1   TP2   HP      AP       PD   PC     HL EL BF SF   PF   BV    rpm             State MissionState Setpoint Error Depth 
2021-10-19 17:09:25,622:INFO: 24.96 24.42 24.79 24.96 25.11 0.00 0.00 0.00 11.16 11.38 10.08 10.36 1159.00 10318.72 1.45 100.00 0  0  0  None None 74.54 Buffering (0/1) STOP  IDLE         30.00    None  None  
2021-10-19 17:09:25,623:WARNING: Stopped
2021-10-19 17:09:25,662:ERROR: unknown header: LC:16.00
2021-10-19 17:09:26,082:INFO: State.STOP
2021-10-19 17:09:26,084:INFO: BT1   BT2   TT1   TT2   AT    X    Y    Z    BP1   BP2   TP1   TP2   HP      AP       PD   PC     HL EL BF SF   PF   BV    rpm             State MissionState Setpoint Error Depth 
2021-10-19 17:09:26,087:INFO: 24.96 24.42 24.79 24.96 25.11 0.00 0.00 0.00 11.16 11.38 10.08 10.36 1159.12 10318.32 1.45 100.00 0  0  0  None None 74.57 Buffering (0/1) STOP  IDLE         30.00    None  None  
2021-10-19 17:09:26,088:WARNING: Stopped
2021-10-19 17:09:26,130:ERROR: unknown header: LC:17.00
2021-10-19 17:09:26,548:INFO: State.STOP
2021-10-19 17:09:26,550:INFO: BT1   BT2   TT1   TT2   AT    X    Y    Z    BP1   BP2   TP1   TP2   HP      AP       PD   PC     HL EL BF SF   PF   BV    rpm             State MissionState Setpoint Error Depth 
2021-10-19 17:09:26,552:INFO: 24.96 24.41 24.79 24.95 25.11 0.00 0.01 0.00 11.16 11.38 10.08 10.35 1159.12 10317.82 1.45 100.00 0  0  0  None None 74.63 Buffering (0/1) STOP  IDLE         30.00    None  None  
2021-10-19 17:09:26,553:WARNING: Stopped
2021-10-19 17:09:26,593:ERROR: unknown header: LC:18.00
2021-10-19 17:09:27,013:INFO: State.STOP
2021-10-19 17:09:27,015:INFO: BT1   BT2   TT1   TT2   AT    X    Y    Z    BP1   BP2   TP1   TP2   HP      AP       PD   PC     HL EL BF SF   PF   BV    rpm             State MissionState Setpoint Error Depth 
2021-10-19 17:09:27,017:INFO: 24.96 24.41 24.79 24.95 25.11 0.00 0.01 0.00 11.16 11.38 10.08 10.35 1159.18 10317.50 1.45 100.00 0  0  0  None None 74.61 Buffering (0/1) STOP  IDLE         30.00    None  None  
2021-10-19 17:09:27,018:WARNING: Stopped
2021-10-19 17:09:27,060:ERROR: unknown header: LC:19.00
2021-10-19 17:09:27,475:INFO: State.STOP
2021-10-19 17:09:27,478:INFO: BT1   BT2   TT1   TT2   AT    X    Y    Z    BP1   BP2   TP1   TP2   HP      AP       PD   PC     HL EL BF SF   PF   BV    rpm             State MissionState Setpoint Error Depth 
2021-10-19 17:09:27,480:INFO: 24.96 24.41 24.79 24.95 25.11 0.00 0.00 0.00 11.16 11.38 10.08 10.35 1159.16 10317.02 1.45 100.00 0  0  0  None None 74.65 Buffering (0/1) STOP  IDLE         30.00    None  None  
2021-10-19 17:09:27,481:WARNING: Stopped
2021-10-19 17:09:27,523:ERROR: unknown header: LC:20.00
2021-10-19 17:09:27,942:INFO: State.STOP
2021-10-19 17:09:27,944:INFO: BT1   BT2   TT1   TT2   AT    X    Y    Z    BP1   BP2   TP1   TP2   HP      AP       PD   PC     HL EL BF SF   PF   BV    rpm             State MissionState Setpoint Error Depth 
2021-10-19 17:09:27,946:INFO: 24.96 24.41 24.79 24.95 25.11 0.00 0.00 0.00 11.16 11.38 10.08 10.35 1159.12 10316.66 1.45 100.00 0  0  0  None None 74.69 Buffering (0/1) STOP  IDLE         30.00    None  None  
2021-10-19 17:09:27,947:WARNING: Stopped
2021-10-19 17:09:27,989:ERROR: unknown header: LC:21.00
2021-10-19 17:09:28,406:INFO: State.STOP
2021-10-19 17:09:28,408:INFO: BT1   BT2   TT1   TT2   AT    X    Y    Z    BP1   BP2   TP1   TP2   HP      AP       PD   PC     HL EL BF SF   PF   BV    rpm             State MissionState Setpoint Error Depth 
2021-10-19 17:09:28,410:INFO: 24.96 24.41 24.79 24.95 25.11 0.00 0.01 0.00 11.16 11.38 10.08 10.35 1159.14 10316.24 1.45 100.00 0  0  0  None None 74.74 Buffering (0/1) STOP  IDLE         30.00    None  None  
2021-10-19 17:09:28,412:WARNING: Stopped
2021-10-19 17:09:28,452:ERROR: unknown header: LC:22.00
2021-10-19 17:09:28,870:INFO: State.STOP
2021-10-19 17:09:28,873:INFO: BT1   BT2   TT1   TT2   AT    X    Y    Z    BP1   BP2   TP1   TP2   HP      AP       PD   PC     HL EL BF SF   PF   BV    rpm             State MissionState Setpoint Error Depth 
2021-10-19 17:09:28,874:INFO: 24.96 24.41 24.79 24.95 25.11 0.00 0.01 0.00 11.16 11.38 10.08 10.35 1159.24 10315.94 1.45 100.00 0  0  0  None None 74.73 Buffering (0/1) STOP  IDLE         30.00    None  None  
2021-10-19 17:09:28,876:WARNING: Stopped
2021-10-19 17:09:28,916:ERROR: unknown header: LC:23.00
2021-10-19 17:09:29,334:INFO: State.STOP
2021-10-19 17:09:29,336:INFO: BT1   BT2   TT1   TT2   AT    X    Y    Z    BP1   BP2   TP1   TP2   HP      AP       PD   PC     HL EL BF SF   PF   BV    rpm             State MissionState Setpoint Error Depth 
2021-10-19 17:09:29,338:INFO: 24.96 24.41 24.79 24.96 25.11 0.00 0.01 0.00 11.16 11.38 10.08 10.35 1159.26 10315.46 1.45 100.00 0  0  0  None None 74.81 Buffering (0/1) STOP  IDLE         30.00    None  None  
2021-10-19 17:09:29,339:WARNING: Stopped
2021-10-19 17:09:29,377:ERROR: unknown header: LC:24.00
2021-10-19 17:09:29,794:INFO: State.STOP
2021-10-19 17:09:29,796:INFO: BT1   BT2   TT1   TT2   AT    X    Y    Z    BP1   BP2   TP1   TP2   HP      AP       PD   PC     HL EL BF SF   PF   BV    rpm             State MissionState Setpoint Error Depth 
2021-10-19 17:09:29,798:INFO: 24.96 24.41 24.78 24.96 25.11 0.00 0.01 0.00 11.16 11.38 10.08 10.36 1159.42 10315.00 1.45 100.00 0  0  0  None None 74.84 Buffering (0/1) STOP  IDLE         30.00    None  None  
2021-10-19 17:09:29,800:WARNING: Stopped
2021-10-19 17:09:29,840:ERROR: unknown header: LC:25.00
2021-10-19 17:09:30,256:INFO: State.STOP
2021-10-19 17:09:30,259:INFO: BT1   BT2   TT1   TT2   AT    X    Y    Z    BP1   BP2   TP1   TP2   HP      AP       PD   PC     HL EL BF SF   PF   BV    rpm             State MissionState Setpoint Error Depth 
2021-10-19 17:09:30,260:INFO: 24.96 24.41 24.78 24.96 25.11 0.00 0.01 0.00 11.17 11.38 10.08 10.36 1159.38 10314.48 1.45 100.00 0  0  0  None None 74.91 Buffering (0/1) STOP  IDLE         30.00    None  None  
2021-10-19 17:09:30,261:WARNING: Stopped
2021-10-19 17:09:30,305:ERROR: unknown header: LC:26.00
2021-10-19 17:09:30,722:INFO: State.STOP
2021-10-19 17:09:30,725:INFO: BT1   BT2   TT1   TT2   AT    X    Y    Z    BP1   BP2   TP1   TP2   HP      AP       PD   PC     HL EL BF SF   PF   BV    rpm             State MissionState Setpoint Error Depth 
2021-10-19 17:09:30,726:INFO: 24.96 24.41 24.78 24.96 25.11 0.01 0.00 0.00 11.17 11.38 10.08 10.36 1159.22 10314.02 1.45 100.00 0  0  0  None None 74.93 Buffering (0/1) STOP  IDLE         30.00    None  None  
2021-10-19 17:09:30,728:WARNING: Stopped
2021-10-19 17:09:30,769:ERROR: unknown header: LC:27.00
2021-10-19 17:09:31,186:INFO: State.STOP
2021-10-19 17:09:31,188:INFO: BT1   BT2   TT1   TT2   AT    X    Y    Z    BP1   BP2   TP1   TP2   HP      AP       PD   PC     HL EL BF SF   PF   BV    rpm             State MissionState Setpoint Error Depth 
2021-10-19 17:09:31,190:INFO: 24.96 24.42 24.78 24.96 25.11 0.01 0.00 0.00 11.16 11.38 10.08 10.36 1159.14 10313.48 1.45 100.00 0  0  0  None None 74.97 Buffering (0/1) STOP  IDLE         30.00    None  None  
2021-10-19 17:09:31,191:WARNING: Stopped
2021-10-19 17:09:31,232:ERROR: unknown header: LC:28.00
2021-10-19 17:09:31,649:INFO: State.STOP
2021-10-19 17:09:31,652:INFO: BT1   BT2   TT1   TT2   AT    X    Y     Z    BP1   BP2   TP1   TP2   HP      AP       PD   PC     HL EL BF SF   PF   BV    rpm             State MissionState Setpoint Error Depth 
2021-10-19 17:09:31,653:INFO: 24.96 24.41 24.78 24.96 25.11 0.01 -0.00 0.00 11.16 11.38 10.08 10.36 1159.32 10313.18 1.45 100.00 0  0  0  None None 74.93 Buffering (0/1) STOP  IDLE         30.00    None  None  
2021-10-19 17:09:31,655:WARNING: Stopped
2021-10-19 17:09:31,695:ERROR: unknown header: LC:29.00
2021-10-19 17:09:32,114:INFO: State.STOP
2021-10-19 17:09:32,117:INFO: BT1   BT2   TT1   TT2   AT    X    Y     Z    BP1   BP2   TP1   TP2   HP      AP       PD   PC     HL EL BF SF   PF   BV    rpm             State MissionState Setpoint Error Depth 
2021-10-19 17:09:32,118:INFO: 24.96 24.40 24.78 24.96 25.11 0.01 -0.00 0.00 11.16 11.38 10.08 10.36 1159.28 10312.68 1.45 100.00 0  0  0  None None 75.05 Buffering (0/1) STOP  IDLE         30.00    None  None  
2021-10-19 17:09:32,119:WARNING: Stopped
2021-10-19 17:09:32,158:ERROR: unknown header: LC:30.00
2021-10-19 17:09:32,574:INFO: State.STOP
2021-10-19 17:09:32,576:INFO: BT1   BT2   TT1   TT2   AT    X    Y    Z    BP1   BP2   TP1   TP2   HP      AP       PD   PC     HL EL BF SF   PF   BV    rpm             State MissionState Setpoint Error Depth 
2021-10-19 17:09:32,578:INFO: 24.96 24.40 24.78 24.96 25.11 0.01 0.00 0.00 11.16 11.38 10.08 10.36 1159.40 10312.36 1.45 100.00 0  0  0  None None 75.04 Buffering (0/1) STOP  IDLE         30.00    None  None  
2021-10-19 17:09:32,579:WARNING: Stopped
2021-10-19 17:09:32,621:ERROR: unknown header: LC:31.00
2021-10-19 17:09:33,039:INFO: State.STOP
2021-10-19 17:09:33,042:INFO: BT1   BT2   TT1   TT2   AT    X    Y    Z    BP1   BP2   TP1   TP2   HP      AP       PD   PC     HL EL BF SF   PF   BV    rpm             State MissionState Setpoint Error Depth 
2021-10-19 17:09:33,043:INFO: 24.96 24.39 24.78 24.96 25.11 0.01 0.00 0.00 11.16 11.38 10.08 10.36 1159.48 10311.90 1.45 100.00 0  0  0  None None 75.10 Buffering (0/1) STOP  IDLE         30.00    None  None  
2021-10-19 17:09:33,045:WARNING: Stopped
2021-10-19 17:09:33,081:ERROR: unknown header: LC:32.00
2021-10-19 17:09:33,500:INFO: State.STOP
2021-10-19 17:09:33,502:INFO: BT1   BT2   TT1   TT2   AT    X    Y     Z    BP1   BP2   TP1   TP2   HP      AP       PD   PC     HL EL BF SF   PF   BV    rpm             State MissionState Setpoint Error Depth 
2021-10-19 17:09:33,504:INFO: 24.96 24.39 24.78 24.96 25.11 0.01 -0.01 0.00 11.16 11.38 10.08 10.36 1159.44 10311.48 1.45 100.00 0  0  0  None None 75.15 Buffering (0/1) STOP  IDLE         30.00    None  None  
2021-10-19 17:09:33,505:WARNING: Stopped
2021-10-19 17:09:33,545:ERROR: unknown header: LC:33.00
2021-10-19 17:09:33,962:INFO: State.STOP
2021-10-19 17:09:33,964:INFO: BT1   BT2   TT1   TT2   AT    X    Y     Z    BP1   BP2   TP1   TP2   HP      AP       PD   PC     HL EL BF SF   PF   BV    rpm             State MissionState Setpoint Error Depth 
2021-10-19 17:09:33,966:INFO: 24.96 24.40 24.78 24.96 25.11 0.01 -0.01 0.00 11.16 11.38 10.08 10.36 1159.14 10310.96 1.45 100.00 0  0  0  None None 75.15 Buffering (0/1) STOP  IDLE         30.00    None  None  
2021-10-19 17:09:33,967:WARNING: Stopped
2021-10-19 17:09:34,009:ERROR: unknown header: LC:34.00
2021-10-19 17:09:34,425:INFO: State.STOP
2021-10-19 17:09:34,427:INFO: BT1   BT2   TT1   TT2   AT    X    Y     Z    BP1   BP2   TP1   TP2   HP      AP       PD   PC     HL EL BF SF   PF   BV    rpm             State MissionState Setpoint Error Depth 
2021-10-19 17:09:34,429:INFO: 24.96 24.39 24.78 24.96 25.11 0.01 -0.01 0.00 11.16 11.38 10.08 10.36 1159.20 10310.52 1.45 100.00 0  0  0  None None 75.21 Buffering (0/1) STOP  IDLE         30.00    None  None  
2021-10-19 17:09:34,430:WARNING: Stopped
2021-10-19 17:09:34,473:ERROR: unknown header: LC:35.00
2021-10-19 17:09:34,892:INFO: State.STOP
2021-10-19 17:09:34,894:INFO: BT1   BT2   TT1   TT2   AT    X    Y     Z    BP1   BP2   TP1   TP2   HP      AP       PD   PC     HL EL BF SF   PF   BV    rpm             State MissionState Setpoint Error Depth 
2021-10-19 17:09:34,896:INFO: 24.96 24.39 24.78 24.96 25.11 0.01 -0.01 0.00 11.16 11.39 10.08 10.36 1159.20 10310.10 1.45 100.00 0  0  0  None None 75.22 Buffering (0/1) STOP  IDLE         30.00    None  None  
2021-10-19 17:09:34,898:WARNING: Stopped
2021-10-19 17:09:34,939:ERROR: unknown header: LC:36.00
2021-10-19 17:09:35,356:INFO: State.STOP
2021-10-19 17:09:35,358:INFO: BT1   BT2   TT1   TT2   AT    X    Y     Z    BP1   BP2   TP1   TP2   HP      AP       PD   PC     HL EL BF SF   PF   BV    rpm             State MissionState Setpoint Error Depth 
2021-10-19 17:09:35,360:INFO: 24.96 24.40 24.78 24.96 25.11 0.01 -0.00 0.00 11.16 11.38 10.08 10.36 1159.24 10309.70 1.45 100.00 0  0  0  None None 75.27 Buffering (0/1) STOP  IDLE         30.00    None  None  
2021-10-19 17:09:35,361:WARNING: Stopped
2021-10-19 17:09:35,402:ERROR: unknown header: LC:37.00
2021-10-19 17:09:35,822:INFO: State.STOP
2021-10-19 17:09:35,824:INFO: BT1   BT2   TT1   TT2   AT    X    Y     Z    BP1   BP2   TP1   TP2   HP      AP       PD   PC     HL EL BF SF   PF   BV    rpm             State MissionState Setpoint Error Depth 
2021-10-19 17:09:35,826:INFO: 24.96 24.40 24.78 24.96 25.11 0.01 -0.00 0.00 11.16 11.38 10.08 10.36 1159.32 10309.32 1.45 100.00 0  0  0  None None 75.31 Buffering (0/1) STOP  IDLE         30.00    None  None  
2021-10-19 17:09:35,827:WARNING: Stopped
2021-10-19 17:09:35,868:ERROR: unknown header: LC:38.00
2021-10-19 17:09:36,285:INFO: State.STOP
2021-10-19 17:09:36,287:INFO: BT1   BT2   TT1   TT2   AT    X    Y     Z    BP1   BP2   TP1   TP2   HP      AP       PD   PC     HL EL BF SF   PF   BV    rpm             State MissionState Setpoint Error Depth 
2021-10-19 17:09:36,289:INFO: 24.96 24.40 24.78 24.96 25.10 0.01 -0.00 0.00 11.16 11.38 10.08 10.36 1159.48 10308.86 1.45 100.00 0  0  0  None None 75.31 Buffering (0/1) STOP  IDLE         30.00    None  None  
2021-10-19 17:09:36,290:WARNING: Stopped
2021-10-19 17:09:36,328:ERROR: unknown header: LC:39.00
2021-10-19 17:09:36,744:INFO: State.STOP
2021-10-19 17:09:36,746:INFO: BT1   BT2   TT1   TT2   AT    X    Y    Z    BP1   BP2   TP1   TP2   HP      AP       PD   PC     HL EL BF SF   PF   BV    rpm             State MissionState Setpoint Error Depth 
2021-10-19 17:09:36,748:INFO: 24.96 24.40 24.78 24.96 25.11 0.00 0.00 0.00 11.16 11.38 10.08 10.36 1159.48 10308.46 1.45 100.00 0  0  0  None None 75.40 Buffering (0/1) STOP  IDLE         30.00    None  None  
2021-10-19 17:09:36,749:WARNING: Stopped
2021-10-19 17:09:36,790:ERROR: unknown header: LC:40.00
2021-10-19 17:09:37,207:INFO: State.STOP
2021-10-19 17:09:37,209:INFO: BT1   BT2   TT1   TT2   AT    X    Y    Z    BP1   BP2   TP1   TP2   HP      AP       PD   PC     HL EL BF SF   PF   BV    rpm             State MissionState Setpoint Error Depth 
2021-10-19 17:09:37,210:INFO: 24.96 24.41 24.78 24.96 25.10 0.00 0.00 0.00 11.16 11.38 10.08 10.36 1159.54 10308.02 1.45 100.00 0  0  0  None None 75.37 Buffering (0/1) STOP  IDLE         30.00    None  None  
2021-10-19 17:09:37,211:WARNING: Stopped
2021-10-19 17:09:37,254:ERROR: unknown header: LC:41.00
2021-10-19 17:09:37,673:INFO: State.STOP
2021-10-19 17:09:37,675:INFO: BT1   BT2   TT1   TT2   AT    X    Y    Z    BP1   BP2   TP1   TP2   HP      AP       PD   PC     HL EL BF SF   PF   BV    rpm             State MissionState Setpoint Error Depth 
2021-10-19 17:09:37,677:INFO: 24.96 24.41 24.78 24.96 25.10 0.00 0.00 0.00 11.16 11.38 10.08 10.36 1159.58 10307.52 1.45 100.00 0  0  0  None None 75.47 Buffering (0/1) STOP  IDLE         30.00    None  None  
2021-10-19 17:09:37,678:WARNING: Stopped
2021-10-19 17:09:37,718:ERROR: unknown header: LC:42.00
2021-10-19 17:09:38,137:INFO: State.STOP
2021-10-19 17:09:38,139:INFO: BT1   BT2   TT1   TT2   AT    X    Y    Z    BP1   BP2   TP1   TP2   HP      AP       PD   PC     HL EL BF SF   PF   BV    rpm             State MissionState Setpoint Error Depth 
2021-10-19 17:09:38,141:INFO: 24.96 24.41 24.78 24.96 25.10 0.00 0.00 0.00 11.16 11.38 10.08 10.36 1159.64 10307.16 1.45 100.00 0  0  0  None None 75.46 Buffering (0/1) STOP  IDLE         30.00    None  None  
2021-10-19 17:09:38,142:WARNING: Stopped
2021-10-19 17:09:38,183:ERROR: unknown header: LC:43.00
2021-10-19 17:09:38,601:INFO: State.STOP
2021-10-19 17:09:38,603:INFO: BT1   BT2   TT1   TT2   AT    X    Y    Z    BP1   BP2   TP1   TP2   HP      AP       PD   PC     HL EL BF SF   PF   BV    rpm             State MissionState Setpoint Error Depth 
2021-10-19 17:09:38,605:INFO: 24.96 24.41 24.78 24.96 25.10 0.00 0.01 0.00 11.16 11.38 10.08 10.36 1159.62 10306.74 1.45 100.00 0  0  0  None None 75.49 Buffering (0/1) STOP  IDLE         30.00    None  None  
2021-10-19 17:09:38,606:WARNING: Stopped
2021-10-19 17:09:38,647:ERROR: unknown header: LC:44.00
2021-10-19 17:09:39,066:INFO: State.STOP
2021-10-19 17:09:39,068:INFO: BT1   BT2   TT1   TT2   AT    X    Y    Z    BP1   BP2   TP1   TP2   HP      AP       PD   PC     HL EL BF SF   PF   BV    rpm             State MissionState Setpoint Error Depth 
2021-10-19 17:09:39,070:INFO: 24.96 24.41 24.78 24.96 25.10 0.00 0.01 0.00 11.16 11.38 10.08 10.36 1159.58 10306.34 1.45 100.00 0  0  0  None None 75.56 Buffering (0/1) STOP  IDLE         30.00    None  None  
2021-10-19 17:09:39,071:WARNING: Stopped
2021-10-19 17:09:39,110:ERROR: unknown header: LC:45.00
2021-10-19 17:09:39,529:INFO: State.STOP
2021-10-19 17:09:39,531:INFO: BT1   BT2   TT1   TT2   AT    X     Y    Z    BP1   BP2   TP1   TP2   HP      AP       PD   PC     HL EL BF SF   PF   BV    rpm             State MissionState Setpoint Error Depth 
2021-10-19 17:09:39,533:INFO: 24.96 24.40 24.78 24.96 25.10 -0.00 0.01 0.00 11.16 11.38 10.08 10.36 1159.56 10305.88 1.45 100.00 0  0  0  None None 75.56 Buffering (0/1) STOP  IDLE         30.00    None  None  
2021-10-19 17:09:39,534:WARNING: Stopped
2021-10-19 17:09:39,571:ERROR: unknown header: LC:46.00
2021-10-19 17:09:39,991:INFO: State.STOP
2021-10-19 17:09:39,994:INFO: BT1   BT2   TT1   TT2   AT    X     Y    Z    BP1   BP2   TP1   TP2   HP      AP       PD   PC     HL EL BF SF   PF   BV    rpm             State MissionState Setpoint Error Depth 
2021-10-19 17:09:39,995:INFO: 24.96 24.40 24.78 24.96 25.10 -0.00 0.01 0.00 11.16 11.38 10.08 10.36 1159.64 10305.56 1.45 100.00 0  0  0  None None 75.61 Buffering (0/1) STOP  IDLE         30.00    None  None  
2021-10-19 17:09:39,996:WARNING: Stopped
2021-10-19 17:09:40,035:ERROR: unknown header: LC:47.00
2021-10-19 17:09:40,453:INFO: State.STOP
2021-10-19 17:09:40,455:INFO: BT1   BT2   TT1   TT2   AT    X     Y    Z    BP1   BP2   TP1   TP2   HP      AP       PD   PC     HL EL BF SF   PF   BV    rpm             State MissionState Setpoint Error Depth 
2021-10-19 17:09:40,456:INFO: 24.96 24.41 24.78 24.96 25.10 -0.00 0.00 0.00 11.16 11.38 10.08 10.36 1159.68 10305.16 1.45 100.00 0  0  0  None None 75.62 Buffering (0/1) STOP  IDLE         30.00    None  None  
2021-10-19 17:09:40,458:WARNING: Stopped
2021-10-19 17:09:40,495:ERROR: unknown header: LC:48.00
2021-10-19 17:09:40,912:INFO: State.STOP
2021-10-19 17:09:40,915:INFO: BT1   BT2   TT1   TT2   AT    X     Y    Z    BP1   BP2   TP1   TP2   HP      AP       PD   PC     HL EL BF SF   PF   BV    rpm             State MissionState Setpoint Error Depth 
2021-10-19 17:09:40,916:INFO: 24.96 24.40 24.78 24.96 25.10 -0.00 0.00 0.00 11.16 11.38 10.08 10.36 1159.72 10304.76 1.45 100.00 0  0  0  None None 75.66 Buffering (0/1) STOP  IDLE         30.00    None  None  
2021-10-19 17:09:40,917:WARNING: Stopped
2021-10-19 17:09:40,958:ERROR: unknown header: LC:49.00
2021-10-19 17:09:41,375:INFO: State.STOP
2021-10-19 17:09:41,378:INFO: BT1   BT2   TT1   TT2   AT    X    Y    Z    BP1   BP2   TP1   TP2   HP      AP       PD   PC     HL EL BF SF   PF   BV    rpm             State MissionState Setpoint Error Depth 
2021-10-19 17:09:41,379:INFO: 24.96 24.40 24.78 24.96 25.10 0.00 0.00 0.00 11.16 11.39 10.08 10.36 1159.80 10304.38 1.45 100.00 0  0  0  None None 75.70 Buffering (0/1) STOP  IDLE         30.00    None  None  
2021-10-19 17:09:41,380:WARNING: Stopped
2021-10-19 17:09:41,423:ERROR: unknown header: LC:50.00
2021-10-19 17:09:41,840:INFO: State.STOP
2021-10-19 17:09:41,842:INFO: BT1   BT2   TT1   TT2   AT    X    Y    Z    BP1   BP2   TP1   TP2   HP      AP       PD   PC     HL EL BF SF   PF   BV    rpm             State MissionState Setpoint Error Depth 
2021-10-19 17:09:41,844:INFO: 24.96 24.40 24.78 24.96 25.10 0.00 0.00 0.00 11.16 11.39 10.08 10.36 1159.76 10304.04 1.45 100.00 0  0  0  None None 75.70 Buffering (0/1) STOP  IDLE         30.00    None  None  
2021-10-19 17:09:41,845:WARNING: Stopped
2021-10-19 17:09:41,885:ERROR: unknown header: LC:51.00
2021-10-19 17:09:42,304:INFO: State.STOP
2021-10-19 17:09:42,306:INFO: BT1   BT2   TT1   TT2   AT    X    Y    Z    BP1   BP2   TP1   TP2   HP      AP       PD   PC     HL EL BF SF   PF   BV    rpm             State MissionState Setpoint Error Depth 
2021-10-19 17:09:42,308:INFO: 24.96 24.40 24.78 24.96 25.10 0.00 0.00 0.00 11.16 11.39 10.08 10.36 1159.72 10303.68 1.45 100.00 0  0  0  None None 75.78 Buffering (0/1) STOP  IDLE         30.00    None  None  
2021-10-19 17:09:42,309:WARNING: Stopped
2021-10-19 17:09:42,349:ERROR: unknown header: LC:52.00
2021-10-19 17:09:42,769:INFO: State.STOP
2021-10-19 17:09:42,772:INFO: BT1   BT2   TT1   TT2   AT    X    Y     Z    BP1   BP2   TP1   TP2   HP      AP       PD   PC     HL EL BF SF   PF   BV    rpm             State MissionState Setpoint Error Depth 
2021-10-19 17:09:42,773:INFO: 24.96 24.39 24.78 24.96 25.10 0.00 -0.00 0.00 11.16 11.39 10.08 10.36 1159.80 10303.08 1.45 100.00 0  0  0  None None 75.87 Buffering (0/1) STOP  IDLE         30.00    None  None  
2021-10-19 17:09:42,774:WARNING: Stopped
2021-10-19 17:09:42,815:ERROR: unknown header: LC:53.00
2021-10-19 17:09:43,232:INFO: State.STOP
2021-10-19 17:09:43,234:INFO: BT1   BT2   TT1   TT2   AT    X    Y     Z    BP1   BP2   TP1   TP2   HP      AP       PD   PC     HL EL BF SF   PF   BV    rpm             State MissionState Setpoint Error Depth 
2021-10-19 17:09:43,236:INFO: 24.96 24.39 24.78 24.96 25.10 0.00 -0.00 0.00 11.16 11.39 10.08 10.36 1159.76 10302.66 1.45 100.00 0  0  0  None None 75.83 Buffering (0/1) STOP  IDLE         30.00    None  None  
2021-10-19 17:09:43,237:WARNING: Stopped
2021-10-19 17:09:43,278:ERROR: unknown header: LC:54.00
2021-10-19 17:09:43,698:INFO: State.STOP
2021-10-19 17:09:43,700:INFO: BT1   BT2   TT1   TT2   AT    X    Y     Z    BP1   BP2   TP1   TP2   HP      AP       PD   PC     HL EL BF SF   PF   BV    rpm             State MissionState Setpoint Error Depth 
2021-10-19 17:09:43,702:INFO: 24.96 24.39 24.78 24.96 25.10 0.01 -0.00 0.00 11.16 11.38 10.08 10.36 1159.70 10302.16 1.45 100.00 0  0  0  None None 75.90 Buffering (0/1) STOP  IDLE         30.00    None  None  
2021-10-19 17:09:43,703:WARNING: Stopped
2021-10-19 17:09:43,742:ERROR: unknown header: LC:55.00
2021-10-19 17:09:44,161:INFO: State.STOP
2021-10-19 17:09:44,163:INFO: BT1   BT2   TT1   TT2   AT    X    Y     Z    BP1   BP2   TP1   TP2   HP      AP       PD   PC     HL EL BF SF   PF   BV    rpm             State MissionState Setpoint Error Depth 
2021-10-19 17:09:44,165:INFO: 24.96 24.40 24.78 24.96 25.10 0.01 -0.00 0.00 11.16 11.38 10.08 10.36 1159.68 10301.66 1.45 100.00 0  0  0  None None 75.91 Buffering (0/1) STOP  IDLE         30.00    None  None  
2021-10-19 17:09:44,166:WARNING: Stopped
2021-10-19 17:09:44,204:ERROR: unknown header: LC:56.00
2021-10-19 17:09:44,623:INFO: State.STOP
2021-10-19 17:09:44,625:INFO: BT1   BT2   TT1   TT2   AT    X    Y     Z    BP1   BP2   TP1   TP2   HP      AP       PD   PC     HL EL BF SF   PF   BV    rpm             State MissionState Setpoint Error Depth 
2021-10-19 17:09:44,627:INFO: 24.96 24.40 24.79 24.97 25.10 0.01 -0.01 0.00 11.16 11.38 10.08 10.36 1159.66 10301.14 1.45 100.00 0  0  0  None None 75.97 Buffering (0/1) STOP  IDLE         30.00    None  None  
2021-10-19 17:09:44,628:WARNING: Stopped
2021-10-19 17:09:44,663:ERROR: unknown header: LC:57.00
2021-10-19 17:09:45,081:INFO: State.STOP
2021-10-19 17:09:45,084:INFO: BT1   BT2   TT1   TT2   AT    X    Y     Z    BP1   BP2   TP1   TP2   HP      AP       PD   PC     HL EL BF SF   PF   BV    rpm             State MissionState Setpoint Error Depth 
2021-10-19 17:09:45,086:INFO: 24.96 24.41 24.79 24.96 25.10 0.01 -0.01 0.00 11.16 11.38 10.08 10.36 1159.72 10300.74 1.45 100.00 0  0  0  None None 76.01 Buffering (0/1) STOP  IDLE         30.00    None  None  
2021-10-19 17:09:45,087:WARNING: Stopped
2021-10-19 17:09:45,121:ERROR: unknown header: LC:58.00
2021-10-19 17:09:45,538:INFO: State.STOP
2021-10-19 17:09:45,541:INFO: BT1   BT2   TT1   TT2   AT    X    Y     Z    BP1   BP2   TP1   TP2   HP      AP       PD   PC     HL EL BF SF   PF   BV    rpm             State MissionState Setpoint Error Depth 
2021-10-19 17:09:45,542:INFO: 24.96 24.41 24.79 24.97 25.10 0.00 -0.01 0.00 11.16 11.38 10.08 10.36 1159.90 10300.24 1.45 100.00 0  0  0  None None 76.04 Buffering (0/1) STOP  IDLE         30.00    None  None  
2021-10-19 17:09:45,543:WARNING: Stopped
2021-10-19 17:09:45,583:ERROR: unknown header: LC:59.00
2021-10-19 17:09:46,004:INFO: State.STOP
2021-10-19 17:09:46,007:INFO: BT1   BT2   TT1   TT2   AT    X    Y     Z    BP1   BP2   TP1   TP2   HP      AP       PD   PC     HL EL BF SF   PF   BV    rpm             State MissionState Setpoint Error Depth 
2021-10-19 17:09:46,009:INFO: 24.96 24.40 24.79 24.97 25.10 0.00 -0.01 0.00 11.16 11.38 10.08 10.36 1160.00 10299.88 1.45 100.00 0  0  0  None None 76.05 Buffering (0/1) STOP  IDLE         30.00    None  None  
2021-10-19 17:09:46,010:WARNING: Stopped
2021-10-19 17:09:46,048:ERROR: unknown header: LC:60.00
2021-10-19 17:09:46,467:INFO: State.STOP
2021-10-19 17:09:46,470:INFO: BT1   BT2   TT1   TT2   AT    X    Y     Z    BP1   BP2   TP1   TP2   HP      AP       PD   PC     HL EL BF SF   PF   BV    rpm             State MissionState Setpoint Error Depth 
2021-10-19 17:09:46,471:INFO: 24.96 24.40 24.79 24.97 25.10 0.00 -0.01 0.00 11.16 11.38 10.08 10.36 1160.10 10299.48 1.45 100.00 0  0  0  None None 76.08 Buffering (0/1) STOP  IDLE         30.00    None  None  
2021-10-19 17:09:46,472:WARNING: Stopped
2021-10-19 17:09:46,510:ERROR: unknown header: LC:61.00
2021-10-19 17:09:46,929:INFO: State.STOP
2021-10-19 17:09:46,931:INFO: BT1   BT2   TT1   TT2   AT    X    Y     Z    BP1   BP2   TP1   TP2   HP      AP       PD   PC     HL EL BF SF   PF   BV    rpm             State MissionState Setpoint Error Depth 
2021-10-19 17:09:46,933:INFO: 24.96 24.40 24.79 24.96 25.10 0.00 -0.01 0.00 11.16 11.38 10.08 10.36 1160.10 10299.14 1.45 100.00 0  0  0  None None 76.11 Buffering (0/1) STOP  IDLE         30.00    None  None  
2021-10-19 17:09:46,934:WARNING: Stopped
2021-10-19 17:09:46,974:ERROR: unknown header: LC:62.00
2021-10-19 17:09:47,393:INFO: State.STOP
2021-10-19 17:09:47,395:INFO: BT1   BT2   TT1   TT2   AT    X    Y     Z    BP1   BP2   TP1   TP2   HP      AP       PD   PC     HL EL BF SF   PF   BV    rpm             State MissionState Setpoint Error Depth 
2021-10-19 17:09:47,397:INFO: 24.96 24.40 24.80 24.96 25.10 0.00 -0.01 0.00 11.16 11.38 10.08 10.36 1159.96 10298.80 1.45 100.00 0  0  0  None None 76.18 Buffering (0/1) STOP  IDLE         30.00    None  None  
2021-10-19 17:09:47,398:WARNING: Stopped
2021-10-19 17:09:47,440:ERROR: unknown header: LC:63.00
2021-10-19 17:09:47,856:INFO: State.STOP
2021-10-19 17:09:47,858:INFO: BT1   BT2   TT1   TT2   AT    X    Y     Z    BP1   BP2   TP1   TP2   HP      AP       PD   PC     HL EL BF SF   PF   BV    rpm             State MissionState Setpoint Error Depth 
2021-10-19 17:09:47,860:INFO: 24.96 24.40 24.80 24.96 25.10 0.00 -0.01 0.00 11.16 11.38 10.08 10.36 1159.78 10298.50 1.45 100.00 0  0  0  None None 76.16 Buffering (0/1) STOP  IDLE         30.00    None  None  
2021-10-19 17:09:47,861:WARNING: Stopped
2021-10-19 17:09:47,898:ERROR: unknown header: LC:64.00
2021-10-19 17:09:48,317:INFO: State.STOP
2021-10-19 17:09:48,320:INFO: BT1   BT2   TT1   TT2   AT    X    Y     Z    BP1   BP2   TP1   TP2   HP      AP       PD   PC     HL EL BF SF   PF   BV    rpm             State MissionState Setpoint Error Depth 
2021-10-19 17:09:48,321:INFO: 24.96 24.41 24.80 24.96 25.10 0.00 -0.01 0.00 11.16 11.38 10.08 10.35 1159.02 10298.18 1.46 100.00 0  0  0  None None 76.21 Buffering (0/1) STOP  IDLE         30.00    None  None  
2021-10-19 17:09:48,322:WARNING: Stopped
2021-10-19 17:09:48,357:ERROR: unknown header: LC:65.00
2021-10-19 17:09:48,774:INFO: State.STOP
2021-10-19 17:09:48,777:INFO: BT1   BT2   TT1   TT2   AT    X    Y    Z    BP1   BP2   TP1   TP2   HP      AP       PD   PC     HL EL BF SF   PF   BV    rpm             State MissionState Setpoint Error Depth 
2021-10-19 17:09:48,779:INFO: 24.96 24.40 24.80 24.96 25.11 0.06 0.06 0.05 11.14 11.36 10.06 10.34 1156.90 10297.72 1.47 100.00 0  0  0  None None 76.30 Buffering (0/1) STOP  IDLE         30.00    None  None  
2021-10-19 17:09:48,780:WARNING: Stopped
2021-10-19 17:09:48,818:ERROR: unknown header: LC:66.00
2021-10-19 17:09:49,236:INFO: State.STOP
2021-10-19 17:09:49,238:INFO: BT1   BT2   TT1   TT2   AT    X    Y    Z    BP1   BP2   TP1   TP2   HP      AP       PD   PC     HL EL BF SF   PF   BV    rpm             State MissionState Setpoint Error Depth 
2021-10-19 17:09:49,241:INFO: 24.96 24.40 24.80 24.95 25.10 0.06 0.06 0.05 11.10 11.34 10.04 10.32 1153.68 10297.30 1.50 100.00 0  0  0  None None 76.26 Buffering (0/1) STOP  IDLE         30.00    None  None  
2021-10-19 17:09:49,242:WARNING: Stopped
2021-10-19 17:09:49,280:ERROR: unknown header: LC:67.00
2021-10-19 17:09:49,700:INFO: State.STOP
2021-10-19 17:09:49,703:INFO: BT1   BT2   TT1   TT2   AT    X    Y    Z    BP1   BP2   TP1   TP2   HP      AP       PD   PC     HL EL BF SF   PF   BV    rpm             State MissionState Setpoint Error Depth 
2021-10-19 17:09:49,705:INFO: 24.95 24.40 24.80 24.95 25.10 0.04 0.06 0.01 11.06 11.30 10.01 10.30 1150.06 10296.84 1.55 100.00 0  0  0  None None 76.34 Buffering (0/1) STOP  IDLE         30.00    None  None  
2021-10-19 17:09:49,706:WARNING: Stopped
2021-10-19 17:09:49,742:ERROR: unknown header: LC:68.00
2021-10-19 17:09:50,161:INFO: State.STOP
2021-10-19 17:09:50,164:INFO: BT1   BT2   TT1   TT2   AT    X    Y    Z    BP1   BP2   TP1  TP2   HP      AP       PD   PC     HL EL BF SF   PF   BV    rpm             State MissionState Setpoint Error Depth 
2021-10-19 17:09:50,166:INFO: 24.95 24.39 24.81 24.95 25.10 0.04 0.06 0.01 11.02 11.27 9.99 10.29 1146.62 10296.30 1.60 100.00 0  0  0  None None 76.39 Buffering (0/1) STOP  IDLE         30.00    None  None  
2021-10-19 17:09:50,167:WARNING: Stopped
2021-10-19 17:09:50,209:ERROR: unknown header: LC:69.00
2021-10-19 17:09:50,625:INFO: State.STOP
2021-10-19 17:09:50,628:INFO: BT1   BT2   TT1   TT2   AT    X     Y     Z     BP1   BP2   TP1  TP2   HP      AP       PD   PC     HL EL BF SF   PF   BV    rpm             State MissionState Setpoint Error Depth 
2021-10-19 17:09:50,630:INFO: 24.95 24.39 24.82 24.94 25.10 -0.01 -0.07 -0.04 10.99 11.24 9.97 10.27 1144.60 10295.80 1.62 100.00 0  0  0  None None 76.39 Buffering (0/1) STOP  IDLE         30.00    None  None  
2021-10-19 17:09:50,631:WARNING: Stopped
2021-10-19 17:09:50,672:ERROR: unknown header: LC:70.00
2021-10-19 17:09:51,091:INFO: State.STOP
2021-10-19 17:09:51,094:INFO: BT1   BT2   TT1   TT2   AT    X     Y     Z     BP1   BP2   TP1  TP2   HP      AP       PD   PC     HL EL BF SF   PF   BV    rpm             State MissionState Setpoint Error Depth 
2021-10-19 17:09:51,096:INFO: 24.94 24.39 24.83 24.93 25.10 -0.01 -0.07 -0.04 10.99 11.23 9.97 10.27 1144.60 10295.36 1.62 100.00 0  0  0  None None 76.45 Buffering (0/1) STOP  IDLE         30.00    None  None  
2021-10-19 17:09:51,097:WARNING: Stopped
2021-10-19 17:09:51,146:ERROR: unknown header: LC:71.00
2021-10-19 17:09:51,562:INFO: State.STOP
2021-10-19 17:09:51,565:INFO: BT1   BT2   TT1   TT2   AT    X    Y     Z     BP1   BP2   TP1  TP2   HP      AP       PD   PC     HL EL BF SF   PF   BV    rpm             State MissionState Setpoint Error Depth 
2021-10-19 17:09:51,567:INFO: 24.94 24.39 24.83 24.93 25.10 0.03 -0.11 -0.02 11.01 11.24 9.97 10.28 1146.12 10295.02 1.60 100.00 0  0  0  None None 76.43 Buffering (0/1) STOP  IDLE         30.00    None  None  
2021-10-19 17:09:51,569:WARNING: Stopped
2021-10-19 17:09:51,621:ERROR: unknown header: LC:72.00
2021-10-19 17:09:52,040:INFO: State.STOP
2021-10-19 17:09:52,043:INFO: BT1   BT2   TT1   TT2   AT    X    Y     Z     BP1   BP2   TP1  TP2   HP      AP       PD   PC     HL EL BF SF   PF   BV    rpm             State MissionState Setpoint Error Depth 
2021-10-19 17:09:52,046:INFO: 24.93 24.39 24.84 24.93 25.10 0.03 -0.11 -0.02 11.03 11.25 9.98 10.28 1148.02 10294.58 1.58 100.00 0  0  0  None None 76.53 Buffering (0/1) STOP  IDLE         30.00    None  None  
2021-10-19 17:09:52,047:WARNING: Stopped
2021-10-19 17:09:52,096:ERROR: unknown header: LC:73.00
2021-10-19 17:09:52,515:INFO: State.STOP
2021-10-19 17:09:52,518:INFO: BT1   BT2   TT1   TT2   AT    X    Y     Z    BP1   BP2   TP1  TP2   HP      AP       PD   PC     HL EL BF SF   PF   BV    rpm             State MissionState Setpoint Error Depth 
2021-10-19 17:09:52,519:INFO: 24.93 24.39 24.84 24.93 25.10 0.08 -0.10 0.00 11.05 11.26 9.98 10.27 1148.44 10294.24 1.56 100.00 0  0  0  None None 76.53 Buffering (0/1) STOP  IDLE         30.00    None  None  
2021-10-19 17:09:52,520:WARNING: Stopped
2021-10-19 17:09:52,570:ERROR: unknown header: LC:74.00
2021-10-19 17:09:52,988:INFO: State.STOP
2021-10-19 17:09:52,991:INFO: BT1   BT2   TT1   TT2   AT    X    Y     Z    BP1   BP2   TP1  TP2   HP      AP       PD   PC     HL EL BF SF   PF   BV    rpm             State MissionState Setpoint Error Depth 
2021-10-19 17:09:52,993:INFO: 24.92 24.38 24.84 24.94 25.10 0.08 -0.10 0.00 11.03 11.23 9.95 10.24 1145.58 10293.84 1.57 100.00 0  0  0  None None 76.54 Buffering (0/1) STOP  IDLE         30.00    None  None  
2021-10-19 17:09:52,994:WARNING: Stopped
2021-10-19 17:09:53,050:ERROR: unknown header: LC:75.00
2021-10-19 17:09:53,463:INFO: State.STOP
2021-10-19 17:09:53,465:INFO: BT1   BT2   TT1   TT2   AT    X    Y     Z     BP1   BP2   TP1  TP2   HP      AP       PD   PC     HL EL BF SF   PF   BV    rpm             State MissionState Setpoint Error Depth 
2021-10-19 17:09:53,468:INFO: 24.92 24.38 24.82 24.95 25.10 0.11 -0.14 -0.19 10.98 11.19 9.92 10.21 1140.82 10293.56 1.63 100.00 0  0  0  None None 76.57 Buffering (0/1) STOP  IDLE         30.00    None  None  
2021-10-19 17:09:53,469:WARNING: Stopped
2021-10-19 17:09:53,517:ERROR: unknown header: LC:76.00
2021-10-19 17:09:53,940:INFO: State.STOP
2021-10-19 17:09:53,944:INFO: BT1   BT2   TT1   TT2   AT    X    Y     Z     BP1   BP2   TP1  TP2   HP      AP       PD   PC     HL EL BF SF   PF   BV    rpm             State MissionState Setpoint Error Depth 
2021-10-19 17:09:53,946:INFO: 24.92 24.38 24.79 24.95 25.10 0.11 -0.14 -0.19 10.93 11.14 9.90 10.17 1135.62 10293.02 1.70 100.00 0  0  0  None None 76.63 Buffering (0/1) STOP  IDLE         30.00    None  None  
2021-10-19 17:09:53,948:WARNING: Stopped
2021-10-19 17:09:53,992:ERROR: unknown header: LC:77.00
2021-10-19 17:09:54,411:INFO: State.STOP
2021-10-19 17:09:54,415:INFO: BT1   BT2   TT1   TT2   AT    X    Y     Z     BP1   BP2   TP1  TP2   HP      AP       PD   PC     HL EL BF SF   PF   BV    rpm             State MissionState Setpoint Error Depth 
2021-10-19 17:09:54,417:INFO: 24.92 24.39 24.73 24.94 25.09 0.26 -0.22 -0.11 10.87 11.09 9.87 10.14 1130.00 10292.68 1.76 100.00 0  0  0  None None 76.64 Buffering (0/1) STOP  IDLE         30.00    None  None  
2021-10-19 17:09:54,419:WARNING: Stopped
2021-10-19 17:09:54,465:ERROR: unknown header: LC:78.00
2021-10-19 17:09:54,884:INFO: State.STOP
2021-10-19 17:09:54,887:INFO: BT1   BT2   TT1   TT2   AT    X    Y     Z     BP1   BP2   TP1  TP2   HP      AP       PD   PC     HL EL BF SF   PF   BV    rpm             State MissionState Setpoint Error Depth 
2021-10-19 17:09:54,889:INFO: 24.93 24.38 24.66 24.92 25.09 0.26 -0.22 -0.11 10.82 11.05 9.86 10.13 1126.06 10292.08 1.81 100.00 0  0  0  None None 76.75 Buffering (0/1) STOP  IDLE         30.00    None  None  
2021-10-19 17:09:54,890:WARNING: Stopped
2021-10-19 17:09:54,940:ERROR: unknown header: LC:79.00
2021-10-19 17:09:55,360:INFO: State.STOP
2021-10-19 17:09:55,363:INFO: BT1   BT2   TT1   TT2   AT    X    Y     Z     BP1   BP2   TP1  TP2   HP      AP       PD   PC     HL EL BF SF   PF   BV    rpm             State MissionState Setpoint Error Depth 
2021-10-19 17:09:55,365:INFO: 24.94 24.40 24.59 24.87 25.09 0.26 -0.22 -0.11 10.81 11.04 9.86 10.13 1125.52 10291.68 1.83 100.00 0  0  0  None None 76.70 Buffering (0/1) STOP  IDLE         30.00    None  None  
2021-10-19 17:09:55,367:WARNING: Stopped
2021-10-19 17:09:55,411:ERROR: unknown header: LC:80.00
2021-10-19 17:09:55,830:INFO: State.STOP
2021-10-19 17:09:55,832:INFO: BT1   BT2   TT1   TT2   AT    X    Y     Z     BP1   BP2   TP1  TP2   HP      AP       PD   PC     HL EL BF SF   PF   BV    rpm             State MissionState Setpoint Error Depth 
2021-10-19 17:09:55,835:INFO: 24.96 24.40 24.52 24.80 25.09 0.28 -0.14 -0.02 10.81 11.05 9.86 10.13 1125.90 10291.12 1.83 100.00 0  0  0  None None 76.80 Buffering (0/1) STOP  IDLE         30.00    None  None  
2021-10-19 17:09:55,836:WARNING: Stopped
2021-10-19 17:09:55,874:ERROR: unknown header: LC:81.00
2021-10-19 17:09:56,293:INFO: State.STOP
2021-10-19 17:09:56,296:INFO: BT1   BT2   TT1   TT2   AT    X    Y     Z     BP1   BP2   TP1  TP2   HP      AP       PD   PC     HL EL BF SF   PF   BV    rpm             State MissionState Setpoint Error Depth 
2021-10-19 17:09:56,298:INFO: 24.97 24.40 24.48 24.71 25.09 0.28 -0.14 -0.02 10.80 11.03 9.86 10.13 1124.70 10290.70 1.85 100.00 0  0  0  None None 76.80 Buffering (0/1) STOP  IDLE         30.00    None  None  
2021-10-19 17:09:56,299:WARNING: Stopped
2021-10-19 17:09:56,341:ERROR: unknown header: LC:82.00
2021-10-19 17:09:56,756:INFO: State.STOP
2021-10-19 17:09:56,759:INFO: BT1   BT2   TT1   TT2   AT    X    Y     Z     BP1   BP2   TP1  TP2   HP      AP       PD   PC     HL EL BF SF   PF   BV    rpm             State MissionState Setpoint Error Depth 
2021-10-19 17:09:56,761:INFO: 24.98 24.41 24.44 24.63 25.09 0.37 -0.06 -0.10 10.79 11.01 9.86 10.13 1123.02 10290.26 1.87 100.00 0  0  0  None None 76.83 Buffering (0/1) STOP  IDLE         30.00    None  None  
2021-10-19 17:09:56,762:WARNING: Stopped
2021-10-19 17:09:56,806:ERROR: unknown header: LC:83.00
2021-10-19 17:09:57,225:INFO: State.STOP
2021-10-19 17:09:57,228:INFO: BT1   BT2   TT1   TT2   AT    X    Y     Z     BP1   BP2   TP1  TP2   HP      AP       PD   PC     HL EL BF SF   PF   BV    rpm             State MissionState Setpoint Error Depth 
2021-10-19 17:09:57,230:INFO: 25.00 24.42 24.41 24.56 25.09 0.37 -0.06 -0.10 10.77 10.98 9.85 10.13 1119.84 10289.98 1.90 100.00 0  0  0  None None 76.87 Buffering (0/1) STOP  IDLE         30.00    None  None  
2021-10-19 17:09:57,231:WARNING: Stopped
2021-10-19 17:09:57,275:ERROR: unknown header: LC:84.00
2021-10-19 17:09:57,691:INFO: State.STOP
2021-10-19 17:09:57,694:INFO: BT1   BT2   TT1   TT2   AT    X    Y     Z    BP1   BP2   TP1  TP2   HP      AP       PD   PC     HL EL BF SF   PF   BV    rpm             State MissionState Setpoint Error Depth 
2021-10-19 17:09:57,696:INFO: 25.00 24.43 24.37 24.50 25.09 0.37 -0.10 0.10 10.70 10.91 9.86 10.13 1112.56 10289.66 1.96 100.00 0  0  0  None None 76.84 Buffering (0/1) STOP  IDLE         30.00    None  None  
2021-10-19 17:09:57,697:WARNING: Stopped
2021-10-19 17:09:57,742:ERROR: unknown header: LC:85.00
2021-10-19 17:09:58,160:INFO: State.STOP
2021-10-19 17:09:58,163:INFO: BT1   BT2   TT1   TT2   AT    X    Y     Z    BP1   BP2   TP1  TP2   HP      AP       PD   PC     HL EL BF SF   PF   BV    rpm             State MissionState Setpoint Error Depth 
2021-10-19 17:09:58,165:INFO: 25.01 24.45 24.31 24.46 25.09 0.37 -0.10 0.10 10.63 10.84 9.86 10.13 1105.14 10289.38 2.05 100.00 0  0  0  None None 76.89 Buffering (0/1) STOP  IDLE         30.00    None  None  
2021-10-19 17:09:58,166:WARNING: Stopped
2021-10-19 17:09:58,209:ERROR: unknown header: LC:86.00
2021-10-19 17:09:58,627:INFO: State.STOP
2021-10-19 17:09:58,630:INFO: BT1   BT2   TT1   TT2   AT    X    Y     Z    BP1   BP2   TP1  TP2   HP      AP       PD   PC     HL EL BF SF   PF   BV    rpm             State MissionState Setpoint Error Depth 
2021-10-19 17:09:58,632:INFO: 25.03 24.47 24.23 24.43 25.09 0.46 -0.22 0.16 10.57 10.79 9.86 10.13 1099.90 10289.02 2.11 100.00 0  0  0  None None 76.95 Buffering (0/1) STOP  IDLE         30.00    None  None  
2021-10-19 17:09:58,633:WARNING: Stopped
2021-10-19 17:09:58,676:ERROR: unknown header: LC:87.00
2021-10-19 17:09:59,095:INFO: State.STOP
2021-10-19 17:09:59,098:INFO: BT1   BT2   TT1   TT2   AT    X    Y     Z    BP1   BP2   TP1  TP2   HP      AP       PD   PC     HL EL BF SF   PF   BV    rpm             State MissionState Setpoint Error Depth 
2021-10-19 17:09:59,100:INFO: 25.04 24.49 24.15 24.40 25.09 0.46 -0.22 0.16 10.52 10.74 9.86 10.13 1094.98 10288.76 2.17 100.00 0  0  0  None None 76.94 Buffering (0/1) STOP  IDLE         30.00    None  None  
2021-10-19 17:09:59,101:WARNING: Stopped
2021-10-19 17:09:59,146:ERROR: unknown header: LC:88.00
2021-10-19 17:09:59,566:INFO: State.STOP
2021-10-19 17:09:59,569:INFO: BT1   BT2   TT1   TT2   AT    X    Y     Z    BP1   BP2   TP1  TP2   HP      AP       PD   PC     HL EL BF SF   PF   BV    rpm             State MissionState Setpoint Error Depth 
2021-10-19 17:09:59,571:INFO: 25.06 24.52 24.07 24.37 25.09 0.53 -0.21 0.00 10.47 10.69 9.86 10.13 1089.86 10288.48 2.21 100.00 0  0  0  None None 76.99 Buffering (0/1) STOP  IDLE         30.00    None  None  
2021-10-19 17:09:59,572:WARNING: Stopped
2021-10-19 17:09:59,621:ERROR: unknown header: LC:89.00
2021-10-19 17:10:00,037:INFO: State.STOP
2021-10-19 17:10:00,040:INFO: BT1   BT2   TT1   TT2   AT    X    Y     Z    BP1   BP2   TP1  TP2   HP      AP       PD   PC     HL EL BF SF   PF   BV    rpm             State MissionState Setpoint Error Depth 
2021-10-19 17:10:00,042:INFO: 25.10 24.55 23.99 24.35 25.09 0.53 -0.21 0.00 10.42 10.66 9.86 10.13 1086.28 10288.06 2.24 100.00 0  0  0  None None 77.01 Buffering (0/1) STOP  IDLE         30.00    None  None  
2021-10-19 17:10:00,043:WARNING: Stopped
2021-10-19 17:10:00,089:ERROR: unknown header: LC:90.00
2021-10-19 17:10:00,508:INFO: State.STOP
2021-10-19 17:10:00,510:INFO: BT1   BT2   TT1   TT2   AT    X    Y     Z    BP1   BP2   TP1  TP2   HP      AP       PD   PC     HL EL BF SF   PF   BV    rpm             State MissionState Setpoint Error Depth 
2021-10-19 17:10:00,512:INFO: 25.14 24.58 23.94 24.34 25.09 0.58 -0.13 0.05 10.37 10.61 9.85 10.13 1080.98 10287.56 2.37 100.00 0  0  0  None None 77.10 Buffering (0/1) STOP  IDLE         30.00    None  None  
2021-10-19 17:10:00,513:WARNING: Stopped
2021-10-19 17:10:00,568:ERROR: unknown header: LC:91.00
2021-10-19 17:10:00,986:INFO: State.STOP
2021-10-19 17:10:00,989:INFO: BT1   BT2   TT1   TT2   AT    X    Y     Z    BP1   BP2   TP1  TP2   HP      AP       PD   PC     HL EL BF SF   PF   BV    rpm             State MissionState Setpoint Error Depth 
2021-10-19 17:10:00,991:INFO: 25.19 24.62 23.90 24.34 25.09 0.58 -0.13 0.05 10.30 10.56 9.85 10.12 1074.90 10287.18 2.54 100.00 0  0  0  None None 77.11 Buffering (0/1) STOP  IDLE         30.00    None  None  
2021-10-19 17:10:00,992:WARNING: Stopped
2021-10-19 17:10:01,052:ERROR: unknown header: LC:92.00
2021-10-19 17:10:01,471:INFO: State.STOP
2021-10-19 17:10:01,474:INFO: BT1   BT2   TT1   TT2   AT    X    Y     Z    BP1   BP2   TP1  TP2   HP      AP       PD   PC     HL EL BF SF   PF   BV    rpm             State MissionState Setpoint Error Depth 
2021-10-19 17:10:01,476:INFO: 25.24 24.66 23.87 24.34 25.09 0.45 -0.16 0.09 10.23 10.50 9.85 10.12 1069.10 10286.76 2.69 100.00 0  0  0  None None 77.09 Buffering (0/1) STOP  IDLE         30.00    None  None  
2021-10-19 17:10:01,477:WARNING: Stopped
2021-10-19 17:10:01,536:ERROR: unknown header: LC:93.00
2021-10-19 17:10:01,955:INFO: State.STOP
2021-10-19 17:10:01,958:INFO: BT1   BT2   TT1   TT2   AT    X    Y     Z    BP1   BP2   TP1  TP2   HP      AP       PD   PC     HL EL BF SF   PF   BV    rpm             State MissionState Setpoint Error Depth 
2021-10-19 17:10:01,960:INFO: 25.29 24.70 23.85 24.35 25.09 0.45 -0.16 0.09 10.16 10.44 9.85 10.12 1063.02 10286.30 2.82 100.00 0  0  0  None None 77.18 Buffering (0/1) STOP  IDLE         30.00    None  None  
2021-10-19 17:10:01,961:WARNING: Stopped
2021-10-19 17:10:02,022:ERROR: unknown header: LC:94.00
2021-10-19 17:10:02,439:INFO: State.STOP
2021-10-19 17:10:02,441:INFO: BT1   BT2   TT1   TT2   AT    X    Y     Z     BP1   BP2   TP1  TP2   HP      AP       PD   PC    HL EL BF SF   PF   BV    rpm             State MissionState Setpoint Error Depth 
2021-10-19 17:10:02,443:INFO: 25.33 24.73 23.84 24.35 25.09 0.28 -0.17 -0.17 10.11 10.39 9.85 10.12 1058.08 10285.86 2.87 97.00 0  0  0  None None 77.19 Buffering (0/1) STOP  IDLE         30.00    None  None  
2021-10-19 17:10:02,445:WARNING: Stopped
2021-10-19 17:10:02,505:ERROR: unknown header: LC:95.00
2021-10-19 17:10:02,921:INFO: State.STOP
2021-10-19 17:10:02,924:INFO: BT1   BT2   TT1   TT2   AT    X    Y     Z     BP1   BP2   TP1  TP2   HP      AP       PD   PC    HL EL BF SF   PF   BV    rpm             State MissionState Setpoint Error Depth 
2021-10-19 17:10:02,926:INFO: 25.33 24.76 23.82 24.36 25.09 0.28 -0.17 -0.17 10.08 10.35 9.85 10.12 1055.12 10285.66 2.99 81.00 0  0  0  None None 77.19 Buffering (0/1) STOP  IDLE         30.00    None  None  
2021-10-19 17:10:02,927:WARNING: Stopped
2021-10-19 17:10:02,957:ERROR: unknown header: LC:96.00
2021-10-19 17:10:03,375:INFO: State.STOP
2021-10-19 17:10:03,377:INFO: BT1   BT2   TT1   TT2   AT    X    Y     Z     BP1   BP2   TP1  TP2   HP      AP       PD   PC     HL EL BF SF   PF   BV    rpm             State MissionState Setpoint Error Depth 
2021-10-19 17:10:03,379:INFO: 25.30 24.78 23.81 24.35 25.09 0.28 -0.17 -0.17 10.07 10.32 9.85 10.12 1052.44 10285.36 8.91 100.00 0  0  0  None None 77.21 Buffering (0/1) STOP  IDLE         30.00    None  None  
2021-10-19 17:10:03,381:WARNING: Stopped
2021-10-19 17:10:03,415:ERROR: unknown header: LC:97.00
2021-10-19 17:10:03,835:INFO: State.STOP
2021-10-19 17:10:03,838:INFO: BT1   BT2   TT1   TT2   AT    X    Y     Z     BP1   BP2   TP1  TP2   HP      AP       PD   PC     HL EL BF SF   PF   BV    rpm             State MissionState Setpoint Error Depth 
2021-10-19 17:10:03,840:INFO: 25.26 24.80 23.79 24.34 25.09 0.15 -0.08 -0.07 10.05 10.29 9.85 10.12 1049.98 10284.96 8.77 100.00 0  0  0  None None 77.25 Buffering (0/1) STOP  IDLE         30.00    None  None  
2021-10-19 17:10:03,842:WARNING: Stopped
2021-10-19 17:10:03,857:ERROR: unknown header: LC:98.00
2021-10-19 17:10:04,275:INFO: State.STOP
2021-10-19 17:10:04,277:INFO: BT1   BT2   TT1   TT2   AT    X    Y     Z     BP1   BP2   TP1  TP2   HP      AP       PD   PC     HL EL BF SF   PF   BV    rpm             State MissionState Setpoint Error Depth 
2021-10-19 17:10:04,280:INFO: 25.20 24.81 23.77 24.33 25.08 0.15 -0.08 -0.07 10.05 10.28 9.85 10.12 1049.30 10284.66 8.68 100.00 0  0  0  None None 77.28 Buffering (0/1) STOP  IDLE         30.00    None  None  
2021-10-19 17:10:04,281:WARNING: Stopped
2021-10-19 17:10:04,312:ERROR: unknown header: LC:99.00
2021-10-19 17:10:04,729:INFO: State.STOP
2021-10-19 17:10:04,731:INFO: BT1   BT2   TT1   TT2   AT    X     Y    Z    BP1   BP2   TP1  TP2   HP      AP       PD   PC     HL EL BF SF   PF   BV    rpm             State MissionState Setpoint Error Depth 
2021-10-19 17:10:04,734:INFO: 25.13 24.81 23.74 24.32 25.08 -0.08 0.01 0.05 10.05 10.28 9.85 10.12 1049.10 10284.38 8.67 100.00 0  0  0  None None 77.29 Buffering (0/1) STOP  IDLE         30.00    None  None  
2021-10-19 17:10:04,735:WARNING: Stopped
2021-10-19 17:10:04,760:ERROR: unknown header: LC:100.00
2021-10-19 17:10:05,174:INFO: State.STOP
2021-10-19 17:10:05,177:INFO: BT1   BT2   TT1   TT2   AT    X     Y    Z    BP1   BP2   TP1  TP2   HP      AP       PD   PC     HL EL BF SF   PF   BV    rpm             State MissionState Setpoint Error Depth 
2021-10-19 17:10:05,180:INFO: 25.07 24.81 23.71 24.30 25.08 -0.08 0.01 0.05 10.05 10.28 9.85 10.12 1049.18 10283.82 8.68 100.00 0  0  0  None None 77.42 Buffering (0/1) STOP  IDLE         30.00    None  None  
2021-10-19 17:10:05,181:WARNING: Stopped
2021-10-19 17:10:05,209:ERROR: unknown header: LC:101.00
2021-10-19 17:10:05,629:INFO: State.STOP
2021-10-19 17:10:05,632:INFO: BT1   BT2   TT1   TT2   AT    X     Y     Z     BP1   BP2   TP1  TP2   HP      AP       PD   PC    HL EL BF SF   PF   BV    rpm             State MissionState Setpoint Error Depth 
2021-10-19 17:10:05,635:INFO: 25.01 24.81 23.68 24.29 25.08 -0.10 -0.06 -0.02 10.05 10.28 9.85 10.12 1049.20 10283.46 8.81 63.00 0  0  0  None None 77.39 Buffering (0/1) STOP  IDLE         30.00    None  None  
2021-10-19 17:10:05,636:WARNING: Stopped
2021-10-19 17:10:05,653:ERROR: unknown header: LC:102.00
2021-10-19 17:10:06,071:INFO: State.STOP
2021-10-19 17:10:06,074:INFO: BT1   BT2   TT1   TT2   AT    X     Y     Z     BP1   BP2   TP1  TP2   HP      AP       PD   PC    HL EL BF SF   PF   BV    rpm             State MissionState Setpoint Error Depth 
2021-10-19 17:10:06,077:INFO: 24.95 24.80 23.65 24.27 25.09 -0.10 -0.06 -0.02 10.05 10.28 9.85 10.12 1049.34 10283.18 0.78 58.00 0  0  0  None None 77.39 Buffering (0/1) STOP  IDLE         30.00    None  None  
2021-10-19 17:10:06,078:WARNING: Stopped
2021-10-19 17:10:06,106:ERROR: unknown header: LC:103.00
2021-10-19 17:10:06,524:INFO: State.STOP
2021-10-19 17:10:06,527:INFO: BT1   BT2   TT1   TT2   AT    X     Y     Z     BP1   BP2   TP1  TP2   HP      AP       PD   PC    HL EL BF SF   PF   BV    rpm             State MissionState Setpoint Error Depth 
2021-10-19 17:10:06,529:INFO: 24.89 24.79 23.62 24.25 25.09 -0.02 -0.14 -0.26 10.05 10.28 9.85 10.12 1049.94 10282.86 0.89 52.00 0  0  0  None None 77.44 Buffering (0/1) STOP  IDLE         30.00    None  None  
2021-10-19 17:10:06,530:WARNING: Stopped
2021-10-19 17:10:06,560:ERROR: unknown header: LC:104.00
2021-10-19 17:10:06,977:INFO: State.STOP
2021-10-19 17:10:06,980:INFO: BT1   BT2   TT1   TT2   AT    X     Y     Z     BP1   BP2   TP1  TP2   HP      AP       PD   PC    HL EL BF SF   PF   BV    rpm             State MissionState Setpoint Error Depth 
2021-10-19 17:10:06,982:INFO: 24.83 24.76 23.59 24.23 25.09 -0.02 -0.14 -0.26 10.05 10.28 9.85 10.12 1050.06 10282.60 1.04 44.00 0  0  0  None None 77.42 Buffering (0/1) STOP  IDLE         30.00    None  None  
2021-10-19 17:10:06,982:WARNING: Stopped
2021-10-19 17:10:07,011:ERROR: unknown header: LC:105.00
2021-10-19 17:10:07,431:INFO: State.STOP
2021-10-19 17:10:07,433:INFO: BT1   BT2   TT1   TT2   AT    X     Y     Z     BP1   BP2   TP1  TP2   HP      AP       PD   PC    HL EL BF SF   PF   BV    rpm             State MissionState Setpoint Error Depth 
2021-10-19 17:10:07,435:INFO: 24.76 24.73 23.57 24.20 25.09 -0.00 -0.03 -0.35 10.05 10.28 9.85 10.12 1050.18 10282.46 1.23 29.00 0  0  0  None None 77.45 Buffering (0/1) STOP  IDLE         30.00    None  None  
2021-10-19 17:10:07,437:WARNING: Stopped
2021-10-19 17:10:07,461:ERROR: unknown header: LC:106.00
2021-10-19 17:10:07,880:INFO: State.STOP
2021-10-19 17:10:07,882:INFO: BT1   BT2   TT1   TT2   AT    X     Y     Z     BP1   BP2   TP1  TP2   HP      AP       PD   PC    HL EL BF SF   PF   BV    rpm             State MissionState Setpoint Error Depth 
2021-10-19 17:10:07,885:INFO: 24.69 24.70 23.54 24.16 25.09 -0.00 -0.03 -0.35 10.05 10.28 9.85 10.12 1050.48 10282.20 1.46 16.00 0  0  0  None None 77.47 Buffering (0/1) STOP  IDLE         30.00    None  None  
2021-10-19 17:10:07,886:WARNING: Stopped
2021-10-19 17:10:07,920:ERROR: unknown header: LC:107.00
2021-10-19 17:10:08,336:INFO: State.STOP
2021-10-19 17:10:08,339:INFO: BT1   BT2   TT1   TT2   AT    X     Y     Z     BP1   BP2   TP1  TP2   HP      AP       PD   PC   HL EL BF SF   PF   BV    rpm             State MissionState Setpoint Error Depth 
2021-10-19 17:10:08,342:INFO: 24.62 24.66 23.52 24.12 25.09 -0.00 -0.03 -0.35 10.05 10.28 9.85 10.12 1050.72 10281.80 1.70 9.00 0  0  0  None None 77.56 Buffering (0/1) STOP  IDLE         30.00    None  None  
2021-10-19 17:10:08,343:WARNING: Stopped
2021-10-19 17:10:08,378:ERROR: unknown header: LC:108.00
2021-10-19 17:10:08,797:INFO: State.STOP
2021-10-19 17:10:08,800:INFO: BT1   BT2   TT1   TT2   AT    X     Y     Z     BP1   BP2   TP1  TP2   HP      AP       PD   PC   HL EL BF SF   PF   BV    rpm             State MissionState Setpoint Error Depth 
2021-10-19 17:10:08,802:INFO: 24.55 24.63 23.49 24.08 25.09 -0.02 -0.15 -0.35 10.05 10.28 9.85 10.12 1050.44 10281.54 2.00 6.00 0  0  0  None None 77.54 Buffering (0/1) STOP  IDLE         30.00    None  None  
2021-10-19 17:10:08,804:WARNING: Stopped
2021-10-19 17:10:08,845:ERROR: unknown header: LC:109.00
2021-10-19 17:10:09,265:INFO: State.STOP
2021-10-19 17:10:09,268:INFO: BT1   BT2   TT1   TT2   AT    X     Y     Z     BP1   BP2   TP1  TP2   HP      AP       PD   PC   HL EL BF SF   PF   BV    rpm             State MissionState Setpoint Error Depth 
2021-10-19 17:10:09,270:INFO: 24.49 24.59 23.47 24.04 25.09 -0.02 -0.15 -0.35 10.05 10.28 9.85 10.12 1050.68 10281.04 2.42 0.00 0  0  0  None None 77.63 Buffering (0/1) STOP  IDLE         30.00    None  None  
2021-10-19 17:10:09,271:WARNING: Stopped
2021-10-19 17:10:09,320:ERROR: unknown header: LC:110.00
2021-10-19 17:10:09,736:INFO: State.STOP
2021-10-19 17:10:09,738:INFO: BT1   BT2   TT1   TT2   AT    X     Y     Z     BP1   BP2   TP1  TP2   HP      AP       PD   PC    HL EL BF SF   PF   BV    rpm             State MissionState Setpoint Error Depth 
2021-10-19 17:10:09,740:INFO: 24.43 24.55 23.44 24.02 25.09 -0.04 -0.13 -0.36 10.04 10.28 9.85 10.12 1050.82 10280.68 2.79 11.00 0  0  0  None None 77.63 Buffering (0/1) STOP  IDLE         30.00    None  None  
2021-10-19 17:10:09,741:WARNING: Stopped
2021-10-19 17:10:09,792:ERROR: unknown header: LC:111.00
2021-10-19 17:10:10,211:INFO: State.STOP
2021-10-19 17:10:10,214:INFO: BT1   BT2   TT1   TT2   AT    X     Y     Z     BP1   BP2   TP1  TP2   HP      AP       PD   PC    HL EL BF SF   PF   BV    rpm             State MissionState Setpoint Error Depth 
2021-10-19 17:10:10,216:INFO: 24.39 24.52 23.42 24.00 25.09 -0.04 -0.13 -0.36 10.04 10.28 9.85 10.12 1050.92 10280.20 3.26 13.00 0  0  0  None None 77.67 Buffering (0/1) STOP  IDLE         30.00    None  None  
2021-10-19 17:10:10,217:WARNING: Stopped
2021-10-19 17:10:10,274:ERROR: unknown header: LC:112.00
2021-10-19 17:10:10,691:INFO: State.STOP
2021-10-19 17:10:10,694:INFO: BT1   BT2   TT1   TT2   AT    X     Y     Z     BP1   BP2   TP1  TP2   HP      AP       PD   PC   HL EL BF SF   PF   BV    rpm             State MissionState Setpoint Error Depth 
2021-10-19 17:10:10,696:INFO: 24.35 24.48 23.39 24.00 25.09 -0.03 -0.11 -0.40 10.04 10.28 9.85 10.12 1050.84 10279.84 3.51 8.00 0  0  0  None None 77.71 Buffering (0/1) STOP  IDLE         30.00    None  None  
2021-10-19 17:10:10,697:WARNING: Stopped
2021-10-19 17:10:10,754:ERROR: unknown header: LC:113.00
2021-10-19 17:10:11,174:INFO: State.STOP
2021-10-19 17:10:11,176:INFO: BT1   BT2   TT1   TT2   AT    X     Y     Z     BP1   BP2   TP1  TP2   HP      AP       PD   PC   HL EL BF SF   PF   BV    rpm             State MissionState Setpoint Error Depth 
2021-10-19 17:10:11,178:INFO: 24.31 24.45 23.38 23.99 25.09 -0.03 -0.11 -0.40 10.04 10.28 9.85 10.12 1050.72 10279.32 4.43 9.00 0  0  0  None None 77.76 Buffering (0/1) STOP  IDLE         30.00    None  None  
2021-10-19 17:10:11,179:WARNING: Stopped
2021-10-19 17:10:11,241:ERROR: unknown header: LC:114.00
2021-10-19 17:10:11,662:INFO: State.STOP
2021-10-19 17:10:11,664:INFO: BT1   BT2   TT1   TT2   AT    X     Y    Z     BP1   BP2   TP1  TP2   HP      AP       PD   PC   HL EL BF SF   PF   BV    rpm             State MissionState Setpoint Error Depth 
2021-10-19 17:10:11,666:INFO: 24.28 24.43 23.37 23.98 25.09 -0.08 0.04 -0.14 10.04 10.28 9.85 10.12 1050.68 10279.04 4.12 0.00 0  0  0  None None 77.72 Buffering (0/1) STOP  IDLE         30.00    None  None  
2021-10-19 17:10:11,667:WARNING: Stopped
2021-10-19 17:10:11,680:ERROR: unknown header: LC:115.00
2021-10-19 17:10:12,086:INFO: State.STOP
2021-10-19 17:10:12,089:INFO: BT1   BT2   TT1   TT2   AT    X     Y    Z     BP1   BP2   TP1  TP2   HP      AP       PD   PC   HL EL BF SF   PF   BV    rpm             State MissionState Setpoint Error Depth 
2021-10-19 17:10:12,091:INFO: 24.24 24.42 23.37 23.97 25.09 -0.08 0.04 -0.14 10.04 10.28 9.85 10.12 1050.76 10278.66 4.19 0.00 0  0  0  None None 77.79 Buffering (0/1) STOP  IDLE         30.00    None  None  
2021-10-19 17:10:12,092:WARNING: Stopped
2021-10-19 17:10:12,122:ERROR: unknown header: LC:116.00
2021-10-19 17:10:12,542:INFO: State.STOP
2021-10-19 17:10:12,544:INFO: BT1   BT2   TT1   TT2   AT    X     Y     Z     BP1   BP2   TP1  TP2   HP      AP       PD   PC   HL EL BF SF   PF   BV    rpm             State MissionState Setpoint Error Depth 
2021-10-19 17:10:12,546:INFO: 24.21 24.40 23.37 23.95 25.09 -0.01 -0.02 -0.03 10.04 10.28 9.85 10.12 1050.76 10278.26 5.56 0.00 0  0  0  None None 77.86 Buffering (0/1) STOP  IDLE         30.00    None  None  
2021-10-19 17:10:12,547:WARNING: Stopped
2021-10-19 17:10:12,560:ERROR: unknown header: LC:117.00
2021-10-19 17:10:12,968:INFO: State.STOP
2021-10-19 17:10:12,970:INFO: BT1   BT2   TT1   TT2   AT    X     Y     Z     BP1   BP2   TP1  TP2   HP      AP       PD   PC   HL EL BF SF   PF   BV    rpm             State MissionState Setpoint Error Depth 
2021-10-19 17:10:12,972:INFO: 24.17 24.38 23.36 23.93 25.09 -0.01 -0.02 -0.03 10.04 10.28 9.85 10.12 1050.90 10277.90 5.16 0.00 0  0  0  None None 77.86 Buffering (0/1) STOP  IDLE         30.00    None  None  
2021-10-19 17:10:12,973:WARNING: Stopped
2021-10-19 17:10:12,994:ERROR: unknown header: LC:118.00
2021-10-19 17:10:13,399:INFO: State.STOP
2021-10-19 17:10:13,402:INFO: BT1   BT2   TT1   TT2   AT    X    Y    Z     BP1   BP2   TP1  TP2   HP      AP       PD   PC   HL EL BF SF   PF   BV    rpm             State MissionState Setpoint Error Depth 
2021-10-19 17:10:13,404:INFO: 24.14 24.36 23.36 23.92 25.09 0.00 0.06 -0.03 10.04 10.28 9.85 10.12 1051.02 10277.56 5.95 8.00 0  0  0  None None 77.90 Buffering (0/1) STOP  IDLE         30.00    None  None  
2021-10-19 17:10:13,405:WARNING: Stopped
2021-10-19 17:10:13,465:ERROR: unknown header: LC:119.00
2021-10-19 17:10:13,882:INFO: State.STOP
2021-10-19 17:10:13,884:INFO: BT1   BT2   TT1   TT2   AT    X    Y    Z     BP1   BP2   TP1  TP2   HP      AP       PD   PC   HL EL BF SF   PF   BV    rpm             State MissionState Setpoint Error Depth 
2021-10-19 17:10:13,886:INFO: 24.11 24.34 23.36 23.90 25.09 0.00 0.06 -0.03 10.04 10.28 9.85 10.12 1051.00 10277.24 6.69 0.00 0  0  0  None None 77.85 Buffering (0/1) STOP  IDLE         30.00    None  None  
2021-10-19 17:10:13,888:WARNING: Stopped
2021-10-19 17:10:13,935:ERROR: unknown header: LC:120.00
2021-10-19 17:10:14,352:INFO: State.STOP
2021-10-19 17:10:14,355:INFO: BT1   BT2   TT1   TT2   AT    X    Y    Z     BP1   BP2   TP1  TP2   HP      AP       PD   PC   HL EL BF SF   PF   BV    rpm             State MissionState Setpoint Error Depth 
2021-10-19 17:10:14,357:INFO: 24.09 24.32 23.35 23.88 25.09 0.00 0.06 -0.03 10.04 10.28 9.85 10.12 1050.98 10276.96 7.11 0.00 0  0  0  None None 77.90 Buffering (0/1) STOP  IDLE         30.00    None  None  
2021-10-19 17:10:14,358:WARNING: Stopped
2021-10-19 17:10:14,416:ERROR: unknown header: LC:121.00
2021-10-19 17:10:14,835:INFO: State.STOP
2021-10-19 17:10:14,837:INFO: BT1   BT2   TT1   TT2   AT    X    Y    Z     BP1   BP2   TP1  TP2   HP      AP       PD   PC   HL EL BF SF   PF   BV    rpm             State MissionState Setpoint Error Depth 
2021-10-19 17:10:14,840:INFO: 24.06 24.30 23.34 23.86 25.09 0.05 0.08 -0.01 10.05 10.28 9.85 10.12 1050.94 10276.62 7.51 0.00 0  0  0  None None 78.00 Buffering (0/1) STOP  IDLE         30.00    None  None  
2021-10-19 17:10:14,841:WARNING: Stopped
2021-10-19 17:10:14,890:ERROR: unknown header: LC:122.00
2021-10-19 17:10:15,311:INFO: State.STOP
2021-10-19 17:10:15,313:INFO: BT1   BT2   TT1   TT2   AT    X    Y    Z     BP1   BP2   TP1  TP2   HP      AP       PD   PC   HL EL BF SF   PF   BV    rpm             State MissionState Setpoint Error Depth 
2021-10-19 17:10:15,316:INFO: 24.03 24.29 23.34 23.84 25.09 0.05 0.08 -0.01 10.05 10.28 9.85 10.12 1050.84 10276.38 8.80 0.00 0  0  0  None None 77.96 Buffering (0/1) STOP  IDLE         30.00    None  None  
2021-10-19 17:10:15,317:WARNING: Stopped
2021-10-19 17:10:15,386:ERROR: unknown header: LC:123.00
2021-10-19 17:10:15,805:INFO: State.STOP
2021-10-19 17:10:15,809:INFO: BT1   BT2   TT1   TT2   AT    X    Y    Z    BP1   BP2   TP1  TP2   HP      AP       PD   PC   HL EL BF SF   PF   BV    rpm             State MissionState Setpoint Error Depth 
2021-10-19 17:10:15,811:INFO: 23.99 24.28 23.33 23.82 25.09 0.05 0.10 0.01 10.05 10.28 9.85 10.12 1050.92 10275.96 9.07 0.00 0  0  0  None None 78.08 Buffering (0/1) STOP  IDLE         30.00    None  None  
2021-10-19 17:10:15,812:WARNING: Stopped
2021-10-19 17:10:15,826:ERROR: unknown header: LC:124.00
2021-10-19 17:10:16,234:INFO: State.STOP
2021-10-19 17:10:16,237:INFO: BT1   BT2   TT1   TT2   AT    X    Y    Z    BP1   BP2   TP1  TP2   HP      AP       PD   PC   HL EL BF SF   PF   BV    rpm             State MissionState Setpoint Error Depth 
2021-10-19 17:10:16,239:INFO: 23.94 24.28 23.33 23.79 25.09 0.05 0.10 0.01 10.05 10.28 9.85 10.12 1050.96 10275.44 9.93 0.00 0  0  0  None None 78.10 Buffering (0/1) STOP  IDLE         30.00    None  None  
2021-10-19 17:10:16,240:WARNING: Stopped
2021-10-19 17:10:16,283:ERROR: unknown header: LC:125.00
2021-10-19 17:10:16,702:INFO: State.STOP
2021-10-19 17:10:16,705:INFO: BT1   BT2   TT1   TT2   AT    X    Y    Z     BP1   BP2   TP1  TP2   HP      AP       PD    PC    HL EL BF SF   PF   BV    rpm             State MissionState Setpoint Error Depth 
2021-10-19 17:10:16,707:INFO: 23.89 24.27 23.32 23.78 25.09 0.02 0.05 -0.00 10.04 10.28 9.85 10.12 1051.08 10274.92 10.57 11.00 0  0  0  None None 78.12 Buffering (0/1) STOP  IDLE         30.00    None  None  
2021-10-19 17:10:16,709:WARNING: Stopped
2021-10-19 17:10:16,754:ERROR: unknown header: LC:126.00
2021-10-19 17:10:17,171:INFO: State.STOP
2021-10-19 17:10:17,174:INFO: BT1   BT2   TT1   TT2   AT    X    Y    Z     BP1   BP2   TP1  TP2   HP      AP       PD    PC   HL EL BF SF   PF   BV    rpm             State MissionState Setpoint Error Depth 
2021-10-19 17:10:17,176:INFO: 23.85 24.26 23.31 23.76 25.09 0.02 0.05 -0.00 10.04 10.28 9.85 10.12 1051.12 10274.54 11.47 0.00 0  0  0  None None 78.16 Buffering (0/1) STOP  IDLE         30.00    None  None  
2021-10-19 17:10:17,178:WARNING: Stopped
2021-10-19 17:10:17,250:ERROR: unknown header: LC:127.00
2021-10-19 17:10:17,666:INFO: State.STOP
2021-10-19 17:10:17,669:INFO: BT1   BT2   TT1   TT2   AT    X     Y    Z     BP1   BP2   TP1  TP2   HP      AP       PD    PC   HL EL BF SF   PF   BV    rpm             State MissionState Setpoint Error Depth 
2021-10-19 17:10:17,671:INFO: 23.81 24.25 23.30 23.75 25.09 -0.00 0.00 -0.01 10.04 10.28 9.85 10.12 1051.22 10274.02 14.80 0.00 0  0  0  None None 78.18 Buffering (0/1) STOP  IDLE         30.00    None  None  
2021-10-19 17:10:17,672:WARNING: Stopped
2021-10-19 17:10:17,705:ERROR: unknown header: LC:128.00
2021-10-19 17:10:18,121:INFO: State.STOP
2021-10-19 17:10:18,125:INFO: BT1   BT2   TT1   TT2   AT    X     Y    Z     BP1   BP2   TP1  TP2   HP      AP       PD    PC    HL EL BF SF   PF   BV    rpm             State MissionState Setpoint Error Depth 
2021-10-19 17:10:18,127:INFO: 23.78 24.24 23.29 23.74 25.09 -0.00 0.00 -0.01 10.04 10.28 9.85 10.12 1051.16 10273.72 15.55 22.00 0  0  0  None None 78.20 Buffering (0/1) STOP  IDLE         30.00    None  None  
2021-10-19 17:10:18,129:WARNING: Stopped
2021-10-19 17:10:18,213:ERROR: unknown header: LC:129.00
2021-10-19 17:10:18,632:INFO: State.STOP
2021-10-19 17:10:18,635:INFO: BT1   BT2   TT1   TT2   AT    X     Y     Z     BP1   BP2   TP1  TP2   HP      AP       PD    PC    HL EL BF SF   PF   BV    rpm             State MissionState Setpoint Error Depth 
2021-10-19 17:10:18,637:INFO: 23.77 24.22 23.28 23.74 25.09 -0.02 -0.01 -0.02 10.04 10.28 9.85 10.12 1051.18 10273.48 18.58 20.00 0  0  0  None None 78.20 Buffering (0/1) STOP  IDLE         30.00    None  None  
2021-10-19 17:10:18,638:WARNING: Stopped
2021-10-19 17:10:18,652:ERROR: unknown header: LC:130.00
2021-10-19 17:10:19,058:INFO: State.STOP
2021-10-19 17:10:19,061:INFO: BT1   BT2   TT1   TT2   AT    X     Y     Z     BP1   BP2   TP1  TP2   HP      AP       PD    PC    HL EL BF SF   PF   BV    rpm             State MissionState Setpoint Error Depth 
2021-10-19 17:10:19,063:INFO: 23.75 24.21 23.27 23.74 25.09 -0.02 -0.01 -0.02 10.05 10.28 9.85 10.12 1051.02 10273.08 22.00 11.00 0  0  0  None None 78.29 Buffering (0/1) STOP  IDLE         30.00    None  None  
2021-10-19 17:10:19,064:WARNING: Stopped
2021-10-19 17:10:19,088:ERROR: unknown header: LC:131.00
2021-10-19 17:10:19,506:INFO: State.STOP
2021-10-19 17:10:19,509:INFO: BT1   BT2   TT1   TT2   AT    X     Y     Z     BP1   BP2   TP1  TP2   HP      AP       PD    PC   HL EL BF SF   PF   BV    rpm             State MissionState Setpoint Error Depth 
2021-10-19 17:10:19,511:INFO: 23.74 24.19 23.26 23.74 25.09 -0.02 -0.03 -0.01 10.05 10.28 9.85 10.12 1051.02 10272.64 25.45 0.00 0  0  0  None None 78.35 Buffering (0/1) STOP  IDLE         30.00    None  None  
2021-10-19 17:10:19,512:WARNING: Stopped
2021-10-19 17:10:19,548:ERROR: unknown header: LC:132.00
2021-10-19 17:10:19,964:INFO: State.STOP
2021-10-19 17:10:19,967:INFO: BT1   BT2   TT1   TT2   AT    X     Y     Z     BP1   BP2   TP1  TP2   HP      AP       PD    PC   HL EL BF SF   PF   BV    rpm             State MissionState Setpoint Error Depth 
2021-10-19 17:10:19,969:INFO: 23.72 24.18 23.26 23.75 25.09 -0.02 -0.03 -0.01 10.04 10.28 9.85 10.12 1051.08 10272.38 31.39 0.00 0  0  0  None None 78.29 Buffering (0/1) STOP  IDLE         30.00    None  None  
2021-10-19 17:10:19,970:WARNING: Stopped
2021-10-19 17:10:19,994:ERROR: unknown header: LC:133.00
2021-10-19 17:10:20,384:INFO: 
2021-10-19 17:10:20,386:CRITICAL: System shutdown
2021-10-19 17:10:20,388:INFO: cleaning (resetting rpi gpio)
2021-10-19 17:10:20,389:INFO: sending sleep to nano
2021-10-19 17:10:20,393:INFO: waiting_for_nano_sleep
2021-10-19 17:10:20,394:INFO: nano is sleeping
