2021-10-19 14:28:23,764:WARNING: Test mode
2021-10-19 14:28:23,766:INFO: Pressure controller was initialized successfully
2021-10-19 14:28:23,767:INFO: BP1 pressure sensor was initialized successfully
2021-10-19 14:28:23,768:INFO: BP2 pressure sensor was initialized successfully
2021-10-19 14:28:23,769:INFO: TP1 pressure sensor was initialized successfully
2021-10-19 14:28:23,769:INFO: TP2 pressure sensor was initialized successfully
2021-10-19 14:28:23,770:INFO: HP pressure sensor was initialized successfully
2021-10-19 14:28:23,771:INFO: AP pressure sensor was initialized successfully
2021-10-19 14:28:23,771:INFO: Temperature controller was initialized successfully
2021-10-19 14:28:23,772:INFO: BT1 temperature sensor was initialized successfully
2021-10-19 14:28:23,772:INFO: BT2 temperature sensor was initialized successfully
2021-10-19 14:28:23,773:INFO: TT1 temperature sensor was initialized successfully
2021-10-19 14:28:23,773:INFO: TT2 temperature sensor was initialized successfully
2021-10-19 14:28:23,774:INFO: AT temperature sensor was initialized successfully
2021-10-19 14:28:23,774:INFO: IMU controller was initialized successfully
2021-10-19 14:28:23,774:INFO: X IMU sensor was initialized successfully
2021-10-19 14:28:23,775:INFO: Y IMU sensor was initialized successfully
2021-10-19 14:28:23,775:INFO: Z IMU sensor was initialized successfully
2021-10-19 14:28:23,775:INFO: Bladder volume controller was initialized successfully
2021-10-19 14:28:23,776:INFO: Altimeter controller was initialized successfully
2021-10-19 14:28:23,776:INFO: rpm controller was initialized successfully
2021-10-19 14:28:23,777:INFO: Pump flag controller was initialized successfully
2021-10-19 14:28:23,777:INFO: Bladder flag controller was initialized successfully
2021-10-19 14:28:23,777:INFO: Hull leak flag controller was initialized successfully
2021-10-19 14:28:23,777:INFO: Engine leak flag controller was initialized successfully
2021-10-19 14:28:23,778:INFO: Full surface initiated flag controller was initialized successfully
2021-10-19 14:28:23,781:INFO: SerialComm was initialized successfully
2021-10-19 14:28:23,785:INFO: SerialComm was initialized successfully
2021-10-19 14:28:23,795:INFO: Profile file loaded successfully

2021-10-19 14:28:23,796:INFO: Profile class was initialized successfully

2021-10-19 14:28:23,822:INFO: compiling mega code
2021-10-19 14:28:37,815:INFO: compilation successful
2021-10-19 14:28:37,816:INFO: uploading mega code
2021-10-19 14:28:53,095:INFO: upload successful
2021-10-19 14:28:53,097:INFO: compiling nano code
2021-10-19 14:29:00,834:INFO: compilation successful
2021-10-19 14:29:00,835:INFO: uploading nano code
2021-10-19 14:29:08,902:INFO: upload successful
2021-10-19 14:29:08,903:INFO: setting state to MissionState.IDLE
2021-10-19 14:29:08,993:INFO: State.STOP
2021-10-19 14:29:08,994:INFO: BT1             BT2             TT1             TT2             AT              X               Y               Z               BP1             BP2             TP1             TP2             HP              AP              PD PC HL EL BF   SF   PF   BV     rpm             State MissionState Setpoint Error Depth 
2021-10-19 14:29:08,996:INFO: Buffering (2/5) Buffering (2/5) Buffering (2/5) Buffering (2/5) Buffering (2/5) Buffering (1/5) Buffering (1/5) Buffering (1/5) Buffering (2/5) Buffering (2/5) Buffering (2/5) Buffering (2/5) Buffering (2/5) Buffering (2/5) 0  0  0  0  None None None 223.33 Buffering (0/1) STOP  IDLE         30.00    None  None  
2021-10-19 14:29:08,998:WARNING: Stopped
2021-10-19 14:29:09,035:INFO: State.STOP
2021-10-19 14:29:09,037:INFO: BT1             BT2             TT1             TT2             AT              X               Y               Z               BP1             BP2             TP1             TP2             HP              AP              PD   PC    HL EL BF SF   PF   BV     rpm             State MissionState Setpoint Error Depth 
2021-10-19 14:29:09,038:INFO: Buffering (3/5) Buffering (3/5) Buffering (3/5) Buffering (3/5) Buffering (3/5) Buffering (2/5) Buffering (2/5) Buffering (2/5) Buffering (3/5) Buffering (3/5) Buffering (3/5) Buffering (3/5) Buffering (3/5) Buffering (3/5) 2.24 73.00 0  0  0  None None 223.36 Buffering (0/1) STOP  IDLE         30.00    None  None  
2021-10-19 14:29:09,038:WARNING: Stopped
2021-10-19 14:29:09,072:INFO: State.STOP
2021-10-19 14:29:09,073:INFO: BT1             BT2             TT1             TT2             AT              X               Y               Z               BP1             BP2             TP1             TP2             HP              AP              PD   PC    HL EL BF SF   PF   BV     rpm             State MissionState Setpoint Error Depth 
2021-10-19 14:29:09,075:INFO: Buffering (4/5) Buffering (4/5) Buffering (4/5) Buffering (4/5) Buffering (4/5) Buffering (3/5) Buffering (3/5) Buffering (3/5) Buffering (4/5) Buffering (4/5) Buffering (4/5) Buffering (4/5) Buffering (4/5) Buffering (4/5) 2.68 61.00 0  0  0  None None 223.36 Buffering (0/1) STOP  IDLE         30.00    None  None  
2021-10-19 14:29:09,076:WARNING: Stopped
2021-10-19 14:29:09,108:INFO: State.STOP
2021-10-19 14:29:09,110:INFO: BT1   BT2   TT1   TT2   AT    X               Y               Z               BP1   BP2   TP1   TP2   HP      AP      PD   PC    HL EL BF SF   PF   BV     rpm             State MissionState Setpoint Error Depth 
2021-10-19 14:29:09,111:INFO: 23.27 22.89 22.51 23.09 22.37 Buffering (4/5) Buffering (4/5) Buffering (4/5) 10.21 10.36 10.22 10.30 1066.36 8711.32 3.03 22.00 0  0  0  None None 223.40 Buffering (0/1) STOP  IDLE         30.00    None  None  
2021-10-19 14:29:09,111:WARNING: Stopped
2021-10-19 14:29:09,139:INFO: State.STOP
2021-10-19 14:29:09,140:INFO: BT1   BT2   TT1   TT2   AT    X               Y               Z               BP1   BP2   TP1   TP2   HP      AP      PD   PC   HL EL BF SF   PF   BV     rpm             State MissionState Setpoint Error Depth 
2021-10-19 14:29:09,141:INFO: 23.35 22.90 22.35 23.08 22.46 Buffering (4/5) Buffering (4/5) Buffering (4/5) 10.21 10.36 10.22 10.30 1066.40 8709.28 3.16 0.00 0  0  0  None None 223.38 Buffering (0/1) STOP  IDLE         30.00    None  None  
2021-10-19 14:29:09,142:WARNING: Stopped
2021-10-19 14:29:09,173:INFO: State.STOP
2021-10-19 14:29:09,175:INFO: BT1   BT2   TT1   TT2   AT    X    Y    Z     BP1   BP2   TP1   TP2   HP      AP      PD   PC   HL EL BF SF   PF   BV     rpm             State MissionState Setpoint Error Depth 
2021-10-19 14:29:09,176:INFO: 23.35 22.90 22.35 23.08 22.46 0.00 0.00 -0.00 10.21 10.36 10.22 10.30 1066.28 8709.36 4.06 0.00 0  0  0  None None 223.28 Buffering (0/1) STOP  IDLE         30.00    None  None  
2021-10-19 14:29:09,176:WARNING: Stopped
2021-10-19 14:29:09,203:INFO: State.STOP
2021-10-19 14:29:09,204:INFO: BT1   BT2   TT1   TT2   AT    X    Y    Z     BP1   BP2   TP1   TP2   HP      AP      PD   PC    HL EL BF SF   PF   BV     rpm             State MissionState Setpoint Error Depth 
2021-10-19 14:29:09,205:INFO: 23.35 22.90 22.34 23.08 22.46 0.00 0.00 -0.00 10.21 10.36 10.22 10.30 1066.34 8709.42 1.59 97.00 0  0  0  None None 223.33 Buffering (0/1) STOP  IDLE         30.00    None  None  
2021-10-19 14:29:09,206:WARNING: Stopped
2021-10-19 14:29:09,238:INFO: State.STOP
2021-10-19 14:29:09,239:INFO: BT1   BT2   TT1   TT2   AT    X    Y    Z     BP1   BP2   TP1   TP2   HP      AP      PD   PC    HL EL BF SF   PF   BV     rpm             State MissionState Setpoint Error Depth 
2021-10-19 14:29:09,240:INFO: 23.35 22.90 22.34 23.08 22.46 0.00 0.00 -0.00 10.21 10.36 10.22 10.30 1066.40 8709.48 1.88 74.00 0  0  0  None None 223.33 Buffering (0/1) STOP  IDLE         30.00    None  None  
2021-10-19 14:29:09,241:WARNING: Stopped
2021-10-19 14:29:09,269:INFO: State.STOP
2021-10-19 14:29:09,270:INFO: BT1   BT2   TT1   TT2   AT    X    Y    Z     BP1   BP2   TP1   TP2   HP      AP      PD   PC    HL EL BF SF   PF   BV     rpm             State MissionState Setpoint Error Depth 
2021-10-19 14:29:09,271:INFO: 23.36 22.89 22.33 23.08 22.46 0.00 0.00 -0.00 10.21 10.36 10.22 10.30 1066.42 8709.54 2.23 61.00 0  0  0  None None 223.36 Buffering (0/1) STOP  IDLE         30.00    None  None  
2021-10-19 14:29:09,273:WARNING: Stopped
2021-10-19 14:29:09,307:INFO: State.STOP
2021-10-19 14:29:09,308:INFO: BT1   BT2   TT1   TT2   AT    X    Y    Z     BP1   BP2   TP1   TP2   HP      AP      PD   PC    HL EL BF SF   PF   BV     rpm             State MissionState Setpoint Error Depth 
2021-10-19 14:29:09,309:INFO: 23.36 22.89 22.33 23.08 22.46 0.00 0.00 -0.00 10.21 10.36 10.22 10.30 1066.42 8709.62 2.67 43.00 0  0  0  None None 223.36 Buffering (0/1) STOP  IDLE         30.00    None  None  
2021-10-19 14:29:09,310:WARNING: Stopped
2021-10-19 14:29:09,343:INFO: State.STOP
2021-10-19 14:29:09,344:INFO: BT1   BT2   TT1   TT2   AT    X    Y    Z     BP1   BP2   TP1   TP2   HP      AP      PD   PC   HL EL BF SF   PF   BV     rpm             State MissionState Setpoint Error Depth 
2021-10-19 14:29:09,345:INFO: 23.36 22.89 22.33 23.08 22.46 0.00 0.00 -0.00 10.21 10.36 10.22 10.30 1066.38 8709.50 3.06 7.00 0  0  0  None None 223.38 Buffering (0/1) STOP  IDLE         30.00    None  None  
2021-10-19 14:29:09,346:WARNING: Stopped
2021-10-19 14:29:09,382:INFO: State.STOP
2021-10-19 14:29:09,384:INFO: BT1   BT2   TT1   TT2   AT    X    Y    Z     BP1   BP2   TP1   TP2   HP      AP      PD   PC   HL EL BF SF   PF   BV     rpm             State MissionState Setpoint Error Depth 
2021-10-19 14:29:09,385:INFO: 23.37 22.89 22.33 23.08 22.46 0.00 0.00 -0.00 10.21 10.36 10.22 10.30 1066.38 8709.52 3.55 0.00 0  0  0  None None 223.32 Buffering (0/1) STOP  IDLE         30.00    None  None  
2021-10-19 14:29:09,386:WARNING: Stopped
2021-10-19 14:29:09,421:INFO: State.STOP
2021-10-19 14:29:09,422:INFO: BT1   BT2   TT1   TT2   AT    X    Y    Z    BP1   BP2   TP1   TP2   HP      AP      PD   PC   HL EL BF SF   PF   BV     rpm             State MissionState Setpoint Error Depth 
2021-10-19 14:29:09,423:INFO: 23.37 22.89 22.33 23.08 22.46 0.00 0.00 0.00 10.21 10.36 10.22 10.30 1066.30 8709.50 4.52 0.00 0  0  0  None None 223.34 Buffering (0/1) STOP  IDLE         30.00    None  None  
2021-10-19 14:29:09,424:WARNING: Stopped
2021-10-19 14:29:09,454:INFO: State.STOP
2021-10-19 14:29:09,456:INFO: BT1   BT2   TT1   TT2   AT    X    Y    Z    BP1   BP2   TP1   TP2   HP      AP      PD   PC   HL EL BF SF   PF   BV     rpm             State MissionState Setpoint Error Depth 
2021-10-19 14:29:09,457:INFO: 23.37 22.88 22.33 23.08 22.47 0.00 0.00 0.00 10.21 10.36 10.22 10.30 1066.24 8709.48 5.26 0.00 0  0  0  None None 223.40 Buffering (0/1) STOP  IDLE         30.00    None  None  
2021-10-19 14:29:09,457:WARNING: Stopped
2021-10-19 14:29:09,487:INFO: State.STOP
2021-10-19 14:29:09,488:INFO: BT1   BT2   TT1   TT2   AT    X    Y    Z    BP1   BP2   TP1   TP2   HP      AP      PD   PC    HL EL BF SF   PF   BV     rpm             State MissionState Setpoint Error Depth 
2021-10-19 14:29:09,489:INFO: 23.37 22.88 22.33 23.08 22.46 0.00 0.00 0.00 10.21 10.36 10.22 10.30 1066.20 8709.38 1.83 77.00 0  0  0  None None 223.39 Buffering (0/1) STOP  IDLE         30.00    None  None  
2021-10-19 14:29:09,490:WARNING: Stopped
2021-10-19 14:29:09,517:INFO: State.STOP
2021-10-19 14:29:09,518:INFO: BT1   BT2   TT1   TT2   AT    X    Y    Z    BP1   BP2   TP1   TP2   HP      AP      PD   PC    HL EL BF SF   PF   BV     rpm             State MissionState Setpoint Error Depth 
2021-10-19 14:29:09,519:INFO: 23.37 22.88 22.33 23.08 22.46 0.00 0.00 0.00 10.21 10.36 10.22 10.30 1066.34 8709.40 2.09 68.00 0  0  0  None None 223.34 Buffering (0/1) STOP  IDLE         30.00    None  None  
2021-10-19 14:29:09,520:WARNING: Stopped
2021-10-19 14:29:09,550:INFO: State.STOP
2021-10-19 14:29:09,551:INFO: BT1   BT2   TT1   TT2   AT    X    Y    Z    BP1   BP2   TP1   TP2   HP      AP      PD   PC    HL EL BF SF   PF   BV     rpm             State MissionState Setpoint Error Depth 
2021-10-19 14:29:09,552:INFO: 23.38 22.88 22.33 23.08 22.46 0.00 0.00 0.00 10.21 10.36 10.22 10.30 1066.30 8709.32 2.51 57.00 0  0  0  None None 223.39 Buffering (0/1) STOP  IDLE         30.00    None  None  
2021-10-19 14:29:09,553:WARNING: Stopped
2021-10-19 14:29:09,580:INFO: State.STOP
2021-10-19 14:29:09,581:INFO: BT1   BT2   TT1   TT2   AT    X    Y    Z    BP1   BP2   TP1   TP2   HP      AP      PD   PC    HL EL BF SF   PF   BV     rpm             State MissionState Setpoint Error Depth 
2021-10-19 14:29:09,582:INFO: 23.38 22.88 22.33 23.08 22.47 0.00 0.00 0.00 10.21 10.36 10.22 10.30 1066.26 8709.34 2.94 19.00 0  0  0  None None 223.36 Buffering (0/1) STOP  IDLE         30.00    None  None  
2021-10-19 14:29:09,583:WARNING: Stopped
2021-10-19 14:29:09,676:INFO: State.STOP
2021-10-19 14:29:09,677:INFO: BT1   BT2   TT1   TT2   AT    X    Y    Z    BP1   BP2   TP1   TP2   HP      AP      PD   PC   HL EL BF SF   PF   BV     rpm             State MissionState Setpoint Error Depth 
2021-10-19 14:29:09,679:INFO: 23.39 22.89 22.34 23.07 22.47 0.00 0.00 0.00 10.21 10.36 10.22 10.30 1065.88 8709.30 3.24 0.00 0  0  0  None None 223.43 Buffering (0/1) STOP  IDLE         30.00    None  None  
2021-10-19 14:29:09,679:WARNING: Stopped
2021-10-19 14:29:10,209:INFO: State.STOP
2021-10-19 14:29:10,211:INFO: BT1   BT2   TT1   TT2   AT    X    Y    Z    BP1   BP2   TP1   TP2   HP      AP      PD   PC    HL EL BF SF   PF   BV     rpm             State MissionState Setpoint Error Depth 
2021-10-19 14:29:10,212:INFO: 23.39 22.89 22.34 23.06 22.47 0.00 0.00 0.00 10.21 10.36 10.22 10.30 1065.96 8709.24 2.54 14.00 0  0  0  None None 223.42 Buffering (0/1) STOP  IDLE         30.00    None  None  
2021-10-19 14:29:10,213:WARNING: Stopped
2021-10-19 14:29:10,764:INFO: State.STOP
2021-10-19 14:29:10,766:INFO: BT1   BT2   TT1   TT2   AT    X    Y    Z    BP1   BP2   TP1   TP2   HP      AP      PD   PC   HL EL BF SF   PF   BV     rpm             State MissionState Setpoint Error Depth 
2021-10-19 14:29:10,767:INFO: 23.39 22.89 22.34 23.06 22.47 0.00 0.00 0.00 10.21 10.36 10.22 10.30 1065.98 8709.22 3.11 0.00 0  0  0  None None 223.38 Buffering (0/1) STOP  IDLE         30.00    None  None  
2021-10-19 14:29:10,768:WARNING: Stopped
2021-10-19 14:29:11,324:INFO: State.STOP
2021-10-19 14:29:11,326:INFO: BT1   BT2   TT1   TT2   AT    X    Y    Z     BP1   BP2   TP1   TP2   HP      AP      PD   PC   HL EL BF SF   PF   BV     rpm             State MissionState Setpoint Error Depth 
2021-10-19 14:29:11,327:INFO: 23.39 22.89 22.34 23.06 22.47 0.00 0.00 -0.00 10.21 10.36 10.22 10.30 1066.02 8709.26 3.83 0.00 0  0  0  None None 223.37 Buffering (0/1) STOP  IDLE         30.00    None  None  
2021-10-19 14:29:11,328:WARNING: Stopped
2021-10-19 14:29:11,835:INFO: State.STOP
2021-10-19 14:29:11,837:INFO: BT1   BT2   TT1   TT2   AT    X    Y    Z     BP1   BP2   TP1   TP2   HP      AP      PD   PC   HL EL BF SF   PF   BV     rpm             State MissionState Setpoint Error Depth 
2021-10-19 14:29:11,838:INFO: 23.39 22.89 22.35 23.06 22.47 0.00 0.00 -0.00 10.21 10.36 10.22 10.30 1066.12 8709.14 4.61 0.00 0  0  0  None None 223.40 Buffering (0/1) STOP  IDLE         30.00    None  None  
2021-10-19 14:29:11,839:WARNING: Stopped
2021-10-19 14:29:12,387:INFO: State.STOP
2021-10-19 14:29:12,388:INFO: BT1   BT2   TT1   TT2   AT    X    Y    Z     BP1   BP2   TP1   TP2   HP      AP      PD   PC    HL EL BF SF   PF   BV     rpm             State MissionState Setpoint Error Depth 
2021-10-19 14:29:12,389:INFO: 23.39 22.89 22.35 23.06 22.46 0.00 0.00 -0.01 10.21 10.36 10.22 10.30 1066.28 8709.22 1.61 72.00 0  0  0  None None 223.35 Buffering (0/1) STOP  IDLE         30.00    None  None  
2021-10-19 14:29:12,390:WARNING: Stopped
2021-10-19 14:29:12,932:INFO: State.STOP
2021-10-19 14:29:12,934:INFO: BT1   BT2   TT1   TT2   AT    X    Y    Z     BP1   BP2   TP1   TP2   HP      AP      PD   PC    HL EL BF SF   PF   BV     rpm             State MissionState Setpoint Error Depth 
2021-10-19 14:29:12,935:INFO: 23.39 22.89 22.36 23.06 22.46 0.00 0.00 -0.01 10.21 10.36 10.22 10.30 1066.26 8709.36 1.91 52.00 0  0  0  None None 223.34 Buffering (0/1) STOP  IDLE         30.00    None  None  
2021-10-19 14:29:12,936:WARNING: Stopped
2021-10-19 14:29:13,477:INFO: State.STOP
2021-10-19 14:29:13,479:INFO: BT1   BT2   TT1   TT2   AT    X    Y    Z    BP1   BP2   TP1   TP2   HP      AP      PD   PC    HL EL BF SF   PF   BV     rpm             State MissionState Setpoint Error Depth 
2021-10-19 14:29:13,480:INFO: 23.39 22.89 22.36 23.06 22.46 0.00 0.00 0.00 10.21 10.36 10.22 10.30 1066.34 8709.24 2.29 14.00 0  0  0  None None 223.42 Buffering (0/1) STOP  IDLE         30.00    None  None  
2021-10-19 14:29:13,481:WARNING: Stopped
2021-10-19 14:29:14,030:INFO: State.STOP
2021-10-19 14:29:14,032:INFO: BT1   BT2   TT1   TT2   AT    X    Y    Z    BP1   BP2   TP1   TP2   HP      AP      PD   PC   HL EL BF SF   PF   BV     rpm             State MissionState Setpoint Error Depth 
2021-10-19 14:29:14,033:INFO: 23.39 22.89 22.37 23.06 22.46 0.00 0.00 0.00 10.21 10.36 10.22 10.30 1066.44 8709.12 2.83 0.00 0  0  0  None None 223.44 Buffering (0/1) STOP  IDLE         30.00    None  None  
2021-10-19 14:29:14,034:WARNING: Stopped
2021-10-19 14:29:14,587:INFO: State.STOP
2021-10-19 14:29:14,589:INFO: BT1   BT2   TT1   TT2   AT    X    Y    Z    BP1   BP2   TP1   TP2   HP      AP      PD   PC   HL EL BF SF   PF   BV     rpm             State MissionState Setpoint Error Depth 
2021-10-19 14:29:14,590:INFO: 23.39 22.89 22.37 23.06 22.46 0.00 0.00 0.00 10.21 10.36 10.22 10.30 1066.46 8709.10 3.26 0.00 0  0  0  None None 223.41 Buffering (0/1) STOP  IDLE         30.00    None  None  
2021-10-19 14:29:14,591:WARNING: Stopped
2021-10-19 14:29:15,148:INFO: State.STOP
2021-10-19 14:29:15,149:INFO: BT1   BT2   TT1   TT2   AT    X    Y    Z    BP1   BP2   TP1   TP2   HP      AP      PD   PC   HL EL BF SF   PF   BV     rpm             State MissionState Setpoint Error Depth 
2021-10-19 14:29:15,150:INFO: 23.39 22.89 22.37 23.06 22.46 0.00 0.00 0.00 10.21 10.36 10.22 10.30 1066.42 8709.04 3.33 0.00 0  0  0  None None 223.39 Buffering (0/1) STOP  IDLE         30.00    None  None  
2021-10-19 14:29:15,151:WARNING: Stopped
2021-10-19 14:29:15,701:INFO: State.STOP
2021-10-19 14:29:15,702:INFO: BT1   BT2   TT1   TT2   AT    X    Y    Z    BP1   BP2   TP1   TP2   HP      AP      PD   PC    HL EL BF SF   PF   BV     rpm             State MissionState Setpoint Error Depth 
2021-10-19 14:29:15,703:INFO: 23.39 22.89 22.37 23.06 22.46 0.00 0.00 0.00 10.21 10.36 10.22 10.30 1066.46 8708.92 1.60 88.00 0  0  0  None None 223.44 Buffering (0/1) STOP  IDLE         30.00    None  None  
2021-10-19 14:29:15,704:WARNING: Stopped
2021-10-19 14:29:16,245:INFO: State.STOP
2021-10-19 14:29:16,247:INFO: BT1   BT2   TT1   TT2   AT    X    Y    Z    BP1   BP2   TP1   TP2   HP      AP      PD   PC    HL EL BF SF   PF   BV     rpm             State MissionState Setpoint Error Depth 
2021-10-19 14:29:16,248:INFO: 23.39 22.89 22.37 23.06 22.47 0.00 0.00 0.00 10.21 10.36 10.22 10.30 1066.44 8708.90 1.90 66.00 0  0  0  None None 223.46 Buffering (0/1) STOP  IDLE         30.00    None  None  
2021-10-19 14:29:16,249:WARNING: Stopped
2021-10-19 14:29:16,790:INFO: State.STOP
2021-10-19 14:29:16,792:INFO: BT1   BT2   TT1   TT2   AT    X    Y    Z    BP1   BP2   TP1   TP2   HP      AP      PD   PC    HL EL BF SF   PF   BV     rpm             State MissionState Setpoint Error Depth 
2021-10-19 14:29:16,793:INFO: 23.39 22.89 22.37 23.07 22.46 0.00 0.00 0.00 10.21 10.36 10.22 10.30 1066.40 8708.90 2.28 18.00 0  0  0  None None 223.41 Buffering (0/1) STOP  IDLE         30.00    None  None  
2021-10-19 14:29:16,794:WARNING: Stopped
2021-10-19 14:29:17,344:INFO: State.STOP
2021-10-19 14:29:17,345:INFO: BT1   BT2   TT1   TT2   AT    X    Y    Z    BP1   BP2   TP1   TP2   HP      AP      PD   PC   HL EL BF SF   PF   BV     rpm             State MissionState Setpoint Error Depth 
2021-10-19 14:29:17,346:INFO: 23.39 22.89 22.37 23.07 22.46 0.00 0.00 0.01 10.21 10.36 10.22 10.30 1066.30 8708.88 2.82 0.00 0  0  0  None None 223.42 Buffering (0/1) STOP  IDLE         30.00    None  None  
2021-10-19 14:29:17,347:WARNING: Stopped
2021-10-19 14:29:17,422:INFO: 
2021-10-19 14:29:17,422:CRITICAL: System shutdown
2021-10-19 14:29:17,423:INFO: cleaning (resetting rpi gpio)
2021-10-19 14:29:17,424:INFO: sending sleep to nano
2021-10-19 14:29:17,426:INFO: waiting_for_nano_sleep
2021-10-19 14:29:17,427:INFO: nano is sleeping
