2021-10-18 11:03:09,704:WARNING: Safety is disabled
2021-10-18 11:03:09,705:WARNING: Test mode
2021-10-18 11:03:09,706:INFO: Pressure controller was initialized successfully
2021-10-18 11:03:09,707:INFO: BP1 pressure sensor was initialized successfully
2021-10-18 11:03:09,708:INFO: BP2 pressure sensor was initialized successfully
2021-10-18 11:03:09,709:INFO: TP1 pressure sensor was initialized successfully
2021-10-18 11:03:09,709:INFO: TP2 pressure sensor was initialized successfully
2021-10-18 11:03:09,710:INFO: HP pressure sensor was initialized successfully
2021-10-18 11:03:09,711:INFO: AP pressure sensor was initialized successfully
2021-10-18 11:03:09,711:INFO: Temperature controller was initialized successfully
2021-10-18 11:03:09,712:INFO: BT1 temperature sensor was initialized successfully
2021-10-18 11:03:09,712:INFO: BT2 temperature sensor was initialized successfully
2021-10-18 11:03:09,713:INFO: TT1 temperature sensor was initialized successfully
2021-10-18 11:03:09,713:INFO: TT2 temperature sensor was initialized successfully
2021-10-18 11:03:09,714:INFO: AT temperature sensor was initialized successfully
2021-10-18 11:03:09,714:INFO: IMU controller was initialized successfully
2021-10-18 11:03:09,715:INFO: X IMU sensor was initialized successfully
2021-10-18 11:03:09,715:INFO: Y IMU sensor was initialized successfully
2021-10-18 11:03:09,716:INFO: Z IMU sensor was initialized successfully
2021-10-18 11:03:09,716:INFO: Bladder volume controller was initialized successfully
2021-10-18 11:03:09,717:INFO: Altimeter controller was initialized successfully
2021-10-18 11:03:09,717:INFO: rpm controller was initialized successfully
2021-10-18 11:03:09,717:INFO: Pump flag controller was initialized successfully
2021-10-18 11:03:09,718:INFO: Bladder flag controller was initialized successfully
2021-10-18 11:03:09,718:INFO: Hull leak flag controller was initialized successfully
2021-10-18 11:03:09,719:INFO: Engine leak flag controller was initialized successfully
2021-10-18 11:03:09,719:INFO: Full surface initiated flag controller was initialized successfully
2021-10-18 11:03:09,722:INFO: SerialComm was initialized successfully
2021-10-18 11:03:09,735:INFO: Profile file loaded successfully

2021-10-18 11:03:09,736:INFO: Profile class was initialized successfully

2021-10-18 11:03:09,737:INFO: setting target depth to 50.0 [mbar]
2021-10-18 11:03:09,737:INFO: setting state to MissionState.DESCENDING
2021-10-18 11:03:15,568:INFO: State.STOP
2021-10-18 11:03:15,570:INFO: BT1             BT2             TT1             TT2             AT              X               Y               Z               BP1             BP2             TP1             TP2             HP              AP              PD PC HL EL BF   SF   PF   BV     rpm             State      MissionState            
2021-10-18 11:03:15,571:INFO: Buffering (2/5) Buffering (2/5) Buffering (2/5) Buffering (2/5) Buffering (2/5) Buffering (1/5) Buffering (1/5) Buffering (1/5) Buffering (2/5) Buffering (2/5) Buffering (2/5) Buffering (2/5) Buffering (2/5) Buffering (2/5) 0  0  0  0  None None None 663.41 Buffering (0/1) State.STOP MissionState.DESCENDING 
2021-10-18 11:03:15,572:WARNING: Stopped
2021-10-18 11:03:16,127:INFO: State.STOP
2021-10-18 11:03:16,128:INFO: BT1             BT2             TT1             TT2             AT              X               Y               Z               BP1             BP2             TP1             TP2             HP              AP              PD   PC     HL EL BF SF   PF   BV     rpm             State      MissionState            
2021-10-18 11:03:16,129:INFO: Buffering (3/5) Buffering (3/5) Buffering (3/5) Buffering (3/5) Buffering (3/5) Buffering (2/5) Buffering (2/5) Buffering (2/5) Buffering (3/5) Buffering (3/5) Buffering (3/5) Buffering (3/5) Buffering (3/5) Buffering (3/5) 1.00 100.00 0  0  2  None None 663.43 Buffering (0/1) State.STOP MissionState.DESCENDING 
2021-10-18 11:03:16,130:WARNING: Stopped
2021-10-18 11:03:16,693:INFO: State.STOP
2021-10-18 11:03:16,695:INFO: BT1             BT2             TT1             TT2             AT              X               Y               Z               BP1             BP2             TP1             TP2             HP              AP              PD   PC     HL EL BF SF   PF   BV     rpm             State      MissionState            
2021-10-18 11:03:16,697:INFO: Buffering (4/5) Buffering (4/5) Buffering (4/5) Buffering (4/5) Buffering (4/5) Buffering (3/5) Buffering (3/5) Buffering (3/5) Buffering (4/5) Buffering (4/5) Buffering (4/5) Buffering (4/5) Buffering (4/5) Buffering (4/5) 1.00 100.00 0  0  2  None None 663.40 Buffering (0/1) State.STOP MissionState.DESCENDING 
2021-10-18 11:03:16,698:WARNING: Stopped
2021-10-18 11:03:17,253:INFO: State.STOP
2021-10-18 11:03:17,255:INFO: BT1   BT2    TT1   TT2   AT    X               Y               Z               BP1   BP2   TP1   TP2   HP      AP      PD   PC     HL EL BF SF   PF   BV     rpm             State      MissionState            
2021-10-18 11:03:17,256:INFO: 25.52 -83.03 25.21 25.31 24.97 Buffering (4/5) Buffering (4/5) Buffering (4/5) 11.15 11.28 10.31 10.37 1787.82 6112.04 1.00 100.00 0  0  2  None None 663.38 Buffering (0/1) State.STOP MissionState.DESCENDING 
2021-10-18 11:03:17,257:WARNING: Stopped
2021-10-18 11:03:17,821:INFO: State.STOP
2021-10-18 11:03:17,824:INFO: BT1   BT2   TT1   TT2   AT    X     Y    Z    BP1   BP2   TP1   TP2   HP      AP      PD   PC     HL EL BF SF   PF   BV     rpm             State      MissionState            
2021-10-18 11:03:17,825:INFO: 25.60 25.06 25.07 25.19 25.17 -0.00 0.00 0.00 11.15 11.28 10.31 10.37 1787.92 6109.94 1.00 100.00 0  0  2  None None 663.34 Buffering (0/1) State.STOP MissionState.DESCENDING 
2021-10-18 11:03:17,827:WARNING: Stopped
2021-10-18 11:03:18,335:INFO: State.STOP
2021-10-18 11:03:18,336:INFO: BT1   BT2   TT1   TT2   AT    X     Y    Z    BP1   BP2   TP1   TP2   HP      AP      PD   PC     HL EL BF SF   PF   BV     rpm             State      MissionState            
2021-10-18 11:03:18,337:INFO: 25.60 25.06 25.07 25.19 25.17 -0.00 0.00 0.00 11.15 11.28 10.31 10.37 1787.78 6110.06 1.00 100.00 0  0  2  None None 663.27 Buffering (0/1) State.STOP MissionState.DESCENDING 
2021-10-18 11:03:18,338:WARNING: Stopped
2021-10-18 11:03:18,856:INFO: State.STOP
2021-10-18 11:03:18,857:INFO: BT1   BT2   TT1   TT2   AT    X    Y     Z    BP1   BP2   TP1   TP2   HP      AP      PD   PC     HL EL BF SF   PF   BV     rpm             State      MissionState            
2021-10-18 11:03:18,859:INFO: 25.60 25.06 25.07 25.20 25.17 0.00 -0.00 0.00 11.15 11.28 10.31 10.37 1787.58 6110.02 1.00 100.00 0  0  2  None None 663.43 Buffering (0/1) State.STOP MissionState.DESCENDING 
2021-10-18 11:03:18,860:WARNING: Stopped
2021-10-18 11:03:19,365:INFO: State.STOP
2021-10-18 11:03:19,370:INFO: BT1   BT2   TT1   TT2   AT    X    Y     Z    BP1   BP2   TP1   TP2   HP      AP      PD   PC     HL EL BF SF   PF   BV     rpm             State      MissionState            
2021-10-18 11:03:19,373:INFO: 25.60 25.06 25.07 25.19 25.17 0.00 -0.00 0.00 11.15 11.28 10.31 10.37 1787.52 6110.02 1.00 100.00 0  0  2  None None 663.36 Buffering (0/1) State.STOP MissionState.DESCENDING 
2021-10-18 11:03:19,375:WARNING: Stopped
2021-10-18 11:03:19,891:INFO: State.STOP
2021-10-18 11:03:19,893:INFO: BT1   BT2   TT1   TT2   AT    X    Y     Z    BP1   BP2   TP1   TP2   HP      AP      PD   PC     HL EL BF SF   PF   BV     rpm             State      MissionState            
2021-10-18 11:03:19,897:INFO: 25.60 25.06 25.07 25.20 25.17 0.00 -0.00 0.00 11.15 11.28 10.31 10.37 1787.62 6110.02 1.00 100.00 0  0  2  None None 663.38 Buffering (0/1) State.STOP MissionState.DESCENDING 
2021-10-18 11:03:19,898:WARNING: Stopped
2021-10-18 11:03:20,394:INFO: State.STOP
2021-10-18 11:03:20,396:INFO: BT1   BT2   TT1   TT2   AT    X    Y     Z    BP1   BP2   TP1   TP2   HP      AP      PD   PC     HL EL BF SF   PF   BV     rpm             State      MissionState            
2021-10-18 11:03:20,397:INFO: 25.60 25.07 25.07 25.19 25.17 0.00 -0.00 0.00 11.15 11.28 10.31 10.37 1787.66 6110.04 1.00 100.00 0  0  2  None None 663.31 Buffering (0/1) State.STOP MissionState.DESCENDING 
2021-10-18 11:03:20,398:WARNING: Stopped
2021-10-18 11:03:20,921:INFO: State.STOP
2021-10-18 11:03:20,927:INFO: BT1   BT2   TT1   TT2   AT    X    Y     Z    BP1   BP2   TP1   TP2   HP      AP      PD   PC     HL EL BF SF   PF   BV     rpm             State      MissionState            
2021-10-18 11:03:20,929:INFO: 25.60 25.07 25.07 25.20 25.17 0.01 -0.00 0.00 11.15 11.28 10.31 10.37 1787.84 6109.88 1.00 100.00 0  0  2  None None 663.46 Buffering (0/1) State.STOP MissionState.DESCENDING 
2021-10-18 11:03:20,930:WARNING: Stopped
2021-10-18 11:03:21,427:INFO: State.STOP
2021-10-18 11:03:21,430:INFO: BT1   BT2   TT1   TT2   AT    X    Y     Z    BP1   BP2   TP1   TP2   HP      AP      PD   PC     HL EL BF SF   PF   BV     rpm             State      MissionState            
2021-10-18 11:03:21,431:INFO: 25.60 25.07 25.07 25.20 25.17 0.01 -0.00 0.00 11.15 11.28 10.31 10.37 1787.98 6109.98 1.00 100.00 0  0  2  None None 663.31 Buffering (0/1) State.STOP MissionState.DESCENDING 
2021-10-18 11:03:21,433:WARNING: Stopped
2021-10-18 11:03:21,959:INFO: State.STOP
2021-10-18 11:03:21,960:INFO: BT1   BT2   TT1   TT2   AT    X    Y     Z    BP1   BP2   TP1   TP2   HP      AP      PD   PC     HL EL BF SF   PF   BV     rpm             State      MissionState            
2021-10-18 11:03:21,962:INFO: 25.60 25.06 25.07 25.20 25.17 0.01 -0.00 0.00 11.15 11.28 10.31 10.37 1787.90 6109.96 1.00 100.00 0  0  2  None None 663.38 Buffering (0/1) State.STOP MissionState.DESCENDING 
2021-10-18 11:03:21,963:WARNING: Stopped
2021-10-18 11:03:22,462:INFO: State.STOP
2021-10-18 11:03:22,464:INFO: BT1   BT2   TT1   TT2   AT    X    Y     Z    BP1   BP2   TP1   TP2   HP      AP      PD   PC     HL EL BF SF   PF   BV     rpm             State      MissionState            
2021-10-18 11:03:22,467:INFO: 25.60 25.06 25.07 25.20 25.17 0.01 -0.00 0.00 11.15 11.28 10.31 10.37 1787.84 6109.90 1.00 100.00 0  0  2  None None 663.46 Buffering (0/1) State.STOP MissionState.DESCENDING 
2021-10-18 11:03:22,469:WARNING: Stopped
2021-10-18 11:03:22,996:INFO: State.STOP
2021-10-18 11:03:22,997:INFO: BT1   BT2   TT1   TT2   AT    X    Y     Z    BP1   BP2   TP1   TP2   HP      AP      PD   PC     HL EL BF SF   PF   BV     rpm             State      MissionState            
2021-10-18 11:03:22,999:INFO: 25.60 25.06 25.07 25.20 25.17 0.02 -0.00 0.00 11.15 11.28 10.31 10.37 1787.76 6109.80 1.00 100.00 0  0  2  None None 663.43 Buffering (0/1) State.STOP MissionState.DESCENDING 
2021-10-18 11:03:23,000:WARNING: Stopped
2021-10-18 11:03:23,495:INFO: State.STOP
2021-10-18 11:03:23,497:INFO: BT1   BT2   TT1   TT2   AT    X    Y     Z    BP1   BP2   TP1   TP2   HP      AP      PD   PC     HL EL BF SF   PF   BV     rpm             State      MissionState            
2021-10-18 11:03:23,499:INFO: 25.60 25.06 25.06 25.20 25.17 0.02 -0.00 0.00 11.15 11.28 10.31 10.37 1787.54 6109.82 1.00 100.00 0  0  2  None None 663.39 Buffering (0/1) State.STOP MissionState.DESCENDING 
2021-10-18 11:03:23,500:WARNING: Stopped
2021-10-18 11:03:24,017:INFO: State.STOP
2021-10-18 11:03:24,018:INFO: BT1   BT2   TT1   TT2   AT    X    Y    Z    BP1   BP2   TP1   TP2   HP      AP      PD   PC     HL EL BF SF   PF   BV     rpm             State      MissionState            
2021-10-18 11:03:24,020:INFO: 25.60 25.06 25.06 25.20 25.17 0.01 0.00 0.00 11.15 11.28 10.31 10.37 1787.50 6109.72 1.00 100.00 0  0  2  None None 663.43 Buffering (0/1) State.STOP MissionState.DESCENDING 
2021-10-18 11:03:24,021:WARNING: Stopped
2021-10-18 11:03:24,532:INFO: State.STOP
2021-10-18 11:03:24,535:INFO: BT1   BT2   TT1   TT2   AT    X    Y    Z    BP1   BP2   TP1   TP2   HP      AP      PD   PC     HL EL BF SF   PF   BV     rpm             State      MissionState            
2021-10-18 11:03:24,536:INFO: 25.60 25.06 25.06 25.20 25.17 0.01 0.00 0.00 11.15 11.28 10.31 10.37 1787.60 6109.62 1.00 100.00 0  0  2  None None 663.50 Buffering (0/1) State.STOP MissionState.DESCENDING 
2021-10-18 11:03:24,538:WARNING: Stopped
2021-10-18 11:03:25,050:INFO: State.STOP
2021-10-18 11:03:25,052:INFO: BT1   BT2   TT1   TT2   AT    X    Y    Z     BP1   BP2   TP1   TP2   HP      AP      PD   PC     HL EL BF SF   PF   BV     rpm             State      MissionState            
2021-10-18 11:03:25,053:INFO: 25.60 25.06 25.06 25.21 25.17 0.01 0.00 -0.00 11.15 11.28 10.31 10.37 1787.68 6109.54 1.00 100.00 0  0  2  None None 663.55 Buffering (0/1) State.STOP MissionState.DESCENDING 
2021-10-18 11:03:25,055:WARNING: Stopped
2021-10-18 11:03:25,618:INFO: State.STOP
2021-10-18 11:03:25,621:INFO: BT1   BT2   TT1   TT2   AT    X    Y    Z     BP1   BP2   TP1   TP2   HP      AP      PD   PC     HL EL BF SF   PF   BV     rpm             State      MissionState            
2021-10-18 11:03:25,623:INFO: 25.60 25.06 25.06 25.21 25.17 0.01 0.00 -0.00 11.15 11.28 10.31 10.37 1787.68 6109.38 1.00 100.00 0  0  2  None None 663.62 Buffering (0/1) State.STOP MissionState.DESCENDING 
2021-10-18 11:03:25,625:WARNING: Stopped
2021-10-18 11:03:26,122:INFO: State.STOP
2021-10-18 11:03:26,124:INFO: BT1   BT2   TT1   TT2   AT    X    Y    Z     BP1   BP2   TP1   TP2   HP      AP      PD   PC     HL EL BF SF   PF   BV     rpm             State      MissionState            
2021-10-18 11:03:26,126:INFO: 25.60 25.06 25.06 25.21 25.17 0.01 0.00 -0.00 11.15 11.28 10.31 10.37 1787.76 6109.34 1.00 100.00 0  0  2  None None 663.48 Buffering (0/1) State.STOP MissionState.DESCENDING 
2021-10-18 11:03:26,127:WARNING: Stopped
2021-10-18 11:03:26,654:INFO: State.STOP
2021-10-18 11:03:26,655:INFO: BT1   BT2   TT1   TT2   AT    X    Y    Z     BP1   BP2   TP1   TP2   HP      AP      PD   PC     HL EL BF SF   PF   BV     rpm             State      MissionState            
2021-10-18 11:03:26,656:INFO: 25.60 25.06 25.06 25.21 25.17 0.01 0.00 -0.00 11.15 11.28 10.31 10.37 1787.82 6109.36 1.00 100.00 0  0  2  None None 663.41 Buffering (0/1) State.STOP MissionState.DESCENDING 
2021-10-18 11:03:26,657:WARNING: Stopped
2021-10-18 11:03:27,159:INFO: State.STOP
2021-10-18 11:03:27,161:INFO: BT1   BT2   TT1   TT2   AT    X    Y    Z     BP1   BP2   TP1   TP2   HP      AP      PD   PC     HL EL BF SF   PF   BV     rpm             State      MissionState            
2021-10-18 11:03:27,162:INFO: 25.60 25.07 25.06 25.21 25.17 0.01 0.00 -0.00 11.15 11.28 10.31 10.37 1787.80 6109.42 1.00 100.00 0  0  2  None None 663.43 Buffering (0/1) State.STOP MissionState.DESCENDING 
2021-10-18 11:03:27,164:WARNING: Stopped
2021-10-18 11:03:27,679:INFO: State.STOP
2021-10-18 11:03:27,681:INFO: BT1   BT2   TT1   TT2   AT    X    Y    Z     BP1   BP2   TP1   TP2   HP      AP      PD   PC     HL EL BF SF   PF   BV     rpm             State      MissionState            
2021-10-18 11:03:27,683:INFO: 25.60 25.07 25.06 25.21 25.17 0.01 0.00 -0.00 11.15 11.28 10.31 10.37 1787.76 6109.42 1.00 100.00 0  0  2  None None 663.51 Buffering (0/1) State.STOP MissionState.DESCENDING 
2021-10-18 11:03:27,684:WARNING: Stopped
2021-10-18 11:03:28,188:INFO: State.STOP
2021-10-18 11:03:28,190:INFO: BT1   BT2   TT1   TT2   AT    X    Y    Z     BP1   BP2   TP1   TP2   HP      AP      PD   PC     HL EL BF SF   PF   BV     rpm             State      MissionState            
2021-10-18 11:03:28,191:INFO: 25.60 25.07 25.07 25.21 25.17 0.01 0.00 -0.00 11.15 11.28 10.31 10.37 1787.84 6109.54 1.00 100.00 0  0  2  None None 663.48 Buffering (0/1) State.STOP MissionState.DESCENDING 
2021-10-18 11:03:28,191:WARNING: Stopped
2021-10-18 11:03:28,711:INFO: State.STOP
2021-10-18 11:03:28,712:INFO: BT1   BT2   TT1   TT2   AT    X    Y    Z     BP1   BP2   TP1   TP2   HP      AP      PD   PC     HL EL BF SF   PF   BV     rpm             State      MissionState            
2021-10-18 11:03:28,715:INFO: 25.60 25.07 25.07 25.21 25.17 0.00 0.00 -0.00 11.15 11.28 10.31 10.37 1787.86 6109.52 1.00 100.00 0  0  2  None None 663.46 Buffering (0/1) State.STOP MissionState.DESCENDING 
2021-10-18 11:03:28,716:WARNING: Stopped
2021-10-18 11:03:29,217:INFO: State.STOP
2021-10-18 11:03:29,218:INFO: BT1   BT2   TT1   TT2   AT    X    Y    Z     BP1   BP2   TP1   TP2   HP      AP      PD   PC     HL EL BF SF   PF   BV     rpm             State      MissionState            
2021-10-18 11:03:29,220:INFO: 25.60 25.07 25.07 25.21 25.17 0.00 0.00 -0.00 11.15 11.28 10.31 10.37 1787.82 6109.34 1.00 100.00 0  0  2  None None 663.58 Buffering (0/1) State.STOP MissionState.DESCENDING 
2021-10-18 11:03:29,221:WARNING: Stopped
2021-10-18 11:03:29,746:INFO: State.STOP
2021-10-18 11:03:29,748:INFO: BT1   BT2   TT1   TT2   AT    X    Y    Z    BP1   BP2   TP1   TP2   HP      AP      PD   PC     HL EL BF SF   PF   BV     rpm             State      MissionState            
2021-10-18 11:03:29,748:INFO: 25.60 25.07 25.07 25.21 25.17 0.01 0.00 0.00 11.15 11.28 10.31 10.37 1787.78 6109.32 1.00 100.00 0  0  2  None None 663.41 Buffering (0/1) State.STOP MissionState.DESCENDING 
2021-10-18 11:03:29,749:WARNING: Stopped
2021-10-18 11:03:30,256:INFO: State.STOP
2021-10-18 11:03:30,258:INFO: BT1   BT2   TT1   TT2   AT    X    Y    Z    BP1   BP2   TP1   TP2   HP      AP      PD   PC     HL EL BF SF   PF   BV     rpm             State      MissionState            
2021-10-18 11:03:30,260:INFO: 25.60 25.07 25.07 25.21 25.17 0.01 0.00 0.00 11.15 11.28 10.31 10.37 1787.70 6109.22 1.00 100.00 0  0  2  None None 663.67 Buffering (0/1) State.STOP MissionState.DESCENDING 
2021-10-18 11:03:30,261:WARNING: Stopped
2021-10-18 11:03:30,778:INFO: State.STOP
2021-10-18 11:03:30,780:INFO: BT1   BT2   TT1   TT2   AT    X    Y    Z    BP1   BP2   TP1   TP2   HP      AP      PD   PC     HL EL BF SF   PF   BV     rpm             State      MissionState            
2021-10-18 11:03:30,781:INFO: 25.60 25.07 25.07 25.20 25.17 0.00 0.00 0.00 11.15 11.28 10.31 10.37 1787.54 6109.18 1.00 100.00 0  0  2  None None 663.49 Buffering (0/1) State.STOP MissionState.DESCENDING 
2021-10-18 11:03:30,782:WARNING: Stopped
2021-10-18 11:03:31,295:INFO: State.STOP
2021-10-18 11:03:31,298:INFO: BT1   BT2   TT1   TT2   AT    X    Y    Z    BP1   BP2   TP1   TP2   HP      AP      PD   PC     HL EL BF SF   PF   BV     rpm             State      MissionState            
2021-10-18 11:03:31,299:INFO: 25.60 25.07 25.06 25.20 25.17 0.00 0.00 0.00 11.15 11.28 10.31 10.37 1787.54 6109.18 1.00 100.00 0  0  2  None None 663.46 Buffering (0/1) State.STOP MissionState.DESCENDING 
2021-10-18 11:03:31,301:WARNING: Stopped
2021-10-18 11:03:31,821:INFO: State.STOP
2021-10-18 11:03:31,824:INFO: BT1   BT2   TT1   TT2   AT    X    Y    Z    BP1   BP2   TP1   TP2   HP      AP      PD   PC     HL EL BF SF   PF   BV     rpm             State      MissionState            
2021-10-18 11:03:31,825:INFO: 25.60 25.07 25.06 25.20 25.17 0.00 0.01 0.00 11.15 11.28 10.31 10.37 1787.60 6109.18 1.00 100.00 0  0  2  None None 663.58 Buffering (0/1) State.STOP MissionState.DESCENDING 
2021-10-18 11:03:31,826:WARNING: Stopped
2021-10-18 11:03:32,328:INFO: State.STOP
2021-10-18 11:03:32,329:INFO: BT1   BT2   TT1   TT2   AT    X    Y    Z    BP1   BP2   TP1   TP2   HP      AP      PD   PC     HL EL BF SF   PF   BV     rpm             State      MissionState            
2021-10-18 11:03:32,331:INFO: 25.60 25.07 25.06 25.20 25.17 0.00 0.01 0.00 11.15 11.28 10.31 10.37 1787.60 6108.98 1.00 100.00 0  0  2  None None 663.65 Buffering (0/1) State.STOP MissionState.DESCENDING 
2021-10-18 11:03:32,331:WARNING: Stopped
2021-10-18 11:03:32,851:INFO: State.STOP
2021-10-18 11:03:32,853:INFO: BT1   BT2   TT1   TT2   AT    X    Y    Z    BP1   BP2   TP1   TP2   HP      AP      PD   PC     HL EL BF SF   PF   BV     rpm             State      MissionState            
2021-10-18 11:03:32,854:INFO: 25.60 25.07 25.06 25.20 25.17 0.00 0.00 0.00 11.15 11.28 10.31 10.37 1787.72 6108.98 1.00 100.00 0  0  2  None None 663.63 Buffering (0/1) State.STOP MissionState.DESCENDING 
2021-10-18 11:03:32,855:WARNING: Stopped
2021-10-18 11:03:33,352:INFO: State.STOP
2021-10-18 11:03:33,354:INFO: BT1   BT2   TT1   TT2   AT    X    Y    Z    BP1   BP2   TP1   TP2   HP      AP      PD   PC     HL EL BF SF   PF   BV     rpm             State      MissionState            
2021-10-18 11:03:33,355:INFO: 25.60 25.07 25.06 25.20 25.17 0.00 0.00 0.00 11.15 11.28 10.31 10.37 1787.76 6108.94 1.00 100.00 0  0  2  None None 663.53 Buffering (0/1) State.STOP MissionState.DESCENDING 
2021-10-18 11:03:33,356:WARNING: Stopped
2021-10-18 11:03:33,884:INFO: State.STOP
2021-10-18 11:03:33,886:INFO: BT1   BT2   TT1   TT2   AT    X    Y    Z    BP1   BP2   TP1   TP2   HP      AP      PD   PC     HL EL BF SF   PF   BV     rpm             State      MissionState            
2021-10-18 11:03:33,887:INFO: 25.60 25.07 25.06 25.20 25.17 0.00 0.01 0.00 11.15 11.28 10.31 10.37 1787.76 6108.80 1.00 100.00 0  0  2  None None 663.63 Buffering (0/1) State.STOP MissionState.DESCENDING 
2021-10-18 11:03:33,888:WARNING: Stopped
2021-10-18 11:03:34,387:INFO: State.STOP
2021-10-18 11:03:34,389:INFO: BT1   BT2   TT1   TT2   AT    X    Y    Z    BP1   BP2   TP1   TP2   HP      AP      PD   PC     HL EL BF SF   PF   BV     rpm             State      MissionState            
2021-10-18 11:03:34,391:INFO: 25.60 25.07 25.07 25.19 25.17 0.00 0.01 0.00 11.15 11.28 10.31 10.37 1787.70 6108.82 1.00 100.00 0  0  2  None None 663.56 Buffering (0/1) State.STOP MissionState.DESCENDING 
2021-10-18 11:03:34,393:WARNING: Stopped
2021-10-18 11:03:34,920:INFO: State.STOP
2021-10-18 11:03:34,922:INFO: BT1   BT2   TT1   TT2   AT    X    Y    Z    BP1   BP2   TP1   TP2   HP      AP      PD   PC     HL EL BF SF   PF   BV     rpm             State      MissionState            
2021-10-18 11:03:34,924:INFO: 25.60 25.07 25.07 25.19 25.17 0.01 0.01 0.00 11.15 11.28 10.31 10.37 1787.84 6108.82 1.00 100.00 0  0  2  None None 663.65 Buffering (0/1) State.STOP MissionState.DESCENDING 
2021-10-18 11:03:34,925:WARNING: Stopped
2021-10-18 11:03:35,424:INFO: State.STOP
2021-10-18 11:03:35,426:INFO: BT1   BT2   TT1   TT2   AT    X    Y    Z    BP1   BP2   TP1   TP2   HP      AP      PD   PC     HL EL BF SF   PF   BV     rpm             State      MissionState            
2021-10-18 11:03:35,427:INFO: 25.60 25.07 25.07 25.19 25.17 0.01 0.01 0.00 11.15 11.28 10.31 10.37 1787.80 6108.86 1.00 100.00 0  0  2  None None 663.58 Buffering (0/1) State.STOP MissionState.DESCENDING 
2021-10-18 11:03:35,428:WARNING: Stopped
2021-10-18 11:03:35,950:INFO: State.STOP
2021-10-18 11:03:35,952:INFO: BT1   BT2   TT1   TT2   AT    X    Y    Z    BP1   BP2   TP1   TP2   HP      AP      PD   PC     HL EL BF SF   PF   BV     rpm             State      MissionState            
2021-10-18 11:03:35,954:INFO: 25.60 25.07 25.07 25.19 25.17 0.01 0.01 0.00 11.15 11.28 10.31 10.37 1787.84 6108.74 1.00 100.00 0  0  2  None None 663.67 Buffering (0/1) State.STOP MissionState.DESCENDING 
2021-10-18 11:03:35,955:WARNING: Stopped
2021-10-18 11:03:36,462:INFO: State.STOP
2021-10-18 11:03:36,464:INFO: BT1   BT2   TT1   TT2   AT    X    Y    Z    BP1   BP2   TP1   TP2   HP      AP      PD   PC     HL EL BF SF   PF   BV     rpm             State      MissionState            
2021-10-18 11:03:36,466:INFO: 25.60 25.07 25.07 25.19 25.17 0.01 0.01 0.00 11.15 11.28 10.31 10.37 1787.84 6108.80 1.00 100.00 0  0  2  None None 663.56 Buffering (0/1) State.STOP MissionState.DESCENDING 
2021-10-18 11:03:36,468:WARNING: Stopped
2021-10-18 11:03:36,985:INFO: State.STOP
2021-10-18 11:03:36,986:INFO: BT1   BT2   TT1   TT2   AT    X    Y    Z    BP1   BP2   TP1   TP2   HP      AP      PD   PC     HL EL BF SF   PF   BV     rpm             State      MissionState            
2021-10-18 11:03:36,987:INFO: 25.60 25.07 25.07 25.19 25.17 0.01 0.00 0.00 11.15 11.28 10.31 10.37 1787.86 6108.68 1.00 100.00 0  0  2  None None 663.70 Buffering (0/1) State.STOP MissionState.DESCENDING 
2021-10-18 11:03:36,988:WARNING: Stopped
2021-10-18 11:03:37,492:INFO: State.STOP
2021-10-18 11:03:37,494:INFO: BT1   BT2   TT1   TT2   AT    X    Y    Z    BP1   BP2   TP1   TP2   HP      AP      PD   PC     HL EL BF SF   PF   BV     rpm             State      MissionState            
2021-10-18 11:03:37,496:INFO: 25.60 25.07 25.07 25.19 25.17 0.01 0.00 0.00 11.15 11.28 10.31 10.37 1787.72 6108.58 1.00 100.00 0  0  2  None None 663.77 Buffering (0/1) State.STOP MissionState.DESCENDING 
2021-10-18 11:03:37,497:WARNING: Stopped
2021-10-18 11:03:38,012:INFO: State.STOP
2021-10-18 11:03:38,014:INFO: BT1   BT2   TT1   TT2   AT    X    Y    Z    BP1   BP2   TP1   TP2   HP      AP      PD   PC     HL EL BF SF   PF   BV     rpm             State      MissionState            
2021-10-18 11:03:38,016:INFO: 25.60 25.07 25.07 25.19 25.17 0.01 0.00 0.00 11.15 11.28 10.31 10.37 1787.64 6108.50 1.00 100.00 0  0  2  None None 663.67 Buffering (0/1) State.STOP MissionState.DESCENDING 
2021-10-18 11:03:38,016:WARNING: Stopped
2021-10-18 11:03:38,521:INFO: State.STOP
2021-10-18 11:03:38,523:INFO: BT1   BT2   TT1   TT2   AT    X    Y    Z    BP1   BP2   TP1   TP2   HP      AP      PD   PC     HL EL BF SF   PF   BV     rpm             State      MissionState            
2021-10-18 11:03:38,524:INFO: 25.60 25.07 25.07 25.19 25.17 0.01 0.00 0.00 11.15 11.28 10.31 10.37 1787.56 6108.52 1.00 100.00 0  0  2  None None 663.65 Buffering (0/1) State.STOP MissionState.DESCENDING 
2021-10-18 11:03:38,526:WARNING: Stopped
2021-10-18 11:03:39,045:INFO: State.STOP
2021-10-18 11:03:39,047:INFO: BT1   BT2   TT1   TT2   AT    X    Y    Z    BP1   BP2   TP1   TP2   HP      AP      PD   PC     HL EL BF SF   PF   BV     rpm             State      MissionState            
2021-10-18 11:03:39,049:INFO: 25.60 25.07 25.07 25.20 25.17 0.01 0.01 0.00 11.15 11.28 10.31 10.37 1787.44 6108.40 1.00 100.00 0  0  2  None None 663.70 Buffering (0/1) State.STOP MissionState.DESCENDING 
2021-10-18 11:03:39,050:WARNING: Stopped
2021-10-18 11:03:39,551:INFO: State.STOP
2021-10-18 11:03:39,553:INFO: BT1   BT2   TT1   TT2   AT    X    Y    Z    BP1   BP2   TP1   TP2   HP      AP      PD   PC     HL EL BF SF   PF   BV     rpm             State      MissionState            
2021-10-18 11:03:39,555:INFO: 25.60 25.07 25.07 25.20 25.17 0.01 0.01 0.00 11.15 11.28 10.31 10.37 1787.44 6108.34 1.00 100.00 0  0  2  None None 663.77 Buffering (0/1) State.STOP MissionState.DESCENDING 
2021-10-18 11:03:39,557:WARNING: Stopped
2021-10-18 11:03:40,068:INFO: State.STOP
2021-10-18 11:03:40,070:INFO: BT1   BT2   TT1   TT2   AT    X    Y    Z    BP1   BP2   TP1   TP2   HP      AP      PD   PC     HL EL BF SF   PF   BV     rpm             State      MissionState            
2021-10-18 11:03:40,072:INFO: 25.60 25.07 25.06 25.20 25.17 0.00 0.01 0.00 11.15 11.28 10.31 10.37 1787.42 6108.44 1.00 100.00 0  0  2  None None 663.61 Buffering (0/1) State.STOP MissionState.DESCENDING 
2021-10-18 11:03:40,073:WARNING: Stopped
2021-10-18 11:03:40,631:INFO: State.STOP
2021-10-18 11:03:40,632:INFO: BT1   BT2   TT1   TT2   AT    X    Y    Z    BP1   BP2   TP1   TP2   HP      AP      PD   PC     HL EL BF SF   PF   BV     rpm             State      MissionState            
2021-10-18 11:03:40,634:INFO: 25.60 25.07 25.06 25.20 25.17 0.00 0.01 0.00 11.15 11.28 10.31 10.37 1787.48 6108.32 1.00 100.00 0  0  2  None None 663.82 Buffering (0/1) State.STOP MissionState.DESCENDING 
2021-10-18 11:03:40,635:WARNING: Stopped
2021-10-18 11:03:41,138:INFO: State.STOP
2021-10-18 11:03:41,141:INFO: BT1   BT2   TT1   TT2   AT    X    Y    Z    BP1   BP2   TP1   TP2   HP      AP      PD   PC     HL EL BF SF   PF   BV     rpm             State      MissionState            
2021-10-18 11:03:41,143:INFO: 25.60 25.07 25.05 25.21 25.17 0.00 0.01 0.00 11.15 11.28 10.31 10.37 1787.56 6108.20 1.00 100.00 0  0  2  None None 663.79 Buffering (0/1) State.STOP MissionState.DESCENDING 
2021-10-18 11:03:41,144:WARNING: Stopped
2021-10-18 11:03:41,670:INFO: State.STOP
2021-10-18 11:03:41,672:INFO: BT1   BT2   TT1   TT2   AT    X    Y    Z    BP1   BP2   TP1   TP2   HP      AP      PD   PC     HL EL BF SF   PF   BV     rpm             State      MissionState            
2021-10-18 11:03:41,675:INFO: 25.60 25.07 25.05 25.21 25.17 0.00 0.01 0.00 11.15 11.28 10.31 10.37 1787.64 6108.04 1.00 100.00 0  0  2  None None 663.85 Buffering (0/1) State.STOP MissionState.DESCENDING 
2021-10-18 11:03:41,676:WARNING: Stopped
2021-10-18 11:03:42,178:INFO: State.STOP
2021-10-18 11:03:42,180:INFO: BT1   BT2   TT1   TT2   AT    X    Y    Z    BP1   BP2   TP1   TP2   HP      AP      PD   PC     HL EL BF SF   PF   BV     rpm             State      MissionState            
2021-10-18 11:03:42,183:INFO: 25.60 25.07 25.05 25.21 25.16 0.00 0.01 0.00 11.15 11.28 10.31 10.37 1787.56 6108.08 1.00 100.00 0  0  2  None None 663.68 Buffering (0/1) State.STOP MissionState.DESCENDING 
2021-10-18 11:03:42,184:WARNING: Stopped
2021-10-18 11:03:42,700:INFO: State.STOP
2021-10-18 11:03:42,702:INFO: BT1   BT2   TT1   TT2   AT    X    Y    Z    BP1   BP2   TP1   TP2   HP      AP      PD   PC     HL EL BF SF   PF   BV     rpm             State      MissionState            
2021-10-18 11:03:42,704:INFO: 25.60 25.07 25.05 25.21 25.17 0.00 0.01 0.00 11.15 11.28 10.31 10.37 1787.60 6108.02 1.00 100.00 0  0  2  None None 663.72 Buffering (0/1) State.STOP MissionState.DESCENDING 
2021-10-18 11:03:42,706:WARNING: Stopped
2021-10-18 11:03:43,208:INFO: State.STOP
2021-10-18 11:03:43,210:INFO: BT1   BT2   TT1   TT2   AT    X    Y    Z    BP1   BP2   TP1   TP2   HP      AP      PD   PC     HL EL BF SF   PF   BV     rpm             State      MissionState            
2021-10-18 11:03:43,213:INFO: 25.60 25.07 25.05 25.20 25.17 0.00 0.01 0.00 11.15 11.28 10.31 10.37 1787.48 6108.04 1.00 100.00 0  0  2  None None 663.79 Buffering (0/1) State.STOP MissionState.DESCENDING 
2021-10-18 11:03:43,214:WARNING: Stopped
2021-10-18 11:03:43,731:INFO: State.STOP
2021-10-18 11:03:43,733:INFO: BT1   BT2   TT1   TT2   AT    X    Y    Z    BP1   BP2   TP1   TP2   HP      AP      PD   PC     HL EL BF SF   PF   BV     rpm             State      MissionState            
2021-10-18 11:03:43,736:INFO: 25.60 25.07 25.04 25.20 25.16 0.01 0.00 0.00 11.15 11.28 10.31 10.37 1787.38 6108.00 1.00 100.00 0  0  2  None None 663.80 Buffering (0/1) State.STOP MissionState.DESCENDING 
2021-10-18 11:03:43,737:WARNING: Stopped
2021-10-18 11:03:44,239:INFO: State.STOP
2021-10-18 11:03:44,241:INFO: BT1   BT2   TT1   TT2   AT    X    Y    Z    BP1   BP2   TP1   TP2   HP      AP      PD   PC     HL EL BF SF   PF   BV     rpm             State      MissionState            
2021-10-18 11:03:44,243:INFO: 25.60 25.07 25.04 25.20 25.16 0.01 0.00 0.00 11.15 11.28 10.31 10.37 1787.36 6108.12 1.00 100.00 0  0  2  None None 663.70 Buffering (0/1) State.STOP MissionState.DESCENDING 
2021-10-18 11:03:44,245:WARNING: Stopped
2021-10-18 11:03:44,760:INFO: State.STOP
2021-10-18 11:03:44,762:INFO: BT1   BT2   TT1   TT2   AT    X    Y    Z    BP1   BP2   TP1   TP2   HP      AP      PD   PC     HL EL BF SF   PF   BV     rpm             State      MissionState            
2021-10-18 11:03:44,763:INFO: 25.60 25.07 25.05 25.19 25.16 0.01 0.00 0.00 11.15 11.28 10.31 10.37 1787.32 6108.04 1.00 100.00 0  0  2  None None 663.77 Buffering (0/1) State.STOP MissionState.DESCENDING 
2021-10-18 11:03:44,765:WARNING: Stopped
2021-10-18 11:03:45,272:INFO: State.STOP
2021-10-18 11:03:45,275:INFO: BT1   BT2   TT1   TT2   AT    X    Y    Z    BP1   BP2   TP1   TP2   HP      AP      PD   PC     HL EL BF SF   PF   BV     rpm             State      MissionState            
2021-10-18 11:03:45,277:INFO: 25.60 25.07 25.05 25.19 25.16 0.01 0.00 0.00 11.15 11.28 10.31 10.37 1787.36 6107.98 1.00 100.00 0  0  2  None None 663.75 Buffering (0/1) State.STOP MissionState.DESCENDING 
2021-10-18 11:03:45,279:WARNING: Stopped
2021-10-18 11:03:45,793:INFO: State.STOP
2021-10-18 11:03:45,795:INFO: BT1   BT2   TT1   TT2   AT    X    Y    Z    BP1   BP2   TP1   TP2   HP      AP      PD   PC     HL EL BF SF   PF   BV     rpm             State      MissionState            
2021-10-18 11:03:45,796:INFO: 25.60 25.07 25.05 25.18 25.16 0.01 0.00 0.00 11.15 11.28 10.31 10.37 1787.44 6107.96 1.00 100.00 0  0  2  None None 663.77 Buffering (0/1) State.STOP MissionState.DESCENDING 
2021-10-18 11:03:45,797:WARNING: Stopped
2021-10-18 11:03:46,310:INFO: State.STOP
2021-10-18 11:03:46,313:INFO: BT1   BT2   TT1   TT2   AT    X    Y    Z    BP1   BP2   TP1   TP2   HP      AP      PD   PC     HL EL BF SF   PF   BV     rpm             State      MissionState            
2021-10-18 11:03:46,315:INFO: 25.60 25.07 25.06 25.18 25.16 0.01 0.00 0.00 11.15 11.28 10.31 10.37 1787.60 6108.00 1.00 100.00 0  0  2  None None 663.75 Buffering (0/1) State.STOP MissionState.DESCENDING 
2021-10-18 11:03:46,317:WARNING: Stopped
2021-10-18 11:03:46,825:INFO: State.STOP
2021-10-18 11:03:46,826:INFO: BT1   BT2   TT1   TT2   AT    X    Y    Z    BP1   BP2   TP1   TP2   HP      AP      PD   PC     HL EL BF SF   PF   BV     rpm             State      MissionState            
2021-10-18 11:03:46,828:INFO: 25.60 25.07 25.06 25.17 25.16 0.00 0.00 0.00 11.15 11.28 10.31 10.37 1787.66 6107.94 1.00 100.00 0  0  2  None None 663.77 Buffering (0/1) State.STOP MissionState.DESCENDING 
2021-10-18 11:03:46,829:WARNING: Stopped
2021-10-18 11:03:47,338:INFO: State.STOP
2021-10-18 11:03:47,341:INFO: BT1   BT2   TT1   TT2   AT    X    Y    Z    BP1   BP2   TP1   TP2   HP      AP      PD   PC     HL EL BF SF   PF   BV     rpm             State      MissionState            
2021-10-18 11:03:47,343:INFO: 25.60 25.07 25.06 25.17 25.16 0.00 0.00 0.00 11.15 11.28 10.31 10.37 1787.72 6107.94 1.00 100.00 0  0  2  None None 663.77 Buffering (0/1) State.STOP MissionState.DESCENDING 
2021-10-18 11:03:47,345:WARNING: Stopped
2021-10-18 11:03:47,861:INFO: State.STOP
2021-10-18 11:03:47,863:INFO: BT1   BT2   TT1   TT2   AT    X    Y    Z    BP1   BP2   TP1   TP2   HP      AP      PD   PC     HL EL BF SF   PF   BV     rpm             State      MissionState            
2021-10-18 11:03:47,864:INFO: 25.60 25.07 25.06 25.16 25.16 0.00 0.00 0.00 11.15 11.28 10.31 10.37 1787.68 6107.88 1.00 100.00 0  0  2  None None 663.82 Buffering (0/1) State.STOP MissionState.DESCENDING 
2021-10-18 11:03:47,865:WARNING: Stopped
2021-10-18 11:03:48,371:INFO: State.STOP
2021-10-18 11:03:48,374:INFO: BT1   BT2   TT1   TT2   AT    X    Y    Z    BP1   BP2   TP1   TP2   HP      AP      PD   PC     HL EL BF SF   PF   BV     rpm             State      MissionState            
2021-10-18 11:03:48,376:INFO: 25.60 25.07 25.06 25.15 25.16 0.00 0.00 0.00 11.15 11.28 10.31 10.37 1787.68 6107.84 1.00 100.00 0  0  2  None None 663.82 Buffering (0/1) State.STOP MissionState.DESCENDING 
2021-10-18 11:03:48,377:WARNING: Stopped
2021-10-18 11:03:48,897:INFO: State.STOP
2021-10-18 11:03:48,900:INFO: BT1   BT2   TT1   TT2   AT    X    Y    Z    BP1   BP2   TP1   TP2   HP      AP      PD   PC     HL EL BF SF   PF   BV     rpm             State      MissionState            
2021-10-18 11:03:48,902:INFO: 25.60 25.07 25.06 25.15 25.16 0.00 0.00 0.00 11.15 11.28 10.31 10.37 1787.62 6107.78 1.00 100.00 0  0  2  None None 663.82 Buffering (0/1) State.STOP MissionState.DESCENDING 
2021-10-18 11:03:48,904:WARNING: Stopped
2021-10-18 11:03:49,410:INFO: State.STOP
2021-10-18 11:03:49,413:INFO: BT1   BT2   TT1   TT2   AT    X    Y    Z    BP1   BP2   TP1   TP2   HP      AP      PD   PC     HL EL BF SF   PF   BV     rpm             State      MissionState            
2021-10-18 11:03:49,415:INFO: 25.60 25.07 25.06 25.14 25.16 0.00 0.00 0.00 11.15 11.28 10.31 10.37 1787.58 6107.70 1.00 100.00 0  0  2  None None 663.87 Buffering (0/1) State.STOP MissionState.DESCENDING 
2021-10-18 11:03:49,417:WARNING: Stopped
