[ 2021-07-04 10:28:24.569618 ] Log was initialized successfully
[ 2021-07-04 10:28:24.569618 ] Safety controller was initialized successfully
[ 2021-07-04 10:28:24.569618 ] FYI controller was initialized successfully
[ 2021-07-04 10:28:24.569618 ] Press controller was initialized successfully
[ 2021-07-04 10:28:24.569618 ] Temperature controller was initialized successfully
[ 2021-07-04 10:28:24.569618 ] IMU controller was initialized successfully
[ 2021-07-04 10:28:24.569618 ] attempting to load profile: cfg/profile.txt
[ 2021-07-04 10:28:24.576030 ] [2.0, 17.3909, 39.0624, 1028.4090565971915]
[ 2021-07-04 10:28:24.576030 ] [3.0, 17.389, 39.0629, 1028.4142889167895]
[ 2021-07-04 10:28:24.576030 ] [4.0, 17.3893, 39.0625, 1028.418288453629]
[ 2021-07-04 10:28:24.576030 ] [5.0, 17.3895, 39.0629, 1028.4229239609779]
[ 2021-07-04 10:28:24.576030 ] [6.0, 17.393, 39.0629, 1028.4264360407176]
[ 2021-07-04 10:28:24.576030 ] [7.0, 17.3956, 39.0626, 1028.429941658645]
[ 2021-07-04 10:28:24.576030 ] [8.0, 17.3984, 39.0624, 1028.4334738988093]
[ 2021-07-04 10:28:24.576030 ] [9.0, 17.3983, 39.0626, 1028.438030436655]
[ 2021-07-04 10:28:24.576030 ] [10.0, 17.398, 39.0626, 1028.4424836517794]
[ 2021-07-04 10:28:24.576030 ] [11.0, 17.3981, 39.0625, 1028.4467612162982]
[ 2021-07-04 10:28:24.576030 ] [12.0, 17.3984, 39.0625, 1028.4510655107713]
[ 2021-07-04 10:28:24.576030 ] [13.0, 17.3985, 39.0623, 1028.4552664859834]
[ 2021-07-04 10:28:24.576030 ] [14.0, 17.3978, 39.062, 1028.4595893275139]
[ 2021-07-04 10:28:24.576030 ] [15.0, 17.3954, 39.0624, 1028.4648684339334]
[ 2021-07-04 10:28:24.577029 ] [16.0, 17.3949, 39.0624, 1028.4693707623253]
[ 2021-07-04 10:28:24.577029 ] [17.0, 17.3986, 39.062, 1028.4725259033883]
[ 2021-07-04 10:28:24.577029 ] [18.0, 17.3986, 39.062, 1028.4769040372878]
[ 2021-07-04 10:28:24.577029 ] [19.0, 17.3974, 39.0625, 1028.481961707531]
[ 2021-07-04 10:28:24.577029 ] [20.0, 17.3969, 39.062, 1028.4860816841408]
[ 2021-07-04 10:28:24.577029 ] [21.0, 17.394, 39.0624, 1028.4914844371096]
[ 2021-07-04 10:28:24.577029 ] [22.0, 17.3976, 39.0626, 1028.495122137154]
[ 2021-07-04 10:28:24.577029 ] [23.0, 17.3966, 39.0624, 1028.4995951011038]
[ 2021-07-04 10:28:24.577029 ] [24.0, 17.3943, 39.0614, 1028.5037792805238]
[ 2021-07-04 10:28:24.577029 ] [25.0, 17.3876, 39.0604, 1028.5090546968813]
[ 2021-07-04 10:28:24.577029 ] [26.0, 17.3815, 39.0592, 1028.5140282335249]
[ 2021-07-04 10:28:24.577029 ] [27.0, 17.3762, 39.0593, 1028.5197963744718]
[ 2021-07-04 10:28:24.577029 ] [28.0, 17.3711, 39.0589, 1028.5251327480146]
[ 2021-07-04 10:28:24.577029 ] [29.0, 17.364, 39.0581, 1028.530659065178]
[ 2021-07-04 10:28:24.577029 ] [30.0, 17.3506, 39.057, 1028.5375168260584]
[ 2021-07-04 10:28:24.577029 ] [31.0, 17.3488, 39.0579, 1028.5430280593264]
[ 2021-07-04 10:28:24.577029 ] [32.0, 17.347, 39.0574, 1028.5474695960233]
[ 2021-07-04 10:28:24.577029 ] [33.0, 17.3465, 39.0573, 1028.5518945996887]
[ 2021-07-04 10:28:24.577029 ] [34.0, 17.3455, 39.0576, 1028.5567490103324]
[ 2021-07-04 10:28:24.578026 ] [35.0, 17.3483, 39.059, 1028.5615021739372]
[ 2021-07-04 10:28:24.578026 ] [36.0, 17.347, 39.0586, 1028.5658959592733]
[ 2021-07-04 10:28:24.578026 ] [37.0, 17.345, 39.0583, 1028.5705395387404]
[ 2021-07-04 10:28:24.578026 ] [38.0, 17.3426, 39.0577, 1028.57505297102]
[ 2021-07-04 10:28:24.578026 ] [39.0, 17.3414, 39.0576, 1028.5796509806178]
[ 2021-07-04 10:28:24.578026 ] [40.0, 17.3399, 39.057, 1028.5839412704197]
[ 2021-07-04 10:28:24.578026 ] [41.0, 17.3413, 39.058, 1028.5887352196216]
[ 2021-07-04 10:28:24.578026 ] [42.0, 17.3416, 39.0577, 1028.5928084793245]
[ 2021-07-04 10:28:24.578026 ] [43.0, 17.3409, 39.058, 1028.5975878679774]
[ 2021-07-04 10:28:24.578026 ] [44.0, 17.3389, 39.0574, 1028.6020018165004]
[ 2021-07-04 10:28:24.578026 ] [45.0, 17.3393, 39.0572, 1028.6061264537755]
[ 2021-07-04 10:28:24.578026 ] [46.0, 17.3422, 39.0588, 1028.6110063794774]
[ 2021-07-04 10:28:24.578026 ] [47.0, 17.3403, 39.0578, 1028.615089792717]
[ 2021-07-04 10:28:24.578026 ] [48.0, 17.3389, 39.0579, 1028.6198895262505]
[ 2021-07-04 10:28:24.578026 ] [49.0, 17.3374, 39.0573, 1028.6241792293104]
[ 2021-07-04 10:28:24.578026 ] [50.0, 17.3357, 39.0569, 1028.6286712330116]
[ 2021-07-04 10:28:24.578026 ] [51.0, 17.3381, 39.0582, 1028.6334454106443]
[ 2021-07-04 10:28:24.578026 ] [52.0, 17.3403, 39.0587, 1028.6376578254128]
[ 2021-07-04 10:28:24.578026 ] [53.0, 17.3412, 39.0589, 1028.641963255779]
[ 2021-07-04 10:28:24.579024 ] [54.0, 17.34, 39.0586, 1028.646407404896]
[ 2021-07-04 10:28:24.579024 ] [55.0, 17.3375, 39.0577, 1028.650715528503]
[ 2021-07-04 10:28:24.579024 ] [56.0, 17.3341, 39.057, 1028.6553995264064]
[ 2021-07-04 10:28:24.579024 ] [57.0, 17.3311, 39.0567, 1028.66028980844]
[ 2021-07-04 10:28:24.579024 ] [58.0, 17.3306, 39.056, 1028.6642545894601]
[ 2021-07-04 10:28:24.579024 ] [59.0, 17.3321, 39.0569, 1028.6689455638484]
[ 2021-07-04 10:28:24.579024 ] [60.0, 17.3331, 39.057, 1028.6731492811402]
[ 2021-07-04 10:28:24.579024 ] [61.0, 17.3333, 39.0571, 1028.6775512914774]
[ 2021-07-04 10:28:24.579024 ] [62.0, 17.3337, 39.0567, 1028.6815216691343]
[ 2021-07-04 10:28:24.579024 ] [63.0, 17.3339, 39.057, 1028.6860762582007]
[ 2021-07-04 10:28:24.579024 ] [64.0, 17.3341, 39.0572, 1028.6905543642395]
[ 2021-07-04 10:28:24.579024 ] [65.0, 17.3332, 39.0566, 1028.6946941868393]
[ 2021-07-04 10:28:24.579024 ] [66.0, 17.3316, 39.0563, 1028.6992367474597]
[ 2021-07-04 10:28:24.579024 ] [67.0, 17.3308, 39.0565, 1028.7039626992307]
[ 2021-07-04 10:28:24.579024 ] [68.0, 17.3297, 39.0556, 1028.7079227898678]
[ 2021-07-04 10:28:24.579024 ] [69.0, 17.3267, 39.055, 1028.7125833127866]
[ 2021-07-04 10:28:24.579024 ] [70.0, 17.3219, 39.0538, 1028.7172319411518]
[ 2021-07-04 10:28:24.579024 ] [71.0, 17.3197, 39.0532, 1028.7216938507245]
[ 2021-07-04 10:28:24.579024 ] [72.0, 17.3173, 39.0528, 1028.7263580626536]
[ 2021-07-04 10:28:24.580021 ] [73.0, 17.3152, 39.0524, 1028.7309477974215]
[ 2021-07-04 10:28:24.580021 ] [74.0, 17.3136, 39.0521, 1028.7354898377855]
[ 2021-07-04 10:28:24.580021 ] [75.0, 17.3124, 39.0521, 1028.7401617489043]
[ 2021-07-04 10:28:24.580021 ] [76.0, 17.3114, 39.0518, 1028.7445548429414]
[ 2021-07-04 10:28:24.580021 ] [77.0, 17.3084, 39.0515, 1028.7494439158406]
[ 2021-07-04 10:28:24.580021 ] [78.0, 17.3072, 39.0514, 1028.754039248234]
[ 2021-07-04 10:28:24.580021 ] [79.0, 17.3047, 39.0506, 1028.7584222706582]
[ 2021-07-04 10:28:24.580021 ] [80.0, 17.302, 39.0505, 1028.7633894822015]
[ 2021-07-04 10:28:24.580021 ] [81.0, 17.2906, 39.048, 1028.7686806432746]
[ 2021-07-04 10:28:24.580021 ] [82.0, 17.2219, 39.0375, 1028.7820456027762]
[ 2021-07-04 10:28:24.580021 ] [83.0, 17.1224, 39.0267, 1028.802735293007]
[ 2021-07-04 10:28:24.580021 ] [84.0, 17.0351, 39.0185, 1028.8223290247802]
[ 2021-07-04 10:28:24.580021 ] [85.0, 16.9703, 39.0107, 1028.8366492310176]
[ 2021-07-04 10:28:24.580021 ] [86.0, 16.8776, 39.0004, 1028.8558427997139]
[ 2021-07-04 10:28:24.580021 ] [87.0, 16.846, 39.0039, 1028.8706153572589]
[ 2021-07-04 10:28:24.580021 ] [88.0, 16.8446, 39.0093, 1028.8794651974058]
[ 2021-07-04 10:28:24.580021 ] [89.0, 16.8131, 39.0127, 1028.8941296260089]
[ 2021-07-04 10:28:24.580021 ] [90.0, 16.7619, 39.0196, 1028.916259856037]
[ 2021-07-04 10:28:24.580021 ] [91.0, 16.7478, 39.0217, 1028.9256779106354]
[ 2021-07-04 10:28:24.581018 ] [92.0, 16.7385, 39.0224, 1028.9328565578246]
[ 2021-07-04 10:28:24.581018 ] [93.0, 16.7336, 39.0231, 1028.938964509718]
[ 2021-07-04 10:28:24.581018 ] [94.0, 16.7263, 39.0239, 1028.9457324329114]
[ 2021-07-04 10:28:24.581018 ] [95.0, 16.7135, 39.0254, 1028.954372402224]
[ 2021-07-04 10:28:24.581018 ] [96.0, 16.7045, 39.0269, 1028.9620878290375]
[ 2021-07-04 10:28:24.581018 ] [97.0, 16.6916, 39.0278, 1028.9702914187196]
[ 2021-07-04 10:28:24.581018 ] [98.0, 16.6741, 39.0291, 1028.9799167002284]
[ 2021-07-04 10:28:24.581018 ] [99.0, 16.6542, 39.0308, 1028.9904280468247]
[ 2021-07-04 10:28:24.581018 ] [100.0, 16.6476, 39.0323, 1028.9975577763553]
[ 2021-07-04 10:28:24.581018 ] [101.0, 16.6458, 39.0327, 1029.0026816301915]
[ 2021-07-04 10:28:24.581018 ] [102.0, 16.6439, 39.0327, 1029.0075237723981]
[ 2021-07-04 10:28:24.581018 ] [103.0, 16.6372, 39.0339, 1029.0144479028331]
[ 2021-07-04 10:28:24.581018 ] [104.0, 16.6317, 39.0349, 1029.0209277837553]
[ 2021-07-04 10:28:24.581018 ] [105.0, 16.6293, 39.0352, 1029.0261203840769]
[ 2021-07-04 10:28:24.581018 ] [106.0, 16.6253, 39.0366, 1029.0325421526938]
[ 2021-07-04 10:28:24.581018 ] [107.0, 16.6227, 39.0379, 1029.038547854684]
[ 2021-07-04 10:28:24.581018 ] [108.0, 16.6193, 39.0383, 1029.0440591759711]
[ 2021-07-04 10:28:24.582016 ] [109.0, 16.6162, 39.0392, 1029.0498800452947]
[ 2021-07-04 10:28:24.582016 ] [110.0, 16.6126, 39.0401, 1029.0558220528183]
[ 2021-07-04 10:28:24.582016 ] [111.0, 16.6106, 39.0406, 1029.0610701540431]
[ 2021-07-04 10:28:24.582016 ] [112.0, 16.6038, 39.0423, 1029.0683995281595]
[ 2021-07-04 10:28:24.582016 ] [113.0, 16.598, 39.0447, 1029.0760215952716]
[ 2021-07-04 10:28:24.582016 ] [114.0, 16.595, 39.0468, 1029.0827354508126]
[ 2021-07-04 10:28:24.582016 ] [115.0, 16.5929, 39.0472, 1029.0879309946254]
[ 2021-07-04 10:28:24.582016 ] [116.0, 16.5878, 39.0484, 1029.094465310928]
[ 2021-07-04 10:28:24.582016 ] [117.0, 16.5825, 39.05, 1029.1013538317575]
[ 2021-07-04 10:28:24.582016 ] [118.0, 16.5813, 39.0507, 1029.10656049711]
[ 2021-07-04 10:28:24.582016 ] [119.0, 16.579, 39.0513, 1029.1119571494062]
[ 2021-07-04 10:28:24.582016 ] [120.0, 16.5748, 39.0531, 1029.1187317988172]
[ 2021-07-04 10:28:24.582016 ] [121.0, 16.5739, 39.0542, 1029.1241714794844]
[ 2021-07-04 10:28:24.582016 ] [122.0, 16.5711, 39.0557, 1029.1303773361547]
[ 2021-07-04 10:28:24.582016 ] [123.0, 16.5685, 39.0572, 1029.1365346560162]
[ 2021-07-04 10:28:24.582016 ] [124.0, 16.5647, 39.0588, 1029.143059091521]
[ 2021-07-04 10:28:24.582016 ] [125.0, 16.5601, 39.0605, 1029.1498536903682]
[ 2021-07-04 10:28:24.582016 ] [126.0, 16.5569, 39.0621, 1029.156232567625]
[ 2021-07-04 10:28:24.582016 ] [127.0, 16.5541, 39.0633, 1029.162208563111]
[ 2021-07-04 10:28:24.583013 ] [128.0, 16.552, 39.0662, 1029.169315024726]
[ 2021-07-04 10:28:24.583013 ] [129.0, 16.5474, 39.0679, 1029.176109209422]
[ 2021-07-04 10:28:24.583013 ] [130.0, 16.5404, 39.0699, 1029.1837138786043]
[ 2021-07-04 10:28:24.583013 ] [131.0, 16.5303, 39.074, 1029.1936747963503]
[ 2021-07-04 10:28:24.583013 ] [132.0, 16.5228, 39.0762, 1029.2015527373928]
[ 2021-07-04 10:28:24.583013 ] [133.0, 16.5223, 39.0769, 1029.2065890122876]
[ 2021-07-04 10:28:24.583013 ] [134.0, 16.5198, 39.0778, 1029.2122622632937]
[ 2021-07-04 10:28:24.583013 ] [135.0, 16.5156, 39.0789, 1029.2184998464033]
[ 2021-07-04 10:28:24.583013 ] [136.0, 16.5135, 39.0794, 1029.2237702142033]
[ 2021-07-04 10:28:24.583013 ] [137.0, 16.5104, 39.0795, 1029.228976610466]
[ 2021-07-04 10:28:24.583013 ] [138.0, 16.5048, 39.08, 1029.235093794623]
[ 2021-07-04 10:28:24.583013 ] [139.0, 16.4969, 39.0835, 1029.244061598693]
[ 2021-07-04 10:28:24.583013 ] [140.0, 16.4832, 39.0872, 1029.2545847492088]
[ 2021-07-04 10:28:24.583013 ] [141.0, 16.4682, 39.0891, 1029.2640442405284]
[ 2021-07-04 10:28:24.583013 ] [142.0, 16.4605, 39.0902, 1029.2711263996644]
[ 2021-07-04 10:28:24.583013 ] [143.0, 16.4507, 39.0917, 1029.2790214946942]
[ 2021-07-04 10:28:24.583013 ] [144.0, 16.4458, 39.0929, 1029.2855029381608]
[ 2021-07-04 10:28:24.584010 ] [145.0, 16.4423, 39.0935, 1029.2911871495753]
[ 2021-07-04 10:28:24.584010 ] [146.0, 16.438, 39.0943, 1029.2972174626782]
[ 2021-07-04 10:28:24.584010 ] [147.0, 16.4337, 39.0947, 1029.302941707594]
[ 2021-07-04 10:28:24.584010 ] [148.0, 16.4314, 39.0958, 1029.3087182336455]
[ 2021-07-04 10:28:24.584010 ] [149.0, 16.4304, 39.0963, 1029.3137218173722]
[ 2021-07-04 10:28:24.584010 ] [150.0, 16.4284, 39.0967, 1029.318890355506]
[ 2021-07-04 10:28:24.584010 ] [151.0, 16.4213, 39.0982, 1029.3261317296478]
[ 2021-07-04 10:28:24.584010 ] [152.0, 16.4163, 39.1002, 1029.3332482268786]
[ 2021-07-04 10:28:24.584010 ] [153.0, 16.3997, 39.1005, 1029.3418640686668]
[ 2021-07-04 10:28:24.584010 ] [154.0, 16.3772, 39.1015, 1029.3524361564591]
[ 2021-07-04 10:28:24.584010 ] [155.0, 16.3585, 39.1037, 1029.3630067176994]
[ 2021-07-04 10:28:24.584010 ] [156.0, 16.3489, 39.1044, 1029.3702353726214]
[ 2021-07-04 10:28:24.584010 ] [157.0, 16.3449, 39.1055, 1029.3764205157613]
[ 2021-07-04 10:28:24.584010 ] [158.0, 16.3254, 39.1033, 1029.3838137143982]
[ 2021-07-04 10:28:24.584010 ] [159.0, 16.3114, 39.1029, 1029.391257621558]
[ 2021-07-04 10:28:24.584010 ] [160.0, 16.2965, 39.1026, 1029.398993089701]
[ 2021-07-04 10:28:24.584010 ] [161.0, 16.2745, 39.1039, 1029.4096576405739]
[ 2021-07-04 10:28:24.584010 ] [162.0, 16.2566, 39.1045, 1029.4187983040717]
[ 2021-07-04 10:28:24.584010 ] [163.0, 16.2329, 39.1065, 1029.4303999797419]
[ 2021-07-04 10:28:24.585007 ] [164.0, 16.2171, 39.1093, 1029.4407147160005]
[ 2021-07-04 10:28:24.585007 ] [165.0, 16.2073, 39.1087, 1029.4469874940721]
[ 2021-07-04 10:28:24.585007 ] [166.0, 16.1887, 39.1088, 1029.4559046906434]
[ 2021-07-04 10:28:24.585007 ] [167.0, 16.1606, 39.1097, 1029.467706605414]
[ 2021-07-04 10:28:24.585007 ] [168.0, 16.153, 39.1103, 1029.474367089938]
[ 2021-07-04 10:28:24.585007 ] [169.0, 16.14, 39.11, 1029.4816308399788]
[ 2021-07-04 10:28:24.585007 ] [170.0, 16.1285, 39.1096, 1029.4884580637638]
[ 2021-07-04 10:28:24.585007 ] [171.0, 16.1121, 39.1089, 1029.496226386945]
[ 2021-07-04 10:28:24.585007 ] [172.0, 16.0989, 39.1133, 1029.5071309441698]
[ 2021-07-04 10:28:24.585007 ] [173.0, 16.0926, 39.1143, 1029.51378388709]
[ 2021-07-04 10:28:24.585007 ] [174.0, 16.086, 39.1154, 1029.5205847866591]
[ 2021-07-04 10:28:24.585007 ] [175.0, 16.0817, 39.1162, 1029.5266064179748]
[ 2021-07-04 10:28:24.585007 ] [176.0, 16.077, 39.1161, 1029.532034706982]
[ 2021-07-04 10:28:24.585007 ] [177.0, 16.0601, 39.1151, 1029.5396871640405]
[ 2021-07-04 10:28:24.585007 ] [178.0, 16.0413, 39.1154, 1029.5487857302423]
[ 2021-07-04 10:28:24.585007 ] [179.0, 16.0318, 39.1155, 1029.5555108746344]
[ 2021-07-04 10:28:24.585007 ] [180.0, 16.023, 39.1152, 1029.5617623658475]
[ 2021-07-04 10:28:24.585007 ] [181.0, 16.012, 39.115, 1029.5686142954316]
[ 2021-07-04 10:28:24.585007 ] [182.0, 16.0013, 39.115, 1029.575546985007]
[ 2021-07-04 10:28:24.586005 ] [183.0, 15.9926, 39.1144, 1029.5815432335837]
[ 2021-07-04 10:28:24.586005 ] [184.0, 15.9741, 39.1139, 1029.5899490491322]
[ 2021-07-04 10:28:24.586005 ] [185.0, 15.9697, 39.1142, 1029.5956090192774]
[ 2021-07-04 10:28:24.586005 ] [186.0, 15.9633, 39.1135, 1029.6009794700333]
[ 2021-07-04 10:28:24.586005 ] [187.0, 15.9436, 39.1122, 1029.6090545392371]
[ 2021-07-04 10:28:24.586005 ] [188.0, 15.923, 39.1116, 1029.6178763839932]
[ 2021-07-04 10:28:24.586005 ] [189.0, 15.9181, 39.1121, 1029.623806966868]
[ 2021-07-04 10:28:24.586005 ] [190.0, 15.9172, 39.1118, 1029.628174436634]
[ 2021-07-04 10:28:24.586005 ] [191.0, 15.8983, 39.1102, 1029.6358232592142]
[ 2021-07-04 10:28:24.586005 ] [192.0, 15.8808, 39.1101, 1029.6442853270044]
[ 2021-07-04 10:28:24.586005 ] [193.0, 15.8669, 39.1093, 1029.6513551679145]
[ 2021-07-04 10:28:24.586005 ] [194.0, 15.8545, 39.1087, 1029.6582209815072]
[ 2021-07-04 10:28:24.586005 ] [195.0, 15.8505, 39.1091, 1029.6638595645431]
[ 2021-07-04 10:28:24.586005 ] [196.0, 15.8493, 39.1089, 1029.6683747139302]
[ 2021-07-04 10:28:24.586005 ] [197.0, 15.8471, 39.1088, 1029.6732035021032]
[ 2021-07-04 10:28:24.586005 ] [198.0, 15.8305, 39.1055, 1029.6789962803523]
[ 2021-07-04 10:28:24.586005 ] [199.0, 15.8021, 39.1057, 1029.6902610501336]
[ 2021-07-04 10:28:24.586005 ] [200.0, 15.7964, 39.1052, 1029.6956118378334]
[ 2021-07-04 10:28:24.586005 ] [201.0, 15.7741, 39.102, 1029.702823211607]
[ 2021-07-04 10:28:24.587002 ] [202.0, 15.7613, 39.1025, 1029.7106176889256]
[ 2021-07-04 10:28:24.587002 ] [203.0, 15.7427, 39.1001, 1029.7175612577164]
[ 2021-07-04 10:28:24.587002 ] [204.0, 15.7114, 39.0971, 1029.7270411175925]
[ 2021-07-04 10:28:24.587002 ] [205.0, 15.6885, 39.0954, 1029.7355276284604]
[ 2021-07-04 10:28:24.587002 ] [206.0, 15.6759, 39.0941, 1029.7418885396728]
[ 2021-07-04 10:28:24.587002 ] [207.0, 15.6674, 39.0934, 1029.7477415161995]
[ 2021-07-04 10:28:24.587002 ] [208.0, 15.6604, 39.0923, 1029.7529342276405]
[ 2021-07-04 10:28:24.587002 ] [209.0, 15.6531, 39.0914, 1029.7583504530623]
[ 2021-07-04 10:28:24.587002 ] [210.0, 15.642, 39.0898, 1029.764125246551]
[ 2021-07-04 10:28:24.587002 ] [211.0, 15.6262, 39.0885, 1029.7712352996261]
[ 2021-07-04 10:28:24.587002 ] [212.0, 15.6207, 39.0876, 1029.7762262200713]
[ 2021-07-04 10:28:24.587002 ] [213.0, 15.605, 39.0849, 1029.7822381056594]
[ 2021-07-04 10:28:24.587002 ] [214.0, 15.5761, 39.0814, 1029.7907378151533]
[ 2021-07-04 10:28:24.587002 ] [215.0, 15.5488, 39.0781, 1029.799008271398]
[ 2021-07-04 10:28:24.587002 ] [216.0, 15.5381, 39.0776, 1029.8055231868252]
[ 2021-07-04 10:28:24.587002 ] [217.0, 15.5338, 39.0767, 1029.8102294021792]
[ 2021-07-04 10:28:24.587002 ] [218.0, 15.5227, 39.0756, 1029.81637747878]
[ 2021-07-04 10:28:24.587002 ] [219.0, 15.5177, 39.0748, 1029.8213240397051]
[ 2021-07-04 10:28:24.587002 ] [220.0, 15.5101, 39.0737, 1029.8266502955164]
[ 2021-07-04 10:28:24.588000 ] [221.0, 15.5038, 39.0726, 1029.8316714134726]
[ 2021-07-04 10:28:24.588000 ] [222.0, 15.4938, 39.0717, 1029.8377126391636]
[ 2021-07-04 10:28:24.588000 ] [223.0, 15.4886, 39.0713, 1029.8430115311623]
[ 2021-07-04 10:28:24.588000 ] [224.0, 15.4859, 39.0714, 1029.8481074939693]
[ 2021-07-04 10:28:24.588000 ] [225.0, 15.47, 39.0681, 1029.8536909619645]
[ 2021-07-04 10:28:24.588000 ] [226.0, 15.4458, 39.0645, 1029.8609849718732]
[ 2021-07-04 10:28:24.588000 ] [227.0, 15.4064, 39.0591, 1029.8704475722043]
[ 2021-07-04 10:28:24.588000 ] [228.0, 15.3911, 39.0576, 1029.8772598496616]
[ 2021-07-04 10:28:24.588000 ] [229.0, 15.3838, 39.0571, 1029.8829690801663]
[ 2021-07-04 10:28:24.588000 ] [230.0, 15.3699, 39.0551, 1029.8890690735734]
[ 2021-07-04 10:28:24.588000 ] [231.0, 15.3681, 39.0558, 1029.8944133455532]
[ 2021-07-04 10:28:24.588000 ] [232.0, 15.3654, 39.0553, 1029.8990481739352]
[ 2021-07-04 10:28:24.588000 ] [233.0, 15.3613, 39.0553, 1029.904392673302]
[ 2021-07-04 10:28:24.588000 ] [234.0, 15.3518, 39.0545, 1029.9103838325789]
[ 2021-07-04 10:28:24.588000 ] [235.0, 15.3368, 39.0522, 1029.9165074722318]
[ 2021-07-04 10:28:24.588000 ] [236.0, 15.3244, 39.0514, 1029.9231728438533]
[ 2021-07-04 10:28:24.588000 ] [237.0, 15.3056, 39.0492, 1029.9302550469274]
[ 2021-07-04 10:28:24.588000 ] [238.0, 15.2982, 39.0491, 1029.9362899032915]
[ 2021-07-04 10:28:24.588000 ] [239.0, 15.2959, 39.0488, 1029.9409838498782]
[ 2021-07-04 10:28:24.588997 ] [240.0, 15.2932, 39.0488, 1029.9460007288199]
[ 2021-07-04 10:28:24.588997 ] [241.0, 15.2848, 39.0476, 1029.9514249165438]
[ 2021-07-04 10:28:24.588997 ] [242.0, 15.2705, 39.0469, 1029.9586045124202]
[ 2021-07-04 10:28:24.588997 ] [243.0, 15.267, 39.0468, 1029.9637305003764]
[ 2021-07-04 10:28:24.588997 ] [244.0, 15.2641, 39.0463, 1029.9684103211112]
[ 2021-07-04 10:28:24.588997 ] [245.0, 15.2553, 39.0449, 1029.9737726484461]
[ 2021-07-04 10:28:24.588997 ] [246.0, 15.2395, 39.0427, 1029.9801486100646]
[ 2021-07-04 10:28:24.588997 ] [247.0, 15.2297, 39.0415, 1029.9858950226294]
[ 2021-07-04 10:28:24.588997 ] [248.0, 15.226, 39.0408, 1029.990606855905]
[ 2021-07-04 10:28:24.588997 ] [249.0, 15.2229, 39.0406, 1029.9955623495823]
[ 2021-07-04 10:28:24.588997 ] [250.0, 15.221, 39.0405, 1030.000315616632]
[ 2021-07-04 10:28:24.588997 ] [251.0, 15.2148, 39.0392, 1030.0051481340836]
[ 2021-07-04 10:28:24.588997 ] [252.0, 15.1926, 39.034, 1030.0107063131638]
[ 2021-07-04 10:28:24.588997 ] [253.0, 15.1572, 39.0294, 1030.019780500061]
[ 2021-07-04 10:28:24.588997 ] [254.0, 15.1359, 39.026, 1030.0264991133854]
[ 2021-07-04 10:28:24.588997 ] [255.0, 15.1275, 39.0252, 1030.0322206676663]
[ 2021-07-04 10:28:24.588997 ] [256.0, 15.1121, 39.0222, 1030.0378757240103]
[ 2021-07-04 10:28:24.588997 ] [257.0, 15.1038, 39.0214, 1030.043572753452]
[ 2021-07-04 10:28:24.588997 ] [258.0, 15.0954, 39.0196, 1030.048525987297]
[ 2021-07-04 10:28:24.588997 ] [259.0, 15.0611, 39.0139, 1030.056475286916]
[ 2021-07-04 10:28:24.589994 ] [260.0, 15.0379, 39.0102, 1030.063386328076]
[ 2021-07-04 10:28:24.589994 ] [261.0, 15.0226, 39.0089, 1030.0703106857666]
[ 2021-07-04 10:28:24.589994 ] [262.0, 15.0169, 39.0081, 1030.0754028280653]
[ 2021-07-04 10:28:24.589994 ] [263.0, 15.0132, 39.0074, 1030.0801101874451]
[ 2021-07-04 10:28:24.589994 ] [264.0, 15.0081, 39.0063, 1030.0848336545919]
[ 2021-07-04 10:28:24.589994 ] [265.0, 15.001, 39.005, 1030.0898647353094]
[ 2021-07-04 10:28:24.589994 ] [266.0, 14.989, 39.0025, 1030.0951048662275]
[ 2021-07-04 10:28:24.589994 ] [267.0, 14.9761, 39.0009, 1030.1012411883057]
[ 2021-07-04 10:28:24.589994 ] [268.0, 14.9663, 38.9992, 1030.1065858287934]
[ 2021-07-04 10:28:24.589994 ] [269.0, 14.9448, 38.9965, 1030.1138558220919]
[ 2021-07-04 10:28:24.589994 ] [270.0, 14.9368, 38.9955, 1030.1193208411678]
[ 2021-07-04 10:28:24.589994 ] [271.0, 14.9323, 38.9945, 1030.1239804603354]
[ 2021-07-04 10:28:24.589994 ] [272.0, 14.9256, 38.9934, 1030.1290692123175]
[ 2021-07-04 10:28:24.589994 ] [273.0, 14.9196, 38.9924, 1030.1340733928291]
[ 2021-07-04 10:28:24.589994 ] [274.0, 14.9131, 38.9912, 1030.1390389419928]
[ 2021-07-04 10:28:24.589994 ] [275.0, 14.9044, 38.9896, 1030.1442031466468]
[ 2021-07-04 10:28:24.589994 ] [276.0, 14.894, 38.9885, 1030.1501407345154]
[ 2021-07-04 10:28:24.589994 ] [277.0, 14.8878, 38.9872, 1030.1549595960757]
[ 2021-07-04 10:28:24.589994 ] [278.0, 14.873, 38.9851, 1030.1611394831516]
[ 2021-07-04 10:28:24.590992 ] [279.0, 14.8679, 38.9842, 1030.1660116738808]
[ 2021-07-04 10:28:24.590992 ] [280.0, 14.8637, 38.9833, 1030.170677132784]
[ 2021-07-04 10:28:24.590992 ] [281.0, 14.8611, 38.9825, 1030.175051943195]
[ 2021-07-04 10:28:24.590992 ] [282.0, 14.8248, 38.9736, 1030.1809448228726]
[ 2021-07-04 10:28:24.590992 ] [283.0, 14.8008, 38.9716, 1030.1893013759095]
[ 2021-07-04 10:28:24.590992 ] [284.0, 14.7902, 38.9698, 1030.1947401835744]
[ 2021-07-04 10:28:24.590992 ] [285.0, 14.7859, 38.9689, 1030.1994265787532]
[ 2021-07-04 10:28:24.590992 ] [286.0, 14.7747, 38.9664, 1030.204464785095]
[ 2021-07-04 10:28:24.590992 ] [287.0, 14.7565, 38.964, 1030.211179450933]
[ 2021-07-04 10:28:24.590992 ] [288.0, 14.744, 38.9617, 1030.2166656732716]
[ 2021-07-04 10:28:24.590992 ] [289.0, 14.7276, 38.9583, 1030.2221979870837]
[ 2021-07-04 10:28:24.590992 ] [290.0, 14.7121, 38.9566, 1030.2288265053269]
[ 2021-07-04 10:28:24.590992 ] [291.0, 14.7038, 38.9546, 1030.2335801809752]
[ 2021-07-04 10:28:24.590992 ] [292.0, 14.6893, 38.9516, 1030.238980819395]
[ 2021-07-04 10:28:24.590992 ] [293.0, 14.675, 38.9499, 1030.2453312997977]
[ 2021-07-04 10:28:24.590992 ] [294.0, 14.6621, 38.9481, 1030.2512845230701]
[ 2021-07-04 10:28:24.590992 ] [295.0, 14.6535, 38.9465, 1030.2564103775762]
[ 2021-07-04 10:28:24.590992 ] [296.0, 14.6417, 38.9453, 1030.2625712959966]
[ 2021-07-04 10:28:24.590992 ] [297.0, 14.6354, 38.9438, 1030.26724897884]
[ 2021-07-04 10:28:24.590992 ] [298.0, 14.6282, 38.9429, 1030.2725914851305]
[ 2021-07-04 10:28:24.591989 ] [299.0, 14.6187, 38.9408, 1030.2775366281728]
[ 2021-07-04 10:28:24.591989 ] [300.0, 14.6058, 38.939, 1030.2834846516598]
[ 2021-07-04 10:28:24.591989 ] [301.0, 14.6016, 38.9384, 1030.2883735689736]
[ 2021-07-04 10:28:24.591989 ] [302.0, 14.5976, 38.9374, 1030.2929100635454]
[ 2021-07-04 10:28:24.591989 ] [303.0, 14.5781, 38.9343, 1030.2993590852866]
[ 2021-07-04 10:28:24.591989 ] [304.0, 14.5715, 38.9352, 1030.3059432426082]
[ 2021-07-04 10:28:24.591989 ] [305.0, 14.5716, 38.9366, 1030.3113884566765]
[ 2021-07-04 10:28:24.591989 ] [306.0, 14.5716, 38.9373, 1030.3163193337273]
[ 2021-07-04 10:28:24.591989 ] [307.0, 14.5713, 38.937, 1030.3205512223142]
[ 2021-07-04 10:28:24.591989 ] [308.0, 14.567, 38.936, 1030.3251550865195]
[ 2021-07-04 10:28:24.591989 ] [309.0, 14.5594, 38.935, 1030.3305085602983]
[ 2021-07-04 10:28:24.591989 ] [310.0, 14.5508, 38.9337, 1030.3358586437598]
[ 2021-07-04 10:28:24.591989 ] [311.0, 14.548, 38.9333, 1030.3405815522165]
[ 2021-07-04 10:28:24.591989 ] [312.0, 14.5458, 38.9329, 1030.345168130497]
[ 2021-07-04 10:28:24.591989 ] [313.0, 14.5413, 38.9323, 1030.3501235219032]
[ 2021-07-04 10:28:24.591989 ] [314.0, 14.5388, 38.9318, 1030.3547013748648]
[ 2021-07-04 10:28:24.591989 ] [315.0, 14.5344, 38.9311, 1030.3595571384676]
[ 2021-07-04 10:28:24.591989 ] [316.0, 14.5291, 38.93, 1030.3643102493409]
[ 2021-07-04 10:28:24.591989 ] [317.0, 14.5248, 38.9294, 1030.3692197429375]
[ 2021-07-04 10:28:24.592986 ] [318.0, 14.5126, 38.927, 1030.3745410283257]
[ 2021-07-04 10:28:24.592986 ] [319.0, 14.4918, 38.9235, 1030.3809674118734]
[ 2021-07-04 10:28:24.592986 ] [320.0, 14.4852, 38.9227, 1030.386243873007]
[ 2021-07-04 10:28:24.592986 ] [321.0, 14.4837, 38.9223, 1030.39067102297]
[ 2021-07-04 10:28:24.592986 ] [322.0, 14.4765, 38.9203, 1030.3951625520046]
[ 2021-07-04 10:28:24.592986 ] [323.0, 14.4693, 38.919, 1030.4001907293987]
[ 2021-07-04 10:28:24.592986 ] [324.0, 14.4606, 38.9176, 1030.4054816050998]
[ 2021-07-04 10:28:24.592986 ] [325.0, 14.4553, 38.9169, 1030.4105390412428]
[ 2021-07-04 10:28:24.592986 ] [326.0, 14.4547, 38.9171, 1030.4152223992737]
[ 2021-07-04 10:28:24.592986 ] [327.0, 14.4541, 38.9166, 1030.4193686768517]
[ 2021-07-04 10:28:24.592986 ] [328.0, 14.4465, 38.9149, 1030.424179547264]
[ 2021-07-04 10:28:24.592986 ] [329.0, 14.4428, 38.9148, 1030.4293345410126]
[ 2021-07-04 10:28:24.592986 ] [330.0, 14.4405, 38.9139, 1030.4335587516255]
[ 2021-07-04 10:28:24.592986 ] [331.0, 14.4378, 38.9138, 1030.4384871816526]
[ 2021-07-04 10:28:24.592986 ] [332.0, 14.4347, 38.913, 1030.4429690894033]
[ 2021-07-04 10:28:24.592986 ] [333.0, 14.4315, 38.9122, 1030.4474735558724]
[ 2021-07-04 10:28:24.592986 ] [334.0, 14.4251, 38.9108, 1030.4522419389787]
[ 2021-07-04 10:28:24.592986 ] [335.0, 14.4147, 38.909, 1030.4576082405717]
[ 2021-07-04 10:28:24.592986 ] [336.0, 14.4065, 38.907, 1030.4623227477305]
[ 2021-07-04 10:28:24.592986 ] [337.0, 14.3931, 38.9041, 1030.467522036447]
[ 2021-07-04 10:28:24.593983 ] [338.0, 14.3795, 38.9023, 1030.4736090772174]
[ 2021-07-04 10:28:24.593983 ] [339.0, 14.3767, 38.9019, 1030.478329042463]
[ 2021-07-04 10:28:24.593983 ] [340.0, 14.3724, 38.9008, 1030.4828507984928]
[ 2021-07-04 10:28:24.593983 ] [341.0, 14.364, 38.8991, 1030.4878382446595]
[ 2021-07-04 10:28:24.593983 ] [342.0, 14.3586, 38.8983, 1030.492838240999]
[ 2021-07-04 10:28:24.593983 ] [343.0, 14.3517, 38.8968, 1030.4976396829763]
[ 2021-07-04 10:28:24.593983 ] [344.0, 14.3427, 38.8946, 1030.5023777727827]
[ 2021-07-04 10:28:24.593983 ] [345.0, 14.334, 38.8935, 1030.5078915642684]
[ 2021-07-04 10:28:24.593983 ] [346.0, 14.3326, 38.8932, 1030.5123715835266]
[ 2021-07-04 10:28:24.593983 ] [347.0, 14.3314, 38.893, 1030.5168831331011]
[ 2021-07-04 10:28:24.593983 ] [348.0, 14.3285, 38.8923, 1030.5213946200586]
[ 2021-07-04 10:28:24.593983 ] [349.0, 14.3204, 38.8903, 1030.526081815477]
[ 2021-07-04 10:28:24.593983 ] [350.0, 14.3136, 38.8892, 1030.5311658856906]
[ 2021-07-04 10:28:24.593983 ] [351.0, 14.3089, 38.8883, 1030.535929541533]
[ 2021-07-04 10:28:24.593983 ] [352.0, 14.3066, 38.888, 1030.540612208465]
[ 2021-07-04 10:28:24.593983 ] [353.0, 14.2989, 38.8859, 1030.545131338882]
[ 2021-07-04 10:28:24.593983 ] [354.0, 14.2869, 38.8834, 1030.5503122722705]
[ 2021-07-04 10:28:24.593983 ] [355.0, 14.2763, 38.8815, 1030.5556371282914]
[ 2021-07-04 10:28:24.593983 ] [356.0, 14.2648, 38.8783, 1030.5601663568398]
[ 2021-07-04 10:28:24.594981 ] [357.0, 14.2533, 38.8771, 1030.5662292120437]
[ 2021-07-04 10:28:24.594981 ] [358.0, 14.2453, 38.8752, 1030.5709664275068]
[ 2021-07-04 10:28:24.594981 ] [359.0, 14.2371, 38.8742, 1030.5764387931288]
[ 2021-07-04 10:28:24.594981 ] [360.0, 14.2337, 38.8736, 1030.5811379401453]
[ 2021-07-04 10:28:24.594981 ] [361.0, 14.233, 38.8736, 1030.585690014465]
[ 2021-07-04 10:28:24.594981 ] [362.0, 14.2313, 38.8732, 1030.590160061878]
[ 2021-07-04 10:28:24.594981 ] [363.0, 14.2292, 38.8728, 1030.594720035899]
[ 2021-07-04 10:28:24.594981 ] [364.0, 14.2262, 38.872, 1030.5991754822583]
[ 2021-07-04 10:28:24.594981 ] [365.0, 14.224, 38.8716, 1030.6037578252988]
[ 2021-07-04 10:28:24.594981 ] [366.0, 14.2184, 38.87, 1030.6081840758648]
[ 2021-07-04 10:28:24.594981 ] [367.0, 14.2009, 38.8666, 1030.6139042581808]
[ 2021-07-04 10:28:24.594981 ] [368.0, 14.1942, 38.8658, 1030.619190719695]
[ 2021-07-04 10:28:24.594981 ] [369.0, 14.1924, 38.8655, 1030.6237595611583]
[ 2021-07-04 10:28:24.594981 ] [370.0, 14.189, 38.8646, 1030.6282274690657]
[ 2021-07-04 10:28:24.594981 ] [371.0, 14.1835, 38.8638, 1030.633243843129]
[ 2021-07-04 10:28:24.594981 ] [372.0, 14.1819, 38.8637, 1030.6379210365626]
[ 2021-07-04 10:28:24.594981 ] [373.0, 14.1776, 38.8622, 1030.6421304539504]
[ 2021-07-04 10:28:24.594981 ] [374.0, 14.1717, 38.8614, 1030.6472362669708]
[ 2021-07-04 10:28:24.594981 ] [375.0, 14.1698, 38.8612, 1030.6519039356303]
[ 2021-07-04 10:28:24.595978 ] [376.0, 14.1639, 38.8596, 1030.656395577294]
[ 2021-07-04 10:28:24.595978 ] [377.0, 14.1626, 38.8596, 1030.6610818522458]
[ 2021-07-04 10:28:24.595978 ] [378.0, 14.1558, 38.8582, 1030.6659287652362]
[ 2021-07-04 10:28:24.595978 ] [379.0, 14.1525, 38.8576, 1030.6706035533755]
[ 2021-07-04 10:28:24.595978 ] [380.0, 14.1478, 38.8568, 1030.6754390619087]
[ 2021-07-04 10:28:24.595978 ] [381.0, 14.145, 38.8562, 1030.6800014311061]
[ 2021-07-04 10:28:24.595978 ] [382.0, 14.1428, 38.8558, 1030.6845825256796]
[ 2021-07-04 10:28:24.595978 ] [383.0, 14.1425, 38.856, 1030.689197484238]
[ 2021-07-04 10:28:24.595978 ] [384.0, 14.1423, 38.8559, 1030.6935597087304]
[ 2021-07-04 10:28:24.595978 ] [385.0, 14.1421, 38.8556, 1030.6977683838961]
[ 2021-07-04 10:28:24.595978 ] [386.0, 14.1413, 38.8555, 1030.702265151545]
[ 2021-07-04 10:28:24.595978 ] [387.0, 14.1378, 38.8545, 1030.70667741595]
[ 2021-07-04 10:28:24.595978 ] [388.0, 14.1264, 38.8523, 1030.7119418437765]
[ 2021-07-04 10:28:24.595978 ] [389.0, 14.1196, 38.8512, 1030.7170174757907]
[ 2021-07-04 10:28:24.595978 ] [390.0, 14.1183, 38.8509, 1030.7214728557942]
[ 2021-07-04 10:28:24.595978 ] [391.0, 14.1165, 38.8504, 1030.725886885216]
[ 2021-07-04 10:28:24.595978 ] [392.0, 14.115, 38.8503, 1030.7305404839851]
[ 2021-07-04 10:28:24.595978 ] [393.0, 14.1143, 38.8499, 1030.7347843291984]
[ 2021-07-04 10:28:24.595978 ] [394.0, 14.1119, 38.8495, 1030.7394095324228]
[ 2021-07-04 10:28:24.596975 ] [395.0, 14.1103, 38.8492, 1030.7439319178823]
[ 2021-07-04 10:28:24.596975 ] [396.0, 14.1058, 38.848, 1030.7484142589358]
[ 2021-07-04 10:28:24.596975 ] [397.0, 14.1013, 38.8471, 1030.7531266658223]
[ 2021-07-04 10:28:24.596975 ] [398.0, 14.0956, 38.8463, 1030.75818480643]
[ 2021-07-04 10:28:24.596975 ] [399.0, 14.0945, 38.8462, 1030.7627482936898]
[ 2021-07-04 10:28:24.596975 ] [400.0, 14.0937, 38.846, 1030.7671676977934]
[ 2021-07-04 10:28:24.596975 ] [401.0, 14.0877, 38.8444, 1030.7716789787153]
[ 2021-07-04 10:28:24.596975 ] [402.0, 14.0829, 38.8435, 1030.7764581040085]
[ 2021-07-04 10:28:24.596975 ] [403.0, 14.0783, 38.8428, 1030.7813457095504]
[ 2021-07-04 10:28:24.596975 ] [404.0, 14.0754, 38.8422, 1030.785928820911]
[ 2021-07-04 10:28:24.596975 ] [405.0, 14.0739, 38.8416, 1030.7901980167317]
[ 2021-07-04 10:28:24.596975 ] [406.0, 14.0714, 38.8413, 1030.7949215291562]
[ 2021-07-04 10:28:24.596975 ] [407.0, 14.0684, 38.8408, 1030.7996035915892]
[ 2021-07-04 10:28:24.596975 ] [408.0, 14.0634, 38.8395, 1030.8041199941426]
[ 2021-07-04 10:28:24.596975 ] [409.0, 14.0601, 38.8391, 1030.8089458509087]
[ 2021-07-04 10:28:24.596975 ] [410.0, 14.0572, 38.8381, 1030.8132215865232]
[ 2021-07-04 10:28:24.596975 ] [411.0, 14.0535, 38.8376, 1030.8180601847785]
[ 2021-07-04 10:28:24.596975 ] [412.0, 14.0507, 38.8369, 1030.8225435579477]
[ 2021-07-04 10:28:24.596975 ] [413.0, 14.0478, 38.8368, 1030.8275096632376]
[ 2021-07-04 10:28:24.596975 ] [414.0, 14.0474, 38.8365, 1030.8317620696885]
[ 2021-07-04 10:28:24.597973 ] [415.0, 14.0463, 38.8362, 1030.8361712596131]
[ 2021-07-04 10:28:24.597973 ] [416.0, 14.0446, 38.8359, 1030.8407148360807]
[ 2021-07-04 10:28:24.597973 ] [417.0, 14.0424, 38.835, 1030.844910004763]
[ 2021-07-04 10:28:24.597973 ] [418.0, 14.0362, 38.834, 1030.8499245879923]
[ 2021-07-04 10:28:24.597973 ] [419.0, 14.0328, 38.8333, 1030.8545419055715]
[ 2021-07-04 10:28:24.597973 ] [420.0, 14.0307, 38.833, 1030.8591748527772]
[ 2021-07-04 10:28:24.597973 ] [421.0, 14.0293, 38.8327, 1030.8636509289538]
[ 2021-07-04 10:28:24.597973 ] [422.0, 14.0284, 38.8325, 1030.868091663997]
[ 2021-07-04 10:28:24.597973 ] [423.0, 14.0266, 38.832, 1030.8725037662364]
[ 2021-07-04 10:28:24.597973 ] [424.0, 14.0235, 38.8313, 1030.8770535693677]
[ 2021-07-04 10:28:24.597973 ] [425.0, 14.0215, 38.8311, 1030.8817405434143]
[ 2021-07-04 10:28:24.597973 ] [426.0, 14.021, 38.8311, 1030.886244898233]
[ 2021-07-04 10:28:24.597973 ] [427.0, 14.0207, 38.8308, 1030.89047418491]
[ 2021-07-04 10:28:24.597973 ] [428.0, 14.0199, 38.8307, 1030.8949688709206]
[ 2021-07-04 10:28:24.597973 ] [429.0, 14.0184, 38.8301, 1030.899236679069]
[ 2021-07-04 10:28:24.597973 ] [430.0, 14.014, 38.8291, 1030.9038471983717]
[ 2021-07-04 10:28:24.597973 ] [431.0, 14.0122, 38.829, 1030.9085657378205]
[ 2021-07-04 10:28:24.598970 ] [432.0, 14.0093, 38.828, 1030.912840076682]
[ 2021-07-04 10:28:24.598970 ] [433.0, 14.0049, 38.8272, 1030.9176037746977]
[ 2021-07-04 10:28:24.598970 ] [434.0, 14.0035, 38.8269, 1030.9220790866311]
[ 2021-07-04 10:28:24.598970 ] [435.0, 14.0015, 38.8264, 1030.9265352712803]
[ 2021-07-04 10:28:24.598970 ] [436.0, 13.9991, 38.8258, 1030.93100425793]
[ 2021-07-04 10:28:24.598970 ] [437.0, 13.996, 38.8251, 1030.9355532264278]
[ 2021-07-04 10:28:24.598970 ] [438.0, 13.9939, 38.8248, 1030.9401850764145]
[ 2021-07-04 10:28:24.598970 ] [439.0, 13.9934, 38.8247, 1030.9446119865177]
[ 2021-07-04 10:28:24.598970 ] [440.0, 13.9921, 38.8243, 1030.9489878219229]
[ 2021-07-04 10:28:24.598970 ] [441.0, 13.9916, 38.8242, 1030.9534145926405]
[ 2021-07-04 10:28:24.598970 ] [442.0, 13.9901, 38.8238, 1030.9578350990814]
[ 2021-07-04 10:28:24.598970 ] [443.0, 13.9862, 38.8228, 1030.9623327269155]
[ 2021-07-04 10:28:24.598970 ] [444.0, 13.9813, 38.8216, 1030.9669007344175]
[ 2021-07-04 10:28:24.598970 ] [445.0, 13.9774, 38.8208, 1030.9715515834737]
[ 2021-07-04 10:28:24.598970 ] [446.0, 13.9741, 38.8198, 1030.9759145441335]
[ 2021-07-04 10:28:24.598970 ] [447.0, 13.9696, 38.8189, 1030.980622794551]
[ 2021-07-04 10:28:24.598970 ] [448.0, 13.9624, 38.8176, 1030.9856283483045]
[ 2021-07-04 10:28:24.598970 ] [449.0, 13.9608, 38.8172, 1030.990070862285]
[ 2021-07-04 10:28:24.598970 ] [450.0, 13.9584, 38.8165, 1030.9944621922737]
[ 2021-07-04 10:28:24.599967 ] [451.0, 13.9568, 38.8161, 1030.9989045891105]
[ 2021-07-04 10:28:24.599967 ] [452.0, 13.9537, 38.8153, 1031.003375734268]
[ 2021-07-04 10:28:24.599967 ] [453.0, 13.9524, 38.8151, 1031.0079043240132]
[ 2021-07-04 10:28:24.599967 ] [454.0, 13.951, 38.8148, 1031.012378507913]
[ 2021-07-04 10:28:24.599967 ] [455.0, 13.9503, 38.8147, 1031.0168494116142]
[ 2021-07-04 10:28:24.599967 ] [456.0, 13.9502, 38.8146, 1031.0211859494636]
[ 2021-07-04 10:28:24.599967 ] [457.0, 13.9488, 38.8143, 1031.0256599443646]
[ 2021-07-04 10:28:24.599967 ] [458.0, 13.9472, 38.8139, 1031.0301019226347]
[ 2021-07-04 10:28:24.599967 ] [459.0, 13.946, 38.8137, 1031.0346077520144]
[ 2021-07-04 10:28:24.599967 ] [460.0, 13.9459, 38.8138, 1031.0390974526822]
[ 2021-07-04 10:28:24.599967 ] [461.0, 13.946, 38.8138, 1031.0434655718693]
[ 2021-07-04 10:28:24.599967 ] [462.0, 13.9468, 38.8137, 1031.0476001578147]
[ 2021-07-04 10:28:24.599967 ] [463.0, 13.9462, 38.8135, 1031.051971374397]
[ 2021-07-04 10:28:24.599967 ] [464.0, 13.9425, 38.8129, 1031.056729718722]
[ 2021-07-04 10:28:24.599967 ] [465.0, 13.9408, 38.8125, 1031.06119366171]
[ 2021-07-04 10:28:24.599967 ] [466.0, 13.9397, 38.8121, 1031.0655232152162]
[ 2021-07-04 10:28:24.599967 ] [467.0, 13.9397, 38.8123, 1031.0700667288866]
[ 2021-07-04 10:28:24.599967 ] [468.0, 13.939, 38.812, 1031.0743833035383]
[ 2021-07-04 10:28:24.599967 ] [469.0, 13.938, 38.8116, 1031.078690267933]
[ 2021-07-04 10:28:24.599967 ] [470.0, 13.9318, 38.81, 1031.0832408391884]
[ 2021-07-04 10:28:24.600965 ] [471.0, 13.9289, 38.8095, 1031.0878963543173]
[ 2021-07-04 10:28:24.600965 ] [472.0, 13.9268, 38.8089, 1031.0922959947525]
[ 2021-07-04 10:28:24.600965 ] [473.0, 13.9254, 38.8086, 1031.0967690246846]
[ 2021-07-04 10:28:24.600965 ] [474.0, 13.9231, 38.8079, 1031.1011366026323]
[ 2021-07-04 10:28:24.600965 ] [475.0, 13.9159, 38.8063, 1031.1059104252847]
[ 2021-07-04 10:28:24.600965 ] [476.0, 13.9149, 38.8064, 1031.110600640965]
[ 2021-07-04 10:28:24.600965 ] [477.0, 13.915, 38.8062, 1031.1148144335502]
[ 2021-07-04 10:28:24.600965 ] [478.0, 13.9147, 38.8063, 1031.1193478203054]
[ 2021-07-04 10:28:24.600965 ] [479.0, 13.9144, 38.8061, 1031.1236509800403]
[ 2021-07-04 10:28:24.600965 ] [480.0, 13.9141, 38.806, 1031.1280307758507]
[ 2021-07-04 10:28:24.600965 ] [481.0, 13.9129, 38.8057, 1031.1324585524032]
[ 2021-07-04 10:28:24.600965 ] [482.0, 13.9117, 38.8055, 1031.1369629805786]
[ 2021-07-04 10:28:24.600965 ] [483.0, 13.9068, 38.8041, 1031.141375077897]
[ 2021-07-04 10:28:24.600965 ] [484.0, 13.9037, 38.8036, 1031.1460745612205]
[ 2021-07-04 10:28:24.600965 ] [485.0, 13.9022, 38.8032, 1031.1504925569918]
[ 2021-07-04 10:28:24.600965 ] [486.0, 13.9, 38.8028, 1031.1550671767461]
[ 2021-07-04 10:28:24.600965 ] [487.0, 13.8984, 38.8022, 1031.1593540121505]
[ 2021-07-04 10:28:24.600965 ] [488.0, 13.897, 38.8019, 1031.1638261608991]
[ 2021-07-04 10:28:24.600965 ] [489.0, 13.8954, 38.8016, 1031.1683430161106]
[ 2021-07-04 10:28:24.600965 ] [490.0, 13.8943, 38.8014, 1031.1728246044713]
[ 2021-07-04 10:28:24.601962 ] [491.0, 13.8933, 38.8013, 1031.1773604557075]
[ 2021-07-04 10:28:24.601962 ] [492.0, 13.8923, 38.8009, 1031.181666108394]
[ 2021-07-04 10:28:24.601962 ] [493.0, 13.89, 38.8001, 1031.185955863986]
[ 2021-07-04 10:28:24.601962 ] [494.0, 13.8889, 38.7999, 1031.1904372054842]
[ 2021-07-04 10:28:24.601962 ] [495.0, 13.8881, 38.7995, 1031.1946979060249]
[ 2021-07-04 10:28:24.601962 ] [496.0, 13.886, 38.799, 1031.1991728514984]
[ 2021-07-04 10:28:24.601962 ] [497.0, 13.8828, 38.7983, 1031.2037405499518]
[ 2021-07-04 10:28:24.601962 ] [498.0, 13.8795, 38.7975, 1031.2082538427112]
[ 2021-07-04 10:28:24.601962 ] [499.0, 13.8779, 38.7973, 1031.21284681476]
[ 2021-07-04 10:28:24.601962 ] [500.0, 13.8766, 38.7969, 1031.2172191598722]
[ 2021-07-04 10:28:24.601962 ] [501.0, 13.8759, 38.7967, 1031.2216105583595]
[ 2021-07-04 10:28:24.601962 ] [502.0, 13.8758, 38.7967, 1031.2260209908563]
[ 2021-07-04 10:28:24.601962 ] [503.0, 13.8752, 38.7965, 1031.23038985705]
[ 2021-07-04 10:28:24.601962 ] [504.0, 13.8741, 38.7962, 1031.2347938816208]
[ 2021-07-04 10:28:24.601962 ] [505.0, 13.8722, 38.7958, 1031.2393002349686]
[ 2021-07-04 10:28:24.601962 ] [506.0, 13.8711, 38.7954, 1031.2436274324855]
[ 2021-07-04 10:28:24.601962 ] [507.0, 13.8665, 38.7943, 1031.2482011484055]
[ 2021-07-04 10:28:24.601962 ] [508.0, 13.8656, 38.7944, 1031.2528670004076]
[ 2021-07-04 10:28:24.601962 ] [509.0, 13.8654, 38.794, 1031.2569925520843]
[ 2021-07-04 10:28:24.601962 ] [510.0, 13.8642, 38.7939, 1031.2615720157403]
[ 2021-07-04 10:28:24.602959 ] [511.0, 13.8629, 38.7936, 1031.2660203950986]
[ 2021-07-04 10:28:24.602959 ] [512.0, 13.8609, 38.7929, 1031.2703186114074]
[ 2021-07-04 10:28:24.602959 ] [513.0, 13.8606, 38.7931, 1031.2749265083175]
[ 2021-07-04 10:28:24.602959 ] [514.0, 13.8604, 38.793, 1031.2792818239038]
[ 2021-07-04 10:28:24.602959 ] [515.0, 13.8588, 38.7925, 1031.2836437183782]
[ 2021-07-04 10:28:24.602959 ] [516.0, 13.8572, 38.7921, 1031.2880822565915]
[ 2021-07-04 10:28:24.602959 ] [517.0, 13.8568, 38.792, 1031.2924821511751]
[ 2021-07-04 10:28:24.602959 ] [518.0, 13.856, 38.792, 1031.297048239356]
[ 2021-07-04 10:28:24.602959 ] [519.0, 13.8556, 38.7917, 1031.30129458309]
[ 2021-07-04 10:28:24.602959 ] [520.0, 13.8552, 38.7916, 1031.3056942520147]
[ 2021-07-04 10:28:24.602959 ] [521.0, 13.8552, 38.7915, 1031.3100042601827]
[ 2021-07-04 10:28:24.602959 ] [522.0, 13.854, 38.7911, 1031.3143528491464]
[ 2021-07-04 10:28:24.602959 ] [523.0, 13.8531, 38.7911, 1031.318940979652]
[ 2021-07-04 10:28:24.602959 ] [524.0, 13.8516, 38.7905, 1031.3232032400956]
[ 2021-07-04 10:28:24.602959 ] [525.0, 13.8474, 38.7896, 1031.3278400504355]
[ 2021-07-04 10:28:24.602959 ] [526.0, 13.8446, 38.7889, 1031.332316632779]
[ 2021-07-04 10:28:24.602959 ] [527.0, 13.8429, 38.7886, 1031.336853608134]
[ 2021-07-04 10:28:24.602959 ] [528.0, 13.8421, 38.7885, 1031.3413423678835]
[ 2021-07-04 10:28:24.603957 ] [529.0, 13.8418, 38.7883, 1031.3456423819741]
[ 2021-07-04 10:28:24.603957 ] [530.0, 13.8414, 38.7882, 1031.3500414113962]
[ 2021-07-04 10:28:24.603957 ] [531.0, 13.8409, 38.7881, 1031.3544627624149]
[ 2021-07-04 10:28:24.603957 ] [532.0, 13.8398, 38.7877, 1031.358788349206]
[ 2021-07-04 10:28:24.603957 ] [533.0, 13.8388, 38.7876, 1031.3633215587781]
[ 2021-07-04 10:28:24.603957 ] [534.0, 13.8383, 38.7874, 1031.367666005315]
[ 2021-07-04 10:28:24.603957 ] [535.0, 13.8382, 38.7874, 1031.372074157338]
[ 2021-07-04 10:28:24.603957 ] [536.0, 13.8378, 38.7872, 1031.3763960478623]
[ 2021-07-04 10:28:24.603957 ] [537.0, 13.837, 38.7869, 1031.380730787713]
[ 2021-07-04 10:28:24.603957 ] [538.0, 13.8352, 38.7866, 1031.3852895068949]
[ 2021-07-04 10:28:24.603957 ] [539.0, 13.834, 38.7863, 1031.389713740269]
[ 2021-07-04 10:28:24.603957 ] [540.0, 13.8318, 38.7857, 1031.3941318831503]
[ 2021-07-04 10:28:24.603957 ] [541.0, 13.8308, 38.7855, 1031.3985878804515]
[ 2021-07-04 10:28:24.603957 ] [542.0, 13.8306, 38.7854, 1031.402941257166]
[ 2021-07-04 10:28:24.603957 ] [543.0, 13.8285, 38.7847, 1031.4072601366345]
[ 2021-07-04 10:28:24.603957 ] [544.0, 13.8273, 38.7846, 1031.4118374455898]
[ 2021-07-04 10:28:24.603957 ] [545.0, 13.8265, 38.7844, 1031.4162483739576]
[ 2021-07-04 10:28:24.603957 ] [546.0, 13.8252, 38.784, 1031.4206178945885]
[ 2021-07-04 10:28:24.603957 ] [547.0, 13.8243, 38.7838, 1031.4250511005796]
[ 2021-07-04 10:28:24.603957 ] [548.0, 13.8235, 38.7835, 1031.4293851432121]
[ 2021-07-04 10:28:24.604954 ] [549.0, 13.8223, 38.7831, 1031.4337320695493]
[ 2021-07-04 10:28:24.604954 ] [550.0, 13.8205, 38.7827, 1031.4382133922277]
[ 2021-07-04 10:28:24.604954 ] [551.0, 13.8188, 38.7824, 1031.4427489338545]
[ 2021-07-04 10:28:24.604954 ] [552.0, 13.8173, 38.7821, 1031.4472395971943]
[ 2021-07-04 10:28:24.604954 ] [553.0, 13.8171, 38.7819, 1031.4515155535653]
[ 2021-07-04 10:28:24.604954 ] [554.0, 13.8173, 38.7821, 1031.4560085217079]
[ 2021-07-04 10:28:24.604954 ] [555.0, 13.8175, 38.782, 1031.4602713368029]
[ 2021-07-04 10:28:24.604954 ] [556.0, 13.8175, 38.782, 1031.4646555736974]
[ 2021-07-04 10:28:24.604954 ] [557.0, 13.8173, 38.782, 1031.4690845562573]
[ 2021-07-04 10:28:24.604954 ] [558.0, 13.8154, 38.7815, 1031.4735111437517]
[ 2021-07-04 10:28:24.604954 ] [559.0, 13.8143, 38.7812, 1031.4779117004587]
[ 2021-07-04 10:28:24.604954 ] [560.0, 13.8141, 38.7809, 1031.4821104270643]
[ 2021-07-04 10:28:24.604954 ] [561.0, 13.814, 38.781, 1031.4865933807146]
[ 2021-07-04 10:28:24.604954 ] [562.0, 13.8137, 38.7809, 1031.4909677284488]
[ 2021-07-04 10:28:24.604954 ] [563.0, 13.8124, 38.7805, 1031.4953361804771]
[ 2021-07-04 10:28:24.604954 ] [564.0, 13.812, 38.7805, 1031.4998094876387]
[ 2021-07-04 10:28:24.604954 ] [565.0, 13.8119, 38.7804, 1031.5041387631031]
[ 2021-07-04 10:28:24.604954 ] [566.0, 13.8106, 38.7801, 1031.5085837038523]
[ 2021-07-04 10:28:24.604954 ] [567.0, 13.8099, 38.7798, 1031.5128940289133]
[ 2021-07-04 10:28:24.604954 ] [568.0, 13.8091, 38.7796, 1031.5173033906678]
[ 2021-07-04 10:28:24.605951 ] [569.0, 13.8083, 38.7794, 1031.521712684656]
[ 2021-07-04 10:28:24.605951 ] [570.0, 13.8079, 38.7794, 1031.5261855505892]
[ 2021-07-04 10:28:24.605951 ] [571.0, 13.8069, 38.779, 1031.5304862104522]
[ 2021-07-04 10:28:24.605951 ] [572.0, 13.8068, 38.7792, 1031.5350449897269]
[ 2021-07-04 10:28:24.605951 ] [573.0, 13.8072, 38.7792, 1031.5393381655508]
[ 2021-07-04 10:28:24.605951 ] [574.0, 13.8072, 38.7789, 1031.5434909524342]
[ 2021-07-04 10:28:24.605951 ] [575.0, 13.8057, 38.7786, 1031.5479801839776]
[ 2021-07-04 10:28:24.605951 ] [576.0, 13.8042, 38.7782, 1031.5523926815142]
[ 2021-07-04 10:28:24.605951 ] [577.0, 13.8028, 38.7779, 1031.5568593587252]
[ 2021-07-04 10:28:24.605951 ] [578.0, 13.802, 38.7776, 1031.5611913616726]
[ 2021-07-04 10:28:24.605951 ] [579.0, 13.8021, 38.7778, 1031.5657047271507]
[ 2021-07-04 10:28:24.605951 ] [580.0, 13.8007, 38.7773, 1031.5700178711827]
[ 2021-07-04 10:28:24.605951 ] [581.0, 13.8001, 38.7772, 1031.5744581360423]
[ 2021-07-04 10:28:24.605951 ] [582.0, 13.8002, 38.7774, 1031.5789712605404]
[ 2021-07-04 10:28:24.605951 ] [583.0, 13.8002, 38.7771, 1031.5831233795761]
[ 2021-07-04 10:28:24.605951 ] [584.0, 13.8, 38.777, 1031.587473640259]
[ 2021-07-04 10:28:24.605951 ] [585.0, 13.8001, 38.7773, 1031.5920631614304]
[ 2021-07-04 10:28:24.605951 ] [586.0, 13.8003, 38.7771, 1031.5962467961008]
[ 2021-07-04 10:28:24.605951 ] [587.0, 13.8002, 38.777, 1031.6005743511705]
[ 2021-07-04 10:28:24.605951 ] [588.0, 13.7977, 38.7764, 1031.6050572517643]
[ 2021-07-04 10:28:24.606949 ] [589.0, 13.7959, 38.7759, 1031.6094596261364]
[ 2021-07-04 10:28:24.606949 ] [590.0, 13.7933, 38.7753, 1031.6139648510884]
[ 2021-07-04 10:28:24.606949 ] [591.0, 13.792, 38.7751, 1031.6184848758091]
[ 2021-07-04 10:28:24.606949 ] [592.0, 13.7917, 38.775, 1031.6228570266844]
[ 2021-07-04 10:28:24.606949 ] [593.0, 13.7916, 38.775, 1031.6272608647291]
[ 2021-07-04 10:28:24.606949 ] [594.0, 13.7908, 38.7746, 1031.6315151120036]
[ 2021-07-04 10:28:24.606949 ] [595.0, 13.7895, 38.7745, 1031.6361115443522]
[ 2021-07-04 10:28:24.606949 ] [596.0, 13.7889, 38.7742, 1031.6403974233108]
[ 2021-07-04 10:28:24.606949 ] [597.0, 13.7853, 38.7732, 1031.6448201298394]
[ 2021-07-04 10:28:24.606949 ] [598.0, 13.7841, 38.773, 1031.6493172709406]
[ 2021-07-04 10:28:24.606949 ] [599.0, 13.7837, 38.773, 1031.6537880646322]
[ 2021-07-04 10:28:24.606949 ] Profile class was initialized successfully
[ 2021-07-04 10:28:24.606949 ] attempting to init serial comm
[ 2021-07-04 10:28:24.606949 ]  port:COM3
[ 2021-07-04 10:28:24.606949 ]  baud_rate:115200
[ 2021-07-04 10:28:24.606949 ] -E- Failed to init serial port
[ 2021-07-04 10:28:24.606949 ]  could not open port 'COM3': FileNotFoundError(2, 'The system cannot find the file specified.', None, 2)