2021-10-18 12:21:35,533:WARNING: Safety is disabled
2021-10-18 12:21:35,534:WARNING: Test mode
2021-10-18 12:21:35,536:INFO: Pressure controller was initialized successfully
2021-10-18 12:21:35,537:INFO: BP1 pressure sensor was initialized successfully
2021-10-18 12:21:35,538:INFO: BP2 pressure sensor was initialized successfully
2021-10-18 12:21:35,538:INFO: TP1 pressure sensor was initialized successfully
2021-10-18 12:21:35,539:INFO: TP2 pressure sensor was initialized successfully
2021-10-18 12:21:35,540:INFO: HP pressure sensor was initialized successfully
2021-10-18 12:21:35,540:INFO: AP pressure sensor was initialized successfully
2021-10-18 12:21:35,541:INFO: Temperature controller was initialized successfully
2021-10-18 12:21:35,541:INFO: BT1 temperature sensor was initialized successfully
2021-10-18 12:21:35,542:INFO: BT2 temperature sensor was initialized successfully
2021-10-18 12:21:35,542:INFO: TT1 temperature sensor was initialized successfully
2021-10-18 12:21:35,543:INFO: TT2 temperature sensor was initialized successfully
2021-10-18 12:21:35,544:INFO: AT temperature sensor was initialized successfully
2021-10-18 12:21:35,544:INFO: IMU controller was initialized successfully
2021-10-18 12:21:35,545:INFO: X IMU sensor was initialized successfully
2021-10-18 12:21:35,545:INFO: Y IMU sensor was initialized successfully
2021-10-18 12:21:35,546:INFO: Z IMU sensor was initialized successfully
2021-10-18 12:21:35,546:INFO: Bladder volume controller was initialized successfully
2021-10-18 12:21:35,547:INFO: Altimeter controller was initialized successfully
2021-10-18 12:21:35,548:INFO: rpm controller was initialized successfully
2021-10-18 12:21:35,548:INFO: Pump flag controller was initialized successfully
2021-10-18 12:21:35,549:INFO: Bladder flag controller was initialized successfully
2021-10-18 12:21:35,549:INFO: Hull leak flag controller was initialized successfully
2021-10-18 12:21:35,550:INFO: Engine leak flag controller was initialized successfully
2021-10-18 12:21:35,550:INFO: Full surface initiated flag controller was initialized successfully
2021-10-18 12:21:35,553:INFO: SerialComm was initialized successfully
2021-10-18 12:21:35,563:INFO: Profile file loaded successfully

2021-10-18 12:21:35,564:INFO: Profile class was initialized successfully

2021-10-18 12:21:35,564:INFO: setting target depth to 11.5 [mbar]
2021-10-18 12:21:35,565:INFO: setting state to MissionState.DESCENDING
2021-10-18 12:21:35,614:INFO: State.STOP
2021-10-18 12:21:35,616:INFO: BT1             BT2             TT1             TT2             AT              X               Y               Z               BP1             BP2             TP1             TP2             HP              AP              PD PC HL   EL   BF   SF   PF   BV    rpm             State      MissionState            Setpoint 
2021-10-18 12:21:35,617:INFO: Buffering (0/5) Buffering (0/5) Buffering (0/5) Buffering (0/5) Buffering (0/5) Buffering (0/5) Buffering (0/5) Buffering (0/5) Buffering (1/5) Buffering (1/5) Buffering (0/5) Buffering (0/5) Buffering (0/5) Buffering (0/5) 0  0  None None None None None 88.84 Buffering (0/1) State.STOP MissionState.DESCENDING 11.50    
2021-10-18 12:21:35,618:WARNING: Stopped
2021-10-18 12:21:41,380:INFO: State.STOP
2021-10-18 12:21:41,382:INFO: BT1             BT2             TT1             TT2             AT              X               Y               Z               BP1             BP2             TP1             TP2             HP              AP              PD   PC     HL EL BF SF   PF   BV    rpm             State      MissionState            Setpoint 
2021-10-18 12:21:41,383:INFO: Buffering (3/5) Buffering (3/5) Buffering (2/5) Buffering (2/5) Buffering (2/5) Buffering (1/5) Buffering (1/5) Buffering (1/5) Buffering (4/5) Buffering (4/5) Buffering (2/5) Buffering (2/5) Buffering (2/5) Buffering (2/5) 1.00 100.00 0  0  0  None None 89.15 Buffering (0/1) State.STOP MissionState.DESCENDING 11.50    
2021-10-18 12:21:41,384:WARNING: Stopped
2021-10-18 12:21:41,918:INFO: State.STOP
2021-10-18 12:21:41,920:INFO: BT1             BT2             TT1             TT2             AT              X               Y               Z               BP1   BP2   TP1             TP2             HP              AP              PD   PC     HL EL BF SF   PF   BV    rpm             State      MissionState            Setpoint 
2021-10-18 12:21:41,921:INFO: Buffering (4/5) Buffering (4/5) Buffering (3/5) Buffering (3/5) Buffering (3/5) Buffering (2/5) Buffering (2/5) Buffering (2/5) 11.28 11.46 Buffering (3/5) Buffering (3/5) Buffering (3/5) Buffering (3/5) 1.00 100.00 0  0  0  None None 89.16 Buffering (0/1) State.STOP MissionState.DESCENDING 11.50    
2021-10-18 12:21:41,922:WARNING: Stopped
2021-10-18 12:21:42,480:INFO: State.STOP
2021-10-18 12:21:42,482:INFO: BT1   BT2   TT1             TT2             AT              X               Y               Z               BP1   BP2   TP1             TP2             HP              AP              PD   PC     HL EL BF SF   PF   BV    rpm             State      MissionState            Setpoint 
2021-10-18 12:21:42,483:INFO: 25.83 25.36 Buffering (4/5) Buffering (4/5) Buffering (4/5) Buffering (3/5) Buffering (3/5) Buffering (3/5) 11.28 11.46 Buffering (4/5) Buffering (4/5) Buffering (4/5) Buffering (4/5) 1.00 100.00 0  0  0  None None 89.21 Buffering (0/1) State.STOP MissionState.DESCENDING 11.50    
2021-10-18 12:21:42,485:WARNING: Stopped
2021-10-18 12:21:43,040:INFO: State.STOP
2021-10-18 12:21:43,042:INFO: BT1   BT2   TT1   TT2   AT    X               Y               Z               BP1   BP2   TP1   TP2   HP      AP       PD   PC     HL EL BF SF   PF   BV    rpm             State      MissionState            Setpoint 
2021-10-18 12:21:43,043:INFO: 25.83 25.36 26.32 26.32 28.91 Buffering (4/5) Buffering (4/5) Buffering (4/5) 11.28 11.46 10.32 10.48 1167.26 10282.68 1.00 100.00 0  0  0  None None 89.27 Buffering (0/1) State.STOP MissionState.DESCENDING 11.50    
2021-10-18 12:21:43,044:WARNING: Stopped
2021-10-18 12:21:43,592:INFO: State.STOP
2021-10-18 12:21:43,594:INFO: BT1   BT2   TT1   TT2   AT    X     Y     Z    BP1   BP2   TP1   TP2   HP      AP       PD   PC     HL EL BF SF   PF   BV    rpm             State      MissionState            Setpoint 
2021-10-18 12:21:43,596:INFO: 25.92 25.37 25.38 25.39 29.12 -0.01 -0.01 0.01 11.28 11.46 10.32 10.48 1167.34 10279.90 1.00 100.00 0  0  0  None None 89.32 Buffering (0/1) State.STOP MissionState.DESCENDING 11.50    
2021-10-18 12:21:43,598:WARNING: Stopped
2021-10-18 12:21:44,151:INFO: State.STOP
2021-10-18 12:21:44,153:INFO: BT1   BT2   TT1   TT2   AT    X     Y     Z    BP1   BP2   TP1   TP2   HP      AP       PD   PC     HL EL BF SF   PF   BV    rpm             State      MissionState            Setpoint 
2021-10-18 12:21:44,154:INFO: 25.92 25.37 25.38 25.39 29.12 -0.01 -0.01 0.01 11.28 11.46 10.32 10.48 1167.38 10279.54 1.00 100.00 0  0  0  None None 89.28 Buffering (0/1) State.STOP MissionState.DESCENDING 11.50    
2021-10-18 12:21:44,155:WARNING: Stopped
2021-10-18 12:21:44,712:INFO: State.STOP
2021-10-18 12:21:44,713:INFO: BT1   BT2   TT1   TT2   AT    X     Y    Z    BP1   BP2   TP1   TP2   HP      AP       PD   PC     HL EL BF SF   PF   BV    rpm             State      MissionState            Setpoint 
2021-10-18 12:21:44,715:INFO: 25.92 25.37 25.38 25.39 29.12 -0.01 0.00 0.01 11.28 11.46 10.32 10.48 1167.38 10278.94 1.00 100.00 0  0  0  None None 89.39 Buffering (0/1) State.STOP MissionState.DESCENDING 11.50    
2021-10-18 12:21:44,716:WARNING: Stopped
2021-10-18 12:21:45,214:INFO: State.STOP
2021-10-18 12:21:45,216:INFO: BT1   BT2   TT1   TT2   AT    X     Y    Z    BP1   BP2   TP1   TP2   HP      AP       PD   PC     HL EL BF SF   PF   BV    rpm             State      MissionState            Setpoint 
2021-10-18 12:21:45,218:INFO: 25.92 25.37 25.38 25.39 29.12 -0.01 0.00 0.01 11.28 11.46 10.32 10.48 1167.26 10278.52 1.00 100.00 0  0  0  None None 89.38 Buffering (0/1) State.STOP MissionState.DESCENDING 11.50    
2021-10-18 12:21:45,219:WARNING: Stopped
2021-10-18 12:21:45,738:INFO: State.STOP
2021-10-18 12:21:45,740:INFO: BT1   BT2   TT1   TT2   AT    X     Y    Z    BP1   BP2   TP1   TP2   HP      AP       PD   PC     HL EL BF SF   PF   BV    rpm             State      MissionState            Setpoint 
2021-10-18 12:21:45,741:INFO: 25.92 25.37 25.38 25.38 29.12 -0.01 0.00 0.01 11.28 11.46 10.32 10.48 1167.14 10278.16 1.00 100.00 0  0  0  None None 89.43 Buffering (0/1) State.STOP MissionState.DESCENDING 11.50    
2021-10-18 12:21:45,742:WARNING: Stopped
2021-10-18 12:21:46,243:INFO: State.STOP
2021-10-18 12:21:46,245:INFO: BT1   BT2   TT1   TT2   AT    X     Y    Z    BP1   BP2   TP1   TP2   HP      AP       PD   PC     HL EL BF SF   PF   BV    rpm             State      MissionState            Setpoint 
2021-10-18 12:21:46,247:INFO: 25.92 25.37 25.38 25.38 29.11 -0.01 0.00 0.01 11.28 11.46 10.32 10.48 1167.14 10277.86 1.00 100.00 0  0  0  None None 89.42 Buffering (0/1) State.STOP MissionState.DESCENDING 11.50    
2021-10-18 12:21:46,248:WARNING: Stopped
2021-10-18 12:21:46,772:INFO: State.STOP
2021-10-18 12:21:46,774:INFO: BT1   BT2   TT1   TT2   AT    X     Y     Z    BP1   BP2   TP1   TP2   HP      AP       PD   PC     HL EL BF SF   PF   BV    rpm             State      MissionState            Setpoint 
2021-10-18 12:21:46,775:INFO: 25.92 25.37 25.37 25.38 29.12 -0.01 -0.00 0.01 11.28 11.46 10.31 10.48 1167.22 10277.34 1.00 100.00 0  0  0  None None 89.53 Buffering (0/1) State.STOP MissionState.DESCENDING 11.50    
2021-10-18 12:21:46,776:WARNING: Stopped
2021-10-18 12:21:47,272:INFO: State.STOP
2021-10-18 12:21:47,276:INFO: BT1   BT2   TT1   TT2   AT    X     Y     Z    BP1   BP2   TP1   TP2   HP      AP       PD   PC     HL EL BF SF   PF   BV    rpm             State      MissionState            Setpoint 
2021-10-18 12:21:47,277:INFO: 25.92 25.37 25.37 25.38 29.12 -0.01 -0.00 0.01 11.28 11.46 10.31 10.48 1167.22 10277.18 1.00 100.00 0  0  0  None None 89.48 Buffering (0/1) State.STOP MissionState.DESCENDING 11.50    
2021-10-18 12:21:47,279:WARNING: Stopped
2021-10-18 12:21:47,795:INFO: State.STOP
2021-10-18 12:21:47,796:INFO: BT1   BT2   TT1   TT2   AT    X     Y    Z    BP1   BP2   TP1   TP2   HP      AP       PD   PC     HL EL BF SF   PF   BV    rpm             State      MissionState            Setpoint 
2021-10-18 12:21:47,798:INFO: 25.92 25.37 25.37 25.38 29.12 -0.00 0.00 0.01 11.28 11.46 10.31 10.48 1167.18 10276.80 1.00 100.00 0  0  0  None None 89.52 Buffering (0/1) State.STOP MissionState.DESCENDING 11.50    
2021-10-18 12:21:47,800:WARNING: Stopped
2021-10-18 12:21:48,300:INFO: State.STOP
2021-10-18 12:21:48,302:INFO: BT1   BT2   TT1   TT2   AT    X     Y    Z    BP1   BP2   TP1   TP2   HP      AP       PD   PC     HL EL BF SF   PF   BV    rpm             State      MissionState            Setpoint 
2021-10-18 12:21:48,304:INFO: 25.92 25.37 25.37 25.39 29.11 -0.00 0.00 0.01 11.28 11.46 10.31 10.48 1167.38 10276.38 1.00 100.00 0  0  0  None None 89.58 Buffering (0/1) State.STOP MissionState.DESCENDING 11.50    
2021-10-18 12:21:48,305:WARNING: Stopped
2021-10-18 12:21:48,822:INFO: State.STOP
2021-10-18 12:21:48,823:INFO: BT1   BT2   TT1   TT2   AT    X     Y    Z    BP1   BP2   TP1   TP2   HP      AP       PD   PC     HL EL BF SF   PF   BV    rpm             State      MissionState            Setpoint 
2021-10-18 12:21:48,825:INFO: 25.92 25.37 25.37 25.39 29.11 -0.01 0.01 0.00 11.28 11.46 10.31 10.48 1167.36 10275.96 1.00 100.00 0  0  0  None None 89.60 Buffering (0/1) State.STOP MissionState.DESCENDING 11.50    
2021-10-18 12:21:48,826:WARNING: Stopped
2021-10-18 12:21:49,376:INFO: State.STOP
2021-10-18 12:21:49,378:INFO: BT1   BT2   TT1   TT2   AT    X     Y    Z    BP1   BP2   TP1   TP2   HP      AP       PD   PC     HL EL BF SF   PF   BV    rpm             State      MissionState            Setpoint 
2021-10-18 12:21:49,380:INFO: 25.92 25.37 25.37 25.39 29.11 -0.01 0.01 0.00 11.28 11.46 10.31 10.48 1167.20 10275.58 1.00 100.00 0  0  0  None None 89.66 Buffering (0/1) State.STOP MissionState.DESCENDING 11.50    
2021-10-18 12:21:49,381:WARNING: Stopped
2021-10-18 12:21:49,936:INFO: State.STOP
2021-10-18 12:21:49,937:INFO: BT1   BT2   TT1   TT2   AT    X     Y    Z    BP1   BP2   TP1   TP2   HP      AP       PD   PC     HL EL BF SF   PF   BV    rpm             State      MissionState            Setpoint 
2021-10-18 12:21:49,939:INFO: 25.92 25.37 25.37 25.39 29.11 -0.02 0.00 0.00 11.28 11.46 10.31 10.47 1167.14 10275.08 1.00 100.00 0  0  0  None None 89.67 Buffering (0/1) State.STOP MissionState.DESCENDING 11.50    
2021-10-18 12:21:49,940:WARNING: Stopped
2021-10-18 12:21:50,499:INFO: State.STOP
2021-10-18 12:21:50,500:INFO: BT1   BT2   TT1   TT2   AT    X     Y    Z    BP1   BP2   TP1   TP2   HP      AP       PD   PC     HL EL BF SF   PF   BV    rpm             State      MissionState            Setpoint 
2021-10-18 12:21:50,501:INFO: 25.93 25.37 25.37 25.39 29.11 -0.01 0.00 0.00 11.28 11.46 10.31 10.47 1167.14 10274.70 1.00 100.00 0  0  0  None None 89.68 Buffering (0/1) State.STOP MissionState.DESCENDING 11.50    
2021-10-18 12:21:50,502:WARNING: Stopped
2021-10-18 12:21:51,001:WARNING: restarting
2021-10-18 12:21:51,009:INFO: State.INIT
2021-10-18 12:21:51,010:INFO: BT1             BT2             TT1             TT2             AT              X               Y               Z               BP1             BP2             TP1             TP2             HP              AP              PD PC HL   EL   BF   SF   PF   BV rpm             State      MissionState            Setpoint 
2021-10-18 12:21:51,012:INFO: Buffering (0/5) Buffering (0/5) Buffering (0/5) Buffering (0/5) Buffering (0/5) Buffering (0/5) Buffering (0/5) Buffering (0/5) Buffering (0/5) Buffering (0/5) Buffering (0/5) Buffering (0/5) Buffering (0/5) Buffering (0/5) 0  0  None None None None None 0  Buffering (0/1) State.INIT MissionState.DESCENDING 11.50    
2021-10-18 12:21:51,522:INFO: State.WAIT_FOR_SAFETY
2021-10-18 12:21:51,523:INFO: BT1             BT2             TT1             TT2             AT              X               Y               Z               BP1             BP2             TP1             TP2             HP              AP              PD   PC     HL EL BF SF   PF   BV    rpm             State                 MissionState            Setpoint 
2021-10-18 12:21:51,523:INFO: Buffering (1/5) Buffering (1/5) Buffering (1/5) Buffering (1/5) Buffering (1/5) Buffering (1/5) Buffering (1/5) Buffering (1/5) Buffering (1/5) Buffering (1/5) Buffering (1/5) Buffering (1/5) Buffering (1/5) Buffering (1/5) 1.00 100.00 0  0  0  None None 89.76 Buffering (0/1) State.WAIT_FOR_SAFETY MissionState.DESCENDING 11.50    
2021-10-18 12:21:51,524:WARNING: safety is disabled: skipping safety test
2021-10-18 12:21:51,524:INFO: waiting for safety to respond
2021-10-18 12:21:52,087:INFO: State.WAIT_FOR_SENSOR_BUFFER
2021-10-18 12:21:52,088:INFO: BT1             BT2             TT1             TT2             AT              X               Y               Z               BP1             BP2             TP1             TP2             HP              AP              PD   PC     HL EL BF SF   PF   BV    rpm             State                        MissionState            Setpoint 
2021-10-18 12:21:52,089:INFO: Buffering (2/5) Buffering (2/5) Buffering (2/5) Buffering (2/5) Buffering (2/5) Buffering (1/5) Buffering (1/5) Buffering (1/5) Buffering (2/5) Buffering (2/5) Buffering (2/5) Buffering (2/5) Buffering (2/5) Buffering (2/5) 1.00 100.00 0  0  0  None None 89.82 Buffering (0/1) State.WAIT_FOR_SENSOR_BUFFER MissionState.DESCENDING 11.50    
2021-10-18 12:21:52,090:WARNING: sensor BT1 is not ready
2021-10-18 12:21:52,640:INFO: State.WAIT_FOR_SENSOR_BUFFER
2021-10-18 12:21:52,643:INFO: BT1             BT2             TT1             TT2             AT              X               Y               Z               BP1             BP2             TP1             TP2             HP              AP              PD   PC     HL EL BF SF   PF   BV    rpm             State                        MissionState            Setpoint 
2021-10-18 12:21:52,644:INFO: Buffering (3/5) Buffering (3/5) Buffering (3/5) Buffering (3/5) Buffering (3/5) Buffering (2/5) Buffering (2/5) Buffering (2/5) Buffering (3/5) Buffering (3/5) Buffering (3/5) Buffering (3/5) Buffering (3/5) Buffering (3/5) 1.00 100.00 0  0  0  None None 89.83 Buffering (0/1) State.WAIT_FOR_SENSOR_BUFFER MissionState.DESCENDING 11.50    
2021-10-18 12:21:52,646:WARNING: sensor BT1 is not ready
2021-10-18 12:21:53,204:INFO: State.WAIT_FOR_SENSOR_BUFFER
2021-10-18 12:21:53,206:INFO: BT1             BT2             TT1             TT2             AT              X               Y               Z               BP1             BP2             TP1             TP2             HP              AP              PD   PC     HL EL BF SF   PF   BV    rpm             State                        MissionState            Setpoint 
2021-10-18 12:21:53,207:INFO: Buffering (4/5) Buffering (4/5) Buffering (4/5) Buffering (4/5) Buffering (4/5) Buffering (2/5) Buffering (2/5) Buffering (2/5) Buffering (4/5) Buffering (4/5) Buffering (4/5) Buffering (4/5) Buffering (4/5) Buffering (4/5) 1.00 100.00 0  0  0  None None 89.84 Buffering (0/1) State.WAIT_FOR_SENSOR_BUFFER MissionState.DESCENDING 11.50    
2021-10-18 12:21:53,208:WARNING: sensor BT1 is not ready
2021-10-18 12:21:53,758:INFO: State.WAIT_FOR_SENSOR_BUFFER
2021-10-18 12:21:53,761:INFO: BT1   BT2   TT1   TT2   AT    X               Y               Z               BP1   BP2   TP1   TP2   HP      AP       PD   PC     HL EL BF SF   PF   BV    rpm             State                        MissionState            Setpoint 
2021-10-18 12:21:53,763:INFO: 25.93 25.37 25.36 25.42 29.11 Buffering (3/5) Buffering (3/5) Buffering (3/5) 11.28 11.46 10.31 10.47 1167.30 10272.30 1.00 100.00 0  0  0  None None 89.93 Buffering (0/1) State.WAIT_FOR_SENSOR_BUFFER MissionState.DESCENDING 11.50    
2021-10-18 12:21:53,765:WARNING: sensor X is not ready
2021-10-18 12:21:54,265:INFO: State.WAIT_FOR_SENSOR_BUFFER
2021-10-18 12:21:54,267:INFO: BT1   BT2   TT1   TT2   AT    X               Y               Z               BP1   BP2   TP1   TP2   HP      AP       PD   PC     HL EL BF SF   PF   BV    rpm             State                        MissionState            Setpoint 
2021-10-18 12:21:54,269:INFO: 25.93 25.37 25.36 25.42 29.11 Buffering (3/5) Buffering (3/5) Buffering (3/5) 11.28 11.46 10.31 10.48 1167.32 10271.96 1.00 100.00 0  0  0  None None 89.90 Buffering (0/1) State.WAIT_FOR_SENSOR_BUFFER MissionState.DESCENDING 11.50    
2021-10-18 12:21:54,270:WARNING: sensor X is not ready
2021-10-18 12:21:54,785:INFO: State.WAIT_FOR_SENSOR_BUFFER
2021-10-18 12:21:54,787:INFO: BT1   BT2   TT1   TT2   AT    X               Y               Z               BP1   BP2   TP1   TP2   HP      AP       PD   PC     HL EL BF SF   PF   BV    rpm             State                        MissionState            Setpoint 
2021-10-18 12:21:54,789:INFO: 25.93 25.37 25.35 25.42 29.11 Buffering (4/5) Buffering (4/5) Buffering (4/5) 11.28 11.46 10.31 10.48 1167.36 10271.70 1.00 100.00 0  0  0  None None 89.91 Buffering (0/1) State.WAIT_FOR_SENSOR_BUFFER MissionState.DESCENDING 11.50    
2021-10-18 12:21:54,790:WARNING: sensor X is not ready
2021-10-18 12:21:55,349:INFO: State.WAIT_FOR_SENSOR_BUFFER
2021-10-18 12:21:55,351:INFO: BT1   BT2   TT1   TT2   AT    X               Y               Z               BP1   BP2   TP1   TP2   HP      AP       PD   PC     HL EL BF SF   PF   BV    rpm             State                        MissionState            Setpoint 
2021-10-18 12:21:55,353:INFO: 25.93 25.37 25.35 25.42 29.11 Buffering (4/5) Buffering (4/5) Buffering (4/5) 11.28 11.46 10.31 10.48 1167.36 10271.32 1.00 100.00 0  0  0  None None 89.99 Buffering (0/1) State.WAIT_FOR_SENSOR_BUFFER MissionState.DESCENDING 11.50    
2021-10-18 12:21:55,354:WARNING: sensor X is not ready
2021-10-18 12:21:55,910:INFO: State.WAIT_FOR_SENSOR_BUFFER
2021-10-18 12:21:55,912:INFO: BT1   BT2   TT1   TT2   AT    X    Y     Z    BP1   BP2   TP1   TP2   HP      AP       PD   PC     HL EL BF SF   PF   BV    rpm             State                        MissionState            Setpoint 
2021-10-18 12:21:55,913:INFO: 25.93 25.37 25.35 25.42 29.11 0.00 -0.01 0.00 11.28 11.46 10.31 10.48 1167.38 10270.96 1.00 100.00 0  0  0  None None 90.00 Buffering (0/1) State.WAIT_FOR_SENSOR_BUFFER MissionState.DESCENDING 11.50    
2021-10-18 12:21:56,462:INFO: State.WAIT_FOR_WATER
2021-10-18 12:21:56,465:INFO: BT1   BT2   TT1   TT2   AT    X    Y     Z    BP1   BP2   TP1   TP2   HP      AP       PD   PC     HL EL BF SF   PF   BV    rpm             State                MissionState            Setpoint 
2021-10-18 12:21:56,467:INFO: 25.93 25.37 25.34 25.42 29.11 0.00 -0.01 0.00 11.28 11.46 10.31 10.48 1167.30 10270.72 1.00 100.00 0  0  0  None None 90.03 Buffering (0/1) State.WAIT_FOR_WATER MissionState.DESCENDING 11.50    
2021-10-18 12:21:56,468:INFO: Waiting for water
2021-10-18 12:21:56,469:INFO: Waiting for water
2021-10-18 12:21:56,470:INFO: 0/10 secs
2021-10-18 12:21:57,024:INFO: State.WAIT_FOR_WATER
2021-10-18 12:21:57,026:INFO: BT1   BT2   TT1   TT2   AT    X    Y     Z    BP1   BP2   TP1   TP2   HP      AP       PD   PC     HL EL BF SF   PF   BV    rpm             State                MissionState            Setpoint 
2021-10-18 12:21:57,027:INFO: 25.93 25.37 25.34 25.43 29.11 0.00 -0.01 0.00 11.28 11.46 10.31 10.48 1167.22 10270.24 1.00 100.00 0  0  0  None None 90.10 Buffering (0/1) State.WAIT_FOR_WATER MissionState.DESCENDING 11.50    
2021-10-18 12:21:57,028:INFO: Waiting for water
2021-10-18 12:21:57,028:INFO: 1/10 secs
2021-10-18 12:21:57,588:INFO: State.WAIT_FOR_WATER
2021-10-18 12:21:57,591:INFO: BT1   BT2   TT1   TT2   AT    X     Y     Z    BP1   BP2   TP1   TP2   HP      AP       PD   PC     HL EL BF SF   PF   BV    rpm             State                MissionState            Setpoint 
2021-10-18 12:21:57,594:INFO: 25.93 25.37 25.33 25.44 29.11 -0.01 -0.03 0.01 11.28 11.46 10.31 10.48 1167.16 10269.84 1.00 100.00 0  0  0  None None 90.10 Buffering (0/1) State.WAIT_FOR_WATER MissionState.DESCENDING 11.50    
2021-10-18 12:21:57,596:INFO: Waiting for water
2021-10-18 12:21:57,597:INFO: 1/10 secs
2021-10-18 12:21:58,138:INFO: State.WAIT_FOR_WATER
2021-10-18 12:21:58,141:INFO: BT1   BT2   TT1   TT2   AT    X     Y     Z    BP1   BP2   TP1   TP2   HP      AP       PD   PC     HL EL BF SF   PF   BV    rpm             State                MissionState            Setpoint 
2021-10-18 12:21:58,142:INFO: 25.93 25.37 25.33 25.44 29.11 -0.01 -0.03 0.01 11.28 11.45 10.31 10.47 1166.92 10269.48 1.00 100.00 0  0  0  None None 90.15 Buffering (0/1) State.WAIT_FOR_WATER MissionState.DESCENDING 11.50    
2021-10-18 12:21:58,144:INFO: Waiting for water
2021-10-18 12:21:58,145:INFO: 2/10 secs
2021-10-18 12:21:58,703:INFO: State.WAIT_FOR_WATER
2021-10-18 12:21:58,705:INFO: BT1   BT2   TT1   TT2   AT    X    Y    Z    BP1   BP2   TP1   TP2   HP      AP       PD   PC     HL EL BF SF   PF   BV    rpm             State                MissionState            Setpoint 
2021-10-18 12:21:58,707:INFO: 25.92 25.37 25.32 25.43 29.11 0.01 0.01 0.00 11.28 11.45 10.31 10.47 1166.70 10269.10 1.00 100.00 0  0  0  None None 90.18 Buffering (0/1) State.WAIT_FOR_WATER MissionState.DESCENDING 11.50    
2021-10-18 12:21:58,708:INFO: Waiting for water
2021-10-18 12:21:58,709:INFO: 2/10 secs
2021-10-18 12:21:59,260:INFO: State.WAIT_FOR_WATER
2021-10-18 12:21:59,261:INFO: BT1   BT2   TT1   TT2   AT    X    Y    Z    BP1   BP2   TP1   TP2   HP      AP       PD   PC     HL EL BF SF   PF   BV    rpm             State                MissionState            Setpoint 
2021-10-18 12:21:59,262:INFO: 25.92 25.36 25.32 25.43 29.11 0.01 0.01 0.00 11.27 11.44 10.30 10.47 1166.46 10268.78 1.00 100.00 0  0  0  None None 90.16 Buffering (0/1) State.WAIT_FOR_WATER MissionState.DESCENDING 11.50    
2021-10-18 12:21:59,262:INFO: Waiting for water
2021-10-18 12:21:59,262:INFO: 3/10 secs
2021-10-18 12:21:59,819:INFO: State.WAIT_FOR_WATER
2021-10-18 12:21:59,820:INFO: BT1   BT2   TT1   TT2   AT    X     Y     Z    BP1   BP2   TP1   TP2   HP      AP       PD   PC     HL EL BF SF   PF   BV    rpm             State                MissionState            Setpoint 
2021-10-18 12:21:59,821:INFO: 25.91 25.36 25.31 25.43 29.11 -0.03 -0.01 0.00 11.27 11.44 10.30 10.46 1165.94 10268.48 1.00 100.00 0  0  0  None None 90.23 Buffering (0/1) State.WAIT_FOR_WATER MissionState.DESCENDING 11.50    
2021-10-18 12:21:59,822:INFO: Waiting for water
2021-10-18 12:21:59,823:INFO: 3/10 secs
2021-10-18 12:22:00,377:INFO: State.WAIT_FOR_WATER
2021-10-18 12:22:00,379:INFO: BT1   BT2   TT1   TT2   AT    X     Y     Z    BP1   BP2   TP1   TP2   HP      AP       PD   PC     HL EL BF SF   PF   BV    rpm             State                MissionState            Setpoint 
2021-10-18 12:22:00,380:INFO: 25.90 25.36 25.31 25.42 29.11 -0.03 -0.01 0.00 11.26 11.43 10.29 10.46 1165.06 10268.04 1.00 100.00 0  0  0  None None 90.29 Buffering (0/1) State.WAIT_FOR_WATER MissionState.DESCENDING 11.50    
2021-10-18 12:22:00,381:INFO: Waiting for water
2021-10-18 12:22:00,382:INFO: 4/10 secs
2021-10-18 12:22:00,939:INFO: State.WAIT_FOR_WATER
2021-10-18 12:22:00,941:INFO: BT1   BT2   TT1   TT2   AT    X    Y    Z    BP1   BP2   TP1   TP2   HP      AP       PD   PC     HL EL BF SF   PF   BV    rpm             State                MissionState            Setpoint 
2021-10-18 12:22:00,942:INFO: 25.90 25.36 25.31 25.41 29.11 0.00 0.00 0.00 11.25 11.41 10.27 10.44 1163.60 10267.66 1.00 100.00 0  0  0  None None 90.31 Buffering (0/1) State.WAIT_FOR_WATER MissionState.DESCENDING 11.50    
2021-10-18 12:22:00,943:INFO: Waiting for water
2021-10-18 12:22:00,943:INFO: 4/10 secs
2021-10-18 12:22:01,504:INFO: State.WAIT_FOR_WATER
2021-10-18 12:22:01,506:INFO: BT1   BT2   TT1   TT2   AT    X    Y    Z     BP1   BP2   TP1   TP2   HP      AP       PD   PC     HL EL BF SF   PF   BV    rpm             State                MissionState            Setpoint 
2021-10-18 12:22:01,508:INFO: 25.89 25.36 25.31 25.41 29.11 0.00 0.00 -0.01 11.22 11.39 10.25 10.42 1161.40 10267.30 1.00 100.00 0  0  0  None None 90.31 Buffering (0/1) State.WAIT_FOR_WATER MissionState.DESCENDING 11.50    
2021-10-18 12:22:01,510:INFO: Waiting for water
2021-10-18 12:22:01,511:INFO: 5/10 secs
2021-10-18 12:22:02,004:INFO: State.WAIT_FOR_WATER
2021-10-18 12:22:02,006:INFO: BT1   BT2   TT1   TT2   AT    X    Y    Z     BP1   BP2   TP1   TP2   HP      AP       PD   PC     HL EL BF SF   PF   BV    rpm             State                MissionState            Setpoint 
2021-10-18 12:22:02,008:INFO: 25.89 25.36 25.31 25.40 29.11 0.00 0.00 -0.01 11.20 11.37 10.22 10.40 1158.74 10266.80 1.00 100.00 0  0  0  None None 90.35 Buffering (0/1) State.WAIT_FOR_WATER MissionState.DESCENDING 11.50    
2021-10-18 12:22:02,009:INFO: Waiting for water
2021-10-18 12:22:02,010:INFO: 6/10 secs
2021-10-18 12:22:02,534:INFO: State.WAIT_FOR_WATER
2021-10-18 12:22:02,536:INFO: BT1   BT2   TT1   TT2   AT    X     Y    Z    BP1   BP2   TP1   TP2   HP      AP       PD   PC     HL EL BF SF   PF   BV    rpm             State                MissionState            Setpoint 
2021-10-18 12:22:02,537:INFO: 25.89 25.36 25.31 25.40 29.11 -0.02 0.01 0.00 11.17 11.34 10.19 10.37 1156.02 10266.40 1.00 100.00 0  0  0  None None 90.40 Buffering (0/1) State.WAIT_FOR_WATER MissionState.DESCENDING 11.50    
2021-10-18 12:22:02,538:INFO: Waiting for water
2021-10-18 12:22:02,539:INFO: 6/10 secs
2021-10-18 12:22:03,039:INFO: State.WAIT_FOR_WATER
2021-10-18 12:22:03,040:INFO: BT1   BT2   TT1   TT2   AT    X     Y    Z    BP1   BP2   TP1   TP2   HP      AP       PD   PC     HL EL BF SF   PF   BV    rpm             State                MissionState            Setpoint 
2021-10-18 12:22:03,042:INFO: 25.89 25.36 25.31 25.40 29.11 -0.02 0.01 0.00 11.14 11.31 10.17 10.35 1153.62 10266.06 1.00 100.00 0  0  0  None None 90.43 Buffering (0/1) State.WAIT_FOR_WATER MissionState.DESCENDING 11.50    
2021-10-18 12:22:03,042:INFO: Waiting for water
2021-10-18 12:22:03,043:INFO: 7/10 secs
2021-10-18 12:22:03,579:INFO: State.WAIT_FOR_WATER
2021-10-18 12:22:03,581:INFO: BT1   BT2   TT1   TT2   AT    X     Y     Z     BP1   BP2   TP1   TP2   HP      AP       PD   PC     HL EL BF SF   PF   BV    rpm             State                MissionState            Setpoint 
2021-10-18 12:22:03,583:INFO: 25.89 25.36 25.31 25.40 29.11 -0.03 -0.03 -0.01 11.13 11.30 10.16 10.34 1152.64 10265.68 1.00 100.00 0  0  0  None None 90.47 Buffering (0/1) State.WAIT_FOR_WATER MissionState.DESCENDING 11.50    
2021-10-18 12:22:03,584:INFO: Waiting for water
2021-10-18 12:22:03,585:INFO: 7/10 secs
2021-10-18 12:22:04,084:INFO: State.WAIT_FOR_WATER
2021-10-18 12:22:04,086:INFO: BT1   BT2   TT1   TT2   AT    X     Y     Z     BP1   BP2   TP1   TP2   HP      AP       PD   PC     HL EL BF SF   PF   BV    rpm             State                MissionState            Setpoint 
2021-10-18 12:22:04,087:INFO: 25.89 25.36 25.31 25.40 29.11 -0.03 -0.03 -0.01 11.14 11.31 10.18 10.35 1154.00 10265.40 1.00 100.00 0  0  0  None None 90.43 Buffering (0/1) State.WAIT_FOR_WATER MissionState.DESCENDING 11.50    
2021-10-18 12:22:04,088:INFO: Waiting for water
2021-10-18 12:22:04,089:INFO: 8/10 secs
2021-10-18 12:22:04,618:INFO: State.WAIT_FOR_WATER
2021-10-18 12:22:04,620:INFO: BT1   BT2   TT1   TT2   AT    X    Y    Z    BP1   BP2   TP1   TP2   HP      AP       PD   PC     HL EL BF SF   PF   BV    rpm             State                MissionState            Setpoint 
2021-10-18 12:22:04,621:INFO: 25.89 25.36 25.31 25.39 29.11 0.00 0.00 0.01 11.17 11.35 10.21 10.39 1157.36 10265.08 1.00 100.00 0  0  0  None None 90.49 Buffering (0/1) State.WAIT_FOR_WATER MissionState.DESCENDING 11.50    
2021-10-18 12:22:04,623:INFO: Waiting for water
2021-10-18 12:22:04,624:INFO: 8/10 secs
2021-10-18 12:22:05,125:INFO: State.WAIT_FOR_WATER
2021-10-18 12:22:05,128:INFO: BT1   BT2   TT1   TT2   AT    X    Y    Z    BP1   BP2   TP1   TP2   HP      AP       PD   PC     HL EL BF SF   PF   BV    rpm             State                MissionState            Setpoint 
2021-10-18 12:22:05,129:INFO: 25.89 25.36 25.31 25.39 29.10 0.00 0.00 0.01 11.21 11.40 10.27 10.44 1162.48 10264.72 1.00 100.00 0  0  0  None None 90.53 Buffering (0/1) State.WAIT_FOR_WATER MissionState.DESCENDING 11.50    
2021-10-18 12:22:05,130:INFO: Waiting for water
2021-10-18 12:22:05,132:INFO: 9/10 secs
2021-10-18 12:22:05,648:INFO: State.WAIT_FOR_WATER
2021-10-18 12:22:05,649:INFO: BT1   BT2   TT1   TT2   AT    X     Y     Z    BP1   BP2   TP1   TP2   HP      AP       PD   PC     HL EL BF SF   PF   BV    rpm             State                MissionState            Setpoint 
2021-10-18 12:22:05,651:INFO: 25.89 25.36 25.31 25.38 29.10 -0.03 -0.02 0.01 11.28 11.46 10.33 10.51 1168.78 10264.30 1.00 100.00 0  0  0  None None 90.59 Buffering (0/1) State.WAIT_FOR_WATER MissionState.DESCENDING 11.50    
2021-10-18 12:22:05,652:INFO: Waiting for water
2021-10-18 12:22:05,652:INFO: 9/10 secs
2021-10-18 12:22:06,160:INFO: State.WAIT_FOR_WATER
2021-10-18 12:22:06,162:INFO: BT1   BT2   TT1   TT2   AT    X     Y     Z    BP1   BP2   TP1   TP2   HP      AP       PD   PC     HL EL BF SF   PF   BV    rpm             State                MissionState            Setpoint 
2021-10-18 12:22:06,163:INFO: 25.88 25.36 25.31 25.38 29.10 -0.03 -0.02 0.01 11.34 11.53 10.40 10.58 1175.40 10263.88 1.00 100.00 0  0  0  None None 90.62 Buffering (0/1) State.WAIT_FOR_WATER MissionState.DESCENDING 11.50    
2021-10-18 12:22:06,164:INFO: Waiting for water
2021-10-18 12:22:06,165:INFO: 10/10 secs
2021-10-18 12:22:06,690:INFO: State.WAIT_FOR_WATER
2021-10-18 12:22:06,692:INFO: BT1   BT2   TT1   TT2   AT    X     Y     Z    BP1   BP2   TP1   TP2   HP      AP       PD   PC     HL EL BF SF   PF   BV    rpm             State                MissionState            Setpoint 
2021-10-18 12:22:06,693:INFO: 25.88 25.36 25.31 25.37 29.10 -0.03 -0.01 0.03 11.41 11.59 10.46 10.63 1181.40 10263.48 1.00 100.00 0  0  0  None None 90.60 Buffering (0/1) State.WAIT_FOR_WATER MissionState.DESCENDING 11.50    
2021-10-18 12:22:06,694:INFO: Done waiting for water
2021-10-18 12:22:06,697:INFO: water not detected
2021-10-18 12:22:07,188:INFO: State.WAIT_FOR_WATER
2021-10-18 12:22:07,190:INFO: BT1   BT2   TT1   TT2   AT    X     Y     Z    BP1   BP2   TP1   TP2   HP      AP       PD   PC     HL EL BF SF   PF   BV    rpm             State                MissionState            Setpoint 
2021-10-18 12:22:07,192:INFO: 25.88 25.35 25.31 25.37 29.10 -0.03 -0.01 0.03 11.46 11.64 10.51 10.68 1186.66 10263.10 1.00 100.00 0  0  0  None None 90.65 Buffering (0/1) State.WAIT_FOR_WATER MissionState.DESCENDING 11.50    
2021-10-18 12:22:07,193:INFO: Waiting for water
2021-10-18 12:22:07,194:INFO: 0/10 secs
2021-10-18 12:22:07,718:INFO: State.WAIT_FOR_WATER
2021-10-18 12:22:07,721:INFO: BT1   BT2   TT1   TT2   AT    X     Y     Z    BP1   BP2   TP1   TP2   HP      AP       PD   PC     HL EL BF SF   PF   BV    rpm             State                MissionState            Setpoint 
2021-10-18 12:22:07,723:INFO: 25.87 25.35 25.31 25.37 29.10 -0.00 -0.00 0.00 11.51 11.69 10.55 10.73 1191.10 10262.74 1.00 100.00 0  0  0  None None 90.68 Buffering (0/1) State.WAIT_FOR_WATER MissionState.DESCENDING 11.50    
2021-10-18 12:22:07,723:INFO: Waiting for water
2021-10-18 12:22:07,724:INFO: 1/10 secs
2021-10-18 12:22:08,214:INFO: State.WAIT_FOR_WATER
2021-10-18 12:22:08,216:INFO: BT1   BT2   TT1   TT2   AT    X     Y     Z    BP1   BP2   TP1   TP2   HP      AP       PD   PC     HL EL BF SF   PF   BV    rpm             State                MissionState            Setpoint 
2021-10-18 12:22:08,218:INFO: 25.87 25.35 25.31 25.37 29.10 -0.00 -0.00 0.00 11.55 11.73 10.59 10.76 1195.02 10262.46 1.00 100.00 0  0  0  None None 90.71 Buffering (0/1) State.WAIT_FOR_WATER MissionState.DESCENDING 11.50    
2021-10-18 12:22:08,219:INFO: Waiting for water
2021-10-18 12:22:08,220:INFO: 2/10 secs
2021-10-18 12:22:08,738:INFO: State.WAIT_FOR_WATER
2021-10-18 12:22:08,740:INFO: BT1   BT2   TT1   TT2   AT    X     Y    Z    BP1   BP2   TP1   TP2   HP      AP       PD   PC     HL EL BF SF   PF   BV    rpm             State                MissionState            Setpoint 
2021-10-18 12:22:08,741:INFO: 25.87 25.34 25.31 25.37 29.10 -0.01 0.01 0.01 11.58 11.76 10.63 10.80 1198.52 10262.18 1.00 100.00 0  0  0  None None 90.74 Buffering (0/1) State.WAIT_FOR_WATER MissionState.DESCENDING 11.50    
2021-10-18 12:22:08,742:INFO: Waiting for water
2021-10-18 12:22:08,742:INFO: 2/10 secs
2021-10-18 12:22:09,293:INFO: State.WAIT_FOR_WATER
2021-10-18 12:22:09,295:INFO: BT1   BT2   TT1   TT2   AT    X     Y    Z    BP1   BP2   TP1   TP2   HP      AP       PD   PC     HL EL BF SF   PF   BV    rpm             State                MissionState            Setpoint 
2021-10-18 12:22:09,296:INFO: 25.87 25.34 25.30 25.37 29.10 -0.01 0.01 0.01 11.61 11.79 10.66 10.83 1201.62 10261.72 1.00 100.00 0  0  0  None None 90.79 Buffering (0/1) State.WAIT_FOR_WATER MissionState.DESCENDING 11.50    
2021-10-18 12:22:09,297:INFO: Waiting for water
2021-10-18 12:22:09,298:INFO: 3/10 secs
2021-10-18 12:22:09,859:INFO: State.WAIT_FOR_WATER
2021-10-18 12:22:09,862:INFO: BT1   BT2   TT1   TT2   AT    X    Y    Z    BP1   BP2   TP1   TP2   HP      AP       PD   PC     HL EL BF SF   PF   BV    rpm             State                MissionState            Setpoint 
2021-10-18 12:22:09,863:INFO: 25.87 25.33 25.30 25.37 29.10 0.01 0.00 0.00 11.64 11.82 10.68 10.85 1204.34 10261.36 1.00 100.00 0  0  0  None None 90.80 Buffering (0/1) State.WAIT_FOR_WATER MissionState.DESCENDING 11.50    
2021-10-18 12:22:09,864:INFO: Waiting for water
2021-10-18 12:22:09,865:INFO: 3/10 secs
2021-10-18 12:22:10,416:INFO: State.WAIT_FOR_WATER
2021-10-18 12:22:10,418:INFO: BT1   BT2   TT1   TT2   AT    X    Y    Z    BP1   BP2   TP1   TP2   HP      AP       PD   PC     HL EL BF SF   PF   BV    rpm             State                MissionState            Setpoint 
2021-10-18 12:22:10,419:INFO: 25.87 25.33 25.30 25.37 29.10 0.01 0.00 0.00 11.66 11.84 10.71 10.88 1206.72 10261.02 1.00 100.00 0  0  0  None None 90.80 Buffering (0/1) State.WAIT_FOR_WATER MissionState.DESCENDING 11.50    
2021-10-18 12:22:10,420:INFO: Waiting for water
2021-10-18 12:22:10,421:INFO: 4/10 secs
2021-10-18 12:22:10,968:INFO: State.WAIT_FOR_WATER
2021-10-18 12:22:10,970:INFO: BT1   BT2   TT1   TT2   AT    X    Y    Z     BP1   BP2   TP1   TP2   HP      AP       PD   PC     HL EL BF SF   PF   BV    rpm             State                MissionState            Setpoint 
2021-10-18 12:22:10,972:INFO: 25.87 25.33 25.31 25.37 29.10 0.01 0.00 -0.00 11.69 11.86 10.73 10.90 1208.90 10260.78 1.00 100.00 0  0  0  None None 90.79 Buffering (0/1) State.WAIT_FOR_WATER MissionState.DESCENDING 11.50    
2021-10-18 12:22:10,974:INFO: Waiting for water
2021-10-18 12:22:10,976:INFO: 4/10 secs
2021-10-18 12:22:11,527:INFO: State.WAIT_FOR_WATER
2021-10-18 12:22:11,529:INFO: BT1   BT2   TT1   TT2   AT    X    Y    Z     BP1   BP2   TP1   TP2   HP      AP       PD   PC     HL EL BF SF   PF   BV    rpm             State                MissionState            Setpoint 
2021-10-18 12:22:11,530:INFO: 25.88 25.33 25.31 25.37 29.09 0.01 0.01 -0.00 11.71 11.88 10.75 10.91 1210.70 10260.32 1.00 100.00 0  0  0  None None 90.91 Buffering (0/1) State.WAIT_FOR_WATER MissionState.DESCENDING 11.50    
2021-10-18 12:22:11,531:INFO: Waiting for water
2021-10-18 12:22:11,532:INFO: 5/10 secs
2021-10-18 12:22:12,090:INFO: State.WAIT_FOR_WATER
2021-10-18 12:22:12,093:INFO: BT1   BT2   TT1   TT2   AT    X    Y    Z     BP1   BP2   TP1   TP2   HP      AP       PD   PC     HL EL BF SF   PF   BV    rpm             State                MissionState            Setpoint 
2021-10-18 12:22:12,095:INFO: 25.88 25.33 25.31 25.37 29.09 0.01 0.01 -0.00 11.72 11.90 10.76 10.93 1212.16 10259.92 1.00 100.00 0  0  0  None None 90.96 Buffering (0/1) State.WAIT_FOR_WATER MissionState.DESCENDING 11.50    
2021-10-18 12:22:12,096:INFO: Waiting for water
2021-10-18 12:22:12,097:INFO: 5/10 secs
2021-10-18 12:22:12,644:INFO: State.WAIT_FOR_WATER
2021-10-18 12:22:12,646:INFO: BT1   BT2   TT1   TT2   AT    X    Y    Z    BP1   BP2   TP1   TP2   HP      AP       PD   PC     HL EL BF SF   PF   BV    rpm             State                MissionState            Setpoint 
2021-10-18 12:22:12,647:INFO: 25.88 25.33 25.31 25.37 29.09 0.01 0.01 0.00 11.74 11.91 10.77 10.94 1213.22 10259.54 0.00 100.00 0  0  0  None None 90.94 Buffering (0/1) State.WAIT_FOR_WATER MissionState.DESCENDING 11.50    
2021-10-18 12:22:12,648:INFO: Waiting for water
2021-10-18 12:22:12,649:INFO: 6/10 secs
2021-10-18 12:22:13,200:INFO: State.WAIT_FOR_WATER
2021-10-18 12:22:13,201:INFO: BT1   BT2   TT1   TT2   AT    X    Y    Z    BP1   BP2   TP1   TP2   HP      AP       PD   PC     HL EL BF SF   PF   BV    rpm             State                MissionState            Setpoint 
2021-10-18 12:22:13,202:INFO: 25.88 25.33 25.30 25.36 29.09 0.01 0.01 0.00 11.75 11.92 10.78 10.95 1214.24 10259.16 0.00 100.00 0  0  0  None None 90.96 Buffering (0/1) State.WAIT_FOR_WATER MissionState.DESCENDING 11.50    
2021-10-18 12:22:13,203:INFO: Waiting for water
2021-10-18 12:22:13,203:INFO: 7/10 secs
2021-10-18 12:22:13,767:INFO: State.WAIT_FOR_WATER
2021-10-18 12:22:13,768:INFO: BT1   BT2   TT1   TT2   AT    X    Y    Z    BP1   BP2   TP1   TP2   HP      AP       PD   PC     HL EL BF SF   PF   BV    rpm             State                MissionState            Setpoint 
2021-10-18 12:22:13,769:INFO: 25.88 25.34 25.30 25.36 29.09 0.01 0.00 0.01 11.76 11.93 10.79 10.96 1214.98 10258.66 0.00 100.00 0  0  0  None None 91.00 Buffering (0/1) State.WAIT_FOR_WATER MissionState.DESCENDING 11.50    
2021-10-18 12:22:13,769:INFO: Waiting for water
2021-10-18 12:22:13,770:INFO: 7/10 secs
2021-10-18 12:22:14,326:INFO: State.WAIT_FOR_WATER
2021-10-18 12:22:14,329:INFO: BT1   BT2   TT1   TT2   AT    X    Y    Z    BP1   BP2   TP1   TP2   HP      AP       PD   PC     HL EL BF SF   PF   BV    rpm             State                MissionState            Setpoint 
2021-10-18 12:22:14,332:INFO: 25.88 25.34 25.30 25.36 29.09 0.01 0.00 0.01 11.76 11.94 10.79 10.96 1215.54 10258.32 0.00 100.00 0  0  0  None None 91.06 Buffering (0/1) State.WAIT_FOR_WATER MissionState.DESCENDING 11.50    
2021-10-18 12:22:14,333:INFO: Waiting for water
2021-10-18 12:22:14,335:INFO: 8/10 secs
2021-10-18 12:22:14,882:INFO: State.WAIT_FOR_WATER
2021-10-18 12:22:14,884:INFO: BT1   BT2   TT1   TT2   AT    X     Y    Z    BP1   BP2   TP1   TP2   HP      AP       PD   PC     HL EL BF SF   PF   BV    rpm             State                MissionState            Setpoint 
2021-10-18 12:22:14,886:INFO: 25.88 25.34 25.30 25.36 29.09 -0.00 0.00 0.00 11.76 11.94 10.79 10.96 1215.80 10258.04 0.00 100.00 0  0  0  None None 91.06 Buffering (0/1) State.WAIT_FOR_WATER MissionState.DESCENDING 11.50    
2021-10-18 12:22:14,887:INFO: Waiting for water
2021-10-18 12:22:14,888:INFO: 8/10 secs
2021-10-18 12:22:15,434:INFO: State.WAIT_FOR_WATER
2021-10-18 12:22:15,437:INFO: BT1   BT2   TT1   TT2   AT    X     Y    Z    BP1   BP2   TP1   TP2   HP      AP       PD   PC     HL EL BF SF   PF   BV    rpm             State                MissionState            Setpoint 
2021-10-18 12:22:15,439:INFO: 25.88 25.34 25.30 25.35 29.09 -0.00 0.00 0.00 11.76 11.94 10.79 10.96 1215.88 10257.68 0.00 100.00 0  0  0  None None 91.09 Buffering (0/1) State.WAIT_FOR_WATER MissionState.DESCENDING 11.50    
2021-10-18 12:22:15,440:INFO: Waiting for water
2021-10-18 12:22:15,441:INFO: 9/10 secs
2021-10-18 12:22:15,986:INFO: State.WAIT_FOR_WATER
2021-10-18 12:22:15,989:INFO: BT1   BT2   TT1   TT2   AT    X     Y    Z    BP1   BP2   TP1   TP2   HP      AP       PD   PC     HL EL BF SF   PF   BV    rpm             State                MissionState            Setpoint 
2021-10-18 12:22:15,990:INFO: 25.88 25.34 25.29 25.35 29.09 -0.01 0.00 0.00 11.76 11.94 10.79 10.96 1215.78 10257.26 0.00 100.00 0  0  0  None None 91.14 Buffering (0/1) State.WAIT_FOR_WATER MissionState.DESCENDING 11.50    
2021-10-18 12:22:15,991:INFO: Waiting for water
2021-10-18 12:22:15,992:INFO: 9/10 secs
2021-10-18 12:22:16,550:INFO: State.WAIT_FOR_WATER
2021-10-18 12:22:16,552:INFO: BT1   BT2   TT1   TT2   AT    X     Y    Z     BP1   BP2   TP1   TP2   HP      AP       PD   PC     HL EL BF SF   PF   BV    rpm             State                MissionState            Setpoint 
2021-10-18 12:22:16,554:INFO: 25.88 25.34 25.29 25.35 29.09 -0.01 0.00 -0.00 11.76 11.93 10.79 10.96 1215.40 10256.86 0.00 100.00 0  0  0  None None 91.17 Buffering (0/1) State.WAIT_FOR_WATER MissionState.DESCENDING 11.50    
2021-10-18 12:22:16,555:INFO: Waiting for water
2021-10-18 12:22:16,557:INFO: 10/10 secs
2021-10-18 12:22:17,107:INFO: State.WAIT_FOR_WATER
2021-10-18 12:22:17,110:INFO: BT1   BT2   TT1   TT2   AT    X     Y    Z     BP1   BP2   TP1   TP2   HP      AP       PD   PC     HL EL BF SF   PF   BV    rpm             State                MissionState            Setpoint 
2021-10-18 12:22:17,111:INFO: 25.88 25.34 25.29 25.35 29.09 -0.01 0.00 -0.00 11.75 11.93 10.78 10.95 1214.74 10256.72 0.00 100.00 0  0  0  None None 91.12 Buffering (0/1) State.WAIT_FOR_WATER MissionState.DESCENDING 11.50    
2021-10-18 12:22:17,112:INFO: Done waiting for water
2021-10-18 12:22:17,115:INFO: water not detected
2021-10-18 12:22:17,671:INFO: State.WAIT_FOR_WATER
2021-10-18 12:22:17,673:INFO: BT1   BT2   TT1   TT2   AT    X     Y     Z     BP1   BP2   TP1   TP2   HP      AP       PD   PC     HL EL BF SF   PF   BV    rpm             State                MissionState            Setpoint 
2021-10-18 12:22:17,674:INFO: 25.88 25.34 25.29 25.34 29.09 -0.00 -0.00 -0.00 11.75 11.92 10.77 10.94 1214.04 10256.32 0.00 100.00 0  0  0  None None 91.20 Buffering (0/1) State.WAIT_FOR_WATER MissionState.DESCENDING 11.50    
2021-10-18 12:22:17,676:INFO: Waiting for water
2021-10-18 12:22:17,677:INFO: 1/10 secs
2021-10-18 12:22:18,223:INFO: State.WAIT_FOR_WATER
2021-10-18 12:22:18,226:INFO: BT1   BT2   TT1   TT2   AT    X     Y     Z     BP1   BP2   TP1   TP2   HP      AP       PD   PC     HL EL BF SF   PF   BV    rpm             State                MissionState            Setpoint 
2021-10-18 12:22:18,227:INFO: 25.88 25.34 25.29 25.34 29.09 -0.00 -0.00 -0.00 11.74 11.91 10.77 10.93 1213.26 10255.88 0.00 100.00 0  0  0  None None 91.25 Buffering (0/1) State.WAIT_FOR_WATER MissionState.DESCENDING 11.50    
2021-10-18 12:22:18,228:INFO: Waiting for water
2021-10-18 12:22:18,229:INFO: 1/10 secs
2021-10-18 12:22:18,784:INFO: State.WAIT_FOR_WATER
2021-10-18 12:22:18,786:INFO: BT1   BT2   TT1   TT2   AT    X    Y    Z     BP1   BP2   TP1   TP2   HP      AP       PD   PC     HL EL BF SF   PF   BV    rpm             State                MissionState            Setpoint 
2021-10-18 12:22:18,787:INFO: 25.88 25.34 25.29 25.34 29.08 0.00 0.00 -0.00 11.73 11.90 10.76 10.92 1212.14 10255.50 1.00 100.00 0  0  0  None None 91.28 Buffering (0/1) State.WAIT_FOR_WATER MissionState.DESCENDING 11.50    
2021-10-18 12:22:18,788:INFO: Waiting for water
2021-10-18 12:22:18,789:INFO: 2/10 secs
2021-10-18 12:22:19,337:INFO: State.WAIT_FOR_WATER
2021-10-18 12:22:19,339:INFO: BT1   BT2   TT1   TT2   AT    X    Y    Z     BP1   BP2   TP1   TP2   HP      AP       PD   PC     HL EL BF SF   PF   BV    rpm             State                MissionState            Setpoint 
2021-10-18 12:22:19,341:INFO: 25.89 25.34 25.29 25.34 29.08 0.00 0.00 -0.00 11.72 11.89 10.74 10.91 1210.86 10255.18 1.00 100.00 0  0  0  None None 91.30 Buffering (0/1) State.WAIT_FOR_WATER MissionState.DESCENDING 11.50    
2021-10-18 12:22:19,343:INFO: Waiting for water
2021-10-18 12:22:19,345:INFO: 2/10 secs
2021-10-18 12:22:19,894:INFO: State.WAIT_FOR_WATER
2021-10-18 12:22:19,896:INFO: BT1   BT2   TT1   TT2   AT    X    Y    Z     BP1   BP2   TP1   TP2   HP      AP       PD   PC     HL EL BF SF   PF   BV    rpm             State                MissionState            Setpoint 
2021-10-18 12:22:19,897:INFO: 25.89 25.34 25.29 25.34 29.08 0.01 0.01 -0.00 11.70 11.88 10.73 10.89 1209.56 10254.56 1.00 100.00 0  0  0  None None 91.35 Buffering (0/1) State.WAIT_FOR_WATER MissionState.DESCENDING 11.50    
2021-10-18 12:22:19,898:INFO: Waiting for water
2021-10-18 12:22:19,899:INFO: 3/10 secs
2021-10-18 12:22:20,402:INFO: State.WAIT_FOR_WATER
2021-10-18 12:22:20,405:INFO: BT1   BT2   TT1   TT2   AT    X    Y    Z     BP1   BP2   TP1   TP2   HP      AP       PD   PC     HL EL BF SF   PF   BV    rpm             State                MissionState            Setpoint 
2021-10-18 12:22:20,407:INFO: 25.89 25.33 25.29 25.34 29.08 0.01 0.01 -0.00 11.69 11.86 10.71 10.88 1208.02 10254.26 1.00 100.00 0  0  0  None None 91.33 Buffering (0/1) State.WAIT_FOR_WATER MissionState.DESCENDING 11.50    
2021-10-18 12:22:20,408:INFO: Waiting for water
2021-10-18 12:22:20,409:INFO: 3/10 secs
2021-10-18 12:22:20,923:INFO: State.WAIT_FOR_WATER
2021-10-18 12:22:20,923:INFO: BT1   BT2   TT1   TT2   AT    X    Y    Z    BP1   BP2   TP1   TP2   HP      AP       PD   PC     HL EL BF SF   PF   BV    rpm             State                MissionState            Setpoint 
2021-10-18 12:22:20,924:INFO: 25.89 25.33 25.29 25.34 29.08 0.01 0.00 0.00 11.67 11.85 10.69 10.86 1206.44 10253.98 1.00 100.00 0  0  0  None None 91.37 Buffering (0/1) State.WAIT_FOR_WATER MissionState.DESCENDING 11.50    
2021-10-18 12:22:20,924:INFO: Waiting for water
2021-10-18 12:22:20,925:INFO: 4/10 secs
2021-10-18 12:22:21,477:INFO: State.WAIT_FOR_WATER
2021-10-18 12:22:21,481:INFO: BT1   BT2   TT1   TT2   AT    X    Y    Z    BP1   BP2   TP1   TP2   HP      AP       PD   PC     HL EL BF SF   PF   BV    rpm             State                MissionState            Setpoint 
2021-10-18 12:22:21,482:INFO: 25.89 25.33 25.29 25.34 29.08 0.01 0.00 0.00 11.66 11.83 10.68 10.85 1204.68 10253.68 1.00 100.00 0  0  0  None None 91.40 Buffering (0/1) State.WAIT_FOR_WATER MissionState.DESCENDING 11.50    
2021-10-18 12:22:21,484:INFO: Waiting for water
2021-10-18 12:22:21,484:INFO: 4/10 secs
2021-10-18 12:22:22,035:INFO: State.WAIT_FOR_WATER
2021-10-18 12:22:22,037:INFO: BT1   BT2   TT1   TT2   AT    X    Y    Z    BP1   BP2   TP1   TP2   HP      AP       PD   PC     HL EL BF SF   PF   BV    rpm             State                MissionState            Setpoint 
2021-10-18 12:22:22,038:INFO: 25.89 25.33 25.29 25.35 29.08 0.01 0.00 0.00 11.64 11.81 10.66 10.83 1202.98 10253.30 1.00 100.00 0  0  0  None None 91.44 Buffering (0/1) State.WAIT_FOR_WATER MissionState.DESCENDING 11.50    
2021-10-18 12:22:22,038:INFO: Waiting for water
2021-10-18 12:22:22,039:INFO: 5/10 secs
2021-10-18 12:22:22,598:INFO: State.WAIT_FOR_WATER
2021-10-18 12:22:22,600:INFO: BT1   BT2   TT1   TT2   AT    X    Y    Z    BP1   BP2   TP1   TP2   HP      AP       PD   PC     HL EL BF SF   PF   BV    rpm             State                MissionState            Setpoint 
2021-10-18 12:22:22,601:INFO: 25.89 25.34 25.29 25.35 29.08 0.01 0.01 0.00 11.62 11.79 10.64 10.81 1201.08 10253.00 1.00 100.00 0  0  0  None None 91.48 Buffering (0/1) State.WAIT_FOR_WATER MissionState.DESCENDING 11.50    
2021-10-18 12:22:22,602:INFO: Waiting for water
2021-10-18 12:22:22,603:INFO: 5/10 secs
2021-10-18 12:22:23,153:INFO: State.WAIT_FOR_WATER
2021-10-18 12:22:23,154:INFO: BT1   BT2   TT1   TT2   AT    X    Y    Z    BP1   BP2   TP1   TP2   HP      AP       PD   PC     HL EL BF SF   PF   BV    rpm             State                MissionState            Setpoint 
2021-10-18 12:22:23,156:INFO: 25.89 25.34 25.29 25.34 29.08 0.01 0.01 0.00 11.60 11.77 10.62 10.79 1199.02 10252.58 1.00 100.00 0  0  0  None None 91.51 Buffering (0/1) State.WAIT_FOR_WATER MissionState.DESCENDING 11.50    
2021-10-18 12:22:23,156:INFO: Waiting for water
2021-10-18 12:22:23,157:INFO: 6/10 secs
2021-10-18 12:22:23,170:INFO: 
2021-10-18 12:22:23,171:CRITICAL: System shutdown
2021-10-18 12:22:23,172:INFO: cleaning (resetting rpi gpio)
