2021-10-19 15:39:06,175:WARNING: Test mode
2021-10-19 15:39:06,179:INFO: Pressure controller was initialized successfully
2021-10-19 15:39:06,181:INFO: BP1 pressure sensor was initialized successfully
2021-10-19 15:39:06,182:INFO: BP2 pressure sensor was initialized successfully
2021-10-19 15:39:06,184:INFO: TP1 pressure sensor was initialized successfully
2021-10-19 15:39:06,185:INFO: TP2 pressure sensor was initialized successfully
2021-10-19 15:39:06,187:INFO: HP pressure sensor was initialized successfully
2021-10-19 15:39:06,188:INFO: AP pressure sensor was initialized successfully
2021-10-19 15:39:06,190:INFO: Temperature controller was initialized successfully
2021-10-19 15:39:06,191:INFO: BT1 temperature sensor was initialized successfully
2021-10-19 15:39:06,193:INFO: BT2 temperature sensor was initialized successfully
2021-10-19 15:39:06,195:INFO: TT1 temperature sensor was initialized successfully
2021-10-19 15:39:06,196:INFO: TT2 temperature sensor was initialized successfully
2021-10-19 15:39:06,197:INFO: AT temperature sensor was initialized successfully
2021-10-19 15:39:06,198:INFO: IMU controller was initialized successfully
2021-10-19 15:39:06,199:INFO: X IMU sensor was initialized successfully
2021-10-19 15:39:06,199:INFO: Y IMU sensor was initialized successfully
2021-10-19 15:39:06,201:INFO: Z IMU sensor was initialized successfully
2021-10-19 15:39:06,202:INFO: Bladder volume controller was initialized successfully
2021-10-19 15:39:06,203:INFO: Altimeter controller was initialized successfully
2021-10-19 15:39:06,204:INFO: rpm controller was initialized successfully
2021-10-19 15:39:06,205:INFO: Pump flag controller was initialized successfully
2021-10-19 15:39:06,206:INFO: Bladder flag controller was initialized successfully
2021-10-19 15:39:06,207:INFO: Hull leak flag controller was initialized successfully
2021-10-19 15:39:06,208:INFO: Engine leak flag controller was initialized successfully
2021-10-19 15:39:06,209:INFO: Full surface initiated flag controller was initialized successfully
2021-10-19 15:39:06,216:INFO: SerialComm was initialized successfully
2021-10-19 15:39:06,224:INFO: SerialComm was initialized successfully
2021-10-19 15:39:06,247:INFO: Profile file loaded successfully

2021-10-19 15:39:06,248:INFO: Profile class was initialized successfully

2021-10-19 15:39:06,250:INFO: setting state to MissionState.IDLE
2021-10-19 15:39:11,995:INFO: State.STOP
2021-10-19 15:39:12,001:INFO: BT1             BT2             TT1             TT2             AT              X               Y               Z               BP1             BP2             TP1             TP2             HP              AP              PD PC HL EL BF   SF   PF   BV     rpm             State MissionState Setpoint Error Depth 
2021-10-19 15:39:12,003:INFO: Buffering (2/5) Buffering (2/5) Buffering (2/5) Buffering (2/5) Buffering (2/5) Buffering (1/5) Buffering (1/5) Buffering (1/5) Buffering (2/5) Buffering (2/5) Buffering (2/5) Buffering (2/5) Buffering (2/5) Buffering (2/5) 0  0  0  0  None None None 229.42 Buffering (0/1) STOP  IDLE         30.00    None  None  
2021-10-19 15:39:12,004:WARNING: Stopped
2021-10-19 15:39:12,507:INFO: State.STOP
2021-10-19 15:39:12,509:INFO: BT1             BT2             TT1             TT2             AT              X               Y               Z               BP1             BP2             TP1             TP2             HP              AP              PD   PC     HL EL BF SF   PF   BV     rpm             State MissionState Setpoint Error Depth 
2021-10-19 15:39:12,511:INFO: Buffering (3/5) Buffering (3/5) Buffering (3/5) Buffering (3/5) Buffering (3/5) Buffering (2/5) Buffering (2/5) Buffering (2/5) Buffering (3/5) Buffering (3/5) Buffering (3/5) Buffering (3/5) Buffering (3/5) Buffering (3/5) 0.48 100.00 0  0  0  None None 229.43 Buffering (0/1) STOP  IDLE         30.00    None  None  
2021-10-19 15:39:12,512:WARNING: Stopped
2021-10-19 15:39:13,052:INFO: State.STOP
2021-10-19 15:39:13,054:INFO: BT1             BT2             TT1             TT2             AT              X               Y               Z               BP1             BP2             TP1             TP2             HP              AP              PD   PC     HL EL BF SF   PF   BV     rpm             State MissionState Setpoint Error Depth 
2021-10-19 15:39:13,056:INFO: Buffering (4/5) Buffering (4/5) Buffering (4/5) Buffering (4/5) Buffering (4/5) Buffering (3/5) Buffering (3/5) Buffering (3/5) Buffering (4/5) Buffering (4/5) Buffering (4/5) Buffering (4/5) Buffering (4/5) Buffering (4/5) 0.48 100.00 0  0  0  None None 229.42 Buffering (0/1) STOP  IDLE         30.00    None  None  
2021-10-19 15:39:13,058:WARNING: Stopped
2021-10-19 15:39:13,593:INFO: State.STOP
2021-10-19 15:39:13,595:INFO: BT1   BT2   TT1   TT2   AT    X               Y               Z               BP1   BP2   TP1   TP2   HP      AP      PD   PC     HL EL BF SF   PF   BV     rpm             State MissionState Setpoint Error Depth 
2021-10-19 15:39:13,597:INFO: 24.81 24.34 24.95 25.21 22.99 Buffering (4/5) Buffering (4/5) Buffering (4/5) 10.08 10.19 10.30 10.42 1061.60 8675.68 0.48 100.00 0  0  0  None None 229.38 Buffering (0/1) STOP  IDLE         30.00    None  None  
2021-10-19 15:39:13,598:WARNING: Stopped
2021-10-19 15:39:14,135:INFO: State.STOP
2021-10-19 15:39:14,138:INFO: BT1   BT2   TT1   TT2   AT    X    Y    Z     BP1   BP2   TP1   TP2   HP      AP      PD   PC     HL EL BF SF   PF   BV     rpm             State MissionState Setpoint Error Depth 
2021-10-19 15:39:14,141:INFO: 24.89 24.34 25.19 25.52 23.02 0.01 0.00 -0.00 10.08 10.19 10.29 10.42 1061.58 8673.68 0.48 100.00 0  0  0  None None 229.46 Buffering (0/1) STOP  IDLE         30.00    None  None  
2021-10-19 15:39:14,142:WARNING: Stopped
2021-10-19 15:39:14,672:INFO: State.STOP
2021-10-19 15:39:14,675:INFO: BT1   BT2   TT1   TT2   AT    X    Y    Z     BP1   BP2   TP1   TP2   HP      AP      PD   PC     HL EL BF SF   PF   BV     rpm             State MissionState Setpoint Error Depth 
2021-10-19 15:39:14,677:INFO: 24.89 24.34 25.19 25.51 23.03 0.01 0.00 -0.00 10.08 10.19 10.29 10.42 1061.62 8673.64 0.48 100.00 0  0  0  None None 229.47 Buffering (0/1) STOP  IDLE         30.00    None  None  
2021-10-19 15:39:14,679:WARNING: Stopped
2021-10-19 15:39:15,212:INFO: State.STOP
2021-10-19 15:39:15,215:INFO: BT1   BT2   TT1   TT2   AT    X    Y    Z     BP1   BP2   TP1   TP2   HP      AP      PD   PC     HL EL BF SF   PF   BV     rpm             State MissionState Setpoint Error Depth 
2021-10-19 15:39:15,217:INFO: 24.89 24.34 25.19 25.52 23.02 0.01 0.00 -0.00 10.08 10.19 10.29 10.42 1061.64 8673.68 0.48 100.00 0  0  0  None None 229.37 Buffering (0/1) STOP  IDLE         30.00    None  None  
2021-10-19 15:39:15,219:WARNING: Stopped
2021-10-19 15:39:15,753:INFO: State.STOP
2021-10-19 15:39:15,756:INFO: BT1   BT2   TT1   TT2   AT    X    Y    Z     BP1   BP2   TP1   TP2   HP      AP      PD   PC     HL EL BF SF   PF   BV     rpm             State MissionState Setpoint Error Depth 
2021-10-19 15:39:15,758:INFO: 24.89 24.34 25.19 25.52 23.03 0.01 0.00 -0.00 10.08 10.19 10.29 10.42 1061.64 8673.76 0.48 100.00 0  0  0  None None 229.40 Buffering (0/1) STOP  IDLE         30.00    None  None  
2021-10-19 15:39:15,760:WARNING: Stopped
2021-10-19 15:39:16,289:INFO: State.STOP
2021-10-19 15:39:16,292:INFO: BT1   BT2   TT1   TT2   AT    X    Y    Z     BP1   BP2   TP1   TP2   HP      AP      PD   PC     HL EL BF SF   PF   BV     rpm             State MissionState Setpoint Error Depth 
2021-10-19 15:39:16,294:INFO: 24.89 24.34 25.19 25.51 23.03 0.02 0.00 -0.00 10.07 10.19 10.29 10.42 1061.64 8673.74 0.48 100.00 0  0  0  None None 229.43 Buffering (0/1) STOP  IDLE         30.00    None  None  
2021-10-19 15:39:16,296:WARNING: Stopped
2021-10-19 15:39:16,830:INFO: State.STOP
2021-10-19 15:39:16,833:INFO: BT1   BT2   TT1   TT2   AT    X    Y    Z     BP1   BP2   TP1   TP2   HP      AP      PD   PC     HL EL BF SF   PF   BV     rpm             State MissionState Setpoint Error Depth 
2021-10-19 15:39:16,835:INFO: 24.89 24.34 25.19 25.51 23.03 0.02 0.00 -0.00 10.07 10.19 10.29 10.42 1061.68 8673.80 0.48 100.00 0  0  0  None None 229.40 Buffering (0/1) STOP  IDLE         30.00    None  None  
2021-10-19 15:39:16,837:WARNING: Stopped
2021-10-19 15:39:17,371:INFO: State.STOP
2021-10-19 15:39:17,373:INFO: BT1   BT2   TT1   TT2   AT    X    Y    Z     BP1   BP2   TP1   TP2   HP      AP      PD   PC     HL EL BF SF   PF   BV     rpm             State MissionState Setpoint Error Depth 
2021-10-19 15:39:17,376:INFO: 24.89 24.34 25.19 25.52 23.02 0.02 0.00 -0.00 10.07 10.19 10.29 10.42 1061.60 8673.82 0.48 100.00 0  0  0  None None 229.43 Buffering (0/1) STOP  IDLE         30.00    None  None  
2021-10-19 15:39:17,377:WARNING: Stopped
2021-10-19 15:39:17,910:INFO: State.STOP
2021-10-19 15:39:17,913:INFO: BT1   BT2   TT1   TT2   AT    X    Y    Z     BP1   BP2   TP1   TP2   HP      AP      PD   PC     HL EL BF SF   PF   BV     rpm             State MissionState Setpoint Error Depth 
2021-10-19 15:39:17,915:INFO: 24.89 24.34 25.19 25.52 23.03 0.02 0.00 -0.00 10.07 10.19 10.29 10.42 1061.50 8673.86 0.48 100.00 0  0  0  None None 229.38 Buffering (0/1) STOP  IDLE         30.00    None  None  
2021-10-19 15:39:17,917:WARNING: Stopped
2021-10-19 15:39:18,448:INFO: State.STOP
2021-10-19 15:39:18,452:INFO: BT1   BT2   TT1   TT2   AT    X    Y    Z    BP1   BP2   TP1   TP2   HP      AP      PD   PC     HL EL BF SF   PF   BV     rpm             State MissionState Setpoint Error Depth 
2021-10-19 15:39:18,464:INFO: 24.89 24.34 25.19 25.52 23.03 0.01 0.00 0.00 10.07 10.19 10.29 10.42 1061.48 8673.94 0.48 100.00 0  0  0  None None 229.36 Buffering (0/1) STOP  IDLE         30.00    None  None  
2021-10-19 15:39:18,465:WARNING: Stopped
2021-10-19 15:39:18,988:INFO: State.STOP
2021-10-19 15:39:18,991:INFO: BT1   BT2   TT1   TT2   AT    X    Y    Z    BP1   BP2   TP1   TP2   HP      AP      PD   PC     HL EL BF SF   PF   BV     rpm             State MissionState Setpoint Error Depth 
2021-10-19 15:39:18,993:INFO: 24.90 24.35 25.19 25.52 23.03 0.01 0.00 0.00 10.07 10.19 10.29 10.42 1061.60 8673.78 0.48 100.00 0  0  0  None None 229.52 Buffering (0/1) STOP  IDLE         30.00    None  None  
2021-10-19 15:39:18,995:WARNING: Stopped
2021-10-19 15:39:19,529:INFO: State.STOP
2021-10-19 15:39:19,531:INFO: BT1   BT2   TT1   TT2   AT    X    Y    Z    BP1   BP2   TP1   TP2   HP      AP      PD   PC     HL EL BF SF   PF   BV     rpm             State MissionState Setpoint Error Depth 
2021-10-19 15:39:19,533:INFO: 24.90 24.35 25.19 25.52 23.03 0.01 0.00 0.00 10.07 10.19 10.29 10.42 1061.60 8673.84 0.48 100.00 0  0  0  None None 229.39 Buffering (0/1) STOP  IDLE         30.00    None  None  
2021-10-19 15:39:19,534:WARNING: Stopped
2021-10-19 15:39:20,069:INFO: State.STOP
2021-10-19 15:39:20,072:INFO: BT1   BT2   TT1   TT2   AT    X    Y    Z    BP1   BP2   TP1   TP2   HP      AP      PD   PC     HL EL BF SF   PF   BV     rpm             State MissionState Setpoint Error Depth 
2021-10-19 15:39:20,074:INFO: 24.90 24.35 25.19 25.52 23.03 0.01 0.00 0.00 10.07 10.19 10.29 10.42 1061.62 8673.84 0.48 100.00 0  0  0  None None 229.43 Buffering (0/1) STOP  IDLE         30.00    None  None  
2021-10-19 15:39:20,076:WARNING: Stopped
2021-10-19 15:39:20,614:INFO: State.STOP
2021-10-19 15:39:20,617:INFO: BT1   BT2   TT1   TT2   AT    X    Y    Z    BP1   BP2   TP1   TP2   HP      AP      PD   PC     HL EL BF SF   PF   BV     rpm             State MissionState Setpoint Error Depth 
2021-10-19 15:39:20,619:INFO: 24.90 24.35 25.19 25.52 23.03 0.01 0.00 0.00 10.07 10.19 10.29 10.42 1061.70 8673.84 0.48 100.00 0  0  0  None None 229.35 Buffering (0/1) STOP  IDLE         30.00    None  None  
2021-10-19 15:39:20,621:WARNING: Stopped
2021-10-19 15:39:21,152:INFO: State.STOP
2021-10-19 15:39:21,154:INFO: BT1   BT2   TT1   TT2   AT    X    Y    Z    BP1   BP2   TP1   TP2   HP      AP      PD   PC     HL EL BF SF   PF   BV     rpm             State MissionState Setpoint Error Depth 
2021-10-19 15:39:21,155:INFO: 24.90 24.35 25.19 25.52 23.03 0.00 0.00 0.00 10.07 10.19 10.29 10.42 1061.84 8673.82 0.48 100.00 0  0  0  None None 229.37 Buffering (0/1) STOP  IDLE         30.00    None  None  
2021-10-19 15:39:21,156:WARNING: Stopped
2021-10-19 15:39:21,692:INFO: State.STOP
2021-10-19 15:39:21,695:INFO: BT1   BT2   TT1   TT2   AT    X    Y    Z    BP1   BP2   TP1   TP2   HP      AP      PD   PC     HL EL BF SF   PF   BV     rpm             State MissionState Setpoint Error Depth 
2021-10-19 15:39:21,698:INFO: 24.90 24.35 25.20 25.52 23.02 0.00 0.00 0.00 10.07 10.19 10.29 10.42 1061.80 8673.86 0.48 100.00 0  0  0  None None 229.47 Buffering (0/1) STOP  IDLE         30.00    None  None  
2021-10-19 15:39:21,700:WARNING: Stopped
2021-10-19 15:39:22,235:INFO: State.STOP
2021-10-19 15:39:22,238:INFO: BT1   BT2   TT1   TT2   AT    X    Y    Z    BP1   BP2   TP1   TP2   HP      AP      PD   PC     HL EL BF SF   PF   BV     rpm             State MissionState Setpoint Error Depth 
2021-10-19 15:39:22,240:INFO: 24.90 24.35 25.20 25.52 23.02 0.00 0.00 0.00 10.07 10.19 10.29 10.42 1061.88 8673.78 0.48 100.00 0  0  0  None None 229.44 Buffering (0/1) STOP  IDLE         30.00    None  None  
2021-10-19 15:39:22,242:WARNING: Stopped
2021-10-19 15:39:22,776:INFO: State.STOP
2021-10-19 15:39:22,778:INFO: BT1   BT2   TT1   TT2   AT    X    Y    Z    BP1   BP2   TP1   TP2   HP      AP      PD   PC     HL EL BF SF   PF   BV     rpm             State MissionState Setpoint Error Depth 
2021-10-19 15:39:22,782:INFO: 24.90 24.35 25.20 25.52 23.03 0.00 0.00 0.00 10.07 10.19 10.29 10.42 1061.82 8673.84 0.48 100.00 0  0  0  None None 229.43 Buffering (0/1) STOP  IDLE         30.00    None  None  
2021-10-19 15:39:22,784:WARNING: Stopped
2021-10-19 15:39:23,318:INFO: State.STOP
2021-10-19 15:39:23,321:INFO: BT1   BT2   TT1   TT2   AT    X    Y    Z    BP1   BP2   TP1   TP2   HP      AP      PD   PC     HL EL BF SF   PF   BV     rpm             State MissionState Setpoint Error Depth 
2021-10-19 15:39:23,323:INFO: 24.90 24.35 25.20 25.52 23.03 0.01 0.00 0.00 10.07 10.19 10.29 10.42 1061.76 8673.82 0.48 100.00 0  0  0  None None 229.39 Buffering (0/1) STOP  IDLE         30.00    None  None  
2021-10-19 15:39:23,325:WARNING: Stopped
2021-10-19 15:39:23,858:INFO: State.STOP
2021-10-19 15:39:23,861:INFO: BT1   BT2   TT1   TT2   AT    X    Y    Z    BP1   BP2   TP1   TP2   HP      AP      PD   PC     HL EL BF SF   PF   BV     rpm             State MissionState Setpoint Error Depth 
2021-10-19 15:39:23,863:INFO: 24.90 24.35 25.20 25.52 23.03 0.01 0.00 0.00 10.07 10.19 10.29 10.42 1061.58 8673.70 0.48 100.00 0  0  0  None None 229.44 Buffering (0/1) STOP  IDLE         30.00    None  None  
2021-10-19 15:39:23,865:WARNING: Stopped
2021-10-19 15:39:24,398:INFO: State.STOP
2021-10-19 15:39:24,401:INFO: BT1   BT2   TT1   TT2   AT    X    Y    Z    BP1   BP2   TP1   TP2   HP      AP      PD   PC     HL EL BF SF   PF   BV     rpm             State MissionState Setpoint Error Depth 
2021-10-19 15:39:24,404:INFO: 24.90 24.35 25.20 25.52 23.03 0.00 0.00 0.01 10.07 10.19 10.29 10.42 1061.52 8673.90 0.48 100.00 0  0  0  None None 229.38 Buffering (0/1) STOP  IDLE         30.00    None  None  
2021-10-19 15:39:24,406:WARNING: Stopped
2021-10-19 15:39:24,942:INFO: State.STOP
2021-10-19 15:39:24,945:INFO: BT1   BT2   TT1   TT2   AT    X    Y    Z    BP1   BP2   TP1   TP2   HP      AP      PD   PC     HL EL BF SF   PF   BV     rpm             State MissionState Setpoint Error Depth 
2021-10-19 15:39:24,947:INFO: 24.90 24.35 25.20 25.52 23.03 0.00 0.00 0.01 10.07 10.19 10.29 10.42 1061.38 8674.08 0.48 100.00 0  0  0  None None 229.33 Buffering (0/1) STOP  IDLE         30.00    None  None  
2021-10-19 15:39:24,948:WARNING: Stopped
2021-10-19 15:39:25,484:INFO: State.STOP
2021-10-19 15:39:25,487:INFO: BT1   BT2   TT1   TT2   AT    X    Y    Z    BP1   BP2   TP1   TP2   HP      AP      PD   PC     HL EL BF SF   PF   BV     rpm             State MissionState Setpoint Error Depth 
2021-10-19 15:39:25,489:INFO: 24.90 24.36 25.20 25.52 23.03 0.00 0.00 0.01 10.07 10.19 10.29 10.42 1061.48 8674.08 0.48 100.00 0  0  0  None None 229.43 Buffering (0/1) STOP  IDLE         30.00    None  None  
2021-10-19 15:39:25,491:WARNING: Stopped
2021-10-19 15:39:26,026:INFO: State.STOP
2021-10-19 15:39:26,029:INFO: BT1   BT2   TT1   TT2   AT    X    Y    Z    BP1   BP2   TP1   TP2   HP      AP      PD   PC     HL EL BF SF   PF   BV     rpm             State MissionState Setpoint Error Depth 
2021-10-19 15:39:26,032:INFO: 24.90 24.36 25.20 25.52 23.03 0.00 0.00 0.01 10.07 10.19 10.29 10.42 1061.50 8674.10 0.48 100.00 0  0  0  None None 229.35 Buffering (0/1) STOP  IDLE         30.00    None  None  
2021-10-19 15:39:26,034:WARNING: Stopped
2021-10-19 15:39:26,567:INFO: State.STOP
2021-10-19 15:39:26,570:INFO: BT1   BT2   TT1   TT2   AT    X    Y    Z     BP1   BP2   TP1   TP2   HP      AP      PD   PC     HL EL BF SF   PF   BV     rpm             State MissionState Setpoint Error Depth 
2021-10-19 15:39:26,572:INFO: 24.90 24.36 25.20 25.52 23.03 0.01 0.00 -0.00 10.07 10.19 10.29 10.42 1061.62 8674.16 0.48 100.00 0  0  0  None None 229.40 Buffering (0/1) STOP  IDLE         30.00    None  None  
2021-10-19 15:39:26,574:WARNING: Stopped
2021-10-19 15:39:27,107:INFO: State.STOP
2021-10-19 15:39:27,109:INFO: BT1   BT2   TT1   TT2   AT    X    Y    Z     BP1   BP2   TP1   TP2   HP      AP      PD   PC     HL EL BF SF   PF   BV     rpm             State MissionState Setpoint Error Depth 
2021-10-19 15:39:27,112:INFO: 24.90 24.36 25.21 25.52 23.03 0.01 0.00 -0.00 10.07 10.19 10.29 10.42 1061.64 8674.04 0.48 100.00 0  0  0  None None 229.45 Buffering (0/1) STOP  IDLE         30.00    None  None  
2021-10-19 15:39:27,114:WARNING: Stopped
2021-10-19 15:39:27,651:INFO: State.STOP
2021-10-19 15:39:27,654:INFO: BT1   BT2   TT1   TT2   AT    X    Y    Z     BP1   BP2   TP1   TP2   HP      AP      PD   PC     HL EL BF SF   PF   BV     rpm             State MissionState Setpoint Error Depth 
2021-10-19 15:39:27,656:INFO: 24.90 24.35 25.21 25.52 23.03 0.01 0.00 -0.00 10.07 10.19 10.29 10.42 1061.58 8674.02 0.48 100.00 0  0  0  None None 229.34 Buffering (0/1) STOP  IDLE         30.00    None  None  
2021-10-19 15:39:27,658:WARNING: Stopped
2021-10-19 15:39:28,191:INFO: State.STOP
2021-10-19 15:39:28,194:INFO: BT1   BT2   TT1   TT2   AT    X    Y    Z     BP1   BP2   TP1   TP2   HP      AP      PD   PC     HL EL BF SF   PF   BV     rpm             State MissionState Setpoint Error Depth 
2021-10-19 15:39:28,196:INFO: 24.90 24.35 25.21 25.52 23.03 0.00 0.00 -0.00 10.07 10.19 10.29 10.42 1061.62 8674.14 0.48 100.00 0  0  0  None None 229.36 Buffering (0/1) STOP  IDLE         30.00    None  None  
2021-10-19 15:39:28,198:WARNING: Stopped
2021-10-19 15:39:28,733:INFO: State.STOP
2021-10-19 15:39:28,736:INFO: BT1   BT2   TT1   TT2   AT    X    Y    Z     BP1   BP2   TP1   TP2   HP      AP      PD   PC     HL EL BF SF   PF   BV     rpm             State MissionState Setpoint Error Depth 
2021-10-19 15:39:28,738:INFO: 24.90 24.35 25.21 25.52 23.03 0.00 0.00 -0.00 10.07 10.19 10.29 10.42 1061.74 8674.16 0.48 100.00 0  0  0  None None 229.37 Buffering (0/1) STOP  IDLE         30.00    None  None  
2021-10-19 15:39:28,741:WARNING: Stopped
2021-10-19 15:39:29,274:INFO: State.STOP
2021-10-19 15:39:29,277:INFO: BT1   BT2   TT1   TT2   AT    X    Y     Z     BP1   BP2   TP1   TP2   HP      AP      PD   PC     HL EL BF SF   PF   BV     rpm             State MissionState Setpoint Error Depth 
2021-10-19 15:39:29,279:INFO: 24.90 24.35 25.21 25.52 23.03 0.00 -0.00 -0.01 10.07 10.19 10.29 10.42 1061.72 8674.32 0.48 100.00 0  0  0  None None 229.31 Buffering (0/1) STOP  IDLE         30.00    None  None  
2021-10-19 15:39:29,282:WARNING: Stopped
2021-10-19 15:39:29,814:INFO: State.STOP
2021-10-19 15:39:29,817:INFO: BT1   BT2   TT1   TT2   AT    X    Y     Z     BP1   BP2   TP1   TP2   HP      AP      PD   PC     HL EL BF SF   PF   BV     rpm             State MissionState Setpoint Error Depth 
2021-10-19 15:39:29,819:INFO: 24.90 24.35 25.21 25.52 23.03 0.00 -0.00 -0.01 10.07 10.19 10.29 10.42 1061.68 8674.42 0.48 100.00 0  0  0  None None 229.39 Buffering (0/1) STOP  IDLE         30.00    None  None  
2021-10-19 15:39:29,820:WARNING: Stopped
2021-10-19 15:39:30,355:INFO: State.STOP
2021-10-19 15:39:30,358:INFO: BT1   BT2   TT1   TT2   AT    X    Y     Z     BP1   BP2   TP1   TP2   HP      AP      PD   PC     HL EL BF SF   PF   BV     rpm             State MissionState Setpoint Error Depth 
2021-10-19 15:39:30,361:INFO: 24.90 24.35 25.21 25.52 23.03 0.00 -0.00 -0.01 10.07 10.19 10.29 10.42 1061.84 8674.32 0.48 100.00 0  0  0  None None 229.40 Buffering (0/1) STOP  IDLE         30.00    None  None  
2021-10-19 15:39:30,363:WARNING: Stopped
2021-10-19 15:39:30,898:INFO: State.STOP
2021-10-19 15:39:30,901:INFO: BT1   BT2   TT1   TT2   AT    X    Y     Z     BP1   BP2   TP1   TP2   HP      AP      PD   PC     HL EL BF SF   PF   BV     rpm             State MissionState Setpoint Error Depth 
2021-10-19 15:39:30,903:INFO: 24.90 24.35 25.21 25.52 23.03 0.00 -0.00 -0.01 10.07 10.19 10.29 10.42 1061.76 8674.20 0.48 100.00 0  0  0  None None 229.46 Buffering (0/1) STOP  IDLE         30.00    None  None  
2021-10-19 15:39:30,905:WARNING: Stopped
2021-10-19 15:39:31,437:INFO: State.STOP
2021-10-19 15:39:31,439:INFO: BT1   BT2   TT1   TT2   AT    X    Y     Z     BP1   BP2   TP1   TP2   HP      AP      PD   PC     HL EL BF SF   PF   BV     rpm             State MissionState Setpoint Error Depth 
2021-10-19 15:39:31,442:INFO: 24.90 24.36 25.21 25.53 23.03 0.00 -0.00 -0.01 10.07 10.19 10.29 10.42 1061.84 8674.18 0.48 100.00 0  0  0  None None 229.38 Buffering (0/1) STOP  IDLE         30.00    None  None  
2021-10-19 15:39:31,443:WARNING: Stopped
2021-10-19 15:39:31,980:INFO: State.STOP
2021-10-19 15:39:31,983:INFO: BT1   BT2   TT1   TT2   AT    X    Y     Z     BP1   BP2   TP1   TP2   HP      AP      PD   PC     HL EL BF SF   PF   BV     rpm             State MissionState Setpoint Error Depth 
2021-10-19 15:39:31,985:INFO: 24.90 24.36 25.21 25.53 23.03 0.00 -0.00 -0.01 10.07 10.19 10.29 10.42 1061.86 8674.08 0.48 100.00 0  0  0  None None 229.37 Buffering (0/1) STOP  IDLE         30.00    None  None  
2021-10-19 15:39:31,986:WARNING: Stopped
2021-10-19 15:39:32,524:INFO: State.STOP
2021-10-19 15:39:32,526:INFO: BT1   BT2   TT1   TT2   AT    X    Y     Z     BP1   BP2   TP1   TP2   HP      AP      PD   PC     HL EL BF SF   PF   BV     rpm             State MissionState Setpoint Error Depth 
2021-10-19 15:39:32,528:INFO: 24.91 24.36 25.21 25.53 23.03 0.00 -0.00 -0.01 10.07 10.19 10.29 10.42 1061.84 8674.20 0.48 100.00 0  0  0  None None 229.32 Buffering (0/1) STOP  IDLE         30.00    None  None  
2021-10-19 15:39:32,530:WARNING: Stopped
2021-10-19 15:39:33,066:INFO: State.STOP
2021-10-19 15:39:33,069:INFO: BT1   BT2   TT1   TT2   AT    X    Y     Z     BP1   BP2   TP1   TP2   HP      AP      PD   PC     HL EL BF SF   PF   BV     rpm             State MissionState Setpoint Error Depth 
2021-10-19 15:39:33,071:INFO: 24.90 24.36 25.21 25.53 23.03 0.00 -0.00 -0.01 10.07 10.19 10.29 10.42 1061.74 8674.12 0.48 100.00 0  0  0  None None 229.45 Buffering (0/1) STOP  IDLE         30.00    None  None  
2021-10-19 15:39:33,072:WARNING: Stopped
2021-10-19 15:39:33,606:INFO: State.STOP
2021-10-19 15:39:33,609:INFO: BT1   BT2   TT1   TT2   AT    X    Y     Z     BP1   BP2   TP1   TP2   HP      AP      PD   PC     HL EL BF SF   PF   BV     rpm             State MissionState Setpoint Error Depth 
2021-10-19 15:39:33,611:INFO: 24.91 24.36 25.21 25.53 23.03 0.00 -0.00 -0.01 10.07 10.19 10.29 10.42 1061.84 8674.16 0.48 100.00 0  0  0  None None 229.40 Buffering (0/1) STOP  IDLE         30.00    None  None  
2021-10-19 15:39:33,612:WARNING: Stopped
2021-10-19 15:39:34,146:INFO: State.STOP
2021-10-19 15:39:34,149:INFO: BT1   BT2   TT1   TT2   AT    X    Y     Z    BP1   BP2   TP1   TP2   HP      AP      PD   PC     HL EL BF SF   PF   BV     rpm             State MissionState Setpoint Error Depth 
2021-10-19 15:39:34,151:INFO: 24.90 24.36 25.21 25.53 23.03 0.00 -0.00 0.00 10.07 10.19 10.29 10.42 1061.66 8674.12 0.48 100.00 0  0  0  None None 229.40 Buffering (0/1) STOP  IDLE         30.00    None  None  
2021-10-19 15:39:34,153:WARNING: Stopped
2021-10-19 15:39:34,688:INFO: State.STOP
2021-10-19 15:39:34,690:INFO: BT1   BT2   TT1   TT2   AT    X    Y     Z    BP1   BP2   TP1   TP2   HP      AP      PD   PC     HL EL BF SF   PF   BV     rpm             State MissionState Setpoint Error Depth 
2021-10-19 15:39:34,693:INFO: 24.90 24.36 25.21 25.53 23.03 0.00 -0.00 0.00 10.07 10.19 10.29 10.42 1061.48 8673.96 0.48 100.00 0  0  0  None None 229.46 Buffering (0/1) STOP  IDLE         30.00    None  None  
2021-10-19 15:39:34,694:WARNING: Stopped
2021-10-19 15:39:35,225:INFO: State.STOP
2021-10-19 15:39:35,227:INFO: BT1   BT2   TT1   TT2   AT    X    Y     Z    BP1   BP2   TP1   TP2   HP      AP      PD   PC     HL EL BF SF   PF   BV     rpm             State MissionState Setpoint Error Depth 
2021-10-19 15:39:35,229:INFO: 24.90 24.36 25.21 25.53 23.03 0.00 -0.01 0.01 10.07 10.19 10.29 10.42 1061.54 8674.08 0.48 100.00 0  0  0  None None 229.25 Buffering (0/1) STOP  IDLE         30.00    None  None  
2021-10-19 15:39:35,231:WARNING: Stopped
2021-10-19 15:39:35,766:INFO: State.STOP
2021-10-19 15:39:35,769:INFO: BT1   BT2   TT1   TT2   AT    X    Y     Z    BP1   BP2   TP1   TP2   HP      AP      PD   PC     HL EL BF SF   PF   BV     rpm             State MissionState Setpoint Error Depth 
2021-10-19 15:39:35,770:INFO: 24.90 24.36 25.21 25.53 23.03 0.00 -0.01 0.01 10.07 10.19 10.29 10.42 1061.56 8674.16 0.48 100.00 0  0  0  None None 229.40 Buffering (0/1) STOP  IDLE         30.00    None  None  
2021-10-19 15:39:35,772:WARNING: Stopped
2021-10-19 15:39:36,305:INFO: State.STOP
2021-10-19 15:39:36,308:INFO: BT1   BT2   TT1   TT2   AT    X    Y     Z    BP1   BP2   TP1   TP2   HP      AP      PD   PC     HL EL BF SF   PF   BV     rpm             State MissionState Setpoint Error Depth 
2021-10-19 15:39:36,310:INFO: 24.90 24.36 25.21 25.53 23.03 0.00 -0.01 0.01 10.07 10.19 10.29 10.42 1061.56 8674.30 0.48 100.00 0  0  0  None None 229.32 Buffering (0/1) STOP  IDLE         30.00    None  None  
2021-10-19 15:39:36,312:WARNING: Stopped
2021-10-19 15:39:36,849:INFO: State.STOP
2021-10-19 15:39:36,852:INFO: BT1   BT2   TT1   TT2   AT    X    Y     Z    BP1   BP2   TP1   TP2   HP      AP      PD   PC     HL EL BF SF   PF   BV     rpm             State MissionState Setpoint Error Depth 
2021-10-19 15:39:36,854:INFO: 24.90 24.36 25.21 25.53 23.03 0.00 -0.01 0.01 10.07 10.19 10.29 10.42 1061.58 8674.30 0.48 100.00 0  0  0  None None 229.40 Buffering (0/1) STOP  IDLE         30.00    None  None  
2021-10-19 15:39:36,855:WARNING: Stopped
2021-10-19 15:39:37,387:INFO: State.STOP
2021-10-19 15:39:37,390:INFO: BT1   BT2   TT1   TT2   AT    X     Y     Z    BP1   BP2   TP1   TP2   HP      AP      PD   PC     HL EL BF SF   PF   BV     rpm             State MissionState Setpoint Error Depth 
2021-10-19 15:39:37,392:INFO: 24.90 24.36 25.21 25.53 23.03 -0.00 -0.00 0.01 10.08 10.19 10.29 10.42 1061.66 8674.42 0.48 100.00 0  0  0  None None 229.39 Buffering (0/1) STOP  IDLE         30.00    None  None  
2021-10-19 15:39:37,393:WARNING: Stopped
2021-10-19 15:39:37,931:INFO: State.STOP
2021-10-19 15:39:37,933:INFO: BT1   BT2   TT1   TT2   AT    X     Y     Z    BP1   BP2   TP1   TP2   HP      AP      PD   PC     HL EL BF SF   PF   BV     rpm             State MissionState Setpoint Error Depth 
2021-10-19 15:39:37,935:INFO: 24.90 24.36 25.21 25.53 23.03 -0.00 -0.00 0.01 10.07 10.19 10.29 10.42 1061.70 8674.22 0.48 100.00 0  0  0  None None 229.37 Buffering (0/1) STOP  IDLE         30.00    None  None  
2021-10-19 15:39:37,937:WARNING: Stopped
2021-10-19 15:39:38,472:INFO: State.STOP
2021-10-19 15:39:38,474:INFO: BT1   BT2   TT1   TT2   AT    X     Y     Z    BP1   BP2   TP1   TP2   HP      AP      PD   PC     HL EL BF SF   PF   BV     rpm             State MissionState Setpoint Error Depth 
2021-10-19 15:39:38,476:INFO: 24.90 24.36 25.21 25.53 23.03 -0.00 -0.00 0.01 10.07 10.19 10.28 10.42 1061.76 8674.36 0.48 100.00 0  0  0  None None 229.32 Buffering (0/1) STOP  IDLE         30.00    None  None  
2021-10-19 15:39:38,478:WARNING: Stopped
2021-10-19 15:39:39,013:INFO: State.STOP
2021-10-19 15:39:39,015:INFO: BT1   BT2   TT1   TT2   AT    X     Y     Z    BP1   BP2   TP1   TP2   HP      AP      PD   PC     HL EL BF SF   PF   BV     rpm             State MissionState Setpoint Error Depth 
2021-10-19 15:39:39,017:INFO: 24.90 24.36 25.21 25.53 23.03 -0.00 -0.00 0.01 10.07 10.19 10.28 10.42 1061.72 8674.22 0.48 100.00 0  0  0  None None 229.40 Buffering (0/1) STOP  IDLE         30.00    None  None  
2021-10-19 15:39:39,019:WARNING: Stopped
2021-10-19 15:39:39,552:INFO: State.STOP
2021-10-19 15:39:39,555:INFO: BT1   BT2   TT1   TT2   AT    X     Y     Z     BP1   BP2   TP1   TP2   HP      AP      PD   PC     HL EL BF SF   PF   BV     rpm             State MissionState Setpoint Error Depth 
2021-10-19 15:39:39,557:INFO: 24.90 24.36 25.21 25.54 23.03 -0.00 -0.00 -0.00 10.07 10.19 10.28 10.42 1061.62 8674.30 0.48 100.00 0  0  0  None None 229.39 Buffering (0/1) STOP  IDLE         30.00    None  None  
2021-10-19 15:39:39,558:WARNING: Stopped
2021-10-19 15:39:40,097:INFO: State.STOP
2021-10-19 15:39:40,099:INFO: BT1   BT2   TT1   TT2   AT    X     Y     Z     BP1   BP2   TP1   TP2   HP      AP      PD   PC     HL EL BF SF   PF   BV     rpm             State MissionState Setpoint Error Depth 
2021-10-19 15:39:40,101:INFO: 24.90 24.36 25.21 25.54 23.03 -0.00 -0.00 -0.01 10.07 10.19 10.29 10.42 1061.74 8674.54 0.48 100.00 0  0  0  None None 229.25 Buffering (0/1) STOP  IDLE         30.00    None  None  
2021-10-19 15:39:40,103:WARNING: Stopped
2021-10-19 15:39:40,638:INFO: State.STOP
2021-10-19 15:39:40,640:INFO: BT1   BT2   TT1   TT2   AT    X     Y     Z     BP1   BP2   TP1   TP2   HP      AP      PD   PC     HL EL BF SF   PF   BV     rpm             State MissionState Setpoint Error Depth 
2021-10-19 15:39:40,642:INFO: 24.90 24.36 25.20 25.54 23.03 -0.00 -0.00 -0.01 10.07 10.19 10.29 10.42 1061.70 8674.58 0.48 100.00 0  0  0  None None 229.34 Buffering (0/1) STOP  IDLE         30.00    None  None  
2021-10-19 15:39:40,644:WARNING: Stopped
2021-10-19 15:39:41,175:INFO: State.STOP
2021-10-19 15:39:41,177:INFO: BT1   BT2   TT1   TT2   AT    X     Y    Z     BP1   BP2   TP1   TP2   HP      AP      PD   PC     HL EL BF SF   PF   BV     rpm             State MissionState Setpoint Error Depth 
2021-10-19 15:39:41,179:INFO: 24.90 24.36 25.20 25.54 23.03 -0.00 0.00 -0.01 10.07 10.19 10.29 10.42 1061.68 8674.48 0.48 100.00 0  0  0  None None 229.38 Buffering (0/1) STOP  IDLE         30.00    None  None  
2021-10-19 15:39:41,180:WARNING: Stopped
2021-10-19 15:39:41,717:INFO: State.STOP
2021-10-19 15:39:41,718:INFO: BT1   BT2   TT1   TT2   AT    X     Y    Z     BP1   BP2   TP1   TP2   HP      AP      PD   PC     HL EL BF SF   PF   BV     rpm             State MissionState Setpoint Error Depth 
2021-10-19 15:39:41,720:INFO: 24.90 24.36 25.20 25.54 23.03 -0.00 0.00 -0.01 10.07 10.19 10.29 10.42 1061.68 8674.78 0.48 100.00 0  0  0  None None 229.23 Buffering (0/1) STOP  IDLE         30.00    None  None  
2021-10-19 15:39:41,721:WARNING: Stopped
2021-10-19 15:39:42,260:INFO: State.STOP
2021-10-19 15:39:42,263:INFO: BT1   BT2   TT1   TT2   AT    X    Y    Z    BP1   BP2   TP1   TP2   HP      AP      PD   PC     HL EL BF SF   PF   BV     rpm             State MissionState Setpoint Error Depth 
2021-10-19 15:39:42,265:INFO: 24.90 24.36 25.20 25.54 23.03 0.00 0.00 0.00 10.07 10.19 10.29 10.42 1061.72 8674.82 0.48 100.00 0  0  0  None None 229.36 Buffering (0/1) STOP  IDLE         30.00    None  None  
2021-10-19 15:39:42,267:WARNING: Stopped
2021-10-19 15:39:42,801:INFO: State.STOP
2021-10-19 15:39:42,804:INFO: BT1   BT2   TT1   TT2   AT    X    Y    Z    BP1   BP2   TP1   TP2   HP      AP      PD   PC     HL EL BF SF   PF   BV     rpm             State MissionState Setpoint Error Depth 
2021-10-19 15:39:42,806:INFO: 24.90 24.36 25.20 25.54 23.03 0.00 0.00 0.00 10.07 10.19 10.29 10.42 1061.58 8674.64 0.48 100.00 0  0  0  None None 229.36 Buffering (0/1) STOP  IDLE         30.00    None  None  
2021-10-19 15:39:42,807:WARNING: Stopped
2021-10-19 15:39:43,341:INFO: State.STOP
2021-10-19 15:39:43,344:INFO: BT1   BT2   TT1   TT2   AT    X    Y    Z    BP1   BP2   TP1   TP2   HP      AP      PD   PC     HL EL BF SF   PF   BV     rpm             State MissionState Setpoint Error Depth 
2021-10-19 15:39:43,346:INFO: 24.90 24.37 25.20 25.54 23.03 0.00 0.00 0.01 10.07 10.19 10.29 10.42 1061.56 8674.56 0.48 100.00 0  0  0  None None 229.39 Buffering (0/1) STOP  IDLE         30.00    None  None  
2021-10-19 15:39:43,348:WARNING: Stopped
2021-10-19 15:39:43,882:INFO: State.STOP
2021-10-19 15:39:43,884:INFO: BT1   BT2   TT1   TT2   AT    X    Y    Z    BP1   BP2   TP1   TP2   HP      AP      PD   PC     HL EL BF SF   PF   BV     rpm             State MissionState Setpoint Error Depth 
2021-10-19 15:39:43,886:INFO: 24.90 24.37 25.20 25.54 23.03 0.00 0.00 0.01 10.07 10.19 10.29 10.42 1061.66 8674.54 0.48 100.00 0  0  0  None None 229.39 Buffering (0/1) STOP  IDLE         30.00    None  None  
2021-10-19 15:39:43,888:WARNING: Stopped
2021-10-19 15:39:44,422:INFO: State.STOP
2021-10-19 15:39:44,425:INFO: BT1   BT2   TT1   TT2   AT    X    Y    Z    BP1   BP2   TP1   TP2   HP      AP      PD   PC     HL EL BF SF   PF   BV     rpm             State MissionState Setpoint Error Depth 
2021-10-19 15:39:44,427:INFO: 24.90 24.37 25.20 25.54 23.03 0.00 0.00 0.01 10.07 10.19 10.29 10.42 1061.70 8674.30 0.48 100.00 0  0  0  None None 229.40 Buffering (0/1) STOP  IDLE         30.00    None  None  
2021-10-19 15:39:44,429:WARNING: Stopped
2021-10-19 15:39:44,964:INFO: State.STOP
2021-10-19 15:39:44,967:INFO: BT1   BT2   TT1   TT2   AT    X    Y    Z    BP1   BP2   TP1   TP2   HP      AP      PD   PC     HL EL BF SF   PF   BV     rpm             State MissionState Setpoint Error Depth 
2021-10-19 15:39:44,969:INFO: 24.90 24.37 25.20 25.54 23.03 0.00 0.00 0.01 10.07 10.19 10.28 10.42 1061.56 8674.22 0.48 100.00 0  0  0  None None 229.41 Buffering (0/1) STOP  IDLE         30.00    None  None  
2021-10-19 15:39:44,971:WARNING: Stopped
2021-10-19 15:39:45,501:INFO: State.STOP
2021-10-19 15:39:45,503:INFO: BT1   BT2   TT1   TT2   AT    X    Y    Z    BP1   BP2   TP1   TP2   HP      AP      PD   PC     HL EL BF SF   PF   BV     rpm             State MissionState Setpoint Error Depth 
2021-10-19 15:39:45,505:INFO: 24.90 24.37 25.20 25.54 23.04 0.01 0.00 0.01 10.07 10.19 10.28 10.42 1061.54 8674.34 0.48 100.00 0  0  0  None None 229.32 Buffering (0/1) STOP  IDLE         30.00    None  None  
2021-10-19 15:39:45,506:WARNING: Stopped
2021-10-19 15:39:46,044:INFO: State.STOP
2021-10-19 15:39:46,047:INFO: BT1   BT2   TT1   TT2   AT    X    Y    Z    BP1   BP2   TP1   TP2   HP      AP      PD   PC     HL EL BF SF   PF   BV     rpm             State MissionState Setpoint Error Depth 
2021-10-19 15:39:46,049:INFO: 24.90 24.37 25.20 25.54 23.04 0.01 0.00 0.01 10.07 10.19 10.28 10.42 1061.56 8674.40 0.48 100.00 0  0  0  None None 229.39 Buffering (0/1) STOP  IDLE         30.00    None  None  
2021-10-19 15:39:46,051:WARNING: Stopped
2021-10-19 15:39:46,586:INFO: State.STOP
2021-10-19 15:39:46,589:INFO: BT1   BT2   TT1   TT2   AT    X    Y    Z    BP1   BP2   TP1   TP2   HP      AP      PD   PC     HL EL BF SF   PF   BV     rpm             State MissionState Setpoint Error Depth 
2021-10-19 15:39:46,591:INFO: 24.90 24.37 25.20 25.54 23.04 0.02 0.00 0.02 10.07 10.19 10.28 10.42 1061.46 8674.42 0.48 100.00 0  0  0  None None 229.38 Buffering (0/1) STOP  IDLE         30.00    None  None  
2021-10-19 15:39:46,593:WARNING: Stopped
2021-10-19 15:39:47,127:INFO: State.STOP
2021-10-19 15:39:47,130:INFO: BT1   BT2   TT1   TT2   AT    X    Y    Z    BP1   BP2   TP1   TP2   HP      AP      PD   PC     HL EL BF SF   PF   BV     rpm             State MissionState Setpoint Error Depth 
2021-10-19 15:39:47,132:INFO: 24.90 24.37 25.20 25.54 23.04 0.02 0.00 0.01 10.07 10.19 10.29 10.42 1061.44 8674.56 0.48 100.00 0  0  0  None None 229.32 Buffering (0/1) STOP  IDLE         30.00    None  None  
2021-10-19 15:39:47,133:WARNING: Stopped
2021-10-19 15:39:47,666:INFO: State.STOP
2021-10-19 15:39:47,669:INFO: BT1   BT2   TT1   TT2   AT    X    Y    Z    BP1   BP2   TP1   TP2   HP      AP      PD   PC     HL EL BF SF   PF   BV     rpm             State MissionState Setpoint Error Depth 
2021-10-19 15:39:47,670:INFO: 24.90 24.37 25.20 25.54 23.04 0.02 0.00 0.01 10.07 10.19 10.29 10.42 1061.72 8674.60 0.48 100.00 0  0  0  None None 229.36 Buffering (0/1) STOP  IDLE         30.00    None  None  
2021-10-19 15:39:47,672:WARNING: Stopped
2021-10-19 15:39:48,211:INFO: State.STOP
2021-10-19 15:39:48,214:INFO: BT1   BT2   TT1   TT2   AT    X    Y    Z    BP1   BP2   TP1   TP2   HP      AP      PD   PC     HL EL BF SF   PF   BV     rpm             State MissionState Setpoint Error Depth 
2021-10-19 15:39:48,216:INFO: 24.90 24.37 25.20 25.54 23.04 0.02 0.00 0.00 10.07 10.19 10.29 10.42 1061.72 8674.52 0.48 100.00 0  0  0  None None 229.36 Buffering (0/1) STOP  IDLE         30.00    None  None  
2021-10-19 15:39:48,217:WARNING: Stopped
2021-10-19 15:39:48,753:INFO: State.STOP
2021-10-19 15:39:48,755:INFO: BT1   BT2   TT1   TT2   AT    X    Y    Z    BP1   BP2   TP1   TP2   HP      AP      PD   PC     HL EL BF SF   PF   BV     rpm             State MissionState Setpoint Error Depth 
2021-10-19 15:39:48,757:INFO: 24.90 24.37 25.20 25.54 23.04 0.02 0.00 0.00 10.07 10.19 10.29 10.42 1061.74 8674.64 0.48 100.00 0  0  0  None None 229.32 Buffering (0/1) STOP  IDLE         30.00    None  None  
2021-10-19 15:39:48,759:WARNING: Stopped
2021-10-19 15:39:49,293:INFO: State.STOP
2021-10-19 15:39:49,296:INFO: BT1   BT2   TT1   TT2   AT    X    Y    Z    BP1   BP2   TP1   TP2   HP      AP      PD   PC     HL EL BF SF   PF   BV     rpm             State MissionState Setpoint Error Depth 
2021-10-19 15:39:49,298:INFO: 24.90 24.37 25.19 25.54 23.04 0.02 0.00 0.00 10.07 10.19 10.29 10.42 1061.74 8674.86 0.48 100.00 0  0  0  None None 229.28 Buffering (0/1) STOP  IDLE         30.00    None  None  
2021-10-19 15:39:49,299:WARNING: Stopped
2021-10-19 15:39:49,834:INFO: State.STOP
2021-10-19 15:39:49,836:INFO: BT1   BT2   TT1   TT2   AT    X    Y    Z    BP1   BP2   TP1   TP2   HP      AP      PD   PC     HL EL BF SF   PF   BV     rpm             State MissionState Setpoint Error Depth 
2021-10-19 15:39:49,838:INFO: 24.90 24.37 25.19 25.54 23.04 0.02 0.00 0.00 10.08 10.19 10.28 10.42 1061.60 8674.74 0.48 100.00 0  0  0  None None 229.39 Buffering (0/1) STOP  IDLE         30.00    None  None  
2021-10-19 15:39:49,840:WARNING: Stopped
2021-10-19 15:39:50,375:INFO: State.STOP
2021-10-19 15:39:50,378:INFO: BT1   BT2   TT1   TT2   AT    X    Y    Z    BP1   BP2   TP1   TP2   HP      AP      PD   PC     HL EL BF SF   PF   BV     rpm             State MissionState Setpoint Error Depth 
2021-10-19 15:39:50,380:INFO: 24.90 24.37 25.19 25.54 23.04 0.01 0.00 0.00 10.07 10.19 10.28 10.42 1061.30 8674.80 0.48 100.00 0  0  0  None None 229.35 Buffering (0/1) STOP  IDLE         30.00    None  None  
2021-10-19 15:39:50,381:WARNING: Stopped
2021-10-19 15:39:50,915:INFO: State.STOP
2021-10-19 15:39:50,917:INFO: BT1   BT2   TT1   TT2   AT    X    Y    Z    BP1   BP2   TP1   TP2   HP      AP      PD   PC     HL EL BF SF   PF   BV     rpm             State MissionState Setpoint Error Depth 
2021-10-19 15:39:50,919:INFO: 24.90 24.37 25.19 25.54 23.04 0.01 0.00 0.00 10.07 10.19 10.29 10.42 1061.28 8674.90 0.48 100.00 0  0  0  None None 229.30 Buffering (0/1) STOP  IDLE         30.00    None  None  
2021-10-19 15:39:50,921:WARNING: Stopped
2021-10-19 15:39:51,455:INFO: State.STOP
2021-10-19 15:39:51,457:INFO: BT1   BT2   TT1   TT2   AT    X    Y     Z     BP1   BP2   TP1   TP2   HP      AP      PD   PC     HL EL BF SF   PF   BV     rpm             State MissionState Setpoint Error Depth 
2021-10-19 15:39:51,459:INFO: 24.90 24.37 25.19 25.54 23.04 0.00 -0.00 -0.00 10.07 10.19 10.29 10.42 1061.38 8674.88 0.48 100.00 0  0  0  None None 229.33 Buffering (0/1) STOP  IDLE         30.00    None  None  
2021-10-19 15:39:51,461:WARNING: Stopped
2021-10-19 15:39:51,999:INFO: State.STOP
2021-10-19 15:39:52,002:INFO: BT1   BT2   TT1   TT2   AT    X    Y     Z     BP1   BP2   TP1   TP2   HP      AP      PD   PC     HL EL BF SF   PF   BV     rpm             State MissionState Setpoint Error Depth 
2021-10-19 15:39:52,004:INFO: 24.89 24.37 25.19 25.54 23.04 0.00 -0.00 -0.00 10.07 10.19 10.29 10.42 1061.46 8674.76 0.48 100.00 0  0  0  None None 229.35 Buffering (0/1) STOP  IDLE         30.00    None  None  
2021-10-19 15:39:52,005:WARNING: Stopped
2021-10-19 15:39:52,542:INFO: State.STOP
2021-10-19 15:39:52,545:INFO: BT1   BT2   TT1   TT2   AT    X    Y     Z     BP1   BP2   TP1   TP2   HP      AP      PD   PC     HL EL BF SF   PF   BV     rpm             State MissionState Setpoint Error Depth 
2021-10-19 15:39:52,547:INFO: 24.90 24.37 25.19 25.54 23.04 0.00 -0.00 -0.01 10.07 10.19 10.29 10.42 1061.62 8674.92 0.48 100.00 0  0  0  None None 229.29 Buffering (0/1) STOP  IDLE         30.00    None  None  
2021-10-19 15:39:52,548:WARNING: Stopped
2021-10-19 15:39:53,081:INFO: State.STOP
2021-10-19 15:39:53,083:INFO: BT1   BT2   TT1   TT2   AT    X    Y     Z     BP1   BP2   TP1   TP2   HP      AP      PD   PC     HL EL BF SF   PF   BV     rpm             State MissionState Setpoint Error Depth 
2021-10-19 15:39:53,085:INFO: 24.90 24.37 25.19 25.54 23.04 0.00 -0.00 -0.01 10.07 10.19 10.28 10.42 1061.94 8675.00 0.48 100.00 0  0  0  None None 229.30 Buffering (0/1) STOP  IDLE         30.00    None  None  
2021-10-19 15:39:53,086:WARNING: Stopped
2021-10-19 15:39:53,622:INFO: State.STOP
2021-10-19 15:39:53,624:INFO: BT1   BT2   TT1   TT2   AT    X    Y     Z     BP1   BP2   TP1   TP2   HP      AP      PD   PC     HL EL BF SF   PF   BV     rpm             State MissionState Setpoint Error Depth 
2021-10-19 15:39:53,626:INFO: 24.90 24.37 25.19 25.54 23.04 0.00 -0.00 -0.01 10.08 10.19 10.28 10.42 1062.02 8675.12 0.48 100.00 0  0  0  None None 229.23 Buffering (0/1) STOP  IDLE         30.00    None  None  
2021-10-19 15:39:53,627:WARNING: Stopped
2021-10-19 15:39:54,162:INFO: State.STOP
2021-10-19 15:39:54,165:INFO: BT1   BT2   TT1   TT2   AT    X    Y     Z     BP1   BP2   TP1   TP2   HP      AP      PD   PC     HL EL BF SF   PF   BV     rpm             State MissionState Setpoint Error Depth 
2021-10-19 15:39:54,167:INFO: 24.90 24.37 25.19 25.54 23.04 0.00 -0.00 -0.01 10.08 10.19 10.28 10.42 1061.86 8675.00 0.48 100.00 0  0  0  None None 229.40 Buffering (0/1) STOP  IDLE         30.00    None  None  
2021-10-19 15:39:54,168:WARNING: Stopped
2021-10-19 15:39:54,704:INFO: State.STOP
2021-10-19 15:39:54,706:INFO: BT1   BT2   TT1   TT2   AT    X    Y     Z     BP1   BP2   TP1   TP2   HP      AP      PD   PC     HL EL BF SF   PF   BV     rpm             State MissionState Setpoint Error Depth 
2021-10-19 15:39:54,708:INFO: 24.90 24.37 25.19 25.54 23.04 0.00 -0.00 -0.01 10.08 10.19 10.28 10.42 1061.94 8675.06 0.48 100.00 0  0  0  None None 229.32 Buffering (0/1) STOP  IDLE         30.00    None  None  
2021-10-19 15:39:54,710:WARNING: Stopped
2021-10-19 15:39:55,245:INFO: State.STOP
2021-10-19 15:39:55,248:INFO: BT1   BT2   TT1   TT2   AT    X    Y     Z     BP1   BP2   TP1   TP2   HP      AP      PD   PC     HL EL BF SF   PF   BV     rpm             State MissionState Setpoint Error Depth 
2021-10-19 15:39:55,251:INFO: 24.90 24.37 25.19 25.54 23.04 0.00 -0.00 -0.00 10.08 10.19 10.28 10.42 1061.96 8674.96 0.48 100.00 0  0  0  None None 229.35 Buffering (0/1) STOP  IDLE         30.00    None  None  
2021-10-19 15:39:55,252:WARNING: Stopped
2021-10-19 15:39:55,788:INFO: State.STOP
2021-10-19 15:39:55,791:INFO: BT1   BT2   TT1   TT2   AT    X    Y     Z     BP1   BP2   TP1   TP2   HP      AP      PD   PC     HL EL BF SF   PF   BV     rpm             State MissionState Setpoint Error Depth 
2021-10-19 15:39:55,793:INFO: 24.90 24.37 25.18 25.54 23.04 0.00 -0.00 -0.00 10.07 10.19 10.28 10.42 1061.78 8674.88 0.48 100.00 0  0  0  None None 229.35 Buffering (0/1) STOP  IDLE         30.00    None  None  
2021-10-19 15:39:55,794:WARNING: Stopped
2021-10-19 15:39:56,334:INFO: State.STOP
2021-10-19 15:39:56,336:INFO: BT1   BT2   TT1   TT2   AT    X    Y    Z     BP1   BP2   TP1   TP2   HP      AP      PD   PC     HL EL BF SF   PF   BV     rpm             State MissionState Setpoint Error Depth 
2021-10-19 15:39:56,338:INFO: 24.90 24.37 25.18 25.54 23.04 0.00 0.00 -0.00 10.07 10.19 10.28 10.42 1061.74 8674.70 0.48 100.00 0  0  0  None None 229.34 Buffering (0/1) STOP  IDLE         30.00    None  None  
2021-10-19 15:39:56,340:WARNING: Stopped
2021-10-19 15:39:56,874:INFO: State.STOP
2021-10-19 15:39:56,876:INFO: BT1   BT2   TT1   TT2   AT    X    Y    Z     BP1   BP2   TP1   TP2   HP      AP      PD   PC     HL EL BF SF   PF   BV     rpm             State MissionState Setpoint Error Depth 
2021-10-19 15:39:56,878:INFO: 24.90 24.37 25.18 25.54 23.04 0.00 0.00 -0.00 10.07 10.19 10.28 10.42 1061.72 8674.88 0.48 100.00 0  0  0  None None 229.29 Buffering (0/1) STOP  IDLE         30.00    None  None  
2021-10-19 15:39:56,880:WARNING: Stopped
2021-10-19 15:39:57,415:INFO: State.STOP
2021-10-19 15:39:57,417:INFO: BT1   BT2   TT1   TT2   AT    X    Y    Z     BP1   BP2   TP1   TP2   HP      AP      PD   PC     HL EL BF SF   PF   BV     rpm             State MissionState Setpoint Error Depth 
2021-10-19 15:39:57,419:INFO: 24.90 24.37 25.18 25.54 23.04 0.00 0.00 -0.00 10.07 10.19 10.28 10.42 1061.54 8674.88 0.48 100.00 0  0  0  None None 229.32 Buffering (0/1) STOP  IDLE         30.00    None  None  
2021-10-19 15:39:57,421:WARNING: Stopped
2021-10-19 15:39:57,958:INFO: State.STOP
2021-10-19 15:39:57,960:INFO: BT1   BT2   TT1   TT2   AT    X    Y    Z     BP1   BP2   TP1   TP2   HP      AP      PD   PC     HL EL BF SF   PF   BV     rpm             State MissionState Setpoint Error Depth 
2021-10-19 15:39:57,962:INFO: 24.90 24.37 25.18 25.54 23.04 0.00 0.00 -0.00 10.07 10.19 10.28 10.42 1061.60 8675.02 0.48 100.00 0  0  0  None None 229.27 Buffering (0/1) STOP  IDLE         30.00    None  None  
2021-10-19 15:39:57,964:WARNING: Stopped
2021-10-19 15:39:58,496:INFO: State.STOP
2021-10-19 15:39:58,498:INFO: BT1   BT2   TT1   TT2   AT    X    Y    Z     BP1   BP2   TP1   TP2   HP      AP      PD   PC     HL EL BF SF   PF   BV     rpm             State MissionState Setpoint Error Depth 
2021-10-19 15:39:58,500:INFO: 24.90 24.37 25.18 25.54 23.04 0.00 0.00 -0.00 10.07 10.19 10.28 10.42 1061.64 8675.16 0.48 100.00 0  0  0  None None 229.27 Buffering (0/1) STOP  IDLE         30.00    None  None  
2021-10-19 15:39:58,502:WARNING: Stopped
2021-10-19 15:39:59,037:INFO: State.STOP
2021-10-19 15:39:59,039:INFO: BT1   BT2   TT1   TT2   AT    X    Y    Z     BP1   BP2   TP1   TP2   HP      AP      PD   PC     HL EL BF SF   PF   BV     rpm             State MissionState Setpoint Error Depth 
2021-10-19 15:39:59,041:INFO: 24.90 24.37 25.18 25.54 23.04 0.00 0.00 -0.00 10.07 10.19 10.28 10.42 1061.56 8675.18 0.48 100.00 0  0  0  None None 229.33 Buffering (0/1) STOP  IDLE         30.00    None  None  
2021-10-19 15:39:59,043:WARNING: Stopped
2021-10-19 15:39:59,581:INFO: State.STOP
2021-10-19 15:39:59,584:INFO: BT1   BT2   TT1   TT2   AT    X    Y    Z    BP1   BP2   TP1   TP2   HP      AP      PD   PC     HL EL BF SF   PF   BV     rpm             State MissionState Setpoint Error Depth 
2021-10-19 15:39:59,586:INFO: 24.90 24.37 25.17 25.54 23.04 0.00 0.00 0.00 10.07 10.19 10.28 10.42 1061.52 8675.24 0.48 100.00 0  0  0  None None 229.26 Buffering (0/1) STOP  IDLE         30.00    None  None  
2021-10-19 15:39:59,587:WARNING: Stopped
2021-10-19 15:40:00,126:INFO: State.STOP
2021-10-19 15:40:00,129:INFO: BT1   BT2   TT1   TT2   AT    X    Y    Z    BP1   BP2   TP1   TP2   HP      AP      PD   PC     HL EL BF SF   PF   BV     rpm             State MissionState Setpoint Error Depth 
2021-10-19 15:40:00,131:INFO: 24.90 24.37 25.17 25.54 23.04 0.00 0.00 0.00 10.07 10.19 10.28 10.42 1061.54 8675.34 0.48 100.00 0  0  0  None None 229.26 Buffering (0/1) STOP  IDLE         30.00    None  None  
2021-10-19 15:40:00,132:WARNING: Stopped
2021-10-19 15:40:00,672:INFO: State.STOP
2021-10-19 15:40:00,675:INFO: BT1   BT2   TT1   TT2   AT    X    Y    Z    BP1   BP2   TP1   TP2   HP      AP      PD   PC     HL EL BF SF   PF   BV     rpm             State MissionState Setpoint Error Depth 
2021-10-19 15:40:00,677:INFO: 24.90 24.37 25.17 25.54 23.04 0.00 0.00 0.00 10.07 10.19 10.28 10.42 1061.44 8675.32 0.48 100.00 0  0  0  None None 229.28 Buffering (0/1) STOP  IDLE         30.00    None  None  
2021-10-19 15:40:00,678:WARNING: Stopped
2021-10-19 15:40:01,212:INFO: State.STOP
2021-10-19 15:40:01,214:INFO: BT1   BT2   TT1   TT2   AT    X    Y     Z     BP1   BP2   TP1   TP2   HP      AP      PD   PC     HL EL BF SF   PF   BV     rpm             State MissionState Setpoint Error Depth 
2021-10-19 15:40:01,217:INFO: 24.90 24.37 25.17 25.54 23.04 0.00 -0.00 -0.00 10.07 10.19 10.29 10.42 1061.40 8675.20 0.48 100.00 0  0  0  None None 229.34 Buffering (0/1) STOP  IDLE         30.00    None  None  
2021-10-19 15:40:01,219:WARNING: Stopped
2021-10-19 15:40:01,751:INFO: State.STOP
2021-10-19 15:40:01,755:INFO: BT1   BT2   TT1   TT2   AT    X    Y     Z     BP1   BP2   TP1   TP2   HP      AP      PD   PC     HL EL BF SF   PF   BV     rpm             State MissionState Setpoint Error Depth 
2021-10-19 15:40:01,757:INFO: 24.90 24.37 25.17 25.54 23.04 0.00 -0.00 -0.00 10.07 10.19 10.28 10.42 1061.52 8675.30 0.48 100.00 0  0  0  None None 229.30 Buffering (0/1) STOP  IDLE         30.00    None  None  
2021-10-19 15:40:01,759:WARNING: Stopped
2021-10-19 15:40:02,293:INFO: State.STOP
2021-10-19 15:40:02,297:INFO: BT1   BT2   TT1   TT2   AT    X    Y     Z     BP1   BP2   TP1   TP2   HP      AP      PD   PC     HL EL BF SF   PF   BV     rpm             State MissionState Setpoint Error Depth 
2021-10-19 15:40:02,299:INFO: 24.90 24.37 25.17 25.54 23.04 0.00 -0.00 -0.00 10.08 10.19 10.28 10.42 1061.60 8675.22 0.48 100.00 0  0  0  None None 229.30 Buffering (0/1) STOP  IDLE         30.00    None  None  
2021-10-19 15:40:02,301:WARNING: Stopped
2021-10-19 15:40:02,834:INFO: State.STOP
2021-10-19 15:40:02,837:INFO: BT1   BT2   TT1   TT2   AT    X    Y     Z     BP1   BP2   TP1   TP2   HP      AP      PD   PC     HL EL BF SF   PF   BV     rpm             State MissionState Setpoint Error Depth 
2021-10-19 15:40:02,840:INFO: 24.90 24.37 25.17 25.54 23.04 0.00 -0.00 -0.00 10.08 10.19 10.28 10.42 1061.70 8675.20 0.48 100.00 0  0  0  None None 229.27 Buffering (0/1) STOP  IDLE         30.00    None  None  
2021-10-19 15:40:02,843:WARNING: Stopped
2021-10-19 15:40:03,374:INFO: State.STOP
2021-10-19 15:40:03,377:INFO: BT1   BT2   TT1   TT2   AT    X     Y     Z     BP1   BP2   TP1   TP2   HP      AP      PD   PC     HL EL BF SF   PF   BV     rpm             State MissionState Setpoint Error Depth 
2021-10-19 15:40:03,379:INFO: 24.90 24.38 25.17 25.54 23.04 -0.00 -0.00 -0.00 10.07 10.19 10.28 10.42 1061.78 8675.14 0.48 100.00 0  0  0  None None 229.32 Buffering (0/1) STOP  IDLE         30.00    None  None  
2021-10-19 15:40:03,380:WARNING: Stopped
2021-10-19 15:40:03,915:INFO: State.STOP
2021-10-19 15:40:03,918:INFO: BT1   BT2   TT1   TT2   AT    X     Y     Z     BP1   BP2   TP1   TP2   HP      AP      PD   PC     HL EL BF SF   PF   BV     rpm             State MissionState Setpoint Error Depth 
2021-10-19 15:40:03,920:INFO: 24.90 24.38 25.17 25.54 23.04 -0.00 -0.00 -0.00 10.07 10.19 10.28 10.42 1061.78 8675.10 0.48 100.00 0  0  0  None None 229.36 Buffering (0/1) STOP  IDLE         30.00    None  None  
2021-10-19 15:40:03,922:WARNING: Stopped
2021-10-19 15:40:04,456:INFO: State.STOP
2021-10-19 15:40:04,458:INFO: BT1   BT2   TT1   TT2   AT    X     Y     Z     BP1   BP2   TP1   TP2   HP      AP      PD   PC     HL EL BF SF   PF   BV     rpm             State MissionState Setpoint Error Depth 
2021-10-19 15:40:04,460:INFO: 24.90 24.38 25.17 25.54 23.04 -0.00 -0.00 -0.01 10.07 10.19 10.28 10.42 1061.88 8675.08 0.48 100.00 0  0  0  None None 229.28 Buffering (0/1) STOP  IDLE         30.00    None  None  
2021-10-19 15:40:04,463:WARNING: Stopped
2021-10-19 15:40:04,996:INFO: State.STOP
2021-10-19 15:40:04,998:INFO: BT1   BT2   TT1   TT2   AT    X     Y     Z     BP1   BP2   TP1   TP2   HP      AP      PD   PC     HL EL BF SF   PF   BV     rpm             State MissionState Setpoint Error Depth 
2021-10-19 15:40:05,000:INFO: 24.90 24.38 25.16 25.54 23.04 -0.00 -0.00 -0.01 10.07 10.19 10.28 10.42 1061.96 8675.06 0.48 100.00 0  0  0  None None 229.32 Buffering (0/1) STOP  IDLE         30.00    None  None  
2021-10-19 15:40:05,003:WARNING: Stopped
2021-10-19 15:40:05,537:INFO: State.STOP
2021-10-19 15:40:05,539:INFO: BT1   BT2   TT1   TT2   AT    X     Y     Z     BP1   BP2   TP1   TP2   HP      AP      PD   PC     HL EL BF SF   PF   BV     rpm             State MissionState Setpoint Error Depth 
2021-10-19 15:40:05,541:INFO: 24.90 24.38 25.16 25.54 23.04 -0.00 -0.00 -0.01 10.07 10.19 10.28 10.42 1062.00 8675.04 0.48 100.00 0  0  0  None None 229.28 Buffering (0/1) STOP  IDLE         30.00    None  None  
2021-10-19 15:40:05,543:WARNING: Stopped
2021-10-19 15:40:06,083:INFO: State.STOP
2021-10-19 15:40:06,085:INFO: BT1   BT2   TT1   TT2   AT    X     Y     Z     BP1   BP2   TP1   TP2   HP      AP      PD   PC     HL EL BF SF   PF   BV     rpm             State MissionState Setpoint Error Depth 
2021-10-19 15:40:06,087:INFO: 24.90 24.38 25.16 25.54 23.04 -0.00 -0.00 -0.01 10.08 10.19 10.28 10.42 1061.94 8675.12 0.48 100.00 0  0  0  None None 229.27 Buffering (0/1) STOP  IDLE         30.00    None  None  
2021-10-19 15:40:06,089:WARNING: Stopped
2021-10-19 15:40:06,623:INFO: State.STOP
2021-10-19 15:40:06,626:INFO: BT1   BT2   TT1   TT2   AT    X     Y    Z     BP1   BP2   TP1   TP2   HP      AP      PD   PC     HL EL BF SF   PF   BV     rpm             State MissionState Setpoint Error Depth 
2021-10-19 15:40:06,628:INFO: 24.90 24.38 25.16 25.54 23.04 -0.00 0.00 -0.01 10.08 10.19 10.28 10.42 1061.94 8675.26 0.48 100.00 0  0  0  None None 229.28 Buffering (0/1) STOP  IDLE         30.00    None  None  
2021-10-19 15:40:06,630:WARNING: Stopped
2021-10-19 15:40:07,163:INFO: State.STOP
2021-10-19 15:40:07,165:INFO: BT1   BT2   TT1   TT2   AT    X    Y    Z     BP1   BP2   TP1   TP2   HP      AP      PD   PC     HL EL BF SF   PF   BV     rpm             State MissionState Setpoint Error Depth 
2021-10-19 15:40:07,168:INFO: 24.90 24.38 25.16 25.54 23.04 0.01 0.00 -0.01 10.07 10.19 10.28 10.42 1061.70 8675.26 0.48 100.00 0  0  0  None None 229.31 Buffering (0/1) STOP  IDLE         30.00    None  None  
2021-10-19 15:40:07,169:WARNING: Stopped
2021-10-19 15:40:07,706:INFO: State.STOP
2021-10-19 15:40:07,709:INFO: BT1   BT2   TT1   TT2   AT    X    Y    Z     BP1   BP2   TP1   TP2   HP      AP      PD   PC     HL EL BF SF   PF   BV     rpm             State MissionState Setpoint Error Depth 
2021-10-19 15:40:07,711:INFO: 24.90 24.38 25.16 25.54 23.04 0.01 0.00 -0.01 10.07 10.19 10.28 10.42 1061.64 8675.38 0.48 100.00 0  0  0  None None 229.25 Buffering (0/1) STOP  IDLE         30.00    None  None  
2021-10-19 15:40:07,713:WARNING: Stopped
2021-10-19 15:40:08,245:INFO: State.STOP
2021-10-19 15:40:08,247:INFO: BT1   BT2   TT1   TT2   AT    X    Y    Z     BP1   BP2   TP1   TP2   HP      AP      PD   PC     HL EL BF SF   PF   BV     rpm             State MissionState Setpoint Error Depth 
2021-10-19 15:40:08,250:INFO: 24.90 24.38 25.16 25.54 23.04 0.01 0.00 -0.01 10.07 10.19 10.28 10.42 1061.54 8675.44 0.48 100.00 0  0  0  None None 229.25 Buffering (0/1) STOP  IDLE         30.00    None  None  
2021-10-19 15:40:08,252:WARNING: Stopped
2021-10-19 15:40:08,795:INFO: State.STOP
2021-10-19 15:40:08,798:INFO: BT1   BT2   TT1   TT2   AT    X    Y    Z     BP1   BP2   TP1   TP2   HP      AP      PD   PC     HL EL BF SF   PF   BV     rpm             State MissionState Setpoint Error Depth 
2021-10-19 15:40:08,801:INFO: 24.90 24.38 25.16 25.54 23.04 0.01 0.00 -0.01 10.07 10.19 10.28 10.42 1061.60 8675.38 0.48 100.00 0  0  0  None None 229.30 Buffering (0/1) STOP  IDLE         30.00    None  None  
2021-10-19 15:40:08,803:WARNING: Stopped
2021-10-19 15:40:09,330:INFO: State.STOP
2021-10-19 15:40:09,334:INFO: BT1   BT2   TT1   TT2   AT    X    Y    Z     BP1   BP2   TP1   TP2   HP      AP      PD   PC     HL EL BF SF   PF   BV     rpm             State MissionState Setpoint Error Depth 
2021-10-19 15:40:09,336:INFO: 24.90 24.38 25.16 25.54 23.04 0.01 0.00 -0.01 10.07 10.19 10.28 10.42 1061.62 8675.38 0.48 100.00 0  0  0  None None 229.28 Buffering (0/1) STOP  IDLE         30.00    None  None  
2021-10-19 15:40:09,338:WARNING: Stopped
2021-10-19 15:40:09,606:INFO: 
2021-10-19 15:40:09,607:CRITICAL: System shutdown
2021-10-19 15:40:09,609:INFO: cleaning (resetting rpi gpio)
2021-10-19 15:40:09,611:INFO: sending sleep to nano
2021-10-19 15:40:09,618:INFO: waiting_for_nano_sleep
2021-10-19 15:40:09,619:INFO: nano is sleeping
