2021-10-21 13:59:04,697:WARNING: Test mode
2021-10-21 13:59:04,702:INFO: Pressure controller was initialized successfully
2021-10-21 13:59:04,703:INFO: BP1 pressure sensor was initialized successfully
2021-10-21 13:59:04,704:INFO: BP2 pressure sensor was initialized successfully
2021-10-21 13:59:04,705:INFO: TP1 pressure sensor was initialized successfully
2021-10-21 13:59:04,705:INFO: TP2 pressure sensor was initialized successfully
2021-10-21 13:59:04,706:INFO: HP pressure sensor was initialized successfully
2021-10-21 13:59:04,707:INFO: AP pressure sensor was initialized successfully
2021-10-21 13:59:04,707:INFO: Temperature controller was initialized successfully
2021-10-21 13:59:04,708:INFO: BT1 temperature sensor was initialized successfully
2021-10-21 13:59:04,708:INFO: BT2 temperature sensor was initialized successfully
2021-10-21 13:59:04,709:INFO: TT1 temperature sensor was initialized successfully
2021-10-21 13:59:04,710:INFO: TT2 temperature sensor was initialized successfully
2021-10-21 13:59:04,710:INFO: AT temperature sensor was initialized successfully
2021-10-21 13:59:04,711:INFO: IMU controller was initialized successfully
2021-10-21 13:59:04,711:INFO: X IMU sensor was initialized successfully
2021-10-21 13:59:04,712:INFO: Y IMU sensor was initialized successfully
2021-10-21 13:59:04,713:INFO: Z IMU sensor was initialized successfully
2021-10-21 13:59:04,713:INFO: Bladder volume controller was initialized successfully
2021-10-21 13:59:04,714:INFO: Altimeter controller was initialized successfully
2021-10-21 13:59:04,715:INFO: rpm controller was initialized successfully
2021-10-21 13:59:04,715:INFO: Pump flag controller was initialized successfully
2021-10-21 13:59:04,716:INFO: Bladder flag controller was initialized successfully
2021-10-21 13:59:04,716:INFO: Hull leak flag controller was initialized successfully
2021-10-21 13:59:04,717:INFO: Engine leak flag controller was initialized successfully
2021-10-21 13:59:04,717:INFO: Full surface initiated flag controller was initialized successfully
2021-10-21 13:59:04,721:INFO: SerialComm was initialized successfully
2021-10-21 13:59:04,727:INFO: SerialComm was initialized successfully
2021-10-21 13:59:04,745:INFO: Profile file loaded successfully

2021-10-21 13:59:04,746:INFO: Profile class was initialized successfully

2021-10-21 13:59:04,774:INFO: compiling mega code
2021-10-21 13:59:28,647:INFO: compilation successful
2021-10-21 13:59:28,647:INFO: uploading mega code
2021-10-21 13:59:44,050:INFO: upload successful
2021-10-21 13:59:44,051:INFO: compiling nano code
2021-10-21 13:59:51,814:INFO: compilation successful
2021-10-21 13:59:51,815:INFO: uploading nano code
2021-10-21 14:00:04,647:INFO: upload successful
2021-10-21 14:00:04,649:INFO: setting state to MissionState.IDLE
2021-10-21 14:00:04,654:ERROR: unknown header: SU:0.00
2021-10-21 14:00:04,705:ERROR: unknown header: Date: 10/21/2021 Time
2021-10-21 14:00:04,709:ERROR: unknown header: SU:1.00
2021-10-21 14:00:04,715:ERROR: unknown header: LC:1.00
2021-10-21 14:00:04,740:INFO: State.STOP
2021-10-21 14:00:04,741:INFO: BT1             BT2             TT1             TT2             AT              X               Y               Z               BP1             BP2             TP1             TP2             HP              AP              PD PC HL EL BF   SF   PF   BV     rpm             State MissionState Setpoint Error Depth 
2021-10-21 14:00:04,743:INFO: Buffering (2/5) Buffering (2/5) Buffering (2/5) Buffering (2/5) Buffering (2/5) Buffering (1/5) Buffering (1/5) Buffering (1/5) Buffering (2/5) Buffering (2/5) Buffering (2/5) Buffering (2/5) Buffering (2/5) Buffering (2/5) 0  0  0  0  None None None 648.57 Buffering (0/1) STOP  IDLE         30.00    None  None  
2021-10-21 14:00:04,744:WARNING: Stopped
2021-10-21 14:00:04,762:ERROR: unknown header: LC:2.00
2021-10-21 14:00:04,792:INFO: State.STOP
2021-10-21 14:00:04,794:INFO: BT1             BT2             TT1             TT2             AT              X               Y               Z               BP1             BP2             TP1             TP2             HP              AP              PD   PC     HL EL BF SF   PF   BV     rpm             State MissionState Setpoint Error Depth 
2021-10-21 14:00:04,795:INFO: Buffering (3/5) Buffering (3/5) Buffering (3/5) Buffering (3/5) Buffering (3/5) Buffering (2/5) Buffering (2/5) Buffering (2/5) Buffering (3/5) Buffering (3/5) Buffering (3/5) Buffering (3/5) Buffering (3/5) Buffering (3/5) 0.58 100.00 0  0  2  None None 648.55 Buffering (0/1) STOP  IDLE         30.00    None  None  
2021-10-21 14:00:04,797:WARNING: Stopped
2021-10-21 14:00:04,810:ERROR: unknown header: LC:3.00
2021-10-21 14:00:04,833:INFO: State.STOP
2021-10-21 14:00:04,835:INFO: BT1             BT2             TT1             TT2             AT              X               Y               Z               BP1             BP2             TP1             TP2             HP              AP              PD   PC     HL EL BF SF   PF   BV     rpm             State MissionState Setpoint Error Depth 
2021-10-21 14:00:04,836:INFO: Buffering (4/5) Buffering (4/5) Buffering (4/5) Buffering (4/5) Buffering (4/5) Buffering (3/5) Buffering (3/5) Buffering (3/5) Buffering (4/5) Buffering (4/5) Buffering (4/5) Buffering (4/5) Buffering (4/5) Buffering (4/5) 0.58 100.00 0  0  2  None None 648.48 Buffering (0/1) STOP  IDLE         30.00    None  None  
2021-10-21 14:00:04,837:WARNING: Stopped
2021-10-21 14:00:04,849:ERROR: unknown header: LC:4.00
2021-10-21 14:00:04,872:INFO: State.STOP
2021-10-21 14:00:04,874:INFO: BT1   BT2   TT1   TT2   AT    X               Y               Z               BP1   BP2   TP1   TP2   HP      AP      PD   PC     HL EL BF SF   PF   BV     rpm             State MissionState Setpoint Error Depth 
2021-10-21 14:00:04,875:INFO: 24.50 24.00 24.70 24.74 23.31 Buffering (4/5) Buffering (4/5) Buffering (4/5) 10.15 10.44 10.10 10.24 1547.86 6138.70 0.58 100.00 0  0  2  None None 648.71 Buffering (0/1) STOP  IDLE         30.00    None  None  
2021-10-21 14:00:04,876:WARNING: Stopped
2021-10-21 14:00:04,884:ERROR: unknown header: LC:5.00
2021-10-21 14:00:04,909:INFO: State.STOP
2021-10-21 14:00:04,910:INFO: BT1   BT2   TT1   TT2   AT    X               Y               Z               BP1   BP2   TP1   TP2   HP      AP      PD   PC     HL EL BF SF   PF   BV     rpm             State MissionState Setpoint Error Depth 
2021-10-21 14:00:04,912:INFO: 24.58 24.01 24.87 24.92 23.41 Buffering (4/5) Buffering (4/5) Buffering (4/5) 10.15 10.44 10.10 10.23 1547.94 6136.56 0.58 100.00 0  0  2  None None 648.71 Buffering (0/1) STOP  IDLE         30.00    None  None  
2021-10-21 14:00:04,912:WARNING: Stopped
2021-10-21 14:00:04,925:ERROR: unknown header: LC:6.00
2021-10-21 14:00:04,950:INFO: State.STOP
2021-10-21 14:00:04,952:INFO: BT1   BT2   TT1   TT2   AT    X    Y    Z    BP1   BP2   TP1   TP2   HP      AP      PD   PC     HL EL BF SF   PF   BV     rpm             State MissionState Setpoint Error Depth 
2021-10-21 14:00:04,953:INFO: 24.58 24.01 24.87 24.92 23.41 0.00 0.00 0.00 10.15 10.44 10.10 10.23 1547.98 6136.48 0.58 100.00 0  0  2  None None 648.66 Buffering (0/1) STOP  IDLE         30.00    None  None  
2021-10-21 14:00:04,954:WARNING: Stopped
2021-10-21 14:00:04,963:ERROR: unknown header: LC:7.00
2021-10-21 14:00:04,989:INFO: State.STOP
2021-10-21 14:00:04,990:INFO: BT1   BT2   TT1   TT2   AT    X    Y    Z    BP1   BP2   TP1   TP2   HP      AP      PD   PC     HL EL BF SF   PF   BV     rpm             State MissionState Setpoint Error Depth 
2021-10-21 14:00:04,992:INFO: 24.58 24.01 24.86 24.92 23.41 0.00 0.00 0.00 10.15 10.44 10.10 10.24 1548.04 6136.40 0.58 100.00 0  0  2  None None 648.64 Buffering (0/1) STOP  IDLE         30.00    None  None  
2021-10-21 14:00:04,993:WARNING: Stopped
2021-10-21 14:00:05,007:ERROR: unknown header: LC:8.00
2021-10-21 14:00:05,032:INFO: State.STOP
2021-10-21 14:00:05,033:INFO: BT1   BT2   TT1   TT2   AT    X    Y    Z    BP1   BP2   TP1   TP2   HP      AP      PD   PC     HL EL BF SF   PF   BV     rpm             State MissionState Setpoint Error Depth 
2021-10-21 14:00:05,035:INFO: 24.58 24.01 24.86 24.91 23.41 0.00 0.00 0.00 10.15 10.44 10.10 10.24 1548.16 6136.10 0.58 100.00 0  0  2  None None 648.83 Buffering (0/1) STOP  IDLE         30.00    None  None  
2021-10-21 14:00:05,036:WARNING: Stopped
2021-10-21 14:00:05,043:ERROR: unknown header: LC:9.00
2021-10-21 14:00:05,072:INFO: State.STOP
2021-10-21 14:00:05,074:INFO: BT1   BT2   TT1   TT2   AT    X    Y    Z    BP1   BP2   TP1   TP2   HP      AP      PD   PC     HL EL BF SF   PF   BV     rpm             State MissionState Setpoint Error Depth 
2021-10-21 14:00:05,075:INFO: 24.58 24.01 24.86 24.91 23.41 0.00 0.00 0.00 10.16 10.44 10.10 10.24 1548.10 6136.10 0.58 100.00 0  0  2  None None 648.71 Buffering (0/1) STOP  IDLE         30.00    None  None  
2021-10-21 14:00:05,076:WARNING: Stopped
2021-10-21 14:00:05,090:ERROR: unknown header: LC:10.00
2021-10-21 14:00:05,117:INFO: State.STOP
2021-10-21 14:00:05,119:INFO: BT1   BT2   TT1   TT2   AT    X    Y    Z    BP1   BP2   TP1   TP2   HP      AP      PD   PC     HL EL BF SF   PF   BV     rpm             State MissionState Setpoint Error Depth 
2021-10-21 14:00:05,121:INFO: 24.58 24.01 24.85 24.91 23.41 0.00 0.00 0.00 10.16 10.44 10.10 10.24 1548.14 6136.10 0.58 100.00 0  0  2  None None 648.71 Buffering (0/1) STOP  IDLE         30.00    None  None  
2021-10-21 14:00:05,123:WARNING: Stopped
2021-10-21 14:00:05,136:ERROR: unknown header: LC:11.00
2021-10-21 14:00:05,163:INFO: State.STOP
2021-10-21 14:00:05,165:INFO: BT1   BT2   TT1   TT2   AT    X    Y    Z    BP1   BP2   TP1   TP2   HP      AP      PD   PC     HL EL BF SF   PF   BV     rpm             State MissionState Setpoint Error Depth 
2021-10-21 14:00:05,166:INFO: 24.58 24.01 24.85 24.91 23.41 0.00 0.00 0.00 10.16 10.44 10.10 10.24 1548.20 6136.08 0.58 100.00 0  0  2  None None 648.69 Buffering (0/1) STOP  IDLE         30.00    None  None  
2021-10-21 14:00:05,168:WARNING: Stopped
2021-10-21 14:00:05,176:ERROR: unknown header: LC:12.00
2021-10-21 14:00:05,201:INFO: State.STOP
2021-10-21 14:00:05,203:INFO: BT1   BT2   TT1   TT2   AT    X    Y    Z    BP1   BP2   TP1   TP2   HP      AP      PD   PC     HL EL BF SF   PF   BV     rpm             State MissionState Setpoint Error Depth 
2021-10-21 14:00:05,204:INFO: 24.58 24.01 24.85 24.90 23.41 0.00 0.00 0.00 10.16 10.44 10.10 10.24 1548.20 6135.96 0.58 100.00 0  0  2  None None 648.78 Buffering (0/1) STOP  IDLE         30.00    None  None  
2021-10-21 14:00:05,205:WARNING: Stopped
2021-10-21 14:00:05,217:ERROR: unknown header: LC:13.00
2021-10-21 14:00:05,243:INFO: State.STOP
2021-10-21 14:00:05,244:INFO: BT1   BT2   TT1   TT2   AT    X    Y     Z    BP1   BP2   TP1   TP2   HP      AP      PD   PC     HL EL BF SF   PF   BV     rpm             State MissionState Setpoint Error Depth 
2021-10-21 14:00:05,246:INFO: 24.58 24.01 24.86 24.90 23.41 0.00 -0.01 0.00 10.16 10.44 10.10 10.24 1548.16 6136.00 0.58 100.00 0  0  2  None None 648.78 Buffering (0/1) STOP  IDLE         30.00    None  None  
2021-10-21 14:00:05,247:WARNING: Stopped
2021-10-21 14:00:05,255:ERROR: unknown header: LC:14.00
2021-10-21 14:00:05,280:INFO: State.STOP
2021-10-21 14:00:05,282:INFO: BT1   BT2   TT1   TT2   AT    X    Y     Z    BP1   BP2   TP1   TP2   HP      AP      PD   PC     HL EL BF SF   PF   BV     rpm             State MissionState Setpoint Error Depth 
2021-10-21 14:00:05,283:INFO: 24.58 24.01 24.86 24.90 23.41 0.00 -0.01 0.00 10.15 10.44 10.10 10.24 1548.58 6135.92 0.58 100.00 0  0  2  None None 648.80 Buffering (0/1) STOP  IDLE         30.00    None  None  
2021-10-21 14:00:05,284:WARNING: Stopped
2021-10-21 14:00:05,296:ERROR: unknown header: LC:15.00
2021-10-21 14:00:05,319:INFO: State.STOP
2021-10-21 14:00:05,320:INFO: BT1   BT2   TT1   TT2   AT    X     Y    Z    BP1   BP2   TP1   TP2   HP      AP      PD   PC     HL EL BF SF   PF   BV     rpm             State MissionState Setpoint Error Depth 
2021-10-21 14:00:05,322:INFO: 24.58 24.01 24.86 24.90 23.41 -0.01 0.00 0.00 10.16 10.44 10.10 10.24 1548.74 6135.90 0.58 100.00 0  0  2  None None 648.73 Buffering (0/1) STOP  IDLE         30.00    None  None  
2021-10-21 14:00:05,323:WARNING: Stopped
2021-10-21 14:00:05,331:ERROR: unknown header: LC:16.00
2021-10-21 14:00:05,356:INFO: State.STOP
2021-10-21 14:00:05,358:INFO: BT1   BT2   TT1   TT2   AT    X     Y    Z    BP1   BP2   TP1   TP2   HP      AP      PD   PC     HL EL BF SF   PF   BV     rpm             State MissionState Setpoint Error Depth 
2021-10-21 14:00:05,359:INFO: 24.58 24.01 24.86 24.89 23.41 -0.01 0.00 0.00 10.15 10.44 10.10 10.24 1548.94 6135.82 0.58 100.00 0  0  2  None None 648.82 Buffering (0/1) STOP  IDLE         30.00    None  None  
2021-10-21 14:00:05,360:WARNING: Stopped
2021-10-21 14:00:05,372:ERROR: unknown header: LC:17.00
2021-10-21 14:00:05,398:INFO: State.STOP
2021-10-21 14:00:05,399:INFO: BT1   BT2   TT1   TT2   AT    X     Y    Z    BP1   BP2   TP1   TP2   HP      AP      PD   PC     HL EL BF SF   PF   BV     rpm             State MissionState Setpoint Error Depth 
2021-10-21 14:00:05,401:INFO: 24.58 24.01 24.86 24.89 23.41 -0.02 0.00 0.00 10.15 10.44 10.10 10.24 1549.14 6135.94 0.58 100.00 0  0  2  None None 648.64 Buffering (0/1) STOP  IDLE         30.00    None  None  
2021-10-21 14:00:05,402:WARNING: Stopped
2021-10-21 14:00:05,410:ERROR: unknown header: LC:18.00
2021-10-21 14:00:05,433:INFO: State.STOP
2021-10-21 14:00:05,435:INFO: BT1   BT2   TT1   TT2   AT    X     Y    Z    BP1   BP2   TP1   TP2   HP      AP      PD   PC     HL EL BF SF   PF   BV     rpm             State MissionState Setpoint Error Depth 
2021-10-21 14:00:05,436:INFO: 24.58 24.01 24.85 24.89 23.41 -0.02 0.00 0.00 10.15 10.43 10.10 10.24 1549.32 6135.98 0.58 100.00 0  0  2  None None 648.73 Buffering (0/1) STOP  IDLE         30.00    None  None  
2021-10-21 14:00:05,437:WARNING: Stopped
2021-10-21 14:00:05,452:ERROR: unknown header: LC:19.00
2021-10-21 14:00:05,476:INFO: State.STOP
2021-10-21 14:00:05,478:INFO: BT1   BT2   TT1   TT2   AT    X     Y    Z    BP1   BP2   TP1   TP2   HP      AP      PD   PC     HL EL BF SF   PF   BV     rpm             State MissionState Setpoint Error Depth 
2021-10-21 14:00:05,480:INFO: 24.58 24.01 24.85 24.88 23.41 -0.02 0.00 0.00 10.15 10.43 10.10 10.24 1549.18 6135.80 0.58 100.00 0  0  2  None None 649.01 Buffering (0/1) STOP  IDLE         30.00    None  None  
2021-10-21 14:00:05,481:WARNING: Stopped
2021-10-21 14:00:05,500:INFO: State.STOP
2021-10-21 14:00:05,502:INFO: BT1   BT2   TT1   TT2   AT    X     Y    Z    BP1   BP2   TP1   TP2   HP      AP      PD   PC     HL EL BF SF   PF   BV     rpm             State MissionState Setpoint Error Depth 
2021-10-21 14:00:05,503:INFO: 24.58 24.01 24.84 24.88 23.41 -0.02 0.00 0.00 10.15 10.43 10.10 10.24 1549.22 6135.56 0.58 100.00 0  0  2  None None 649.01 Buffering (0/1) STOP  IDLE         30.00    None  None  
2021-10-21 14:00:05,504:WARNING: Stopped
2021-10-21 14:00:05,512:ERROR: unknown header: LC:33.00
2021-10-21 14:00:05,980:INFO: State.STOP
2021-10-21 14:00:05,982:INFO: BT1   BT2   TT1   TT2   AT    X     Y    Z    BP1   BP2   TP1   TP2   HP      AP      PD   PC     HL EL BF SF   PF   BV     rpm             State MissionState Setpoint Error Depth 
2021-10-21 14:00:05,984:INFO: 24.58 24.01 24.84 24.88 23.41 -0.02 0.00 0.00 10.15 10.44 10.10 10.24 1549.42 6135.44 0.58 100.00 0  0  2  None None 648.96 Buffering (0/1) STOP  IDLE         30.00    None  None  
2021-10-21 14:00:05,985:WARNING: Stopped
2021-10-21 14:00:06,028:ERROR: unknown header: LC:34.00
2021-10-21 14:00:06,526:INFO: State.STOP
2021-10-21 14:00:06,528:INFO: BT1   BT2   TT1   TT2   AT    X     Y     Z    BP1   BP2   TP1   TP2   HP      AP      PD   PC     HL EL BF SF   PF   BV     rpm             State MissionState Setpoint Error Depth 
2021-10-21 14:00:06,529:INFO: 24.59 24.01 24.85 24.88 23.41 -0.03 -0.01 0.00 10.15 10.44 10.10 10.24 1549.56 6135.02 0.58 100.00 0  0  2  None None 649.13 Buffering (0/1) STOP  IDLE         30.00    None  None  
2021-10-21 14:00:06,530:WARNING: Stopped
2021-10-21 14:00:06,573:ERROR: unknown header: LC:35.00
2021-10-21 14:00:07,071:INFO: State.STOP
2021-10-21 14:00:07,073:INFO: BT1   BT2   TT1   TT2   AT    X     Y     Z    BP1   BP2   TP1   TP2   HP      AP      PD   PC     HL EL BF SF   PF   BV     rpm             State MissionState Setpoint Error Depth 
2021-10-21 14:00:07,074:INFO: 24.59 24.01 24.86 24.87 23.41 -0.03 -0.01 0.00 10.15 10.44 10.10 10.24 1550.02 6134.76 0.58 100.00 0  0  2  None None 649.04 Buffering (0/1) STOP  IDLE         30.00    None  None  
2021-10-21 14:00:07,076:WARNING: Stopped
2021-10-21 14:00:07,120:ERROR: unknown header: LC:36.00
2021-10-21 14:00:07,619:INFO: State.STOP
2021-10-21 14:00:07,621:INFO: BT1   BT2   TT1   TT2   AT    X     Y     Z    BP1   BP2   TP1   TP2   HP      AP      PD   PC     HL EL BF SF   PF   BV     rpm             State MissionState Setpoint Error Depth 
2021-10-21 14:00:07,623:INFO: 24.58 24.00 24.87 24.87 23.41 -0.03 -0.01 0.00 10.16 10.44 10.10 10.24 1550.34 6134.64 0.58 100.00 0  0  2  None None 649.19 Buffering (0/1) STOP  IDLE         30.00    None  None  
2021-10-21 14:00:07,624:WARNING: Stopped
2021-10-21 14:00:07,665:ERROR: unknown header: LC:37.00
2021-10-21 14:00:08,164:INFO: State.STOP
2021-10-21 14:00:08,166:INFO: BT1   BT2   TT1   TT2   AT    X     Y     Z    BP1   BP2   TP1   TP2   HP      AP      PD   PC     HL EL BF SF   PF   BV     rpm             State MissionState Setpoint Error Depth 
2021-10-21 14:00:08,167:INFO: 24.59 24.00 24.88 24.87 23.41 -0.03 -0.03 0.00 10.15 10.44 10.10 10.24 1550.50 6134.52 0.58 100.00 0  0  2  None None 649.15 Buffering (0/1) STOP  IDLE         30.00    None  None  
2021-10-21 14:00:08,168:WARNING: Stopped
2021-10-21 14:00:08,211:ERROR: unknown header: LC:38.00
2021-10-21 14:00:08,710:INFO: State.STOP
2021-10-21 14:00:08,712:INFO: BT1   BT2   TT1   TT2   AT    X     Y     Z    BP1   BP2   TP1   TP2   HP      AP      PD   PC     HL EL BF SF   PF   BV     rpm             State MissionState Setpoint Error Depth 
2021-10-21 14:00:08,713:INFO: 24.59 24.00 24.88 24.86 23.41 -0.03 -0.03 0.00 10.16 10.44 10.10 10.24 1550.46 6134.42 0.58 100.00 0  0  2  None None 649.07 Buffering (0/1) STOP  IDLE         30.00    None  None  
2021-10-21 14:00:08,714:WARNING: Stopped
2021-10-21 14:00:08,758:ERROR: unknown header: LC:39.00
2021-10-21 14:00:09,257:INFO: State.STOP
2021-10-21 14:00:09,259:INFO: BT1   BT2   TT1   TT2   AT    X    Y     Z     BP1   BP2   TP1   TP2   HP      AP      PD   PC     HL EL BF SF   PF   BV     rpm             State MissionState Setpoint Error Depth 
2021-10-21 14:00:09,260:INFO: 24.59 24.00 24.88 24.86 23.42 0.02 -0.05 -0.01 10.16 10.44 10.10 10.24 1550.44 6134.36 0.58 100.00 0  0  2  None None 649.24 Buffering (0/1) STOP  IDLE         30.00    None  None  
2021-10-21 14:00:09,261:WARNING: Stopped
2021-10-21 14:00:09,304:ERROR: unknown header: LC:40.00
2021-10-21 14:00:09,803:INFO: State.STOP
2021-10-21 14:00:09,804:INFO: BT1   BT2   TT1   TT2   AT    X    Y     Z     BP1   BP2   TP1   TP2   HP      AP      PD   PC     HL EL BF SF   PF   BV     rpm             State MissionState Setpoint Error Depth 
2021-10-21 14:00:09,806:INFO: 24.59 24.00 24.88 24.86 23.42 0.02 -0.05 -0.01 10.15 10.44 10.10 10.24 1550.30 6134.28 0.58 100.00 0  0  2  None None 649.13 Buffering (0/1) STOP  IDLE         30.00    None  None  
2021-10-21 14:00:09,807:WARNING: Stopped
2021-10-21 14:00:09,852:ERROR: unknown header: LC:41.00
2021-10-21 14:00:10,351:INFO: State.STOP
2021-10-21 14:00:10,353:INFO: BT1   BT2   TT1   TT2   AT    X    Y     Z     BP1   BP2   TP1   TP2   HP      AP      PD   PC     HL EL BF SF   PF   BV     rpm             State MissionState Setpoint Error Depth 
2021-10-21 14:00:10,354:INFO: 24.59 24.00 24.88 24.85 23.41 0.03 -0.07 -0.02 10.16 10.44 10.10 10.24 1550.38 6134.28 0.58 100.00 0  0  2  None None 649.15 Buffering (0/1) STOP  IDLE         30.00    None  None  
2021-10-21 14:00:10,355:WARNING: Stopped
2021-10-21 14:00:10,398:ERROR: unknown header: LC:42.00
2021-10-21 14:00:10,897:INFO: State.STOP
2021-10-21 14:00:10,899:INFO: BT1   BT2   TT1   TT2   AT    X    Y     Z     BP1   BP2   TP1   TP2   HP      AP      PD   PC     HL EL BF SF   PF   BV     rpm             State MissionState Setpoint Error Depth 
2021-10-21 14:00:10,900:INFO: 24.59 24.00 24.88 24.85 23.42 0.03 -0.07 -0.02 10.16 10.44 10.10 10.24 1550.48 6134.44 0.58 100.00 0  0  2  None None 649.00 Buffering (0/1) STOP  IDLE         30.00    None  None  
2021-10-21 14:00:10,902:WARNING: Stopped
2021-10-21 14:00:10,943:ERROR: unknown header: LC:43.00
2021-10-21 14:00:11,442:INFO: State.STOP
2021-10-21 14:00:11,444:INFO: BT1   BT2   TT1   TT2   AT    X    Y     Z     BP1   BP2   TP1   TP2   HP      AP      PD   PC     HL EL BF SF   PF   BV     rpm             State MissionState Setpoint Error Depth 
2021-10-21 14:00:11,445:INFO: 24.59 24.01 24.88 24.85 23.42 0.05 -0.06 -0.02 10.16 10.44 10.11 10.24 1550.70 6134.34 0.58 100.00 0  0  2  None None 649.19 Buffering (0/1) STOP  IDLE         30.00    None  None  
2021-10-21 14:00:11,446:WARNING: Stopped
2021-10-21 14:00:11,487:ERROR: unknown header: LC:44.00
2021-10-21 14:00:11,986:INFO: State.STOP
2021-10-21 14:00:11,987:INFO: BT1   BT2   TT1   TT2   AT    X    Y     Z     BP1   BP2   TP1   TP2   HP      AP      PD   PC     HL EL BF SF   PF   BV     rpm             State MissionState Setpoint Error Depth 
2021-10-21 14:00:11,989:INFO: 24.59 24.01 24.88 24.84 23.41 0.05 -0.06 -0.02 10.16 10.44 10.10 10.24 1550.80 6134.36 0.58 100.00 0  0  2  None None 649.18 Buffering (0/1) STOP  IDLE         30.00    None  None  
2021-10-21 14:00:11,990:WARNING: Stopped
2021-10-21 14:00:12,033:ERROR: unknown header: LC:45.00
2021-10-21 14:00:12,531:INFO: State.STOP
2021-10-21 14:00:12,533:INFO: BT1   BT2   TT1   TT2   AT    X    Y     Z     BP1   BP2   TP1   TP2   HP      AP      PD   PC     HL EL BF SF   PF   BV     rpm             State MissionState Setpoint Error Depth 
2021-10-21 14:00:12,534:INFO: 24.59 24.01 24.88 24.83 23.42 0.05 -0.05 -0.02 10.16 10.44 10.11 10.24 1551.04 6134.34 0.58 100.00 0  0  2  None None 649.19 Buffering (0/1) STOP  IDLE         30.00    None  None  
2021-10-21 14:00:12,535:WARNING: Stopped
2021-10-21 14:00:12,577:ERROR: unknown header: LC:46.00
2021-10-21 14:00:13,076:INFO: State.STOP
2021-10-21 14:00:13,078:INFO: BT1   BT2   TT1   TT2   AT    X    Y     Z     BP1   BP2   TP1   TP2   HP      AP      PD   PC     HL EL BF SF   PF   BV     rpm             State MissionState Setpoint Error Depth 
2021-10-21 14:00:13,079:INFO: 24.59 24.01 24.87 24.83 23.42 0.05 -0.04 -0.02 10.16 10.44 10.11 10.24 1550.88 6134.38 0.58 100.00 0  0  2  None None 649.14 Buffering (0/1) STOP  IDLE         30.00    None  None  
2021-10-21 14:00:13,080:WARNING: Stopped
2021-10-21 14:00:13,121:ERROR: unknown header: LC:47.00
2021-10-21 14:00:13,620:INFO: State.STOP
2021-10-21 14:00:13,622:INFO: BT1   BT2   TT1   TT2   AT    X    Y     Z     BP1   BP2   TP1   TP2   HP      AP      PD   PC     HL EL BF SF   PF   BV     rpm             State MissionState Setpoint Error Depth 
2021-10-21 14:00:13,623:INFO: 24.58 24.01 24.87 24.82 23.42 0.05 -0.04 -0.02 10.15 10.44 10.11 10.24 1550.92 6134.20 0.58 100.00 0  0  2  None None 649.21 Buffering (0/1) STOP  IDLE         30.00    None  None  
2021-10-21 14:00:13,624:WARNING: Stopped
2021-10-21 14:00:13,667:ERROR: unknown header: LC:48.00
2021-10-21 14:00:14,165:INFO: State.STOP
2021-10-21 14:00:14,167:INFO: BT1   BT2   TT1   TT2   AT    X    Y     Z     BP1   BP2   TP1   TP2   HP      AP      PD   PC     HL EL BF SF   PF   BV     rpm             State MissionState Setpoint Error Depth 
2021-10-21 14:00:14,168:INFO: 24.58 24.01 24.87 24.82 23.42 0.02 -0.02 -0.01 10.15 10.44 10.10 10.23 1550.88 6134.20 0.58 100.00 0  0  2  None None 649.15 Buffering (0/1) STOP  IDLE         30.00    None  None  
2021-10-21 14:00:14,169:WARNING: Stopped
2021-10-21 14:00:14,211:ERROR: unknown header: LC:49.00
2021-10-21 14:00:14,710:INFO: State.STOP
2021-10-21 14:00:14,711:INFO: BT1   BT2   TT1   TT2   AT    X    Y     Z     BP1   BP2   TP1   TP2   HP      AP      PD   PC     HL EL BF SF   PF   BV     rpm             State MissionState Setpoint Error Depth 
2021-10-21 14:00:14,712:INFO: 24.58 24.01 24.87 24.81 23.42 0.02 -0.02 -0.01 10.15 10.44 10.10 10.24 1550.96 6134.10 0.58 100.00 0  0  2  None None 649.33 Buffering (0/1) STOP  IDLE         30.00    None  None  
2021-10-21 14:00:14,714:WARNING: Stopped
2021-10-21 14:00:14,756:ERROR: unknown header: LC:50.00
2021-10-21 14:00:15,255:INFO: State.STOP
2021-10-21 14:00:15,256:INFO: BT1   BT2   TT1   TT2   AT    X    Y     Z    BP1   BP2   TP1   TP2   HP      AP      PD   PC     HL EL BF SF   PF   BV     rpm             State MissionState Setpoint Error Depth 
2021-10-21 14:00:15,257:INFO: 24.58 24.01 24.87 24.81 23.42 0.01 -0.01 0.00 10.15 10.44 10.10 10.24 1550.82 6134.06 0.58 100.00 0  0  2  None None 649.24 Buffering (0/1) STOP  IDLE         30.00    None  None  
2021-10-21 14:00:15,258:WARNING: Stopped
2021-10-21 14:00:15,301:ERROR: unknown header: LC:51.00
2021-10-21 14:00:15,800:INFO: State.STOP
2021-10-21 14:00:15,802:INFO: BT1   BT2   TT1   TT2   AT    X    Y     Z    BP1   BP2   TP1   TP2   HP      AP      PD   PC     HL EL BF SF   PF   BV     rpm             State MissionState Setpoint Error Depth 
2021-10-21 14:00:15,803:INFO: 24.58 24.00 24.87 24.80 23.42 0.01 -0.01 0.00 10.15 10.44 10.11 10.24 1550.92 6134.00 0.58 100.00 0  0  2  None None 649.18 Buffering (0/1) STOP  IDLE         30.00    None  None  
2021-10-21 14:00:15,804:WARNING: Stopped
2021-10-21 14:00:15,846:ERROR: unknown header: LC:52.00
2021-10-21 14:00:16,345:INFO: State.STOP
2021-10-21 14:00:16,346:INFO: BT1   BT2   TT1   TT2   AT    X    Y    Z    BP1   BP2   TP1   TP2   HP      AP      PD   PC     HL EL BF SF   PF   BV     rpm             State MissionState Setpoint Error Depth 
2021-10-21 14:00:16,347:INFO: 24.58 24.00 24.86 24.79 23.42 0.00 0.00 0.00 10.15 10.44 10.11 10.24 1551.12 6133.92 0.58 100.00 0  0  2  None None 649.31 Buffering (0/1) STOP  IDLE         30.00    None  None  
2021-10-21 14:00:16,348:WARNING: Stopped
2021-10-21 14:00:16,392:ERROR: unknown header: LC:53.00
2021-10-21 14:00:16,893:INFO: State.STOP
2021-10-21 14:00:16,894:INFO: BT1   BT2   TT1   TT2   AT    X    Y    Z    BP1   BP2   TP1   TP2   HP      AP      PD   PC     HL EL BF SF   PF   BV     rpm             State MissionState Setpoint Error Depth 
2021-10-21 14:00:16,895:INFO: 24.58 24.00 24.85 24.79 23.42 0.00 0.00 0.00 10.16 10.44 10.11 10.24 1551.20 6133.84 0.58 100.00 0  0  2  None None 649.25 Buffering (0/1) STOP  IDLE         30.00    None  None  
2021-10-21 14:00:16,896:WARNING: Stopped
2021-10-21 14:00:16,938:ERROR: unknown header: LC:54.00
2021-10-21 14:00:17,438:INFO: State.STOP
2021-10-21 14:00:17,439:INFO: BT1   BT2   TT1   TT2   AT    X    Y    Z    BP1   BP2   TP1   TP2   HP      AP      PD   PC     HL EL BF SF   PF   BV     rpm             State MissionState Setpoint Error Depth 
2021-10-21 14:00:17,441:INFO: 24.58 24.00 24.85 24.78 23.42 0.00 0.00 0.00 10.16 10.44 10.11 10.24 1551.16 6133.84 0.58 100.00 0  0  2  None None 649.33 Buffering (0/1) STOP  IDLE         30.00    None  None  
2021-10-21 14:00:17,442:WARNING: Stopped
2021-10-21 14:00:17,487:ERROR: unknown header: LC:55.00
2021-10-21 14:00:17,986:INFO: State.STOP
2021-10-21 14:00:17,988:INFO: BT1   BT2   TT1   TT2   AT    X    Y    Z    BP1   BP2   TP1   TP2   HP      AP      PD   PC     HL EL BF SF   PF   BV     rpm             State MissionState Setpoint Error Depth 
2021-10-21 14:00:17,989:INFO: 24.58 24.00 24.84 24.78 23.42 0.00 0.00 0.00 10.16 10.44 10.11 10.24 1550.96 6133.78 0.58 100.00 0  0  2  None None 649.31 Buffering (0/1) STOP  IDLE         30.00    None  None  
2021-10-21 14:00:17,990:WARNING: Stopped
2021-10-21 14:00:18,032:ERROR: unknown header: LC:56.00
2021-10-21 14:00:18,531:INFO: State.STOP
2021-10-21 14:00:18,533:INFO: BT1   BT2   TT1   TT2   AT    X    Y    Z    BP1   BP2   TP1   TP2   HP      AP      PD   PC     HL EL BF SF   PF   BV     rpm             State MissionState Setpoint Error Depth 
2021-10-21 14:00:18,534:INFO: 24.57 24.00 24.83 24.77 23.42 0.00 0.00 0.00 10.16 10.44 10.10 10.24 1551.00 6133.78 0.58 100.00 0  0  2  None None 649.18 Buffering (0/1) STOP  IDLE         30.00    None  None  
2021-10-21 14:00:18,535:WARNING: Stopped
2021-10-21 14:00:18,577:ERROR: unknown header: LC:57.00
2021-10-21 14:00:19,078:INFO: State.STOP
2021-10-21 14:00:19,079:INFO: BT1   BT2   TT1   TT2   AT    X    Y    Z    BP1   BP2   TP1   TP2   HP      AP      PD   PC     HL EL BF SF   PF   BV     rpm             State MissionState Setpoint Error Depth 
2021-10-21 14:00:19,081:INFO: 24.57 23.99 24.82 24.76 23.42 0.00 0.00 0.00 10.16 10.44 10.10 10.24 1550.92 6133.90 0.58 100.00 0  0  2  None None 649.17 Buffering (0/1) STOP  IDLE         30.00    None  None  
2021-10-21 14:00:19,082:WARNING: Stopped
2021-10-21 14:00:19,123:ERROR: unknown header: LC:58.00
2021-10-21 14:00:19,622:INFO: State.STOP
2021-10-21 14:00:19,624:INFO: BT1   BT2   TT1   TT2   AT    X    Y    Z    BP1   BP2   TP1   TP2   HP      AP      PD   PC     HL EL BF SF   PF   BV     rpm             State MissionState Setpoint Error Depth 
2021-10-21 14:00:19,625:INFO: 24.57 23.99 24.81 24.75 23.42 0.00 0.00 0.00 10.16 10.44 10.10 10.24 1550.98 6133.68 0.58 100.00 0  0  2  None None 649.54 Buffering (0/1) STOP  IDLE         30.00    None  None  
2021-10-21 14:00:19,626:WARNING: Stopped
2021-10-21 14:00:19,667:ERROR: unknown header: LC:59.00
2021-10-21 14:00:20,166:INFO: State.STOP
2021-10-21 14:00:20,167:INFO: BT1   BT2   TT1   TT2   AT    X    Y    Z    BP1   BP2   TP1   TP2   HP      AP      PD   PC     HL EL BF SF   PF   BV     rpm             State MissionState Setpoint Error Depth 
2021-10-21 14:00:20,169:INFO: 24.57 23.99 24.80 24.74 23.42 0.00 0.00 0.00 10.16 10.44 10.10 10.24 1551.12 6133.94 0.58 100.00 0  0  2  None None 649.03 Buffering (0/1) STOP  IDLE         30.00    None  None  
2021-10-21 14:00:20,170:WARNING: Stopped
2021-10-21 14:00:20,212:ERROR: unknown header: LC:60.00
2021-10-21 14:00:20,712:INFO: State.STOP
2021-10-21 14:00:20,714:INFO: BT1   BT2   TT1   TT2   AT    X    Y    Z    BP1   BP2   TP1   TP2   HP      AP      PD   PC     HL EL BF SF   PF   BV     rpm             State MissionState Setpoint Error Depth 
2021-10-21 14:00:20,715:INFO: 24.57 23.99 24.79 24.74 23.42 0.00 0.00 0.00 10.16 10.44 10.10 10.24 1551.26 6133.98 0.58 100.00 0  0  2  None None 649.26 Buffering (0/1) STOP  IDLE         30.00    None  None  
2021-10-21 14:00:20,717:WARNING: Stopped
2021-10-21 14:00:20,757:ERROR: unknown header: LC:61.00
2021-10-21 14:00:21,254:INFO: State.STOP
2021-10-21 14:00:21,256:INFO: BT1   BT2   TT1   TT2   AT    X    Y    Z    BP1   BP2   TP1   TP2   HP      AP      PD   PC     HL EL BF SF   PF   BV     rpm             State MissionState Setpoint Error Depth 
2021-10-21 14:00:21,257:INFO: 24.56 23.98 24.79 24.73 23.42 0.00 0.00 0.00 10.16 10.44 10.11 10.24 1551.36 6133.84 0.58 100.00 0  0  2  None None 649.34 Buffering (0/1) STOP  IDLE         30.00    None  None  
2021-10-21 14:00:21,258:WARNING: Stopped
2021-10-21 14:00:21,301:ERROR: unknown header: LC:62.00
2021-10-21 14:00:21,800:INFO: State.STOP
2021-10-21 14:00:21,802:INFO: BT1   BT2   TT1   TT2   AT    X    Y    Z    BP1   BP2   TP1   TP2   HP      AP      PD   PC     HL EL BF SF   PF   BV     rpm             State MissionState Setpoint Error Depth 
2021-10-21 14:00:21,803:INFO: 24.56 23.98 24.78 24.73 23.42 0.00 0.00 0.00 10.15 10.44 10.11 10.24 1551.62 6133.74 0.58 100.00 0  0  2  None None 649.25 Buffering (0/1) STOP  IDLE         30.00    None  None  
2021-10-21 14:00:21,804:WARNING: Stopped
2021-10-21 14:00:21,842:ERROR: unknown header: LC:63.00
2021-10-21 14:00:22,343:INFO: State.STOP
2021-10-21 14:00:22,344:INFO: BT1   BT2   TT1   TT2   AT    X    Y    Z    BP1   BP2   TP1   TP2   HP      AP      PD   PC     HL EL BF SF   PF   BV     rpm             State MissionState Setpoint Error Depth 
2021-10-21 14:00:22,346:INFO: 24.56 23.98 24.78 24.73 23.42 0.00 0.00 0.00 10.15 10.44 10.11 10.24 1551.62 6133.98 0.58 100.00 0  0  2  None None 649.26 Buffering (0/1) STOP  IDLE         30.00    None  None  
2021-10-21 14:00:22,347:WARNING: Stopped
2021-10-21 14:00:22,390:ERROR: unknown header: LC:64.00
2021-10-21 14:00:22,889:INFO: State.STOP
2021-10-21 14:00:22,891:INFO: BT1   BT2   TT1   TT2   AT    X    Y    Z    BP1   BP2   TP1   TP2   HP      AP      PD   PC     HL EL BF SF   PF   BV     rpm             State MissionState Setpoint Error Depth 
2021-10-21 14:00:22,892:INFO: 24.56 23.97 24.78 24.72 23.42 0.00 0.00 0.00 10.15 10.44 10.11 10.24 1551.74 6133.82 0.58 100.00 0  0  2  None None 649.21 Buffering (0/1) STOP  IDLE         30.00    None  None  
2021-10-21 14:00:22,894:WARNING: Stopped
2021-10-21 14:00:22,935:ERROR: unknown header: LC:65.00
2021-10-21 14:00:23,435:INFO: State.STOP
2021-10-21 14:00:23,436:INFO: BT1   BT2   TT1   TT2   AT    X    Y    Z    BP1   BP2   TP1   TP2   HP      AP      PD   PC     HL EL BF SF   PF   BV     rpm             State MissionState Setpoint Error Depth 
2021-10-21 14:00:23,437:INFO: 24.55 23.97 24.78 24.72 23.42 0.00 0.00 0.00 10.15 10.44 10.11 10.24 1551.98 6133.66 0.58 100.00 0  0  2  None None 649.45 Buffering (0/1) STOP  IDLE         30.00    None  None  
2021-10-21 14:00:23,438:WARNING: Stopped
2021-10-21 14:00:23,480:ERROR: unknown header: LC:66.00
2021-10-21 14:00:23,979:INFO: State.STOP
2021-10-21 14:00:23,980:INFO: BT1   BT2   TT1   TT2   AT    X    Y    Z    BP1   BP2   TP1   TP2   HP      AP      PD   PC     HL EL BF SF   PF   BV     rpm             State MissionState Setpoint Error Depth 
2021-10-21 14:00:23,982:INFO: 24.55 23.96 24.77 24.72 23.42 0.00 0.00 0.00 10.16 10.44 10.11 10.24 1552.02 6133.70 0.58 100.00 0  0  2  None None 649.33 Buffering (0/1) STOP  IDLE         30.00    None  None  
2021-10-21 14:00:23,983:WARNING: Stopped
2021-10-21 14:00:24,023:ERROR: unknown header: LC:67.00
2021-10-21 14:00:24,523:INFO: State.STOP
2021-10-21 14:00:24,525:INFO: BT1   BT2   TT1   TT2   AT    X    Y    Z    BP1   BP2   TP1   TP2   HP      AP      PD   PC     HL EL BF SF   PF   BV     rpm             State MissionState Setpoint Error Depth 
2021-10-21 14:00:24,526:INFO: 24.55 23.96 24.77 24.71 23.42 0.00 0.00 0.00 10.15 10.44 10.11 10.24 1551.78 6133.64 0.58 100.00 0  0  2  None None 649.35 Buffering (0/1) STOP  IDLE         30.00    None  None  
2021-10-21 14:00:24,528:WARNING: Stopped
2021-10-21 14:00:24,568:ERROR: unknown header: LC:68.00
2021-10-21 14:00:25,068:INFO: State.STOP
2021-10-21 14:00:25,070:INFO: BT1   BT2   TT1   TT2   AT    X    Y    Z    BP1   BP2   TP1   TP2   HP      AP      PD   PC     HL EL BF SF   PF   BV     rpm             State MissionState Setpoint Error Depth 
2021-10-21 14:00:25,072:INFO: 24.55 23.96 24.77 24.71 23.42 0.00 0.00 0.00 10.16 10.44 10.11 10.24 1551.74 6133.42 0.58 100.00 0  0  2  None None 649.52 Buffering (0/1) STOP  IDLE         30.00    None  None  
2021-10-21 14:00:25,073:WARNING: Stopped
2021-10-21 14:00:25,112:ERROR: unknown header: LC:69.00
2021-10-21 14:00:25,613:INFO: State.STOP
2021-10-21 14:00:25,614:INFO: BT1   BT2   TT1   TT2   AT    X    Y    Z    BP1   BP2   TP1   TP2   HP      AP      PD   PC     HL EL BF SF   PF   BV     rpm             State MissionState Setpoint Error Depth 
2021-10-21 14:00:25,615:INFO: 24.55 23.96 24.76 24.70 23.42 0.00 0.00 0.00 10.16 10.44 10.11 10.24 1551.86 6133.20 0.58 100.00 0  0  2  None None 649.47 Buffering (0/1) STOP  IDLE         30.00    None  None  
2021-10-21 14:00:25,617:WARNING: Stopped
2021-10-21 14:00:25,657:ERROR: unknown header: LC:70.00
2021-10-21 14:00:26,157:INFO: State.STOP
2021-10-21 14:00:26,159:INFO: BT1   BT2   TT1   TT2   AT    X    Y    Z    BP1   BP2   TP1   TP2   HP      AP      PD   PC     HL EL BF SF   PF   BV     rpm             State MissionState Setpoint Error Depth 
2021-10-21 14:00:26,160:INFO: 24.54 23.95 24.76 24.70 23.42 0.00 0.00 0.00 10.16 10.44 10.11 10.24 1551.84 6133.10 0.58 100.00 0  0  2  None None 649.56 Buffering (0/1) STOP  IDLE         30.00    None  None  
2021-10-21 14:00:26,161:WARNING: Stopped
2021-10-21 14:00:26,204:ERROR: unknown header: LC:71.00
2021-10-21 14:00:26,704:INFO: State.STOP
2021-10-21 14:00:26,706:INFO: BT1   BT2   TT1   TT2   AT    X    Y    Z    BP1   BP2   TP1   TP2   HP      AP      PD   PC     HL EL BF SF   PF   BV     rpm             State MissionState Setpoint Error Depth 
2021-10-21 14:00:26,707:INFO: 24.54 23.95 24.76 24.70 23.42 0.00 0.00 0.00 10.16 10.44 10.11 10.24 1551.94 6132.98 0.58 100.00 0  0  2  None None 649.43 Buffering (0/1) STOP  IDLE         30.00    None  None  
2021-10-21 14:00:26,708:WARNING: Stopped
2021-10-21 14:00:26,748:ERROR: unknown header: LC:72.00
2021-10-21 14:00:27,253:INFO: State.STOP
2021-10-21 14:00:27,254:INFO: BT1   BT2   TT1   TT2   AT    X    Y    Z    BP1   BP2   TP1   TP2   HP      AP      PD   PC     HL EL BF SF   PF   BV     rpm             State MissionState Setpoint Error Depth 
2021-10-21 14:00:27,256:INFO: 24.54 23.95 24.76 24.69 23.42 0.00 0.00 0.00 10.16 10.44 10.11 10.24 1552.04 6132.96 0.58 100.00 0  0  2  None None 649.38 Buffering (0/1) STOP  IDLE         30.00    None  None  
2021-10-21 14:00:27,257:WARNING: Stopped
2021-10-21 14:00:27,293:ERROR: unknown header: LC:73.00
2021-10-21 14:00:27,792:INFO: State.STOP
2021-10-21 14:00:27,794:INFO: BT1   BT2   TT1   TT2   AT    X    Y    Z    BP1   BP2   TP1   TP2   HP      AP      PD   PC     HL EL BF SF   PF   BV     rpm             State MissionState Setpoint Error Depth 
2021-10-21 14:00:27,795:INFO: 24.54 23.95 24.76 24.69 23.42 0.00 0.00 0.00 10.16 10.44 10.11 10.24 1552.14 6133.04 0.58 100.00 0  0  2  None None 649.42 Buffering (0/1) STOP  IDLE         30.00    None  None  
2021-10-21 14:00:27,796:WARNING: Stopped
2021-10-21 14:00:27,838:ERROR: unknown header: LC:74.00
2021-10-21 14:00:28,336:INFO: State.STOP
2021-10-21 14:00:28,338:INFO: BT1   BT2   TT1   TT2   AT    X    Y    Z    BP1   BP2   TP1   TP2   HP      AP      PD   PC     HL EL BF SF   PF   BV     rpm             State MissionState Setpoint Error Depth 
2021-10-21 14:00:28,339:INFO: 24.54 23.95 24.76 24.68 23.42 0.00 0.00 0.00 10.15 10.44 10.11 10.24 1552.20 6133.10 0.58 100.00 0  0  2  None None 649.40 Buffering (0/1) STOP  IDLE         30.00    None  None  
2021-10-21 14:00:28,340:WARNING: Stopped
2021-10-21 14:00:28,384:ERROR: unknown header: LC:75.00
2021-10-21 14:00:28,884:INFO: State.STOP
2021-10-21 14:00:28,885:INFO: BT1   BT2   TT1   TT2   AT    X    Y    Z    BP1   BP2   TP1   TP2   HP      AP      PD   PC     HL EL BF SF   PF   BV     rpm             State MissionState Setpoint Error Depth 
2021-10-21 14:00:28,887:INFO: 24.54 23.95 24.76 24.68 23.42 0.00 0.00 0.00 10.15 10.44 10.11 10.24 1552.30 6133.26 0.58 100.00 0  0  2  None None 649.38 Buffering (0/1) STOP  IDLE         30.00    None  None  
2021-10-21 14:00:28,888:WARNING: Stopped
2021-10-21 14:00:28,928:ERROR: unknown header: LC:76.00
2021-10-21 14:00:29,429:INFO: State.STOP
2021-10-21 14:00:29,430:INFO: BT1   BT2   TT1   TT2   AT    X    Y    Z    BP1   BP2   TP1   TP2   HP      AP      PD   PC     HL EL BF SF   PF   BV     rpm             State MissionState Setpoint Error Depth 
2021-10-21 14:00:29,432:INFO: 24.54 23.95 24.76 24.68 23.42 0.00 0.00 0.00 10.15 10.44 10.11 10.24 1552.32 6133.20 0.58 100.00 0  0  2  None None 649.54 Buffering (0/1) STOP  IDLE         30.00    None  None  
2021-10-21 14:00:29,433:WARNING: Stopped
2021-10-21 14:00:29,474:ERROR: unknown header: LC:77.00
2021-10-21 14:00:29,975:INFO: State.STOP
2021-10-21 14:00:29,976:INFO: BT1   BT2   TT1   TT2   AT    X    Y    Z    BP1   BP2   TP1   TP2   HP      AP      PD   PC     HL EL BF SF   PF   BV     rpm             State MissionState Setpoint Error Depth 
2021-10-21 14:00:29,977:INFO: 24.54 23.94 24.75 24.67 23.42 0.00 0.00 0.00 10.15 10.44 10.11 10.24 1552.52 6133.04 0.58 100.00 0  0  2  None None 649.56 Buffering (0/1) STOP  IDLE         30.00    None  None  
2021-10-21 14:00:29,979:WARNING: Stopped
2021-10-21 14:00:30,019:ERROR: unknown header: LC:78.00
2021-10-21 14:00:30,520:INFO: State.STOP
2021-10-21 14:00:30,521:INFO: BT1   BT2   TT1   TT2   AT    X    Y    Z    BP1   BP2   TP1   TP2   HP      AP      PD   PC     HL EL BF SF   PF   BV     rpm             State MissionState Setpoint Error Depth 
2021-10-21 14:00:30,523:INFO: 24.53 23.94 24.75 24.67 23.42 0.00 0.00 0.00 10.15 10.44 10.11 10.24 1552.68 6132.98 0.58 100.00 0  0  2  None None 649.49 Buffering (0/1) STOP  IDLE         30.00    None  None  
2021-10-21 14:00:30,524:WARNING: Stopped
2021-10-21 14:00:30,562:ERROR: unknown header: LC:79.00
2021-10-21 14:00:31,061:INFO: State.STOP
2021-10-21 14:00:31,062:INFO: BT1   BT2   TT1   TT2   AT    X    Y    Z    BP1   BP2   TP1   TP2   HP      AP      PD   PC     HL EL BF SF   PF   BV     rpm             State MissionState Setpoint Error Depth 
2021-10-21 14:00:31,064:INFO: 24.53 23.93 24.75 24.66 23.42 0.00 0.00 0.00 10.15 10.44 10.11 10.24 1552.68 6133.02 0.58 100.00 0  0  2  None None 649.32 Buffering (0/1) STOP  IDLE         30.00    None  None  
2021-10-21 14:00:31,065:WARNING: Stopped
2021-10-21 14:00:31,109:ERROR: unknown header: LC:80.00
2021-10-21 14:00:31,608:INFO: State.STOP
2021-10-21 14:00:31,609:INFO: BT1   BT2   TT1   TT2   AT    X    Y    Z    BP1   BP2   TP1   TP2   HP      AP      PD   PC     HL EL BF SF   PF   BV     rpm             State MissionState Setpoint Error Depth 
2021-10-21 14:00:31,611:INFO: 24.53 23.93 24.75 24.66 23.42 0.00 0.00 0.00 10.16 10.44 10.11 10.24 1552.72 6132.90 0.58 100.00 0  0  2  None None 649.52 Buffering (0/1) STOP  IDLE         30.00    None  None  
2021-10-21 14:00:31,612:WARNING: Stopped
2021-10-21 14:00:31,655:ERROR: unknown header: LC:81.00
2021-10-21 14:00:32,154:INFO: State.STOP
2021-10-21 14:00:32,155:INFO: BT1   BT2   TT1   TT2   AT    X    Y    Z    BP1   BP2   TP1   TP2   HP      AP      PD   PC     HL EL BF SF   PF   BV     rpm             State MissionState Setpoint Error Depth 
2021-10-21 14:00:32,156:INFO: 24.53 23.92 24.75 24.66 23.42 0.00 0.00 0.00 10.15 10.44 10.11 10.24 1552.78 6133.02 0.58 100.00 0  0  2  None None 649.40 Buffering (0/1) STOP  IDLE         30.00    None  None  
2021-10-21 14:00:32,157:WARNING: Stopped
2021-10-21 14:00:32,200:ERROR: unknown header: LC:82.00
2021-10-21 14:00:32,699:INFO: State.STOP
2021-10-21 14:00:32,701:INFO: BT1   BT2   TT1   TT2   AT    X    Y    Z    BP1   BP2   TP1   TP2   HP      AP      PD   PC     HL EL BF SF   PF   BV     rpm             State MissionState Setpoint Error Depth 
2021-10-21 14:00:32,702:INFO: 24.53 23.92 24.74 24.66 23.42 0.00 0.00 0.00 10.15 10.44 10.11 10.24 1552.82 6133.04 0.58 100.00 0  0  2  None None 649.54 Buffering (0/1) STOP  IDLE         30.00    None  None  
2021-10-21 14:00:32,703:WARNING: Stopped
2021-10-21 14:00:32,746:ERROR: unknown header: LC:83.00
2021-10-21 14:00:33,246:INFO: State.STOP
2021-10-21 14:00:33,247:INFO: BT1   BT2   TT1   TT2   AT    X    Y    Z    BP1   BP2   TP1   TP2   HP      AP      PD   PC     HL EL BF SF   PF   BV     rpm             State MissionState Setpoint Error Depth 
2021-10-21 14:00:33,249:INFO: 24.53 23.91 24.74 24.65 23.42 0.00 0.00 0.00 10.15 10.44 10.11 10.24 1552.80 6132.98 0.58 100.00 0  0  2  None None 649.56 Buffering (0/1) STOP  IDLE         30.00    None  None  
2021-10-21 14:00:33,250:WARNING: Stopped
2021-10-21 14:00:33,291:ERROR: unknown header: LC:84.00
2021-10-21 14:00:33,792:INFO: State.STOP
2021-10-21 14:00:33,793:INFO: BT1   BT2   TT1   TT2   AT    X    Y    Z    BP1   BP2   TP1   TP2   HP      AP      PD   PC     HL EL BF SF   PF   BV     rpm             State MissionState Setpoint Error Depth 
2021-10-21 14:00:33,794:INFO: 24.52 23.91 24.74 24.65 23.42 0.00 0.00 0.00 10.15 10.44 10.11 10.24 1552.76 6132.92 0.58 100.00 0  0  2  None None 649.42 Buffering (0/1) STOP  IDLE         30.00    None  None  
2021-10-21 14:00:33,795:WARNING: Stopped
2021-10-21 14:00:33,839:ERROR: unknown header: LC:85.00
2021-10-21 14:00:34,337:INFO: State.STOP
2021-10-21 14:00:34,339:INFO: BT1   BT2   TT1   TT2   AT    X    Y    Z    BP1   BP2   TP1   TP2   HP      AP      PD   PC     HL EL BF SF   PF   BV     rpm             State MissionState Setpoint Error Depth 
2021-10-21 14:00:34,340:INFO: 24.52 23.90 24.74 24.65 23.42 0.00 0.00 0.00 10.15 10.44 10.11 10.24 1552.92 6133.00 0.58 100.00 0  0  2  None None 649.42 Buffering (0/1) STOP  IDLE         30.00    None  None  
2021-10-21 14:00:34,341:WARNING: Stopped
2021-10-21 14:00:34,384:ERROR: unknown header: LC:86.00
2021-10-21 14:00:34,883:INFO: State.STOP
2021-10-21 14:00:34,885:INFO: BT1   BT2   TT1   TT2   AT    X    Y    Z    BP1   BP2   TP1   TP2   HP      AP      PD   PC     HL EL BF SF   PF   BV     rpm             State MissionState Setpoint Error Depth 
2021-10-21 14:00:34,886:INFO: 24.51 23.90 24.74 24.64 23.42 0.00 0.00 0.00 10.15 10.44 10.11 10.24 1552.84 6132.80 0.58 100.00 0  0  2  None None 649.63 Buffering (0/1) STOP  IDLE         30.00    None  None  
2021-10-21 14:00:34,887:WARNING: Stopped
2021-10-21 14:00:34,929:ERROR: unknown header: LC:87.00
2021-10-21 14:00:35,427:INFO: State.STOP
2021-10-21 14:00:35,429:INFO: BT1   BT2   TT1   TT2   AT    X    Y    Z    BP1   BP2   TP1   TP2   HP      AP      PD   PC     HL EL BF SF   PF   BV     rpm             State MissionState Setpoint Error Depth 
2021-10-21 14:00:35,430:INFO: 24.51 23.89 24.74 24.64 23.42 0.00 0.00 0.00 10.16 10.44 10.11 10.24 1552.92 6132.68 0.58 100.00 0  0  2  None None 649.68 Buffering (0/1) STOP  IDLE         30.00    None  None  
2021-10-21 14:00:35,432:WARNING: Stopped
2021-10-21 14:00:35,473:ERROR: unknown header: LC:88.00
2021-10-21 14:00:35,973:INFO: State.STOP
2021-10-21 14:00:35,974:INFO: BT1   BT2   TT1   TT2   AT    X    Y    Z    BP1   BP2   TP1   TP2   HP      AP      PD   PC     HL EL BF SF   PF   BV     rpm             State MissionState Setpoint Error Depth 
2021-10-21 14:00:35,975:INFO: 24.50 23.89 24.73 24.63 23.42 0.00 0.00 0.00 10.16 10.44 10.11 10.24 1553.10 6132.70 0.58 100.00 0  0  2  None None 649.54 Buffering (0/1) STOP  IDLE         30.00    None  None  
2021-10-21 14:00:35,976:WARNING: Stopped
2021-10-21 14:00:36,017:ERROR: unknown header: LC:89.00
2021-10-21 14:00:36,516:INFO: State.STOP
2021-10-21 14:00:36,518:INFO: BT1   BT2   TT1   TT2   AT    X    Y    Z    BP1   BP2   TP1   TP2   HP      AP      PD   PC     HL EL BF SF   PF   BV     rpm             State MissionState Setpoint Error Depth 
2021-10-21 14:00:36,519:INFO: 24.49 23.88 24.73 24.63 23.42 0.00 0.00 0.00 10.16 10.44 10.10 10.24 1553.00 6132.50 0.58 100.00 0  0  2  None None 649.66 Buffering (0/1) STOP  IDLE         30.00    None  None  
2021-10-21 14:00:36,521:WARNING: Stopped
2021-10-21 14:00:36,565:ERROR: unknown header: LC:90.00
2021-10-21 14:00:37,059:INFO: State.STOP
2021-10-21 14:00:37,061:INFO: BT1   BT2   TT1   TT2   AT    X    Y    Z    BP1   BP2   TP1   TP2   HP      AP      PD   PC     HL EL BF SF   PF   BV     rpm             State MissionState Setpoint Error Depth 
2021-10-21 14:00:37,062:INFO: 24.49 23.88 24.73 24.63 23.42 0.00 0.00 0.00 10.16 10.44 10.10 10.24 1552.92 6132.44 0.58 100.00 0  0  2  None None 649.49 Buffering (0/1) STOP  IDLE         30.00    None  None  
2021-10-21 14:00:37,063:WARNING: Stopped
2021-10-21 14:00:37,106:ERROR: unknown header: LC:91.00
2021-10-21 14:00:37,606:INFO: State.STOP
2021-10-21 14:00:37,608:INFO: BT1   BT2   TT1   TT2   AT    X    Y    Z    BP1   BP2   TP1   TP2   HP      AP      PD   PC     HL EL BF SF   PF   BV     rpm             State MissionState Setpoint Error Depth 
2021-10-21 14:00:37,610:INFO: 24.48 23.87 24.72 24.63 23.42 0.00 0.00 0.00 10.15 10.44 10.10 10.24 1553.12 6132.38 0.58 100.00 0  0  2  None None 649.70 Buffering (0/1) STOP  IDLE         30.00    None  None  
2021-10-21 14:00:37,611:WARNING: Stopped
2021-10-21 14:00:37,652:ERROR: unknown header: LC:92.00
2021-10-21 14:00:38,151:INFO: State.STOP
2021-10-21 14:00:38,153:INFO: BT1   BT2   TT1   TT2   AT    X    Y    Z    BP1   BP2   TP1   TP2   HP      AP      PD   PC     HL EL BF SF   PF   BV     rpm             State MissionState Setpoint Error Depth 
2021-10-21 14:00:38,155:INFO: 24.48 23.86 24.72 24.63 23.42 0.00 0.00 0.00 10.15 10.44 10.11 10.24 1552.92 6132.50 0.58 100.00 0  0  2  None None 649.54 Buffering (0/1) STOP  IDLE         30.00    None  None  
2021-10-21 14:00:38,156:WARNING: Stopped
2021-10-21 14:00:38,201:ERROR: unknown header: LC:93.00
2021-10-21 14:00:38,700:INFO: State.STOP
2021-10-21 14:00:38,702:INFO: BT1   BT2   TT1   TT2   AT    X    Y    Z    BP1   BP2   TP1   TP2   HP      AP      PD   PC     HL EL BF SF   PF   BV     rpm             State MissionState Setpoint Error Depth 
2021-10-21 14:00:38,703:INFO: 24.48 23.85 24.71 24.62 23.42 0.00 0.00 0.00 10.16 10.44 10.11 10.24 1552.98 6132.48 0.58 100.00 0  0  2  None None 649.56 Buffering (0/1) STOP  IDLE         30.00    None  None  
2021-10-21 14:00:38,704:WARNING: Stopped
2021-10-21 14:00:38,745:ERROR: unknown header: LC:94.00
2021-10-21 14:00:39,245:INFO: State.STOP
2021-10-21 14:00:39,247:INFO: BT1   BT2   TT1   TT2   AT    X    Y    Z    BP1   BP2   TP1   TP2   HP      AP      PD   PC     HL EL BF SF   PF   BV     rpm             State MissionState Setpoint Error Depth 
2021-10-21 14:00:39,248:INFO: 24.48 23.85 24.71 24.62 23.42 0.00 0.00 0.00 10.15 10.44 10.11 10.24 1553.12 6132.58 0.58 100.00 0  0  2  None None 649.54 Buffering (0/1) STOP  IDLE         30.00    None  None  
2021-10-21 14:00:39,249:WARNING: Stopped
2021-10-21 14:00:39,288:ERROR: unknown header: LC:95.00
2021-10-21 14:00:39,787:INFO: State.STOP
2021-10-21 14:00:39,789:INFO: BT1   BT2   TT1   TT2   AT    X    Y    Z    BP1   BP2   TP1   TP2   HP      AP      PD   PC     HL EL BF SF   PF   BV     rpm             State MissionState Setpoint Error Depth 
2021-10-21 14:00:39,790:INFO: 24.48 23.84 24.70 24.61 23.42 0.00 0.00 0.00 10.16 10.44 10.11 10.24 1553.06 6132.56 0.58 100.00 0  0  2  None None 649.52 Buffering (0/1) STOP  IDLE         30.00    None  None  
2021-10-21 14:00:39,792:WARNING: Stopped
2021-10-21 14:00:39,834:ERROR: unknown header: LC:96.00
2021-10-21 14:00:40,333:INFO: State.STOP
2021-10-21 14:00:40,334:INFO: BT1   BT2   TT1   TT2   AT    X    Y    Z    BP1   BP2   TP1   TP2   HP      AP      PD   PC     HL EL BF SF   PF   BV     rpm             State MissionState Setpoint Error Depth 
2021-10-21 14:00:40,336:INFO: 24.48 23.84 24.69 24.61 23.42 0.00 0.00 0.00 10.16 10.44 10.11 10.24 1553.06 6132.68 0.58 100.00 0  0  2  None None 649.56 Buffering (0/1) STOP  IDLE         30.00    None  None  
2021-10-21 14:00:40,337:WARNING: Stopped
2021-10-21 14:00:40,376:ERROR: unknown header: LC:97.00
2021-10-21 14:00:40,874:INFO: State.STOP
2021-10-21 14:00:40,876:INFO: BT1   BT2   TT1   TT2   AT    X    Y    Z    BP1   BP2   TP1   TP2   HP      AP      PD   PC     HL EL BF SF   PF   BV     rpm             State MissionState Setpoint Error Depth 
2021-10-21 14:00:40,877:INFO: 24.48 23.84 24.69 24.61 23.42 0.00 0.00 0.00 10.16 10.44 10.11 10.24 1553.18 6132.48 0.58 100.00 0  0  2  None None 649.77 Buffering (0/1) STOP  IDLE         30.00    None  None  
2021-10-21 14:00:40,878:WARNING: Stopped
2021-10-21 14:00:40,922:ERROR: unknown header: LC:98.00
2021-10-21 14:00:41,423:INFO: State.STOP
2021-10-21 14:00:41,425:INFO: BT1   BT2   TT1   TT2   AT    X    Y    Z    BP1   BP2   TP1   TP2   HP      AP      PD   PC     HL EL BF SF   PF   BV     rpm             State MissionState Setpoint Error Depth 
2021-10-21 14:00:41,426:INFO: 24.48 23.84 24.68 24.61 23.42 0.00 0.00 0.00 10.15 10.44 10.11 10.24 1552.90 6132.42 0.58 100.00 0  0  2  None None 649.63 Buffering (0/1) STOP  IDLE         30.00    None  None  
2021-10-21 14:00:41,427:WARNING: Stopped
2021-10-21 14:00:41,467:ERROR: unknown header: LC:99.00
2021-10-21 14:00:41,967:INFO: State.STOP
2021-10-21 14:00:41,969:INFO: BT1   BT2   TT1   TT2   AT    X    Y    Z    BP1   BP2   TP1   TP2   HP      AP      PD   PC     HL EL BF SF   PF   BV     rpm             State MissionState Setpoint Error Depth 
2021-10-21 14:00:41,971:INFO: 24.48 23.84 24.67 24.61 23.42 0.00 0.00 0.00 10.15 10.44 10.11 10.24 1552.94 6132.26 0.58 100.00 0  0  2  None None 649.73 Buffering (0/1) STOP  IDLE         30.00    None  None  
2021-10-21 14:00:41,972:WARNING: Stopped
2021-10-21 14:00:42,012:ERROR: unknown header: LC:100.00
2021-10-21 14:00:42,512:INFO: State.STOP
2021-10-21 14:00:42,514:INFO: BT1   BT2   TT1   TT2   AT    X    Y    Z    BP1   BP2   TP1   TP2   HP      AP      PD   PC     HL EL BF SF   PF   BV     rpm             State MissionState Setpoint Error Depth 
2021-10-21 14:00:42,515:INFO: 24.48 23.83 24.67 24.61 23.42 0.00 0.00 0.00 10.16 10.44 10.11 10.24 1553.10 6131.98 0.58 100.00 0  0  2  None None 649.84 Buffering (0/1) STOP  IDLE         30.00    None  None  
2021-10-21 14:00:42,516:WARNING: Stopped
2021-10-21 14:00:42,556:ERROR: unknown header: LC:101.00
2021-10-21 14:00:43,057:INFO: State.STOP
2021-10-21 14:00:43,058:INFO: BT1   BT2   TT1   TT2   AT    X    Y    Z    BP1   BP2   TP1   TP2   HP      AP      PD   PC     HL EL BF SF   PF   BV     rpm             State MissionState Setpoint Error Depth 
2021-10-21 14:00:43,059:INFO: 24.48 23.83 24.67 24.61 23.42 0.00 0.00 0.00 10.15 10.44 10.11 10.24 1553.18 6131.86 0.58 100.00 0  0  2  None None 649.70 Buffering (0/1) STOP  IDLE         30.00    None  None  
2021-10-21 14:00:43,061:WARNING: Stopped
2021-10-21 14:00:43,104:ERROR: unknown header: LC:102.00
2021-10-21 14:00:43,602:INFO: State.STOP
2021-10-21 14:00:43,604:INFO: BT1   BT2   TT1   TT2   AT    X    Y    Z    BP1   BP2   TP1   TP2   HP      AP      PD   PC     HL EL BF SF   PF   BV     rpm             State MissionState Setpoint Error Depth 
2021-10-21 14:00:43,605:INFO: 24.48 23.83 24.67 24.61 23.42 0.00 0.00 0.00 10.16 10.44 10.11 10.24 1553.16 6131.94 0.58 100.00 0  0  2  None None 649.68 Buffering (0/1) STOP  IDLE         30.00    None  None  
2021-10-21 14:00:43,607:WARNING: Stopped
2021-10-21 14:00:43,644:ERROR: unknown header: LC:103.00
2021-10-21 14:00:44,159:INFO: State.STOP
2021-10-21 14:00:44,161:INFO: BT1   BT2   TT1   TT2   AT    X    Y    Z    BP1   BP2   TP1   TP2   HP      AP      PD   PC     HL EL BF SF   PF   BV     rpm             State MissionState Setpoint Error Depth 
2021-10-21 14:00:44,162:INFO: 24.48 23.83 24.67 24.61 23.42 0.00 0.00 0.00 10.16 10.44 10.11 10.24 1553.36 6132.04 0.58 100.00 0  0  2  None None 649.56 Buffering (0/1) STOP  IDLE         30.00    None  None  
2021-10-21 14:00:44,163:WARNING: Stopped
2021-10-21 14:00:44,190:ERROR: unknown header: LC:104.00
2021-10-21 14:00:44,691:INFO: State.STOP
2021-10-21 14:00:44,692:INFO: BT1   BT2   TT1   TT2   AT    X    Y    Z    BP1   BP2   TP1   TP2   HP      AP      PD   PC     HL EL BF SF   PF   BV     rpm             State MissionState Setpoint Error Depth 
2021-10-21 14:00:44,694:INFO: 24.48 23.83 24.67 24.61 23.42 0.00 0.00 0.00 10.15 10.44 10.11 10.24 1553.64 6132.06 0.58 100.00 0  0  2  None None 649.70 Buffering (0/1) STOP  IDLE         30.00    None  None  
2021-10-21 14:00:44,695:WARNING: Stopped
2021-10-21 14:00:44,737:ERROR: unknown header: LC:105.00
2021-10-21 14:00:45,236:INFO: State.STOP
2021-10-21 14:00:45,237:INFO: BT1   BT2   TT1   TT2   AT    X    Y    Z    BP1   BP2   TP1   TP2   HP      AP      PD   PC     HL EL BF SF   PF   BV     rpm             State MissionState Setpoint Error Depth 
2021-10-21 14:00:45,238:INFO: 24.48 23.83 24.67 24.61 23.42 0.00 0.00 0.00 10.15 10.44 10.11 10.24 1553.84 6132.20 0.58 100.00 0  0  2  None None 649.68 Buffering (0/1) STOP  IDLE         30.00    None  None  
2021-10-21 14:00:45,240:WARNING: Stopped
2021-10-21 14:00:45,282:ERROR: unknown header: LC:106.00
2021-10-21 14:00:45,781:INFO: State.STOP
2021-10-21 14:00:45,783:INFO: BT1   BT2   TT1   TT2   AT    X    Y    Z    BP1   BP2   TP1   TP2   HP      AP      PD   PC     HL EL BF SF   PF   BV     rpm             State MissionState Setpoint Error Depth 
2021-10-21 14:00:45,784:INFO: 24.47 23.82 24.67 24.62 23.42 0.00 0.00 0.00 10.15 10.44 10.11 10.24 1554.00 6132.20 0.58 100.00 0  0  2  None None 649.70 Buffering (0/1) STOP  IDLE         30.00    None  None  
2021-10-21 14:00:45,785:WARNING: Stopped
2021-10-21 14:00:45,827:ERROR: unknown header: LC:107.00
2021-10-21 14:00:46,325:INFO: State.STOP
2021-10-21 14:00:46,327:INFO: BT1   BT2   TT1   TT2   AT    X    Y    Z    BP1   BP2   TP1   TP2   HP      AP      PD   PC     HL EL BF SF   PF   BV     rpm             State MissionState Setpoint Error Depth 
2021-10-21 14:00:46,328:INFO: 24.47 23.82 24.68 24.62 23.42 0.00 0.00 0.00 10.15 10.44 10.11 10.24 1553.94 6132.28 0.58 100.00 0  0  2  None None 649.59 Buffering (0/1) STOP  IDLE         30.00    None  None  
2021-10-21 14:00:46,329:WARNING: Stopped
2021-10-21 14:00:46,372:ERROR: unknown header: LC:108.00
2021-10-21 14:00:46,869:INFO: State.STOP
2021-10-21 14:00:46,871:INFO: BT1   BT2   TT1   TT2   AT    X    Y    Z    BP1   BP2   TP1   TP2   HP      AP      PD   PC     HL EL BF SF   PF   BV     rpm             State MissionState Setpoint Error Depth 
2021-10-21 14:00:46,873:INFO: 24.47 23.81 24.68 24.62 23.42 0.00 0.00 0.00 10.15 10.44 10.11 10.24 1553.94 6132.14 0.58 100.00 0  0  2  None None 649.68 Buffering (0/1) STOP  IDLE         30.00    None  None  
2021-10-21 14:00:46,874:WARNING: Stopped
2021-10-21 14:00:46,915:ERROR: unknown header: LC:109.00
2021-10-21 14:00:47,413:INFO: State.STOP
2021-10-21 14:00:47,414:INFO: BT1   BT2   TT1   TT2   AT    X    Y    Z    BP1   BP2   TP1   TP2   HP      AP      PD   PC     HL EL BF SF   PF   BV     rpm             State MissionState Setpoint Error Depth 
2021-10-21 14:00:47,416:INFO: 24.46 23.80 24.68 24.63 23.42 0.00 0.00 0.00 10.15 10.44 10.11 10.24 1553.82 6132.08 0.58 100.00 0  0  2  None None 649.77 Buffering (0/1) STOP  IDLE         30.00    None  None  
2021-10-21 14:00:47,417:WARNING: Stopped
2021-10-21 14:00:47,459:ERROR: unknown header: LC:110.00
2021-10-21 14:00:47,960:INFO: State.STOP
2021-10-21 14:00:47,961:INFO: BT1   BT2   TT1   TT2   AT    X    Y    Z    BP1   BP2   TP1   TP2   HP      AP      PD   PC     HL EL BF SF   PF   BV     rpm             State MissionState Setpoint Error Depth 
2021-10-21 14:00:47,963:INFO: 24.46 23.80 24.68 24.63 23.42 0.00 0.00 0.00 10.16 10.44 10.11 10.24 1553.62 6131.96 0.58 100.00 0  0  2  None None 649.82 Buffering (0/1) STOP  IDLE         30.00    None  None  
2021-10-21 14:00:47,965:WARNING: Stopped
2021-10-21 14:00:48,007:ERROR: unknown header: LC:111.00
2021-10-21 14:00:48,506:INFO: State.STOP
2021-10-21 14:00:48,508:INFO: BT1   BT2   TT1   TT2   AT    X    Y    Z    BP1   BP2   TP1   TP2   HP      AP      PD   PC     HL EL BF SF   PF   BV     rpm             State MissionState Setpoint Error Depth 
2021-10-21 14:00:48,509:INFO: 24.46 23.79 24.68 24.63 23.42 0.00 0.00 0.00 10.16 10.44 10.11 10.24 1553.48 6131.90 0.58 100.00 0  0  2  None None 649.77 Buffering (0/1) STOP  IDLE         30.00    None  None  
2021-10-21 14:00:48,511:WARNING: Stopped
2021-10-21 14:00:48,556:ERROR: unknown header: LC:112.00
2021-10-21 14:00:49,053:INFO: State.STOP
2021-10-21 14:00:49,055:INFO: BT1   BT2   TT1   TT2   AT    X    Y    Z    BP1   BP2   TP1   TP2   HP      AP      PD   PC     HL EL BF SF   PF   BV     rpm             State MissionState Setpoint Error Depth 
2021-10-21 14:00:49,056:INFO: 24.46 23.79 24.67 24.63 23.42 0.00 0.00 0.00 10.15 10.44 10.11 10.24 1553.64 6131.66 0.58 100.00 0  0  2  None None 649.87 Buffering (0/1) STOP  IDLE         30.00    None  None  
2021-10-21 14:00:49,057:WARNING: Stopped
2021-10-21 14:00:49,101:ERROR: unknown header: LC:113.00
2021-10-21 14:00:49,601:INFO: State.STOP
2021-10-21 14:00:49,603:INFO: BT1   BT2   TT1   TT2   AT    X    Y    Z    BP1   BP2   TP1   TP2   HP      AP      PD   PC     HL EL BF SF   PF   BV     rpm             State MissionState Setpoint Error Depth 
2021-10-21 14:00:49,605:INFO: 24.45 23.78 24.67 24.63 23.42 0.00 0.00 0.00 10.16 10.44 10.11 10.24 1553.72 6131.36 0.58 100.00 0  0  2  None None 650.03 Buffering (0/1) STOP  IDLE         30.00    None  None  
2021-10-21 14:00:49,606:WARNING: Stopped
2021-10-21 14:00:49,650:ERROR: unknown header: LC:114.00
2021-10-21 14:00:50,147:INFO: State.STOP
2021-10-21 14:00:50,148:INFO: BT1   BT2   TT1   TT2   AT    X    Y    Z    BP1   BP2   TP1   TP2   HP      AP      PD   PC     HL EL BF SF   PF   BV     rpm             State MissionState Setpoint Error Depth 
2021-10-21 14:00:50,150:INFO: 24.45 23.78 24.67 24.63 23.42 0.00 0.00 0.00 10.15 10.44 10.10 10.24 1553.70 6131.34 0.58 100.00 0  0  2  None None 649.80 Buffering (0/1) STOP  IDLE         30.00    None  None  
2021-10-21 14:00:50,151:WARNING: Stopped
2021-10-21 14:00:50,195:ERROR: unknown header: LC:115.00
2021-10-21 14:00:50,694:INFO: State.STOP
2021-10-21 14:00:50,696:INFO: BT1   BT2   TT1   TT2   AT    X    Y    Z    BP1   BP2   TP1   TP2   HP      AP      PD   PC     HL EL BF SF   PF   BV     rpm             State MissionState Setpoint Error Depth 
2021-10-21 14:00:50,698:INFO: 24.44 23.77 24.67 24.63 23.42 0.00 0.00 0.00 10.15 10.44 10.11 10.24 1553.72 6131.36 0.58 100.00 0  0  2  None None 649.80 Buffering (0/1) STOP  IDLE         30.00    None  None  
2021-10-21 14:00:50,699:WARNING: Stopped
2021-10-21 14:00:50,740:ERROR: unknown header: LC:116.00
2021-10-21 14:00:51,240:INFO: State.STOP
2021-10-21 14:00:51,242:INFO: BT1   BT2   TT1   TT2   AT    X    Y    Z    BP1   BP2   TP1   TP2   HP      AP      PD   PC     HL EL BF SF   PF   BV     rpm             State MissionState Setpoint Error Depth 
2021-10-21 14:00:51,243:INFO: 24.44 23.77 24.67 24.62 23.42 0.00 0.00 0.00 10.15 10.44 10.11 10.24 1553.74 6131.36 0.58 100.00 0  0  2  None None 649.82 Buffering (0/1) STOP  IDLE         30.00    None  None  
2021-10-21 14:00:51,244:WARNING: Stopped
2021-10-21 14:00:51,288:ERROR: unknown header: LC:117.00
2021-10-21 14:00:51,787:INFO: State.STOP
2021-10-21 14:00:51,789:INFO: BT1   BT2   TT1   TT2   AT    X    Y    Z    BP1   BP2   TP1   TP2   HP      AP      PD   PC     HL EL BF SF   PF   BV     rpm             State MissionState Setpoint Error Depth 
2021-10-21 14:00:51,791:INFO: 24.43 23.77 24.67 24.62 23.42 0.00 0.00 0.00 10.15 10.44 10.11 10.24 1553.88 6131.32 0.58 100.00 0  0  2  None None 649.91 Buffering (0/1) STOP  IDLE         30.00    None  None  
2021-10-21 14:00:51,792:WARNING: Stopped
2021-10-21 14:00:51,835:ERROR: unknown header: LC:118.00
2021-10-21 14:00:52,339:INFO: State.STOP
2021-10-21 14:00:52,341:INFO: BT1   BT2   TT1   TT2   AT    X    Y    Z    BP1   BP2   TP1   TP2   HP      AP      PD   PC     HL EL BF SF   PF   BV     rpm             State MissionState Setpoint Error Depth 
2021-10-21 14:00:52,342:INFO: 24.42 23.76 24.67 24.62 23.42 0.00 0.00 0.00 10.16 10.44 10.11 10.24 1553.98 6131.62 0.58 100.00 0  0  2  None None 649.68 Buffering (0/1) STOP  IDLE         30.00    None  None  
2021-10-21 14:00:52,343:WARNING: Stopped
2021-10-21 14:00:52,379:ERROR: unknown header: LC:119.00
2021-10-21 14:00:52,879:INFO: State.STOP
2021-10-21 14:00:52,881:INFO: BT1   BT2   TT1   TT2   AT    X    Y    Z    BP1   BP2   TP1   TP2   HP      AP      PD   PC     HL EL BF SF   PF   BV     rpm             State MissionState Setpoint Error Depth 
2021-10-21 14:00:52,882:INFO: 24.42 23.76 24.67 24.62 23.42 0.00 0.00 0.00 10.15 10.44 10.11 10.24 1554.26 6131.56 0.58 100.00 0  0  2  None None 649.87 Buffering (0/1) STOP  IDLE         30.00    None  None  
2021-10-21 14:00:52,883:WARNING: Stopped
2021-10-21 14:00:52,928:ERROR: unknown header: LC:120.00
2021-10-21 14:00:53,427:INFO: State.STOP
2021-10-21 14:00:53,429:INFO: BT1   BT2   TT1   TT2   AT    X    Y    Z    BP1   BP2   TP1   TP2   HP      AP      PD   PC     HL EL BF SF   PF   BV     rpm             State MissionState Setpoint Error Depth 
2021-10-21 14:00:53,430:INFO: 24.41 23.75 24.68 24.63 23.42 0.00 0.00 0.00 10.15 10.44 10.11 10.24 1554.28 6131.32 0.58 100.00 0  0  2  None None 650.08 Buffering (0/1) STOP  IDLE         30.00    None  None  
2021-10-21 14:00:53,431:WARNING: Stopped
2021-10-21 14:00:53,475:ERROR: unknown header: LC:121.00
2021-10-21 14:00:53,974:INFO: State.STOP
2021-10-21 14:00:53,976:INFO: BT1   BT2   TT1   TT2   AT    X    Y    Z    BP1   BP2   TP1   TP2   HP      AP      PD   PC     HL EL BF SF   PF   BV     rpm             State MissionState Setpoint Error Depth 
2021-10-21 14:00:53,977:INFO: 24.40 23.75 24.68 24.63 23.42 0.00 0.00 0.00 10.15 10.44 10.11 10.24 1554.40 6131.22 0.58 100.00 0  0  2  None None 649.89 Buffering (0/1) STOP  IDLE         30.00    None  None  
2021-10-21 14:00:53,978:WARNING: Stopped
2021-10-21 14:00:54,025:ERROR: unknown header: LC:122.00
2021-10-21 14:00:54,522:INFO: State.STOP
2021-10-21 14:00:54,523:INFO: BT1   BT2   TT1   TT2   AT    X    Y    Z    BP1   BP2   TP1   TP2   HP      AP      PD   PC     HL EL BF SF   PF   BV     rpm             State MissionState Setpoint Error Depth 
2021-10-21 14:00:54,524:INFO: 24.39 23.75 24.68 24.63 23.42 0.00 0.00 0.00 10.15 10.44 10.11 10.24 1554.54 6131.28 0.58 100.00 0  0  2  None None 649.84 Buffering (0/1) STOP  IDLE         30.00    None  None  
2021-10-21 14:00:54,525:WARNING: Stopped
2021-10-21 14:00:54,565:ERROR: unknown header: LC:123.00
2021-10-21 14:00:55,065:INFO: State.STOP
2021-10-21 14:00:55,067:INFO: BT1   BT2   TT1   TT2   AT    X    Y    Z    BP1   BP2   TP1   TP2   HP      AP      PD   PC     HL EL BF SF   PF   BV     rpm             State MissionState Setpoint Error Depth 
2021-10-21 14:00:55,068:INFO: 24.39 23.74 24.68 24.63 23.42 0.00 0.00 0.00 10.15 10.44 10.11 10.24 1554.74 6131.14 0.58 100.00 0  0  2  None None 649.84 Buffering (0/1) STOP  IDLE         30.00    None  None  
2021-10-21 14:00:55,069:WARNING: Stopped
2021-10-21 14:00:55,112:ERROR: unknown header: LC:124.00
2021-10-21 14:00:55,611:INFO: State.STOP
2021-10-21 14:00:55,613:INFO: BT1   BT2   TT1   TT2   AT    X     Y    Z    BP1   BP2   TP1   TP2   HP      AP      PD   PC     HL EL BF SF   PF   BV     rpm             State MissionState Setpoint Error Depth 
2021-10-21 14:00:55,614:INFO: 24.38 23.74 24.68 24.63 23.42 -0.00 0.00 0.00 10.15 10.44 10.11 10.24 1554.56 6131.14 0.58 100.00 0  0  2  None None 649.91 Buffering (0/1) STOP  IDLE         30.00    None  None  
2021-10-21 14:00:55,615:WARNING: Stopped
2021-10-21 14:00:55,659:ERROR: unknown header: LC:125.00
2021-10-21 14:00:56,159:INFO: State.STOP
2021-10-21 14:00:56,160:INFO: BT1   BT2   TT1   TT2   AT    X     Y    Z    BP1   BP2   TP1   TP2   HP      AP      PD   PC     HL EL BF SF   PF   BV     rpm             State MissionState Setpoint Error Depth 
2021-10-21 14:00:56,162:INFO: 24.38 23.73 24.68 24.63 23.42 -0.00 0.00 0.00 10.15 10.44 10.11 10.24 1554.58 6131.32 0.58 100.00 0  0  2  None None 649.87 Buffering (0/1) STOP  IDLE         30.00    None  None  
2021-10-21 14:00:56,163:WARNING: Stopped
2021-10-21 14:00:56,206:ERROR: unknown header: LC:126.00
2021-10-21 14:00:56,704:INFO: State.STOP
2021-10-21 14:00:56,706:INFO: BT1   BT2   TT1   TT2   AT    X     Y    Z    BP1   BP2   TP1   TP2   HP      AP      PD   PC     HL EL BF SF   PF   BV     rpm             State MissionState Setpoint Error Depth 
2021-10-21 14:00:56,707:INFO: 24.38 23.73 24.68 24.62 23.42 -0.00 0.00 0.00 10.15 10.44 10.11 10.23 1554.42 6131.40 0.58 100.00 0  0  2  None None 649.84 Buffering (0/1) STOP  IDLE         30.00    None  None  
2021-10-21 14:00:56,708:WARNING: Stopped
2021-10-21 14:00:56,751:ERROR: unknown header: LC:127.00
2021-10-21 14:00:57,251:INFO: State.STOP
2021-10-21 14:00:57,253:INFO: BT1   BT2   TT1   TT2   AT    X     Y    Z    BP1   BP2   TP1   TP2   HP      AP      PD   PC     HL EL BF SF   PF   BV     rpm             State MissionState Setpoint Error Depth 
2021-10-21 14:00:57,254:INFO: 24.38 23.72 24.68 24.62 23.42 -0.00 0.00 0.00 10.16 10.44 10.11 10.24 1554.26 6131.36 0.58 100.00 0  0  2  None None 649.89 Buffering (0/1) STOP  IDLE         30.00    None  None  
2021-10-21 14:00:57,255:WARNING: Stopped
2021-10-21 14:00:57,298:ERROR: unknown header: LC:128.00
