2021-10-21 15:25:02,203:WARNING: Safety is disabled
2021-10-21 15:25:02,207:WARNING: Test mode
2021-10-21 15:25:02,210:INFO: Pressure controller was initialized successfully
2021-10-21 15:25:02,211:INFO: BP1 pressure sensor was initialized successfully
2021-10-21 15:25:02,211:INFO: BP2 pressure sensor was initialized successfully
2021-10-21 15:25:02,211:INFO: TP1 pressure sensor was initialized successfully
2021-10-21 15:25:02,212:INFO: TP2 pressure sensor was initialized successfully
2021-10-21 15:25:02,212:INFO: HP pressure sensor was initialized successfully
2021-10-21 15:25:02,213:INFO: AP pressure sensor was initialized successfully
2021-10-21 15:25:02,213:INFO: Temperature controller was initialized successfully
2021-10-21 15:25:02,213:INFO: BT1 temperature sensor was initialized successfully
2021-10-21 15:25:02,214:INFO: BT2 temperature sensor was initialized successfully
2021-10-21 15:25:02,214:INFO: TT1 temperature sensor was initialized successfully
2021-10-21 15:25:02,214:INFO: TT2 temperature sensor was initialized successfully
2021-10-21 15:25:02,215:INFO: AT temperature sensor was initialized successfully
2021-10-21 15:25:02,215:INFO: IMU controller was initialized successfully
2021-10-21 15:25:02,215:INFO: X IMU sensor was initialized successfully
2021-10-21 15:25:02,216:INFO: Y IMU sensor was initialized successfully
2021-10-21 15:25:02,216:INFO: Z IMU sensor was initialized successfully
2021-10-21 15:25:02,217:INFO: Bladder volume controller was initialized successfully
2021-10-21 15:25:02,217:INFO: Altimeter controller was initialized successfully
2021-10-21 15:25:02,217:INFO: rpm controller was initialized successfully
2021-10-21 15:25:02,218:INFO: Pump flag controller was initialized successfully
2021-10-21 15:25:02,218:INFO: Bladder flag controller was initialized successfully
2021-10-21 15:25:02,218:INFO: Hull leak flag controller was initialized successfully
2021-10-21 15:25:02,219:INFO: Engine leak flag controller was initialized successfully
2021-10-21 15:25:02,219:INFO: Full surface initiated flag controller was initialized successfully
2021-10-21 15:25:02,223:INFO: SerialComm was initialized successfully
2021-10-21 15:25:02,233:INFO: Profile file loaded successfully

2021-10-21 15:25:02,236:INFO: Profile class was initialized successfully

2021-10-21 15:25:02,237:INFO: setting state to MissionState.IDLE
2021-10-21 15:25:02,245:ERROR: unknown header: LC:83.00
2021-10-21 15:25:02,263:ERROR: unknown header: LC:83.00
2021-10-21 15:25:03,634:ERROR: unknown header: SU:0.00
2021-10-21 15:25:05,523:ERROR: unknown header: Date: 10/21/2021 Time
2021-10-21 15:25:07,221:ERROR: unknown header: SU:1.00
2021-10-21 15:25:07,228:ERROR: unknown header: LC:1.00
2021-10-21 15:25:07,723:INFO: State.STOP
2021-10-21 15:25:07,724:INFO: BT1             BT2             TT1             TT2             AT              X               Y               Z               BP1             BP2             TP1             TP2             HP              AP              PD   PC     HL EL BF   SF   PF   BV     rpm             State MissionState Setpoint Error Depth 
2021-10-21 15:25:07,725:INFO: Buffering (4/5) Buffering (4/5) Buffering (2/5) Buffering (2/5) Buffering (2/5) Buffering (1/5) Buffering (3/5) Buffering (3/5) Buffering (4/5) Buffering (4/5) Buffering (2/5) Buffering (2/5) Buffering (4/5) Buffering (2/5) 1.51 100.00 0  0  None None None 617.26 Buffering (0/1) STOP  IDLE         30.00    None  None  
2021-10-21 15:25:07,726:WARNING: Stopped
2021-10-21 15:25:07,745:ERROR: unknown header: LC:2.00
2021-10-21 15:25:08,244:INFO: State.STOP
2021-10-21 15:25:08,245:INFO: BT1   BT2     TT1             TT2             AT              X               Y               Z               BP1   BP2   TP1             TP2             HP      AP              PD   PC     HL EL BF SF   PF   BV     rpm             State MissionState Setpoint Error Depth 
2021-10-21 15:25:08,246:INFO: 25.05 -176.93 Buffering (3/5) Buffering (3/5) Buffering (3/5) Buffering (2/5) Buffering (4/5) Buffering (4/5) 11.18 11.44 Buffering (3/5) Buffering (3/5) 1638.64 Buffering (3/5) 1.51 100.00 0  0  2  None None 617.26 Buffering (0/1) STOP  IDLE         30.00    None  None  
2021-10-21 15:25:08,247:WARNING: Stopped
2021-10-21 15:25:08,310:ERROR: unknown header: LC:3.00
2021-10-21 15:25:08,809:INFO: State.STOP
2021-10-21 15:25:08,810:INFO: BT1   BT2     TT1             TT2             AT              X               Y    Z    BP1   BP2   TP1             TP2             HP      AP              PD   PC     HL EL BF SF   PF   BV     rpm             State MissionState Setpoint Error Depth 
2021-10-21 15:25:08,811:INFO: 25.05 -176.93 Buffering (4/5) Buffering (4/5) Buffering (4/5) Buffering (3/5) 0.01 0.00 11.18 11.44 Buffering (4/5) Buffering (4/5) 1638.66 Buffering (4/5) 1.51 100.00 0  0  2  None None 617.35 Buffering (0/1) STOP  IDLE         30.00    None  None  
2021-10-21 15:25:08,812:WARNING: Stopped
2021-10-21 15:25:08,876:ERROR: unknown header: LC:4.00
2021-10-21 15:25:09,375:INFO: State.STOP
2021-10-21 15:25:09,377:INFO: BT1   BT2     TT1   TT2   AT    X               Y    Z    BP1   BP2   TP1   TP2   HP      AP      PD   PC     HL EL BF SF   PF   BV     rpm             State MissionState Setpoint Error Depth 
2021-10-21 15:25:09,378:INFO: 25.05 -176.93 24.75 24.82 25.00 Buffering (4/5) 0.00 0.00 11.18 11.44 10.18 10.37 1638.82 6308.06 1.51 100.00 0  0  2  None None 617.24 Buffering (0/1) STOP  IDLE         30.00    None  None  
2021-10-21 15:25:09,378:WARNING: Stopped
2021-10-21 15:25:09,387:ERROR: unknown header: LC:5.00
2021-10-21 15:25:09,887:INFO: State.STOP
2021-10-21 15:25:09,888:INFO: BT1   BT2   TT1   TT2   AT    X               Y    Z    BP1   BP2   TP1   TP2   HP      AP      PD   PC     HL EL BF SF   PF   BV     rpm             State MissionState Setpoint Error Depth 
2021-10-21 15:25:09,889:INFO: 25.13 24.59 24.54 24.62 24.91 Buffering (4/5) 0.00 0.00 11.18 11.44 10.18 10.38 1639.00 6305.82 1.51 100.00 0  0  2  None None 617.39 Buffering (0/1) STOP  IDLE         30.00    None  None  
2021-10-21 15:25:09,890:WARNING: Stopped
2021-10-21 15:25:09,916:ERROR: unknown header: LC:6.00
2021-10-21 15:25:10,415:INFO: State.STOP
2021-10-21 15:25:10,416:INFO: BT1   BT2   TT1   TT2   AT    X     Y    Z     BP1   BP2   TP1   TP2   HP      AP      PD   PC     HL EL BF SF   PF   BV     rpm             State MissionState Setpoint Error Depth 
2021-10-21 15:25:10,417:INFO: 25.13 24.59 24.55 24.63 24.91 -0.01 0.00 -0.00 11.18 11.44 10.18 10.37 1638.90 6305.70 1.51 100.00 0  0  2  None None 617.39 Buffering (0/1) STOP  IDLE         30.00    None  None  
2021-10-21 15:25:10,418:WARNING: Stopped
2021-10-21 15:25:10,426:ERROR: unknown header: LC:7.00
2021-10-21 15:25:10,925:INFO: State.STOP
2021-10-21 15:25:10,926:INFO: BT1   BT2   TT1   TT2   AT    X     Y    Z     BP1   BP2   TP1   TP2   HP      AP      PD   PC     HL EL BF SF   PF   BV     rpm             State MissionState Setpoint Error Depth 
2021-10-21 15:25:10,927:INFO: 25.13 24.59 24.54 24.63 24.91 -0.01 0.00 -0.00 11.18 11.44 10.18 10.38 1639.06 6305.56 1.51 100.00 0  0  2  None None 617.41 Buffering (0/1) STOP  IDLE         30.00    None  None  
2021-10-21 15:25:10,928:WARNING: Stopped
2021-10-21 15:25:10,953:ERROR: unknown header: LC:8.00
2021-10-21 15:25:11,453:INFO: State.STOP
2021-10-21 15:25:11,455:INFO: BT1   BT2   TT1   TT2   AT    X     Y    Z     BP1   BP2   TP1   TP2   HP      AP      PD   PC     HL EL BF SF   PF   BV     rpm             State MissionState Setpoint Error Depth 
2021-10-21 15:25:11,456:INFO: 25.13 24.59 24.55 24.63 24.91 -0.00 0.00 -0.00 11.18 11.44 10.18 10.38 1639.34 6305.44 1.51 100.00 0  0  2  None None 617.48 Buffering (0/1) STOP  IDLE         30.00    None  None  
2021-10-21 15:25:11,456:WARNING: Stopped
2021-10-21 15:25:11,463:ERROR: unknown header: LC:9.00
2021-10-21 15:25:11,962:INFO: State.STOP
2021-10-21 15:25:11,963:INFO: BT1   BT2   TT1   TT2   AT    X     Y    Z     BP1   BP2   TP1   TP2   HP      AP      PD   PC     HL EL BF SF   PF   BV     rpm             State MissionState Setpoint Error Depth 
2021-10-21 15:25:11,964:INFO: 25.13 24.60 24.55 24.64 24.91 -0.00 0.00 -0.00 11.18 11.44 10.18 10.37 1639.34 6305.34 1.51 100.00 0  0  2  None None 617.35 Buffering (0/1) STOP  IDLE         30.00    None  None  
2021-10-21 15:25:11,965:WARNING: Stopped
2021-10-21 15:25:11,991:ERROR: unknown header: LC:10.00
2021-10-21 15:25:12,490:INFO: State.STOP
2021-10-21 15:25:12,491:INFO: BT1   BT2   TT1   TT2   AT    X     Y     Z     BP1   BP2   TP1   TP2   HP      AP      PD   PC     HL EL BF SF   PF   BV     rpm             State MissionState Setpoint Error Depth 
2021-10-21 15:25:12,493:INFO: 25.13 24.60 24.55 24.64 24.91 -0.01 -0.00 -0.00 11.18 11.44 10.18 10.38 1639.40 6305.20 1.51 100.00 0  0  2  None None 617.55 Buffering (0/1) STOP  IDLE         30.00    None  None  
2021-10-21 15:25:12,493:WARNING: Stopped
2021-10-21 15:25:12,501:ERROR: unknown header: LC:11.00
2021-10-21 15:25:13,000:INFO: State.STOP
2021-10-21 15:25:13,001:INFO: BT1   BT2   TT1   TT2   AT    X     Y     Z     BP1   BP2   TP1   TP2   HP      AP      PD   PC     HL EL BF SF   PF   BV     rpm             State MissionState Setpoint Error Depth 
2021-10-21 15:25:13,003:INFO: 25.13 24.60 24.54 24.64 24.91 -0.01 -0.00 -0.00 11.18 11.44 10.18 10.38 1639.58 6305.06 1.51 100.00 0  0  2  None None 617.55 Buffering (0/1) STOP  IDLE         30.00    None  None  
2021-10-21 15:25:13,003:WARNING: Stopped
2021-10-21 15:25:13,027:ERROR: unknown header: LC:12.00
2021-10-21 15:25:13,526:INFO: State.STOP
2021-10-21 15:25:13,528:INFO: BT1   BT2   TT1   TT2   AT    X     Y     Z     BP1   BP2   TP1   TP2   HP      AP      PD   PC     HL EL BF SF   PF   BV     rpm             State MissionState Setpoint Error Depth 
2021-10-21 15:25:13,529:INFO: 25.13 24.60 24.54 24.64 24.91 -0.01 -0.00 -0.00 11.18 11.44 10.18 10.38 1639.58 6304.92 1.51 100.00 0  0  2  None None 617.57 Buffering (0/1) STOP  IDLE         30.00    None  None  
2021-10-21 15:25:13,529:WARNING: Stopped
2021-10-21 15:25:13,539:ERROR: unknown header: LC:13.00
2021-10-21 15:25:14,035:INFO: State.STOP
2021-10-21 15:25:14,036:INFO: BT1   BT2   TT1   TT2   AT    X     Y    Z     BP1   BP2   TP1   TP2   HP      AP      PD   PC     HL EL BF SF   PF   BV     rpm             State MissionState Setpoint Error Depth 
2021-10-21 15:25:14,037:INFO: 25.13 24.60 24.54 24.64 24.91 -0.00 0.00 -0.00 11.18 11.44 10.19 10.38 1639.52 6304.86 1.51 100.00 0  0  2  None None 617.55 Buffering (0/1) STOP  IDLE         30.00    None  None  
2021-10-21 15:25:14,037:WARNING: Stopped
2021-10-21 15:25:14,064:ERROR: unknown header: LC:14.00
2021-10-21 15:25:14,561:INFO: State.STOP
2021-10-21 15:25:14,563:INFO: BT1   BT2   TT1   TT2   AT    X     Y    Z     BP1   BP2   TP1   TP2   HP      AP      PD   PC     HL EL BF SF   PF   BV     rpm             State MissionState Setpoint Error Depth 
2021-10-21 15:25:14,564:INFO: 25.13 24.60 24.54 24.64 24.91 -0.00 0.00 -0.00 11.18 11.44 10.19 10.38 1639.62 6304.58 1.51 100.00 0  0  2  None None 617.66 Buffering (0/1) STOP  IDLE         30.00    None  None  
2021-10-21 15:25:14,565:WARNING: Stopped
2021-10-21 15:25:14,626:ERROR: unknown header: LC:15.00
2021-10-21 15:25:15,125:INFO: State.STOP
2021-10-21 15:25:15,127:INFO: BT1   BT2   TT1   TT2   AT    X     Y    Z    BP1   BP2   TP1   TP2   HP      AP      PD   PC     HL EL BF SF   PF   BV     rpm             State MissionState Setpoint Error Depth 
2021-10-21 15:25:15,128:INFO: 25.13 24.59 24.54 24.64 24.91 -0.00 0.00 0.00 11.18 11.44 10.19 10.38 1639.58 6304.56 1.51 100.00 0  0  2  None None 617.53 Buffering (0/1) STOP  IDLE         30.00    None  None  
2021-10-21 15:25:15,129:WARNING: Stopped
2021-10-21 15:25:15,139:ERROR: unknown header: LC:16.00
2021-10-21 15:25:15,637:INFO: State.STOP
2021-10-21 15:25:15,639:INFO: BT1   BT2   TT1   TT2   AT    X     Y    Z    BP1   BP2   TP1   TP2   HP      AP      PD   PC     HL EL BF SF   PF   BV     rpm             State MissionState Setpoint Error Depth 
2021-10-21 15:25:15,640:INFO: 25.13 24.60 24.54 24.64 24.91 -0.00 0.00 0.00 11.18 11.44 10.19 10.38 1639.62 6304.44 1.51 100.00 0  0  2  None None 617.68 Buffering (0/1) STOP  IDLE         30.00    None  None  
2021-10-21 15:25:15,641:WARNING: Stopped
2021-10-21 15:25:15,666:ERROR: unknown header: LC:17.00
2021-10-21 15:25:16,165:INFO: State.STOP
2021-10-21 15:25:16,167:INFO: BT1   BT2   TT1   TT2   AT    X     Y    Z    BP1   BP2   TP1   TP2   HP      AP      PD   PC     HL EL BF SF   PF   BV     rpm             State MissionState Setpoint Error Depth 
2021-10-21 15:25:16,168:INFO: 25.13 24.60 24.54 24.64 24.91 -0.01 0.00 0.00 11.18 11.44 10.19 10.38 1639.74 6304.52 1.51 100.00 0  0  2  None None 617.48 Buffering (0/1) STOP  IDLE         30.00    None  None  
2021-10-21 15:25:16,168:WARNING: Stopped
2021-10-21 15:25:16,178:ERROR: unknown header: LC:18.00
2021-10-21 15:25:16,676:INFO: State.STOP
2021-10-21 15:25:16,678:INFO: BT1   BT2   TT1   TT2   AT    X     Y    Z    BP1   BP2   TP1   TP2   HP      AP      PD   PC     HL EL BF SF   PF   BV     rpm             State MissionState Setpoint Error Depth 
2021-10-21 15:25:16,679:INFO: 25.13 24.60 24.54 24.64 24.91 -0.01 0.00 0.00 11.18 11.44 10.19 10.38 1639.78 6304.46 1.51 100.00 0  0  2  None None 617.61 Buffering (0/1) STOP  IDLE         30.00    None  None  
2021-10-21 15:25:16,679:WARNING: Stopped
2021-10-21 15:25:16,706:ERROR: unknown header: LC:19.00
2021-10-21 15:25:17,205:INFO: State.STOP
2021-10-21 15:25:17,206:INFO: BT1   BT2   TT1   TT2   AT    X    Y    Z    BP1   BP2   TP1   TP2   HP      AP      PD   PC     HL EL BF SF   PF   BV     rpm             State MissionState Setpoint Error Depth 
2021-10-21 15:25:17,207:INFO: 25.13 24.60 24.54 24.64 24.91 0.00 0.01 0.00 11.18 11.44 10.19 10.38 1639.78 6304.42 1.51 100.00 0  0  2  None None 617.70 Buffering (0/1) STOP  IDLE         30.00    None  None  
2021-10-21 15:25:17,208:WARNING: Stopped
2021-10-21 15:25:17,215:ERROR: unknown header: LC:20.00
2021-10-21 15:25:17,716:INFO: State.STOP
2021-10-21 15:25:17,717:INFO: BT1   BT2   TT1   TT2   AT    X    Y    Z    BP1   BP2   TP1   TP2   HP      AP      PD   PC     HL EL BF SF   PF   BV     rpm             State MissionState Setpoint Error Depth 
2021-10-21 15:25:17,718:INFO: 25.13 24.60 24.55 24.64 24.91 0.00 0.01 0.00 11.18 11.44 10.19 10.37 1639.90 6304.42 1.51 100.00 0  0  2  None None 617.61 Buffering (0/1) STOP  IDLE         30.00    None  None  
2021-10-21 15:25:17,718:WARNING: Stopped
2021-10-21 15:25:17,743:ERROR: unknown header: LC:21.00
2021-10-21 15:25:18,242:INFO: State.STOP
2021-10-21 15:25:18,243:INFO: BT1   BT2   TT1   TT2   AT    X    Y    Z    BP1   BP2   TP1   TP2   HP      AP      PD   PC     HL EL BF SF   PF   BV     rpm             State MissionState Setpoint Error Depth 
2021-10-21 15:25:18,244:INFO: 25.13 24.60 24.55 24.64 24.91 0.01 0.01 0.00 11.18 11.44 10.19 10.37 1639.82 6304.40 1.51 100.00 0  0  2  None None 617.70 Buffering (0/1) STOP  IDLE         30.00    None  None  
2021-10-21 15:25:18,245:WARNING: Stopped
2021-10-21 15:25:18,251:ERROR: unknown header: LC:22.00
2021-10-21 15:25:18,750:INFO: State.STOP
2021-10-21 15:25:18,751:INFO: BT1   BT2   TT1   TT2   AT    X    Y    Z    BP1   BP2   TP1   TP2   HP      AP      PD   PC     HL EL BF SF   PF   BV     rpm             State MissionState Setpoint Error Depth 
2021-10-21 15:25:18,752:INFO: 25.13 24.60 24.54 24.64 24.91 0.01 0.01 0.00 11.18 11.44 10.19 10.37 1639.88 6304.24 1.51 100.00 0  0  2  None None 617.66 Buffering (0/1) STOP  IDLE         30.00    None  None  
2021-10-21 15:25:18,753:WARNING: Stopped
2021-10-21 15:25:18,779:ERROR: unknown header: LC:23.00
2021-10-21 15:25:19,278:INFO: State.STOP
2021-10-21 15:25:19,279:INFO: BT1   BT2   TT1   TT2   AT    X    Y    Z    BP1   BP2   TP1   TP2   HP      AP      PD   PC     HL EL BF SF   PF   BV     rpm             State MissionState Setpoint Error Depth 
2021-10-21 15:25:19,280:INFO: 25.13 24.60 24.54 24.64 24.91 0.01 0.01 0.00 11.18 11.43 10.19 10.38 1639.94 6304.02 1.51 100.00 0  0  2  None None 617.86 Buffering (0/1) STOP  IDLE         30.00    None  None  
2021-10-21 15:25:19,281:WARNING: Stopped
2021-10-21 15:25:19,288:ERROR: unknown header: LC:24.00
2021-10-21 15:25:19,786:INFO: State.STOP
2021-10-21 15:25:19,787:INFO: BT1   BT2   TT1   TT2   AT    X    Y    Z    BP1   BP2   TP1   TP2   HP      AP      PD   PC     HL EL BF SF   PF   BV     rpm             State MissionState Setpoint Error Depth 
2021-10-21 15:25:19,788:INFO: 25.13 24.60 24.54 24.64 24.91 0.01 0.01 0.00 11.18 11.44 10.19 10.37 1640.08 6303.84 1.51 100.00 0  0  2  None None 617.90 Buffering (0/1) STOP  IDLE         30.00    None  None  
2021-10-21 15:25:19,789:WARNING: Stopped
2021-10-21 15:25:19,815:ERROR: unknown header: LC:25.00
2021-10-21 15:25:20,314:INFO: State.STOP
2021-10-21 15:25:20,315:INFO: BT1   BT2   TT1   TT2   AT    X    Y    Z    BP1   BP2   TP1   TP2   HP      AP      PD   PC     HL EL BF SF   PF   BV     rpm             State MissionState Setpoint Error Depth 
2021-10-21 15:25:20,316:INFO: 25.13 24.60 24.54 24.64 24.91 0.00 0.00 0.00 11.18 11.44 10.19 10.37 1640.14 6303.64 1.51 100.00 0  0  2  None None 617.79 Buffering (0/1) STOP  IDLE         30.00    None  None  
2021-10-21 15:25:20,317:WARNING: Stopped
2021-10-21 15:25:20,324:ERROR: unknown header: LC:26.00
2021-10-21 15:25:20,824:INFO: State.STOP
2021-10-21 15:25:20,825:INFO: BT1   BT2   TT1   TT2   AT    X    Y    Z    BP1   BP2   TP1   TP2   HP      AP      PD   PC     HL EL BF SF   PF   BV     rpm             State MissionState Setpoint Error Depth 
2021-10-21 15:25:20,826:INFO: 25.13 24.60 24.54 24.65 24.91 0.00 0.00 0.00 11.18 11.44 10.19 10.37 1640.32 6303.56 1.51 100.00 0  0  2  None None 617.79 Buffering (0/1) STOP  IDLE         30.00    None  None  
2021-10-21 15:25:20,827:WARNING: Stopped
2021-10-21 15:25:20,852:ERROR: unknown header: LC:27.00
2021-10-21 15:25:21,350:INFO: State.STOP
2021-10-21 15:25:21,351:INFO: BT1   BT2   TT1   TT2   AT    X     Y    Z    BP1   BP2   TP1   TP2   HP      AP      PD   PC     HL EL BF SF   PF   BV     rpm             State MissionState Setpoint Error Depth 
2021-10-21 15:25:21,352:INFO: 25.13 24.60 24.54 24.65 24.91 -0.00 0.00 0.00 11.18 11.44 10.19 10.37 1640.30 6303.38 1.51 100.00 0  0  2  None None 617.86 Buffering (0/1) STOP  IDLE         30.00    None  None  
2021-10-21 15:25:21,353:WARNING: Stopped
2021-10-21 15:25:21,364:ERROR: unknown header: LC:28.00
2021-10-21 15:25:21,862:INFO: State.STOP
2021-10-21 15:25:21,864:INFO: BT1   BT2   TT1   TT2   AT    X     Y    Z    BP1   BP2   TP1   TP2   HP      AP      PD   PC     HL EL BF SF   PF   BV     rpm             State MissionState Setpoint Error Depth 
2021-10-21 15:25:21,865:INFO: 25.13 24.60 24.54 24.65 24.91 -0.00 0.00 0.00 11.18 11.44 10.19 10.37 1640.44 6303.34 1.51 100.00 0  0  2  None None 617.90 Buffering (0/1) STOP  IDLE         30.00    None  None  
2021-10-21 15:25:21,866:WARNING: Stopped
2021-10-21 15:25:21,889:ERROR: unknown header: LC:29.00
2021-10-21 15:25:22,388:INFO: State.STOP
2021-10-21 15:25:22,389:INFO: BT1   BT2   TT1   TT2   AT    X     Y    Z     BP1   BP2   TP1   TP2   HP      AP      PD   PC     HL EL BF SF   PF   BV     rpm             State MissionState Setpoint Error Depth 
2021-10-21 15:25:22,390:INFO: 25.13 24.60 24.54 24.65 24.91 -0.00 0.00 -0.00 11.18 11.44 10.19 10.38 1640.50 6303.26 1.51 100.00 0  0  2  None None 617.95 Buffering (0/1) STOP  IDLE         30.00    None  None  
2021-10-21 15:25:22,391:WARNING: Stopped
2021-10-21 15:25:22,398:ERROR: unknown header: LC:30.00
2021-10-21 15:25:22,898:INFO: State.STOP
2021-10-21 15:25:22,899:INFO: BT1   BT2   TT1   TT2   AT    X     Y    Z     BP1   BP2   TP1   TP2   HP      AP      PD   PC     HL EL BF SF   PF   BV     rpm             State MissionState Setpoint Error Depth 
2021-10-21 15:25:22,900:INFO: 25.13 24.60 24.54 24.65 24.91 -0.00 0.00 -0.00 11.18 11.44 10.19 10.38 1640.70 6303.16 1.51 100.00 0  0  2  None None 617.90 Buffering (0/1) STOP  IDLE         30.00    None  None  
2021-10-21 15:25:22,901:WARNING: Stopped
2021-10-21 15:25:22,924:ERROR: unknown header: LC:31.00
2021-10-21 15:25:23,423:INFO: State.STOP
2021-10-21 15:25:23,424:INFO: BT1   BT2   TT1   TT2   AT    X     Y    Z     BP1   BP2   TP1   TP2   HP      AP      PD   PC     HL EL BF SF   PF   BV     rpm             State MissionState Setpoint Error Depth 
2021-10-21 15:25:23,425:INFO: 25.13 24.59 24.54 24.66 24.91 -0.01 0.00 -0.00 11.18 11.44 10.19 10.38 1640.76 6302.98 1.51 100.00 0  0  2  None None 617.99 Buffering (0/1) STOP  IDLE         30.00    None  None  
2021-10-21 15:25:23,426:WARNING: Stopped
2021-10-21 15:25:23,434:ERROR: unknown header: LC:32.00
2021-10-21 15:25:23,933:INFO: State.STOP
2021-10-21 15:25:23,934:INFO: BT1   BT2   TT1   TT2   AT    X     Y    Z     BP1   BP2   TP1   TP2   HP      AP      PD   PC     HL EL BF SF   PF   BV     rpm             State MissionState Setpoint Error Depth 
2021-10-21 15:25:23,935:INFO: 25.13 24.59 24.54 24.65 24.91 -0.01 0.00 -0.00 11.18 11.44 10.19 10.38 1640.78 6302.88 1.51 100.00 0  0  2  None None 617.97 Buffering (0/1) STOP  IDLE         30.00    None  None  
2021-10-21 15:25:23,936:WARNING: Stopped
2021-10-21 15:25:23,961:ERROR: unknown header: LC:33.00
2021-10-21 15:25:24,460:INFO: State.STOP
2021-10-21 15:25:24,461:INFO: BT1   BT2   TT1   TT2   AT    X     Y    Z     BP1   BP2   TP1   TP2   HP      AP      PD   PC     HL EL BF SF   PF   BV     rpm             State MissionState Setpoint Error Depth 
2021-10-21 15:25:24,463:INFO: 25.13 24.59 24.54 24.66 24.91 -0.00 0.00 -0.01 11.18 11.44 10.19 10.38 1640.68 6302.74 1.51 100.00 0  0  2  None None 618.06 Buffering (0/1) STOP  IDLE         30.00    None  None  
2021-10-21 15:25:24,464:WARNING: Stopped
2021-10-21 15:25:24,472:ERROR: unknown header: LC:34.00
2021-10-21 15:25:24,971:INFO: State.STOP
2021-10-21 15:25:24,972:INFO: BT1   BT2   TT1   TT2   AT    X     Y    Z     BP1   BP2   TP1   TP2   HP      AP      PD   PC     HL EL BF SF   PF   BV     rpm             State MissionState Setpoint Error Depth 
2021-10-21 15:25:24,973:INFO: 25.13 24.59 24.54 24.66 24.91 -0.00 0.00 -0.01 11.18 11.44 10.19 10.38 1640.66 6302.80 1.51 100.00 0  0  2  None None 617.92 Buffering (0/1) STOP  IDLE         30.00    None  None  
2021-10-21 15:25:24,974:WARNING: Stopped
2021-10-21 15:25:25,001:ERROR: unknown header: LC:35.00
2021-10-21 15:25:25,500:INFO: State.STOP
2021-10-21 15:25:25,501:INFO: BT1   BT2   TT1   TT2   AT    X    Y    Z     BP1   BP2   TP1   TP2   HP      AP      PD   PC     HL EL BF SF   PF   BV     rpm             State MissionState Setpoint Error Depth 
2021-10-21 15:25:25,502:INFO: 25.13 24.59 24.54 24.66 24.91 0.01 0.01 -0.01 11.18 11.44 10.19 10.37 1640.54 6302.68 1.51 100.00 0  0  2  None None 618.04 Buffering (0/1) STOP  IDLE         30.00    None  None  
2021-10-21 15:25:25,503:WARNING: Stopped
2021-10-21 15:25:25,511:ERROR: unknown header: LC:36.00
2021-10-21 15:25:26,011:INFO: State.STOP
2021-10-21 15:25:26,012:INFO: BT1   BT2   TT1   TT2   AT    X    Y    Z     BP1   BP2   TP1   TP2   HP      AP      PD   PC     HL EL BF SF   PF   BV     rpm             State MissionState Setpoint Error Depth 
2021-10-21 15:25:26,013:INFO: 25.13 24.59 24.54 24.66 24.91 0.01 0.01 -0.01 11.18 11.44 10.19 10.37 1640.52 6302.60 1.51 100.00 0  0  2  None None 618.08 Buffering (0/1) STOP  IDLE         30.00    None  None  
2021-10-21 15:25:26,014:WARNING: Stopped
2021-10-21 15:25:26,041:ERROR: unknown header: LC:37.00
2021-10-21 15:25:26,540:INFO: State.STOP
2021-10-21 15:25:26,541:INFO: BT1   BT2   TT1   TT2   AT    X    Y    Z     BP1   BP2   TP1   TP2   HP      AP      PD   PC     HL EL BF SF   PF   BV     rpm             State MissionState Setpoint Error Depth 
2021-10-21 15:25:26,542:INFO: 25.13 24.59 24.54 24.66 24.91 0.01 0.01 -0.00 11.18 11.44 10.19 10.37 1640.62 6302.46 1.51 100.00 0  0  2  None None 618.12 Buffering (0/1) STOP  IDLE         30.00    None  None  
2021-10-21 15:25:26,543:WARNING: Stopped
2021-10-21 15:25:26,606:ERROR: unknown header: LC:38.00
2021-10-21 15:25:27,105:INFO: State.STOP
2021-10-21 15:25:27,106:INFO: BT1   BT2   TT1   TT2   AT    X    Y    Z    BP1   BP2   TP1   TP2   HP      AP      PD   PC     HL EL BF SF   PF   BV     rpm             State MissionState Setpoint Error Depth 
2021-10-21 15:25:27,107:INFO: 25.13 24.59 24.54 24.66 24.91 0.01 0.01 0.00 11.18 11.44 10.19 10.37 1640.68 6302.54 1.51 100.00 0  0  2  None None 617.97 Buffering (0/1) STOP  IDLE         30.00    None  None  
2021-10-21 15:25:27,108:WARNING: Stopped
2021-10-21 15:25:27,119:ERROR: unknown header: LC:39.00
2021-10-21 15:25:27,618:INFO: State.STOP
2021-10-21 15:25:27,619:INFO: BT1   BT2   TT1   TT2   AT    X    Y    Z    BP1   BP2   TP1   TP2   HP      AP      PD   PC     HL EL BF SF   PF   BV     rpm             State MissionState Setpoint Error Depth 
2021-10-21 15:25:27,621:INFO: 25.13 24.59 24.54 24.66 24.91 0.01 0.01 0.00 11.19 11.44 10.19 10.37 1640.68 6302.40 1.51 100.00 0  0  2  None None 618.08 Buffering (0/1) STOP  IDLE         30.00    None  None  
2021-10-21 15:25:27,622:WARNING: Stopped
2021-10-21 15:25:27,645:ERROR: unknown header: LC:40.00
2021-10-21 15:25:28,146:INFO: State.STOP
2021-10-21 15:25:28,147:INFO: BT1   BT2   TT1   TT2   AT    X    Y    Z    BP1   BP2   TP1   TP2   HP      AP      PD   PC     HL EL BF SF   PF   BV     rpm             State MissionState Setpoint Error Depth 
2021-10-21 15:25:28,149:INFO: 25.13 24.59 24.55 24.66 24.91 0.00 0.01 0.00 11.18 11.44 10.19 10.37 1640.66 6302.32 1.51 100.00 0  0  2  None None 618.09 Buffering (0/1) STOP  IDLE         30.00    None  None  
2021-10-21 15:25:28,149:WARNING: Stopped
2021-10-21 15:25:28,157:ERROR: unknown header: LC:41.00
2021-10-21 15:25:28,653:INFO: State.STOP
2021-10-21 15:25:28,655:INFO: BT1   BT2   TT1   TT2   AT    X    Y    Z    BP1   BP2   TP1   TP2   HP      AP      PD   PC     HL EL BF SF   PF   BV     rpm             State MissionState Setpoint Error Depth 
2021-10-21 15:25:28,656:INFO: 25.13 24.59 24.55 24.66 24.91 0.00 0.01 0.00 11.18 11.44 10.19 10.37 1640.68 6302.20 1.51 100.00 0  0  2  None None 618.21 Buffering (0/1) STOP  IDLE         30.00    None  None  
2021-10-21 15:25:28,657:WARNING: Stopped
2021-10-21 15:25:28,680:ERROR: unknown header: LC:42.00
2021-10-21 15:25:29,180:INFO: State.STOP
2021-10-21 15:25:29,182:INFO: BT1   BT2   TT1   TT2   AT    X    Y    Z    BP1   BP2   TP1   TP2   HP      AP      PD   PC     HL EL BF SF   PF   BV     rpm             State MissionState Setpoint Error Depth 
2021-10-21 15:25:29,184:INFO: 25.13 24.59 24.55 24.66 24.91 0.00 0.01 0.01 11.18 11.44 10.19 10.37 1640.76 6302.20 1.51 100.00 0  0  2  None None 618.12 Buffering (0/1) STOP  IDLE         30.00    None  None  
2021-10-21 15:25:29,184:WARNING: Stopped
2021-10-21 15:25:29,191:ERROR: unknown header: LC:43.00
2021-10-21 15:25:29,689:INFO: State.STOP
2021-10-21 15:25:29,691:INFO: BT1   BT2   TT1   TT2   AT    X    Y    Z    BP1   BP2   TP1   TP2   HP      AP      PD   PC     HL EL BF SF   PF   BV     rpm             State MissionState Setpoint Error Depth 
2021-10-21 15:25:29,692:INFO: 25.13 24.59 24.56 24.66 24.91 0.00 0.01 0.01 11.18 11.44 10.19 10.38 1640.78 6301.88 1.51 100.00 0  0  2  None None 618.28 Buffering (0/1) STOP  IDLE         30.00    None  None  
2021-10-21 15:25:29,693:WARNING: Stopped
2021-10-21 15:25:29,718:ERROR: unknown header: LC:44.00
2021-10-21 15:25:30,218:INFO: State.STOP
2021-10-21 15:25:30,220:INFO: BT1   BT2   TT1   TT2   AT    X     Y    Z    BP1   BP2   TP1   TP2   HP      AP      PD   PC     HL EL BF SF   PF   BV     rpm             State MissionState Setpoint Error Depth 
2021-10-21 15:25:30,221:INFO: 25.13 24.60 24.56 24.66 24.91 -0.01 0.01 0.01 11.18 11.44 10.18 10.38 1640.90 6301.76 1.51 100.00 0  0  2  None None 618.21 Buffering (0/1) STOP  IDLE         30.00    None  None  
2021-10-21 15:25:30,222:WARNING: Stopped
2021-10-21 15:25:30,230:ERROR: unknown header: LC:45.00
2021-10-21 15:25:30,728:INFO: State.STOP
2021-10-21 15:25:30,730:INFO: BT1   BT2   TT1   TT2   AT    X     Y    Z    BP1   BP2   TP1   TP2   HP      AP      PD   PC     HL EL BF SF   PF   BV     rpm             State MissionState Setpoint Error Depth 
2021-10-21 15:25:30,731:INFO: 25.13 24.58 24.55 24.66 24.91 -0.01 0.01 0.01 11.18 11.44 10.18 10.38 1640.94 6301.68 1.51 100.00 0  0  2  None None 618.21 Buffering (0/1) STOP  IDLE         30.00    None  None  
2021-10-21 15:25:30,732:WARNING: Stopped
2021-10-21 15:25:30,756:ERROR: unknown header: LC:46.00
2021-10-21 15:25:31,254:INFO: State.STOP
2021-10-21 15:25:31,255:INFO: BT1   BT2   TT1   TT2   AT    X    Y    Z    BP1   BP2   TP1   TP2   HP      AP      PD   PC     HL EL BF SF   PF   BV     rpm             State MissionState Setpoint Error Depth 
2021-10-21 15:25:31,257:INFO: 25.13 24.59 24.55 24.66 24.91 0.00 0.00 0.01 11.18 11.44 10.18 10.38 1641.04 6301.70 1.51 100.00 0  0  2  None None 618.19 Buffering (0/1) STOP  IDLE         30.00    None  None  
2021-10-21 15:25:31,257:WARNING: Stopped
2021-10-21 15:25:31,266:ERROR: unknown header: LC:47.00
2021-10-21 15:25:31,765:INFO: State.STOP
2021-10-21 15:25:31,767:INFO: BT1   BT2   TT1   TT2   AT    X    Y    Z    BP1   BP2   TP1   TP2   HP      AP      PD   PC     HL EL BF SF   PF   BV     rpm             State MissionState Setpoint Error Depth 
2021-10-21 15:25:31,768:INFO: 25.13 24.59 24.55 24.66 24.91 0.00 0.00 0.01 11.18 11.44 10.18 10.37 1641.00 6301.52 1.51 100.00 0  0  2  None None 618.32 Buffering (0/1) STOP  IDLE         30.00    None  None  
2021-10-21 15:25:31,769:WARNING: Stopped
2021-10-21 15:25:31,796:ERROR: unknown header: LC:48.00
2021-10-21 15:25:32,294:INFO: State.STOP
2021-10-21 15:25:32,295:INFO: BT1   BT2   TT1   TT2   AT    X    Y    Z    BP1   BP2   TP1   TP2   HP      AP      PD   PC     HL EL BF SF   PF   BV     rpm             State MissionState Setpoint Error Depth 
2021-10-21 15:25:32,296:INFO: 25.13 24.58 24.55 24.66 24.91 0.01 0.00 0.01 11.18 11.44 10.19 10.37 1641.14 6301.38 1.51 100.00 0  0  2  None None 618.48 Buffering (0/1) STOP  IDLE         30.00    None  None  
2021-10-21 15:25:32,297:WARNING: Stopped
2021-10-21 15:25:32,304:ERROR: unknown header: LC:49.00
2021-10-21 15:25:32,802:INFO: State.STOP
2021-10-21 15:25:32,804:INFO: BT1   BT2   TT1   TT2   AT    X    Y    Z    BP1   BP2   TP1   TP2   HP      AP      PD   PC     HL EL BF SF   PF   BV     rpm             State MissionState Setpoint Error Depth 
2021-10-21 15:25:32,806:INFO: 25.13 24.58 24.55 24.66 24.91 0.01 0.00 0.01 11.18 11.44 10.19 10.38 1641.22 6301.20 1.51 100.00 0  0  2  None None 618.41 Buffering (0/1) STOP  IDLE         30.00    None  None  
2021-10-21 15:25:32,806:WARNING: Stopped
2021-10-21 15:25:32,829:ERROR: unknown header: LC:50.00
2021-10-21 15:25:33,328:INFO: State.STOP
2021-10-21 15:25:33,330:INFO: BT1   BT2   TT1   TT2   AT    X     Y     Z    BP1   BP2   TP1   TP2   HP      AP      PD   PC     HL EL BF SF   PF   BV     rpm             State MissionState Setpoint Error Depth 
2021-10-21 15:25:33,331:INFO: 25.13 24.59 24.56 24.66 24.91 -0.00 -0.00 0.01 11.18 11.44 10.19 10.38 1641.12 6301.18 1.51 100.00 0  0  2  None None 618.24 Buffering (0/1) STOP  IDLE         30.00    None  None  
2021-10-21 15:25:33,332:WARNING: Stopped
2021-10-21 15:25:33,340:ERROR: unknown header: LC:51.00
2021-10-21 15:25:33,838:INFO: State.STOP
2021-10-21 15:25:33,840:INFO: BT1   BT2   TT1   TT2   AT    X     Y     Z    BP1   BP2   TP1   TP2   HP      AP      PD   PC     HL EL BF SF   PF   BV     rpm             State MissionState Setpoint Error Depth 
2021-10-21 15:25:33,841:INFO: 25.13 24.60 24.55 24.66 24.91 -0.00 -0.00 0.01 11.18 11.44 10.19 10.37 1641.26 6301.12 1.51 100.00 0  0  2  None None 618.26 Buffering (0/1) STOP  IDLE         30.00    None  None  
2021-10-21 15:25:33,842:WARNING: Stopped
2021-10-21 15:25:33,868:ERROR: unknown header: LC:52.00
2021-10-21 15:25:34,366:INFO: State.STOP
2021-10-21 15:25:34,368:INFO: BT1   BT2   TT1   TT2   AT    X    Y    Z    BP1   BP2   TP1   TP2   HP      AP      PD   PC     HL EL BF SF   PF   BV     rpm             State MissionState Setpoint Error Depth 
2021-10-21 15:25:34,369:INFO: 25.13 24.60 24.55 24.66 24.91 0.00 0.00 0.01 11.18 11.44 10.18 10.37 1641.34 6300.98 1.51 100.00 0  0  2  None None 618.48 Buffering (0/1) STOP  IDLE         30.00    None  None  
2021-10-21 15:25:34,369:WARNING: Stopped
2021-10-21 15:25:34,378:ERROR: unknown header: LC:53.00
2021-10-21 15:25:34,877:INFO: State.STOP
2021-10-21 15:25:34,878:INFO: BT1   BT2   TT1   TT2   AT    X    Y    Z    BP1   BP2   TP1   TP2   HP      AP      PD   PC     HL EL BF SF   PF   BV     rpm             State MissionState Setpoint Error Depth 
2021-10-21 15:25:34,879:INFO: 25.13 24.60 24.55 24.66 24.91 0.00 0.00 0.01 11.18 11.44 10.18 10.38 1641.34 6301.04 1.51 100.00 0  0  2  None None 618.41 Buffering (0/1) STOP  IDLE         30.00    None  None  
2021-10-21 15:25:34,879:WARNING: Stopped
2021-10-21 15:25:34,906:ERROR: unknown header: LC:54.00
2021-10-21 15:25:35,406:INFO: State.STOP
2021-10-21 15:25:35,407:INFO: BT1   BT2   TT1   TT2   AT    X    Y    Z    BP1   BP2   TP1   TP2   HP      AP      PD   PC     HL EL BF SF   PF   BV     rpm             State MissionState Setpoint Error Depth 
2021-10-21 15:25:35,408:INFO: 25.13 24.60 24.56 24.66 24.91 0.00 0.00 0.01 11.18 11.44 10.18 10.37 1641.26 6301.00 1.51 100.00 0  0  2  None None 618.46 Buffering (0/1) STOP  IDLE         30.00    None  None  
2021-10-21 15:25:35,408:WARNING: Stopped
2021-10-21 15:25:35,418:ERROR: unknown header: LC:55.00
2021-10-21 15:25:35,915:INFO: State.STOP
2021-10-21 15:25:35,916:INFO: BT1   BT2   TT1   TT2   AT    X    Y    Z    BP1   BP2   TP1   TP2   HP      AP      PD   PC     HL EL BF SF   PF   BV     rpm             State MissionState Setpoint Error Depth 
2021-10-21 15:25:35,917:INFO: 25.13 24.60 24.56 24.66 24.91 0.00 0.00 0.01 11.18 11.44 10.18 10.37 1641.42 6300.82 1.51 100.00 0  0  2  None None 618.43 Buffering (0/1) STOP  IDLE         30.00    None  None  
2021-10-21 15:25:35,917:WARNING: Stopped
2021-10-21 15:25:35,945:ERROR: unknown header: LC:56.00
2021-10-21 15:25:36,444:INFO: State.STOP
2021-10-21 15:25:36,445:INFO: BT1   BT2   TT1   TT2   AT    X     Y    Z    BP1   BP2   TP1   TP2   HP      AP      PD   PC     HL EL BF SF   PF   BV     rpm             State MissionState Setpoint Error Depth 
2021-10-21 15:25:36,446:INFO: 25.13 24.60 24.56 24.66 24.91 -0.00 0.01 0.00 11.18 11.44 10.19 10.37 1641.26 6300.60 1.51 100.00 0  0  2  None None 618.50 Buffering (0/1) STOP  IDLE         30.00    None  None  
2021-10-21 15:25:36,447:WARNING: Stopped
2021-10-21 15:25:36,453:ERROR: unknown header: LC:57.00
2021-10-21 15:25:36,952:INFO: State.STOP
2021-10-21 15:25:36,953:INFO: BT1   BT2   TT1   TT2   AT    X     Y    Z    BP1   BP2   TP1   TP2   HP      AP      PD   PC     HL EL BF SF   PF   BV     rpm             State MissionState Setpoint Error Depth 
2021-10-21 15:25:36,954:INFO: 25.13 24.60 24.56 24.66 24.91 -0.00 0.01 0.00 11.18 11.44 10.19 10.37 1641.28 6300.56 1.51 100.00 0  0  2  None None 618.52 Buffering (0/1) STOP  IDLE         30.00    None  None  
2021-10-21 15:25:36,955:WARNING: Stopped
2021-10-21 15:25:36,981:ERROR: unknown header: LC:58.00
2021-10-21 15:25:37,480:INFO: State.STOP
2021-10-21 15:25:37,481:INFO: BT1   BT2   TT1   TT2   AT    X     Y    Z     BP1   BP2   TP1   TP2   HP      AP      PD   PC     HL EL BF SF   PF   BV     rpm             State MissionState Setpoint Error Depth 
2021-10-21 15:25:37,482:INFO: 25.13 24.60 24.56 24.66 24.91 -0.00 0.00 -0.00 11.18 11.44 10.19 10.37 1641.28 6300.34 1.51 100.00 0  0  2  None None 618.66 Buffering (0/1) STOP  IDLE         30.00    None  None  
2021-10-21 15:25:37,483:WARNING: Stopped
2021-10-21 15:25:37,489:ERROR: unknown header: LC:59.00
2021-10-21 15:25:37,987:INFO: State.STOP
2021-10-21 15:25:37,988:INFO: BT1   BT2   TT1   TT2   AT    X     Y    Z     BP1   BP2   TP1   TP2   HP      AP      PD   PC     HL EL BF SF   PF   BV     rpm             State MissionState Setpoint Error Depth 
2021-10-21 15:25:37,989:INFO: 25.13 24.60 24.56 24.66 24.91 -0.00 0.00 -0.00 11.18 11.44 10.19 10.37 1641.32 6300.26 1.51 100.00 0  0  2  None None 618.55 Buffering (0/1) STOP  IDLE         30.00    None  None  
2021-10-21 15:25:37,990:WARNING: Stopped
2021-10-21 15:25:38,018:ERROR: unknown header: LC:60.00
2021-10-21 15:25:38,516:INFO: State.STOP
2021-10-21 15:25:38,518:INFO: BT1   BT2   TT1   TT2   AT    X    Y    Z     BP1   BP2   TP1   TP2   HP      AP      PD   PC     HL EL BF SF   PF   BV     rpm             State MissionState Setpoint Error Depth 
2021-10-21 15:25:38,519:INFO: 25.13 24.60 24.56 24.66 24.91 0.01 0.00 -0.00 11.18 11.44 10.19 10.37 1641.48 6300.16 1.51 100.00 0  0  2  None None 618.55 Buffering (0/1) STOP  IDLE         30.00    None  None  
2021-10-21 15:25:38,520:WARNING: Stopped
2021-10-21 15:25:38,528:ERROR: unknown header: LC:61.00
2021-10-21 15:25:39,026:INFO: State.STOP
2021-10-21 15:25:39,028:INFO: BT1   BT2   TT1   TT2   AT    X    Y    Z     BP1   BP2   TP1   TP2   HP      AP      PD   PC     HL EL BF SF   PF   BV     rpm             State MissionState Setpoint Error Depth 
2021-10-21 15:25:39,029:INFO: 25.13 24.60 24.56 24.66 24.91 0.01 0.00 -0.00 11.18 11.44 10.19 10.38 1641.60 6300.12 1.51 100.00 0  0  2  None None 618.55 Buffering (0/1) STOP  IDLE         30.00    None  None  
2021-10-21 15:25:39,030:WARNING: Stopped
2021-10-21 15:25:39,055:ERROR: unknown header: LC:62.00
2021-10-21 15:25:39,554:INFO: State.STOP
2021-10-21 15:25:39,555:INFO: BT1   BT2   TT1   TT2   AT    X    Y    Z     BP1   BP2   TP1   TP2   HP      AP      PD   PC     HL EL BF SF   PF   BV     rpm             State MissionState Setpoint Error Depth 
2021-10-21 15:25:39,557:INFO: 25.13 24.60 24.56 24.66 24.91 0.00 0.00 -0.00 11.18 11.44 10.19 10.38 1641.62 6300.02 1.51 100.00 0  0  2  None None 618.63 Buffering (0/1) STOP  IDLE         30.00    None  None  
2021-10-21 15:25:39,557:WARNING: Stopped
2021-10-21 15:25:39,567:ERROR: unknown header: LC:63.00
2021-10-21 15:25:39,734:INFO: 
2021-10-21 15:25:39,735:CRITICAL: System shutdown
2021-10-21 15:25:39,736:INFO: cleaning (resetting rpi gpio)
