2021-10-21 15:24:49,781:WARNING: Safety is disabled
2021-10-21 15:24:49,783:WARNING: Test mode
2021-10-21 15:24:49,785:INFO: Pressure controller was initialized successfully
2021-10-21 15:24:49,787:INFO: BP1 pressure sensor was initialized successfully
2021-10-21 15:24:49,788:INFO: BP2 pressure sensor was initialized successfully
2021-10-21 15:24:49,788:INFO: TP1 pressure sensor was initialized successfully
2021-10-21 15:24:49,789:INFO: TP2 pressure sensor was initialized successfully
2021-10-21 15:24:49,791:INFO: HP pressure sensor was initialized successfully
2021-10-21 15:24:49,792:INFO: AP pressure sensor was initialized successfully
2021-10-21 15:24:49,793:INFO: Temperature controller was initialized successfully
2021-10-21 15:24:49,793:INFO: BT1 temperature sensor was initialized successfully
2021-10-21 15:24:49,794:INFO: BT2 temperature sensor was initialized successfully
2021-10-21 15:24:49,794:INFO: TT1 temperature sensor was initialized successfully
2021-10-21 15:24:49,795:INFO: TT2 temperature sensor was initialized successfully
2021-10-21 15:24:49,795:INFO: AT temperature sensor was initialized successfully
2021-10-21 15:24:49,795:INFO: IMU controller was initialized successfully
2021-10-21 15:24:49,796:INFO: X IMU sensor was initialized successfully
2021-10-21 15:24:49,796:INFO: Y IMU sensor was initialized successfully
2021-10-21 15:24:49,796:INFO: Z IMU sensor was initialized successfully
2021-10-21 15:24:49,797:INFO: Bladder volume controller was initialized successfully
2021-10-21 15:24:49,797:INFO: Altimeter controller was initialized successfully
2021-10-21 15:24:49,798:INFO: rpm controller was initialized successfully
2021-10-21 15:24:49,798:INFO: Pump flag controller was initialized successfully
2021-10-21 15:24:49,798:INFO: Bladder flag controller was initialized successfully
2021-10-21 15:24:49,799:INFO: Hull leak flag controller was initialized successfully
2021-10-21 15:24:49,799:INFO: Engine leak flag controller was initialized successfully
2021-10-21 15:24:49,799:INFO: Full surface initiated flag controller was initialized successfully
2021-10-21 15:24:49,802:INFO: SerialComm was initialized successfully
2021-10-21 15:24:49,815:INFO: Profile file loaded successfully

2021-10-21 15:24:49,816:INFO: Profile class was initialized successfully

2021-10-21 15:24:49,817:INFO: setting state to MissionState.IDLE
2021-10-21 15:24:49,826:INFO: State.STOP
2021-10-21 15:24:49,827:INFO: BT1             BT2             TT1             TT2             AT              X               Y               Z               BP1             BP2             TP1             TP2             HP              AP              PD PC HL   EL   BF   SF   PF   BV     rpm             State MissionState Setpoint Error Depth 
2021-10-21 15:24:49,828:INFO: Buffering (0/5) Buffering (0/5) Buffering (0/5) Buffering (0/5) Buffering (1/5) Buffering (0/5) Buffering (0/5) Buffering (0/5) Buffering (0/5) Buffering (0/5) Buffering (0/5) Buffering (0/5) Buffering (0/5) Buffering (1/5) 0  0  None None None None None 363.02 Buffering (0/1) STOP  IDLE         30.00    None  None  
2021-10-21 15:24:49,830:WARNING: Stopped
2021-10-21 15:24:49,857:INFO: State.STOP
2021-10-21 15:24:49,859:INFO: BT1             BT2             TT1             TT2             AT              X               Y               Z               BP1             BP2             TP1             TP2             HP              AP              PD PC HL   EL   BF SF   PF   BV     rpm             State MissionState Setpoint Error Depth 
2021-10-21 15:24:49,861:INFO: Buffering (0/5) Buffering (0/5) Buffering (1/5) Buffering (1/5) Buffering (2/5) Buffering (1/5) Buffering (1/5) Buffering (1/5) Buffering (0/5) Buffering (0/5) Buffering (1/5) Buffering (1/5) Buffering (1/5) Buffering (2/5) 0  0  None None 0  None None 363.02 Buffering (0/1) STOP  IDLE         30.00    None  None  
2021-10-21 15:24:49,862:WARNING: Stopped
2021-10-21 15:24:49,888:INFO: State.STOP
2021-10-21 15:24:49,890:INFO: BT1             BT2             TT1             TT2             AT              X               Y               Z               BP1             BP2             TP1             TP2             HP              AP              PD PC HL   EL   BF SF   PF   BV     rpm             State MissionState Setpoint Error Depth 
2021-10-21 15:24:49,892:INFO: Buffering (0/5) Buffering (0/5) Buffering (2/5) Buffering (2/5) Buffering (3/5) Buffering (2/5) Buffering (2/5) Buffering (2/5) Buffering (0/5) Buffering (0/5) Buffering (2/5) Buffering (2/5) Buffering (2/5) Buffering (3/5) 0  0  None None 0  None None 363.02 Buffering (0/1) STOP  IDLE         30.00    None  None  
2021-10-21 15:24:49,893:WARNING: Stopped
2021-10-21 15:24:51,216:ERROR: unknown header: SU:0.00
2021-10-21 15:24:53,019:ERROR: unknown header: Date: 10/21/2021 Time
2021-10-21 15:24:54,718:ERROR: unknown header: SU:1.00
2021-10-21 15:24:54,721:ERROR: unknown header: LC:1.00
2021-10-21 15:24:55,220:WARNING: restarting
2021-10-21 15:24:55,229:INFO: State.INIT
2021-10-21 15:24:55,231:INFO: BT1             BT2             TT1             TT2             AT              X               Y               Z               BP1             BP2             TP1             TP2             HP              AP              PD PC HL   EL   BF   SF   PF   BV rpm             State MissionState Setpoint Error Depth 
2021-10-21 15:24:55,231:INFO: Buffering (0/5) Buffering (0/5) Buffering (0/5) Buffering (0/5) Buffering (0/5) Buffering (0/5) Buffering (0/5) Buffering (0/5) Buffering (0/5) Buffering (0/5) Buffering (0/5) Buffering (0/5) Buffering (0/5) Buffering (0/5) 0  0  None None None None None 0  Buffering (0/1) INIT  IDLE         30.00    None  None  
2021-10-21 15:24:55,250:ERROR: unknown header: LC:2.00
2021-10-21 15:24:55,749:INFO: State.WAIT_FOR_SENSOR_BUFFER
2021-10-21 15:24:55,750:INFO: BT1             BT2             TT1             TT2             AT              X               Y               Z               BP1             BP2             TP1             TP2             HP              AP              PD   PC     HL EL BF SF   PF   BV     rpm             State                  MissionState Setpoint Error Depth 
2021-10-21 15:24:55,751:INFO: Buffering (1/5) Buffering (1/5) Buffering (1/5) Buffering (1/5) Buffering (1/5) Buffering (1/5) Buffering (1/5) Buffering (1/5) Buffering (1/5) Buffering (1/5) Buffering (1/5) Buffering (1/5) Buffering (1/5) Buffering (1/5) 1.48 100.00 0  0  0  None None 363.53 Buffering (0/1) WAIT_FOR_SENSOR_BUFFER IDLE         30.00    None  None  
2021-10-21 15:24:55,751:WARNING: sensor BT1 is not ready
2021-10-21 15:24:55,816:ERROR: unknown header: LC:3.00
2021-10-21 15:24:56,313:INFO: State.WAIT_FOR_SENSOR_BUFFER
2021-10-21 15:24:56,314:INFO: BT1             BT2             TT1             TT2             AT              X               Y               Z               BP1             BP2             TP1             TP2             HP              AP              PD   PC     HL EL BF SF   PF   BV     rpm             State                  MissionState Setpoint Error Depth 
2021-10-21 15:24:56,315:INFO: Buffering (2/5) Buffering (2/5) Buffering (2/5) Buffering (2/5) Buffering (2/5) Buffering (2/5) Buffering (2/5) Buffering (2/5) Buffering (2/5) Buffering (2/5) Buffering (2/5) Buffering (2/5) Buffering (2/5) Buffering (2/5) 1.48 100.00 0  0  0  None None 363.59 Buffering (0/1) WAIT_FOR_SENSOR_BUFFER IDLE         30.00    None  None  
2021-10-21 15:24:56,316:WARNING: sensor BT1 is not ready
2021-10-21 15:24:56,327:ERROR: unknown header: LC:4.00
2021-10-21 15:24:56,826:INFO: State.WAIT_FOR_SENSOR_BUFFER
2021-10-21 15:24:56,828:INFO: BT1             BT2             TT1             TT2             AT              X               Y               Z               BP1             BP2             TP1             TP2             HP              AP              PD   PC     HL EL BF SF   PF   BV     rpm             State                  MissionState Setpoint Error Depth 
2021-10-21 15:24:56,830:INFO: Buffering (3/5) Buffering (3/5) Buffering (3/5) Buffering (3/5) Buffering (3/5) Buffering (3/5) Buffering (3/5) Buffering (3/5) Buffering (3/5) Buffering (3/5) Buffering (3/5) Buffering (3/5) Buffering (3/5) Buffering (3/5) 1.48 100.00 0  0  0  None None 363.51 Buffering (0/1) WAIT_FOR_SENSOR_BUFFER IDLE         30.00    None  None  
2021-10-21 15:24:56,831:WARNING: sensor BT1 is not ready
2021-10-21 15:24:56,854:ERROR: unknown header: LC:5.00
2021-10-21 15:24:57,352:INFO: State.WAIT_FOR_SENSOR_BUFFER
2021-10-21 15:24:57,354:INFO: BT1             BT2             TT1             TT2             AT              X               Y               Z               BP1             BP2             TP1             TP2             HP              AP              PD   PC     HL EL BF SF   PF   BV     rpm             State                  MissionState Setpoint Error Depth 
2021-10-21 15:24:57,356:INFO: Buffering (4/5) Buffering (4/5) Buffering (4/5) Buffering (4/5) Buffering (4/5) Buffering (3/5) Buffering (3/5) Buffering (3/5) Buffering (4/5) Buffering (4/5) Buffering (4/5) Buffering (4/5) Buffering (4/5) Buffering (4/5) 1.48 100.00 0  0  0  None None 363.63 Buffering (0/1) WAIT_FOR_SENSOR_BUFFER IDLE         30.00    None  None  
2021-10-21 15:24:57,356:WARNING: sensor BT1 is not ready
2021-10-21 15:24:57,371:ERROR: unknown header: LC:6.00
2021-10-21 15:24:57,862:INFO: State.WAIT_FOR_SENSOR_BUFFER
2021-10-21 15:24:57,864:INFO: BT1   BT2   TT1   TT2   AT    X               Y               Z               BP1   BP2   TP1   TP2   HP      AP      PD   PC     HL EL BF SF   PF   BV     rpm             State                  MissionState Setpoint Error Depth 
2021-10-21 15:24:57,865:INFO: 25.13 24.59 24.53 24.62 24.65 Buffering (4/5) Buffering (4/5) Buffering (4/5) 11.17 11.41 10.10 10.37 1170.70 7698.14 1.48 100.00 0  0  0  None None 363.57 Buffering (0/1) WAIT_FOR_SENSOR_BUFFER IDLE         30.00    None  None  
2021-10-21 15:24:57,866:WARNING: sensor X is not ready
2021-10-21 15:24:57,891:ERROR: unknown header: LC:7.00
2021-10-21 15:24:58,407:INFO: State.WAIT_FOR_SENSOR_BUFFER
2021-10-21 15:24:58,409:INFO: BT1   BT2   TT1   TT2   AT    X               Y               Z               BP1   BP2   TP1   TP2   HP      AP      PD   PC     HL EL BF SF   PF   BV     rpm             State                  MissionState Setpoint Error Depth 
2021-10-21 15:24:58,410:INFO: 25.13 24.59 24.54 24.61 24.65 Buffering (4/5) Buffering (4/5) Buffering (4/5) 11.17 11.41 10.10 10.37 1170.60 7698.00 1.48 100.00 0  0  0  None None 363.63 Buffering (0/1) WAIT_FOR_SENSOR_BUFFER IDLE         30.00    None  None  
2021-10-21 15:24:58,410:WARNING: sensor X is not ready
2021-10-21 15:24:58,421:ERROR: unknown header: LC:8.00
2021-10-21 15:24:58,903:INFO: State.WAIT_FOR_SENSOR_BUFFER
2021-10-21 15:24:58,904:INFO: BT1   BT2   TT1   TT2   AT    X     Y     Z    BP1   BP2   TP1   TP2   HP      AP      PD   PC     HL EL BF SF   PF   BV     rpm             State                  MissionState Setpoint Error Depth 
2021-10-21 15:24:58,906:INFO: 25.13 24.59 24.54 24.61 24.65 -0.01 -0.00 0.00 11.17 11.42 10.10 10.37 1170.64 7697.84 1.48 100.00 0  0  0  None None 363.70 Buffering (0/1) WAIT_FOR_SENSOR_BUFFER IDLE         30.00    None  None  
2021-10-21 15:24:58,929:ERROR: unknown header: LC:9.00
2021-10-21 15:24:59,429:INFO: State.CALIBRATE_DEPTH_SENSORS
2021-10-21 15:24:59,431:INFO: BT1   BT2   TT1   TT2   AT    X     Y     Z    BP1   BP2   TP1   TP2   HP      AP      PD   PC     HL EL BF SF   PF   BV     rpm             State                   MissionState Setpoint Error Depth 
2021-10-21 15:24:59,432:INFO: 25.13 24.60 24.54 24.61 24.65 -0.01 -0.00 0.00 11.18 11.42 10.11 10.37 1170.80 7697.48 1.48 100.00 0  0  0  None None 363.78 Buffering (0/1) CALIBRATE_DEPTH_SENSORS IDLE         30.00    None  None  
2021-10-21 15:24:59,433:ERROR: error in HP sensor value: 1170.8 is out of bound!
2021-10-21 15:24:59,434:ERROR: error in AP sensor value: 7697.48 is out of bound!
2021-10-21 15:24:59,434:INFO: depth sensors calibrated successfully
2021-10-21 15:24:59,435:INFO: offset set on: 10.77
2021-10-21 15:24:59,445:ERROR: unknown header: LC:10.00
2021-10-21 15:24:59,938:INFO: State.CALIBRATE_DEPTH_SENSORS
2021-10-21 15:24:59,940:INFO: BT1   BT2   TT1   TT2   AT    X     Y     Z    BP1   BP2   TP1   TP2   HP      AP      PD   PC     HL EL BF SF   PF   BV     rpm             State                   MissionState Setpoint Error Depth 
2021-10-21 15:24:59,941:INFO: 25.13 24.60 24.54 24.60 24.65 -0.01 -0.00 0.00 11.18 11.41 10.11 10.37 1170.68 7697.22 1.48 100.00 0  0  0  None None 363.79 Buffering (0/1) CALIBRATE_DEPTH_SENSORS IDLE         30.00    None  None  
2021-10-21 15:24:59,942:ERROR: error in HP sensor value: 1170.68 is out of bound!
2021-10-21 15:24:59,943:ERROR: error in AP sensor value: 7697.22 is out of bound!
2021-10-21 15:24:59,969:ERROR: unknown header: LC:11.00
2021-10-21 15:25:00,467:INFO: State.WAIT_FOR_WATER
2021-10-21 15:25:00,469:INFO: BT1   BT2   TT1   TT2   AT    X     Y     Z    BP1   BP2   TP1   TP2   HP      AP      PD   PC     HL EL BF SF   PF   BV     rpm             State          MissionState Setpoint Error Depth 
2021-10-21 15:25:00,470:INFO: 25.13 24.60 24.54 24.60 24.65 -0.01 -0.00 0.00 11.18 11.41 10.10 10.37 1170.74 7696.90 1.48 100.00 0  0  0  None None 363.81 Buffering (0/1) WAIT_FOR_WATER IDLE         30.00    30.00 -0.00 
2021-10-21 15:25:00,471:INFO: Waiting for water
2021-10-21 15:25:00,472:INFO: Waiting for water
2021-10-21 15:25:00,474:INFO: 0/10 secs
2021-10-21 15:25:00,485:ERROR: unknown header: LC:12.00
2021-10-21 15:25:00,977:INFO: State.WAIT_FOR_WATER
2021-10-21 15:25:00,979:INFO: BT1   BT2   TT1   TT2   AT    X     Y     Z    BP1   BP2   TP1   TP2   HP      AP      PD   PC     HL EL BF SF   PF   BV     rpm             State          MissionState Setpoint Error Depth 
2021-10-21 15:25:00,981:INFO: 25.13 24.60 24.54 24.60 24.65 -0.02 -0.00 0.00 11.17 11.41 10.10 10.37 1170.88 7696.58 1.48 100.00 0  0  0  None None 363.87 Buffering (0/1) WAIT_FOR_WATER IDLE         30.00    30.00 -0.00 
2021-10-21 15:25:00,983:INFO: Waiting for water
2021-10-21 15:25:00,983:INFO: 1/10 secs
2021-10-21 15:25:01,005:ERROR: unknown header: LC:13.00
2021-10-21 15:25:01,504:INFO: State.WAIT_FOR_WATER
2021-10-21 15:25:01,506:INFO: BT1   BT2   TT1   TT2   AT    X     Y     Z    BP1   BP2   TP1   TP2   HP      AP      PD   PC     HL EL BF SF   PF   BV     rpm             State          MissionState Setpoint Error Depth 
2021-10-21 15:25:01,507:INFO: 25.13 24.60 24.54 24.60 24.65 -0.02 -0.00 0.00 11.17 11.41 10.10 10.37 1170.82 7696.22 1.48 100.00 0  0  0  None None 363.94 Buffering (0/1) WAIT_FOR_WATER IDLE         30.00    30.00 -0.00 
2021-10-21 15:25:01,509:INFO: Waiting for water
2021-10-21 15:25:01,510:INFO: 1/10 secs
2021-10-21 15:25:01,520:ERROR: unknown header: LC:14.00
2021-10-21 15:25:02,020:INFO: State.WAIT_FOR_WATER
2021-10-21 15:25:02,022:INFO: BT1   BT2   TT1   TT2   AT    X     Y    Z    BP1   BP2   TP1   TP2   HP      AP      PD   PC     HL EL BF SF   PF   BV     rpm             State          MissionState Setpoint Error Depth 
2021-10-21 15:25:02,024:INFO: 25.13 24.60 24.54 24.60 24.65 -0.02 0.00 0.00 11.17 11.41 10.10 10.37 1170.78 7696.14 1.48 100.00 0  0  0  None None 363.84 Buffering (0/1) WAIT_FOR_WATER IDLE         30.00    30.00 -0.00 
2021-10-21 15:25:02,025:INFO: Waiting for water
2021-10-21 15:25:02,026:INFO: 2/10 secs
2021-10-21 15:25:02,046:ERROR: unknown header: LC:15.00
2021-10-21 15:25:02,544:INFO: State.WAIT_FOR_WATER
2021-10-21 15:25:02,546:INFO: BT1   BT2   TT1   TT2   AT    X     Y    Z    BP1   BP2   TP1   TP2   HP      AP      PD   PC     HL EL BF SF   PF   BV     rpm             State          MissionState Setpoint Error Depth 
2021-10-21 15:25:02,547:INFO: 25.13 24.60 24.53 24.60 24.65 -0.02 0.00 0.00 11.17 11.42 10.10 10.37 1170.86 7695.98 1.48 100.00 0  0  0  None None 363.94 Buffering (0/1) WAIT_FOR_WATER IDLE         30.00    30.00 -0.00 
2021-10-21 15:25:02,548:INFO: Waiting for water
2021-10-21 15:25:02,548:INFO: 2/10 secs
2021-10-21 15:25:02,559:ERROR: unknown header: LC:16.00
2021-10-21 15:25:03,055:INFO: State.WAIT_FOR_WATER
2021-10-21 15:25:03,057:INFO: BT1   BT2   TT1   TT2   AT    X     Y    Z    BP1   BP2   TP1   TP2   HP      AP      PD   PC     HL EL BF SF   PF   BV     rpm             State          MissionState Setpoint Error Depth 
2021-10-21 15:25:03,058:INFO: 25.13 24.60 24.53 24.60 24.65 -0.02 0.00 0.00 11.17 11.42 10.10 10.37 1170.86 7695.56 1.48 100.00 0  0  0  None None 364.12 Buffering (0/1) WAIT_FOR_WATER IDLE         30.00    30.00 -0.00 
2021-10-21 15:25:03,059:INFO: Waiting for water
2021-10-21 15:25:03,059:INFO: 3/10 secs
2021-10-21 15:25:03,087:ERROR: unknown header: LC:17.00
2021-10-21 15:25:03,587:INFO: State.WAIT_FOR_WATER
2021-10-21 15:25:03,588:INFO: BT1   BT2   TT1   TT2   AT    X     Y    Z    BP1   BP2   TP1   TP2   HP      AP      PD   PC     HL EL BF SF   PF   BV     rpm             State          MissionState Setpoint Error Depth 
2021-10-21 15:25:03,590:INFO: 25.13 24.60 24.52 24.60 24.65 -0.02 0.00 0.00 11.17 11.41 10.10 10.37 1170.80 7695.40 1.48 100.00 0  0  0  None None 363.95 Buffering (0/1) WAIT_FOR_WATER IDLE         30.00    30.00 -0.00 
2021-10-21 15:25:03,591:INFO: Waiting for water
2021-10-21 15:25:03,591:INFO: 3/10 secs
2021-10-21 15:25:03,601:ERROR: unknown header: LC:18.00
2021-10-21 15:25:04,096:INFO: State.WAIT_FOR_WATER
2021-10-21 15:25:04,097:INFO: BT1   BT2   TT1   TT2   AT    X     Y    Z    BP1   BP2   TP1   TP2   HP      AP      PD   PC     HL EL BF SF   PF   BV     rpm             State          MissionState Setpoint Error Depth 
2021-10-21 15:25:04,098:INFO: 25.13 24.60 24.52 24.60 24.65 -0.01 0.01 0.00 11.17 11.41 10.10 10.37 1170.92 7695.30 1.48 100.00 0  0  0  None None 364.01 Buffering (0/1) WAIT_FOR_WATER IDLE         30.00    30.00 -0.00 
2021-10-21 15:25:04,099:INFO: Waiting for water
2021-10-21 15:25:04,100:INFO: 4/10 secs
2021-10-21 15:25:04,125:ERROR: unknown header: LC:19.00
2021-10-21 15:25:04,624:INFO: State.WAIT_FOR_WATER
2021-10-21 15:25:04,626:INFO: BT1   BT2   TT1   TT2   AT    X     Y    Z    BP1   BP2   TP1   TP2   HP      AP      PD   PC     HL EL BF SF   PF   BV     rpm             State          MissionState Setpoint Error Depth 
2021-10-21 15:25:04,627:INFO: 25.13 24.60 24.52 24.59 24.65 -0.01 0.01 0.00 11.17 11.41 10.10 10.37 1170.90 7694.92 1.48 100.00 0  0  0  None None 364.12 Buffering (0/1) WAIT_FOR_WATER IDLE         30.00    30.00 -0.00 
2021-10-21 15:25:04,628:INFO: Waiting for water
2021-10-21 15:25:04,629:INFO: 4/10 secs
2021-10-21 15:25:04,642:ERROR: unknown header: LC:20.00
2021-10-21 15:25:05,132:INFO: State.WAIT_FOR_WATER
2021-10-21 15:25:05,133:INFO: BT1   BT2   TT1   TT2   AT    X     Y    Z    BP1   BP2   TP1   TP2   HP      AP      PD   PC     HL EL BF SF   PF   BV     rpm             State          MissionState Setpoint Error Depth 
2021-10-21 15:25:05,134:INFO: 25.13 24.60 24.52 24.59 24.64 -0.00 0.00 0.00 11.17 11.41 10.10 10.37 1170.76 7694.62 1.48 100.00 0  0  0  None None 364.13 Buffering (0/1) WAIT_FOR_WATER IDLE         30.00    30.00 -0.00 
2021-10-21 15:25:05,135:INFO: Waiting for water
2021-10-21 15:25:05,136:INFO: 5/10 secs
2021-10-21 15:25:05,162:ERROR: unknown header: LC:21.00
2021-10-21 15:25:05,662:INFO: State.WAIT_FOR_WATER
2021-10-21 15:25:05,663:INFO: BT1   BT2   TT1   TT2   AT    X     Y    Z    BP1   BP2   TP1   TP2   HP      AP      PD   PC     HL EL BF SF   PF   BV     rpm             State          MissionState Setpoint Error Depth 
2021-10-21 15:25:05,665:INFO: 25.13 24.60 24.51 24.59 24.64 -0.01 0.00 0.00 11.17 11.41 10.10 10.37 1170.78 7694.50 1.48 100.00 0  0  0  None None 364.17 Buffering (0/1) WAIT_FOR_WATER IDLE         30.00    30.00 -0.00 
2021-10-21 15:25:05,666:INFO: Waiting for water
2021-10-21 15:25:05,667:INFO: 5/10 secs
2021-10-21 15:25:05,674:ERROR: unknown header: LC:22.00
2021-10-21 15:25:06,168:INFO: State.WAIT_FOR_WATER
2021-10-21 15:25:06,170:INFO: BT1   BT2   TT1   TT2   AT    X     Y    Z    BP1   BP2   TP1   TP2   HP      AP      PD   PC     HL EL BF SF   PF   BV     rpm             State          MissionState Setpoint Error Depth 
2021-10-21 15:25:06,171:INFO: 25.13 24.60 24.50 24.59 24.64 -0.01 0.00 0.00 11.17 11.41 10.10 10.37 1170.86 7694.24 1.48 100.00 0  0  0  None None 364.14 Buffering (0/1) WAIT_FOR_WATER IDLE         30.00    30.00 -0.00 
2021-10-21 15:25:06,172:INFO: Waiting for water
2021-10-21 15:25:06,173:INFO: 6/10 secs
2021-10-21 15:25:06,198:ERROR: unknown header: LC:23.00
2021-10-21 15:25:06,697:INFO: State.WAIT_FOR_WATER
2021-10-21 15:25:06,699:INFO: BT1   BT2   TT1   TT2   AT    X     Y     Z    BP1   BP2   TP1   TP2   HP      AP      PD   PC     HL EL BF SF   PF   BV     rpm             State          MissionState Setpoint Error Depth 
2021-10-21 15:25:06,701:INFO: 25.13 24.60 24.49 24.60 24.64 -0.01 -0.01 0.00 11.17 11.42 10.10 10.37 1170.76 7693.86 1.48 100.00 0  0  0  None None 364.33 Buffering (0/1) WAIT_FOR_WATER IDLE         30.00    30.00 -0.00 
2021-10-21 15:25:06,702:INFO: Waiting for water
2021-10-21 15:25:06,703:INFO: 6/10 secs
2021-10-21 15:25:06,711:ERROR: unknown header: LC:24.00
2021-10-21 15:25:07,207:INFO: State.WAIT_FOR_WATER
2021-10-21 15:25:07,209:INFO: BT1   BT2   TT1   TT2   AT    X     Y     Z    BP1   BP2   TP1   TP2   HP      AP      PD   PC     HL EL BF SF   PF   BV     rpm             State          MissionState Setpoint Error Depth 
2021-10-21 15:25:07,210:INFO: 25.13 24.60 24.49 24.60 24.64 -0.01 -0.01 0.00 11.17 11.42 10.10 10.37 1170.82 7693.70 1.48 100.00 0  0  0  None None 364.20 Buffering (0/1) WAIT_FOR_WATER IDLE         30.00    30.00 -0.00 
2021-10-21 15:25:07,211:INFO: Waiting for water
2021-10-21 15:25:07,212:INFO: 7/10 secs
2021-10-21 15:25:07,235:ERROR: unknown header: LC:25.00
2021-10-21 15:25:07,733:INFO: State.WAIT_FOR_WATER
2021-10-21 15:25:07,735:INFO: BT1   BT2   TT1   TT2   AT    X     Y     Z    BP1   BP2   TP1   TP2   HP      AP      PD   PC     HL EL BF SF   PF   BV     rpm             State          MissionState Setpoint Error Depth 
2021-10-21 15:25:07,736:INFO: 25.13 24.60 24.48 24.60 24.64 -0.01 -0.01 0.00 11.17 11.42 10.10 10.37 1171.00 7693.48 1.48 100.00 0  0  0  None None 364.29 Buffering (0/1) WAIT_FOR_WATER IDLE         30.00    30.00 -0.00 
2021-10-21 15:25:07,736:INFO: Waiting for water
2021-10-21 15:25:07,737:INFO: 7/10 secs
2021-10-21 15:25:07,744:ERROR: unknown header: LC:26.00
2021-10-21 15:25:08,245:INFO: State.WAIT_FOR_WATER
2021-10-21 15:25:08,246:INFO: BT1   BT2   TT1   TT2   AT    X     Y     Z    BP1   BP2   TP1   TP2   HP      AP      PD   PC     HL EL BF SF   PF   BV     rpm             State          MissionState Setpoint Error Depth 
2021-10-21 15:25:08,247:INFO: 25.13 24.60 24.48 24.60 24.64 -0.01 -0.01 0.00 11.17 11.42 10.10 10.37 1171.00 7693.24 1.48 100.00 0  0  0  None None 364.35 Buffering (0/1) WAIT_FOR_WATER IDLE         30.00    30.00 -0.00 
2021-10-21 15:25:08,248:INFO: Waiting for water
2021-10-21 15:25:08,249:INFO: 8/10 secs
2021-10-21 15:25:08,273:ERROR: unknown header: LC:27.00
2021-10-21 15:25:08,772:INFO: State.WAIT_FOR_WATER
2021-10-21 15:25:08,773:INFO: BT1   BT2   TT1   TT2   AT    X     Y     Z    BP1   BP2   TP1   TP2   HP      AP      PD   PC     HL EL BF SF   PF   BV     rpm             State          MissionState Setpoint Error Depth 
2021-10-21 15:25:08,774:INFO: 25.13 24.60 24.48 24.60 24.64 -0.01 -0.01 0.00 11.17 11.42 10.10 10.37 1170.98 7692.84 1.48 100.00 0  0  0  None None 364.48 Buffering (0/1) WAIT_FOR_WATER IDLE         30.00    30.00 -0.00 
2021-10-21 15:25:08,775:INFO: Waiting for water
2021-10-21 15:25:08,776:INFO: 8/10 secs
2021-10-21 15:25:08,783:ERROR: unknown header: LC:28.00
2021-10-21 15:25:09,281:INFO: State.WAIT_FOR_WATER
2021-10-21 15:25:09,282:INFO: BT1   BT2   TT1   TT2   AT    X     Y     Z    BP1   BP2   TP1   TP2   HP      AP      PD   PC     HL EL BF SF   PF   BV     rpm             State          MissionState Setpoint Error Depth 
2021-10-21 15:25:09,283:INFO: 25.13 24.60 24.48 24.60 24.64 -0.01 -0.01 0.00 11.17 11.41 10.10 10.37 1171.00 7692.78 1.48 100.00 0  0  0  None None 364.34 Buffering (0/1) WAIT_FOR_WATER IDLE         30.00    30.00 -0.00 
2021-10-21 15:25:09,284:INFO: Waiting for water
2021-10-21 15:25:09,285:INFO: 9/10 secs
2021-10-21 15:25:09,311:ERROR: unknown header: LC:29.00
2021-10-21 15:25:09,811:INFO: State.WAIT_FOR_WATER
2021-10-21 15:25:09,814:INFO: BT1   BT2   TT1   TT2   AT    X     Y    Z    BP1   BP2   TP1   TP2   HP      AP      PD   PC     HL EL BF SF   PF   BV     rpm             State          MissionState Setpoint Error Depth 
2021-10-21 15:25:09,815:INFO: 25.13 24.60 24.48 24.60 24.64 -0.01 0.00 0.00 11.17 11.41 10.10 10.37 1170.92 7692.32 1.48 100.00 0  0  0  None None 364.55 Buffering (0/1) WAIT_FOR_WATER IDLE         30.00    30.00 -0.00 
2021-10-21 15:25:09,816:INFO: Waiting for water
2021-10-21 15:25:09,817:INFO: 9/10 secs
2021-10-21 15:25:09,823:ERROR: unknown header: LC:30.00
2021-10-21 15:25:10,318:INFO: State.WAIT_FOR_WATER
2021-10-21 15:25:10,320:INFO: BT1   BT2   TT1   TT2   AT    X     Y    Z    BP1   BP2   TP1   TP2   HP      AP      PD   PC     HL EL BF SF   PF   BV     rpm             State          MissionState Setpoint Error Depth 
2021-10-21 15:25:10,323:INFO: 25.13 24.59 24.47 24.60 24.64 -0.01 0.00 0.00 11.17 11.41 10.10 10.37 1170.96 7692.02 1.48 100.00 0  0  0  None None 364.55 Buffering (0/1) WAIT_FOR_WATER IDLE         30.00    30.00 -0.00 
2021-10-21 15:25:10,324:INFO: Waiting for water
2021-10-21 15:25:10,325:INFO: 10/10 secs
2021-10-21 15:25:10,347:ERROR: unknown header: LC:31.00
2021-10-21 15:25:10,845:INFO: State.WAIT_FOR_WATER
2021-10-21 15:25:10,847:INFO: BT1   BT2   TT1   TT2   AT    X     Y    Z    BP1   BP2   TP1   TP2   HP      AP      PD   PC     HL EL BF SF   PF   BV     rpm             State          MissionState Setpoint Error Depth 
2021-10-21 15:25:10,848:INFO: 25.13 24.59 24.47 24.60 24.64 -0.00 0.00 0.00 11.17 11.41 10.10 10.37 1171.08 7691.76 1.48 100.00 0  0  0  None None 364.55 Buffering (0/1) WAIT_FOR_WATER IDLE         30.00    30.00 -0.00 
2021-10-21 15:25:10,849:INFO: Done waiting for water
2021-10-21 15:25:10,858:ERROR: unknown header: LC:32.00
2021-10-21 15:25:11,357:INFO: State.EXEC_TASK
2021-10-21 15:25:11,359:INFO: BT1   BT2   TT1   TT2   AT    X     Y    Z    BP1   BP2   TP1   TP2   HP      AP      PD   PC     HL EL BF SF   PF   BV     rpm             State     MissionState Setpoint Error Depth 
2021-10-21 15:25:11,360:INFO: 25.13 24.60 24.47 24.60 24.64 -0.00 0.00 0.00 11.18 11.42 10.10 10.37 1171.04 7691.54 1.48 100.00 0  0  0  None None 364.61 Buffering (0/1) EXEC_TASK IDLE         30.00    30.00 -0.00 
2021-10-21 15:25:11,361:INFO: attemting to start a new dutycycle
2021-10-21 15:25:11,362:ERROR: error in HP sensor value: 1171.04 is out of bound!
2021-10-21 15:25:11,363:ERROR: error in AP sensor value: 7691.54 is out of bound!
2021-10-21 15:25:11,366:INFO: scalar = self.p*self.kp - self.d*self.kd + self.i*self.ki
2021-10-21 15:25:11,367:INFO: 300.025 = 30.002499999999998*10 - 0*0 + 0*0
2021-10-21 15:25:11,368:INFO: sending PID - Voltage:100    direction:1    timeOn:2.0  timeOff:0.5
2021-10-21 15:25:11,386:ERROR: unknown header: LC:33.00
2021-10-21 15:25:11,466:ERROR: unknown header: V:100.00
2021-10-21 15:25:11,468:ERROR: unknown header: D:1.00
2021-10-21 15:25:11,471:ERROR: unknown header: T:2.00
2021-10-21 15:25:11,540:INFO: State.EXEC_TASK
2021-10-21 15:25:11,542:INFO: BT1   BT2   TT1   TT2   AT    X     Y    Z    BP1   BP2   TP1   TP2   HP      AP      PD   PC     HL EL BF SF   PF   BV     rpm             State     MissionState Setpoint Error Depth 
2021-10-21 15:25:11,543:INFO: 25.13 24.60 24.47 24.60 24.64 -0.00 0.00 0.00 11.18 11.42 10.10 10.37 1171.04 7691.26 1.48 100.00 0  0  0  None None 364.55 Buffering (0/1) EXEC_TASK IDLE         30.00    30.00 -0.00 
2021-10-21 15:25:11,544:ERROR: error in HP sensor value: 1171.04 is out of bound!
2021-10-21 15:25:11,545:ERROR: error in AP sensor value: 7691.26 is out of bound!
2021-10-21 15:25:11,546:INFO: pump is running...
2021-10-21 15:25:12,306:INFO: pump turned on
2021-10-21 15:25:12,639:INFO: State.EXEC_TASK
2021-10-21 15:25:12,641:INFO: BV     rpm     
2021-10-21 15:25:12,642:INFO: 357.70 2988.00 
2021-10-21 15:25:12,643:ERROR: error in HP sensor value: 1171.04 is out of bound!
2021-10-21 15:25:12,644:ERROR: error in AP sensor value: 7700.56 is out of bound!
2021-10-21 15:25:12,645:INFO: pump is running...
2021-10-21 15:25:12,717:INFO: State.EXEC_TASK
2021-10-21 15:25:12,718:INFO: BV     rpm     
2021-10-21 15:25:12,720:INFO: 355.97 3419.00 
2021-10-21 15:25:12,721:ERROR: error in HP sensor value: 1171.04 is out of bound!
2021-10-21 15:25:12,721:ERROR: error in AP sensor value: 7712.14 is out of bound!
2021-10-21 15:25:12,723:INFO: pump is running...
2021-10-21 15:25:12,801:INFO: State.EXEC_TASK
2021-10-21 15:25:12,803:INFO: BV     rpm     
2021-10-21 15:25:12,804:INFO: 354.29 3453.00 
2021-10-21 15:25:12,805:ERROR: error in HP sensor value: 1171.04 is out of bound!
2021-10-21 15:25:12,806:ERROR: error in AP sensor value: 7726.1 is out of bound!
2021-10-21 15:25:12,808:INFO: pump is running...
2021-10-21 15:25:12,882:INFO: State.EXEC_TASK
2021-10-21 15:25:12,885:INFO: BV     rpm     
2021-10-21 15:25:12,886:INFO: 352.35 3894.00 
2021-10-21 15:25:12,887:ERROR: error in HP sensor value: 1171.04 is out of bound!
2021-10-21 15:25:12,888:ERROR: error in AP sensor value: 7742.8 is out of bound!
2021-10-21 15:25:12,889:INFO: pump is running...
2021-10-21 15:25:12,962:INFO: State.EXEC_TASK
2021-10-21 15:25:12,964:INFO: BV     rpm     
2021-10-21 15:25:12,965:INFO: 350.37 4222.00 
2021-10-21 15:25:12,966:ERROR: error in HP sensor value: 1171.04 is out of bound!
2021-10-21 15:25:12,967:ERROR: error in AP sensor value: 7762.14 is out of bound!
2021-10-21 15:25:12,968:INFO: pump is running...
2021-10-21 15:25:13,041:INFO: State.EXEC_TASK
2021-10-21 15:25:13,043:INFO: BV     rpm     
2021-10-21 15:25:13,044:INFO: 348.17 4312.00 
2021-10-21 15:25:13,045:ERROR: error in HP sensor value: 1171.04 is out of bound!
2021-10-21 15:25:13,046:ERROR: error in AP sensor value: 7775.22 is out of bound!
2021-10-21 15:25:13,047:INFO: pump is running...
2021-10-21 15:25:13,123:INFO: State.EXEC_TASK
2021-10-21 15:25:13,124:INFO: BV     rpm     
2021-10-21 15:25:13,125:INFO: 345.85 4719.00 
2021-10-21 15:25:13,127:ERROR: error in HP sensor value: 1171.04 is out of bound!
2021-10-21 15:25:13,128:ERROR: error in AP sensor value: 7789.24 is out of bound!
2021-10-21 15:25:13,129:INFO: pump is running...
2021-10-21 15:25:13,201:INFO: State.EXEC_TASK
2021-10-21 15:25:13,203:INFO: BV     rpm     
2021-10-21 15:25:13,204:INFO: 343.65 4950.00 
2021-10-21 15:25:13,206:ERROR: error in HP sensor value: 1171.04 is out of bound!
2021-10-21 15:25:13,208:ERROR: error in AP sensor value: 7803.98 is out of bound!
2021-10-21 15:25:13,209:INFO: pump is running...
2021-10-21 15:25:13,281:INFO: State.EXEC_TASK
2021-10-21 15:25:13,283:INFO: BV     rpm     
2021-10-21 15:25:13,284:INFO: 341.21 5241.00 
2021-10-21 15:25:13,285:ERROR: error in HP sensor value: 1171.04 is out of bound!
2021-10-21 15:25:13,286:ERROR: error in AP sensor value: 7819.46 is out of bound!
2021-10-21 15:25:13,287:INFO: pump is running...
2021-10-21 15:25:13,360:INFO: State.EXEC_TASK
2021-10-21 15:25:13,361:INFO: BV     rpm     
2021-10-21 15:25:13,363:INFO: 338.77 5640.00 
2021-10-21 15:25:13,364:ERROR: error in HP sensor value: 1171.04 is out of bound!
2021-10-21 15:25:13,366:ERROR: error in AP sensor value: 7835.7 is out of bound!
2021-10-21 15:25:13,368:INFO: pump is running...
2021-10-21 15:25:13,439:INFO: State.EXEC_TASK
2021-10-21 15:25:13,440:INFO: BV     rpm     
2021-10-21 15:25:13,442:INFO: 335.91 5624.00 
2021-10-21 15:25:13,443:ERROR: error in HP sensor value: 1171.04 is out of bound!
2021-10-21 15:25:13,444:ERROR: error in AP sensor value: 7852.88 is out of bound!
2021-10-21 15:25:13,445:INFO: pump is running...
2021-10-21 15:25:13,516:INFO: State.EXEC_TASK
2021-10-21 15:25:13,517:INFO: BV     rpm     
2021-10-21 15:25:13,518:INFO: 333.42 5627.00 
2021-10-21 15:25:13,519:ERROR: error in HP sensor value: 1171.04 is out of bound!
2021-10-21 15:25:13,520:ERROR: error in AP sensor value: 7870.34 is out of bound!
2021-10-21 15:25:13,522:INFO: pump is running...
2021-10-21 15:25:13,596:INFO: State.EXEC_TASK
2021-10-21 15:25:13,597:INFO: BV     rpm     
2021-10-21 15:25:13,598:INFO: 331.02 5605.00 
2021-10-21 15:25:13,600:ERROR: error in HP sensor value: 1171.04 is out of bound!
2021-10-21 15:25:13,601:ERROR: error in AP sensor value: 7888.2 is out of bound!
2021-10-21 15:25:13,603:INFO: pump is running...
2021-10-21 15:25:13,675:INFO: State.EXEC_TASK
2021-10-21 15:25:13,676:INFO: BV     rpm     
2021-10-21 15:25:13,677:INFO: 328.37 5608.00 
2021-10-21 15:25:13,678:ERROR: error in HP sensor value: 1171.04 is out of bound!
2021-10-21 15:25:13,679:ERROR: error in AP sensor value: 7906.44 is out of bound!
2021-10-21 15:25:13,681:INFO: pump is running...
2021-10-21 15:25:13,754:INFO: State.EXEC_TASK
2021-10-21 15:25:13,755:INFO: BV     rpm     
2021-10-21 15:25:13,757:INFO: 325.69 5558.00 
2021-10-21 15:25:13,758:ERROR: error in HP sensor value: 1171.04 is out of bound!
2021-10-21 15:25:13,759:ERROR: error in AP sensor value: 7925.06 is out of bound!
2021-10-21 15:25:13,759:INFO: pump is running...
2021-10-21 15:25:13,831:INFO: State.EXEC_TASK
2021-10-21 15:25:13,833:INFO: BV     rpm     
2021-10-21 15:25:13,834:INFO: 323.22 5875.00 
2021-10-21 15:25:13,835:ERROR: error in HP sensor value: 1171.04 is out of bound!
2021-10-21 15:25:13,836:ERROR: error in AP sensor value: 7943.3 is out of bound!
2021-10-21 15:25:13,837:INFO: pump is running...
2021-10-21 15:25:13,910:INFO: State.EXEC_TASK
2021-10-21 15:25:13,911:INFO: BV     rpm     
2021-10-21 15:25:13,912:INFO: 320.75 5577.00 
2021-10-21 15:25:13,913:ERROR: error in HP sensor value: 1171.04 is out of bound!
2021-10-21 15:25:13,915:ERROR: error in AP sensor value: 7961.64 is out of bound!
2021-10-21 15:25:13,916:INFO: pump is running...
2021-10-21 15:25:13,988:INFO: State.EXEC_TASK
2021-10-21 15:25:13,989:INFO: BV     rpm     
2021-10-21 15:25:13,990:INFO: 318.15 5760.00 
2021-10-21 15:25:13,991:ERROR: error in HP sensor value: 1171.04 is out of bound!
2021-10-21 15:25:13,992:ERROR: error in AP sensor value: 7980.26 is out of bound!
2021-10-21 15:25:13,994:INFO: pump is running...
2021-10-21 15:25:14,065:INFO: State.EXEC_TASK
2021-10-21 15:25:14,066:INFO: BV     rpm     
2021-10-21 15:25:14,068:INFO: 315.62 5714.00 
2021-10-21 15:25:14,069:ERROR: error in HP sensor value: 1171.04 is out of bound!
2021-10-21 15:25:14,070:ERROR: error in AP sensor value: 7998.8 is out of bound!
2021-10-21 15:25:14,071:INFO: pump is running...
2021-10-21 15:25:14,145:INFO: State.EXEC_TASK
2021-10-21 15:25:14,146:INFO: BV     rpm     
2021-10-21 15:25:14,147:INFO: 313.08 5662.00 
2021-10-21 15:25:14,148:ERROR: error in HP sensor value: 1171.04 is out of bound!
2021-10-21 15:25:14,149:ERROR: error in AP sensor value: 8017.26 is out of bound!
2021-10-21 15:25:14,150:INFO: pump is running...
2021-10-21 15:25:14,225:INFO: State.EXEC_TASK
2021-10-21 15:25:14,226:INFO: BV     rpm     
2021-10-21 15:25:14,227:INFO: 310.43 5602.00 
2021-10-21 15:25:14,228:ERROR: error in HP sensor value: 1171.04 is out of bound!
2021-10-21 15:25:14,229:ERROR: error in AP sensor value: 8036.04 is out of bound!
2021-10-21 15:25:14,230:INFO: pump is running...
2021-10-21 15:25:14,304:INFO: State.EXEC_TASK
2021-10-21 15:25:14,305:INFO: BV     rpm     
2021-10-21 15:25:14,306:INFO: 307.98 5540.00 
2021-10-21 15:25:14,307:ERROR: error in HP sensor value: 1171.04 is out of bound!
2021-10-21 15:25:14,309:ERROR: error in AP sensor value: 8054.86 is out of bound!
2021-10-21 15:25:14,311:INFO: pump is running...
2021-10-21 15:25:14,317:INFO: Pump turned off. Starting timeOff timer.
2021-10-21 15:25:14,924:INFO: State.EXEC_TASK
2021-10-21 15:25:14,926:INFO: BT1   BT2   TT1   TT2   AT    X     Y    Z    BP1   BP2   TP1   TP2   HP      AP      PD   PC     HL EL BF SF   PF BV     rpm  State     MissionState Setpoint Error Depth 
2021-10-21 15:25:14,927:INFO: 25.13 24.59 24.47 24.60 24.69 -0.00 0.00 0.00 11.18 11.42 10.10 10.37 1169.36 8071.60 1.48 100.00 0  0  0  None 0  306.92 0.00 EXEC_TASK IDLE         30.00    30.00 -0.00 
2021-10-21 15:25:14,928:ERROR: error in HP sensor value: 1169.36 is out of bound!
2021-10-21 15:25:14,929:ERROR: error in AP sensor value: 8071.6 is out of bound!
2021-10-21 15:25:14,931:INFO: waiting for timeOff to finish 0.61 of 0.5
2021-10-21 15:25:14,932:INFO: timeOff is over
2021-10-21 15:25:14,967:ERROR: unknown header: LC:34.00
2021-10-21 15:25:15,467:INFO: State.EXEC_TASK
2021-10-21 15:25:15,469:INFO: BT1   BT2   TT1   TT2   AT    X    Y    Z    BP1   BP2   TP1   TP2   HP      AP      PD   PC     HL EL BF SF   PF BV     rpm  State     MissionState Setpoint Error Depth 
2021-10-21 15:25:15,470:INFO: 25.13 24.59 24.47 24.60 24.70 0.01 0.00 0.00 11.18 11.42 10.11 10.38 1167.98 8083.60 1.48 100.00 0  0  0  None 0  307.69 0.00 EXEC_TASK IDLE         30.00    30.00 -0.00 
2021-10-21 15:25:15,471:INFO: attemting to start a new dutycycle
2021-10-21 15:25:15,472:ERROR: error in HP sensor value: 1167.98 is out of bound!
2021-10-21 15:25:15,473:ERROR: error in AP sensor value: 8083.6 is out of bound!
2021-10-21 15:25:15,476:INFO: scalar = self.p*self.kp - self.d*self.kd + self.i*self.ki
2021-10-21 15:25:15,477:INFO: 299.97499999999997 = 29.9975*10 - 0.0012164305877692464*0 + 50*0
2021-10-21 15:25:15,479:INFO: sending PID - Voltage:100    direction:1    timeOn:2.0  timeOff:0.5
2021-10-21 15:25:15,491:ERROR: unknown header: LC:35.00
2021-10-21 15:25:15,560:ERROR: unknown header: V:100.00
2021-10-21 15:25:15,562:ERROR: unknown header: D:1.00
2021-10-21 15:25:15,566:ERROR: unknown header: T:2.00
2021-10-21 15:25:15,634:INFO: State.EXEC_TASK
2021-10-21 15:25:15,637:INFO: BT1   BT2   TT1   TT2   AT    X    Y    Z    BP1   BP2   TP1   TP2   HP      AP      PD   PC     HL EL BF SF   PF BV     rpm  State     MissionState Setpoint Error Depth 
2021-10-21 15:25:15,638:INFO: 25.13 24.59 24.47 24.60 24.71 0.01 0.01 0.00 11.18 11.42 10.11 10.38 1167.98 8091.58 1.48 100.00 0  0  0  None 0  307.91 0.00 EXEC_TASK IDLE         30.00    30.00 0.00  
2021-10-21 15:25:15,639:ERROR: error in HP sensor value: 1167.98 is out of bound!
2021-10-21 15:25:15,640:ERROR: error in AP sensor value: 8091.58 is out of bound!
2021-10-21 15:25:15,640:INFO: waiting for pump to start
2021-10-21 15:25:16,397:INFO: pump turned on
2021-10-21 15:25:16,732:INFO: State.EXEC_TASK
2021-10-21 15:25:16,733:INFO: BV     rpm     
2021-10-21 15:25:16,734:INFO: 301.86 2955.00 
2021-10-21 15:25:16,735:ERROR: error in HP sensor value: 1167.98 is out of bound!
2021-10-21 15:25:16,736:ERROR: error in AP sensor value: 8104.92 is out of bound!
2021-10-21 15:25:16,738:INFO: pump is running...
2021-10-21 15:25:16,813:INFO: State.EXEC_TASK
2021-10-21 15:25:16,814:INFO: BV     rpm     
2021-10-21 15:25:16,815:INFO: 300.47 3294.00 
2021-10-21 15:25:16,816:ERROR: error in HP sensor value: 1167.98 is out of bound!
2021-10-21 15:25:16,817:ERROR: error in AP sensor value: 8116.68 is out of bound!
2021-10-21 15:25:16,818:INFO: pump is running...
2021-10-21 15:25:16,893:INFO: State.EXEC_TASK
2021-10-21 15:25:16,895:INFO: BV     rpm     
2021-10-21 15:25:16,896:INFO: 298.79 3503.00 
2021-10-21 15:25:16,897:ERROR: error in HP sensor value: 1167.98 is out of bound!
2021-10-21 15:25:16,898:ERROR: error in AP sensor value: 8129.32 is out of bound!
2021-10-21 15:25:16,900:INFO: pump is running...
2021-10-21 15:25:16,972:INFO: State.EXEC_TASK
2021-10-21 15:25:16,974:INFO: BV     rpm     
2021-10-21 15:25:16,975:INFO: 297.22 3894.00 
2021-10-21 15:25:16,976:ERROR: error in HP sensor value: 1167.98 is out of bound!
2021-10-21 15:25:16,977:ERROR: error in AP sensor value: 8145.42 is out of bound!
2021-10-21 15:25:16,979:INFO: pump is running...
2021-10-21 15:25:17,051:INFO: State.EXEC_TASK
2021-10-21 15:25:17,053:INFO: BV     rpm     
2021-10-21 15:25:17,053:INFO: 295.39 4116.00 
2021-10-21 15:25:17,055:ERROR: error in HP sensor value: 1167.98 is out of bound!
2021-10-21 15:25:17,056:ERROR: error in AP sensor value: 8164.6 is out of bound!
2021-10-21 15:25:17,058:INFO: pump is running...
2021-10-21 15:25:17,132:INFO: State.EXEC_TASK
2021-10-21 15:25:17,133:INFO: BV     rpm     
2021-10-21 15:25:17,135:INFO: 293.33 4458.00 
2021-10-21 15:25:17,135:ERROR: error in HP sensor value: 1167.98 is out of bound!
2021-10-21 15:25:17,137:ERROR: error in AP sensor value: 8177.68 is out of bound!
2021-10-21 15:25:17,138:INFO: pump is running...
2021-10-21 15:25:17,213:INFO: State.EXEC_TASK
2021-10-21 15:25:17,214:INFO: BV     rpm     
2021-10-21 15:25:17,216:INFO: 291.26 4601.00 
2021-10-21 15:25:17,217:ERROR: error in HP sensor value: 1167.98 is out of bound!
2021-10-21 15:25:17,218:ERROR: error in AP sensor value: 8191.84 is out of bound!
2021-10-21 15:25:17,220:INFO: pump is running...
2021-10-21 15:25:17,292:INFO: State.EXEC_TASK
2021-10-21 15:25:17,293:INFO: BV     rpm     
2021-10-21 15:25:17,303:INFO: 289.17 4962.00 
2021-10-21 15:25:17,304:ERROR: error in HP sensor value: 1167.98 is out of bound!
2021-10-21 15:25:17,305:ERROR: error in AP sensor value: 8206.72 is out of bound!
2021-10-21 15:25:17,306:INFO: pump is running...
2021-10-21 15:25:17,371:INFO: State.EXEC_TASK
2021-10-21 15:25:17,373:INFO: BV     rpm     
2021-10-21 15:25:17,374:INFO: 286.92 5257.00 
2021-10-21 15:25:17,376:ERROR: error in HP sensor value: 1167.98 is out of bound!
2021-10-21 15:25:17,377:ERROR: error in AP sensor value: 8222.7 is out of bound!
2021-10-21 15:25:17,378:INFO: pump is running...
2021-10-21 15:25:17,448:INFO: State.EXEC_TASK
2021-10-21 15:25:17,449:INFO: BV     rpm     
2021-10-21 15:25:17,451:INFO: 284.44 5524.00 
2021-10-21 15:25:17,452:ERROR: error in HP sensor value: 1167.98 is out of bound!
2021-10-21 15:25:17,453:ERROR: error in AP sensor value: 8239.74 is out of bound!
2021-10-21 15:25:17,454:INFO: pump is running...
2021-10-21 15:25:17,527:INFO: State.EXEC_TASK
2021-10-21 15:25:17,529:INFO: BV     rpm     
2021-10-21 15:25:17,529:INFO: 282.05 5624.00 
2021-10-21 15:25:17,531:ERROR: error in HP sensor value: 1167.98 is out of bound!
2021-10-21 15:25:17,533:ERROR: error in AP sensor value: 8257.32 is out of bound!
2021-10-21 15:25:17,535:INFO: pump is running...
2021-10-21 15:25:17,605:INFO: State.EXEC_TASK
2021-10-21 15:25:17,607:INFO: BV     rpm     
2021-10-21 15:25:17,608:INFO: 279.58 5571.00 
2021-10-21 15:25:17,609:ERROR: error in HP sensor value: 1167.98 is out of bound!
2021-10-21 15:25:17,610:ERROR: error in AP sensor value: 8275.64 is out of bound!
2021-10-21 15:25:17,611:INFO: pump is running...
2021-10-21 15:25:17,685:INFO: State.EXEC_TASK
2021-10-21 15:25:17,687:INFO: BV     rpm     
2021-10-21 15:25:17,688:INFO: 277.17 5602.00 
2021-10-21 15:25:17,689:ERROR: error in HP sensor value: 1167.98 is out of bound!
2021-10-21 15:25:17,690:ERROR: error in AP sensor value: 8294.54 is out of bound!
2021-10-21 15:25:17,691:INFO: pump is running...
2021-10-21 15:25:17,764:INFO: State.EXEC_TASK
2021-10-21 15:25:17,765:INFO: BV     rpm     
2021-10-21 15:25:17,767:INFO: 274.72 5617.00 
2021-10-21 15:25:17,768:ERROR: error in HP sensor value: 1167.98 is out of bound!
2021-10-21 15:25:17,769:ERROR: error in AP sensor value: 8313.84 is out of bound!
2021-10-21 15:25:17,770:INFO: pump is running...
2021-10-21 15:25:17,841:INFO: State.EXEC_TASK
2021-10-21 15:25:17,842:INFO: BV     rpm     
2021-10-21 15:25:17,844:INFO: 272.07 5773.00 
2021-10-21 15:25:17,845:ERROR: error in HP sensor value: 1167.98 is out of bound!
2021-10-21 15:25:17,846:ERROR: error in AP sensor value: 8333.44 is out of bound!
2021-10-21 15:25:17,847:INFO: pump is running...
2021-10-21 15:25:17,919:INFO: State.EXEC_TASK
2021-10-21 15:25:17,921:INFO: BV     rpm     
2021-10-21 15:25:17,922:INFO: 269.77 5512.00 
2021-10-21 15:25:17,923:ERROR: error in HP sensor value: 1167.98 is out of bound!
2021-10-21 15:25:17,924:ERROR: error in AP sensor value: 8353.04 is out of bound!
2021-10-21 15:25:17,926:INFO: pump is running...
2021-10-21 15:25:17,999:INFO: State.EXEC_TASK
2021-10-21 15:25:18,000:INFO: BV     rpm     
2021-10-21 15:25:18,002:INFO: 267.30 5617.00 
2021-10-21 15:25:18,003:ERROR: error in HP sensor value: 1167.98 is out of bound!
2021-10-21 15:25:18,004:ERROR: error in AP sensor value: 8372.72 is out of bound!
2021-10-21 15:25:18,005:INFO: pump is running...
2021-10-21 15:25:18,078:INFO: State.EXEC_TASK
2021-10-21 15:25:18,079:INFO: BV     rpm     
2021-10-21 15:25:18,080:INFO: 264.95 5875.00 
2021-10-21 15:25:18,081:ERROR: error in HP sensor value: 1167.98 is out of bound!
2021-10-21 15:25:18,082:ERROR: error in AP sensor value: 8392.4 is out of bound!
2021-10-21 15:25:18,083:INFO: pump is running...
2021-10-21 15:25:18,157:INFO: State.EXEC_TASK
2021-10-21 15:25:18,158:INFO: BV     rpm     
2021-10-21 15:25:18,160:INFO: 262.52 5633.00 
2021-10-21 15:25:18,161:ERROR: error in HP sensor value: 1167.98 is out of bound!
2021-10-21 15:25:18,162:ERROR: error in AP sensor value: 8412.14 is out of bound!
2021-10-21 15:25:18,163:INFO: pump is running...
2021-10-21 15:25:18,235:INFO: State.EXEC_TASK
2021-10-21 15:25:18,236:INFO: BV     rpm     
2021-10-21 15:25:18,238:INFO: 260.28 5714.00 
2021-10-21 15:25:18,239:ERROR: error in HP sensor value: 1167.98 is out of bound!
2021-10-21 15:25:18,239:ERROR: error in AP sensor value: 8431.36 is out of bound!
2021-10-21 15:25:18,240:INFO: pump is running...
2021-10-21 15:25:18,312:INFO: State.EXEC_TASK
2021-10-21 15:25:18,314:INFO: BV     rpm     
2021-10-21 15:25:18,315:INFO: 257.85 5724.00 
2021-10-21 15:25:18,316:ERROR: error in HP sensor value: 1167.98 is out of bound!
2021-10-21 15:25:18,317:ERROR: error in AP sensor value: 8450.88 is out of bound!
2021-10-21 15:25:18,319:INFO: pump is running...
2021-10-21 15:25:18,391:INFO: State.EXEC_TASK
2021-10-21 15:25:18,392:INFO: BV     rpm     
2021-10-21 15:25:18,393:INFO: 255.61 5688.00 
2021-10-21 15:25:18,394:ERROR: error in HP sensor value: 1167.98 is out of bound!
2021-10-21 15:25:18,395:ERROR: error in AP sensor value: 8470.12 is out of bound!
2021-10-21 15:25:18,397:INFO: pump is running...
2021-10-21 15:25:18,402:INFO: Pump turned off. Starting timeOff timer.
2021-10-21 15:25:19,011:INFO: State.EXEC_TASK
2021-10-21 15:25:19,012:INFO: BT1   BT2   TT1   TT2   AT    X    Y    Z    BP1   BP2   TP1   TP2   HP      AP      PD   PC     HL EL BF SF   PF BV     rpm  State     MissionState Setpoint Error Depth 
2021-10-21 15:25:19,014:INFO: 25.13 24.59 24.47 24.60 24.92 0.01 0.01 0.00 11.18 11.42 10.11 10.38 1165.90 8485.98 1.48 100.00 0  0  0  None 0  255.48 0.00 EXEC_TASK IDLE         30.00    30.00 0.00  
2021-10-21 15:25:19,015:ERROR: error in HP sensor value: 1165.9 is out of bound!
2021-10-21 15:25:19,016:ERROR: error in AP sensor value: 8485.98 is out of bound!
2021-10-21 15:25:19,018:INFO: waiting for timeOff to finish 0.62 of 0.5
2021-10-21 15:25:19,019:INFO: timeOff is over
2021-10-21 15:25:19,030:ERROR: unknown header: LC:36.00
2021-10-21 15:25:19,523:WARNING: stopping
2021-10-21 15:25:19,524:INFO: State.STOP
2021-10-21 15:25:19,527:INFO: BT1   BT2   TT1   TT2   AT    X     Y     Z    BP1   BP2   TP1   TP2   HP      AP      PD   PC     HL EL BF SF   PF BV     rpm  State MissionState Setpoint Error Depth 
2021-10-21 15:25:19,528:INFO: 25.13 24.59 24.47 24.60 24.94 -0.00 -0.00 0.00 11.18 11.43 10.11 10.38 1164.08 8495.86 1.48 100.00 0  0  0  None 0  256.84 0.00 STOP  IDLE         30.00    30.00 0.00  
2021-10-21 15:25:19,529:WARNING: Stopped
2021-10-21 15:25:19,580:ERROR: unknown header: LC:37.00
2021-10-21 15:25:20,079:WARNING: stopping
2021-10-21 15:25:20,081:INFO: State.STOP
2021-10-21 15:25:20,084:INFO: BT1   BT2   TT1   TT2   AT    X    Y     Z     BP1   BP2   TP1   TP2   HP      AP      PD   PC     HL EL BF SF   PF BV     rpm  State MissionState Setpoint Error Depth 
2021-10-21 15:25:20,085:INFO: 25.13 24.59 24.47 24.61 24.97 0.00 -0.01 -0.00 11.18 11.43 10.12 10.39 1162.62 8499.84 1.48 100.00 0  0  0  None 0  258.38 0.00 STOP  IDLE         30.00    30.00 0.00  
2021-10-21 15:25:20,085:WARNING: Stopped
2021-10-21 15:25:20,097:ERROR: unknown header: LC:38.00
2021-10-21 15:25:20,589:WARNING: stopping
2021-10-21 15:25:20,590:INFO: State.STOP
2021-10-21 15:25:20,592:INFO: BT1   BT2   TT1   TT2   AT    X     Y     Z    BP1   BP2   TP1   TP2   HP      AP      PD   PC     HL EL BF SF   PF BV     rpm  State MissionState Setpoint Error Depth 
2021-10-21 15:25:20,593:INFO: 25.13 24.59 24.48 24.61 25.01 -0.00 -0.01 0.00 11.19 11.43 10.12 10.39 1162.96 8497.84 1.47 100.00 0  0  0  None 0  259.73 0.00 STOP  IDLE         30.00    30.00 0.00  
2021-10-21 15:25:20,594:WARNING: Stopped
2021-10-21 15:25:20,620:ERROR: unknown header: LC:39.00
2021-10-21 15:25:21,119:WARNING: stopping
2021-10-21 15:25:21,120:INFO: State.STOP
2021-10-21 15:25:21,123:INFO: BT1   BT2   TT1   TT2   AT    X     Y     Z    BP1   BP2   TP1   TP2   HP      AP      PD   PC     HL EL BF SF   PF BV     rpm  State MissionState Setpoint Error Depth 
2021-10-21 15:25:21,124:INFO: 25.13 24.59 24.48 24.61 25.05 -0.01 -0.01 0.00 11.19 11.44 10.12 10.39 1162.96 8490.26 1.47 100.00 0  0  0  None 0  260.99 0.00 STOP  IDLE         30.00    30.00 0.00  
2021-10-21 15:25:21,125:WARNING: Stopped
2021-10-21 15:25:21,132:ERROR: unknown header: LC:40.00
2021-10-21 15:25:21,630:WARNING: stopping
2021-10-21 15:25:21,631:INFO: State.STOP
2021-10-21 15:25:21,634:INFO: BT1   BT2   TT1   TT2   AT    X     Y     Z    BP1   BP2   TP1   TP2   HP      AP      PD   PC     HL EL BF SF   PF BV     rpm  State MissionState Setpoint Error Depth 
2021-10-21 15:25:21,635:INFO: 25.13 24.59 24.48 24.61 25.09 -0.01 -0.01 0.00 11.20 11.43 10.12 10.39 1163.54 8480.48 1.46 100.00 0  0  0  None 0  262.18 0.00 STOP  IDLE         30.00    30.00 0.00  
2021-10-21 15:25:21,635:WARNING: Stopped
2021-10-21 15:25:21,658:ERROR: unknown header: LC:41.00
2021-10-21 15:25:22,159:WARNING: stopping
2021-10-21 15:25:22,160:INFO: State.STOP
2021-10-21 15:25:22,162:INFO: BT1   BT2   TT1   TT2   AT    X     Y     Z    BP1   BP2   TP1   TP2   HP      AP      PD   PC     HL EL BF SF   PF BV     rpm  State MissionState Setpoint Error Depth 
2021-10-21 15:25:22,164:INFO: 25.13 24.59 24.48 24.61 25.13 -0.01 -0.02 0.00 11.20 11.43 10.12 10.39 1163.78 8471.08 1.47 100.00 0  0  0  None 0  263.26 0.00 STOP  IDLE         30.00    30.00 0.00  
2021-10-21 15:25:22,165:WARNING: Stopped
2021-10-21 15:25:22,181:ERROR: unknown header: LC:42.00
2021-10-21 15:25:22,667:WARNING: stopping
2021-10-21 15:25:22,668:INFO: State.STOP
2021-10-21 15:25:22,670:INFO: BT1   BT2   TT1   TT2   AT    X    Y     Z     BP1   BP2   TP1   TP2   HP      AP      PD   PC     HL EL BF SF   PF BV     rpm  State MissionState Setpoint Error Depth 
2021-10-21 15:25:22,672:INFO: 25.13 24.59 24.48 24.61 25.16 0.00 -0.01 -0.00 11.19 11.43 10.12 10.39 1163.78 8462.30 1.47 100.00 0  0  0  None 0  264.40 0.00 STOP  IDLE         30.00    30.00 0.00  
2021-10-21 15:25:22,673:WARNING: Stopped
2021-10-21 15:25:22,697:ERROR: unknown header: LC:43.00
2021-10-21 15:25:22,825:INFO: 
2021-10-21 15:25:22,825:CRITICAL: System shutdown
2021-10-21 15:25:22,827:INFO: cleaning (resetting rpi gpio)
