2021-10-18 10:13:27,337:WARNING: Safety is disabled
2021-10-18 10:13:27,338:WARNING: Test mode
2021-10-18 10:13:27,341:INFO: Pressure controller was initialized successfully
2021-10-18 10:13:27,343:INFO: BP1 pressure sensor was initialized successfully
2021-10-18 10:13:27,344:INFO: BP2 pressure sensor was initialized successfully
2021-10-18 10:13:27,345:INFO: TP1 pressure sensor was initialized successfully
2021-10-18 10:13:27,346:INFO: TP2 pressure sensor was initialized successfully
2021-10-18 10:13:27,346:INFO: HP pressure sensor was initialized successfully
2021-10-18 10:13:27,346:INFO: AP pressure sensor was initialized successfully
2021-10-18 10:13:27,347:INFO: Temperature controller was initialized successfully
2021-10-18 10:13:27,347:INFO: BT1 temperature sensor was initialized successfully
2021-10-18 10:13:27,347:INFO: BT2 temperature sensor was initialized successfully
2021-10-18 10:13:27,347:INFO: TT1 temperature sensor was initialized successfully
2021-10-18 10:13:27,348:INFO: TT2 temperature sensor was initialized successfully
2021-10-18 10:13:27,348:INFO: AT temperature sensor was initialized successfully
2021-10-18 10:13:27,348:INFO: IMU controller was initialized successfully
2021-10-18 10:13:27,349:INFO: X IMU sensor was initialized successfully
2021-10-18 10:13:27,349:INFO: Y IMU sensor was initialized successfully
2021-10-18 10:13:27,349:INFO: Z IMU sensor was initialized successfully
2021-10-18 10:13:27,349:INFO: Bladder volume controller was initialized successfully
2021-10-18 10:13:27,350:INFO: Altimeter controller was initialized successfully
2021-10-18 10:13:27,350:INFO: rpm controller was initialized successfully
2021-10-18 10:13:27,350:INFO: Pump flag controller was initialized successfully
2021-10-18 10:13:27,351:INFO: Bladder flag controller was initialized successfully
2021-10-18 10:13:27,351:INFO: Hull leak flag controller was initialized successfully
2021-10-18 10:13:27,351:INFO: Engine leak flag controller was initialized successfully
2021-10-18 10:13:27,351:INFO: Full surface initiated flag controller was initialized successfully
2021-10-18 10:13:27,353:INFO: SerialComm was initialized successfully
2021-10-18 10:13:27,363:INFO: Profile file loaded successfully

2021-10-18 10:13:27,364:INFO: Profile class was initialized successfully

2021-10-18 10:13:27,364:INFO: setting target depth to 50.0 [mbar]
2021-10-18 10:13:27,365:INFO: setting state to MissionState.DESCENDING
2021-10-18 10:13:27,445:INFO: State.STOP
2021-10-18 10:13:27,446:INFO: BT1             BT2             TT1             TT2             AT              X               Y               Z               BP1             BP2             TP1             TP2             HP              AP              PD      PC    HL   EL   BF   SF   PF   BV     rpm             State      MissionState            
2021-10-18 10:13:27,447:INFO: Buffering (0/5) Buffering (0/5) Buffering (0/5) Buffering (0/5) Buffering (1/5) Buffering (0/5) Buffering (1/5) Buffering (1/5) Buffering (0/5) Buffering (0/5) Buffering (0/5) Buffering (0/5) Buffering (0/5) Buffering (1/5) 1137.00 45.00 None None None None None 669.63 Buffering (0/1) State.STOP MissionState.DESCENDING 
2021-10-18 10:13:27,448:WARNING: Stopped
2021-10-18 10:13:27,593:INFO: State.STOP
2021-10-18 10:13:27,594:INFO: BT1             BT2             TT1             TT2             AT              X               Y               Z               BP1             BP2             TP1             TP2             HP              AP              PD      PC    HL   EL   BF   SF   PF   BV     rpm             State      MissionState            
2021-10-18 10:13:27,595:INFO: Buffering (0/5) Buffering (0/5) Buffering (1/5) Buffering (1/5) Buffering (2/5) Buffering (1/5) Buffering (2/5) Buffering (2/5) Buffering (0/5) Buffering (0/5) Buffering (1/5) Buffering (1/5) Buffering (0/5) Buffering (2/5) 1137.00 45.00 None None None None None 669.63 Buffering (0/1) State.STOP MissionState.DESCENDING 
2021-10-18 10:13:27,596:WARNING: Stopped
2021-10-18 10:13:27,739:INFO: State.STOP
2021-10-18 10:13:27,740:INFO: BT1             BT2             TT1             TT2             AT              X               Y               Z               BP1             BP2             TP1             TP2             HP              AP              PD      PC    HL   EL   BF   SF   PF   BV     rpm             State      MissionState            
2021-10-18 10:13:27,741:INFO: Buffering (0/5) Buffering (0/5) Buffering (2/5) Buffering (2/5) Buffering (3/5) Buffering (2/5) Buffering (3/5) Buffering (3/5) Buffering (0/5) Buffering (0/5) Buffering (2/5) Buffering (2/5) Buffering (0/5) Buffering (3/5) 1137.00 45.00 None None None None None 669.63 Buffering (0/1) State.STOP MissionState.DESCENDING 
2021-10-18 10:13:27,742:WARNING: Stopped
2021-10-18 10:13:30,818:INFO: State.STOP
2021-10-18 10:13:30,820:INFO: BT1             BT2             TT1             TT2             AT    X               Y               Z               BP1             BP2             TP1             TP2             HP              AP      PD      PC    HL   EL   BF   SF   PF   BV    rpm             State      MissionState            
2021-10-18 10:13:30,821:INFO: Buffering (1/5) Buffering (1/5) Buffering (3/5) Buffering (3/5) 24.93 Buffering (2/5) Buffering (3/5) Buffering (3/5) Buffering (1/5) Buffering (1/5) Buffering (3/5) Buffering (3/5) Buffering (1/5) 6079.78 1137.00 45.00 None None None None None 23.28 Buffering (0/1) State.STOP MissionState.DESCENDING 
2021-10-18 10:13:30,822:WARNING: Stopped
2021-10-18 10:13:32,633:INFO: State.STOP
2021-10-18 10:13:32,635:INFO: BT1             BT2             TT1             TT2             AT    X               Y    Z    BP1             BP2             TP1             TP2             HP              AP      PD      PC    HL   EL   BF   SF   PF   BV     rpm             State      MissionState            
2021-10-18 10:13:32,636:INFO: Buffering (2/5) Buffering (2/5) Buffering (4/5) Buffering (4/5) 24.83 Buffering (4/5) 0.03 0.00 Buffering (2/5) Buffering (2/5) Buffering (4/5) Buffering (4/5) Buffering (1/5) 6082.00 2200.00 19.00 None None None None None 669.56 Buffering (0/1) State.STOP MissionState.DESCENDING 
2021-10-18 10:13:32,636:WARNING: Stopped
2021-10-18 10:13:34,161:INFO: State.STOP
2021-10-18 10:13:34,163:INFO: BT1             BT2             TT1   TT2   AT    X    Y    Z    BP1             BP2             TP1  TP2   HP              AP      PD      PC    HL   EL   BF   SF   PF   BV     rpm             State      MissionState            
2021-10-18 10:13:34,164:INFO: Buffering (3/5) Buffering (3/5) 24.85 25.05 24.83 0.00 0.00 0.00 Buffering (3/5) Buffering (3/5) 9.96 10.24 Buffering (1/5) 6082.16 1031.00 46.00 None None None None None 669.46 Buffering (0/1) State.STOP MissionState.DESCENDING 
2021-10-18 10:13:34,165:WARNING: Stopped
2021-10-18 10:13:35,684:INFO: State.STOP
2021-10-18 10:13:35,686:INFO: BT1             BT2             TT1   TT2   AT    X    Y     Z     BP1             BP2             TP1  TP2   HP              AP      PD      PC    HL   EL   BF   SF   PF   BV     rpm             State      MissionState            
2021-10-18 10:13:35,687:INFO: Buffering (4/5) Buffering (4/5) 24.87 25.07 24.57 0.00 -0.01 -0.00 Buffering (4/5) Buffering (4/5) 9.96 10.23 Buffering (1/5) 6080.10 1862.00 10.00 None None None None None 669.44 Buffering (0/1) State.STOP MissionState.DESCENDING 
2021-10-18 10:13:35,688:WARNING: Stopped
2021-10-18 10:13:37,187:INFO: State.STOP
2021-10-18 10:13:37,188:INFO: BT1   BT2   TT1   TT2   AT    X    Y     Z    BP1   BP2   TP1  TP2   HP              AP      PD     PC    HL   EL   BF   SF   PF   BV     rpm             State      MissionState            
2021-10-18 10:13:37,189:INFO: 24.08 24.01 24.88 25.09 24.57 0.01 -0.01 0.01 10.15 10.21 9.96 10.23 Buffering (1/5) 6080.24 847.00 82.00 None None None None None 669.44 Buffering (0/1) State.STOP MissionState.DESCENDING 
2021-10-18 10:13:37,190:WARNING: Stopped
2021-10-18 10:13:38,675:INFO: State.STOP
2021-10-18 10:13:38,676:INFO: BT1   BT2   TT1   TT2   AT    X    Y     Z    BP1   BP2   TP1  TP2   HP              AP      PD      PC    HL   EL   BF   SF   PF   BV     rpm             State      MissionState            
2021-10-18 10:13:38,678:INFO: 24.16 24.02 24.66 24.92 24.58 0.01 -0.01 0.01 10.15 10.21 9.96 10.23 Buffering (1/5) 6080.24 1452.00 11.00 None None None None None 669.44 Buffering (0/1) State.STOP MissionState.DESCENDING 
2021-10-18 10:13:38,679:WARNING: Stopped
2021-10-18 10:13:40,198:INFO: State.STOP
2021-10-18 10:13:40,200:INFO: BT1   BT2   TT1   TT2   AT    X     Y     Z     BP1   BP2   TP1  TP2   HP              AP      PD      PC   HL   EL   BF   SF   PF   BV     rpm             State      MissionState            
2021-10-18 10:13:40,202:INFO: 24.15 24.01 24.65 24.93 24.58 -0.01 -0.02 -0.00 10.15 10.21 9.96 10.23 Buffering (1/5) 6080.16 2564.00 0.00 None None None None None 669.42 Buffering (0/1) State.STOP MissionState.DESCENDING 
2021-10-18 10:13:40,203:WARNING: Stopped
2021-10-18 10:13:41,714:INFO: State.STOP
2021-10-18 10:13:41,716:INFO: BT1   BT2   TT1   TT2   AT    X     Y    Z     BP1   BP2   TP1  TP2   HP              AP      PD      PC    HL   EL   BF   SF   PF   BV     rpm             State      MissionState            
2021-10-18 10:13:41,717:INFO: 24.15 24.01 24.64 24.93 24.58 -0.01 0.01 -0.00 10.15 10.21 9.96 10.23 Buffering (1/5) 6080.14 1181.00 26.00 None None None None None 669.42 Buffering (0/1) State.STOP MissionState.DESCENDING 
2021-10-18 10:13:41,718:WARNING: Stopped
2021-10-18 10:13:43,258:INFO: State.STOP
2021-10-18 10:13:43,260:INFO: BT1   BT2   TT1   TT2   AT    X     Y    Z    BP1   BP2   TP1  TP2   HP              AP      PD      PC    HL   EL   BF   SF   PF   BV     rpm             State      MissionState            
2021-10-18 10:13:43,262:INFO: 24.15 24.01 24.61 24.92 24.57 -0.01 0.02 0.00 10.15 10.21 9.96 10.23 Buffering (1/5) 6080.14 2073.00 11.00 None None None None None 669.49 Buffering (0/1) State.STOP MissionState.DESCENDING 
2021-10-18 10:13:43,263:WARNING: Stopped
2021-10-18 10:13:44,785:INFO: State.STOP
2021-10-18 10:13:44,786:INFO: BT1   BT2   TT1   TT2   AT    X     Y    Z     BP1   BP2   TP1  TP2   HP              AP      PD     PC    HL   EL   BF   SF   PF   BV     rpm             State      MissionState            
2021-10-18 10:13:44,788:INFO: 24.15 24.01 24.57 24.91 24.57 -0.01 0.00 -0.01 10.15 10.21 9.96 10.23 Buffering (1/5) 6080.18 899.00 70.00 None None None None None 669.49 Buffering (0/1) State.STOP MissionState.DESCENDING 
2021-10-18 10:13:44,789:WARNING: Stopped
2021-10-18 10:13:46,314:INFO: State.STOP
2021-10-18 10:13:46,316:INFO: BT1   BT2   TT1   TT2   AT    X     Y    Z    BP1   BP2   TP1  TP2   HP              AP      PD      PC    HL   EL   BF   SF   PF   BV     rpm             State      MissionState            
2021-10-18 10:13:46,317:INFO: 24.16 24.01 24.53 24.90 24.57 -0.00 0.01 0.00 10.15 10.21 9.96 10.23 Buffering (1/5) 6080.12 1589.00 17.00 None None None None None 669.46 Buffering (0/1) State.STOP MissionState.DESCENDING 
2021-10-18 10:13:46,318:WARNING: Stopped
2021-10-18 10:13:47,811:INFO: State.STOP
2021-10-18 10:13:47,813:INFO: BT1   BT2   TT1   TT2   AT    X     Y    Z    BP1   BP2   TP1  TP2   HP              AP      PD     PC    HL   EL   BF   SF   PF   BV     rpm             State      MissionState            
2021-10-18 10:13:47,814:INFO: 24.17 24.01 24.50 24.89 24.57 -0.00 0.00 0.00 10.15 10.21 9.96 10.23 Buffering (1/5) 6080.06 781.00 92.00 None None None None None 669.51 Buffering (0/1) State.STOP MissionState.DESCENDING 
2021-10-18 10:13:47,815:WARNING: Stopped
2021-10-18 10:13:49,303:INFO: State.STOP
2021-10-18 10:13:49,305:INFO: BT1   BT2   TT1   TT2   AT    X     Y     Z    BP1   BP2   TP1  TP2   HP              AP      PD      PC   HL   EL   BF   SF   PF   BV     rpm             State      MissionState            
2021-10-18 10:13:49,306:INFO: 24.18 24.01 24.47 24.87 24.57 -0.00 -0.04 0.00 10.15 10.21 9.96 10.24 Buffering (1/5) 6080.00 1196.00 4.00 None None None None None 669.44 Buffering (0/1) State.STOP MissionState.DESCENDING 
2021-10-18 10:13:49,307:WARNING: Stopped
2021-10-18 10:13:50,817:INFO: State.STOP
2021-10-18 10:13:50,819:INFO: BT1   BT2   TT1   TT2   AT    X     Y     Z     BP1   BP2   TP1  TP2   HP              AP      PD      PC   HL   EL   BF   SF   PF   BV     rpm             State      MissionState            
2021-10-18 10:13:50,821:INFO: 24.18 24.01 24.45 24.85 24.57 -0.01 -0.03 -0.00 10.15 10.20 9.96 10.23 Buffering (1/5) 6080.00 2084.00 0.00 None None None None None 669.44 Buffering (0/1) State.STOP MissionState.DESCENDING 
2021-10-18 10:13:50,822:WARNING: Stopped
2021-10-18 10:13:52,345:INFO: State.STOP
2021-10-18 10:13:52,346:INFO: BT1   BT2   TT1   TT2   AT    X     Y     Z     BP1   BP2   TP1  TP2   HP              AP      PD     PC    HL   EL   BF   SF   PF   BV     rpm             State      MissionState            
2021-10-18 10:13:52,347:INFO: 24.19 24.00 24.45 24.83 24.57 -0.02 -0.03 -0.00 10.15 10.21 9.96 10.23 Buffering (1/5) 6080.10 908.00 62.00 None None None None None 669.51 Buffering (0/1) State.STOP MissionState.DESCENDING 
2021-10-18 10:13:52,347:WARNING: Stopped
2021-10-18 10:13:53,872:INFO: State.STOP
2021-10-18 10:13:53,875:INFO: BT1   BT2   TT1   TT2   AT    X     Y     Z     BP1   BP2   TP1  TP2   HP              AP      PD      PC   HL   EL   BF   SF   PF   BV     rpm             State      MissionState            
2021-10-18 10:13:53,876:INFO: 24.19 23.99 24.44 24.81 24.57 -0.02 -0.04 -0.01 10.15 10.20 9.96 10.23 Buffering (1/5) 6080.18 1607.00 4.00 None None None None None 669.46 Buffering (0/1) State.STOP MissionState.DESCENDING 
2021-10-18 10:13:53,877:WARNING: Stopped
2021-10-18 10:13:55,371:INFO: State.STOP
2021-10-18 10:13:55,374:INFO: BT1   BT2   TT1   TT2   AT    X     Y     Z     BP1   BP2   TP1  TP2   HP              AP      PD     PC    HL   EL   BF   SF   PF   BV     rpm             State      MissionState            
2021-10-18 10:13:55,375:INFO: 24.19 23.99 24.44 24.79 24.58 -0.00 -0.01 -0.00 10.15 10.21 9.95 10.23 Buffering (1/5) 6080.34 786.00 94.00 None None None None None 669.36 Buffering (0/1) State.STOP MissionState.DESCENDING 
2021-10-18 10:13:55,377:WARNING: Stopped
2021-10-18 10:13:56,872:INFO: State.STOP
2021-10-18 10:13:56,874:INFO: BT1   BT2   TT1   TT2   AT    X     Y    Z     BP1   BP2   TP1  TP2   HP              AP      PD      PC   HL   EL   BF   SF   PF   BV     rpm             State      MissionState            
2021-10-18 10:13:56,876:INFO: 24.19 23.98 24.44 24.78 24.58 -0.00 0.01 -0.00 10.15 10.21 9.95 10.23 Buffering (1/5) 6080.36 1275.00 7.00 None None None None None 669.42 Buffering (0/1) State.STOP MissionState.DESCENDING 
2021-10-18 10:13:56,877:WARNING: Stopped
2021-10-18 10:13:58,380:INFO: State.STOP
2021-10-18 10:13:58,383:INFO: BT1   BT2   TT1   TT2   AT    X    Y     Z    BP1   BP2   TP1  TP2   HP              AP      PD      PC   HL   EL   BF   SF   PF   BV     rpm             State      MissionState            
2021-10-18 10:13:58,385:INFO: 24.18 23.98 24.43 24.77 24.58 0.00 -0.00 0.00 10.15 10.21 9.95 10.23 Buffering (1/5) 6080.28 2218.00 0.00 None None None None None 669.46 Buffering (0/1) State.STOP MissionState.DESCENDING 
2021-10-18 10:13:58,385:WARNING: Stopped
2021-10-18 10:13:59,913:INFO: State.STOP
2021-10-18 10:13:59,917:INFO: BT1   BT2   TT1   TT2   AT    X    Y    Z    BP1   BP2   TP1  TP2   HP              AP      PD     PC    HL   EL   BF   SF   PF   BV     rpm             State      MissionState            
2021-10-18 10:13:59,919:INFO: 24.17 23.98 24.43 24.75 24.57 0.00 0.00 0.00 10.15 10.21 9.95 10.23 Buffering (1/5) 6080.20 890.00 66.00 None None None None None 669.37 Buffering (0/1) State.STOP MissionState.DESCENDING 
2021-10-18 10:13:59,919:WARNING: Stopped
2021-10-18 10:14:01,428:INFO: State.STOP
2021-10-18 10:14:01,430:INFO: BT1   BT2   TT1   TT2   AT    X    Y    Z    BP1   BP2   TP1  TP2   HP              AP      PD      PC   HL   EL   BF   SF   PF   BV     rpm             State      MissionState            
2021-10-18 10:14:01,431:INFO: 24.16 23.97 24.43 24.74 24.57 0.00 0.00 0.00 10.15 10.21 9.95 10.23 Buffering (1/5) 6080.14 1534.00 7.00 None None None None None 669.51 Buffering (0/1) State.STOP MissionState.DESCENDING 
2021-10-18 10:14:01,433:WARNING: Stopped
2021-10-18 10:14:02,925:INFO: State.STOP
2021-10-18 10:14:02,926:INFO: BT1   BT2   TT1   TT2   AT    X    Y    Z    BP1   BP2   TP1  TP2   HP              AP      PD      PC   HL   EL   BF   SF   PF   BV     rpm             State      MissionState            
2021-10-18 10:14:02,927:INFO: 24.15 23.97 24.41 24.72 24.57 0.00 0.00 0.00 10.15 10.21 9.95 10.23 Buffering (1/5) 6080.12 2518.00 0.00 None None None None None 669.54 Buffering (0/1) State.STOP MissionState.DESCENDING 
2021-10-18 10:14:02,928:WARNING: Stopped
2021-10-18 10:14:04,417:INFO: State.STOP
2021-10-18 10:14:04,419:INFO: BT1   BT2   TT1   TT2   AT    X    Y    Z    BP1   BP2   TP1  TP2   HP              AP      PD      PC    HL   EL   BF   SF   PF   BV     rpm             State      MissionState            
2021-10-18 10:14:04,421:INFO: 24.14 23.97 24.39 24.71 24.57 0.00 0.00 0.00 10.14 10.21 9.95 10.23 Buffering (1/5) 6080.08 1075.00 36.00 None None None None None 669.42 Buffering (0/1) State.STOP MissionState.DESCENDING 
2021-10-18 10:14:04,422:WARNING: Stopped
2021-10-18 10:14:05,912:INFO: State.STOP
2021-10-18 10:14:05,913:INFO: BT1   BT2   TT1   TT2   AT    X    Y    Z    BP1   BP2   TP1  TP2   HP              AP      PD      PC   HL   EL   BF   SF   PF   BV     rpm             State      MissionState            
2021-10-18 10:14:05,915:INFO: 24.13 23.96 24.37 24.69 24.57 0.00 0.00 0.00 10.14 10.21 9.95 10.23 Buffering (1/5) 6080.00 1974.00 0.00 None None None None None 669.46 Buffering (0/1) State.STOP MissionState.DESCENDING 
2021-10-18 10:14:05,916:WARNING: Stopped
2021-10-18 10:14:07,445:INFO: State.STOP
2021-10-18 10:14:07,448:INFO: BT1   BT2   TT1   TT2   AT    X    Y    Z    BP1   BP2   TP1  TP2   HP              AP      PD     PC    HL   EL   BF   SF   PF   BV     rpm             State      MissionState            
2021-10-18 10:14:07,449:INFO: 24.12 23.96 24.35 24.68 24.57 0.00 0.00 0.00 10.14 10.21 9.95 10.23 Buffering (1/5) 6080.02 874.00 71.00 None None None None None 669.58 Buffering (0/1) State.STOP MissionState.DESCENDING 
2021-10-18 10:14:07,450:WARNING: Stopped
2021-10-18 10:14:08,969:INFO: State.STOP
2021-10-18 10:14:08,971:INFO: BT1   BT2   TT1   TT2   AT    X    Y    Z    BP1   BP2   TP1  TP2   HP              AP      PD      PC   HL   EL   BF   SF   PF   BV     rpm             State      MissionState            
2021-10-18 10:14:08,973:INFO: 24.10 23.96 24.31 24.67 24.57 0.00 0.00 0.00 10.14 10.21 9.95 10.23 Buffering (1/5) 6080.10 1481.00 0.00 None None None None None 669.46 Buffering (0/1) State.STOP MissionState.DESCENDING 
2021-10-18 10:14:08,974:WARNING: Stopped
2021-10-18 10:14:10,471:INFO: State.STOP
2021-10-18 10:14:10,473:INFO: BT1   BT2   TT1   TT2   AT    X    Y    Z    BP1   BP2   TP1  TP2   HP              AP      PD      PC   HL   EL   BF   SF   PF   BV     rpm             State      MissionState            
2021-10-18 10:14:10,474:INFO: 24.08 23.96 24.30 24.66 24.57 0.00 0.00 0.00 10.14 10.21 9.95 10.23 Buffering (1/5) 6079.92 2345.00 0.00 None None None None None 669.54 Buffering (0/1) State.STOP MissionState.DESCENDING 
2021-10-18 10:14:10,475:WARNING: Stopped
2021-10-18 10:14:11,952:INFO: State.STOP
2021-10-18 10:14:11,953:INFO: BT1   BT2   TT1   TT2   AT    X    Y    Z    BP1   BP2   TP1  TP2   HP              AP      PD     PC    HL   EL   BF   SF   PF   BV     rpm             State      MissionState            
2021-10-18 10:14:11,955:INFO: 24.06 23.96 24.29 24.66 24.57 0.00 0.00 0.00 10.14 10.21 9.95 10.23 Buffering (1/5) 6080.04 907.00 67.00 None None None None None 669.42 Buffering (0/1) State.STOP MissionState.DESCENDING 
2021-10-18 10:14:11,956:WARNING: Stopped
2021-10-18 10:14:13,472:INFO: State.STOP
2021-10-18 10:14:13,474:INFO: BT1   BT2   TT1   TT2   AT    X    Y    Z    BP1   BP2   TP1  TP2   HP              AP      PD      PC   HL   EL   BF   SF   PF   BV     rpm             State      MissionState            
2021-10-18 10:14:13,476:INFO: 24.04 23.96 24.28 24.66 24.57 0.00 0.00 0.00 10.14 10.20 9.95 10.23 Buffering (1/5) 6080.06 1654.00 0.00 None None None None None 669.49 Buffering (0/1) State.STOP MissionState.DESCENDING 
2021-10-18 10:14:13,478:WARNING: Stopped
2021-10-18 10:14:14,971:INFO: State.STOP
2021-10-18 10:14:14,972:INFO: BT1   BT2   TT1   TT2   AT    X    Y    Z    BP1   BP2   TP1  TP2   HP              AP      PD     PC    HL   EL   BF   SF   PF   BV     rpm             State      MissionState            
2021-10-18 10:14:14,973:INFO: 24.03 23.96 24.28 24.65 24.57 0.00 0.00 0.00 10.14 10.20 9.95 10.23 Buffering (1/5) 6080.04 767.00 96.00 None None None None None 669.54 Buffering (0/1) State.STOP MissionState.DESCENDING 
2021-10-18 10:14:14,974:WARNING: Stopped
2021-10-18 10:14:16,458:INFO: State.STOP
2021-10-18 10:14:16,459:INFO: BT1   BT2   TT1   TT2   AT    X    Y    Z    BP1   BP2   TP1  TP2   HP              AP      PD     PC    HL   EL   BF   SF   PF   BV     rpm             State      MissionState            
2021-10-18 10:14:16,460:INFO: 24.02 23.96 24.29 24.64 24.57 0.00 0.00 0.00 10.14 10.20 9.95 10.23 Buffering (1/5) 6080.00 997.00 54.00 None None None None None 669.46 Buffering (0/1) State.STOP MissionState.DESCENDING 
2021-10-18 10:14:16,461:WARNING: Stopped
2021-10-18 10:14:17,961:INFO: State.STOP
2021-10-18 10:14:17,963:INFO: BT1   BT2   TT1   TT2   AT    X    Y    Z    BP1   BP2   TP1  TP2   HP              AP      PD      PC   HL   EL   BF   SF   PF   BV     rpm             State      MissionState            
2021-10-18 10:14:17,965:INFO: 24.02 23.95 24.29 24.63 24.57 0.00 0.00 0.00 10.14 10.20 9.95 10.23 Buffering (1/5) 6079.92 1792.00 0.00 None None None None None 669.54 Buffering (0/1) State.STOP MissionState.DESCENDING 
2021-10-18 10:14:17,967:WARNING: Stopped
2021-10-18 10:14:19,472:INFO: State.STOP
2021-10-18 10:14:19,475:INFO: BT1   BT2   TT1   TT2   AT    X    Y     Z    BP1   BP2   TP1  TP2   HP              AP      PD     PC    HL   EL   BF   SF   PF   BV     rpm             State      MissionState            
2021-10-18 10:14:19,476:INFO: 24.02 23.95 24.28 24.62 24.57 0.00 -0.00 0.00 10.14 10.20 9.95 10.23 Buffering (1/5) 6080.00 821.00 85.00 None None None None None 669.46 Buffering (0/1) State.STOP MissionState.DESCENDING 
2021-10-18 10:14:19,478:WARNING: Stopped
2021-10-18 10:14:20,950:INFO: State.STOP
2021-10-18 10:14:20,952:INFO: BT1   BT2   TT1   TT2   AT    X    Y     Z    BP1   BP2   TP1  TP2   HP              AP      PD      PC   HL   EL   BF   SF   PF   BV     rpm             State      MissionState            
2021-10-18 10:14:20,954:INFO: 24.03 23.95 24.27 24.60 24.57 0.00 -0.00 0.00 10.14 10.20 9.95 10.23 Buffering (1/5) 6079.98 1372.00 0.00 None None None None None 669.54 Buffering (0/1) State.STOP MissionState.DESCENDING 
2021-10-18 10:14:20,955:WARNING: Stopped
2021-10-18 10:14:22,463:INFO: State.STOP
2021-10-18 10:14:22,464:INFO: BT1   BT2   TT1   TT2   AT    X    Y     Z    BP1   BP2   TP1  TP2   HP              AP      PD      PC   HL   EL   BF   SF   PF   BV     rpm             State      MissionState            
2021-10-18 10:14:22,465:INFO: 24.03 23.94 24.26 24.59 24.57 0.00 -0.00 0.00 10.14 10.20 9.95 10.23 Buffering (1/5) 6080.02 2483.00 0.00 None None None None None 669.40 Buffering (0/1) State.STOP MissionState.DESCENDING 
2021-10-18 10:14:22,466:WARNING: Stopped
2021-10-18 10:14:23,990:INFO: State.STOP
2021-10-18 10:14:23,993:INFO: BT1   BT2   TT1   TT2   AT    X    Y     Z    BP1   BP2   TP1  TP2   HP              AP      PD      PC    HL   EL   BF   SF   PF   BV     rpm             State      MissionState            
2021-10-18 10:14:23,994:INFO: 24.03 23.94 24.25 24.57 24.57 0.00 -0.00 0.00 10.14 10.20 9.95 10.23 Buffering (1/5) 6080.06 1126.00 34.00 None None None None None 669.49 Buffering (0/1) State.STOP MissionState.DESCENDING 
2021-10-18 10:14:23,996:WARNING: Stopped
2021-10-18 10:14:25,513:INFO: State.STOP
2021-10-18 10:14:25,514:INFO: BT1   BT2   TT1   TT2   AT    X    Y     Z    BP1   BP2   TP1  TP2   HP              AP      PD      PC   HL   EL   BF   SF   PF   BV     rpm             State      MissionState            
2021-10-18 10:14:25,516:INFO: 24.02 23.93 24.24 24.55 24.57 0.00 -0.00 0.00 10.14 10.20 9.95 10.23 Buffering (1/5) 6080.16 1999.00 1.00 None None None None None 669.44 Buffering (0/1) State.STOP MissionState.DESCENDING 
2021-10-18 10:14:25,517:WARNING: Stopped
2021-10-18 10:14:27,044:INFO: State.STOP
2021-10-18 10:14:27,046:INFO: BT1   BT2   TT1   TT2   AT    X    Y     Z     BP1   BP2   TP1  TP2   HP              AP      PD     PC    HL   EL   BF   SF   PF   BV     rpm             State      MissionState            
2021-10-18 10:14:27,047:INFO: 24.02 23.93 24.22 24.54 24.57 0.00 -0.00 -0.00 10.14 10.20 9.95 10.23 Buffering (1/5) 6080.04 788.00 91.00 None None None None None 669.51 Buffering (0/1) State.STOP MissionState.DESCENDING 
2021-10-18 10:14:27,048:WARNING: Stopped
2021-10-18 10:14:28,552:INFO: State.STOP
2021-10-18 10:14:28,557:INFO: BT1   BT2   TT1   TT2   AT    X    Y     Z     BP1   BP2   TP1  TP2   HP              AP      PD      PC    HL   EL   BF   SF   PF   BV     rpm             State      MissionState            
2021-10-18 10:14:28,558:INFO: 24.01 23.93 24.20 24.52 24.57 0.00 -0.00 -0.00 10.14 10.21 9.95 10.23 Buffering (1/5) 6079.88 1024.00 44.00 None None None None None 669.58 Buffering (0/1) State.STOP MissionState.DESCENDING 
2021-10-18 10:14:28,559:WARNING: Stopped
2021-10-18 10:14:30,076:INFO: State.STOP
2021-10-18 10:14:30,077:INFO: BT1   BT2   TT1   TT2   AT    X    Y     Z     BP1   BP2   TP1  TP2   HP              AP      PD      PC   HL   EL   BF   SF   PF   BV     rpm             State      MissionState            
2021-10-18 10:14:30,079:INFO: 24.01 23.93 24.19 24.51 24.57 0.00 -0.00 -0.00 10.14 10.20 9.95 10.23 Buffering (1/5) 6079.84 1786.00 0.00 None None None None None 669.46 Buffering (0/1) State.STOP MissionState.DESCENDING 
2021-10-18 10:14:30,080:WARNING: Stopped
2021-10-18 10:14:31,586:INFO: State.STOP
2021-10-18 10:14:31,587:INFO: BT1   BT2   TT1   TT2   AT    X    Y     Z     BP1   BP2   TP1  TP2   HP              AP      PD     PC    HL   EL   BF   SF   PF   BV     rpm             State      MissionState            
2021-10-18 10:14:31,589:INFO: 24.01 23.92 24.18 24.49 24.57 0.00 -0.00 -0.00 10.14 10.20 9.95 10.23 Buffering (1/5) 6079.92 785.00 93.00 None None None None None 669.54 Buffering (0/1) State.STOP MissionState.DESCENDING 
2021-10-18 10:14:31,590:WARNING: Stopped
2021-10-18 10:14:33,065:INFO: State.STOP
2021-10-18 10:14:33,067:INFO: BT1   BT2   TT1   TT2   AT    X    Y     Z     BP1   BP2   TP1  TP2   HP              AP      PD      PC    HL   EL   BF   SF   PF   BV     rpm             State      MissionState            
2021-10-18 10:14:33,068:INFO: 24.00 23.91 24.18 24.49 24.57 0.00 -0.00 -0.00 10.14 10.20 9.95 10.23 Buffering (1/5) 6079.94 1210.00 20.00 None None None None None 669.52 Buffering (0/1) State.STOP MissionState.DESCENDING 
2021-10-18 10:14:33,070:WARNING: Stopped
2021-10-18 10:14:34,578:INFO: State.STOP
2021-10-18 10:14:34,580:INFO: BT1   BT2   TT1   TT2   AT    X    Y    Z    BP1   BP2   TP1  TP2   HP              AP      PD      PC   HL   EL   BF   SF   PF   BV     rpm             State      MissionState            
2021-10-18 10:14:34,581:INFO: 24.00 23.90 24.19 24.48 24.57 0.00 0.00 0.00 10.14 10.20 9.95 10.23 Buffering (1/5) 6079.98 2134.00 0.00 None None None None None 669.42 Buffering (0/1) State.STOP MissionState.DESCENDING 
2021-10-18 10:14:34,582:WARNING: Stopped
2021-10-18 10:14:36,099:INFO: State.STOP
2021-10-18 10:14:36,101:INFO: BT1   BT2   TT1   TT2   AT    X    Y    Z    BP1   BP2   TP1  TP2   HP              AP      PD     PC    HL   EL   BF   SF   PF   BV     rpm             State      MissionState            
2021-10-18 10:14:36,103:INFO: 24.00 23.89 24.19 24.49 24.57 0.00 0.00 0.00 10.14 10.20 9.95 10.23 Buffering (1/5) 6080.04 911.00 67.00 None None None None None 669.35 Buffering (0/1) State.STOP MissionState.DESCENDING 
2021-10-18 10:14:36,104:WARNING: Stopped
2021-10-18 10:14:37,616:INFO: State.STOP
2021-10-18 10:14:37,618:INFO: BT1   BT2   TT1   TT2   AT    X    Y    Z    BP1   BP2   TP1  TP2   HP              AP      PD      PC   HL   EL   BF   SF   PF   BV     rpm             State      MissionState            
2021-10-18 10:14:37,620:INFO: 23.99 23.88 24.19 24.50 24.57 0.00 0.00 0.00 10.14 10.20 9.95 10.23 Buffering (1/5) 6079.94 1580.00 4.00 None None None None None 669.52 Buffering (0/1) State.STOP MissionState.DESCENDING 
2021-10-18 10:14:37,621:WARNING: Stopped
2021-10-18 10:14:39,120:INFO: State.STOP
2021-10-18 10:14:39,121:INFO: BT1   BT2   TT1   TT2   AT    X    Y    Z    BP1   BP2   TP1  TP2   HP              AP      PD     PC    HL   EL   BF   SF   PF   BV     rpm             State      MissionState            
2021-10-18 10:14:39,123:INFO: 23.99 23.87 24.18 24.50 24.57 0.00 0.00 0.00 10.14 10.20 9.95 10.23 Buffering (1/5) 6079.90 776.00 91.00 None None None None None 669.45 Buffering (0/1) State.STOP MissionState.DESCENDING 
2021-10-18 10:14:39,124:WARNING: Stopped
2021-10-18 10:14:40,621:INFO: State.STOP
2021-10-18 10:14:40,623:INFO: BT1   BT2   TT1   TT2   AT    X    Y    Z    BP1   BP2   TP1  TP2   HP              AP      PD     PC    HL   EL   BF   SF   PF   BV     rpm             State      MissionState            
2021-10-18 10:14:40,624:INFO: 23.99 23.86 24.17 24.51 24.57 0.00 0.00 0.00 10.14 10.20 9.95 10.23 Buffering (1/5) 6079.78 936.00 61.00 None None None None None 669.54 Buffering (0/1) State.STOP MissionState.DESCENDING 
2021-10-18 10:14:40,626:WARNING: Stopped
2021-10-18 10:14:42,115:INFO: State.STOP
2021-10-18 10:14:42,116:INFO: BT1   BT2   TT1   TT2   AT    X    Y    Z    BP1   BP2   TP1  TP2   HP              AP      PD      PC   HL   EL   BF   SF   PF   BV     rpm             State      MissionState            
2021-10-18 10:14:42,117:INFO: 23.98 23.86 24.16 24.51 24.57 0.00 0.00 0.00 10.14 10.20 9.95 10.23 Buffering (1/5) 6079.88 1628.00 1.00 None None None None None 669.49 Buffering (0/1) State.STOP MissionState.DESCENDING 
2021-10-18 10:14:42,118:WARNING: Stopped
2021-10-18 10:14:43,152:INFO: 
2021-10-18 10:14:43,153:CRITICAL: System shutdown
2021-10-18 10:14:43,154:INFO: cleaning (resetting rpi gpio)
