2021-10-19 14:28:23,764:WARNING: Test mode
2021-10-19 14:28:23,766:INFO: Pressure controller was initialized successfully
2021-10-19 14:28:23,767:INFO: BP1 pressure sensor was initialized successfully
2021-10-19 14:28:23,768:INFO: BP2 pressure sensor was initialized successfully
2021-10-19 14:28:23,769:INFO: TP1 pressure sensor was initialized successfully
2021-10-19 14:28:23,769:INFO: TP2 pressure sensor was initialized successfully
2021-10-19 14:28:23,770:INFO: HP pressure sensor was initialized successfully
2021-10-19 14:28:23,771:INFO: AP pressure sensor was initialized successfully
2021-10-19 14:28:23,771:INFO: Temperature controller was initialized successfully
2021-10-19 14:28:23,772:INFO: BT1 temperature sensor was initialized successfully
2021-10-19 14:28:23,772:INFO: BT2 temperature sensor was initialized successfully
2021-10-19 14:28:23,773:INFO: TT1 temperature sensor was initialized successfully
2021-10-19 14:28:23,773:INFO: TT2 temperature sensor was initialized successfully
2021-10-19 14:28:23,774:INFO: AT temperature sensor was initialized successfully
2021-10-19 14:28:23,774:INFO: IMU controller was initialized successfully
2021-10-19 14:28:23,774:INFO: X IMU sensor was initialized successfully
2021-10-19 14:28:23,775:INFO: Y IMU sensor was initialized successfully
2021-10-19 14:28:23,775:INFO: Z IMU sensor was initialized successfully
2021-10-19 14:28:23,775:INFO: Bladder volume controller was initialized successfully
2021-10-19 14:28:23,776:INFO: Altimeter controller was initialized successfully
2021-10-19 14:28:23,776:INFO: rpm controller was initialized successfully
2021-10-19 14:28:23,777:INFO: Pump flag controller was initialized successfully
2021-10-19 14:28:23,777:INFO: Bladder flag controller was initialized successfully
2021-10-19 14:28:23,777:INFO: Hull leak flag controller was initialized successfully
2021-10-19 14:28:23,777:INFO: Engine leak flag controller was initialized successfully
2021-10-19 14:28:23,778:INFO: Full surface initiated flag controller was initialized successfully
2021-10-19 14:28:23,778:DEBUG: attempting to init serial comm
2021-10-19 14:28:23,779:DEBUG:  port:/dev/ttyACM0
2021-10-19 14:28:23,779:DEBUG:  baud_rate:115200
2021-10-19 14:28:23,781:INFO: SerialComm was initialized successfully
2021-10-19 14:28:23,781:DEBUG: attempting to init serial comm
2021-10-19 14:28:23,782:DEBUG:  port:/dev/ttyUSB0
2021-10-19 14:28:23,782:DEBUG:  baud_rate:115200
2021-10-19 14:28:23,785:INFO: SerialComm was initialized successfully
2021-10-19 14:28:23,786:DEBUG: attempting to load profile: cfg/profile.txt
2021-10-19 14:28:23,795:INFO: Profile file loaded successfully

2021-10-19 14:28:23,796:INFO: Profile class was initialized successfully

2021-10-19 14:28:23,822:INFO: compiling mega code
2021-10-19 14:28:37,815:INFO: compilation successful
2021-10-19 14:28:37,816:INFO: uploading mega code
2021-10-19 14:28:53,095:INFO: upload successful
2021-10-19 14:28:53,097:INFO: compiling nano code
2021-10-19 14:29:00,834:INFO: compilation successful
2021-10-19 14:29:00,835:INFO: uploading nano code
2021-10-19 14:29:08,902:INFO: upload successful
2021-10-19 14:29:08,903:INFO: setting state to MissionState.IDLE
2021-10-19 14:29:08,906:DEBUG: mega>rpi: b'SU:0.00\r\n'
2021-10-19 14:29:08,908:DEBUG: mega>rpi: b'BT1:22.96\r\n'
2021-10-19 14:29:08,910:DEBUG: mega>rpi: b'BT2:22.86\r\n'
2021-10-19 14:29:08,913:DEBUG: mega>rpi: b'BP1:1021.00\r\n'
2021-10-19 14:29:08,915:DEBUG: mega>rpi: b'BP2:1036.00\r\n'
2021-10-19 14:29:08,918:DEBUG: mega>rpi: b'HP:1066.40\r\n'
2021-10-19 14:29:08,920:DEBUG: mega>rpi: b'AT:21.99\r\n'
2021-10-19 14:29:08,937:DEBUG: nano>rpi: ['NN', '222.00']
2021-10-19 14:29:08,940:DEBUG: mega>rpi: b'AP:8719.40\r\n'
2021-10-19 14:29:08,942:DEBUG: mega>rpi: b'TT1:23.13\r\n'
2021-10-19 14:29:08,944:DEBUG: mega>rpi: b'TT2:23.13\r\n'
2021-10-19 14:29:08,946:DEBUG: mega>rpi: b'TP1:1021.90\r\n'
2021-10-19 14:29:08,949:DEBUG: mega>rpi: b'TP2:1030.50\r\n'
2021-10-19 14:29:08,950:DEBUG: mega>rpi: b'\r\n'
2021-10-19 14:29:08,952:DEBUG: mega>rpi: b'X:0.00\r\n'
2021-10-19 14:29:08,954:DEBUG: mega>rpi: b'Y:0.00\r\n'
2021-10-19 14:29:08,956:DEBUG: mega>rpi: b'Z:0.00\r\n'
2021-10-19 14:29:08,961:DEBUG: mega>rpi: b'Date: 10/19/2021 Time: 11:28:54\r\n'
2021-10-19 14:29:08,963:DEBUG: mega>rpi: b'SU:1.00\r\n'
2021-10-19 14:29:08,965:DEBUG: mega>rpi: b'LC:1.00\r\n'
2021-10-19 14:29:08,966:DEBUG: mega>rpi: b'HL:0.00\r\n'
2021-10-19 14:29:08,968:DEBUG: mega>rpi: b'EL:0.00\r\n'
2021-10-19 14:29:08,970:DEBUG: mega>rpi: b'BT1:23.35\r\n'
2021-10-19 14:29:08,973:DEBUG: mega>rpi: b'BT2:22.90\r\n'
2021-10-19 14:29:08,975:DEBUG: mega>rpi: b'BP1:1020.60\r\n'
2021-10-19 14:29:08,976:DEBUG: mega>rpi: b'BP2:1036.20\r\n'
2021-10-19 14:29:08,978:DEBUG: mega>rpi: b'HP:1066.60\r\n'
2021-10-19 14:29:08,979:DEBUG: mega>rpi: b'TT1:22.36\r\n'
2021-10-19 14:29:08,981:DEBUG: mega>rpi: b'TT2:23.09\r\n'
2021-10-19 14:29:08,984:DEBUG: mega>rpi: b'TP1:1021.80\r\n'
2021-10-19 14:29:08,986:DEBUG: mega>rpi: b'TP2:1029.90\r\n'
2021-10-19 14:29:08,988:DEBUG: mega>rpi: b'AT:22.46\r\n'
2021-10-19 14:29:08,990:DEBUG: mega>rpi: b'AP:8709.60\r\n'
2021-10-19 14:29:08,992:DEBUG: mega>rpi: b'BV:223.33\r\n'
2021-10-19 14:29:08,993:INFO: State.STOP
2021-10-19 14:29:08,994:INFO: BT1             BT2             TT1             TT2             AT              X               Y               Z               BP1             BP2             TP1             TP2             HP              AP              PD PC HL EL BF   SF   PF   BV     rpm             State MissionState Setpoint Error Depth 
2021-10-19 14:29:08,996:INFO: Buffering (2/5) Buffering (2/5) Buffering (2/5) Buffering (2/5) Buffering (2/5) Buffering (1/5) Buffering (1/5) Buffering (1/5) Buffering (2/5) Buffering (2/5) Buffering (2/5) Buffering (2/5) Buffering (2/5) Buffering (2/5) 0  0  0  0  None None None 223.33 Buffering (0/1) STOP  IDLE         30.00    None  None  
2021-10-19 14:29:08,998:WARNING: Stopped
2021-10-19 14:29:09,000:DEBUG: mega>rpi: b'BF:0.00\r\n'
2021-10-19 14:29:09,002:DEBUG: mega>rpi: b'X:0.00\r\n'
2021-10-19 14:29:09,004:DEBUG: mega>rpi: b'Y:0.00\r\n'
2021-10-19 14:29:09,011:DEBUG: mega>rpi: b'Z:0.00\r\n'
2021-10-19 14:29:09,013:DEBUG: mega>rpi: b'PD:2.24\r\n'
2021-10-19 14:29:09,014:DEBUG: mega>rpi: b'PC:73.00\r\n'
2021-10-19 14:29:09,015:DEBUG: mega>rpi: b'LC:2.00\r\n'
2021-10-19 14:29:09,017:DEBUG: mega>rpi: b'HL:0.00\r\n'
2021-10-19 14:29:09,018:DEBUG: mega>rpi: b'EL:0.00\r\n'
2021-10-19 14:29:09,019:DEBUG: mega>rpi: b'BT1:23.35\r\n'
2021-10-19 14:29:09,021:DEBUG: mega>rpi: b'BT2:22.90\r\n'
2021-10-19 14:29:09,022:DEBUG: mega>rpi: b'BP1:1020.90\r\n'
2021-10-19 14:29:09,024:DEBUG: mega>rpi: b'BP2:1036.00\r\n'
2021-10-19 14:29:09,025:DEBUG: mega>rpi: b'HP:1066.10\r\n'
2021-10-19 14:29:09,026:DEBUG: mega>rpi: b'TT1:22.35\r\n'
2021-10-19 14:29:09,028:DEBUG: mega>rpi: b'TT2:23.07\r\n'
2021-10-19 14:29:09,029:DEBUG: mega>rpi: b'TP1:1022.60\r\n'
2021-10-19 14:29:09,031:DEBUG: mega>rpi: b'TP2:1030.40\r\n'
2021-10-19 14:29:09,032:DEBUG: mega>rpi: b'AT:22.46\r\n'
2021-10-19 14:29:09,034:DEBUG: mega>rpi: b'AP:8709.30\r\n'
2021-10-19 14:29:09,035:DEBUG: mega>rpi: b'BV:223.36\r\n'
2021-10-19 14:29:09,035:INFO: State.STOP
2021-10-19 14:29:09,037:INFO: BT1             BT2             TT1             TT2             AT              X               Y               Z               BP1             BP2             TP1             TP2             HP              AP              PD   PC    HL EL BF SF   PF   BV     rpm             State MissionState Setpoint Error Depth 
2021-10-19 14:29:09,038:INFO: Buffering (3/5) Buffering (3/5) Buffering (3/5) Buffering (3/5) Buffering (3/5) Buffering (2/5) Buffering (2/5) Buffering (2/5) Buffering (3/5) Buffering (3/5) Buffering (3/5) Buffering (3/5) Buffering (3/5) Buffering (3/5) 2.24 73.00 0  0  0  None None 223.36 Buffering (0/1) STOP  IDLE         30.00    None  None  
2021-10-19 14:29:09,038:WARNING: Stopped
2021-10-19 14:29:09,040:DEBUG: mega>rpi: b'BF:0.00\r\n'
2021-10-19 14:29:09,042:DEBUG: mega>rpi: b'X:0.00\r\n'
2021-10-19 14:29:09,043:DEBUG: mega>rpi: b'Y:0.00\r\n'
2021-10-19 14:29:09,045:DEBUG: mega>rpi: b'Z:-0.01\r\n'
2021-10-19 14:29:09,046:DEBUG: mega>rpi: b'PD:2.68\r\n'
2021-10-19 14:29:09,047:DEBUG: mega>rpi: b'PC:61.00\r\n'
2021-10-19 14:29:09,049:DEBUG: mega>rpi: b'LC:3.00\r\n'
2021-10-19 14:29:09,050:DEBUG: mega>rpi: b'HL:0.00\r\n'
2021-10-19 14:29:09,051:DEBUG: mega>rpi: b'EL:0.00\r\n'
2021-10-19 14:29:09,053:DEBUG: mega>rpi: b'BT1:23.35\r\n'
2021-10-19 14:29:09,055:DEBUG: mega>rpi: b'BT2:22.90\r\n'
2021-10-19 14:29:09,056:DEBUG: mega>rpi: b'BP1:1021.20\r\n'
2021-10-19 14:29:09,058:DEBUG: mega>rpi: b'BP2:1036.00\r\n'
2021-10-19 14:29:09,060:DEBUG: mega>rpi: b'HP:1066.30\r\n'
2021-10-19 14:29:09,061:DEBUG: mega>rpi: b'TT1:22.35\r\n'
2021-10-19 14:29:09,063:DEBUG: mega>rpi: b'TT2:23.07\r\n'
2021-10-19 14:29:09,064:DEBUG: mega>rpi: b'TP1:1021.80\r\n'
2021-10-19 14:29:09,066:DEBUG: mega>rpi: b'TP2:1029.70\r\n'
2021-10-19 14:29:09,068:DEBUG: mega>rpi: b'AT:22.46\r\n'
2021-10-19 14:29:09,070:DEBUG: mega>rpi: b'AP:8709.30\r\n'
2021-10-19 14:29:09,071:DEBUG: mega>rpi: b'BV:223.36\r\n'
2021-10-19 14:29:09,072:INFO: State.STOP
2021-10-19 14:29:09,073:INFO: BT1             BT2             TT1             TT2             AT              X               Y               Z               BP1             BP2             TP1             TP2             HP              AP              PD   PC    HL EL BF SF   PF   BV     rpm             State MissionState Setpoint Error Depth 
2021-10-19 14:29:09,075:INFO: Buffering (4/5) Buffering (4/5) Buffering (4/5) Buffering (4/5) Buffering (4/5) Buffering (3/5) Buffering (3/5) Buffering (3/5) Buffering (4/5) Buffering (4/5) Buffering (4/5) Buffering (4/5) Buffering (4/5) Buffering (4/5) 2.68 61.00 0  0  0  None None 223.36 Buffering (0/1) STOP  IDLE         30.00    None  None  
2021-10-19 14:29:09,076:WARNING: Stopped
2021-10-19 14:29:09,078:DEBUG: mega>rpi: b'BF:0.00\r\n'
2021-10-19 14:29:09,080:DEBUG: mega>rpi: b'X:0.00\r\n'
2021-10-19 14:29:09,081:DEBUG: mega>rpi: b'Y:0.00\r\n'
2021-10-19 14:29:09,083:DEBUG: mega>rpi: b'Z:-0.01\r\n'
2021-10-19 14:29:09,085:DEBUG: mega>rpi: b'PD:3.03\r\n'
2021-10-19 14:29:09,086:DEBUG: mega>rpi: b'PC:22.00\r\n'
2021-10-19 14:29:09,087:DEBUG: mega>rpi: b'LC:4.00\r\n'
2021-10-19 14:29:09,089:DEBUG: mega>rpi: b'HL:0.00\r\n'
2021-10-19 14:29:09,090:DEBUG: mega>rpi: b'EL:0.00\r\n'
2021-10-19 14:29:09,092:DEBUG: mega>rpi: b'BT1:23.35\r\n'
2021-10-19 14:29:09,094:DEBUG: mega>rpi: b'BT2:22.90\r\n'
2021-10-19 14:29:09,095:DEBUG: mega>rpi: b'BP1:1020.90\r\n'
2021-10-19 14:29:09,097:DEBUG: mega>rpi: b'BP2:1035.90\r\n'
2021-10-19 14:29:09,098:DEBUG: mega>rpi: b'HP:1066.40\r\n'
2021-10-19 14:29:09,099:DEBUG: mega>rpi: b'TT1:22.35\r\n'
2021-10-19 14:29:09,101:DEBUG: mega>rpi: b'TT2:23.08\r\n'
2021-10-19 14:29:09,102:DEBUG: mega>rpi: b'TP1:1022.30\r\n'
2021-10-19 14:29:09,104:DEBUG: mega>rpi: b'TP2:1029.80\r\n'
2021-10-19 14:29:09,105:DEBUG: mega>rpi: b'AT:22.46\r\n'
2021-10-19 14:29:09,106:DEBUG: mega>rpi: b'AP:8709.00\r\n'
2021-10-19 14:29:09,108:DEBUG: mega>rpi: b'BV:223.40\r\n'
2021-10-19 14:29:09,108:INFO: State.STOP
2021-10-19 14:29:09,110:INFO: BT1   BT2   TT1   TT2   AT    X               Y               Z               BP1   BP2   TP1   TP2   HP      AP      PD   PC    HL EL BF SF   PF   BV     rpm             State MissionState Setpoint Error Depth 
2021-10-19 14:29:09,111:INFO: 23.27 22.89 22.51 23.09 22.37 Buffering (4/5) Buffering (4/5) Buffering (4/5) 10.21 10.36 10.22 10.30 1066.36 8711.32 3.03 22.00 0  0  0  None None 223.40 Buffering (0/1) STOP  IDLE         30.00    None  None  
2021-10-19 14:29:09,111:WARNING: Stopped
2021-10-19 14:29:09,113:DEBUG: mega>rpi: b'BF:0.00\r\n'
2021-10-19 14:29:09,115:DEBUG: mega>rpi: b'PD:3.16\r\n'
2021-10-19 14:29:09,116:DEBUG: mega>rpi: b'PC:0.00\r\n'
2021-10-19 14:29:09,118:DEBUG: mega>rpi: b'LC:5.00\r\n'
2021-10-19 14:29:09,119:DEBUG: mega>rpi: b'HL:0.00\r\n'
2021-10-19 14:29:09,120:DEBUG: mega>rpi: b'EL:0.00\r\n'
2021-10-19 14:29:09,122:DEBUG: mega>rpi: b'BT1:23.35\r\n'
2021-10-19 14:29:09,123:DEBUG: mega>rpi: b'BT2:22.90\r\n'
2021-10-19 14:29:09,124:DEBUG: mega>rpi: b'BP1:1021.20\r\n'
2021-10-19 14:29:09,126:DEBUG: mega>rpi: b'BP2:1035.70\r\n'
2021-10-19 14:29:09,127:DEBUG: mega>rpi: b'HP:1066.60\r\n'
2021-10-19 14:29:09,129:DEBUG: mega>rpi: b'TT1:22.34\r\n'
2021-10-19 14:29:09,130:DEBUG: mega>rpi: b'TT2:23.08\r\n'
2021-10-19 14:29:09,131:DEBUG: mega>rpi: b'TP1:1022.40\r\n'
2021-10-19 14:29:09,133:DEBUG: mega>rpi: b'TP2:1030.70\r\n'
2021-10-19 14:29:09,135:DEBUG: mega>rpi: b'AT:22.46\r\n'
2021-10-19 14:29:09,136:DEBUG: mega>rpi: b'AP:8709.20\r\n'
2021-10-19 14:29:09,138:DEBUG: mega>rpi: b'BV:223.38\r\n'
2021-10-19 14:29:09,139:INFO: State.STOP
2021-10-19 14:29:09,140:INFO: BT1   BT2   TT1   TT2   AT    X               Y               Z               BP1   BP2   TP1   TP2   HP      AP      PD   PC   HL EL BF SF   PF   BV     rpm             State MissionState Setpoint Error Depth 
2021-10-19 14:29:09,141:INFO: 23.35 22.90 22.35 23.08 22.46 Buffering (4/5) Buffering (4/5) Buffering (4/5) 10.21 10.36 10.22 10.30 1066.40 8709.28 3.16 0.00 0  0  0  None None 223.38 Buffering (0/1) STOP  IDLE         30.00    None  None  
2021-10-19 14:29:09,142:WARNING: Stopped
2021-10-19 14:29:09,144:DEBUG: mega>rpi: b'BF:0.00\r\n'
2021-10-19 14:29:09,146:DEBUG: mega>rpi: b'X:0.00\r\n'
2021-10-19 14:29:09,147:DEBUG: mega>rpi: b'Y:0.00\r\n'
2021-10-19 14:29:09,149:DEBUG: mega>rpi: b'Z:0.00\r\n'
2021-10-19 14:29:09,150:DEBUG: mega>rpi: b'PD:4.06\r\n'
2021-10-19 14:29:09,152:DEBUG: mega>rpi: b'PC:0.00\r\n'
2021-10-19 14:29:09,153:DEBUG: mega>rpi: b'LC:6.00\r\n'
2021-10-19 14:29:09,154:DEBUG: mega>rpi: b'HL:0.00\r\n'
2021-10-19 14:29:09,156:DEBUG: mega>rpi: b'EL:0.00\r\n'
2021-10-19 14:29:09,157:DEBUG: mega>rpi: b'BT1:23.35\r\n'
2021-10-19 14:29:09,158:DEBUG: mega>rpi: b'BT2:22.90\r\n'
2021-10-19 14:29:09,160:DEBUG: mega>rpi: b'BP1:1021.00\r\n'
2021-10-19 14:29:09,161:DEBUG: mega>rpi: b'BP2:1036.40\r\n'
2021-10-19 14:29:09,163:DEBUG: mega>rpi: b'HP:1066.00\r\n'
2021-10-19 14:29:09,164:DEBUG: mega>rpi: b'TT1:22.34\r\n'
2021-10-19 14:29:09,166:DEBUG: mega>rpi: b'TT2:23.08\r\n'
2021-10-19 14:29:09,167:DEBUG: mega>rpi: b'TP1:1022.30\r\n'
2021-10-19 14:29:09,168:DEBUG: mega>rpi: b'TP2:1030.00\r\n'
2021-10-19 14:29:09,170:DEBUG: mega>rpi: b'AT:22.46\r\n'
2021-10-19 14:29:09,171:DEBUG: mega>rpi: b'AP:8710.00\r\n'
2021-10-19 14:29:09,173:DEBUG: mega>rpi: b'BV:223.28\r\n'
2021-10-19 14:29:09,173:INFO: State.STOP
2021-10-19 14:29:09,175:INFO: BT1   BT2   TT1   TT2   AT    X    Y    Z     BP1   BP2   TP1   TP2   HP      AP      PD   PC   HL EL BF SF   PF   BV     rpm             State MissionState Setpoint Error Depth 
2021-10-19 14:29:09,176:INFO: 23.35 22.90 22.35 23.08 22.46 0.00 0.00 -0.00 10.21 10.36 10.22 10.30 1066.28 8709.36 4.06 0.00 0  0  0  None None 223.28 Buffering (0/1) STOP  IDLE         30.00    None  None  
2021-10-19 14:29:09,176:WARNING: Stopped
2021-10-19 14:29:09,178:DEBUG: mega>rpi: b'BF:0.00\r\n'
2021-10-19 14:29:09,180:DEBUG: mega>rpi: b'PD:1.59\r\n'
2021-10-19 14:29:09,181:DEBUG: mega>rpi: b'PC:97.00\r\n'
2021-10-19 14:29:09,183:DEBUG: mega>rpi: b'LC:7.00\r\n'
2021-10-19 14:29:09,184:DEBUG: mega>rpi: b'HL:0.00\r\n'
2021-10-19 14:29:09,185:DEBUG: mega>rpi: b'EL:0.00\r\n'
2021-10-19 14:29:09,186:DEBUG: mega>rpi: b'BT1:23.36\r\n'
2021-10-19 14:29:09,188:DEBUG: mega>rpi: b'BT2:22.89\r\n'
2021-10-19 14:29:09,189:DEBUG: mega>rpi: b'BP1:1021.10\r\n'
2021-10-19 14:29:09,191:DEBUG: mega>rpi: b'BP2:1036.20\r\n'
2021-10-19 14:29:09,192:DEBUG: mega>rpi: b'HP:1066.40\r\n'
2021-10-19 14:29:09,194:DEBUG: mega>rpi: b'TT1:22.33\r\n'
2021-10-19 14:29:09,195:DEBUG: mega>rpi: b'TT2:23.08\r\n'
2021-10-19 14:29:09,196:DEBUG: mega>rpi: b'TP1:1021.90\r\n'
2021-10-19 14:29:09,198:DEBUG: mega>rpi: b'TP2:1029.80\r\n'
2021-10-19 14:29:09,199:DEBUG: mega>rpi: b'AT:22.46\r\n'
2021-10-19 14:29:09,201:DEBUG: mega>rpi: b'AP:8709.60\r\n'
2021-10-19 14:29:09,202:DEBUG: mega>rpi: b'BV:223.33\r\n'
2021-10-19 14:29:09,203:INFO: State.STOP
2021-10-19 14:29:09,204:INFO: BT1   BT2   TT1   TT2   AT    X    Y    Z     BP1   BP2   TP1   TP2   HP      AP      PD   PC    HL EL BF SF   PF   BV     rpm             State MissionState Setpoint Error Depth 
2021-10-19 14:29:09,205:INFO: 23.35 22.90 22.34 23.08 22.46 0.00 0.00 -0.00 10.21 10.36 10.22 10.30 1066.34 8709.42 1.59 97.00 0  0  0  None None 223.33 Buffering (0/1) STOP  IDLE         30.00    None  None  
2021-10-19 14:29:09,206:WARNING: Stopped
2021-10-19 14:29:09,208:DEBUG: mega>rpi: b'BF:0.00\r\n'
2021-10-19 14:29:09,210:DEBUG: mega>rpi: b'X:0.00\r\n'
2021-10-19 14:29:09,211:DEBUG: mega>rpi: b'Y:0.00\r\n'
2021-10-19 14:29:09,213:DEBUG: mega>rpi: b'Z:0.00\r\n'
2021-10-19 14:29:09,214:DEBUG: mega>rpi: b'PD:1.88\r\n'
2021-10-19 14:29:09,215:DEBUG: mega>rpi: b'PC:74.00\r\n'
2021-10-19 14:29:09,217:DEBUG: mega>rpi: b'LC:8.00\r\n'
2021-10-19 14:29:09,218:DEBUG: mega>rpi: b'HL:0.00\r\n'
2021-10-19 14:29:09,220:DEBUG: mega>rpi: b'EL:0.00\r\n'
2021-10-19 14:29:09,221:DEBUG: mega>rpi: b'BT1:23.36\r\n'
2021-10-19 14:29:09,223:DEBUG: mega>rpi: b'BT2:22.89\r\n'
2021-10-19 14:29:09,225:DEBUG: mega>rpi: b'BP1:1020.80\r\n'
2021-10-19 14:29:09,226:DEBUG: mega>rpi: b'BP2:1035.80\r\n'
2021-10-19 14:29:09,228:DEBUG: mega>rpi: b'HP:1066.60\r\n'
2021-10-19 14:29:09,229:DEBUG: mega>rpi: b'TT1:22.33\r\n'
2021-10-19 14:29:09,231:DEBUG: mega>rpi: b'TT2:23.08\r\n'
2021-10-19 14:29:09,232:DEBUG: mega>rpi: b'TP1:1021.80\r\n'
2021-10-19 14:29:09,234:DEBUG: mega>rpi: b'TP2:1030.60\r\n'
2021-10-19 14:29:09,235:DEBUG: mega>rpi: b'AT:22.46\r\n'
2021-10-19 14:29:09,236:DEBUG: mega>rpi: b'AP:8709.60\r\n'
2021-10-19 14:29:09,238:DEBUG: mega>rpi: b'BV:223.33\r\n'
2021-10-19 14:29:09,238:INFO: State.STOP
2021-10-19 14:29:09,239:INFO: BT1   BT2   TT1   TT2   AT    X    Y    Z     BP1   BP2   TP1   TP2   HP      AP      PD   PC    HL EL BF SF   PF   BV     rpm             State MissionState Setpoint Error Depth 
2021-10-19 14:29:09,240:INFO: 23.35 22.90 22.34 23.08 22.46 0.00 0.00 -0.00 10.21 10.36 10.22 10.30 1066.40 8709.48 1.88 74.00 0  0  0  None None 223.33 Buffering (0/1) STOP  IDLE         30.00    None  None  
2021-10-19 14:29:09,241:WARNING: Stopped
2021-10-19 14:29:09,243:DEBUG: mega>rpi: b'BF:0.00\r\n'
2021-10-19 14:29:09,244:DEBUG: mega>rpi: b'PD:2.23\r\n'
2021-10-19 14:29:09,246:DEBUG: mega>rpi: b'PC:61.00\r\n'
2021-10-19 14:29:09,247:DEBUG: mega>rpi: b'LC:9.00\r\n'
2021-10-19 14:29:09,249:DEBUG: mega>rpi: b'HL:0.00\r\n'
2021-10-19 14:29:09,250:DEBUG: mega>rpi: b'EL:0.00\r\n'
2021-10-19 14:29:09,251:DEBUG: mega>rpi: b'BT1:23.36\r\n'
2021-10-19 14:29:09,253:DEBUG: mega>rpi: b'BT2:22.89\r\n'
2021-10-19 14:29:09,254:DEBUG: mega>rpi: b'BP1:1021.30\r\n'
2021-10-19 14:29:09,256:DEBUG: mega>rpi: b'BP2:1036.40\r\n'
2021-10-19 14:29:09,257:DEBUG: mega>rpi: b'HP:1066.50\r\n'
2021-10-19 14:29:09,258:DEBUG: mega>rpi: b'TT1:22.33\r\n'
2021-10-19 14:29:09,260:DEBUG: mega>rpi: b'TT2:23.08\r\n'
2021-10-19 14:29:09,262:DEBUG: mega>rpi: b'TP1:1021.90\r\n'
2021-10-19 14:29:09,263:DEBUG: mega>rpi: b'TP2:1030.50\r\n'
2021-10-19 14:29:09,265:DEBUG: mega>rpi: b'AT:22.46\r\n'
2021-10-19 14:29:09,266:DEBUG: mega>rpi: b'AP:8709.30\r\n'
2021-10-19 14:29:09,268:DEBUG: mega>rpi: b'BV:223.36\r\n'
2021-10-19 14:29:09,269:INFO: State.STOP
2021-10-19 14:29:09,270:INFO: BT1   BT2   TT1   TT2   AT    X    Y    Z     BP1   BP2   TP1   TP2   HP      AP      PD   PC    HL EL BF SF   PF   BV     rpm             State MissionState Setpoint Error Depth 
2021-10-19 14:29:09,271:INFO: 23.36 22.89 22.33 23.08 22.46 0.00 0.00 -0.00 10.21 10.36 10.22 10.30 1066.42 8709.54 2.23 61.00 0  0  0  None None 223.36 Buffering (0/1) STOP  IDLE         30.00    None  None  
2021-10-19 14:29:09,273:WARNING: Stopped
2021-10-19 14:29:09,275:DEBUG: mega>rpi: b'BF:0.00\r\n'
2021-10-19 14:29:09,277:DEBUG: mega>rpi: b'X:0.00\r\n'
2021-10-19 14:29:09,278:DEBUG: mega>rpi: b'Y:0.00\r\n'
2021-10-19 14:29:09,280:DEBUG: mega>rpi: b'Z:0.00\r\n'
2021-10-19 14:29:09,281:DEBUG: mega>rpi: b'PD:2.67\r\n'
2021-10-19 14:29:09,283:DEBUG: mega>rpi: b'PC:43.00\r\n'
2021-10-19 14:29:09,284:DEBUG: mega>rpi: b'LC:10.00\r\n'
2021-10-19 14:29:09,286:DEBUG: mega>rpi: b'HL:0.00\r\n'
2021-10-19 14:29:09,288:DEBUG: mega>rpi: b'EL:0.00\r\n'
2021-10-19 14:29:09,289:DEBUG: mega>rpi: b'BT1:23.37\r\n'
2021-10-19 14:29:09,291:DEBUG: mega>rpi: b'BT2:22.89\r\n'
2021-10-19 14:29:09,292:DEBUG: mega>rpi: b'BP1:1021.20\r\n'
2021-10-19 14:29:09,294:DEBUG: mega>rpi: b'BP2:1036.10\r\n'
2021-10-19 14:29:09,296:DEBUG: mega>rpi: b'HP:1066.60\r\n'
2021-10-19 14:29:09,297:DEBUG: mega>rpi: b'TT1:22.33\r\n'
2021-10-19 14:29:09,299:DEBUG: mega>rpi: b'TT2:23.07\r\n'
2021-10-19 14:29:09,301:DEBUG: mega>rpi: b'TP1:1022.10\r\n'
2021-10-19 14:29:09,302:DEBUG: mega>rpi: b'TP2:1030.20\r\n'
2021-10-19 14:29:09,304:DEBUG: mega>rpi: b'AT:22.47\r\n'
2021-10-19 14:29:09,305:DEBUG: mega>rpi: b'AP:8709.60\r\n'
2021-10-19 14:29:09,307:DEBUG: mega>rpi: b'BV:223.36\r\n'
2021-10-19 14:29:09,307:INFO: State.STOP
2021-10-19 14:29:09,308:INFO: BT1   BT2   TT1   TT2   AT    X    Y    Z     BP1   BP2   TP1   TP2   HP      AP      PD   PC    HL EL BF SF   PF   BV     rpm             State MissionState Setpoint Error Depth 
2021-10-19 14:29:09,309:INFO: 23.36 22.89 22.33 23.08 22.46 0.00 0.00 -0.00 10.21 10.36 10.22 10.30 1066.42 8709.62 2.67 43.00 0  0  0  None None 223.36 Buffering (0/1) STOP  IDLE         30.00    None  None  
2021-10-19 14:29:09,310:WARNING: Stopped
2021-10-19 14:29:09,312:DEBUG: mega>rpi: b'BF:0.00\r\n'
2021-10-19 14:29:09,313:DEBUG: mega>rpi: b'X:0.00\r\n'
2021-10-19 14:29:09,315:DEBUG: mega>rpi: b'Y:0.00\r\n'
2021-10-19 14:29:09,316:DEBUG: mega>rpi: b'Z:0.00\r\n'
2021-10-19 14:29:09,317:DEBUG: mega>rpi: b'PD:3.06\r\n'
2021-10-19 14:29:09,319:DEBUG: mega>rpi: b'PC:7.00\r\n'
2021-10-19 14:29:09,320:DEBUG: mega>rpi: b'LC:11.00\r\n'
2021-10-19 14:29:09,321:DEBUG: mega>rpi: b'HL:0.00\r\n'
2021-10-19 14:29:09,323:DEBUG: mega>rpi: b'EL:0.00\r\n'
2021-10-19 14:29:09,324:DEBUG: mega>rpi: b'BT1:23.37\r\n'
2021-10-19 14:29:09,325:DEBUG: mega>rpi: b'BT2:22.89\r\n'
2021-10-19 14:29:09,327:DEBUG: mega>rpi: b'BP1:1021.10\r\n'
2021-10-19 14:29:09,328:DEBUG: mega>rpi: b'BP2:1036.50\r\n'
2021-10-19 14:29:09,330:DEBUG: mega>rpi: b'HP:1065.80\r\n'
2021-10-19 14:29:09,332:DEBUG: mega>rpi: b'TT1:22.33\r\n'
2021-10-19 14:29:09,333:DEBUG: mega>rpi: b'TT2:23.08\r\n'
2021-10-19 14:29:09,335:DEBUG: mega>rpi: b'TP1:1022.50\r\n'
2021-10-19 14:29:09,337:DEBUG: mega>rpi: b'TP2:1029.80\r\n'
2021-10-19 14:29:09,338:DEBUG: mega>rpi: b'AT:22.47\r\n'
2021-10-19 14:29:09,340:DEBUG: mega>rpi: b'AP:8709.40\r\n'
2021-10-19 14:29:09,342:DEBUG: mega>rpi: b'BV:223.38\r\n'
2021-10-19 14:29:09,343:INFO: State.STOP
2021-10-19 14:29:09,344:INFO: BT1   BT2   TT1   TT2   AT    X    Y    Z     BP1   BP2   TP1   TP2   HP      AP      PD   PC   HL EL BF SF   PF   BV     rpm             State MissionState Setpoint Error Depth 
2021-10-19 14:29:09,345:INFO: 23.36 22.89 22.33 23.08 22.46 0.00 0.00 -0.00 10.21 10.36 10.22 10.30 1066.38 8709.50 3.06 7.00 0  0  0  None None 223.38 Buffering (0/1) STOP  IDLE         30.00    None  None  
2021-10-19 14:29:09,346:WARNING: Stopped
2021-10-19 14:29:09,348:DEBUG: mega>rpi: b'BF:0.00\r\n'
2021-10-19 14:29:09,349:DEBUG: mega>rpi: b'PD:3.55\r\n'
2021-10-19 14:29:09,351:DEBUG: mega>rpi: b'PC:0.00\r\n'
2021-10-19 14:29:09,352:DEBUG: mega>rpi: b'LC:12.00\r\n'
2021-10-19 14:29:09,364:DEBUG: mega>rpi: b'HL:0.00\r\n'
2021-10-19 14:29:09,365:DEBUG: mega>rpi: b'EL:0.00\r\n'
2021-10-19 14:29:09,366:DEBUG: mega>rpi: b'BT1:23.37\r\n'
2021-10-19 14:29:09,368:DEBUG: mega>rpi: b'BT2:22.88\r\n'
2021-10-19 14:29:09,369:DEBUG: mega>rpi: b'BP1:1021.30\r\n'
2021-10-19 14:29:09,371:DEBUG: mega>rpi: b'BP2:1036.00\r\n'
2021-10-19 14:29:09,372:DEBUG: mega>rpi: b'HP:1066.40\r\n'
2021-10-19 14:29:09,373:DEBUG: mega>rpi: b'TT1:22.33\r\n'
2021-10-19 14:29:09,375:DEBUG: mega>rpi: b'TT2:23.08\r\n'
2021-10-19 14:29:09,376:DEBUG: mega>rpi: b'TP1:1022.40\r\n'
2021-10-19 14:29:09,378:DEBUG: mega>rpi: b'TP2:1030.10\r\n'
2021-10-19 14:29:09,379:DEBUG: mega>rpi: b'AT:22.46\r\n'
2021-10-19 14:29:09,380:DEBUG: mega>rpi: b'AP:8709.70\r\n'
2021-10-19 14:29:09,382:DEBUG: mega>rpi: b'BV:223.32\r\n'
2021-10-19 14:29:09,382:INFO: State.STOP
2021-10-19 14:29:09,384:INFO: BT1   BT2   TT1   TT2   AT    X    Y    Z     BP1   BP2   TP1   TP2   HP      AP      PD   PC   HL EL BF SF   PF   BV     rpm             State MissionState Setpoint Error Depth 
2021-10-19 14:29:09,385:INFO: 23.37 22.89 22.33 23.08 22.46 0.00 0.00 -0.00 10.21 10.36 10.22 10.30 1066.38 8709.52 3.55 0.00 0  0  0  None None 223.32 Buffering (0/1) STOP  IDLE         30.00    None  None  
2021-10-19 14:29:09,386:WARNING: Stopped
2021-10-19 14:29:09,388:DEBUG: mega>rpi: b'BF:0.00\r\n'
2021-10-19 14:29:09,389:DEBUG: mega>rpi: b'X:0.00\r\n'
2021-10-19 14:29:09,391:DEBUG: mega>rpi: b'Y:0.00\r\n'
2021-10-19 14:29:09,393:DEBUG: mega>rpi: b'Z:0.00\r\n'
2021-10-19 14:29:09,394:DEBUG: mega>rpi: b'PD:4.52\r\n'
2021-10-19 14:29:09,396:DEBUG: mega>rpi: b'PC:0.00\r\n'
2021-10-19 14:29:09,397:DEBUG: mega>rpi: b'LC:13.00\r\n'
2021-10-19 14:29:09,398:DEBUG: mega>rpi: b'HL:0.00\r\n'
2021-10-19 14:29:09,400:DEBUG: mega>rpi: b'EL:0.00\r\n'
2021-10-19 14:29:09,402:DEBUG: mega>rpi: b'BT1:23.37\r\n'
2021-10-19 14:29:09,403:DEBUG: mega>rpi: b'BT2:22.88\r\n'
2021-10-19 14:29:09,405:DEBUG: mega>rpi: b'BP1:1020.60\r\n'
2021-10-19 14:29:09,407:DEBUG: mega>rpi: b'BP2:1035.90\r\n'
2021-10-19 14:29:09,408:DEBUG: mega>rpi: b'HP:1066.20\r\n'
2021-10-19 14:29:09,410:DEBUG: mega>rpi: b'TT1:22.33\r\n'
2021-10-19 14:29:09,411:DEBUG: mega>rpi: b'TT2:23.08\r\n'
2021-10-19 14:29:09,413:DEBUG: mega>rpi: b'TP1:1022.40\r\n'
2021-10-19 14:29:09,415:DEBUG: mega>rpi: b'TP2:1030.30\r\n'
2021-10-19 14:29:09,417:DEBUG: mega>rpi: b'AT:22.46\r\n'
2021-10-19 14:29:09,418:DEBUG: mega>rpi: b'AP:8709.50\r\n'
2021-10-19 14:29:09,420:DEBUG: mega>rpi: b'BV:223.34\r\n'
2021-10-19 14:29:09,421:INFO: State.STOP
2021-10-19 14:29:09,422:INFO: BT1   BT2   TT1   TT2   AT    X    Y    Z    BP1   BP2   TP1   TP2   HP      AP      PD   PC   HL EL BF SF   PF   BV     rpm             State MissionState Setpoint Error Depth 
2021-10-19 14:29:09,423:INFO: 23.37 22.89 22.33 23.08 22.46 0.00 0.00 0.00 10.21 10.36 10.22 10.30 1066.30 8709.50 4.52 0.00 0  0  0  None None 223.34 Buffering (0/1) STOP  IDLE         30.00    None  None  
2021-10-19 14:29:09,424:WARNING: Stopped
2021-10-19 14:29:09,427:DEBUG: mega>rpi: b'BF:0.00\r\n'
2021-10-19 14:29:09,428:DEBUG: mega>rpi: b'PD:5.26\r\n'
2021-10-19 14:29:09,430:DEBUG: mega>rpi: b'PC:0.00\r\n'
2021-10-19 14:29:09,432:DEBUG: mega>rpi: b'LC:14.00\r\n'
2021-10-19 14:29:09,433:DEBUG: mega>rpi: b'HL:0.00\r\n'
2021-10-19 14:29:09,435:DEBUG: mega>rpi: b'EL:0.00\r\n'
2021-10-19 14:29:09,436:DEBUG: mega>rpi: b'BT1:23.37\r\n'
2021-10-19 14:29:09,438:DEBUG: mega>rpi: b'BT2:22.88\r\n'
2021-10-19 14:29:09,439:DEBUG: mega>rpi: b'BP1:1021.00\r\n'
2021-10-19 14:29:09,441:DEBUG: mega>rpi: b'BP2:1036.40\r\n'
2021-10-19 14:29:09,443:DEBUG: mega>rpi: b'HP:1066.20\r\n'
2021-10-19 14:29:09,444:DEBUG: mega>rpi: b'TT1:22.32\r\n'
2021-10-19 14:29:09,446:DEBUG: mega>rpi: b'TT2:23.08\r\n'
2021-10-19 14:29:09,448:DEBUG: mega>rpi: b'TP1:1022.00\r\n'
2021-10-19 14:29:09,449:DEBUG: mega>rpi: b'TP2:1030.20\r\n'
2021-10-19 14:29:09,451:DEBUG: mega>rpi: b'AT:22.47\r\n'
2021-10-19 14:29:09,452:DEBUG: mega>rpi: b'AP:8709.20\r\n'
2021-10-19 14:29:09,454:DEBUG: mega>rpi: b'BV:223.40\r\n'
2021-10-19 14:29:09,454:INFO: State.STOP
2021-10-19 14:29:09,456:INFO: BT1   BT2   TT1   TT2   AT    X    Y    Z    BP1   BP2   TP1   TP2   HP      AP      PD   PC   HL EL BF SF   PF   BV     rpm             State MissionState Setpoint Error Depth 
2021-10-19 14:29:09,457:INFO: 23.37 22.88 22.33 23.08 22.47 0.00 0.00 0.00 10.21 10.36 10.22 10.30 1066.24 8709.48 5.26 0.00 0  0  0  None None 223.40 Buffering (0/1) STOP  IDLE         30.00    None  None  
2021-10-19 14:29:09,457:WARNING: Stopped
2021-10-19 14:29:09,459:DEBUG: mega>rpi: b'BF:0.00\r\n'
2021-10-19 14:29:09,461:DEBUG: mega>rpi: b'X:0.00\r\n'
2021-10-19 14:29:09,462:DEBUG: mega>rpi: b'Y:0.00\r\n'
2021-10-19 14:29:09,463:DEBUG: mega>rpi: b'Z:0.00\r\n'
2021-10-19 14:29:09,465:DEBUG: mega>rpi: b'PD:1.83\r\n'
2021-10-19 14:29:09,466:DEBUG: mega>rpi: b'PC:77.00\r\n'
2021-10-19 14:29:09,467:DEBUG: mega>rpi: b'LC:15.00\r\n'
2021-10-19 14:29:09,468:DEBUG: mega>rpi: b'HL:0.00\r\n'
2021-10-19 14:29:09,470:DEBUG: mega>rpi: b'EL:0.00\r\n'
2021-10-19 14:29:09,471:DEBUG: mega>rpi: b'BT1:23.38\r\n'
2021-10-19 14:29:09,472:DEBUG: mega>rpi: b'BT2:22.88\r\n'
2021-10-19 14:29:09,474:DEBUG: mega>rpi: b'BP1:1021.20\r\n'
2021-10-19 14:29:09,475:DEBUG: mega>rpi: b'BP2:1036.20\r\n'
2021-10-19 14:29:09,477:DEBUG: mega>rpi: b'HP:1066.40\r\n'
2021-10-19 14:29:09,478:DEBUG: mega>rpi: b'TT1:22.32\r\n'
2021-10-19 14:29:09,479:DEBUG: mega>rpi: b'TT2:23.08\r\n'
2021-10-19 14:29:09,481:DEBUG: mega>rpi: b'TP1:1021.70\r\n'
2021-10-19 14:29:09,482:DEBUG: mega>rpi: b'TP2:1030.20\r\n'
2021-10-19 14:29:09,484:DEBUG: mega>rpi: b'AT:22.46\r\n'
2021-10-19 14:29:09,485:DEBUG: mega>rpi: b'AP:8709.10\r\n'
2021-10-19 14:29:09,487:DEBUG: mega>rpi: b'BV:223.39\r\n'
2021-10-19 14:29:09,487:INFO: State.STOP
2021-10-19 14:29:09,488:INFO: BT1   BT2   TT1   TT2   AT    X    Y    Z    BP1   BP2   TP1   TP2   HP      AP      PD   PC    HL EL BF SF   PF   BV     rpm             State MissionState Setpoint Error Depth 
2021-10-19 14:29:09,489:INFO: 23.37 22.88 22.33 23.08 22.46 0.00 0.00 0.00 10.21 10.36 10.22 10.30 1066.20 8709.38 1.83 77.00 0  0  0  None None 223.39 Buffering (0/1) STOP  IDLE         30.00    None  None  
2021-10-19 14:29:09,490:WARNING: Stopped
2021-10-19 14:29:09,492:DEBUG: mega>rpi: b'BF:0.00\r\n'
2021-10-19 14:29:09,493:DEBUG: mega>rpi: b'PD:2.09\r\n'
2021-10-19 14:29:09,495:DEBUG: mega>rpi: b'PC:68.00\r\n'
2021-10-19 14:29:09,497:DEBUG: mega>rpi: b'LC:16.00\r\n'
2021-10-19 14:29:09,498:DEBUG: mega>rpi: b'HL:0.00\r\n'
2021-10-19 14:29:09,499:DEBUG: mega>rpi: b'EL:0.00\r\n'
2021-10-19 14:29:09,501:DEBUG: mega>rpi: b'BT1:23.38\r\n'
2021-10-19 14:29:09,502:DEBUG: mega>rpi: b'BT2:22.88\r\n'
2021-10-19 14:29:09,504:DEBUG: mega>rpi: b'BP1:1020.90\r\n'
2021-10-19 14:29:09,505:DEBUG: mega>rpi: b'BP2:1035.90\r\n'
2021-10-19 14:29:09,506:DEBUG: mega>rpi: b'HP:1066.50\r\n'
2021-10-19 14:29:09,508:DEBUG: mega>rpi: b'TT1:22.33\r\n'
2021-10-19 14:29:09,509:DEBUG: mega>rpi: b'TT2:23.09\r\n'
2021-10-19 14:29:09,510:DEBUG: mega>rpi: b'TP1:1022.50\r\n'
2021-10-19 14:29:09,512:DEBUG: mega>rpi: b'TP2:1030.10\r\n'
2021-10-19 14:29:09,513:DEBUG: mega>rpi: b'AT:22.46\r\n'
2021-10-19 14:29:09,515:DEBUG: mega>rpi: b'AP:8709.50\r\n'
2021-10-19 14:29:09,516:DEBUG: mega>rpi: b'BV:223.34\r\n'
2021-10-19 14:29:09,517:INFO: State.STOP
2021-10-19 14:29:09,518:INFO: BT1   BT2   TT1   TT2   AT    X    Y    Z    BP1   BP2   TP1   TP2   HP      AP      PD   PC    HL EL BF SF   PF   BV     rpm             State MissionState Setpoint Error Depth 
2021-10-19 14:29:09,519:INFO: 23.37 22.88 22.33 23.08 22.46 0.00 0.00 0.00 10.21 10.36 10.22 10.30 1066.34 8709.40 2.09 68.00 0  0  0  None None 223.34 Buffering (0/1) STOP  IDLE         30.00    None  None  
2021-10-19 14:29:09,520:WARNING: Stopped
2021-10-19 14:29:09,521:DEBUG: mega>rpi: b'BF:0.00\r\n'
2021-10-19 14:29:09,523:DEBUG: mega>rpi: b'X:0.00\r\n'
2021-10-19 14:29:09,524:DEBUG: mega>rpi: b'Y:0.00\r\n'
2021-10-19 14:29:09,526:DEBUG: mega>rpi: b'Z:0.00\r\n'
2021-10-19 14:29:09,527:DEBUG: mega>rpi: b'PD:2.51\r\n'
2021-10-19 14:29:09,529:DEBUG: mega>rpi: b'PC:57.00\r\n'
2021-10-19 14:29:09,530:DEBUG: mega>rpi: b'LC:17.00\r\n'
2021-10-19 14:29:09,531:DEBUG: mega>rpi: b'HL:0.00\r\n'
2021-10-19 14:29:09,532:DEBUG: mega>rpi: b'EL:0.00\r\n'
2021-10-19 14:29:09,534:DEBUG: mega>rpi: b'BT1:23.38\r\n'
2021-10-19 14:29:09,535:DEBUG: mega>rpi: b'BT2:22.88\r\n'
2021-10-19 14:29:09,537:DEBUG: mega>rpi: b'BP1:1021.20\r\n'
2021-10-19 14:29:09,538:DEBUG: mega>rpi: b'BP2:1036.20\r\n'
2021-10-19 14:29:09,539:DEBUG: mega>rpi: b'HP:1066.20\r\n'
2021-10-19 14:29:09,541:DEBUG: mega>rpi: b'TT1:22.33\r\n'
2021-10-19 14:29:09,542:DEBUG: mega>rpi: b'TT2:23.08\r\n'
2021-10-19 14:29:09,544:DEBUG: mega>rpi: b'TP1:1022.60\r\n'
2021-10-19 14:29:09,545:DEBUG: mega>rpi: b'TP2:1030.30\r\n'
2021-10-19 14:29:09,546:DEBUG: mega>rpi: b'AT:22.47\r\n'
2021-10-19 14:29:09,548:DEBUG: mega>rpi: b'AP:8709.30\r\n'
2021-10-19 14:29:09,549:DEBUG: mega>rpi: b'BV:223.39\r\n'
2021-10-19 14:29:09,550:INFO: State.STOP
2021-10-19 14:29:09,551:INFO: BT1   BT2   TT1   TT2   AT    X    Y    Z    BP1   BP2   TP1   TP2   HP      AP      PD   PC    HL EL BF SF   PF   BV     rpm             State MissionState Setpoint Error Depth 
2021-10-19 14:29:09,552:INFO: 23.38 22.88 22.33 23.08 22.46 0.00 0.00 0.00 10.21 10.36 10.22 10.30 1066.30 8709.32 2.51 57.00 0  0  0  None None 223.39 Buffering (0/1) STOP  IDLE         30.00    None  None  
2021-10-19 14:29:09,553:WARNING: Stopped
2021-10-19 14:29:09,555:DEBUG: mega>rpi: b'BF:0.00\r\n'
2021-10-19 14:29:09,557:DEBUG: mega>rpi: b'PD:2.94\r\n'
2021-10-19 14:29:09,558:DEBUG: mega>rpi: b'PC:19.00\r\n'
2021-10-19 14:29:09,560:DEBUG: mega>rpi: b'LC:18.00\r\n'
2021-10-19 14:29:09,561:DEBUG: mega>rpi: b'HL:0.00\r\n'
2021-10-19 14:29:09,563:DEBUG: mega>rpi: b'EL:0.00\r\n'
2021-10-19 14:29:09,564:DEBUG: mega>rpi: b'BT1:23.38\r\n'
2021-10-19 14:29:09,565:DEBUG: mega>rpi: b'BT2:22.88\r\n'
2021-10-19 14:29:09,567:DEBUG: mega>rpi: b'BP1:1021.40\r\n'
2021-10-19 14:29:09,568:DEBUG: mega>rpi: b'BP2:1036.00\r\n'
2021-10-19 14:29:09,570:DEBUG: mega>rpi: b'HP:1066.00\r\n'
2021-10-19 14:29:09,571:DEBUG: mega>rpi: b'TT1:22.33\r\n'
2021-10-19 14:29:09,572:DEBUG: mega>rpi: b'TT2:23.08\r\n'
2021-10-19 14:29:09,574:DEBUG: mega>rpi: b'TP1:1022.70\r\n'
2021-10-19 14:29:09,575:DEBUG: mega>rpi: b'TP2:1030.50\r\n'
2021-10-19 14:29:09,577:DEBUG: mega>rpi: b'AT:22.47\r\n'
2021-10-19 14:29:09,578:DEBUG: mega>rpi: b'AP:8709.60\r\n'
2021-10-19 14:29:09,579:DEBUG: mega>rpi: b'BV:223.36\r\n'
2021-10-19 14:29:09,580:INFO: State.STOP
2021-10-19 14:29:09,581:INFO: BT1   BT2   TT1   TT2   AT    X    Y    Z    BP1   BP2   TP1   TP2   HP      AP      PD   PC    HL EL BF SF   PF   BV     rpm             State MissionState Setpoint Error Depth 
2021-10-19 14:29:09,582:INFO: 23.38 22.88 22.33 23.08 22.47 0.00 0.00 0.00 10.21 10.36 10.22 10.30 1066.26 8709.34 2.94 19.00 0  0  0  None None 223.36 Buffering (0/1) STOP  IDLE         30.00    None  None  
2021-10-19 14:29:09,583:WARNING: Stopped
2021-10-19 14:29:09,585:DEBUG: mega>rpi: b'BF:0.00\r\n'
2021-10-19 14:29:09,586:DEBUG: mega>rpi: b'X:0.00\r\n'
2021-10-19 14:29:09,588:DEBUG: mega>rpi: b'Y:0.00\r\n'
2021-10-19 14:29:09,589:DEBUG: mega>rpi: b'Z:0.00\r\n'
2021-10-19 14:29:09,591:DEBUG: mega>rpi: b'PD:3.24\r\n'
2021-10-19 14:29:09,592:DEBUG: mega>rpi: b'PC:0.00\r\n'
2021-10-19 14:29:09,594:DEBUG: mega>rpi: b'LC:19.00\r\n'
2021-10-19 14:29:09,595:DEBUG: mega>rpi: b'HL:0.00\r\n'
2021-10-19 14:29:09,597:DEBUG: mega>rpi: b'EL:0.00\r\n'
2021-10-19 14:29:09,598:DEBUG: mega>rpi: b'BT1:23.39\r\n'
2021-10-19 14:29:09,613:DEBUG: mega>rpi: b'BT2:22.88\r\n'
2021-10-19 14:29:09,615:DEBUG: mega>rpi: b'BP1:1020.80\r\n'
2021-10-19 14:29:09,616:DEBUG: mega>rpi: b'BP2:1035.80\r\n'
2021-10-19 14:29:09,618:DEBUG: mega>rpi: b'HP:1066\n'
2021-10-19 14:29:09,619:DEBUG: mega>rpi: b'BT2:22.89\r\n'
2021-10-19 14:29:09,621:DEBUG: mega>rpi: b'BP1:1021.20\r\n'
2021-10-19 14:29:09,623:DEBUG: mega>rpi: b'BP2:1036.00\r\n'
2021-10-19 14:29:09,624:DEBUG: mega>rpi: b'HP:1065.80\r\n'
2021-10-19 14:29:09,626:DEBUG: mega>rpi: b'TT1:22.34\r\n'
2021-10-19 14:29:09,628:DEBUG: mega>rpi: b'TT2:23.06\r\n'
2021-10-19 14:29:09,629:DEBUG: mega>rpi: b'TP1:1022.30\r\n'
2021-10-19 14:29:09,631:DEBUG: mega>rpi: b'TP2:1029.90\r\n'
2021-10-19 14:29:09,633:DEBUG: mega>rpi: b'\r\n'
2021-10-19 14:29:09,634:DEBUG: mega>rpi: b'HL:0.00\r\n'
2021-10-19 14:29:09,636:DEBUG: mega>rpi: b'EL:0.00\r\n'
2021-10-19 14:29:09,638:DEBUG: mega>rpi: b'BT1:23.39\r\n'
2021-10-19 14:29:09,639:DEBUG: mega>rpi: b'BT2:22.89\r\n'
2021-10-19 14:29:09,641:DEBUG: mega>rpi: b'BP1:1021.20\r\n'
2021-10-19 14:29:09,643:DEBUG: mega>rpi: b'BP2:1036.00\r\n'
2021-10-19 14:29:09,645:DEBUG: mega>rpi: b'HP:1065.80\r\n'
2021-10-19 14:29:09,647:DEBUG: mega>rpi: b'TT1:22.34\r\n'
2021-10-19 14:29:09,648:DEBUG: mega>rpi: b'TT2:23.06\r\n'
2021-10-19 14:29:09,650:DEBUG: mega>rpi: b'TP1:1022.30\r\n'
2021-10-19 14:29:09,651:DEBUG: mega>rpi: b'TP2:1029.90\r\n'
2021-10-19 14:29:09,652:DEBUG: mega>rpi: b'\r\n'
2021-10-19 14:29:09,654:DEBUG: mega>rpi: b'HL:0.00\r\n'
2021-10-19 14:29:09,655:DEBUG: mega>rpi: b'EL:0.00\r\n'
2021-10-19 14:29:09,657:DEBUG: mega>rpi: b'BT1:23.39\r\n'
2021-10-19 14:29:09,659:DEBUG: mega>rpi: b'BT2:22.89\r\n'
2021-10-19 14:29:09,660:DEBUG: mega>rpi: b'BP1:1021.20\r\n'
2021-10-19 14:29:09,662:DEBUG: mega>rpi: b'BP2:1036.00\r\n'
2021-10-19 14:29:09,664:DEBUG: mega>rpi: b'HP:1065.80\r\n'
2021-10-19 14:29:09,665:DEBUG: mega>rpi: b'TT1:22.34\r\n'
2021-10-19 14:29:09,667:DEBUG: mega>rpi: b'TT2:23.06\r\n'
2021-10-19 14:29:09,669:DEBUG: mega>rpi: b'TP1:1022.30\r\n'
2021-10-19 14:29:09,670:DEBUG: mega>rpi: b'TP2:1029.90\r\n'
2021-10-19 14:29:09,672:DEBUG: mega>rpi: b'AT:22.47\r\n'
2021-10-19 14:29:09,674:DEBUG: mega>rpi: b'AP:8709.00\r\n'
2021-10-19 14:29:09,675:DEBUG: mega>rpi: b'BV:223.43\r\n'
2021-10-19 14:29:09,676:INFO: State.STOP
2021-10-19 14:29:09,677:INFO: BT1   BT2   TT1   TT2   AT    X    Y    Z    BP1   BP2   TP1   TP2   HP      AP      PD   PC   HL EL BF SF   PF   BV     rpm             State MissionState Setpoint Error Depth 
2021-10-19 14:29:09,679:INFO: 23.39 22.89 22.34 23.07 22.47 0.00 0.00 0.00 10.21 10.36 10.22 10.30 1065.88 8709.30 3.24 0.00 0  0  0  None None 223.43 Buffering (0/1) STOP  IDLE         30.00    None  None  
2021-10-19 14:29:09,679:WARNING: Stopped
2021-10-19 14:29:09,681:DEBUG: mega>rpi: b'BF:0.00\r\n'
2021-10-19 14:29:09,683:DEBUG: mega>rpi: b'X:0.00\r\n'
2021-10-19 14:29:09,685:DEBUG: mega>rpi: b'Y:0.00\r\n'
2021-10-19 14:29:09,686:DEBUG: mega>rpi: b'Z:0.00\r\n'
2021-10-19 14:29:09,706:DEBUG: mega>rpi: b'PD:2.54\r\n'
2021-10-19 14:29:09,708:DEBUG: mega>rpi: b'PC:14.00\r\n'
2021-10-19 14:29:09,709:DEBUG: mega>rpi: b'LC:24.00\r\n'
2021-10-19 14:29:09,789:DEBUG: mega>rpi: b'HL:0.00\r\n'
2021-10-19 14:29:09,790:DEBUG: mega>rpi: b'EL:0.00\r\n'
2021-10-19 14:29:09,801:DEBUG: mega>rpi: b'BT1:23.39\r\n'
2021-10-19 14:29:09,817:DEBUG: mega>rpi: b'BT2:22.89\r\n'
2021-10-19 14:29:09,875:DEBUG: mega>rpi: b'BP1:1020.90\r\n'
2021-10-19 14:29:09,931:DEBUG: mega>rpi: b'BP2:1036.20\r\n'
2021-10-19 14:29:09,989:DEBUG: mega>rpi: b'HP:1066.40\r\n'
2021-10-19 14:29:10,006:DEBUG: mega>rpi: b'TT1:22.34\r\n'
2021-10-19 14:29:10,018:DEBUG: mega>rpi: b'TT2:23.05\r\n'
2021-10-19 14:29:10,075:DEBUG: mega>rpi: b'TP1:1021.90\r\n'
2021-10-19 14:29:10,133:DEBUG: mega>rpi: b'TP2:1030.60\r\n'
2021-10-19 14:29:10,149:DEBUG: mega>rpi: b'AT:22.46\r\n'
2021-10-19 14:29:10,207:DEBUG: mega>rpi: b'AP:8708.80\r\n'
2021-10-19 14:29:10,208:DEBUG: mega>rpi: b'BV:223.42\r\n'
2021-10-19 14:29:10,209:INFO: State.STOP
2021-10-19 14:29:10,211:INFO: BT1   BT2   TT1   TT2   AT    X    Y    Z    BP1   BP2   TP1   TP2   HP      AP      PD   PC    HL EL BF SF   PF   BV     rpm             State MissionState Setpoint Error Depth 
2021-10-19 14:29:10,212:INFO: 23.39 22.89 22.34 23.06 22.47 0.00 0.00 0.00 10.21 10.36 10.22 10.30 1065.96 8709.24 2.54 14.00 0  0  0  None None 223.42 Buffering (0/1) STOP  IDLE         30.00    None  None  
2021-10-19 14:29:10,213:WARNING: Stopped
2021-10-19 14:29:10,216:DEBUG: mega>rpi: b'BF:0.00\r\n'
2021-10-19 14:29:10,260:DEBUG: mega>rpi: b'PD:3.11\r\n'
2021-10-19 14:29:10,263:DEBUG: mega>rpi: b'PC:0.00\r\n'
2021-10-19 14:29:10,265:DEBUG: mega>rpi: b'LC:25.00\r\n'
2021-10-19 14:29:10,341:DEBUG: mega>rpi: b'HL:0.00\r\n'
2021-10-19 14:29:10,343:DEBUG: mega>rpi: b'EL:0.00\r\n'
2021-10-19 14:29:10,358:DEBUG: mega>rpi: b'BT1:23.39\r\n'
2021-10-19 14:29:10,370:DEBUG: mega>rpi: b'BT2:22.88\r\n'
2021-10-19 14:29:10,427:DEBUG: mega>rpi: b'BP1:1020.80\r\n'
2021-10-19 14:29:10,489:DEBUG: mega>rpi: b'BP2:1036.40\r\n'
2021-10-19 14:29:10,546:DEBUG: mega>rpi: b'HP:1066.10\r\n'
2021-10-19 14:29:10,558:DEBUG: mega>rpi: b'TT1:22.35\r\n'
2021-10-19 14:29:10,575:DEBUG: mega>rpi: b'TT2:23.05\r\n'
2021-10-19 14:29:10,632:DEBUG: mega>rpi: b'TP1:1022.10\r\n'
2021-10-19 14:29:10,690:DEBUG: mega>rpi: b'TP2:1030.50\r\n'
2021-10-19 14:29:10,702:DEBUG: mega>rpi: b'AT:22.47\r\n'
2021-10-19 14:29:10,762:DEBUG: mega>rpi: b'AP:8709.40\r\n'
2021-10-19 14:29:10,764:DEBUG: mega>rpi: b'BV:223.38\r\n'
2021-10-19 14:29:10,764:INFO: State.STOP
2021-10-19 14:29:10,766:INFO: BT1   BT2   TT1   TT2   AT    X    Y    Z    BP1   BP2   TP1   TP2   HP      AP      PD   PC   HL EL BF SF   PF   BV     rpm             State MissionState Setpoint Error Depth 
2021-10-19 14:29:10,767:INFO: 23.39 22.89 22.34 23.06 22.47 0.00 0.00 0.00 10.21 10.36 10.22 10.30 1065.98 8709.22 3.11 0.00 0  0  0  None None 223.38 Buffering (0/1) STOP  IDLE         30.00    None  None  
2021-10-19 14:29:10,768:WARNING: Stopped
2021-10-19 14:29:10,769:DEBUG: mega>rpi: b'BF:0.00\r\n'
2021-10-19 14:29:10,771:DEBUG: mega>rpi: b'X:0.00\r\n'
2021-10-19 14:29:10,772:DEBUG: mega>rpi: b'Y:0.00\r\n'
2021-10-19 14:29:10,774:DEBUG: mega>rpi: b'Z:-0.01\r\n'
2021-10-19 14:29:10,821:DEBUG: mega>rpi: b'PD:3.83\r\n'
2021-10-19 14:29:10,822:DEBUG: mega>rpi: b'PC:0.00\r\n'
2021-10-19 14:29:10,825:DEBUG: mega>rpi: b'LC:26.00\r\n'
2021-10-19 14:29:10,902:DEBUG: mega>rpi: b'HL:0.00\r\n'
2021-10-19 14:29:10,904:DEBUG: mega>rpi: b'EL:0.00\r\n'
2021-10-19 14:29:10,919:DEBUG: mega>rpi: b'BT1:23.39\r\n'
2021-10-19 14:29:10,931:DEBUG: mega>rpi: b'BT2:22.89\r\n'
2021-10-19 14:29:10,988:DEBUG: mega>rpi: b'BP1:1021.10\r\n'
2021-10-19 14:29:11,046:DEBUG: mega>rpi: b'BP2:1035.70\r\n'
2021-10-19 14:29:11,107:DEBUG: mega>rpi: b'HP:1066.00\r\n'
2021-10-19 14:29:11,119:DEBUG: mega>rpi: b'TT1:22.35\r\n'
2021-10-19 14:29:11,132:DEBUG: mega>rpi: b'TT2:23.06\r\n'
2021-10-19 14:29:11,193:DEBUG: mega>rpi: b'TP1:1021.80\r\n'
2021-10-19 14:29:11,250:DEBUG: mega>rpi: b'TP2:1030.70\r\n'
2021-10-19 14:29:11,264:DEBUG: mega>rpi: b'AT:22.47\r\n'
2021-10-19 14:29:11,320:DEBUG: mega>rpi: b'AP:8709.50\r\n'
2021-10-19 14:29:11,324:DEBUG: mega>rpi: b'BV:223.37\r\n'
2021-10-19 14:29:11,324:INFO: State.STOP
2021-10-19 14:29:11,326:INFO: BT1   BT2   TT1   TT2   AT    X    Y    Z     BP1   BP2   TP1   TP2   HP      AP      PD   PC   HL EL BF SF   PF   BV     rpm             State MissionState Setpoint Error Depth 
2021-10-19 14:29:11,327:INFO: 23.39 22.89 22.34 23.06 22.47 0.00 0.00 -0.00 10.21 10.36 10.22 10.30 1066.02 8709.26 3.83 0.00 0  0  0  None None 223.37 Buffering (0/1) STOP  IDLE         30.00    None  None  
2021-10-19 14:29:11,328:WARNING: Stopped
2021-10-19 14:29:11,330:DEBUG: mega>rpi: b'BF:0.00\r\n'
2021-10-19 14:29:11,333:DEBUG: mega>rpi: b'PD:4.61\r\n'
2021-10-19 14:29:11,335:DEBUG: mega>rpi: b'PC:0.00\r\n'
2021-10-19 14:29:11,336:DEBUG: mega>rpi: b'LC:27.00\r\n'
2021-10-19 14:29:11,414:DEBUG: mega>rpi: b'HL:0.00\r\n'
2021-10-19 14:29:11,415:DEBUG: mega>rpi: b'EL:0.00\r\n'
2021-10-19 14:29:11,431:DEBUG: mega>rpi: b'BT1:23.39\r\n'
2021-10-19 14:29:11,443:DEBUG: mega>rpi: b'BT2:22.89\r\n'
2021-10-19 14:29:11,500:DEBUG: mega>rpi: b'BP1:1021.20\r\n'
2021-10-19 14:29:11,558:DEBUG: mega>rpi: b'BP2:1035.70\r\n'
2021-10-19 14:29:11,615:DEBUG: mega>rpi: b'HP:1066.30\r\n'
2021-10-19 14:29:11,631:DEBUG: mega>rpi: b'TT1:22.36\r\n'
2021-10-19 14:29:11,644:DEBUG: mega>rpi: b'TT2:23.07\r\n'
2021-10-19 14:29:11,702:DEBUG: mega>rpi: b'TP1:1021.70\r\n'
2021-10-19 14:29:11,761:DEBUG: mega>rpi: b'TP2:1030.40\r\n'
2021-10-19 14:29:11,775:DEBUG: mega>rpi: b'AT:22.46\r\n'
2021-10-19 14:29:11,833:DEBUG: mega>rpi: b'AP:8709.00\r\n'
2021-10-19 14:29:11,835:DEBUG: mega>rpi: b'BV:223.40\r\n'
2021-10-19 14:29:11,835:INFO: State.STOP
2021-10-19 14:29:11,837:INFO: BT1   BT2   TT1   TT2   AT    X    Y    Z     BP1   BP2   TP1   TP2   HP      AP      PD   PC   HL EL BF SF   PF   BV     rpm             State MissionState Setpoint Error Depth 
2021-10-19 14:29:11,838:INFO: 23.39 22.89 22.35 23.06 22.47 0.00 0.00 -0.00 10.21 10.36 10.22 10.30 1066.12 8709.14 4.61 0.00 0  0  0  None None 223.40 Buffering (0/1) STOP  IDLE         30.00    None  None  
2021-10-19 14:29:11,839:WARNING: Stopped
2021-10-19 14:29:11,841:DEBUG: mega>rpi: b'BF:0.00\r\n'
2021-10-19 14:29:11,842:DEBUG: mega>rpi: b'X:0.00\r\n'
2021-10-19 14:29:11,844:DEBUG: mega>rpi: b'Y:0.00\r\n'
2021-10-19 14:29:11,845:DEBUG: mega>rpi: b'Z:-0.02\r\n'
2021-10-19 14:29:11,886:DEBUG: mega>rpi: b'PD:1.61\r\n'
2021-10-19 14:29:11,887:DEBUG: mega>rpi: b'PC:72.00\r\n'
2021-10-19 14:29:11,889:DEBUG: mega>rpi: b'LC:28.00\r\n'
2021-10-19 14:29:11,967:DEBUG: mega>rpi: b'HL:0.00\r\n'
2021-10-19 14:29:11,969:DEBUG: mega>rpi: b'EL:0.00\r\n'
2021-10-19 14:29:11,980:DEBUG: mega>rpi: b'BT1:23.39\r\n'
2021-10-19 14:29:11,997:DEBUG: mega>rpi: b'BT2:22.89\r\n'
2021-10-19 14:29:12,053:DEBUG: mega>rpi: b'BP1:1021.10\r\n'
2021-10-19 14:29:12,111:DEBUG: mega>rpi: b'BP2:1035.80\r\n'
2021-10-19 14:29:12,169:DEBUG: mega>rpi: b'HP:1066.60\r\n'
2021-10-19 14:29:12,185:DEBUG: mega>rpi: b'TT1:22.36\r\n'
2021-10-19 14:29:12,197:DEBUG: mega>rpi: b'TT2:23.07\r\n'
2021-10-19 14:29:12,254:DEBUG: mega>rpi: b'TP1:1021.40\r\n'
2021-10-19 14:29:12,312:DEBUG: mega>rpi: b'TP2:1030.10\r\n'
2021-10-19 14:29:12,327:DEBUG: mega>rpi: b'AT:22.46\r\n'
2021-10-19 14:29:12,385:DEBUG: mega>rpi: b'AP:8709.40\r\n'
2021-10-19 14:29:12,386:DEBUG: mega>rpi: b'BV:223.35\r\n'
2021-10-19 14:29:12,387:INFO: State.STOP
2021-10-19 14:29:12,388:INFO: BT1   BT2   TT1   TT2   AT    X    Y    Z     BP1   BP2   TP1   TP2   HP      AP      PD   PC    HL EL BF SF   PF   BV     rpm             State MissionState Setpoint Error Depth 
2021-10-19 14:29:12,389:INFO: 23.39 22.89 22.35 23.06 22.46 0.00 0.00 -0.01 10.21 10.36 10.22 10.30 1066.28 8709.22 1.61 72.00 0  0  0  None None 223.35 Buffering (0/1) STOP  IDLE         30.00    None  None  
2021-10-19 14:29:12,390:WARNING: Stopped
2021-10-19 14:29:12,392:DEBUG: mega>rpi: b'BF:0.00\r\n'
2021-10-19 14:29:12,430:DEBUG: mega>rpi: b'PD:1.91\r\n'
2021-10-19 14:29:12,432:DEBUG: mega>rpi: b'PC:52.00\r\n'
2021-10-19 14:29:12,433:DEBUG: mega>rpi: b'LC:29.00\r\n'
2021-10-19 14:29:12,512:DEBUG: mega>rpi: b'HL:0.00\r\n'
2021-10-19 14:29:12,513:DEBUG: mega>rpi: b'EL:0.00\r\n'
2021-10-19 14:29:12,525:DEBUG: mega>rpi: b'BT1:23.39\r\n'
2021-10-19 14:29:12,540:DEBUG: mega>rpi: b'BT2:22.89\r\n'
2021-10-19 14:29:12,598:DEBUG: mega>rpi: b'BP1:1021.00\r\n'
2021-10-19 14:29:12,656:DEBUG: mega>rpi: b'BP2:1036.20\r\n'
2021-10-19 14:29:12,712:DEBUG: mega>rpi: b'HP:1066.30\r\n'
2021-10-19 14:29:12,729:DEBUG: mega>rpi: b'TT1:22.37\r\n'
2021-10-19 14:29:12,742:DEBUG: mega>rpi: b'TT2:23.06\r\n'
2021-10-19 14:29:12,798:DEBUG: mega>rpi: b'TP1:1022.10\r\n'
2021-10-19 14:29:12,856:DEBUG: mega>rpi: b'TP2:1030.20\r\n'
2021-10-19 14:29:12,873:DEBUG: mega>rpi: b'AT:22.46\r\n'
2021-10-19 14:29:12,930:DEBUG: mega>rpi: b'AP:8709.50\r\n'
2021-10-19 14:29:12,932:DEBUG: mega>rpi: b'BV:223.34\r\n'
2021-10-19 14:29:12,932:INFO: State.STOP
2021-10-19 14:29:12,934:INFO: BT1   BT2   TT1   TT2   AT    X    Y    Z     BP1   BP2   TP1   TP2   HP      AP      PD   PC    HL EL BF SF   PF   BV     rpm             State MissionState Setpoint Error Depth 
2021-10-19 14:29:12,935:INFO: 23.39 22.89 22.36 23.06 22.46 0.00 0.00 -0.01 10.21 10.36 10.22 10.30 1066.26 8709.36 1.91 52.00 0  0  0  None None 223.34 Buffering (0/1) STOP  IDLE         30.00    None  None  
2021-10-19 14:29:12,936:WARNING: Stopped
2021-10-19 14:29:12,938:DEBUG: mega>rpi: b'BF:0.00\r\n'
2021-10-19 14:29:12,939:DEBUG: mega>rpi: b'X:0.00\r\n'
2021-10-19 14:29:12,941:DEBUG: mega>rpi: b'Y:0.00\r\n'
2021-10-19 14:29:12,943:DEBUG: mega>rpi: b'Z:0.04\r\n'
2021-10-19 14:29:12,975:DEBUG: mega>rpi: b'PD:2.29\r\n'
2021-10-19 14:29:12,976:DEBUG: mega>rpi: b'PC:14.00\r\n'
2021-10-19 14:29:12,977:DEBUG: mega>rpi: b'LC:30.00\r\n'
2021-10-19 14:29:13,057:DEBUG: mega>rpi: b'HL:0.00\r\n'
2021-10-19 14:29:13,059:DEBUG: mega>rpi: b'EL:0.00\r\n'
2021-10-19 14:29:13,069:DEBUG: mega>rpi: b'BT1:23.39\r\n'
2021-10-19 14:29:13,086:DEBUG: mega>rpi: b'BT2:22.89\r\n'
2021-10-19 14:29:13,143:DEBUG: mega>rpi: b'BP1:1021.10\r\n'
2021-10-19 14:29:13,200:DEBUG: mega>rpi: b'BP2:1036.00\r\n'
2021-10-19 14:29:13,258:DEBUG: mega>rpi: b'HP:1066.50\r\n'
2021-10-19 14:29:13,274:DEBUG: mega>rpi: b'TT1:22.37\r\n'
2021-10-19 14:29:13,287:DEBUG: mega>rpi: b'TT2:23.06\r\n'
2021-10-19 14:29:13,343:DEBUG: mega>rpi: b'TP1:1022.40\r\n'
2021-10-19 14:29:13,401:DEBUG: mega>rpi: b'TP2:1030.30\r\n'
2021-10-19 14:29:13,417:DEBUG: mega>rpi: b'AT:22.46\r\n'
2021-10-19 14:29:13,475:DEBUG: mega>rpi: b'AP:8708.80\r\n'
2021-10-19 14:29:13,477:DEBUG: mega>rpi: b'BV:223.42\r\n'
2021-10-19 14:29:13,477:INFO: State.STOP
2021-10-19 14:29:13,479:INFO: BT1   BT2   TT1   TT2   AT    X    Y    Z    BP1   BP2   TP1   TP2   HP      AP      PD   PC    HL EL BF SF   PF   BV     rpm             State MissionState Setpoint Error Depth 
2021-10-19 14:29:13,480:INFO: 23.39 22.89 22.36 23.06 22.46 0.00 0.00 0.00 10.21 10.36 10.22 10.30 1066.34 8709.24 2.29 14.00 0  0  0  None None 223.42 Buffering (0/1) STOP  IDLE         30.00    None  None  
2021-10-19 14:29:13,481:WARNING: Stopped
2021-10-19 14:29:13,482:DEBUG: mega>rpi: b'BF:0.00\r\n'
2021-10-19 14:29:13,528:DEBUG: mega>rpi: b'PD:2.83\r\n'
2021-10-19 14:29:13,530:DEBUG: mega>rpi: b'PC:0.00\r\n'
2021-10-19 14:29:13,531:DEBUG: mega>rpi: b'LC:31.00\r\n'
2021-10-19 14:29:13,610:DEBUG: mega>rpi: b'HL:0.00\r\n'
2021-10-19 14:29:13,611:DEBUG: mega>rpi: b'EL:0.00\r\n'
2021-10-19 14:29:13,626:DEBUG: mega>rpi: b'BT1:23.39\r\n'
2021-10-19 14:29:13,638:DEBUG: mega>rpi: b'BT2:22.89\r\n'
2021-10-19 14:29:13,696:DEBUG: mega>rpi: b'BP1:1020.90\r\n'
2021-10-19 14:29:13,754:DEBUG: mega>rpi: b'BP2:1036.00\r\n'
2021-10-19 14:29:13,810:DEBUG: mega>rpi: b'HP:1066.50\r\n'
2021-10-19 14:29:13,827:DEBUG: mega>rpi: b'TT1:22.37\r\n'
2021-10-19 14:29:13,839:DEBUG: mega>rpi: b'TT2:23.06\r\n'
2021-10-19 14:29:13,897:DEBUG: mega>rpi: b'TP1:1021.80\r\n'
2021-10-19 14:29:13,957:DEBUG: mega>rpi: b'TP2:1030.00\r\n'
2021-10-19 14:29:13,970:DEBUG: mega>rpi: b'AT:22.47\r\n'
2021-10-19 14:29:14,028:DEBUG: mega>rpi: b'AP:8708.90\r\n'
2021-10-19 14:29:14,030:DEBUG: mega>rpi: b'BV:223.44\r\n'
2021-10-19 14:29:14,030:INFO: State.STOP
2021-10-19 14:29:14,032:INFO: BT1   BT2   TT1   TT2   AT    X    Y    Z    BP1   BP2   TP1   TP2   HP      AP      PD   PC   HL EL BF SF   PF   BV     rpm             State MissionState Setpoint Error Depth 
2021-10-19 14:29:14,033:INFO: 23.39 22.89 22.37 23.06 22.46 0.00 0.00 0.00 10.21 10.36 10.22 10.30 1066.44 8709.12 2.83 0.00 0  0  0  None None 223.44 Buffering (0/1) STOP  IDLE         30.00    None  None  
2021-10-19 14:29:14,034:WARNING: Stopped
2021-10-19 14:29:14,036:DEBUG: mega>rpi: b'BF:0.00\r\n'
2021-10-19 14:29:14,037:DEBUG: mega>rpi: b'X:0.00\r\n'
2021-10-19 14:29:14,039:DEBUG: mega>rpi: b'Y:0.00\r\n'
2021-10-19 14:29:14,040:DEBUG: mega>rpi: b'Z:-0.01\r\n'
2021-10-19 14:29:14,085:DEBUG: mega>rpi: b'PD:3.26\r\n'
2021-10-19 14:29:14,086:DEBUG: mega>rpi: b'PC:0.00\r\n'
2021-10-19 14:29:14,088:DEBUG: mega>rpi: b'LC:32.00\r\n'
2021-10-19 14:29:14,166:DEBUG: mega>rpi: b'HL:0.00\r\n'
2021-10-19 14:29:14,168:DEBUG: mega>rpi: b'EL:0.00\r\n'
2021-10-19 14:29:14,179:DEBUG: mega>rpi: b'BT1:23.39\r\n'
2021-10-19 14:29:14,196:DEBUG: mega>rpi: b'BT2:22.89\r\n'
2021-10-19 14:29:14,253:DEBUG: mega>rpi: b'BP1:1020.60\r\n'
2021-10-19 14:29:14,310:DEBUG: mega>rpi: b'BP2:1035.90\r\n'
2021-10-19 14:29:14,368:DEBUG: mega>rpi: b'HP:1066.40\r\n'
2021-10-19 14:29:14,383:DEBUG: mega>rpi: b'TT1:22.37\r\n'
2021-10-19 14:29:14,396:DEBUG: mega>rpi: b'TT2:23.06\r\n'
2021-10-19 14:29:14,454:DEBUG: mega>rpi: b'TP1:1022.40\r\n'
2021-10-19 14:29:14,511:DEBUG: mega>rpi: b'TP2:1030.10\r\n'
2021-10-19 14:29:14,527:DEBUG: mega>rpi: b'AT:22.46\r\n'
2021-10-19 14:29:14,585:DEBUG: mega>rpi: b'AP:8708.90\r\n'
2021-10-19 14:29:14,586:DEBUG: mega>rpi: b'BV:223.41\r\n'
2021-10-19 14:29:14,587:INFO: State.STOP
2021-10-19 14:29:14,589:INFO: BT1   BT2   TT1   TT2   AT    X    Y    Z    BP1   BP2   TP1   TP2   HP      AP      PD   PC   HL EL BF SF   PF   BV     rpm             State MissionState Setpoint Error Depth 
2021-10-19 14:29:14,590:INFO: 23.39 22.89 22.37 23.06 22.46 0.00 0.00 0.00 10.21 10.36 10.22 10.30 1066.46 8709.10 3.26 0.00 0  0  0  None None 223.41 Buffering (0/1) STOP  IDLE         30.00    None  None  
2021-10-19 14:29:14,591:WARNING: Stopped
2021-10-19 14:29:14,593:DEBUG: mega>rpi: b'BF:0.00\r\n'
2021-10-19 14:29:14,595:DEBUG: mega>rpi: b'X:0.00\r\n'
2021-10-19 14:29:14,596:DEBUG: mega>rpi: b'Y:0.00\r\n'
2021-10-19 14:29:14,598:DEBUG: mega>rpi: b'Z:0.00\r\n'
2021-10-19 14:29:14,642:DEBUG: mega>rpi: b'PD:3.33\r\n'
2021-10-19 14:29:14,646:DEBUG: mega>rpi: b'PC:0.00\r\n'
2021-10-19 14:29:14,647:DEBUG: mega>rpi: b'LC:33.00\r\n'
2021-10-19 14:29:14,723:DEBUG: mega>rpi: b'HL:0.00\r\n'
2021-10-19 14:29:14,727:DEBUG: mega>rpi: b'EL:0.00\r\n'
2021-10-19 14:29:14,740:DEBUG: mega>rpi: b'BT1:23.39\r\n'
2021-10-19 14:29:14,753:DEBUG: mega>rpi: b'BT2:22.89\r\n'
2021-10-19 14:29:14,810:DEBUG: mega>rpi: b'BP1:1020.70\r\n'
2021-10-19 14:29:14,871:DEBUG: mega>rpi: b'BP2:1036.50\r\n'
2021-10-19 14:29:14,929:DEBUG: mega>rpi: b'HP:1066.40\r\n'
2021-10-19 14:29:14,941:DEBUG: mega>rpi: b'TT1:22.37\r\n'
2021-10-19 14:29:14,957:DEBUG: mega>rpi: b'TT2:23.07\r\n'
2021-10-19 14:29:15,015:DEBUG: mega>rpi: b'TP1:1022.40\r\n'
2021-10-19 14:29:15,072:DEBUG: mega>rpi: b'TP2:1029.90\r\n'
2021-10-19 14:29:15,084:DEBUG: mega>rpi: b'AT:22.46\r\n'
2021-10-19 14:29:15,146:DEBUG: mega>rpi: b'AP:8709.10\r\n'
2021-10-19 14:29:15,147:DEBUG: mega>rpi: b'BV:223.39\r\n'
2021-10-19 14:29:15,148:INFO: State.STOP
2021-10-19 14:29:15,149:INFO: BT1   BT2   TT1   TT2   AT    X    Y    Z    BP1   BP2   TP1   TP2   HP      AP      PD   PC   HL EL BF SF   PF   BV     rpm             State MissionState Setpoint Error Depth 
2021-10-19 14:29:15,150:INFO: 23.39 22.89 22.37 23.06 22.46 0.00 0.00 0.00 10.21 10.36 10.22 10.30 1066.42 8709.04 3.33 0.00 0  0  0  None None 223.39 Buffering (0/1) STOP  IDLE         30.00    None  None  
2021-10-19 14:29:15,151:WARNING: Stopped
2021-10-19 14:29:15,153:DEBUG: mega>rpi: b'BF:0.00\r\n'
2021-10-19 14:29:15,199:DEBUG: mega>rpi: b'PD:1.60\r\n'
2021-10-19 14:29:15,200:DEBUG: mega>rpi: b'PC:88.00\r\n'
2021-10-19 14:29:15,201:DEBUG: mega>rpi: b'LC:34.00\r\n'
2021-10-19 14:29:15,281:DEBUG: mega>rpi: b'HL:0.00\r\n'
2021-10-19 14:29:15,283:DEBUG: mega>rpi: b'EL:0.00\r\n'
2021-10-19 14:29:15,297:DEBUG: mega>rpi: b'BT1:23.39\r\n'
2021-10-19 14:29:15,310:DEBUG: mega>rpi: b'BT2:22.89\r\n'
2021-10-19 14:29:15,368:DEBUG: mega>rpi: b'BP1:1021.50\r\n'
2021-10-19 14:29:15,424:DEBUG: mega>rpi: b'BP2:1035.70\r\n'
2021-10-19 14:29:15,482:DEBUG: mega>rpi: b'HP:1066.50\r\n'
2021-10-19 14:29:15,498:DEBUG: mega>rpi: b'TT1:22.37\r\n'
2021-10-19 14:29:15,510:DEBUG: mega>rpi: b'TT2:23.06\r\n'
2021-10-19 14:29:15,568:DEBUG: mega>rpi: b'TP1:1022.40\r\n'
2021-10-19 14:29:15,629:DEBUG: mega>rpi: b'TP2:1030.40\r\n'
2021-10-19 14:29:15,641:DEBUG: mega>rpi: b'AT:22.47\r\n'
2021-10-19 14:29:15,699:DEBUG: mega>rpi: b'AP:8708.90\r\n'
2021-10-19 14:29:15,700:DEBUG: mega>rpi: b'BV:223.44\r\n'
2021-10-19 14:29:15,701:INFO: State.STOP
2021-10-19 14:29:15,702:INFO: BT1   BT2   TT1   TT2   AT    X    Y    Z    BP1   BP2   TP1   TP2   HP      AP      PD   PC    HL EL BF SF   PF   BV     rpm             State MissionState Setpoint Error Depth 
2021-10-19 14:29:15,703:INFO: 23.39 22.89 22.37 23.06 22.46 0.00 0.00 0.00 10.21 10.36 10.22 10.30 1066.46 8708.92 1.60 88.00 0  0  0  None None 223.44 Buffering (0/1) STOP  IDLE         30.00    None  None  
2021-10-19 14:29:15,704:WARNING: Stopped
2021-10-19 14:29:15,706:DEBUG: mega>rpi: b'BF:0.00\r\n'
2021-10-19 14:29:15,708:DEBUG: mega>rpi: b'X:0.00\r\n'
2021-10-19 14:29:15,709:DEBUG: mega>rpi: b'Y:0.00\r\n'
2021-10-19 14:29:15,710:DEBUG: mega>rpi: b'Z:0.00\r\n'
2021-10-19 14:29:15,743:DEBUG: mega>rpi: b'PD:1.90\r\n'
2021-10-19 14:29:15,744:DEBUG: mega>rpi: b'PC:66.00\r\n'
2021-10-19 14:29:15,746:DEBUG: mega>rpi: b'LC:35.00\r\n'
2021-10-19 14:29:15,821:DEBUG: mega>rpi: b'HL:0.00\r\n'
2021-10-19 14:29:15,825:DEBUG: mega>rpi: b'EL:0.00\r\n'
2021-10-19 14:29:15,838:DEBUG: mega>rpi: b'BT1:23.39\r\n'
2021-10-19 14:29:15,851:DEBUG: mega>rpi: b'BT2:22.89\r\n'
2021-10-19 14:29:15,910:DEBUG: mega>rpi: b'BP1:1021.10\r\n'
2021-10-19 14:29:15,969:DEBUG: mega>rpi: b'BP2:1036.20\r\n'
2021-10-19 14:29:16,026:DEBUG: mega>rpi: b'HP:1066.40\r\n'
2021-10-19 14:29:16,038:DEBUG: mega>rpi: b'TT1:22.37\r\n'
2021-10-19 14:29:16,054:DEBUG: mega>rpi: b'TT2:23.07\r\n'
2021-10-19 14:29:16,112:DEBUG: mega>rpi: b'TP1:1022.30\r\n'
2021-10-19 14:29:16,170:DEBUG: mega>rpi: b'TP2:1030.10\r\n'
2021-10-19 14:29:16,185:DEBUG: mega>rpi: b'AT:22.47\r\n'
2021-10-19 14:29:16,243:DEBUG: mega>rpi: b'AP:8708.70\r\n'
2021-10-19 14:29:16,245:DEBUG: mega>rpi: b'BV:223.46\r\n'
2021-10-19 14:29:16,245:INFO: State.STOP
2021-10-19 14:29:16,247:INFO: BT1   BT2   TT1   TT2   AT    X    Y    Z    BP1   BP2   TP1   TP2   HP      AP      PD   PC    HL EL BF SF   PF   BV     rpm             State MissionState Setpoint Error Depth 
2021-10-19 14:29:16,248:INFO: 23.39 22.89 22.37 23.06 22.47 0.00 0.00 0.00 10.21 10.36 10.22 10.30 1066.44 8708.90 1.90 66.00 0  0  0  None None 223.46 Buffering (0/1) STOP  IDLE         30.00    None  None  
2021-10-19 14:29:16,249:WARNING: Stopped
2021-10-19 14:29:16,250:DEBUG: mega>rpi: b'BF:0.00\r\n'
2021-10-19 14:29:16,288:DEBUG: mega>rpi: b'PD:2.28\r\n'
2021-10-19 14:29:16,290:DEBUG: mega>rpi: b'PC:18.00\r\n'
2021-10-19 14:29:16,291:DEBUG: mega>rpi: b'LC:36.00\r\n'
2021-10-19 14:29:16,370:DEBUG: mega>rpi: b'HL:0.00\r\n'
2021-10-19 14:29:16,371:DEBUG: mega>rpi: b'EL:0.00\r\n'
2021-10-19 14:29:16,383:DEBUG: mega>rpi: b'BT1:23.39\r\n'
2021-10-19 14:29:16,399:DEBUG: mega>rpi: b'BT2:22.89\r\n'
2021-10-19 14:29:16,456:DEBUG: mega>rpi: b'BP1:1021.00\r\n'
2021-10-19 14:29:16,514:DEBUG: mega>rpi: b'BP2:1035.70\r\n'
2021-10-19 14:29:16,571:DEBUG: mega>rpi: b'HP:1066.30\r\n'
2021-10-19 14:29:16,587:DEBUG: mega>rpi: b'TT1:22.37\r\n'
2021-10-19 14:29:16,600:DEBUG: mega>rpi: b'TT2:23.07\r\n'
2021-10-19 14:29:16,658:DEBUG: mega>rpi: b'TP1:1021.90\r\n'
2021-10-19 14:29:16,714:DEBUG: mega>rpi: b'TP2:1030.60\r\n'
2021-10-19 14:29:16,730:DEBUG: mega>rpi: b'AT:22.46\r\n'
2021-10-19 14:29:16,788:DEBUG: mega>rpi: b'AP:8708.90\r\n'
2021-10-19 14:29:16,790:DEBUG: mega>rpi: b'BV:223.41\r\n'
2021-10-19 14:29:16,790:INFO: State.STOP
2021-10-19 14:29:16,792:INFO: BT1   BT2   TT1   TT2   AT    X    Y    Z    BP1   BP2   TP1   TP2   HP      AP      PD   PC    HL EL BF SF   PF   BV     rpm             State MissionState Setpoint Error Depth 
2021-10-19 14:29:16,793:INFO: 23.39 22.89 22.37 23.07 22.46 0.00 0.00 0.00 10.21 10.36 10.22 10.30 1066.40 8708.90 2.28 18.00 0  0  0  None None 223.41 Buffering (0/1) STOP  IDLE         30.00    None  None  
2021-10-19 14:29:16,794:WARNING: Stopped
2021-10-19 14:29:16,795:DEBUG: mega>rpi: b'BF:0.00\r\n'
2021-10-19 14:29:16,797:DEBUG: mega>rpi: b'X:0.00\r\n'
2021-10-19 14:29:16,798:DEBUG: mega>rpi: b'Y:0.00\r\n'
2021-10-19 14:29:16,800:DEBUG: mega>rpi: b'Z:0.00\r\n'
2021-10-19 14:29:16,842:DEBUG: mega>rpi: b'PD:2.82\r\n'
2021-10-19 14:29:16,843:DEBUG: mega>rpi: b'PC:0.00\r\n'
2021-10-19 14:29:16,845:DEBUG: mega>rpi: b'LC:37.00\r\n'
2021-10-19 14:29:16,919:DEBUG: mega>rpi: b'HL:0.00\r\n'
2021-10-19 14:29:16,924:DEBUG: mega>rpi: b'EL:0.00\r\n'
2021-10-19 14:29:16,935:DEBUG: mega>rpi: b'BT1:23.39\r\n'
2021-10-19 14:29:16,948:DEBUG: mega>rpi: b'BT2:22.89\r\n'
2021-10-19 14:29:17,009:DEBUG: mega>rpi: b'BP1:1021.20\r\n'
2021-10-19 14:29:17,067:DEBUG: mega>rpi: b'BP2:1036.10\r\n'
2021-10-19 14:29:17,124:DEBUG: mega>rpi: b'HP:1065.90\r\n'
2021-10-19 14:29:17,137:DEBUG: mega>rpi: b'TT1:22.37\r\n'
2021-10-19 14:29:17,153:DEBUG: mega>rpi: b'TT2:23.07\r\n'
2021-10-19 14:29:17,210:DEBUG: mega>rpi: b'TP1:1022.10\r\n'
2021-10-19 14:29:17,267:DEBUG: mega>rpi: b'TP2:1030.50\r\n'
2021-10-19 14:29:17,283:DEBUG: mega>rpi: b'AT:22.46\r\n'
2021-10-19 14:29:17,342:DEBUG: mega>rpi: b'AP:8708.80\r\n'
2021-10-19 14:29:17,343:DEBUG: mega>rpi: b'BV:223.42\r\n'
2021-10-19 14:29:17,344:INFO: State.STOP
2021-10-19 14:29:17,345:INFO: BT1   BT2   TT1   TT2   AT    X    Y    Z    BP1   BP2   TP1   TP2   HP      AP      PD   PC   HL EL BF SF   PF   BV     rpm             State MissionState Setpoint Error Depth 
2021-10-19 14:29:17,346:INFO: 23.39 22.89 22.37 23.07 22.46 0.00 0.00 0.01 10.21 10.36 10.22 10.30 1066.30 8708.88 2.82 0.00 0  0  0  None None 223.42 Buffering (0/1) STOP  IDLE         30.00    None  None  
2021-10-19 14:29:17,347:WARNING: Stopped
2021-10-19 14:29:17,349:DEBUG: mega>rpi: b'BF:0.00\r\n'
2021-10-19 14:29:17,398:DEBUG: mega>rpi: b'PD:3.25\r\n'
2021-10-19 14:29:17,400:DEBUG: mega>rpi: b'PC:0.00\r\n'
2021-10-19 14:29:17,401:DEBUG: mega>rpi: b'LC:38.00\r\n'
2021-10-19 14:29:17,422:INFO: 
2021-10-19 14:29:17,422:CRITICAL: System shutdown
2021-10-19 14:29:17,423:INFO: cleaning (resetting rpi gpio)
2021-10-19 14:29:17,424:INFO: sending sleep to nano
2021-10-19 14:29:17,424:DEBUG: inside 1
2021-10-19 14:29:17,425:DEBUG: inside 2
2021-10-19 14:29:17,425:DEBUG: rpi>NANO: N:5
2021-10-19 14:29:17,426:INFO: waiting_for_nano_sleep
2021-10-19 14:29:17,427:INFO: nano is sleeping
