2021-10-07 15:58:06,403:TEST-MODE:WARNING: Test mode
2021-10-07 15:58:06,405:TEST-MODE:INFO: Pressure controller was initialized successfully
2021-10-07 15:58:06,406:TEST-MODE:INFO: BP1 pressure sensor was initialized successfully
2021-10-07 15:58:06,406:TEST-MODE:INFO: BP2 pressure sensor was initialized successfully
2021-10-07 15:58:06,406:TEST-MODE:INFO: TP1 pressure sensor was initialized successfully
2021-10-07 15:58:06,407:TEST-MODE:INFO: TP2 pressure sensor was initialized successfully
2021-10-07 15:58:06,407:TEST-MODE:INFO: HP pressure sensor was initialized successfully
2021-10-07 15:58:06,408:TEST-MODE:INFO: AP pressure sensor was initialized successfully
2021-10-07 15:58:06,408:TEST-MODE:INFO: Temperature controller was initialized successfully
2021-10-07 15:58:06,409:TEST-MODE:INFO: BT1 temperature sensor was initialized successfully
2021-10-07 15:58:06,409:TEST-MODE:INFO: BT2 temperature sensor was initialized successfully
2021-10-07 15:58:06,410:TEST-MODE:INFO: TT1 temperature sensor was initialized successfully
2021-10-07 15:58:06,410:TEST-MODE:INFO: TT2 temperature sensor was initialized successfully
2021-10-07 15:58:06,410:TEST-MODE:INFO: AT temperature sensor was initialized successfully
2021-10-07 15:58:06,411:TEST-MODE:INFO: IMU controller was initialized successfully
2021-10-07 15:58:06,411:TEST-MODE:INFO: X IMU sensor was initialized successfully
2021-10-07 15:58:06,411:TEST-MODE:INFO: Y IMU sensor was initialized successfully
2021-10-07 15:58:06,412:TEST-MODE:INFO: Z IMU sensor was initialized successfully
2021-10-07 15:58:06,412:TEST-MODE:INFO: Bladder volume controller was initialized successfully
2021-10-07 15:58:06,412:TEST-MODE:INFO: Altimeter controller was initialized successfully
2021-10-07 15:58:06,412:TEST-MODE:INFO: rpm controller was initialized successfully
2021-10-07 15:58:06,413:TEST-MODE:INFO: Pump flag controller was initialized successfully
2021-10-07 15:58:06,413:TEST-MODE:INFO: Bladder flag controller was initialized successfully
2021-10-07 15:58:06,413:TEST-MODE:INFO: Hull leak flag controller was initialized successfully
2021-10-07 15:58:06,413:TEST-MODE:INFO: Engine leak flag controller was initialized successfully
2021-10-07 15:58:06,414:TEST-MODE:INFO: Full surface initiated flag controller was initialized successfully
2021-10-07 15:58:06,414:TEST-MODE:DEBUG: attempting to load profile: cfg/profile.txt
2021-10-07 15:58:06,423:TEST-MODE:INFO: Profile file loaded successfully

2021-10-07 15:58:06,423:TEST-MODE:INFO: Profile class was initialized successfully

2021-10-07 15:58:06,424:TEST-MODE:DEBUG: attempting to init serial comm
2021-10-07 15:58:06,424:TEST-MODE:DEBUG:  port:/dev/ttyACM0
2021-10-07 15:58:06,424:TEST-MODE:DEBUG:  baud_rate:115200
2021-10-07 15:58:06,426:TEST-MODE:INFO: SerialComm was initialized successfully
2021-10-07 15:58:06,426:TEST-MODE:DEBUG: attempting to init serial comm
2021-10-07 15:58:06,431:TEST-MODE:DEBUG:  port:/dev/ttyUSB0
2021-10-07 15:58:06,432:TEST-MODE:DEBUG:  baud_rate:115200
2021-10-07 15:58:06,436:TEST-MODE:INFO: SerialComm was initialized successfully
2021-10-07 15:58:06,438:TEST-MODE:DEBUG: mega>rpi: b'F:1.00\r\n'
2021-10-07 15:58:06,450:TEST-MODE:DEBUG: mega>rpi: b'PD:35.00\r\n'
2021-10-07 15:58:06,461:TEST-MODE:DEBUG: mega>rpi: b'PC:0.00\r\n'
2021-10-07 15:58:06,473:TEST-MODE:DEBUG: mega>rpi: b'LC:136.00\r\n'
2021-10-07 15:58:06,485:TEST-MODE:DEBUG: mega>rpi: b'HL:0.00\r\n'
2021-10-07 15:58:06,496:TEST-MODE:DEBUG: mega>rpi: b'EL:0.00\r\n'
2021-10-07 15:58:06,508:TEST-MODE:DEBUG: mega>rpi: b'BT1:25.32\r\n'
2021-10-07 15:58:06,520:TEST-MODE:DEBUG: mega>rpi: b'TP1:1035.40\r\n'
2021-10-07 15:58:06,532:TEST-MODE:DEBUG: mega>rpi: b'TP2:1040.30\r\n'
2021-10-07 15:58:06,543:TEST-MODE:DEBUG: mega>rpi: b'AT:24.42\r\n'
2021-10-07 15:58:06,555:TEST-MODE:DEBUG: mega>rpi: b'AP:6125.80\r\n'
2021-10-07 15:58:06,567:TEST-MODE:DEBUG: mega>rpi: b'BV:-467.90\r\n'
2021-10-07 15:58:06,568:TEST-MODE:INFO: BT1             BT2             TT1             TT2             AT              X               Y               Z               BP1             BP2             TP1             TP2             HP              AP              PD    PC   HL EL BF   SF   PF   BV      rpm             State      
2021-10-07 15:58:06,569:TEST-MODE:INFO: Buffering (1/5) Buffering (0/5) Buffering (0/5) Buffering (0/5) Buffering (1/5) Buffering (0/5) Buffering (0/5) Buffering (0/5) Buffering (0/5) Buffering (0/5) Buffering (1/5) Buffering (1/5) Buffering (0/5) Buffering (1/5) 35.00 0.00 0  0  None None None -467.90 Buffering (0/1) State.STOP 
2021-10-07 15:58:06,570:TEST-MODE:WARNING: Stopped
2021-10-07 15:58:06,582:TEST-MODE:DEBUG: mega>rpi: b'BF:1.00\r\n'
2021-10-07 15:58:06,594:TEST-MODE:DEBUG: mega>rpi: b'PD:35.00\r\n'
2021-10-07 15:58:06,605:TEST-MODE:DEBUG: mega>rpi: b'PC:0.00\r\n'
2021-10-07 15:58:06,617:TEST-MODE:DEBUG: mega>rpi: b'LC:136.00\r\n'
2021-10-07 15:58:06,629:TEST-MODE:DEBUG: mega>rpi: b'HL:0.00\r\n'
2021-10-07 15:58:06,641:TEST-MODE:DEBUG: mega>rpi: b'EL:0.00\r\n'
2021-10-07 15:58:06,653:TEST-MODE:DEBUG: mega>rpi: b'BT1:25.32\r\n'
2021-10-07 15:58:06,666:TEST-MODE:DEBUG: mega>rpi: b'TP1:1035.40\r\n'
2021-10-07 15:58:06,678:TEST-MODE:DEBUG: mega>rpi: b'TP2:1040.30\r\n'
2021-10-07 15:58:06,690:TEST-MODE:DEBUG: mega>rpi: b'AT:24.42\r\n'
2021-10-07 15:58:06,702:TEST-MODE:DEBUG: mega>rpi: b'AP:6125.80\r\n'
2021-10-07 15:58:06,714:TEST-MODE:DEBUG: mega>rpi: b'BV:-467.90\r\n'
2021-10-07 15:58:06,716:TEST-MODE:INFO: BT1             BT2             TT1             TT2             AT              X               Y               Z               BP1             BP2             TP1             TP2             HP              AP              PD    PC   HL EL BF SF   PF   BV      rpm             State      
2021-10-07 15:58:06,717:TEST-MODE:INFO: Buffering (2/5) Buffering (0/5) Buffering (0/5) Buffering (0/5) Buffering (2/5) Buffering (0/5) Buffering (0/5) Buffering (0/5) Buffering (0/5) Buffering (0/5) Buffering (2/5) Buffering (2/5) Buffering (0/5) Buffering (2/5) 35.00 0.00 0  0  1  None None -467.90 Buffering (0/1) State.STOP 
2021-10-07 15:58:06,718:TEST-MODE:WARNING: Stopped
2021-10-07 15:58:06,730:TEST-MODE:DEBUG: mega>rpi: b'BF:1.00\r\n'
2021-10-07 15:58:06,742:TEST-MODE:DEBUG: mega>rpi: b'PD:35.00\r\n'
2021-10-07 15:58:06,753:TEST-MODE:DEBUG: mega>rpi: b'PC:0.00\r\n'
2021-10-07 15:58:06,765:TEST-MODE:DEBUG: mega>rpi: b'LC:136.00\r\n'
2021-10-07 15:58:06,777:TEST-MODE:DEBUG: mega>rpi: b'HL:0.00\r\n'
2021-10-07 15:58:06,788:TEST-MODE:DEBUG: mega>rpi: b'EL:0.00\r\n'
2021-10-07 15:58:06,800:TEST-MODE:DEBUG: mega>rpi: b'BT1:25.32\r\n'
2021-10-07 15:58:06,812:TEST-MODE:DEBUG: mega>rpi: b'TP1:1035.40\r\n'
2021-10-07 15:58:06,824:TEST-MODE:DEBUG: mega>rpi: b'TP2:1040.30\r\n'
2021-10-07 15:58:06,835:TEST-MODE:DEBUG: mega>rpi: b'AT:24.42\r\n'
2021-10-07 15:58:06,847:TEST-MODE:DEBUG: mega>rpi: b'AP:6125.80\r\n'
2021-10-07 15:58:06,859:TEST-MODE:DEBUG: mega>rpi: b'BV:-467.90\r\n'
2021-10-07 15:58:06,860:TEST-MODE:INFO: BT1             BT2             TT1             TT2             AT              X               Y               Z               BP1             BP2             TP1             TP2             HP              AP              PD    PC   HL EL BF SF   PF   BV      rpm             State      
2021-10-07 15:58:06,861:TEST-MODE:INFO: Buffering (3/5) Buffering (0/5) Buffering (0/5) Buffering (0/5) Buffering (3/5) Buffering (0/5) Buffering (0/5) Buffering (0/5) Buffering (0/5) Buffering (0/5) Buffering (3/5) Buffering (3/5) Buffering (0/5) Buffering (3/5) 35.00 0.00 0  0  1  None None -467.90 Buffering (0/1) State.STOP 
2021-10-07 15:58:06,862:TEST-MODE:WARNING: Stopped
2021-10-07 15:58:06,874:TEST-MODE:DEBUG: mega>rpi: b'BF:1.00\r\n'
2021-10-07 15:58:06,886:TEST-MODE:DEBUG: mega>rpi: b'PD:35.00\r\n'
2021-10-07 15:58:06,897:TEST-MODE:DEBUG: mega>rpi: b'PC:0.00\r\n'
2021-10-07 15:58:06,909:TEST-MODE:DEBUG: mega>rpi: b'LC:136.00\r\n'
2021-10-07 15:58:06,921:TEST-MODE:DEBUG: mega>rpi: b'HL:0.00\r\n'
2021-10-07 15:58:06,932:TEST-MODE:DEBUG: mega>rpi: b'EL:0.00\r\n'
2021-10-07 15:58:06,944:TEST-MODE:DEBUG: mega>rpi: b'BT1:25.32\r\n'
2021-10-07 15:58:07,848:TEST-MODE:DEBUG: mega>rpi: b'SU:0.00\r\n'
2021-10-07 15:58:07,871:TEST-MODE:DEBUG: mega>rpi: b'BT1:25.28\r\n'
2021-10-07 15:58:07,904:TEST-MODE:DEBUG: mega>rpi: b'BT2:24.80\r\n'
2021-10-07 15:58:07,958:TEST-MODE:DEBUG: mega>rpi: b'BP1:1024.40\r\n'
2021-10-07 15:58:08,023:TEST-MODE:DEBUG: mega>rpi: b'BP2:1034.90\r\n'
2021-10-07 15:58:08,076:TEST-MODE:DEBUG: mega>rpi: b'HP:1605.00\r\n'
2021-10-07 15:58:08,110:TEST-MODE:DEBUG: mega>rpi: b'AT:23.60\r\n'
2021-10-07 15:58:08,164:TEST-MODE:DEBUG: mega>rpi: b'AP:6135.60\r\n'
2021-10-07 15:58:08,187:TEST-MODE:DEBUG: mega>rpi: b'TT1:24.87\r\n'
2021-10-07 15:58:08,221:TEST-MODE:DEBUG: mega>rpi: b'TT2:24.87\r\n'
2021-10-07 15:58:08,276:TEST-MODE:DEBUG: mega>rpi: b'TP1:1035.00\r\n'
2021-10-07 15:58:08,342:TEST-MODE:DEBUG: mega>rpi: b'TP2:1040.50\r\n'
2021-10-07 15:58:08,353:TEST-MODE:DEBUG: mega>rpi: b'\r\n'
2021-10-07 15:58:08,428:TEST-MODE:DEBUG: nano>rpi: ['NN', '222.00']
2021-10-07 15:58:08,594:TEST-MODE:DEBUG: mega>rpi: b'X:0.00\r\n'
2021-10-07 15:58:08,607:TEST-MODE:DEBUG: mega>rpi: b'Y:0.00\r\n'
2021-10-07 15:58:08,619:TEST-MODE:DEBUG: mega>rpi: b'Z:0.00\r\n'
2021-10-07 15:58:09,603:TEST-MODE:DEBUG: mega>rpi: b'Date: 10/7/2021 Time: 12:58:12\r\n'
2021-10-07 15:58:11,296:TEST-MODE:DEBUG: mega>rpi: b'SU:1.00\r\n'
2021-10-07 15:58:11,309:TEST-MODE:DEBUG: mega>rpi: b'LC:1.00\r\n'
2021-10-07 15:58:11,373:TEST-MODE:DEBUG: mega>rpi: b'HL:0.00\r\n'
2021-10-07 15:58:11,386:TEST-MODE:DEBUG: mega>rpi: b'EL:0.00\r\n'
2021-10-07 15:58:11,398:TEST-MODE:DEBUG: mega>rpi: b'BT1:25.28\r\n'
2021-10-07 15:58:11,411:TEST-MODE:DEBUG: mega>rpi: b'BT2:24.80\r\n'
2021-10-07 15:58:11,466:TEST-MODE:DEBUG: mega>rpi: b'BP1:1024.60\r\n'
2021-10-07 15:58:11,519:TEST-MODE:DEBUG: mega>rpi: b'BP2:1034.90\r\n'
2021-10-07 15:58:11,577:TEST-MODE:DEBUG: mega>rpi: b'HP:1605.30\r\n'
2021-10-07 15:58:11,589:TEST-MODE:DEBUG: mega>rpi: b'TT1:25.89\r\n'
2021-10-07 15:58:11,602:TEST-MODE:DEBUG: mega>rpi: b'TT2:25.95\r\n'
2021-10-07 15:58:11,666:TEST-MODE:DEBUG: mega>rpi: b'TP1:1035.10\r\n'
2021-10-07 15:58:11,730:TEST-MODE:DEBUG: mega>rpi: b'TP2:1040.50\r\n'
2021-10-07 15:58:11,743:TEST-MODE:DEBUG: mega>rpi: b'AT:24.42\r\n'
2021-10-07 15:58:11,797:TEST-MODE:DEBUG: mega>rpi: b'AP:6125.70\r\n'
2021-10-07 15:58:11,810:TEST-MODE:DEBUG: mega>rpi: b'BV:-467.90\r\n'
2021-10-07 15:58:11,812:TEST-MODE:INFO: BT1   BT2             TT1             TT2             AT    X               Y               Z               BP1             BP2             TP1     TP2     HP              AP      PD    PC   HL EL BF SF   PF   BV      rpm             State      
2021-10-07 15:58:11,812:TEST-MODE:INFO: 25.30 Buffering (2/5) Buffering (2/5) Buffering (2/5) 24.26 Buffering (1/5) Buffering (1/5) Buffering (1/5) Buffering (2/5) Buffering (2/5) 1035.26 1040.38 Buffering (2/5) 6127.74 35.00 0.00 0  0  1  None None -467.90 Buffering (0/1) State.STOP 
2021-10-07 15:58:11,813:TEST-MODE:WARNING: Stopped
2021-10-07 15:58:11,825:TEST-MODE:DEBUG: mega>rpi: b'BF:1.00\r\n'
2021-10-07 15:58:11,837:TEST-MODE:DEBUG: mega>rpi: b'X:0.00\r\n'
2021-10-07 15:58:11,849:TEST-MODE:DEBUG: mega>rpi: b'Y:0.00\r\n'
2021-10-07 15:58:11,861:TEST-MODE:DEBUG: mega>rpi: b'Z:0.00\r\n'
2021-10-07 15:58:11,873:TEST-MODE:DEBUG: mega>rpi: b'PD:38.00\r\n'
2021-10-07 15:58:11,885:TEST-MODE:DEBUG: mega>rpi: b'PC:7.00\r\n'
2021-10-07 15:58:11,897:TEST-MODE:DEBUG: mega>rpi: b'LC:2.00\r\n'
2021-10-07 15:58:11,909:TEST-MODE:DEBUG: mega>rpi: b'HL:0.00\r\n'
2021-10-07 15:58:11,921:TEST-MODE:DEBUG: mega>rpi: b'EL:0.00\r\n'
2021-10-07 15:58:11,934:TEST-MODE:DEBUG: mega>rpi: b'BT1:25.28\r\n'
2021-10-07 15:58:11,946:TEST-MODE:DEBUG: mega>rpi: b'BT2:24.80\r\n'
2021-10-07 15:58:11,989:TEST-MODE:DEBUG: mega>rpi: b'BP1:1024.00\r\n'
2021-10-07 15:58:12,053:TEST-MODE:DEBUG: mega>rpi: b'BP2:1035.00\r\n'
2021-10-07 15:58:12,107:TEST-MODE:DEBUG: mega>rpi: b'HP:1605.40\r\n'
2021-10-07 15:58:12,119:TEST-MODE:DEBUG: mega>rpi: b'TT1:25.89\r\n'
2021-10-07 15:58:12,132:TEST-MODE:DEBUG: mega>rpi: b'TT2:25.95\r\n'
2021-10-07 15:58:12,196:TEST-MODE:DEBUG: mega>rpi: b'TP1:1034.90\r\n'
2021-10-07 15:58:12,250:TEST-MODE:DEBUG: mega>rpi: b'TP2:1040.80\r\n'
2021-10-07 15:58:12,263:TEST-MODE:DEBUG: mega>rpi: b'AT:24.42\r\n'
2021-10-07 15:58:12,327:TEST-MODE:DEBUG: mega>rpi: b'AP:6125.70\r\n'
2021-10-07 15:58:12,339:TEST-MODE:DEBUG: mega>rpi: b'BV:-467.90\r\n'
2021-10-07 15:58:12,342:TEST-MODE:INFO: BT1   BT2             TT1             TT2             AT    X               Y               Z               BP1             BP2             TP1     TP2     HP              AP      PD    PC   HL EL BF SF   PF   BV      rpm             State      
2021-10-07 15:58:12,343:TEST-MODE:INFO: 25.30 Buffering (3/5) Buffering (3/5) Buffering (3/5) 24.26 Buffering (2/5) Buffering (2/5) Buffering (2/5) Buffering (3/5) Buffering (3/5) 1035.16 1040.48 Buffering (3/5) 6127.72 38.00 7.00 0  0  1  None None -467.90 Buffering (0/1) State.STOP 
2021-10-07 15:58:12,344:TEST-MODE:WARNING: Stopped
2021-10-07 15:58:12,357:TEST-MODE:DEBUG: mega>rpi: b'BF:1.00\r\n'
2021-10-07 15:58:12,369:TEST-MODE:DEBUG: mega>rpi: b'X:0.01\r\n'
2021-10-07 15:58:12,381:TEST-MODE:DEBUG: mega>rpi: b'Y:-0.00\r\n'
2021-10-07 15:58:12,394:TEST-MODE:DEBUG: mega>rpi: b'Z:0.00\r\n'
2021-10-07 15:58:12,406:TEST-MODE:DEBUG: mega>rpi: b'PD:38.00\r\n'
2021-10-07 15:58:12,418:TEST-MODE:DEBUG: mega>rpi: b'PC:0.00\r\n'
2021-10-07 15:58:12,431:TEST-MODE:DEBUG: mega>rpi: b'LC:3.00\r\n'
2021-10-07 15:58:12,494:TEST-MODE:DEBUG: mega>rpi: b'HL:0.00\r\n'
2021-10-07 15:58:12,506:TEST-MODE:DEBUG: mega>rpi: b'EL:0.00\r\n'
2021-10-07 15:58:12,518:TEST-MODE:DEBUG: mega>rpi: b'BT1:25.28\r\n'
2021-10-07 15:58:12,530:TEST-MODE:DEBUG: mega>rpi: b'BT2:24.80\r\n'
2021-10-07 15:58:12,573:TEST-MODE:DEBUG: mega>rpi: b'BP1:1024.50\r\n'
2021-10-07 15:58:12,638:TEST-MODE:DEBUG: mega>rpi: b'BP2:1034.70\r\n'
2021-10-07 15:58:12,692:TEST-MODE:DEBUG: mega>rpi: b'HP:1605.30\r\n'
2021-10-07 15:58:12,715:TEST-MODE:DEBUG: mega>rpi: b'TT1:25.89\r\n'
2021-10-07 15:58:12,727:TEST-MODE:DEBUG: mega>rpi: b'TT2:25.94\r\n'
2021-10-07 15:58:12,781:TEST-MODE:DEBUG: mega>rpi: b'TP1:1035.20\r\n'
2021-10-07 15:58:12,834:TEST-MODE:DEBUG: mega>rpi: b'TP2:1040.90\r\n'
2021-10-07 15:58:12,847:TEST-MODE:DEBUG: mega>rpi: b'AT:24.42\r\n'
2021-10-07 15:58:12,911:TEST-MODE:DEBUG: mega>rpi: b'AP:6125.60\r\n'
2021-10-07 15:58:12,924:TEST-MODE:DEBUG: mega>rpi: b'BV:-467.89\r\n'
2021-10-07 15:58:12,926:TEST-MODE:INFO: BT1   BT2             TT1             TT2             AT    X               Y               Z               BP1             BP2             TP1     TP2     HP              AP      PD    PC   HL EL BF SF   PF   BV      rpm             State      
2021-10-07 15:58:12,927:TEST-MODE:INFO: 25.29 Buffering (4/5) Buffering (4/5) Buffering (4/5) 24.26 Buffering (3/5) Buffering (3/5) Buffering (3/5) Buffering (4/5) Buffering (4/5) 1035.12 1040.60 Buffering (4/5) 6127.68 38.00 0.00 0  0  1  None None -467.89 Buffering (0/1) State.STOP 
2021-10-07 15:58:12,928:TEST-MODE:WARNING: Stopped
2021-10-07 15:58:12,941:TEST-MODE:DEBUG: mega>rpi: b'BF:1.00\r\n'
2021-10-07 15:58:12,953:TEST-MODE:DEBUG: mega>rpi: b'X:0.00\r\n'
2021-10-07 15:58:12,965:TEST-MODE:DEBUG: mega>rpi: b'Y:0.03\r\n'
2021-10-07 15:58:12,977:TEST-MODE:DEBUG: mega>rpi: b'Z:0.00\r\n'
2021-10-07 15:58:12,990:TEST-MODE:DEBUG: mega>rpi: b'PD:38.00\r\n'
2021-10-07 15:58:13,002:TEST-MODE:DEBUG: mega>rpi: b'PC:7.00\r\n'
2021-10-07 15:58:13,014:TEST-MODE:DEBUG: mega>rpi: b'LC:4.00\r\n'
2021-10-07 15:58:13,026:TEST-MODE:DEBUG: mega>rpi: b'HL:0.00\r\n'
2021-10-07 15:58:13,039:TEST-MODE:DEBUG: mega>rpi: b'EL:0.00\r\n'
2021-10-07 15:58:13,051:TEST-MODE:DEBUG: mega>rpi: b'BT1:25.28\r\n'
2021-10-07 15:58:13,063:TEST-MODE:DEBUG: mega>rpi: b'BT2:24.80\r\n'
2021-10-07 15:58:13,096:TEST-MODE:DEBUG: mega>rpi: b'BP1:1024.60\r\n'
2021-10-07 15:58:13,160:TEST-MODE:DEBUG: mega>rpi: b'BP2:1035.00\r\n'
2021-10-07 15:58:13,214:TEST-MODE:DEBUG: mega>rpi: b'HP:1604.70\r\n'
2021-10-07 15:58:13,227:TEST-MODE:DEBUG: mega>rpi: b'TT1:25.89\r\n'
2021-10-07 15:58:13,240:TEST-MODE:DEBUG: mega>rpi: b'TT2:25.94\r\n'
2021-10-07 15:58:13,294:TEST-MODE:DEBUG: mega>rpi: b'TP1:1034.70\r\n'
2021-10-07 15:58:13,358:TEST-MODE:DEBUG: mega>rpi: b'TP2:1040.80\r\n'
2021-10-07 15:58:13,370:TEST-MODE:DEBUG: mega>rpi: b'AT:24.42\r\n'
2021-10-07 15:58:13,434:TEST-MODE:DEBUG: mega>rpi: b'AP:6126.50\r\n'
2021-10-07 15:58:13,447:TEST-MODE:DEBUG: mega>rpi: b'BV:-467.93\r\n'
2021-10-07 15:58:13,449:TEST-MODE:INFO: BT1   BT2   TT1   TT2   AT    X               Y               Z               BP1     BP2     TP1     TP2     HP      AP      PD    PC   HL EL BF SF   PF   BV      rpm             State      
2021-10-07 15:58:13,450:TEST-MODE:INFO: 25.28 24.80 25.69 25.73 24.26 Buffering (4/5) Buffering (4/5) Buffering (4/5) 1024.42 1034.90 1034.98 1040.70 1605.14 6127.82 38.00 7.00 0  0  1  None None -467.93 Buffering (0/1) State.STOP 
2021-10-07 15:58:13,451:TEST-MODE:WARNING: Stopped
2021-10-07 15:58:13,452:TEST-MODE:DEBUG: CLI:['loop_flag', '0']
2021-10-07 15:58:13,464:TEST-MODE:DEBUG: mega>rpi: b'BF:1.00\r\n'
2021-10-07 15:58:13,477:TEST-MODE:DEBUG: mega>rpi: b'PD:35.00\r\n'
2021-10-07 15:58:13,489:TEST-MODE:DEBUG: mega>rpi: b'PC:0.00\r\n'
2021-10-07 15:58:13,502:TEST-MODE:DEBUG: mega>rpi: b'LC:5.00\r\n'
2021-10-07 15:58:13,555:TEST-MODE:DEBUG: mega>rpi: b'HL:0.00\r\n'
2021-10-07 15:58:13,567:TEST-MODE:DEBUG: mega>rpi: b'EL:0.00\r\n'
2021-10-07 15:58:13,579:TEST-MODE:DEBUG: mega>rpi: b'BT1:25.28\r\n'
2021-10-07 15:58:13,591:TEST-MODE:DEBUG: mega>rpi: b'BT2:24.80\r\n'
2021-10-07 15:58:13,635:TEST-MODE:DEBUG: mega>rpi: b'BP1:1024.20\r\n'
2021-10-07 15:58:13,699:TEST-MODE:DEBUG: mega>rpi: b'BP2:1035.00\r\n'
2021-10-07 15:58:13,753:TEST-MODE:DEBUG: mega>rpi: b'HP:1604.60\r\n'
2021-10-07 15:58:13,766:TEST-MODE:DEBUG: mega>rpi: b'TT1:25.89\r\n'
2021-10-07 15:58:13,778:TEST-MODE:DEBUG: mega>rpi: b'TT2:25.94\r\n'
2021-10-07 15:58:13,842:TEST-MODE:DEBUG: mega>rpi: b'TP1:1035.30\r\n'
2021-10-07 15:58:13,896:TEST-MODE:DEBUG: mega>rpi: b'TP2:1040.10\r\n'
2021-10-07 15:58:13,909:TEST-MODE:DEBUG: mega>rpi: b'AT:24.42\r\n'
2021-10-07 15:58:13,973:TEST-MODE:DEBUG: mega>rpi: b'AP:6125.90\r\n'
2021-10-07 15:58:13,986:TEST-MODE:DEBUG: mega>rpi: b'BV:-467.90\r\n'
2021-10-07 15:58:13,986:TEST-MODE:DEBUG: loop_flag
2021-10-07 15:58:13,987:TEST-MODE:DEBUG: rpi>NANO: L:1
2021-10-07 15:58:13,989:TEST-MODE:INFO: BT1   BT2   TT1   TT2   AT    X               Y               Z               BP1     BP2     TP1     TP2     HP      AP      PD    PC   HL EL BF SF   PF   BV      rpm             State      
2021-10-07 15:58:13,990:TEST-MODE:INFO: 25.28 24.80 25.89 25.94 24.42 Buffering (4/5) Buffering (4/5) Buffering (4/5) 1024.38 1034.92 1035.04 1040.62 1605.06 6125.88 35.00 0.00 0  0  1  None None -467.90 Buffering (0/1) State.STOP 
2021-10-07 15:58:13,991:TEST-MODE:WARNING: Stopped
2021-10-07 15:58:14,004:TEST-MODE:DEBUG: mega>rpi: b'BF:1.00\r\n'
2021-10-07 15:58:14,016:TEST-MODE:DEBUG: mega>rpi: b'X:0.00\r\n'
2021-10-07 15:58:14,028:TEST-MODE:DEBUG: mega>rpi: b'Y:-0.00\r\n'
2021-10-07 15:58:14,040:TEST-MODE:DEBUG: mega>rpi: b'Z:0.00\r\n'
2021-10-07 15:58:14,053:TEST-MODE:DEBUG: mega>rpi: b'PD:37.00\r\n'
2021-10-07 15:58:14,065:TEST-MODE:DEBUG: mega>rpi: b'PC:14.00\r\n'
2021-10-07 15:58:14,077:TEST-MODE:DEBUG: mega>rpi: b'LC:6.00\r\n'
2021-10-07 15:58:14,120:TEST-MODE:DEBUG: mega>rpi: b'HL:0.00\r\n'
2021-10-07 15:58:14,132:TEST-MODE:DEBUG: mega>rpi: b'EL:0.00\r\n'
2021-10-07 15:58:14,144:TEST-MODE:DEBUG: mega>rpi: b'BT1:25.28\r\n'
2021-10-07 15:58:14,156:TEST-MODE:DEBUG: mega>rpi: b'BT2:24.80\r\n'
2021-10-07 15:58:14,202:TEST-MODE:DEBUG: mega>rpi: b'BP1:1024.40\r\n'
2021-10-07 15:58:14,266:TEST-MODE:DEBUG: mega>rpi: b'BP2:1035.10\r\n'
2021-10-07 15:58:14,320:TEST-MODE:DEBUG: mega>rpi: b'HP:1605.10\r\n'
2021-10-07 15:58:14,333:TEST-MODE:DEBUG: mega>rpi: b'TT1:25.89\r\n'
2021-10-07 15:58:14,346:TEST-MODE:DEBUG: mega>rpi: b'TT2:25.95\r\n'
2021-10-07 15:58:14,410:TEST-MODE:DEBUG: mega>rpi: b'TP1:1035.50\r\n'
2021-10-07 15:58:14,464:TEST-MODE:DEBUG: mega>rpi: b'TP2:1040.60\r\n'
2021-10-07 15:58:14,476:TEST-MODE:DEBUG: mega>rpi: b'AT:24.42\r\n'
2021-10-07 15:58:14,535:TEST-MODE:DEBUG: mega>rpi: b'AP:6125.70\r\n'
2021-10-07 15:58:14,547:TEST-MODE:DEBUG: mega>rpi: b'BV:-467.90\r\n'
2021-10-07 15:58:14,549:TEST-MODE:INFO: BT1   BT2   TT1   TT2   AT    X    Y    Z    BP1     BP2     TP1     TP2     HP      AP      PD    PC    HL EL BF SF   PF   BV      rpm             State      
2021-10-07 15:58:14,550:TEST-MODE:INFO: 25.28 24.80 25.89 25.94 24.42 0.00 0.01 0.00 1024.34 1034.96 1035.12 1040.64 1605.02 6125.88 37.00 14.00 0  0  1  None None -467.90 Buffering (0/1) State.STOP 
2021-10-07 15:58:14,551:TEST-MODE:WARNING: Stopped
2021-10-07 15:58:14,564:TEST-MODE:DEBUG: mega>rpi: b'BF:1.00\r\n'
2021-10-07 15:58:14,576:TEST-MODE:DEBUG: mega>rpi: b'PD:39.00\r\n'
2021-10-07 15:58:14,588:TEST-MODE:DEBUG: mega>rpi: b'PC:0.00\r\n'
2021-10-07 15:58:14,600:TEST-MODE:DEBUG: mega>rpi: b'LC:7.00\r\n'
2021-10-07 15:58:14,643:TEST-MODE:DEBUG: mega>rpi: b'HL:0.00\r\n'
2021-10-07 15:58:14,655:TEST-MODE:DEBUG: mega>rpi: b'EL:0.00\r\n'
2021-10-07 15:58:14,668:TEST-MODE:DEBUG: mega>rpi: b'BT1:25.28\r\n'
2021-10-07 15:58:14,680:TEST-MODE:DEBUG: mega>rpi: b'BT2:24.80\r\n'
2021-10-07 15:58:14,727:TEST-MODE:DEBUG: mega>rpi: b'BP1:1024.20\r\n'
2021-10-07 15:58:14,793:TEST-MODE:DEBUG: mega>rpi: b'BP2:1034.80\r\n'
2021-10-07 15:58:14,847:TEST-MODE:DEBUG: mega>rpi: b'HP:1605.20\r\n'
2021-10-07 15:58:14,859:TEST-MODE:DEBUG: mega>rpi: b'TT1:25.89\r\n'
2021-10-07 15:58:14,871:TEST-MODE:DEBUG: mega>rpi: b'TT2:25.93\r\n'
2021-10-07 15:58:14,936:TEST-MODE:DEBUG: mega>rpi: b'TP1:1035.40\r\n'
2021-10-07 15:58:14,990:TEST-MODE:DEBUG: mega>rpi: b'TP2:1040.30\r\n'
2021-10-07 15:58:15,002:TEST-MODE:DEBUG: mega>rpi: b'AT:24.42\r\n'
2021-10-07 15:58:15,067:TEST-MODE:DEBUG: mega>rpi: b'AP:6125.50\r\n'
2021-10-07 15:58:15,079:TEST-MODE:DEBUG: mega>rpi: b'BV:-467.89\r\n'
2021-10-07 15:58:15,080:TEST-MODE:INFO: BT1   BT2   TT1   TT2   AT    X    Y    Z    BP1     BP2     TP1     TP2     HP      AP      PD    PC   HL EL BF SF   PF   BV      rpm             State      
2021-10-07 15:58:15,081:TEST-MODE:INFO: 25.28 24.80 25.89 25.94 24.42 0.00 0.01 0.00 1024.38 1034.92 1035.22 1040.54 1604.98 6125.84 39.00 0.00 0  0  1  None None -467.89 Buffering (0/1) State.STOP 
2021-10-07 15:58:15,082:TEST-MODE:WARNING: Stopped
2021-10-07 15:58:15,094:TEST-MODE:DEBUG: mega>rpi: b'BF:1.00\r\n'
2021-10-07 15:58:15,106:TEST-MODE:DEBUG: mega>rpi: b'X:0.00\r\n'
2021-10-07 15:58:15,118:TEST-MODE:DEBUG: mega>rpi: b'Y:-0.00\r\n'
2021-10-07 15:58:15,130:TEST-MODE:DEBUG: mega>rpi: b'Z:0.00\r\n'
2021-10-07 15:58:15,141:TEST-MODE:DEBUG: mega>rpi: b'PD:38.00\r\n'
2021-10-07 15:58:15,153:TEST-MODE:DEBUG: mega>rpi: b'PC:0.00\r\n'
2021-10-07 15:58:15,165:TEST-MODE:DEBUG: mega>rpi: b'LC:8.00\r\n'
2021-10-07 15:58:15,228:TEST-MODE:DEBUG: mega>rpi: b'HL:0.00\r\n'
2021-10-07 15:58:15,240:TEST-MODE:DEBUG: mega>rpi: b'EL:0.00\r\n'
2021-10-07 15:58:15,252:TEST-MODE:DEBUG: mega>rpi: b'BT1:25.28\r\n'
2021-10-07 15:58:15,263:TEST-MODE:DEBUG: mega>rpi: b'BT2:24.80\r\n'
2021-10-07 15:58:15,307:TEST-MODE:DEBUG: mega>rpi: b'BP1:1024.50\r\n'
2021-10-07 15:58:15,371:TEST-MODE:DEBUG: mega>rpi: b'BP2:1034.70\r\n'
2021-10-07 15:58:15,426:TEST-MODE:DEBUG: mega>rpi: b'HP:1604.80\r\n'
2021-10-07 15:58:15,438:TEST-MODE:DEBUG: mega>rpi: b'TT1:25.89\r\n'
2021-10-07 15:58:15,461:TEST-MODE:DEBUG: mega>rpi: b'TT2:25.92\r\n'
2021-10-07 15:58:15,514:TEST-MODE:DEBUG: mega>rpi: b'TP1:1035.30\r\n'
2021-10-07 15:58:15,567:TEST-MODE:DEBUG: mega>rpi: b'TP2:1040.90\r\n'
2021-10-07 15:58:15,589:TEST-MODE:DEBUG: mega>rpi: b'AT:24.42\r\n'
2021-10-07 15:58:15,642:TEST-MODE:DEBUG: mega>rpi: b'AP:6126.00\r\n'
2021-10-07 15:58:15,654:TEST-MODE:DEBUG: mega>rpi: b'BV:-467.91\r\n'
2021-10-07 15:58:15,655:TEST-MODE:INFO: BT1   BT2   TT1   TT2   AT    X    Y    Z    BP1     BP2     TP1     TP2     HP      AP      PD    PC   HL EL BF SF   PF   BV      rpm             State      
2021-10-07 15:58:15,655:TEST-MODE:INFO: 25.28 24.80 25.89 25.94 24.42 0.00 0.01 0.00 1024.38 1034.92 1035.24 1040.54 1604.88 6125.92 38.00 0.00 0  0  1  None None -467.91 Buffering (0/1) State.STOP 
2021-10-07 15:58:15,656:TEST-MODE:WARNING: Stopped
2021-10-07 15:58:15,668:TEST-MODE:DEBUG: mega>rpi: b'BF:1.00\r\n'
2021-10-07 15:58:15,679:TEST-MODE:DEBUG: mega>rpi: b'PD:34.00\r\n'
2021-10-07 15:58:15,691:TEST-MODE:DEBUG: mega>rpi: b'PC:8.00\r\n'
2021-10-07 15:58:15,702:TEST-MODE:DEBUG: mega>rpi: b'LC:9.00\r\n'
2021-10-07 15:58:15,745:TEST-MODE:DEBUG: mega>rpi: b'HL:0.00\r\n'
2021-10-07 15:58:15,757:TEST-MODE:DEBUG: mega>rpi: b'EL:0.00\r\n'
2021-10-07 15:58:15,769:TEST-MODE:DEBUG: mega>rpi: b'BT1:25.28\r\n'
2021-10-07 15:58:15,780:TEST-MODE:DEBUG: mega>rpi: b'BT2:24.80\r\n'
2021-10-07 15:58:15,833:TEST-MODE:DEBUG: mega>rpi: b'BP1:1024.10\r\n'
2021-10-07 15:58:15,886:TEST-MODE:DEBUG: mega>rpi: b'BP2:1035.10\r\n'
2021-10-07 15:58:15,949:TEST-MODE:DEBUG: mega>rpi: b'HP:1604.90\r\n'
2021-10-07 15:58:15,961:TEST-MODE:DEBUG: mega>rpi: b'TT1:25.89\r\n'
2021-10-07 15:58:15,973:TEST-MODE:DEBUG: mega>rpi: b'TT2:25.93\r\n'
2021-10-07 15:58:16,036:TEST-MODE:DEBUG: mega>rpi: b'TP1:1035.10\r\n'
2021-10-07 15:58:16,089:TEST-MODE:DEBUG: mega>rpi: b'TP2:1040.30\r\n'
2021-10-07 15:58:16,111:TEST-MODE:DEBUG: mega>rpi: b'AT:24.42\r\n'
2021-10-07 15:58:16,164:TEST-MODE:DEBUG: mega>rpi: b'AP:6126.10\r\n'
2021-10-07 15:58:16,176:TEST-MODE:DEBUG: mega>rpi: b'BV:-467.91\r\n'
2021-10-07 15:58:16,177:TEST-MODE:INFO: BT1   BT2   TT1   TT2   AT    X    Y    Z    BP1     BP2     TP1     TP2     HP      AP      PD    PC   HL EL BF SF   PF   BV      rpm             State      
2021-10-07 15:58:16,178:TEST-MODE:INFO: 25.28 24.80 25.89 25.93 24.42 0.00 0.01 0.00 1024.28 1034.94 1035.32 1040.44 1604.92 6125.84 34.00 8.00 0  0  1  None None -467.91 Buffering (0/1) State.STOP 
2021-10-07 15:58:16,179:TEST-MODE:WARNING: Stopped
2021-10-07 15:58:16,191:TEST-MODE:DEBUG: mega>rpi: b'BF:1.00\r\n'
2021-10-07 15:58:16,203:TEST-MODE:DEBUG: mega>rpi: b'X:0.00\r\n'
2021-10-07 15:58:16,214:TEST-MODE:DEBUG: mega>rpi: b'Y:0.04\r\n'
2021-10-07 15:58:16,226:TEST-MODE:DEBUG: mega>rpi: b'Z:0.00\r\n'
2021-10-07 15:58:16,237:TEST-MODE:DEBUG: mega>rpi: b'PD:37.00\r\n'
2021-10-07 15:58:16,249:TEST-MODE:DEBUG: mega>rpi: b'PC:11.00\r\n'
2021-10-07 15:58:16,261:TEST-MODE:DEBUG: mega>rpi: b'LC:10.00\r\n'
2021-10-07 15:58:16,285:TEST-MODE:DEBUG: mega>rpi: b'HL:0.00\r\n'
2021-10-07 15:58:16,298:TEST-MODE:DEBUG: mega>rpi: b'EL:0.00\r\n'
2021-10-07 15:58:16,310:TEST-MODE:DEBUG: mega>rpi: b'BT1:25.28\r\n'
2021-10-07 15:58:16,323:TEST-MODE:DEBUG: mega>rpi: b'BT2:24.80\r\n'
2021-10-07 15:58:16,368:TEST-MODE:DEBUG: mega>rpi: b'BP1:1024.80\r\n'
2021-10-07 15:58:16,432:TEST-MODE:DEBUG: mega>rpi: b'BP2:1034.50\r\n'
2021-10-07 15:58:16,487:TEST-MODE:DEBUG: mega>rpi: b'HP:1605.30\r\n'
2021-10-07 15:58:16,500:TEST-MODE:DEBUG: mega>rpi: b'TT1:25.89\r\n'
2021-10-07 15:58:16,513:TEST-MODE:DEBUG: mega>rpi: b'TT2:25.94\r\n'
2021-10-07 15:58:16,578:TEST-MODE:DEBUG: mega>rpi: b'TP1:1035.00\r\n'
2021-10-07 15:58:16,632:TEST-MODE:DEBUG: mega>rpi: b'TP2:1040.40\r\n'
2021-10-07 15:58:16,644:TEST-MODE:DEBUG: mega>rpi: b'AT:24.42\r\n'
2021-10-07 15:58:16,702:TEST-MODE:DEBUG: mega>rpi: b'AP:6126.20\r\n'
2021-10-07 15:58:16,714:TEST-MODE:DEBUG: mega>rpi: b'BV:-467.92\r\n'
2021-10-07 15:58:16,716:TEST-MODE:INFO: BT1   BT2   TT1   TT2   AT    X    Y    Z    BP1     BP2     TP1     TP2     HP      AP      PD    PC    HL EL BF SF   PF   BV      rpm             State      
2021-10-07 15:58:16,718:TEST-MODE:INFO: 25.28 24.80 25.89 25.93 24.42 0.00 0.01 0.00 1024.40 1034.84 1035.26 1040.50 1605.06 6125.90 37.00 11.00 0  0  1  None None -467.92 Buffering (0/1) State.STOP 
2021-10-07 15:58:16,719:TEST-MODE:WARNING: Stopped
2021-10-07 15:58:16,732:TEST-MODE:DEBUG: mega>rpi: b'BF:1.00\r\n'
2021-10-07 15:58:16,766:TEST-MODE:DEBUG: mega>rpi: b'PD:37.00\r\n'
2021-10-07 15:58:16,779:TEST-MODE:DEBUG: mega>rpi: b'PC:8.00\r\n'
2021-10-07 15:58:16,791:TEST-MODE:DEBUG: mega>rpi: b'LC:11.00\r\n'
2021-10-07 15:58:16,854:TEST-MODE:DEBUG: mega>rpi: b'HL:0.00\r\n'
2021-10-07 15:58:16,866:TEST-MODE:DEBUG: mega>rpi: b'EL:0.00\r\n'
2021-10-07 15:58:16,878:TEST-MODE:DEBUG: mega>rpi: b'BT1:25.28\r\n'
2021-10-07 15:58:16,891:TEST-MODE:DEBUG: mega>rpi: b'BT2:24.80\r\n'
2021-10-07 15:58:16,935:TEST-MODE:DEBUG: mega>rpi: b'BP1:1024.30\r\n'
2021-10-07 15:58:16,992:TEST-MODE:DEBUG: mega>rpi: b'BP2:1034.90\r\n'
2021-10-07 15:58:17,056:TEST-MODE:DEBUG: mega>rpi: b'HP:1604.90\r\n'
2021-10-07 15:58:17,069:TEST-MODE:DEBUG: mega>rpi: b'TT1:25.89\r\n'
2021-10-07 15:58:17,081:TEST-MODE:DEBUG: mega>rpi: b'TT2:25.94\r\n'
2021-10-07 15:58:17,145:TEST-MODE:DEBUG: mega>rpi: b'TP1:1035.40\r\n'
2021-10-07 15:58:17,199:TEST-MODE:DEBUG: mega>rpi: b'TP2:1040.30\r\n'
2021-10-07 15:58:17,211:TEST-MODE:DEBUG: mega>rpi: b'AT:24.42\r\n'
2021-10-07 15:58:17,267:TEST-MODE:DEBUG: mega>rpi: b'AP:6126.30\r\n'
2021-10-07 15:58:17,279:TEST-MODE:DEBUG: mega>rpi: b'BV:-467.91\r\n'
2021-10-07 15:58:17,281:TEST-MODE:INFO: BT1   BT2   TT1   TT2   AT    X    Y    Z    BP1     BP2     TP1     TP2     HP      AP      PD    PC   HL EL BF SF   PF   BV      rpm             State      
2021-10-07 15:58:17,282:TEST-MODE:INFO: 25.28 24.80 25.89 25.93 24.42 0.00 0.01 0.00 1024.38 1034.80 1035.24 1040.44 1605.02 6126.02 37.00 8.00 0  0  1  None None -467.91 Buffering (0/1) State.STOP 
2021-10-07 15:58:17,283:TEST-MODE:WARNING: Stopped
2021-10-07 15:58:17,296:TEST-MODE:DEBUG: mega>rpi: b'BF:1.00\r\n'
2021-10-07 15:58:17,308:TEST-MODE:DEBUG: mega>rpi: b'X:-0.00\r\n'
2021-10-07 15:58:17,320:TEST-MODE:DEBUG: mega>rpi: b'Y:-0.01\r\n'
2021-10-07 15:58:17,332:TEST-MODE:DEBUG: mega>rpi: b'Z:0.00\r\n'
2021-10-07 15:58:17,345:TEST-MODE:DEBUG: mega>rpi: b'PD:39.00\r\n'
2021-10-07 15:58:17,358:TEST-MODE:DEBUG: mega>rpi: b'PC:13.00\r\n'
2021-10-07 15:58:17,370:TEST-MODE:DEBUG: mega>rpi: b'LC:12.00\r\n'
2021-10-07 15:58:17,382:TEST-MODE:DEBUG: mega>rpi: b'HL:0.00\r\n'
2021-10-07 15:58:17,395:TEST-MODE:DEBUG: mega>rpi: b'EL:0.00\r\n'
2021-10-07 15:58:17,407:TEST-MODE:DEBUG: mega>rpi: b'BT1:25.28\r\n'
2021-10-07 15:58:17,419:TEST-MODE:DEBUG: mega>rpi: b'BT2:24.80\r\n'
2021-10-07 15:58:17,463:TEST-MODE:DEBUG: mega>rpi: b'BP1:1023.90\r\n'
2021-10-07 15:58:17,516:TEST-MODE:DEBUG: mega>rpi: b'BP2:1034.80\r\n'
2021-10-07 15:58:17,581:TEST-MODE:DEBUG: mega>rpi: b'HP:1604.90\r\n'
2021-10-07 15:58:17,593:TEST-MODE:DEBUG: mega>rpi: b'TT1:25.89\r\n'
2021-10-07 15:58:17,606:TEST-MODE:DEBUG: mega>rpi: b'TT2:25.95\r\n'
2021-10-07 15:58:17,660:TEST-MODE:DEBUG: mega>rpi: b'TP1:1035.00\r\n'
2021-10-07 15:58:17,724:TEST-MODE:DEBUG: mega>rpi: b'TP2:1040.60\r\n'
2021-10-07 15:58:17,737:TEST-MODE:DEBUG: mega>rpi: b'AT:24.42\r\n'
2021-10-07 15:58:17,790:TEST-MODE:DEBUG: mega>rpi: b'AP:6126.40\r\n'
2021-10-07 15:58:17,803:TEST-MODE:DEBUG: mega>rpi: b'BV:-467.92\r\n'
2021-10-07 15:58:17,805:TEST-MODE:INFO: BT1   BT2   TT1   TT2   AT    X    Y    Z    BP1     BP2     TP1     TP2     HP      AP      PD    PC    HL EL BF SF   PF   BV      rpm             State      
2021-10-07 15:58:17,806:TEST-MODE:INFO: 25.28 24.80 25.89 25.94 24.42 0.00 0.01 0.00 1024.32 1034.80 1035.16 1040.50 1604.96 6126.20 39.00 13.00 0  0  1  None None -467.92 Buffering (0/1) State.STOP 
2021-10-07 15:58:17,807:TEST-MODE:WARNING: Stopped
2021-10-07 15:58:17,820:TEST-MODE:DEBUG: mega>rpi: b'BF:1.00\r\n'
2021-10-07 15:58:17,832:TEST-MODE:DEBUG: mega>rpi: b'X:-0.00\r\n'
2021-10-07 15:58:17,846:TEST-MODE:DEBUG: mega>rpi: b'Y:-0.00\r\n'
2021-10-07 15:58:17,858:TEST-MODE:DEBUG: mega>rpi: b'Z:0.00\r\n'
2021-10-07 15:58:17,882:TEST-MODE:DEBUG: mega>rpi: b'PD:35.00\r\n'
2021-10-07 15:58:17,894:TEST-MODE:DEBUG: mega>rpi: b'PC:0.00\r\n'
2021-10-07 15:58:17,907:TEST-MODE:DEBUG: mega>rpi: b'LC:13.00\r\n'
2021-10-07 15:58:17,961:TEST-MODE:DEBUG: mega>rpi: b'HL:0.00\r\n'
2021-10-07 15:58:17,974:TEST-MODE:DEBUG: mega>rpi: b'EL:0.00\r\n'
2021-10-07 15:58:17,986:TEST-MODE:DEBUG: mega>rpi: b'BT1:25.28\r\n'
2021-10-07 15:58:17,998:TEST-MODE:DEBUG: mega>rpi: b'BT2:24.80\r\n'
2021-10-07 15:58:18,042:TEST-MODE:DEBUG: mega>rpi: b'BP1:1024.10\r\n'
2021-10-07 15:58:18,107:TEST-MODE:DEBUG: mega>rpi: b'BP2:1034.90\r\n'
2021-10-07 15:58:18,161:TEST-MODE:DEBUG: mega>rpi: b'HP:1605.10\r\n'
2021-10-07 15:58:18,174:TEST-MODE:DEBUG: mega>rpi: b'TT1:25.89\r\n'
2021-10-07 15:58:18,187:TEST-MODE:DEBUG: mega>rpi: b'TT2:25.95\r\n'
2021-10-07 15:58:18,242:TEST-MODE:DEBUG: mega>rpi: b'TP1:1035.20\r\n'
2021-10-07 15:58:18,306:TEST-MODE:DEBUG: mega>rpi: b'TP2:1040.80\r\n'
2021-10-07 15:58:18,319:TEST-MODE:DEBUG: mega>rpi: b'AT:24.42\r\n'
2021-10-07 15:58:18,374:TEST-MODE:DEBUG: mega>rpi: b'AP:6125.70\r\n'
2021-10-07 15:58:18,387:TEST-MODE:DEBUG: mega>rpi: b'BV:-467.90\r\n'
2021-10-07 15:58:18,390:TEST-MODE:INFO: BT1   BT2   TT1   TT2   AT    X    Y    Z    BP1     BP2     TP1     TP2     HP      AP      PD    PC   HL EL BF SF   PF   BV      rpm             State      
2021-10-07 15:58:18,391:TEST-MODE:INFO: 25.28 24.80 25.89 25.94 24.42 0.00 0.01 0.00 1024.24 1034.84 1035.14 1040.48 1605.02 6126.14 35.00 0.00 0  0  1  None None -467.90 Buffering (0/1) State.STOP 
2021-10-07 15:58:18,392:TEST-MODE:WARNING: Stopped
2021-10-07 15:58:18,405:TEST-MODE:DEBUG: mega>rpi: b'BF:1.00\r\n'
2021-10-07 15:58:18,417:TEST-MODE:DEBUG: mega>rpi: b'PD:33.00\r\n'
2021-10-07 15:58:18,429:TEST-MODE:DEBUG: mega>rpi: b'PC:0.00\r\n'
2021-10-07 15:58:18,441:TEST-MODE:DEBUG: mega>rpi: b'LC:14.00\r\n'
2021-10-07 15:58:18,474:TEST-MODE:DEBUG: mega>rpi: b'HL:0.00\r\n'
2021-10-07 15:58:18,486:TEST-MODE:DEBUG: mega>rpi: b'EL:0.00\r\n'
2021-10-07 15:58:18,498:TEST-MODE:DEBUG: mega>rpi: b'BT1:25.28\r\n'
2021-10-07 15:58:18,511:TEST-MODE:DEBUG: mega>rpi: b'BT2:24.80\r\n'
2021-10-07 15:58:18,565:TEST-MODE:DEBUG: mega>rpi: b'BP1:1024.40\r\n'
2021-10-07 15:58:18,619:TEST-MODE:DEBUG: mega>rpi: b'BP2:1034.30\r\n'
2021-10-07 15:58:18,683:TEST-MODE:DEBUG: mega>rpi: b'HP:1605.30\r\n'
2021-10-07 15:58:18,696:TEST-MODE:DEBUG: mega>rpi: b'TT1:25.89\r\n'
2021-10-07 15:58:18,709:TEST-MODE:DEBUG: mega>rpi: b'TT2:25.95\r\n'
2021-10-07 15:58:18,764:TEST-MODE:DEBUG: mega>rpi: b'TP1:1035.10\r\n'
2021-10-07 15:58:18,828:TEST-MODE:DEBUG: mega>rpi: b'TP2:1040.90\r\n'
2021-10-07 15:58:18,842:TEST-MODE:DEBUG: mega>rpi: b'AT:24.42\r\n'
2021-10-07 15:58:18,898:TEST-MODE:DEBUG: mega>rpi: b'AP:6125.90\r\n'
2021-10-07 15:58:18,910:TEST-MODE:DEBUG: mega>rpi: b'BV:-467.90\r\n'
2021-10-07 15:58:18,912:TEST-MODE:INFO: BT1   BT2   TT1   TT2   AT    X    Y    Z    BP1     BP2     TP1     TP2     HP      AP      PD    PC   HL EL BF SF   PF   BV      rpm             State      
2021-10-07 15:58:18,914:TEST-MODE:INFO: 25.28 24.80 25.89 25.95 24.42 0.00 0.01 0.00 1024.30 1034.68 1035.14 1040.60 1605.10 6126.10 33.00 0.00 0  0  1  None None -467.90 Buffering (0/1) State.STOP 
2021-10-07 15:58:18,915:TEST-MODE:WARNING: Stopped
2021-10-07 15:58:18,929:TEST-MODE:DEBUG: mega>rpi: b'BF:1.00\r\n'
2021-10-07 15:58:18,942:TEST-MODE:DEBUG: mega>rpi: b'X:-0.01\r\n'
2021-10-07 15:58:18,954:TEST-MODE:DEBUG: mega>rpi: b'Y:-0.00\r\n'
2021-10-07 15:58:18,967:TEST-MODE:DEBUG: mega>rpi: b'Z:0.00\r\n'
2021-10-07 15:58:18,979:TEST-MODE:DEBUG: mega>rpi: b'PD:34.00\r\n'
2021-10-07 15:58:18,991:TEST-MODE:DEBUG: mega>rpi: b'PC:0.00\r\n'
2021-10-07 15:58:19,004:TEST-MODE:DEBUG: mega>rpi: b'LC:15.00\r\n'
2021-10-07 15:58:19,017:TEST-MODE:DEBUG: mega>rpi: b'HL:0.00\r\n'
2021-10-07 15:58:19,028:TEST-MODE:DEBUG: mega>rpi: b'EL:0.00\r\n'
2021-10-07 15:58:19,040:TEST-MODE:DEBUG: mega>rpi: b'BT1:25.28\r\n'
2021-10-07 15:58:19,052:TEST-MODE:DEBUG: mega>rpi: b'BT2:24.80\r\n'
2021-10-07 15:58:19,105:TEST-MODE:DEBUG: mega>rpi: b'BP1:1024.60\r\n'
2021-10-07 15:58:19,168:TEST-MODE:DEBUG: mega>rpi: b'BP2:1034.60\r\n'
2021-10-07 15:58:19,220:TEST-MODE:DEBUG: mega>rpi: b'HP:1605.30\r\n'
2021-10-07 15:58:19,232:TEST-MODE:DEBUG: mega>rpi: b'TT1:25.89\r\n'
2021-10-07 15:58:19,254:TEST-MODE:DEBUG: mega>rpi: b'TT2:25.95\r\n'
2021-10-07 15:58:19,307:TEST-MODE:DEBUG: mega>rpi: b'TP1:1035.40\r\n'
2021-10-07 15:58:19,360:TEST-MODE:DEBUG: mega>rpi: b'TP2:1040.50\r\n'
2021-10-07 15:58:19,383:TEST-MODE:DEBUG: mega>rpi: b'AT:24.42\r\n'
2021-10-07 15:58:19,436:TEST-MODE:DEBUG: mega>rpi: b'AP:6125.90\r\n'
2021-10-07 15:58:19,448:TEST-MODE:DEBUG: mega>rpi: b'BV:-467.90\r\n'
2021-10-07 15:58:19,449:TEST-MODE:INFO: BT1   BT2   TT1   TT2   AT    X     Y    Z    BP1     BP2     TP1     TP2     HP      AP      PD    PC   HL EL BF SF   PF   BV      rpm             State      
2021-10-07 15:58:19,451:TEST-MODE:INFO: 25.28 24.80 25.89 25.95 24.42 -0.00 0.01 0.00 1024.26 1034.70 1035.22 1040.62 1605.10 6126.04 34.00 0.00 0  0  1  None None -467.90 Buffering (0/1) State.STOP 
2021-10-07 15:58:19,452:TEST-MODE:WARNING: Stopped
2021-10-07 15:58:19,465:TEST-MODE:DEBUG: mega>rpi: b'BF:1.00\r\n'
2021-10-07 15:58:19,507:TEST-MODE:DEBUG: mega>rpi: b'PD:37.00\r\n'
2021-10-07 15:58:19,519:TEST-MODE:DEBUG: mega>rpi: b'PC:21.00\r\n'
2021-10-07 15:58:19,531:TEST-MODE:DEBUG: mega>rpi: b'LC:16.00\r\n'
2021-10-07 15:58:19,583:TEST-MODE:DEBUG: mega>rpi: b'HL:0.00\r\n'
2021-10-07 15:58:19,595:TEST-MODE:DEBUG: mega>rpi: b'EL:0.00\r\n'
2021-10-07 15:58:19,607:TEST-MODE:DEBUG: mega>rpi: b'BT1:25.28\r\n'
2021-10-07 15:58:19,619:TEST-MODE:DEBUG: mega>rpi: b'BT2:24.80\r\n'
2021-10-07 15:58:19,672:TEST-MODE:DEBUG: mega>rpi: b'BP1:1024.20\r\n'
2021-10-07 15:58:19,725:TEST-MODE:DEBUG: mega>rpi: b'BP2:1034.60\r\n'
2021-10-07 15:58:19,791:TEST-MODE:DEBUG: mega>rpi: b'HP:1604.90\r\n'
2021-10-07 15:58:19,803:TEST-MODE:DEBUG: mega>rpi: b'TT1:25.89\r\n'
2021-10-07 15:58:19,815:TEST-MODE:DEBUG: mega>rpi: b'TT2:25.95\r\n'
2021-10-07 15:58:19,870:TEST-MODE:DEBUG: mega>rpi: b'TP1:1034.90\r\n'
2021-10-07 15:58:19,935:TEST-MODE:DEBUG: mega>rpi: b'TP2:1040.60\r\n'
2021-10-07 15:58:19,947:TEST-MODE:DEBUG: mega>rpi: b'AT:24.42\r\n'
2021-10-07 15:58:20,001:TEST-MODE:DEBUG: mega>rpi: b'AP:6126.00\r\n'
2021-10-07 15:58:20,014:TEST-MODE:DEBUG: mega>rpi: b'BV:-467.90\r\n'
2021-10-07 15:58:20,016:TEST-MODE:INFO: BT1   BT2   TT1   TT2   AT    X     Y    Z    BP1     BP2     TP1     TP2     HP      AP      PD    PC    HL EL BF SF   PF   BV      rpm             State      
2021-10-07 15:58:20,017:TEST-MODE:INFO: 25.28 24.80 25.89 25.95 24.42 -0.00 0.01 0.00 1024.24 1034.64 1035.12 1040.68 1605.10 6125.98 37.00 21.00 0  0  1  None None -467.90 Buffering (0/1) State.STOP 
2021-10-07 15:58:20,017:TEST-MODE:WARNING: Stopped
2021-10-07 15:58:20,031:TEST-MODE:DEBUG: mega>rpi: b'BF:1.00\r\n'
2021-10-07 15:58:20,043:TEST-MODE:DEBUG: mega>rpi: b'X:-0.00\r\n'
2021-10-07 15:58:20,056:TEST-MODE:DEBUG: mega>rpi: b'Y:-0.00\r\n'
2021-10-07 15:58:20,068:TEST-MODE:DEBUG: mega>rpi: b'Z:0.00\r\n'
2021-10-07 15:58:20,081:TEST-MODE:DEBUG: mega>rpi: b'PD:33.00\r\n'
2021-10-07 15:58:20,093:TEST-MODE:DEBUG: mega>rpi: b'PC:9.00\r\n'
2021-10-07 15:58:20,106:TEST-MODE:DEBUG: mega>rpi: b'LC:17.00\r\n'
2021-10-07 15:58:20,118:TEST-MODE:DEBUG: mega>rpi: b'HL:0.00\r\n'
2021-10-07 15:58:20,130:TEST-MODE:DEBUG: mega>rpi: b'EL:0.00\r\n'
2021-10-07 15:58:20,142:TEST-MODE:DEBUG: mega>rpi: b'BT1:25.28\r\n'
2021-10-07 15:58:20,154:TEST-MODE:DEBUG: mega>rpi: b'BT2:24.80\r\n'
2021-10-07 15:58:20,198:TEST-MODE:DEBUG: mega>rpi: b'BP1:1024.40\r\n'
2021-10-07 15:58:20,251:TEST-MODE:DEBUG: mega>rpi: b'BP2:1035.00\r\n'
2021-10-07 15:58:20,315:TEST-MODE:DEBUG: mega>rpi: b'HP:1605.30\r\n'
2021-10-07 15:58:20,327:TEST-MODE:DEBUG: mega>rpi: b'TT1:25.89\r\n'
2021-10-07 15:58:20,339:TEST-MODE:DEBUG: mega>rpi: b'TT2:25.95\r\n'
2021-10-07 15:58:20,398:TEST-MODE:DEBUG: mega>rpi: b'TP1:1035.30\r\n'
2021-10-07 15:58:20,463:TEST-MODE:DEBUG: mega>rpi: b'TP2:1040.70\r\n'
2021-10-07 15:58:20,475:TEST-MODE:DEBUG: mega>rpi: b'AT:24.42\r\n'
2021-10-07 15:58:20,529:TEST-MODE:DEBUG: mega>rpi: b'AP:6125.70\r\n'
2021-10-07 15:58:20,541:TEST-MODE:DEBUG: mega>rpi: b'BV:-467.89\r\n'
2021-10-07 15:58:20,543:TEST-MODE:INFO: BT1   BT2   TT1   TT2   AT    X     Y    Z    BP1     BP2     TP1     TP2     HP      AP      PD    PC   HL EL BF SF   PF   BV      rpm             State      
2021-10-07 15:58:20,543:TEST-MODE:INFO: 25.28 24.80 25.89 25.95 24.42 -0.00 0.01 0.00 1024.34 1034.68 1035.18 1040.70 1605.18 6125.84 33.00 9.00 0  0  1  None None -467.89 Buffering (0/1) State.STOP 
2021-10-07 15:58:20,544:TEST-MODE:WARNING: Stopped
2021-10-07 15:58:20,556:TEST-MODE:DEBUG: mega>rpi: b'BF:1.00\r\n'
2021-10-07 15:58:20,610:TEST-MODE:DEBUG: mega>rpi: b'PD:32.00\r\n'
2021-10-07 15:58:20,621:TEST-MODE:DEBUG: mega>rpi: b'PC:0.00\r\n'
2021-10-07 15:58:20,633:TEST-MODE:DEBUG: mega>rpi: b'LC:18.00\r\n'
2021-10-07 15:58:20,696:TEST-MODE:DEBUG: mega>rpi: b'HL:0.00\r\n'
2021-10-07 15:58:20,707:TEST-MODE:DEBUG: mega>rpi: b'EL:0.00\r\n'
2021-10-07 15:58:20,719:TEST-MODE:DEBUG: mega>rpi: b'BT1:25.28\r\n'
2021-10-07 15:58:20,730:TEST-MODE:DEBUG: mega>rpi: b'BT2:24.80\r\n'
2021-10-07 15:58:20,783:TEST-MODE:DEBUG: mega>rpi: b'BP1:1024.70\r\n'
2021-10-07 15:58:20,836:TEST-MODE:DEBUG: mega>rpi: b'BP2:1034.50\r\n'
2021-10-07 15:58:20,899:TEST-MODE:DEBUG: mega>rpi: b'HP:1605.40\r\n'
2021-10-07 15:58:20,911:TEST-MODE:DEBUG: mega>rpi: b'TT1:25.89\r\n'
2021-10-07 15:58:20,923:TEST-MODE:DEBUG: mega>rpi: b'TT2:25.95\r\n'
2021-10-07 15:58:20,986:TEST-MODE:DEBUG: mega>rpi: b'TP1:1034.80\r\n'
2021-10-07 15:58:21,049:TEST-MODE:DEBUG: mega>rpi: b'TP2:1040.50\r\n'
2021-10-07 15:58:21,049:TEST-MODE:DEBUG: CLI:['loop_flag', '0']
2021-10-07 15:58:21,061:TEST-MODE:DEBUG: mega>rpi: b'AT:24.42\r\n'
2021-10-07 15:58:21,113:TEST-MODE:DEBUG: mega>rpi: b'AP:6126.00\r\n'
2021-10-07 15:58:21,125:TEST-MODE:DEBUG: mega>rpi: b'BV:-467.90\r\n'
2021-10-07 15:58:21,126:TEST-MODE:DEBUG: loop_flag
2021-10-07 15:58:21,126:TEST-MODE:DEBUG: rpi>NANO: L:1
2021-10-07 15:58:21,128:TEST-MODE:INFO: BT1   BT2   TT1   TT2   AT    X     Y    Z    BP1     BP2     TP1     TP2     HP      AP      PD    PC   HL EL BF SF   PF   BV      rpm             State      
2021-10-07 15:58:21,129:TEST-MODE:INFO: 25.28 24.80 25.89 25.95 24.42 -0.00 0.01 0.00 1024.46 1034.60 1035.10 1040.64 1605.24 6125.90 32.00 0.00 0  0  1  None None -467.90 Buffering (0/1) State.STOP 
2021-10-07 15:58:21,129:TEST-MODE:WARNING: Stopped
2021-10-07 15:58:21,141:TEST-MODE:DEBUG: mega>rpi: b'BF:1.00\r\n'
2021-10-07 15:58:21,152:TEST-MODE:DEBUG: mega>rpi: b'X:0.00\r\n'
2021-10-07 15:58:21,164:TEST-MODE:DEBUG: mega>rpi: b'Y:-0.01\r\n'
2021-10-07 15:58:21,175:TEST-MODE:DEBUG: mega>rpi: b'Z:0.00\r\n'
2021-10-07 15:58:21,187:TEST-MODE:DEBUG: mega>rpi: b'PD:38.00\r\n'
2021-10-07 15:58:21,199:TEST-MODE:DEBUG: mega>rpi: b'PC:0.00\r\n'
2021-10-07 15:58:21,210:TEST-MODE:DEBUG: mega>rpi: b'LC:19.00\r\n'
2021-10-07 15:58:21,222:TEST-MODE:DEBUG: mega>rpi: b'HL:0.00\r\n'
2021-10-07 15:58:21,234:TEST-MODE:DEBUG: mega>rpi: b'EL:0.00\r\n'
2021-10-07 15:58:21,247:TEST-MODE:DEBUG: mega>rpi: b'BT1:25.28\r\n'
2021-10-07 15:58:21,259:TEST-MODE:DEBUG: mega>rpi: b'BT2:24.80\r\n'
2021-10-07 15:58:21,303:TEST-MODE:DEBUG: mega>rpi: b'BP1:1024.10\r\n'
2021-10-07 15:58:21,358:TEST-MODE:DEBUG: mega>rpi: b'BP2:1034.40\r\n'
2021-10-07 15:58:21,422:TEST-MODE:DEBUG: mega>rpi: b'HP:1604.80\r\n'
2021-10-07 15:58:21,434:TEST-MODE:DEBUG: mega>rpi: b'TT1:25.89\r\n'
2021-10-07 15:58:21,447:TEST-MODE:DEBUG: mega>rpi: b'TT2:25.95\r\n'
2021-10-07 15:58:21,501:TEST-MODE:DEBUG: mega>rpi: b'TP1:1035.30\r\n'
2021-10-07 15:58:21,567:TEST-MODE:DEBUG: mega>rpi: b'TP2:1040.80\r\n'
2021-10-07 15:58:21,579:TEST-MODE:DEBUG: mega>rpi: b'AT:24.42\r\n'
2021-10-07 15:58:21,633:TEST-MODE:DEBUG: mega>rpi: b'AP:6126.00\r\n'
2021-10-07 15:58:21,646:TEST-MODE:DEBUG: mega>rpi: b'BV:-467.91\r\n'
2021-10-07 15:58:21,648:TEST-MODE:INFO: BT1   BT2   TT1   TT2   AT    X     Y     Z    BP1     BP2     TP1     TP2     HP      AP      PD    PC   HL EL BF SF   PF   BV      rpm             State      
2021-10-07 15:58:21,649:TEST-MODE:INFO: 25.28 24.80 25.89 25.95 24.42 -0.00 -0.00 0.00 1024.40 1034.62 1035.14 1040.62 1605.14 6125.92 38.00 0.00 0  0  1  None None -467.91 Buffering (0/1) State.STOP 
2021-10-07 15:58:21,650:TEST-MODE:WARNING: Stopped
2021-10-07 15:58:21,663:TEST-MODE:DEBUG: mega>rpi: b'BF:1.00\r\n'
2021-10-07 15:58:21,675:TEST-MODE:DEBUG: mega>rpi: b'PD:40.00\r\n'
2021-10-07 15:58:21,687:TEST-MODE:DEBUG: mega>rpi: b'PC:6.00\r\n'
2021-10-07 15:58:21,700:TEST-MODE:DEBUG: mega>rpi: b'LC:20.00\r\n'
2021-10-07 15:58:21,764:TEST-MODE:DEBUG: mega>rpi: b'HL:0.00\r\n'
2021-10-07 15:58:21,776:TEST-MODE:DEBUG: mega>rpi: b'EL:0.00\r\n'
2021-10-07 15:58:21,788:TEST-MODE:DEBUG: mega>rpi: b'BT1:25.28\r\n'
2021-10-07 15:58:21,801:TEST-MODE:DEBUG: mega>rpi: b'BT2:24.80\r\n'
2021-10-07 15:58:21,845:TEST-MODE:DEBUG: mega>rpi: b'BP1:1024.10\r\n'
2021-10-07 15:58:21,900:TEST-MODE:DEBUG: mega>rpi: b'BP2:1034.80\r\n'
2021-10-07 15:58:21,964:TEST-MODE:DEBUG: mega>rpi: b'HP:1605.20\r\n'
2021-10-07 15:58:21,976:TEST-MODE:DEBUG: mega>rpi: b'TT1:25.89\r\n'
2021-10-07 15:58:21,988:TEST-MODE:DEBUG: mega>rpi: b'TT2:25.95\r\n'
2021-10-07 15:58:22,051:TEST-MODE:DEBUG: mega>rpi: b'TP1:1035.10\r\n'
2021-10-07 15:58:22,103:TEST-MODE:DEBUG: mega>rpi: b'TP2:1040.50\r\n'
2021-10-07 15:58:22,115:TEST-MODE:DEBUG: mega>rpi: b'AT:24.42\r\n'
2021-10-07 15:58:22,178:TEST-MODE:DEBUG: mega>rpi: b'AP:6125.70\r\n'
2021-10-07 15:58:22,190:TEST-MODE:DEBUG: mega>rpi: b'BV:-467.89\r\n'
2021-10-07 15:58:22,191:TEST-MODE:INFO: BT1   BT2   TT1   TT2   AT    X     Y     Z    BP1     BP2     TP1     TP2     HP      AP      PD    PC   HL EL BF SF   PF   BV      rpm             State      
2021-10-07 15:58:22,192:TEST-MODE:INFO: 25.28 24.80 25.89 25.95 24.42 -0.00 -0.00 0.00 1024.30 1034.66 1035.08 1040.62 1605.12 6125.88 40.00 6.00 0  0  1  None None -467.89 Buffering (0/1) State.STOP 
2021-10-07 15:58:22,192:TEST-MODE:WARNING: Stopped
2021-10-07 15:58:22,204:TEST-MODE:DEBUG: mega>rpi: b'BF:1.00\r\n'
2021-10-07 15:58:22,216:TEST-MODE:DEBUG: mega>rpi: b'X:-0.00\r\n'
2021-10-07 15:58:22,227:TEST-MODE:DEBUG: mega>rpi: b'Y:0.03\r\n'
2021-10-07 15:58:22,239:TEST-MODE:DEBUG: mega>rpi: b'Z:0.00\r\n'
2021-10-07 15:58:22,250:TEST-MODE:DEBUG: mega>rpi: b'PD:40.00\r\n'
2021-10-07 15:58:22,262:TEST-MODE:DEBUG: mega>rpi: b'PC:15.00\r\n'
2021-10-07 15:58:22,273:TEST-MODE:DEBUG: mega>rpi: b'LC:21.00\r\n'
2021-10-07 15:58:22,326:TEST-MODE:DEBUG: mega>rpi: b'HL:0.00\r\n'
2021-10-07 15:58:22,337:TEST-MODE:DEBUG: mega>rpi: b'EL:0.00\r\n'
2021-10-07 15:58:22,350:TEST-MODE:DEBUG: mega>rpi: b'BT1:25.28\r\n'
2021-10-07 15:58:22,363:TEST-MODE:DEBUG: mega>rpi: b'BT2:24.80\r\n'
2021-10-07 15:58:22,416:TEST-MODE:DEBUG: mega>rpi: b'BP1:1024.40\r\n'
2021-10-07 15:58:22,469:TEST-MODE:DEBUG: mega>rpi: b'BP2:1034.70\r\n'
2021-10-07 15:58:22,523:TEST-MODE:DEBUG: mega>rpi: b'HP:1605.20\r\n'
2021-10-07 15:58:22,546:TEST-MODE:DEBUG: mega>rpi: b'TT1:25.89\r\n'
2021-10-07 15:58:22,558:TEST-MODE:DEBUG: mega>rpi: b'TT2:25.95\r\n'
2021-10-07 15:58:22,612:TEST-MODE:DEBUG: mega>rpi: b'TP1:1035.00\r\n'
2021-10-07 15:58:22,668:TEST-MODE:DEBUG: mega>rpi: b'TP2:1040.80\r\n'
2021-10-07 15:58:22,691:TEST-MODE:DEBUG: mega>rpi: b'AT:24.42\r\n'
2021-10-07 15:58:22,746:TEST-MODE:DEBUG: mega>rpi: b'AP:6125.80\r\n'
2021-10-07 15:58:22,759:TEST-MODE:DEBUG: mega>rpi: b'BV:-467.89\r\n'
2021-10-07 15:58:22,760:TEST-MODE:INFO: BT1   BT2   TT1   TT2   AT    X     Y    Z    BP1     BP2     TP1     TP2     HP      AP      PD    PC    HL EL BF SF   PF   BV      rpm             State      
2021-10-07 15:58:22,761:TEST-MODE:INFO: 25.28 24.80 25.89 25.95 24.42 -0.00 0.00 0.00 1024.34 1034.68 1035.10 1040.66 1605.18 6125.84 40.00 15.00 0  0  1  None None -467.89 Buffering (0/1) State.STOP 
2021-10-07 15:58:22,762:TEST-MODE:WARNING: Stopped
2021-10-07 15:58:22,774:TEST-MODE:DEBUG: mega>rpi: b'BF:1.00\r\n'
2021-10-07 15:58:22,786:TEST-MODE:DEBUG: mega>rpi: b'X:0.00\r\n'
2021-10-07 15:58:22,798:TEST-MODE:DEBUG: mega>rpi: b'Y:-0.01\r\n'
2021-10-07 15:58:22,810:TEST-MODE:DEBUG: mega>rpi: b'Z:0.00\r\n'
2021-10-07 15:58:22,822:TEST-MODE:DEBUG: mega>rpi: b'PD:39.00\r\n'
2021-10-07 15:58:22,834:TEST-MODE:DEBUG: mega>rpi: b'PC:14.00\r\n'
2021-10-07 15:58:22,846:TEST-MODE:DEBUG: mega>rpi: b'LC:22.00\r\n'
2021-10-07 15:58:22,858:TEST-MODE:DEBUG: mega>rpi: b'HL:0.00\r\n'
2021-10-07 15:58:22,869:TEST-MODE:DEBUG: mega>rpi: b'EL:0.00\r\n'
2021-10-07 15:58:22,881:TEST-MODE:DEBUG: mega>rpi: b'BT1:25.28\r\n'
2021-10-07 15:58:22,893:TEST-MODE:DEBUG: mega>rpi: b'BT2:24.80\r\n'
