2021-10-19 16:14:27,919:WARNING: Test mode
2021-10-19 16:14:27,922:INFO: Pressure controller was initialized successfully
2021-10-19 16:14:27,923:INFO: BP1 pressure sensor was initialized successfully
2021-10-19 16:14:27,924:INFO: BP2 pressure sensor was initialized successfully
2021-10-19 16:14:27,925:INFO: TP1 pressure sensor was initialized successfully
2021-10-19 16:14:27,926:INFO: TP2 pressure sensor was initialized successfully
2021-10-19 16:14:27,927:INFO: HP pressure sensor was initialized successfully
2021-10-19 16:14:27,928:INFO: AP pressure sensor was initialized successfully
2021-10-19 16:14:27,929:INFO: Temperature controller was initialized successfully
2021-10-19 16:14:27,930:INFO: BT1 temperature sensor was initialized successfully
2021-10-19 16:14:27,931:INFO: BT2 temperature sensor was initialized successfully
2021-10-19 16:14:27,932:INFO: TT1 temperature sensor was initialized successfully
2021-10-19 16:14:27,933:INFO: TT2 temperature sensor was initialized successfully
2021-10-19 16:14:27,934:INFO: AT temperature sensor was initialized successfully
2021-10-19 16:14:27,935:INFO: IMU controller was initialized successfully
2021-10-19 16:14:27,936:INFO: X IMU sensor was initialized successfully
2021-10-19 16:14:27,937:INFO: Y IMU sensor was initialized successfully
2021-10-19 16:14:27,937:INFO: Z IMU sensor was initialized successfully
2021-10-19 16:14:27,938:INFO: Bladder volume controller was initialized successfully
2021-10-19 16:14:27,940:INFO: Altimeter controller was initialized successfully
2021-10-19 16:14:27,941:INFO: rpm controller was initialized successfully
2021-10-19 16:14:27,942:INFO: Pump flag controller was initialized successfully
2021-10-19 16:14:27,943:INFO: Bladder flag controller was initialized successfully
2021-10-19 16:14:27,944:INFO: Hull leak flag controller was initialized successfully
2021-10-19 16:14:27,945:INFO: Engine leak flag controller was initialized successfully
2021-10-19 16:14:27,946:INFO: Full surface initiated flag controller was initialized successfully
2021-10-19 16:14:27,952:INFO: SerialComm was initialized successfully
2021-10-19 16:14:27,960:INFO: SerialComm was initialized successfully
2021-10-19 16:14:27,980:INFO: Profile file loaded successfully

2021-10-19 16:14:27,981:INFO: Profile class was initialized successfully

2021-10-19 16:14:27,982:INFO: setting state to MissionState.IDLE
2021-10-19 16:14:27,990:ERROR: unknown header: FS:1.1.00
2021-10-19 16:14:27,995:ERROR: unknown header: FS:1.00
2021-10-19 16:14:28,000:ERROR: unknown header: FS:1.00
2021-10-19 16:14:28,004:ERROR: unknown header: FS:1.00
2021-10-19 16:14:28,009:ERROR: unknown header: FS:1.00
2021-10-19 16:14:28,013:ERROR: unknown header: FS:1.00
2021-10-19 16:14:28,018:ERROR: unknown header: FS:1.00
2021-10-19 16:14:28,022:ERROR: unknown header: FS:1.00
2021-10-19 16:14:28,026:ERROR: unknown header: FS:1.00
2021-10-19 16:14:28,031:ERROR: unknown header: FS:1.00
2021-10-19 16:14:28,035:ERROR: unknown header: FS:1.00
2021-10-19 16:14:28,040:ERROR: unknown header: FS:1.00
2021-10-19 16:14:28,045:ERROR: unknown header: FS:1.00
2021-10-19 16:14:28,049:ERROR: unknown header: FS:1.00
2021-10-19 16:14:29,368:ERROR: unknown header: FS:1.0SU
2021-10-19 16:14:31,275:ERROR: unknown header: Date: 10/20/2021 Time
2021-10-19 16:14:32,975:ERROR: unknown header: SU:1.00
2021-10-19 16:14:32,977:ERROR: unknown header: LC:1.00
2021-10-19 16:14:33,397:INFO: State.STOP
2021-10-19 16:14:33,399:INFO: BT1             BT2             TT1             TT2             AT              X               Y               Z               BP1             BP2             TP1             TP2             HP              AP              PD PC HL EL BF   SF   PF   BV     rpm             State MissionState Setpoint Error Depth 
2021-10-19 16:14:33,401:INFO: Buffering (2/5) Buffering (2/5) Buffering (2/5) Buffering (2/5) Buffering (2/5) Buffering (1/5) Buffering (1/5) Buffering (1/5) Buffering (2/5) Buffering (2/5) Buffering (2/5) Buffering (2/5) Buffering (2/5) Buffering (2/5) 0  0  0  0  None None None 303.08 Buffering (0/1) STOP  IDLE         30.00    None  None  
2021-10-19 16:14:33,402:WARNING: Stopped
2021-10-19 16:14:33,485:ERROR: unknown header: LC:2.00
2021-10-19 16:14:33,901:INFO: State.STOP
2021-10-19 16:14:33,903:INFO: BT1             BT2             TT1             TT2             AT              X               Y               Z               BP1             BP2             TP1             TP2             HP              AP              PD    PC    HL EL BF SF   PF   BV     rpm             State MissionState Setpoint Error Depth 
2021-10-19 16:14:33,905:INFO: Buffering (3/5) Buffering (3/5) Buffering (3/5) Buffering (3/5) Buffering (3/5) Buffering (2/5) Buffering (2/5) Buffering (2/5) Buffering (3/5) Buffering (3/5) Buffering (3/5) Buffering (3/5) Buffering (3/5) Buffering (3/5) 36.06 17.00 0  0  0  None None 303.15 Buffering (0/1) STOP  IDLE         30.00    None  None  
2021-10-19 16:14:33,907:WARNING: Stopped
2021-10-19 16:14:33,985:ERROR: unknown header: LC:3.00
2021-10-19 16:14:34,405:INFO: State.STOP
2021-10-19 16:14:34,407:INFO: BT1             BT2             TT1             TT2             AT              X               Y               Z               BP1             BP2             TP1             TP2             HP              AP              PD    PC    HL EL BF SF   PF   BV     rpm             State MissionState Setpoint Error Depth 
2021-10-19 16:14:34,409:INFO: Buffering (4/5) Buffering (4/5) Buffering (4/5) Buffering (4/5) Buffering (4/5) Buffering (3/5) Buffering (3/5) Buffering (3/5) Buffering (4/5) Buffering (4/5) Buffering (4/5) Buffering (4/5) Buffering (4/5) Buffering (4/5) 37.82 15.00 0  0  0  None None 303.15 Buffering (0/1) STOP  IDLE         30.00    None  None  
2021-10-19 16:14:34,410:WARNING: Stopped
2021-10-19 16:14:34,436:ERROR: unknown header: LC:4.00
2021-10-19 16:14:34,855:INFO: State.STOP
2021-10-19 16:14:34,858:INFO: BT1   BT2   TT1   TT2   AT    X               Y               Z               BP1   BP2   TP1   TP2   HP      AP      PD    PC   HL EL BF SF   PF   BV     rpm             State MissionState Setpoint Error Depth 
2021-10-19 16:14:34,860:INFO: 28.25 28.36 27.95 28.46 25.20 Buffering (4/5) Buffering (4/5) Buffering (4/5) 10.18 10.48 10.07 10.27 1077.44 8149.74 30.75 0.00 0  0  0  None None 303.15 Buffering (0/1) STOP  IDLE         30.00    None  None  
2021-10-19 16:14:34,861:WARNING: Stopped
2021-10-19 16:14:34,894:ERROR: unknown header: LC:5.00
2021-10-19 16:14:35,314:INFO: State.STOP
2021-10-19 16:14:35,316:INFO: BT1   BT2   TT1   TT2   AT    X               Y               Z               BP1   BP2   TP1   TP2   HP      AP      PD    PC   HL EL BF SF   PF   BV     rpm             State MissionState Setpoint Error Depth 
2021-10-19 16:14:35,318:INFO: 28.34 28.38 28.36 29.00 25.37 Buffering (4/5) Buffering (4/5) Buffering (4/5) 10.18 10.48 10.07 10.27 1077.46 8147.52 38.27 0.00 0  0  0  None None 303.10 Buffering (0/1) STOP  IDLE         30.00    None  None  
2021-10-19 16:14:35,319:WARNING: Stopped
2021-10-19 16:14:35,337:ERROR: unknown header: LC:6.00
2021-10-19 16:14:35,748:INFO: State.STOP
2021-10-19 16:14:35,750:INFO: BT1   BT2   TT1   TT2   AT    X    Y    Z    BP1   BP2   TP1   TP2   HP      AP      PD    PC   HL EL BF SF   PF   BV     rpm             State MissionState Setpoint Error Depth 
2021-10-19 16:14:35,752:INFO: 28.34 28.38 28.36 29.00 25.37 0.00 0.00 0.00 10.18 10.47 10.07 10.27 1077.40 8147.28 32.90 0.00 0  0  0  None None 303.24 Buffering (0/1) STOP  IDLE         30.00    None  None  
2021-10-19 16:14:35,753:WARNING: Stopped
2021-10-19 16:14:35,811:ERROR: unknown header: LC:7.00
2021-10-19 16:14:36,232:INFO: State.STOP
2021-10-19 16:14:36,234:INFO: BT1   BT2   TT1   TT2   AT    X    Y    Z    BP1   BP2   TP1   TP2   HP      AP      PD    PC   HL EL BF SF   PF   BV     rpm             State MissionState Setpoint Error Depth 
2021-10-19 16:14:36,236:INFO: 28.34 28.39 28.36 29.00 25.37 0.00 0.00 0.00 10.18 10.47 10.07 10.27 1077.38 8147.08 28.13 0.00 0  0  0  None None 303.25 Buffering (0/1) STOP  IDLE         30.00    None  None  
2021-10-19 16:14:36,237:WARNING: Stopped
2021-10-19 16:14:36,258:ERROR: unknown header: LC:8.00
2021-10-19 16:14:36,668:INFO: State.STOP
2021-10-19 16:14:36,671:INFO: BT1   BT2   TT1   TT2   AT    X    Y    Z    BP1   BP2   TP1   TP2   HP      AP      PD    PC   HL EL BF SF   PF   BV     rpm             State MissionState Setpoint Error Depth 
2021-10-19 16:14:36,672:INFO: 28.34 28.39 28.35 29.01 25.37 0.00 0.00 0.00 10.18 10.47 10.07 10.27 1077.42 8146.96 31.52 0.00 0  0  0  None None 303.23 Buffering (0/1) STOP  IDLE         30.00    None  None  
2021-10-19 16:14:36,674:WARNING: Stopped
2021-10-19 16:14:36,702:ERROR: unknown header: LC:9.00
2021-10-19 16:14:37,120:INFO: State.STOP
2021-10-19 16:14:37,122:INFO: BT1   BT2   TT1   TT2   AT    X    Y    Z    BP1   BP2   TP1   TP2   HP      AP      PD    PC   HL EL BF SF   PF   BV     rpm             State MissionState Setpoint Error Depth 
2021-10-19 16:14:37,124:INFO: 28.34 28.39 28.35 29.01 25.37 0.00 0.00 0.00 10.18 10.47 10.07 10.26 1077.46 8146.88 36.00 0.00 0  0  0  None None 303.20 Buffering (0/1) STOP  IDLE         30.00    None  None  
2021-10-19 16:14:37,125:WARNING: Stopped
2021-10-19 16:14:37,163:ERROR: unknown header: LC:10.00
2021-10-19 16:14:37,579:INFO: State.STOP
2021-10-19 16:14:37,581:INFO: BT1   BT2   TT1   TT2   AT    X    Y    Z    BP1   BP2   TP1   TP2   HP      AP      PD    PC   HL EL BF SF   PF   BV     rpm             State MissionState Setpoint Error Depth 
2021-10-19 16:14:37,583:INFO: 28.35 28.40 28.35 29.01 25.37 0.00 0.00 0.00 10.18 10.48 10.07 10.26 1077.44 8146.54 38.31 0.00 0  0  0  None None 303.35 Buffering (0/1) STOP  IDLE         30.00    None  None  
2021-10-19 16:14:37,584:WARNING: Stopped
2021-10-19 16:14:37,638:ERROR: unknown header: LC:11.00
2021-10-19 16:14:38,055:INFO: State.STOP
2021-10-19 16:14:38,057:INFO: BT1   BT2   TT1   TT2   AT    X    Y    Z    BP1   BP2   TP1   TP2   HP      AP      PD    PC   HL EL BF SF   PF   BV     rpm             State MissionState Setpoint Error Depth 
2021-10-19 16:14:38,059:INFO: 28.35 28.40 28.35 29.00 25.37 0.00 0.00 0.00 10.18 10.48 10.07 10.26 1077.52 8146.40 39.49 0.00 0  0  0  None None 303.36 Buffering (0/1) STOP  IDLE         30.00    None  None  
2021-10-19 16:14:38,060:WARNING: Stopped
2021-10-19 16:14:38,141:ERROR: unknown header: LC:12.00
2021-10-19 16:14:38,562:INFO: State.STOP
2021-10-19 16:14:38,564:INFO: BT1   BT2   TT1   TT2   AT    X    Y    Z    BP1   BP2   TP1   TP2   HP      AP      PD    PC   HL EL BF SF   PF   BV     rpm             State MissionState Setpoint Error Depth 
2021-10-19 16:14:38,566:INFO: 28.36 28.41 28.35 29.01 25.38 0.00 0.00 0.00 10.18 10.48 10.07 10.27 1077.54 8146.16 38.89 0.00 0  0  0  None None 303.44 Buffering (0/1) STOP  IDLE         30.00    None  None  
2021-10-19 16:14:38,567:WARNING: Stopped
2021-10-19 16:14:38,585:ERROR: unknown header: LC:13.00
2021-10-19 16:14:39,004:INFO: State.STOP
2021-10-19 16:14:39,006:INFO: BT1   BT2   TT1   TT2   AT    X    Y    Z    BP1   BP2   TP1   TP2   HP      AP      PD    PC   HL EL BF SF   PF   BV     rpm             State MissionState Setpoint Error Depth 
2021-10-19 16:14:39,009:INFO: 28.37 28.41 28.34 29.00 25.38 0.00 0.00 0.00 10.18 10.48 10.07 10.27 1077.50 8145.92 30.31 0.00 0  0  0  None None 303.39 Buffering (0/1) STOP  IDLE         30.00    None  None  
2021-10-19 16:14:39,010:WARNING: Stopped
2021-10-19 16:14:39,080:ERROR: unknown header: LC:14.00
2021-10-19 16:14:39,500:INFO: State.STOP
2021-10-19 16:14:39,502:INFO: BT1   BT2   TT1   TT2   AT    X    Y    Z    BP1   BP2   TP1   TP2   HP      AP      PD    PC   HL EL BF SF   PF   BV     rpm             State MissionState Setpoint Error Depth 
2021-10-19 16:14:39,505:INFO: 28.38 28.42 28.33 29.00 25.38 0.00 0.00 0.00 10.18 10.48 10.07 10.27 1077.48 8145.50 27.04 0.00 0  0  0  None None 303.54 Buffering (0/1) STOP  IDLE         30.00    None  None  
2021-10-19 16:14:39,506:WARNING: Stopped
2021-10-19 16:14:39,582:ERROR: unknown header: LC:15.00
2021-10-19 16:14:39,997:INFO: State.STOP
2021-10-19 16:14:40,001:INFO: BT1   BT2   TT1   TT2   AT    X    Y    Z    BP1   BP2   TP1   TP2   HP      AP      PD    PC    HL EL BF SF   PF   BV     rpm             State MissionState Setpoint Error Depth 
2021-10-19 16:14:40,004:INFO: 28.39 28.43 28.32 28.99 25.38 0.00 0.00 0.00 10.18 10.48 10.07 10.26 1077.62 8145.22 31.76 12.00 0  0  0  None None 303.57 Buffering (0/1) STOP  IDLE         30.00    None  None  
2021-10-19 16:14:40,006:WARNING: Stopped
2021-10-19 16:14:40,036:ERROR: unknown header: LC:16.00
2021-10-19 16:14:40,453:INFO: State.STOP
2021-10-19 16:14:40,456:INFO: BT1   BT2   TT1   TT2   AT    X    Y    Z    BP1   BP2   TP1   TP2   HP      AP      PD    PC   HL EL BF SF   PF   BV     rpm             State MissionState Setpoint Error Depth 
2021-10-19 16:14:40,459:INFO: 28.39 28.44 28.31 28.98 25.38 0.00 0.00 0.00 10.18 10.48 10.07 10.27 1077.66 8145.10 36.14 6.00 0  0  0  None None 303.48 Buffering (0/1) STOP  IDLE         30.00    None  None  
2021-10-19 16:14:40,460:WARNING: Stopped
2021-10-19 16:14:40,494:ERROR: unknown header: LC:17.00
2021-10-19 16:14:40,912:INFO: State.STOP
2021-10-19 16:14:40,914:INFO: BT1   BT2   TT1   TT2   AT    X    Y    Z    BP1   BP2   TP1   TP2   HP      AP      PD    PC   HL EL BF SF   PF   BV     rpm             State MissionState Setpoint Error Depth 
2021-10-19 16:14:40,917:INFO: 28.40 28.44 28.30 28.97 25.38 0.00 0.00 0.00 10.18 10.48 10.07 10.27 1077.72 8145.00 38.05 0.00 0  0  0  None None 303.51 Buffering (0/1) STOP  IDLE         30.00    None  None  
2021-10-19 16:14:40,918:WARNING: Stopped
2021-10-19 16:14:40,956:ERROR: unknown header: LC:18.00
2021-10-19 16:14:41,372:INFO: State.STOP
2021-10-19 16:14:41,375:INFO: BT1   BT2   TT1   TT2   AT    X    Y    Z    BP1   BP2   TP1   TP2   HP      AP      PD    PC   HL EL BF SF   PF   BV     rpm             State MissionState Setpoint Error Depth 
2021-10-19 16:14:41,378:INFO: 28.40 28.45 28.29 28.97 25.39 0.00 0.00 0.00 10.18 10.48 10.07 10.27 1077.68 8144.82 31.78 0.00 0  0  0  None None 303.54 Buffering (0/1) STOP  IDLE         30.00    None  None  
2021-10-19 16:14:41,379:WARNING: Stopped
2021-10-19 16:14:41,431:ERROR: unknown header: LC:19.00
2021-10-19 16:14:41,847:INFO: State.STOP
2021-10-19 16:14:41,850:INFO: BT1   BT2   TT1   TT2   AT    X    Y    Z     BP1   BP2   TP1   TP2   HP      AP      PD    PC   HL EL BF SF   PF   BV     rpm             State MissionState Setpoint Error Depth 
2021-10-19 16:14:41,852:INFO: 28.40 28.45 28.29 28.97 25.38 0.00 0.00 -0.00 10.18 10.48 10.07 10.27 1077.68 8144.70 37.90 0.00 0  0  0  None None 303.59 Buffering (0/1) STOP  IDLE         30.00    None  None  
2021-10-19 16:14:41,853:WARNING: Stopped
2021-10-19 16:14:41,932:ERROR: unknown header: LC:20.00
2021-10-19 16:14:42,351:INFO: State.STOP
2021-10-19 16:14:42,353:INFO: BT1   BT2   TT1   TT2   AT    X    Y    Z     BP1   BP2   TP1   TP2   HP      AP      PD    PC    HL EL BF SF   PF   BV     rpm             State MissionState Setpoint Error Depth 
2021-10-19 16:14:42,355:INFO: 28.40 28.45 28.29 28.96 25.39 0.00 0.00 -0.00 10.18 10.48 10.07 10.27 1077.58 8144.50 38.39 12.00 0  0  0  None None 303.73 Buffering (0/1) STOP  IDLE         30.00    None  None  
2021-10-19 16:14:42,356:WARNING: Stopped
2021-10-19 16:14:42,393:ERROR: unknown header: LC:21.00
2021-10-19 16:14:42,810:INFO: State.STOP
2021-10-19 16:14:42,812:INFO: BT1   BT2   TT1   TT2   AT    X    Y    Z     BP1   BP2   TP1   TP2   HP      AP      PD    PC    HL EL BF SF   PF   BV     rpm             State MissionState Setpoint Error Depth 
2021-10-19 16:14:42,814:INFO: 28.40 28.45 28.29 28.96 25.38 0.00 0.00 -0.00 10.18 10.48 10.07 10.27 1077.50 8144.26 38.59 22.00 0  0  0  None None 303.60 Buffering (0/1) STOP  IDLE         30.00    None  None  
2021-10-19 16:14:42,815:WARNING: Stopped
2021-10-19 16:14:42,848:ERROR: unknown header: LC:22.00
2021-10-19 16:14:43,263:INFO: State.STOP
2021-10-19 16:14:43,266:INFO: BT1   BT2   TT1   TT2   AT    X    Y    Z     BP1   BP2   TP1   TP2   HP      AP      PD    PC    HL EL BF SF   PF   BV     rpm             State MissionState Setpoint Error Depth 
2021-10-19 16:14:43,268:INFO: 28.40 28.46 28.29 28.95 25.38 0.00 0.00 -0.00 10.17 10.48 10.07 10.26 1077.48 8144.06 38.19 28.00 0  0  0  None None 303.64 Buffering (0/1) STOP  IDLE         30.00    None  None  
2021-10-19 16:14:43,269:WARNING: Stopped
2021-10-19 16:14:43,306:ERROR: unknown header: LC:23.00
2021-10-19 16:14:43,727:INFO: State.STOP
2021-10-19 16:14:43,730:INFO: BT1   BT2   TT1   TT2   AT    X    Y    Z     BP1   BP2   TP1   TP2   HP      AP      PD    PC    HL EL BF SF   PF   BV     rpm             State MissionState Setpoint Error Depth 
2021-10-19 16:14:43,732:INFO: 28.40 28.46 28.28 28.95 25.38 0.00 0.00 -0.00 10.17 10.48 10.07 10.27 1077.54 8143.84 34.01 16.00 0  0  0  None None 303.68 Buffering (0/1) STOP  IDLE         30.00    None  None  
2021-10-19 16:14:43,733:WARNING: Stopped
2021-10-19 16:14:43,782:ERROR: unknown header: LC:24.00
2021-10-19 16:14:44,197:INFO: State.STOP
2021-10-19 16:14:44,200:INFO: BT1   BT2   TT1   TT2   AT    X    Y    Z     BP1   BP2   TP1   TP2   HP      AP      PD    PC   HL EL BF SF   PF   BV     rpm             State MissionState Setpoint Error Depth 
2021-10-19 16:14:44,201:INFO: 28.40 28.46 28.27 28.94 25.38 0.00 0.00 -0.00 10.17 10.47 10.07 10.27 1077.44 8143.64 29.35 0.00 0  0  0  None None 303.72 Buffering (0/1) STOP  IDLE         30.00    None  None  
2021-10-19 16:14:44,203:WARNING: Stopped
2021-10-19 16:14:44,285:ERROR: unknown header: LC:25.00
2021-10-19 16:14:44,705:INFO: State.STOP
2021-10-19 16:14:44,707:INFO: BT1   BT2   TT1   TT2   AT    X    Y    Z     BP1   BP2   TP1   TP2   HP      AP      PD    PC   HL EL BF SF   PF   BV     rpm             State MissionState Setpoint Error Depth 
2021-10-19 16:14:44,709:INFO: 28.40 28.46 28.27 28.93 25.38 0.00 0.00 -0.00 10.18 10.47 10.07 10.27 1077.50 8143.52 33.05 0.00 0  0  0  None None 303.78 Buffering (0/1) STOP  IDLE         30.00    None  None  
2021-10-19 16:14:44,710:WARNING: Stopped
2021-10-19 16:14:44,741:ERROR: unknown header: LC:26.00
2021-10-19 16:14:45,159:INFO: State.STOP
2021-10-19 16:14:45,161:INFO: BT1   BT2   TT1   TT2   AT    X    Y    Z     BP1   BP2   TP1   TP2   HP      AP      PD    PC   HL EL BF SF   PF   BV     rpm             State MissionState Setpoint Error Depth 
2021-10-19 16:14:45,163:INFO: 28.40 28.46 28.25 28.92 25.38 0.00 0.00 -0.00 10.18 10.47 10.07 10.27 1077.56 8143.22 36.57 0.00 0  0  0  None None 303.83 Buffering (0/1) STOP  IDLE         30.00    None  None  
2021-10-19 16:14:45,164:WARNING: Stopped
2021-10-19 16:14:45,198:ERROR: unknown header: LC:27.00
2021-10-19 16:14:45,619:INFO: State.STOP
2021-10-19 16:14:45,621:INFO: BT1   BT2   TT1   TT2   AT    X    Y    Z     BP1   BP2   TP1   TP2   HP      AP      PD    PC   HL EL BF SF   PF   BV     rpm             State MissionState Setpoint Error Depth 
2021-10-19 16:14:45,623:INFO: 28.40 28.46 28.24 28.92 25.39 0.00 0.00 -0.00 10.18 10.47 10.07 10.27 1077.52 8143.02 38.06 0.00 0  0  0  None None 303.84 Buffering (0/1) STOP  IDLE         30.00    None  None  
2021-10-19 16:14:45,624:WARNING: Stopped
2021-10-19 16:14:45,661:ERROR: unknown header: LC:28.00
2021-10-19 16:14:46,079:INFO: State.STOP
2021-10-19 16:14:46,081:INFO: BT1   BT2   TT1   TT2   AT    X    Y    Z     BP1   BP2   TP1   TP2   HP      AP      PD    PC   HL EL BF SF   PF   BV     rpm             State MissionState Setpoint Error Depth 
2021-10-19 16:14:46,083:INFO: 28.40 28.46 28.23 28.91 25.39 0.00 0.00 -0.00 10.18 10.47 10.07 10.27 1077.46 8142.72 35.00 0.00 0  0  0  None None 303.91 Buffering (0/1) STOP  IDLE         30.00    None  None  
2021-10-19 16:14:46,084:WARNING: Stopped
2021-10-19 16:14:46,136:ERROR: unknown header: LC:29.00
2021-10-19 16:14:46,553:INFO: State.STOP
2021-10-19 16:14:46,555:INFO: BT1   BT2   TT1   TT2   AT    X    Y    Z     BP1   BP2   TP1   TP2   HP      AP      PD    PC   HL EL BF SF   PF   BV     rpm             State MissionState Setpoint Error Depth 
2021-10-19 16:14:46,557:INFO: 28.40 28.46 28.22 28.91 25.39 0.00 0.00 -0.00 10.18 10.47 10.07 10.27 1077.48 8142.62 30.40 0.00 0  0  0  None None 303.82 Buffering (0/1) STOP  IDLE         30.00    None  None  
2021-10-19 16:14:46,558:WARNING: Stopped
2021-10-19 16:14:46,641:ERROR: unknown header: LC:30.00
2021-10-19 16:14:46,850:INFO: 
2021-10-19 16:14:46,851:CRITICAL: System shutdown
2021-10-19 16:14:46,852:INFO: cleaning (resetting rpi gpio)
2021-10-19 16:14:46,853:INFO: sending sleep to nano
2021-10-19 16:14:46,856:INFO: waiting_for_nano_sleep
2021-10-19 16:14:46,857:INFO: nano is sleeping
