2021-10-19 14:45:13,948:TEST-MODE:WARNING: Simulation mode
2021-10-19 14:45:13,949:TEST-MODE:WARNING: Test mode
2021-10-19 14:45:13,950:TEST-MODE:INFO: Pressure controller was initialized successfully
2021-10-19 14:45:13,951:TEST-MODE:INFO: BP1 pressure sensor was initialized successfully
2021-10-19 14:45:13,952:TEST-MODE:INFO: BP2 pressure sensor was initialized successfully
2021-10-19 14:45:13,952:TEST-MODE:INFO: TP1 pressure sensor was initialized successfully
2021-10-19 14:45:13,953:TEST-MODE:INFO: TP2 pressure sensor was initialized successfully
2021-10-19 14:45:13,954:TEST-MODE:INFO: HP pressure sensor was initialized successfully
2021-10-19 14:45:13,954:TEST-MODE:INFO: AP pressure sensor was initialized successfully
2021-10-19 14:45:13,955:TEST-MODE:INFO: Temperature controller was initialized successfully
2021-10-19 14:45:13,955:TEST-MODE:INFO: BT1 temperature sensor was initialized successfully
2021-10-19 14:45:13,956:TEST-MODE:INFO: BT2 temperature sensor was initialized successfully
2021-10-19 14:45:13,956:TEST-MODE:INFO: TT1 temperature sensor was initialized successfully
2021-10-19 14:45:13,957:TEST-MODE:INFO: TT2 temperature sensor was initialized successfully
2021-10-19 14:45:13,957:TEST-MODE:INFO: AT temperature sensor was initialized successfully
2021-10-19 14:45:13,958:TEST-MODE:INFO: IMU controller was initialized successfully
2021-10-19 14:45:13,958:TEST-MODE:INFO: X IMU sensor was initialized successfully
2021-10-19 14:45:13,959:TEST-MODE:INFO: Y IMU sensor was initialized successfully
2021-10-19 14:45:13,959:TEST-MODE:INFO: Z IMU sensor was initialized successfully
2021-10-19 14:45:13,960:TEST-MODE:INFO: Bladder volume controller was initialized successfully
2021-10-19 14:45:13,960:TEST-MODE:INFO: Altimeter controller was initialized successfully
2021-10-19 14:45:13,961:TEST-MODE:INFO: rpm controller was initialized successfully
2021-10-19 14:45:13,961:TEST-MODE:INFO: Pump flag controller was initialized successfully
2021-10-19 14:45:13,961:TEST-MODE:INFO: Bladder flag controller was initialized successfully
2021-10-19 14:45:13,962:TEST-MODE:INFO: Hull leak flag controller was initialized successfully
2021-10-19 14:45:13,962:TEST-MODE:INFO: Engine leak flag controller was initialized successfully
2021-10-19 14:45:13,963:TEST-MODE:INFO: Full surface initiated flag controller was initialized successfully
2021-10-19 14:45:13,969:TEST-MODE:INFO: SerialComm was initialized successfully
2021-10-19 14:45:13,980:TEST-MODE:INFO: Profile file loaded successfully

2021-10-19 14:45:13,981:TEST-MODE:INFO: Profile class was initialized successfully

2021-10-19 14:45:13,981:TEST-MODE:INFO: setting state to MissionState.IDLE
2021-10-19 14:45:22,267:TEST-MODE:INFO: State.STOP
2021-10-19 14:45:22,268:TEST-MODE:INFO: BT1             BT2             TT1             TT2             AT              X               Y               Z               BP1             BP2             TP1             TP2             HP              AP              PD    PC   HL   EL   BF   SF   PF   BV     rpm             State MissionState Setpoint Error Depth 
2021-10-19 14:45:22,269:TEST-MODE:INFO: Buffering (1/5) Buffering (1/5) Buffering (1/5) Buffering (1/5) Buffering (1/5) Buffering (1/5) Buffering (1/5) Buffering (1/5) Buffering (1/5) Buffering (1/5) Buffering (1/5) Buffering (1/5) Buffering (1/5) Buffering (1/5) 80.06 0.00 None None None None None 325.31 Buffering (0/1) STOP  IDLE         30.00    None  None  
2021-10-19 14:45:22,270:TEST-MODE:WARNING: Stopped
2021-10-19 14:45:22,769:TEST-MODE:INFO: State.STOP
2021-10-19 14:45:22,770:TEST-MODE:INFO: BT1             BT2             TT1             TT2             AT              X               Y               Z               BP1             BP2             TP1             TP2             HP              AP              PD    PC   HL EL BF SF   PF   BV     rpm             State MissionState Setpoint Error Depth 
2021-10-19 14:45:22,771:TEST-MODE:INFO: Buffering (2/5) Buffering (2/5) Buffering (2/5) Buffering (2/5) Buffering (2/5) Buffering (2/5) Buffering (2/5) Buffering (2/5) Buffering (2/5) Buffering (2/5) Buffering (2/5) Buffering (2/5) Buffering (2/5) Buffering (2/5) 79.97 0.00 0  0  0  None None 324.82 Buffering (0/1) STOP  IDLE         30.00    None  None  
2021-10-19 14:45:22,772:TEST-MODE:WARNING: Stopped
2021-10-19 14:45:23,267:TEST-MODE:INFO: State.STOP
2021-10-19 14:45:23,268:TEST-MODE:INFO: BT1             BT2             TT1             TT2             AT              X               Y               Z               BP1             BP2             TP1             TP2             HP              AP              PD    PC   HL EL BF SF   PF   BV     rpm             State MissionState Setpoint Error Depth 
2021-10-19 14:45:23,269:TEST-MODE:INFO: Buffering (3/5) Buffering (3/5) Buffering (3/5) Buffering (3/5) Buffering (3/5) Buffering (3/5) Buffering (3/5) Buffering (3/5) Buffering (3/5) Buffering (3/5) Buffering (3/5) Buffering (3/5) Buffering (3/5) Buffering (3/5) 80.07 0.00 0  0  0  None None 325.15 Buffering (0/1) STOP  IDLE         30.00    None  None  
2021-10-19 14:45:23,269:TEST-MODE:WARNING: Stopped
2021-10-19 14:45:23,768:TEST-MODE:INFO: State.STOP
2021-10-19 14:45:23,769:TEST-MODE:INFO: BT1             BT2             TT1             TT2             AT              X               Y               Z               BP1             BP2             TP1             TP2             HP              AP              PD    PC   HL EL BF SF   PF   BV     rpm             State MissionState Setpoint Error Depth 
2021-10-19 14:45:23,770:TEST-MODE:INFO: Buffering (4/5) Buffering (4/5) Buffering (4/5) Buffering (4/5) Buffering (4/5) Buffering (4/5) Buffering (4/5) Buffering (4/5) Buffering (4/5) Buffering (4/5) Buffering (4/5) Buffering (4/5) Buffering (4/5) Buffering (4/5) 80.05 0.00 0  0  0  None None 325.00 Buffering (0/1) STOP  IDLE         30.00    None  None  
2021-10-19 14:45:23,771:TEST-MODE:WARNING: Stopped
2021-10-19 14:45:24,267:TEST-MODE:INFO: State.STOP
2021-10-19 14:45:24,268:TEST-MODE:INFO: BT1   BT2   TT1   TT2   AT   X    Y    Z    BP1   BP2   TP1   TP2   HP   AP   PD    PC   HL EL BF SF   PF   BV     rpm             State MissionState Setpoint Error Depth 
2021-10-19 14:45:24,269:TEST-MODE:INFO: 23.66 23.14 23.29 23.34 0.00 0.01 0.00 0.00 10.51 10.55 10.02 10.04 0.00 0.00 79.97 0.00 0  0  0  None None 325.27 Buffering (0/1) STOP  IDLE         30.00    None  None  
2021-10-19 14:45:24,270:TEST-MODE:WARNING: Stopped
2021-10-19 14:45:24,768:TEST-MODE:INFO: State.STOP
2021-10-19 14:45:24,769:TEST-MODE:INFO: BT1   BT2   TT1   TT2   AT   X    Y    Z    BP1   BP2   TP1   TP2   HP   AP   PD    PC   HL EL BF SF   PF   BV     rpm             State MissionState Setpoint Error Depth 
2021-10-19 14:45:24,770:TEST-MODE:INFO: 23.67 23.14 23.30 23.34 0.00 0.01 0.00 0.00 10.51 10.55 10.02 10.04 0.00 0.00 79.97 0.00 0  0  0  None None 324.73 Buffering (0/1) STOP  IDLE         30.00    None  None  
2021-10-19 14:45:24,771:TEST-MODE:WARNING: Stopped
2021-10-19 14:45:25,269:TEST-MODE:INFO: State.STOP
2021-10-19 14:45:25,270:TEST-MODE:INFO: BT1   BT2   TT1   TT2   AT   X    Y    Z    BP1   BP2   TP1   TP2   HP   AP   PD    PC   HL EL BF SF   PF   BV     rpm             State MissionState Setpoint Error Depth 
2021-10-19 14:45:25,271:TEST-MODE:INFO: 23.67 23.14 23.30 23.35 0.00 0.01 0.00 0.00 10.51 10.55 10.02 10.04 0.00 0.00 80.00 0.00 0  0  0  None None 324.91 Buffering (0/1) STOP  IDLE         30.00    None  None  
2021-10-19 14:45:25,272:TEST-MODE:WARNING: Stopped
2021-10-19 14:45:25,770:TEST-MODE:INFO: State.STOP
2021-10-19 14:45:25,771:TEST-MODE:INFO: BT1   BT2   TT1   TT2   AT   X    Y    Z    BP1   BP2   TP1   TP2   HP   AP   PD    PC   HL EL BF SF   PF   BV     rpm             State MissionState Setpoint Error Depth 
2021-10-19 14:45:25,772:TEST-MODE:INFO: 23.66 23.14 23.30 23.35 0.00 0.01 0.00 0.00 10.51 10.55 10.02 10.04 0.00 0.00 79.94 0.00 0  0  0  None None 324.79 Buffering (0/1) STOP  IDLE         30.00    None  None  
2021-10-19 14:45:25,773:TEST-MODE:WARNING: Stopped
2021-10-19 14:45:26,271:TEST-MODE:INFO: State.STOP
2021-10-19 14:45:26,272:TEST-MODE:INFO: BT1   BT2   TT1   TT2   AT   X    Y    Z    BP1   BP2   TP1   TP2   HP   AP   PD    PC   HL EL BF SF   PF   BV     rpm             State MissionState Setpoint Error Depth 
2021-10-19 14:45:26,273:TEST-MODE:INFO: 23.66 23.14 23.30 23.34 0.00 0.01 0.00 0.00 10.51 10.55 10.03 10.04 0.00 0.00 80.01 0.00 0  0  0  None None 324.85 Buffering (0/1) STOP  IDLE         30.00    None  None  
2021-10-19 14:45:26,274:TEST-MODE:WARNING: Stopped
2021-10-19 14:45:26,766:TEST-MODE:ERROR: SENSOR ERROR: [TP1] Overflow value: [ovf]
2021-10-19 14:45:26,771:TEST-MODE:INFO: State.STOP
2021-10-19 14:45:26,772:TEST-MODE:INFO: BT1   BT2   TT1   TT2   AT   X    Y    Z    BP1   BP2   TP1   TP2   HP   AP   PD    PC   HL EL BF SF   PF   BV     rpm             State MissionState Setpoint Error Depth 
2021-10-19 14:45:26,774:TEST-MODE:INFO: 23.66 23.14 23.29 23.34 0.00 0.01 0.00 0.00 10.52 10.55 10.03 10.04 0.00 0.00 79.94 0.00 0  0  0  None None 324.89 Buffering (0/1) STOP  IDLE         30.00    None  None  
2021-10-19 14:45:26,774:TEST-MODE:WARNING: Stopped
2021-10-19 14:45:27,272:TEST-MODE:INFO: State.STOP
2021-10-19 14:45:27,274:TEST-MODE:INFO: BT1   BT2   TT1   TT2   AT   X    Y    Z    BP1   BP2   TP1   TP2   HP   AP   PD    PC   HL EL BF SF   PF   BV     rpm             State MissionState Setpoint Error Depth 
2021-10-19 14:45:27,275:TEST-MODE:INFO: 23.66 23.15 23.29 23.34 0.00 0.01 0.00 0.00 10.52 10.55 10.03 10.04 0.00 0.00 79.99 0.00 0  0  0  None None 325.03 Buffering (0/1) STOP  IDLE         30.00    None  None  
2021-10-19 14:45:27,275:TEST-MODE:WARNING: Stopped
2021-10-19 14:45:27,770:TEST-MODE:INFO: State.STOP
2021-10-19 14:45:27,772:TEST-MODE:INFO: BT1   BT2   TT1   TT2   AT   X    Y    Z    BP1   BP2   TP1   TP2   HP   AP   PD    PC   HL EL BF SF   PF   BV     rpm             State MissionState Setpoint Error Depth 
2021-10-19 14:45:27,772:TEST-MODE:INFO: 23.66 23.14 23.28 23.34 0.00 0.01 0.00 0.00 10.52 10.55 10.03 10.04 0.00 0.00 79.97 0.00 0  0  0  None None 325.29 Buffering (0/1) STOP  IDLE         30.00    None  None  
2021-10-19 14:45:27,773:TEST-MODE:WARNING: Stopped
2021-10-19 14:45:28,268:TEST-MODE:INFO: State.STOP
2021-10-19 14:45:28,269:TEST-MODE:INFO: BT1   BT2   TT1   TT2   AT   X    Y    Z    BP1   BP2   TP1   TP2   HP   AP   PD    PC   HL EL BF SF   PF   BV     rpm             State MissionState Setpoint Error Depth 
2021-10-19 14:45:28,270:TEST-MODE:INFO: 23.66 23.15 23.28 23.33 0.00 0.01 0.00 0.00 10.52 10.55 10.02 10.04 0.00 0.00 79.95 0.00 0  0  0  None None 324.74 Buffering (0/1) STOP  IDLE         30.00    None  None  
2021-10-19 14:45:28,270:TEST-MODE:WARNING: Stopped
2021-10-19 14:45:28,770:TEST-MODE:INFO: State.STOP
2021-10-19 14:45:28,771:TEST-MODE:INFO: BT1   BT2   TT1   TT2   AT   X    Y    Z    BP1   BP2   TP1   TP2   HP   AP   PD    PC   HL EL BF SF   PF   BV     rpm             State MissionState Setpoint Error Depth 
2021-10-19 14:45:28,772:TEST-MODE:INFO: 23.66 23.15 23.29 23.34 0.00 0.01 0.00 0.00 10.51 10.55 10.02 10.04 0.00 0.00 79.95 0.00 0  0  0  None None 325.29 Buffering (0/1) STOP  IDLE         30.00    None  None  
2021-10-19 14:45:28,773:TEST-MODE:WARNING: Stopped
2021-10-19 14:45:29,271:TEST-MODE:INFO: State.STOP
2021-10-19 14:45:29,272:TEST-MODE:INFO: BT1   BT2   TT1   TT2   AT   X    Y    Z    BP1   BP2   TP1   TP2   HP   AP   PD    PC   HL EL BF SF   PF   BV     rpm             State MissionState Setpoint Error Depth 
2021-10-19 14:45:29,273:TEST-MODE:INFO: 23.65 23.14 23.29 23.34 0.00 0.01 0.00 0.00 10.51 10.55 10.02 10.04 0.00 0.00 80.00 0.00 0  0  0  None None 324.91 Buffering (0/1) STOP  IDLE         30.00    None  None  
2021-10-19 14:45:29,274:TEST-MODE:WARNING: Stopped
2021-10-19 14:45:29,769:TEST-MODE:INFO: State.STOP
2021-10-19 14:45:29,770:TEST-MODE:INFO: BT1   BT2   TT1   TT2   AT   X    Y    Z    BP1   BP2   TP1   TP2   HP   AP   PD    PC   HL EL BF SF   PF   BV     rpm             State MissionState Setpoint Error Depth 
2021-10-19 14:45:29,771:TEST-MODE:INFO: 23.65 23.14 23.29 23.33 0.00 0.01 0.00 0.00 10.51 10.55 10.02 10.04 0.00 0.00 80.01 0.00 0  0  0  None None 324.84 Buffering (0/1) STOP  IDLE         30.00    None  None  
2021-10-19 14:45:29,772:TEST-MODE:WARNING: Stopped
2021-10-19 14:45:30,273:TEST-MODE:INFO: State.STOP
2021-10-19 14:45:30,274:TEST-MODE:INFO: BT1   BT2   TT1   TT2   AT   X    Y    Z    BP1   BP2   TP1   TP2   HP   AP   PD    PC   HL EL BF SF   PF   BV     rpm             State MissionState Setpoint Error Depth 
2021-10-19 14:45:30,275:TEST-MODE:INFO: 23.65 23.14 23.29 23.34 0.00 0.01 0.00 0.00 10.51 10.55 10.03 10.04 0.00 0.00 80.04 0.00 0  0  0  None None 324.93 Buffering (0/1) STOP  IDLE         30.00    None  None  
2021-10-19 14:45:30,276:TEST-MODE:WARNING: Stopped
2021-10-19 14:45:30,764:TEST-MODE:ERROR: SENSOR ERROR: [BT2] Overflow value: [ovf]
2021-10-19 14:45:30,775:TEST-MODE:INFO: State.STOP
2021-10-19 14:45:30,776:TEST-MODE:INFO: BT1   BT2   TT1   TT2   AT   X    Y    Z    BP1   BP2   TP1   TP2   HP   AP   PD    PC   HL EL BF SF   PF   BV     rpm             State MissionState Setpoint Error Depth 
2021-10-19 14:45:30,777:TEST-MODE:INFO: 23.66 23.14 23.29 23.34 0.00 0.01 0.00 0.00 10.52 10.55 10.02 10.04 0.00 0.00 80.01 0.00 0  0  0  None None 324.72 Buffering (0/1) STOP  IDLE         30.00    None  None  
2021-10-19 14:45:30,778:TEST-MODE:WARNING: Stopped
2021-10-19 14:45:31,273:TEST-MODE:INFO: State.STOP
2021-10-19 14:45:31,274:TEST-MODE:INFO: BT1   BT2   TT1   TT2   AT   X    Y    Z    BP1   BP2   TP1   TP2   HP   AP   PD    PC   HL EL BF SF   PF   BV     rpm             State MissionState Setpoint Error Depth 
2021-10-19 14:45:31,275:TEST-MODE:INFO: 23.66 23.14 23.29 23.33 0.00 0.01 0.00 0.00 10.52 10.55 10.02 10.04 0.00 0.00 80.07 0.00 0  0  0  None None 325.29 Buffering (0/1) STOP  IDLE         30.00    None  None  
2021-10-19 14:45:31,276:TEST-MODE:WARNING: Stopped
2021-10-19 14:45:31,773:TEST-MODE:ERROR: SENSOR ERROR: [AP] Overflow value: [ovf]
2021-10-19 14:45:31,775:TEST-MODE:INFO: State.STOP
2021-10-19 14:45:31,776:TEST-MODE:INFO: BT1   BT2   TT1   TT2   AT   X    Y    Z    BP1   BP2   TP1   TP2   HP   AP   PD    PC   HL EL BF SF   PF   BV     rpm             State MissionState Setpoint Error Depth 
2021-10-19 14:45:31,777:TEST-MODE:INFO: 23.66 23.14 23.29 23.33 0.00 0.01 0.00 0.00 10.52 10.55 10.02 10.04 0.00 0.00 80.03 0.00 0  0  0  None None 325.01 Buffering (0/1) STOP  IDLE         30.00    None  None  
2021-10-19 14:45:31,778:TEST-MODE:WARNING: Stopped
2021-10-19 14:45:32,273:TEST-MODE:ERROR: SENSOR ERROR: [BP1] Overflow value: [ovf]
2021-10-19 14:45:32,280:TEST-MODE:INFO: State.STOP
2021-10-19 14:45:32,282:TEST-MODE:INFO: BT1   BT2   TT1   TT2   AT   X    Y    Z    BP1   BP2   TP1   TP2   HP   AP   PD    PC   HL EL BF SF   PF   BV     rpm             State MissionState Setpoint Error Depth 
2021-10-19 14:45:32,283:TEST-MODE:INFO: 23.66 23.14 23.29 23.34 0.00 0.01 0.00 0.00 10.52 10.55 10.02 10.04 0.00 0.00 80.01 0.00 0  0  0  None None 325.22 Buffering (0/1) STOP  IDLE         30.00    None  None  
2021-10-19 14:45:32,283:TEST-MODE:WARNING: Stopped
2021-10-19 14:45:32,775:TEST-MODE:INFO: State.STOP
2021-10-19 14:45:32,777:TEST-MODE:INFO: BT1   BT2   TT1   TT2   AT   X    Y    Z    BP1   BP2   TP1   TP2   HP   AP   PD    PC   HL EL BF SF   PF   BV     rpm             State MissionState Setpoint Error Depth 
2021-10-19 14:45:32,778:TEST-MODE:INFO: 23.66 23.14 23.30 23.34 0.00 0.01 0.00 0.00 10.52 10.55 10.02 10.04 0.00 0.00 80.04 0.00 0  0  0  None None 324.88 Buffering (0/1) STOP  IDLE         30.00    None  None  
2021-10-19 14:45:32,779:TEST-MODE:WARNING: Stopped
2021-10-19 14:45:33,282:TEST-MODE:INFO: State.STOP
2021-10-19 14:45:33,283:TEST-MODE:INFO: BT1   BT2   TT1   TT2   AT   X    Y    Z    BP1   BP2   TP1   TP2   HP   AP   PD    PC   HL EL BF SF   PF   BV     rpm             State MissionState Setpoint Error Depth 
2021-10-19 14:45:33,285:TEST-MODE:INFO: 23.65 23.14 23.29 23.34 0.00 0.01 0.00 0.00 10.52 10.55 10.03 10.04 0.00 0.00 80.04 0.00 0  0  0  None None 324.96 Buffering (0/1) STOP  IDLE         30.00    None  None  
2021-10-19 14:45:33,286:TEST-MODE:WARNING: Stopped
2021-10-19 14:45:33,776:TEST-MODE:INFO: State.STOP
2021-10-19 14:45:33,778:TEST-MODE:INFO: BT1   BT2   TT1   TT2   AT   X    Y    Z    BP1   BP2   TP1   TP2   HP   AP   PD    PC   HL EL BF SF   PF   BV     rpm             State MissionState Setpoint Error Depth 
2021-10-19 14:45:33,779:TEST-MODE:INFO: 23.65 23.13 23.29 23.34 0.00 0.01 0.00 0.00 10.51 10.54 10.03 10.04 0.00 0.00 79.98 0.00 0  0  0  None None 324.82 Buffering (0/1) STOP  IDLE         30.00    None  None  
2021-10-19 14:45:33,780:TEST-MODE:WARNING: Stopped
2021-10-19 14:45:34,276:TEST-MODE:INFO: State.STOP
2021-10-19 14:45:34,277:TEST-MODE:INFO: BT1   BT2   TT1   TT2   AT   X    Y    Z    BP1   BP2   TP1   TP2   HP   AP   PD    PC   HL EL BF SF   PF   BV     rpm             State MissionState Setpoint Error Depth 
2021-10-19 14:45:34,278:TEST-MODE:INFO: 23.66 23.13 23.29 23.34 0.00 0.01 0.00 0.00 10.52 10.55 10.02 10.04 0.00 0.00 79.99 0.00 0  0  0  None None 324.93 Buffering (0/1) STOP  IDLE         30.00    None  None  
2021-10-19 14:45:34,279:TEST-MODE:WARNING: Stopped
2021-10-19 14:45:34,776:TEST-MODE:INFO: State.STOP
2021-10-19 14:45:34,777:TEST-MODE:INFO: BT1   BT2   TT1   TT2   AT   X    Y    Z    BP1   BP2   TP1   TP2   HP   AP   PD    PC   HL EL BF SF   PF   BV     rpm             State MissionState Setpoint Error Depth 
2021-10-19 14:45:34,778:TEST-MODE:INFO: 23.65 23.14 23.29 23.34 0.00 0.01 0.00 0.00 10.52 10.55 10.02 10.04 0.00 0.00 80.07 0.00 0  0  0  None None 324.88 Buffering (0/1) STOP  IDLE         30.00    None  None  
2021-10-19 14:45:34,779:TEST-MODE:WARNING: Stopped
2021-10-19 14:45:35,276:TEST-MODE:INFO: State.STOP
2021-10-19 14:45:35,277:TEST-MODE:INFO: BT1   BT2   TT1   TT2   AT   X    Y    Z    BP1   BP2   TP1   TP2   HP   AP   PD    PC   HL EL BF SF   PF   BV     rpm             State MissionState Setpoint Error Depth 
2021-10-19 14:45:35,278:TEST-MODE:INFO: 23.65 23.14 23.29 23.33 0.00 0.01 0.00 0.00 10.52 10.55 10.02 10.04 0.00 0.00 79.96 0.00 0  0  0  None None 324.78 Buffering (0/1) STOP  IDLE         30.00    None  None  
2021-10-19 14:45:35,279:TEST-MODE:WARNING: Stopped
2021-10-19 14:45:35,778:TEST-MODE:INFO: State.STOP
2021-10-19 14:45:35,779:TEST-MODE:INFO: BT1   BT2   TT1   TT2   AT   X    Y    Z    BP1   BP2   TP1   TP2   HP   AP   PD    PC   HL EL BF SF   PF   BV     rpm             State MissionState Setpoint Error Depth 
2021-10-19 14:45:35,781:TEST-MODE:INFO: 23.65 23.13 23.29 23.33 0.00 0.01 0.00 0.00 10.51 10.55 10.02 10.04 0.00 0.00 80.00 0.00 0  0  0  None None 325.16 Buffering (0/1) STOP  IDLE         30.00    None  None  
2021-10-19 14:45:35,781:TEST-MODE:WARNING: Stopped
2021-10-19 14:45:36,278:TEST-MODE:INFO: State.STOP
2021-10-19 14:45:36,280:TEST-MODE:INFO: BT1   BT2   TT1   TT2   AT   X    Y    Z    BP1   BP2   TP1   TP2   HP   AP   PD    PC   HL EL BF SF   PF   BV     rpm             State MissionState Setpoint Error Depth 
2021-10-19 14:45:36,281:TEST-MODE:INFO: 23.66 23.13 23.29 23.33 0.00 0.01 0.00 0.00 10.52 10.55 10.02 10.04 0.00 0.00 80.04 0.00 0  0  0  None None 325.02 Buffering (0/1) STOP  IDLE         30.00    None  None  
2021-10-19 14:45:36,281:TEST-MODE:WARNING: Stopped
2021-10-19 14:45:36,779:TEST-MODE:INFO: State.STOP
2021-10-19 14:45:36,780:TEST-MODE:INFO: BT1   BT2   TT1   TT2   AT   X    Y    Z    BP1   BP2   TP1   TP2   HP   AP   PD    PC   HL EL BF SF   PF   BV     rpm             State MissionState Setpoint Error Depth 
2021-10-19 14:45:36,781:TEST-MODE:INFO: 23.65 23.13 23.30 23.33 0.00 0.01 0.00 0.00 10.52 10.55 10.02 10.04 0.00 0.00 79.96 0.00 0  0  0  None None 324.85 Buffering (0/1) STOP  IDLE         30.00    None  None  
2021-10-19 14:45:36,782:TEST-MODE:WARNING: Stopped
2021-10-19 14:45:37,279:TEST-MODE:ERROR: SENSOR ERROR: [AT] Overflow value: [ovf]
2021-10-19 14:45:37,281:TEST-MODE:INFO: State.STOP
2021-10-19 14:45:37,283:TEST-MODE:INFO: BT1   BT2   TT1   TT2   AT   X    Y    Z    BP1   BP2   TP1   TP2   HP   AP   PD    PC   HL EL BF SF   PF   BV     rpm             State MissionState Setpoint Error Depth 
2021-10-19 14:45:37,284:TEST-MODE:INFO: 23.65 23.13 23.30 23.33 0.00 0.01 0.00 0.00 10.52 10.56 10.02 10.04 0.00 0.00 79.97 0.00 0  0  0  None None 325.28 Buffering (0/1) STOP  IDLE         30.00    None  None  
2021-10-19 14:45:37,285:TEST-MODE:WARNING: Stopped
2021-10-19 14:45:37,772:TEST-MODE:ERROR: SENSOR ERROR: [Y] Overflow value: [ovf]
2021-10-19 14:45:37,781:TEST-MODE:INFO: State.STOP
2021-10-19 14:45:37,782:TEST-MODE:INFO: BT1   BT2   TT1   TT2   AT   X    Y    Z    BP1   BP2   TP1   TP2   HP   AP   PD    PC   HL EL BF SF   PF   BV     rpm             State MissionState Setpoint Error Depth 
2021-10-19 14:45:37,783:TEST-MODE:INFO: 23.65 23.13 23.30 23.33 0.00 0.01 0.00 0.00 10.52 10.56 10.02 10.04 0.00 0.00 79.96 0.00 0  0  0  None None 324.89 Buffering (0/1) STOP  IDLE         30.00    None  None  
2021-10-19 14:45:37,784:TEST-MODE:WARNING: Stopped
2021-10-19 14:45:38,280:TEST-MODE:INFO: State.STOP
2021-10-19 14:45:38,281:TEST-MODE:INFO: BT1   BT2   TT1   TT2   AT   X    Y    Z    BP1   BP2   TP1   TP2   HP   AP   PD    PC   HL EL BF SF   PF   BV     rpm             State MissionState Setpoint Error Depth 
2021-10-19 14:45:38,283:TEST-MODE:INFO: 23.65 23.14 23.30 23.34 0.00 0.01 0.00 0.00 10.52 10.56 10.02 10.04 0.00 0.00 79.93 0.00 0  0  0  None None 324.84 Buffering (0/1) STOP  IDLE         30.00    None  None  
2021-10-19 14:45:38,284:TEST-MODE:WARNING: Stopped
2021-10-19 14:45:38,780:TEST-MODE:INFO: State.STOP
2021-10-19 14:45:38,781:TEST-MODE:INFO: BT1   BT2   TT1   TT2   AT   X    Y    Z    BP1   BP2   TP1   TP2   HP   AP   PD    PC   HL EL BF SF   PF   BV     rpm             State MissionState Setpoint Error Depth 
2021-10-19 14:45:38,782:TEST-MODE:INFO: 23.65 23.14 23.29 23.34 0.00 0.01 0.00 0.00 10.52 10.56 10.02 10.04 0.00 0.00 80.04 0.00 0  0  0  None None 325.22 Buffering (0/1) STOP  IDLE         30.00    None  None  
2021-10-19 14:45:38,783:TEST-MODE:WARNING: Stopped
2021-10-19 14:45:39,280:TEST-MODE:INFO: State.STOP
2021-10-19 14:45:39,282:TEST-MODE:INFO: BT1   BT2   TT1   TT2   AT   X    Y    Z    BP1   BP2   TP1   TP2   HP   AP   PD    PC   HL EL BF SF   PF   BV     rpm             State MissionState Setpoint Error Depth 
2021-10-19 14:45:39,283:TEST-MODE:INFO: 23.65 23.14 23.29 23.34 0.00 0.01 0.00 0.00 10.52 10.56 10.03 10.04 0.00 0.00 80.04 0.00 0  0  0  None None 324.80 Buffering (0/1) STOP  IDLE         30.00    None  None  
2021-10-19 14:45:39,284:TEST-MODE:WARNING: Stopped
2021-10-19 14:45:39,779:TEST-MODE:INFO: State.STOP
2021-10-19 14:45:39,780:TEST-MODE:INFO: BT1   BT2   TT1   TT2   AT   X    Y    Z    BP1   BP2   TP1   TP2   HP   AP   PD    PC   HL EL BF SF   PF   BV     rpm             State MissionState Setpoint Error Depth 
2021-10-19 14:45:39,782:TEST-MODE:INFO: 23.65 23.14 23.29 23.33 0.00 0.01 0.00 0.00 10.52 10.55 10.03 10.04 0.00 0.00 79.97 0.00 0  0  0  None None 324.69 Buffering (0/1) STOP  IDLE         30.00    None  None  
2021-10-19 14:45:39,782:TEST-MODE:WARNING: Stopped
2021-10-19 14:45:40,283:TEST-MODE:INFO: State.STOP
2021-10-19 14:45:40,284:TEST-MODE:INFO: BT1   BT2   TT1   TT2   AT   X    Y    Z    BP1   BP2   TP1   TP2   HP   AP   PD    PC   HL EL BF SF   PF   BV     rpm             State MissionState Setpoint Error Depth 
2021-10-19 14:45:40,285:TEST-MODE:INFO: 23.66 23.14 23.28 23.33 0.00 0.01 0.00 0.00 10.52 10.55 10.02 10.04 0.00 0.00 80.07 0.00 0  0  0  None None 324.93 Buffering (0/1) STOP  IDLE         30.00    None  None  
2021-10-19 14:45:40,286:TEST-MODE:WARNING: Stopped
2021-10-19 14:45:40,781:TEST-MODE:INFO: State.STOP
2021-10-19 14:45:40,782:TEST-MODE:INFO: BT1   BT2   TT1   TT2   AT   X    Y    Z    BP1   BP2   TP1   TP2   HP   AP   PD    PC   HL EL BF SF   PF   BV     rpm             State MissionState Setpoint Error Depth 
2021-10-19 14:45:40,783:TEST-MODE:INFO: 23.66 23.14 23.28 23.33 0.00 0.01 0.00 0.00 10.52 10.55 10.03 10.04 0.00 0.00 79.98 0.00 0  0  0  None None 324.82 Buffering (0/1) STOP  IDLE         30.00    None  None  
2021-10-19 14:45:40,784:TEST-MODE:WARNING: Stopped
2021-10-19 14:45:41,287:TEST-MODE:INFO: State.STOP
2021-10-19 14:45:41,289:TEST-MODE:INFO: BT1   BT2   TT1   TT2   AT   X    Y    Z    BP1   BP2   TP1   TP2   HP   AP   PD    PC   HL EL BF SF   PF   BV     rpm             State MissionState Setpoint Error Depth 
2021-10-19 14:45:41,290:TEST-MODE:INFO: 23.66 23.14 23.29 23.34 0.00 0.01 0.00 0.00 10.52 10.55 10.03 10.04 0.00 0.00 79.94 0.00 0  0  0  None None 325.17 Buffering (0/1) STOP  IDLE         30.00    None  None  
2021-10-19 14:45:41,291:TEST-MODE:WARNING: Stopped
2021-10-19 14:45:41,785:TEST-MODE:INFO: State.STOP
2021-10-19 14:45:41,786:TEST-MODE:INFO: BT1   BT2   TT1   TT2   AT   X    Y    Z    BP1   BP2   TP1   TP2   HP   AP   PD    PC   HL EL BF SF   PF   BV     rpm             State MissionState Setpoint Error Depth 
2021-10-19 14:45:41,787:TEST-MODE:INFO: 23.66 23.14 23.29 23.34 0.00 0.01 0.00 0.00 10.52 10.55 10.02 10.04 0.00 0.00 80.01 0.00 0  0  0  None None 324.69 Buffering (0/1) STOP  IDLE         30.00    None  None  
2021-10-19 14:45:41,788:TEST-MODE:WARNING: Stopped
2021-10-19 14:45:42,291:TEST-MODE:INFO: State.STOP
2021-10-19 14:45:42,292:TEST-MODE:INFO: BT1   BT2   TT1   TT2   AT   X    Y    Z    BP1   BP2   TP1   TP2   HP   AP   PD    PC   HL EL BF SF   PF   BV     rpm             State MissionState Setpoint Error Depth 
2021-10-19 14:45:42,293:TEST-MODE:INFO: 23.66 23.13 23.29 23.35 0.00 0.01 0.00 0.00 10.52 10.55 10.03 10.04 0.00 0.00 79.94 0.00 0  0  0  None None 324.83 Buffering (0/1) STOP  IDLE         30.00    None  None  
2021-10-19 14:45:42,294:TEST-MODE:WARNING: Stopped
2021-10-19 14:45:42,785:TEST-MODE:INFO: State.STOP
2021-10-19 14:45:42,786:TEST-MODE:INFO: BT1   BT2   TT1   TT2   AT   X    Y    Z    BP1   BP2   TP1   TP2   HP   AP   PD    PC   HL EL BF SF   PF   BV     rpm             State MissionState Setpoint Error Depth 
2021-10-19 14:45:42,787:TEST-MODE:INFO: 23.66 23.14 23.29 23.35 0.00 0.01 0.00 0.00 10.52 10.56 10.03 10.04 0.00 0.00 80.02 0.00 0  0  0  None None 324.76 Buffering (0/1) STOP  IDLE         30.00    None  None  
2021-10-19 14:45:42,788:TEST-MODE:WARNING: Stopped
2021-10-19 14:45:43,289:TEST-MODE:INFO: State.STOP
2021-10-19 14:45:43,291:TEST-MODE:INFO: BT1   BT2   TT1   TT2   AT   X    Y    Z    BP1   BP2   TP1   TP2   HP   AP   PD    PC   HL EL BF SF   PF   BV     rpm             State MissionState Setpoint Error Depth 
2021-10-19 14:45:43,292:TEST-MODE:INFO: 23.66 23.14 23.29 23.35 0.00 0.01 0.00 0.00 10.52 10.55 10.03 10.04 0.00 0.00 80.05 0.00 0  0  0  None None 325.25 Buffering (0/1) STOP  IDLE         30.00    None  None  
2021-10-19 14:45:43,293:TEST-MODE:WARNING: Stopped
2021-10-19 14:45:43,783:TEST-MODE:INFO: State.STOP
2021-10-19 14:45:43,785:TEST-MODE:INFO: BT1   BT2   TT1   TT2   AT   X    Y    Z    BP1   BP2   TP1   TP2   HP   AP   PD    PC   HL EL BF SF   PF   BV     rpm             State MissionState Setpoint Error Depth 
2021-10-19 14:45:43,786:TEST-MODE:INFO: 23.66 23.14 23.29 23.34 0.00 0.01 0.00 0.00 10.52 10.55 10.02 10.04 0.00 0.00 80.00 0.00 0  0  0  None None 325.05 Buffering (0/1) STOP  IDLE         30.00    None  None  
2021-10-19 14:45:43,786:TEST-MODE:WARNING: Stopped
2021-10-19 14:45:44,284:TEST-MODE:INFO: State.STOP
2021-10-19 14:45:44,285:TEST-MODE:INFO: BT1   BT2   TT1   TT2   AT   X    Y    Z    BP1   BP2   TP1   TP2   HP   AP   PD    PC   HL EL BF SF   PF   BV     rpm             State MissionState Setpoint Error Depth 
2021-10-19 14:45:44,286:TEST-MODE:INFO: 23.66 23.14 23.28 23.34 0.00 0.01 0.00 0.00 10.52 10.55 10.02 10.04 0.00 0.00 79.97 0.00 0  0  0  None None 325.20 Buffering (0/1) STOP  IDLE         30.00    None  None  
2021-10-19 14:45:44,287:TEST-MODE:WARNING: Stopped
2021-10-19 14:45:44,786:TEST-MODE:INFO: State.STOP
2021-10-19 14:45:44,787:TEST-MODE:INFO: BT1   BT2   TT1   TT2   AT   X    Y    Z    BP1   BP2   TP1   TP2   HP   AP   PD    PC   HL EL BF SF   PF   BV     rpm             State MissionState Setpoint Error Depth 
2021-10-19 14:45:44,788:TEST-MODE:INFO: 23.66 23.15 23.29 23.34 0.00 0.01 0.00 0.00 10.52 10.56 10.02 10.04 0.00 0.00 80.03 0.00 0  0  0  None None 324.68 Buffering (0/1) STOP  IDLE         30.00    None  None  
2021-10-19 14:45:44,789:TEST-MODE:WARNING: Stopped
2021-10-19 14:45:45,286:TEST-MODE:INFO: State.STOP
2021-10-19 14:45:45,288:TEST-MODE:INFO: BT1   BT2   TT1   TT2   AT   X    Y    Z    BP1   BP2   TP1   TP2   HP   AP   PD    PC   HL EL BF SF   PF   BV     rpm             State MissionState Setpoint Error Depth 
2021-10-19 14:45:45,289:TEST-MODE:INFO: 23.67 23.14 23.28 23.34 0.00 0.01 0.00 0.00 10.52 10.56 10.02 10.04 0.00 0.00 79.98 0.00 0  0  0  None None 325.14 Buffering (0/1) STOP  IDLE         30.00    None  None  
2021-10-19 14:45:45,289:TEST-MODE:WARNING: Stopped
2021-10-19 14:45:45,787:TEST-MODE:INFO: State.STOP
2021-10-19 14:45:45,789:TEST-MODE:INFO: BT1   BT2   TT1   TT2   AT   X    Y    Z    BP1   BP2   TP1   TP2   HP   AP   PD    PC   HL EL BF SF   PF   BV     rpm             State MissionState Setpoint Error Depth 
2021-10-19 14:45:45,790:TEST-MODE:INFO: 23.66 23.14 23.29 23.34 0.00 0.01 0.00 0.00 10.51 10.56 10.02 10.04 0.00 0.00 80.06 0.00 0  0  0  None None 325.06 Buffering (0/1) STOP  IDLE         30.00    None  None  
2021-10-19 14:45:45,791:TEST-MODE:WARNING: Stopped
2021-10-19 14:45:46,289:TEST-MODE:INFO: State.STOP
2021-10-19 14:45:46,290:TEST-MODE:INFO: BT1   BT2   TT1   TT2   AT   X    Y    Z    BP1   BP2   TP1   TP2   HP   AP   PD    PC   HL EL BF SF   PF   BV     rpm             State MissionState Setpoint Error Depth 
2021-10-19 14:45:46,291:TEST-MODE:INFO: 23.66 23.14 23.29 23.34 0.00 0.01 0.00 0.00 10.51 10.56 10.02 10.04 0.00 0.00 79.96 0.00 0  0  0  None None 325.11 Buffering (0/1) STOP  IDLE         30.00    None  None  
2021-10-19 14:45:46,292:TEST-MODE:WARNING: Stopped
2021-10-19 14:45:46,788:TEST-MODE:INFO: State.STOP
2021-10-19 14:45:46,789:TEST-MODE:INFO: BT1   BT2   TT1   TT2   AT   X    Y    Z    BP1   BP2   TP1   TP2   HP   AP   PD    PC   HL EL BF SF   PF   BV     rpm             State MissionState Setpoint Error Depth 
2021-10-19 14:45:46,790:TEST-MODE:INFO: 23.66 23.14 23.29 23.34 0.00 0.01 0.00 0.00 10.51 10.56 10.02 10.04 0.00 0.00 80.04 0.00 0  0  0  None None 325.20 Buffering (0/1) STOP  IDLE         30.00    None  None  
2021-10-19 14:45:46,791:TEST-MODE:WARNING: Stopped
2021-10-19 14:45:47,293:TEST-MODE:INFO: State.STOP
2021-10-19 14:45:47,294:TEST-MODE:INFO: BT1   BT2   TT1   TT2   AT   X    Y    Z    BP1   BP2   TP1   TP2   HP   AP   PD    PC   HL EL BF SF   PF   BV     rpm             State MissionState Setpoint Error Depth 
2021-10-19 14:45:47,296:TEST-MODE:INFO: 23.65 23.13 23.28 23.34 0.00 0.01 0.00 0.00 10.51 10.56 10.02 10.04 0.00 0.00 79.98 0.00 0  0  0  None None 324.69 Buffering (0/1) STOP  IDLE         30.00    None  None  
2021-10-19 14:45:47,296:TEST-MODE:WARNING: Stopped
2021-10-19 14:45:47,788:TEST-MODE:INFO: State.STOP
2021-10-19 14:45:47,789:TEST-MODE:INFO: BT1   BT2   TT1   TT2   AT   X    Y    Z    BP1   BP2   TP1   TP2   HP   AP   PD    PC   HL EL BF SF   PF   BV     rpm             State MissionState Setpoint Error Depth 
2021-10-19 14:45:47,790:TEST-MODE:INFO: 23.65 23.13 23.29 23.34 0.00 0.01 0.00 0.00 10.51 10.56 10.03 10.04 0.00 0.00 80.02 0.00 0  0  0  None None 324.85 Buffering (0/1) STOP  IDLE         30.00    None  None  
2021-10-19 14:45:47,791:TEST-MODE:WARNING: Stopped
2021-10-19 14:45:48,292:TEST-MODE:INFO: State.STOP
2021-10-19 14:45:48,293:TEST-MODE:INFO: BT1   BT2   TT1   TT2   AT   X    Y    Z    BP1   BP2   TP1   TP2   HP   AP   PD    PC   HL EL BF SF   PF   BV     rpm             State MissionState Setpoint Error Depth 
2021-10-19 14:45:48,295:TEST-MODE:INFO: 23.65 23.14 23.28 23.34 0.00 0.01 0.00 0.00 10.52 10.56 10.03 10.04 0.00 0.00 79.97 0.00 0  0  0  None None 325.27 Buffering (0/1) STOP  IDLE         30.00    None  None  
2021-10-19 14:45:48,296:TEST-MODE:WARNING: Stopped
2021-10-19 14:45:48,789:TEST-MODE:INFO: State.STOP
2021-10-19 14:45:48,791:TEST-MODE:INFO: BT1   BT2   TT1   TT2   AT   X    Y    Z    BP1   BP2   TP1   TP2   HP   AP   PD    PC   HL EL BF SF   PF   BV     rpm             State MissionState Setpoint Error Depth 
2021-10-19 14:45:48,792:TEST-MODE:INFO: 23.65 23.13 23.29 23.34 0.00 0.01 0.00 0.00 10.52 10.56 10.03 10.04 0.00 0.00 79.96 0.00 0  0  0  None None 324.95 Buffering (0/1) STOP  IDLE         30.00    None  None  
2021-10-19 14:45:48,793:TEST-MODE:WARNING: Stopped
2021-10-19 14:45:49,289:TEST-MODE:INFO: State.STOP
2021-10-19 14:45:49,291:TEST-MODE:INFO: BT1   BT2   TT1   TT2   AT   X    Y    Z    BP1   BP2   TP1   TP2   HP   AP   PD    PC   HL EL BF SF   PF   BV     rpm             State MissionState Setpoint Error Depth 
2021-10-19 14:45:49,292:TEST-MODE:INFO: 23.65 23.13 23.29 23.34 0.00 0.01 0.00 0.00 10.52 10.56 10.03 10.04 0.00 0.00 79.95 0.00 0  0  0  None None 324.98 Buffering (0/1) STOP  IDLE         30.00    None  None  
2021-10-19 14:45:49,293:TEST-MODE:WARNING: Stopped
2021-10-19 14:45:49,790:TEST-MODE:INFO: State.STOP
2021-10-19 14:45:49,792:TEST-MODE:INFO: BT1   BT2   TT1   TT2   AT   X    Y    Z    BP1   BP2   TP1   TP2   HP   AP   PD    PC   HL EL BF SF   PF   BV     rpm             State MissionState Setpoint Error Depth 
2021-10-19 14:45:49,793:TEST-MODE:INFO: 23.65 23.14 23.29 23.35 0.00 0.01 0.00 0.00 10.52 10.56 10.02 10.04 0.00 0.00 80.02 0.00 0  0  0  None None 324.93 Buffering (0/1) STOP  IDLE         30.00    None  None  
2021-10-19 14:45:49,794:TEST-MODE:WARNING: Stopped
2021-10-19 14:45:50,290:TEST-MODE:INFO: State.STOP
2021-10-19 14:45:50,291:TEST-MODE:INFO: BT1   BT2   TT1   TT2   AT   X    Y    Z    BP1   BP2   TP1   TP2   HP   AP   PD    PC   HL EL BF SF   PF   BV     rpm             State MissionState Setpoint Error Depth 
2021-10-19 14:45:50,292:TEST-MODE:INFO: 23.66 23.14 23.30 23.35 0.00 0.01 0.00 0.00 10.51 10.56 10.02 10.04 0.00 0.00 80.08 0.00 0  0  0  None None 324.68 Buffering (0/1) STOP  IDLE         30.00    None  None  
2021-10-19 14:45:50,293:TEST-MODE:WARNING: Stopped
2021-10-19 14:45:50,793:TEST-MODE:INFO: State.STOP
2021-10-19 14:45:50,794:TEST-MODE:INFO: BT1   BT2   TT1   TT2   AT   X    Y    Z    BP1   BP2   TP1   TP2   HP   AP   PD    PC   HL EL BF SF   PF   BV     rpm             State MissionState Setpoint Error Depth 
2021-10-19 14:45:50,796:TEST-MODE:INFO: 23.66 23.14 23.31 23.34 0.00 0.01 0.00 0.00 10.51 10.55 10.02 10.04 0.00 0.00 80.02 0.00 0  0  0  None None 325.24 Buffering (0/1) STOP  IDLE         30.00    None  None  
2021-10-19 14:45:50,797:TEST-MODE:WARNING: Stopped
2021-10-19 14:45:51,291:TEST-MODE:INFO: State.STOP
2021-10-19 14:45:51,293:TEST-MODE:INFO: BT1   BT2   TT1   TT2   AT   X    Y    Z    BP1   BP2   TP1   TP2   HP   AP   PD    PC   HL EL BF SF   PF   BV     rpm             State MissionState Setpoint Error Depth 
2021-10-19 14:45:51,294:TEST-MODE:INFO: 23.66 23.14 23.30 23.35 0.00 0.01 0.00 0.00 10.51 10.55 10.02 10.03 0.00 0.00 80.02 0.00 0  0  0  None None 324.68 Buffering (0/1) STOP  IDLE         30.00    None  None  
2021-10-19 14:45:51,295:TEST-MODE:WARNING: Stopped
2021-10-19 14:45:51,790:TEST-MODE:ERROR: SENSOR ERROR: [HP] Overflow value: [ovf]
2021-10-19 14:45:51,796:TEST-MODE:INFO: State.STOP
2021-10-19 14:45:51,797:TEST-MODE:INFO: BT1   BT2   TT1   TT2   AT   X    Y    Z    BP1   BP2   TP1   TP2   HP   AP   PD    PC   HL EL BF SF   PF   BV     rpm             State MissionState Setpoint Error Depth 
2021-10-19 14:45:51,799:TEST-MODE:INFO: 23.67 23.14 23.30 23.35 0.00 0.01 0.00 0.00 10.51 10.55 10.03 10.04 0.00 0.00 80.08 0.00 0  0  0  None None 324.77 Buffering (0/1) STOP  IDLE         30.00    None  None  
2021-10-19 14:45:51,800:TEST-MODE:WARNING: Stopped
2021-10-19 14:45:52,295:TEST-MODE:INFO: State.STOP
2021-10-19 14:45:52,297:TEST-MODE:INFO: BT1   BT2   TT1   TT2   AT   X    Y    Z    BP1   BP2   TP1   TP2   HP   AP   PD    PC   HL EL BF SF   PF   BV     rpm             State MissionState Setpoint Error Depth 
2021-10-19 14:45:52,298:TEST-MODE:INFO: 23.67 23.13 23.30 23.35 0.00 0.01 0.00 0.00 10.52 10.55 10.02 10.04 0.00 0.00 80.06 0.00 0  0  0  None None 324.72 Buffering (0/1) STOP  IDLE         30.00    None  None  
2021-10-19 14:45:52,299:TEST-MODE:WARNING: Stopped
2021-10-19 14:45:52,795:TEST-MODE:INFO: State.STOP
2021-10-19 14:45:52,797:TEST-MODE:INFO: BT1   BT2   TT1   TT2   AT   X    Y    Z    BP1   BP2   TP1   TP2   HP   AP   PD    PC   HL EL BF SF   PF   BV     rpm             State MissionState Setpoint Error Depth 
2021-10-19 14:45:52,798:TEST-MODE:INFO: 23.66 23.14 23.30 23.34 0.00 0.01 0.00 0.00 10.52 10.55 10.03 10.04 0.00 0.00 79.94 0.00 0  0  0  None None 325.16 Buffering (0/1) STOP  IDLE         30.00    None  None  
2021-10-19 14:45:52,799:TEST-MODE:WARNING: Stopped
2021-10-19 14:45:53,298:TEST-MODE:ERROR: SENSOR ERROR: [Bladder Volume] Overflow value: [ovf]
2021-10-19 14:45:53,300:TEST-MODE:INFO: State.STOP
2021-10-19 14:45:53,302:TEST-MODE:INFO: BT1   BT2   TT1   TT2   AT   X    Y    Z    BP1   BP2   TP1   TP2   HP   AP   PD    PC   HL EL BF SF   PF   BV     rpm             State MissionState Setpoint Error Depth 
2021-10-19 14:45:53,304:TEST-MODE:INFO: 23.66 23.14 23.30 23.34 0.00 0.01 0.00 0.00 10.52 10.55 10.03 10.04 0.00 0.00 79.94 0.00 0  0  0  None None 325.16 Buffering (0/1) STOP  IDLE         30.00    None  None  
2021-10-19 14:45:53,305:TEST-MODE:WARNING: Stopped
2021-10-19 14:45:53,797:TEST-MODE:INFO: State.STOP
2021-10-19 14:45:53,798:TEST-MODE:INFO: BT1   BT2   TT1   TT2   AT   X    Y    Z    BP1   BP2   TP1   TP2   HP   AP   PD    PC   HL EL BF SF   PF   BV     rpm             State MissionState Setpoint Error Depth 
2021-10-19 14:45:53,800:TEST-MODE:INFO: 23.67 23.13 23.30 23.33 0.00 0.01 0.00 0.00 10.52 10.55 10.03 10.04 0.00 0.00 79.99 0.00 0  0  0  None None 324.85 Buffering (0/1) STOP  IDLE         30.00    None  None  
2021-10-19 14:45:53,801:TEST-MODE:WARNING: Stopped
2021-10-19 14:45:54,296:TEST-MODE:INFO: State.STOP
2021-10-19 14:45:54,297:TEST-MODE:INFO: BT1   BT2   TT1   TT2   AT   X    Y    Z    BP1   BP2   TP1   TP2   HP   AP   PD    PC   HL EL BF SF   PF   BV     rpm             State MissionState Setpoint Error Depth 
2021-10-19 14:45:54,299:TEST-MODE:INFO: 23.66 23.13 23.30 23.34 0.00 0.01 0.00 0.00 10.52 10.56 10.03 10.04 0.00 0.00 79.94 0.00 0  0  0  None None 324.81 Buffering (0/1) STOP  IDLE         30.00    None  None  
2021-10-19 14:45:54,300:TEST-MODE:WARNING: Stopped
2021-10-19 14:45:54,798:TEST-MODE:INFO: State.STOP
2021-10-19 14:45:54,799:TEST-MODE:INFO: BT1   BT2   TT1   TT2   AT   X    Y    Z    BP1   BP2   TP1   TP2   HP   AP   PD    PC   HL EL BF SF   PF   BV     rpm             State MissionState Setpoint Error Depth 
2021-10-19 14:45:54,801:TEST-MODE:INFO: 23.67 23.14 23.30 23.33 0.00 0.01 0.00 0.00 10.52 10.55 10.03 10.05 0.00 0.00 79.96 0.00 0  0  0  None None 325.15 Buffering (0/1) STOP  IDLE         30.00    None  None  
2021-10-19 14:45:54,802:TEST-MODE:WARNING: Stopped
2021-10-19 14:45:55,299:TEST-MODE:INFO: State.STOP
2021-10-19 14:45:55,301:TEST-MODE:INFO: BT1   BT2   TT1   TT2   AT   X    Y    Z    BP1   BP2   TP1   TP2   HP   AP   PD    PC   HL EL BF SF   PF   BV     rpm             State MissionState Setpoint Error Depth 
2021-10-19 14:45:55,302:TEST-MODE:INFO: 23.67 23.14 23.29 23.33 0.00 0.01 0.00 0.00 10.52 10.55 10.03 10.04 0.00 0.00 80.04 0.00 0  0  0  None None 325.30 Buffering (0/1) STOP  IDLE         30.00    None  None  
2021-10-19 14:45:55,303:TEST-MODE:WARNING: Stopped
2021-10-19 14:45:55,798:TEST-MODE:INFO: State.STOP
2021-10-19 14:45:55,800:TEST-MODE:INFO: BT1   BT2   TT1   TT2   AT   X    Y    Z    BP1   BP2   TP1   TP2   HP   AP   PD    PC   HL EL BF SF   PF   BV     rpm             State MissionState Setpoint Error Depth 
2021-10-19 14:45:55,801:TEST-MODE:INFO: 23.66 23.14 23.29 23.34 0.00 0.01 0.00 0.00 10.52 10.55 10.02 10.04 0.00 0.00 80.01 0.00 0  0  0  None None 325.31 Buffering (0/1) STOP  IDLE         30.00    None  None  
2021-10-19 14:45:55,802:TEST-MODE:WARNING: Stopped
2021-10-19 14:45:56,299:TEST-MODE:INFO: State.STOP
2021-10-19 14:45:56,301:TEST-MODE:INFO: BT1   BT2   TT1   TT2   AT   X    Y    Z    BP1   BP2   TP1   TP2   HP   AP   PD    PC   HL EL BF SF   PF   BV     rpm             State MissionState Setpoint Error Depth 
2021-10-19 14:45:56,302:TEST-MODE:INFO: 23.66 23.14 23.29 23.34 0.00 0.01 0.00 0.00 10.52 10.55 10.02 10.04 0.00 0.00 79.99 0.00 0  0  0  None None 325.25 Buffering (0/1) STOP  IDLE         30.00    None  None  
2021-10-19 14:45:56,303:TEST-MODE:WARNING: Stopped
2021-10-19 14:45:56,803:TEST-MODE:INFO: State.STOP
2021-10-19 14:45:56,804:TEST-MODE:INFO: BT1   BT2   TT1   TT2   AT   X    Y    Z    BP1   BP2   TP1   TP2   HP   AP   PD    PC   HL EL BF SF   PF   BV     rpm             State MissionState Setpoint Error Depth 
2021-10-19 14:45:56,806:TEST-MODE:INFO: 23.66 23.14 23.29 23.34 0.00 0.01 0.00 0.00 10.52 10.55 10.02 10.04 0.00 0.00 80.08 0.00 0  0  0  None None 325.03 Buffering (0/1) STOP  IDLE         30.00    None  None  
2021-10-19 14:45:56,807:TEST-MODE:WARNING: Stopped
2021-10-19 14:45:57,309:TEST-MODE:INFO: State.STOP
2021-10-19 14:45:57,311:TEST-MODE:INFO: BT1   BT2   TT1   TT2   AT   X    Y    Z    BP1   BP2   TP1   TP2   HP   AP   PD    PC   HL EL BF SF   PF   BV     rpm             State MissionState Setpoint Error Depth 
2021-10-19 14:45:57,312:TEST-MODE:INFO: 23.66 23.14 23.29 23.34 0.00 0.01 0.00 0.00 10.51 10.55 10.02 10.04 0.00 0.00 80.06 0.00 0  0  0  None None 325.26 Buffering (0/1) STOP  IDLE         30.00    None  None  
2021-10-19 14:45:57,314:TEST-MODE:WARNING: Stopped
2021-10-19 14:45:57,792:TEST-MODE:ERROR: SENSOR ERROR: [TT1] Overflow value: [ovf]
2021-10-19 14:45:57,805:TEST-MODE:INFO: State.STOP
2021-10-19 14:45:57,807:TEST-MODE:INFO: BT1   BT2   TT1   TT2   AT   X    Y    Z    BP1   BP2   TP1   TP2   HP   AP   PD    PC   HL EL BF SF   PF   BV     rpm             State MissionState Setpoint Error Depth 
2021-10-19 14:45:57,808:TEST-MODE:INFO: 23.66 23.13 23.29 23.35 0.00 0.01 0.00 0.00 10.52 10.56 10.02 10.04 0.00 0.00 79.96 0.00 0  0  0  None None 324.70 Buffering (0/1) STOP  IDLE         30.00    None  None  
2021-10-19 14:45:57,809:TEST-MODE:WARNING: Stopped
2021-10-19 14:45:58,311:TEST-MODE:INFO: State.STOP
2021-10-19 14:45:58,313:TEST-MODE:INFO: BT1   BT2   TT1   TT2   AT   X    Y    Z    BP1   BP2   TP1   TP2   HP   AP   PD    PC   HL EL BF SF   PF   BV     rpm             State MissionState Setpoint Error Depth 
2021-10-19 14:45:58,314:TEST-MODE:INFO: 23.66 23.13 23.30 23.34 0.00 0.01 0.00 0.00 10.52 10.56 10.02 10.04 0.00 0.00 80.02 0.00 0  0  0  None None 324.73 Buffering (0/1) STOP  IDLE         30.00    None  None  
2021-10-19 14:45:58,315:TEST-MODE:WARNING: Stopped
2021-10-19 14:45:58,808:TEST-MODE:INFO: State.STOP
2021-10-19 14:45:58,810:TEST-MODE:INFO: BT1   BT2   TT1   TT2   AT   X    Y    Z    BP1   BP2   TP1   TP2   HP   AP   PD    PC   HL EL BF SF   PF   BV     rpm             State MissionState Setpoint Error Depth 
2021-10-19 14:45:58,811:TEST-MODE:INFO: 23.66 23.13 23.30 23.34 0.00 0.01 0.00 0.00 10.52 10.56 10.03 10.04 0.00 0.00 80.04 0.00 0  0  0  None None 325.25 Buffering (0/1) STOP  IDLE         30.00    None  None  
2021-10-19 14:45:58,812:TEST-MODE:WARNING: Stopped
2021-10-19 14:45:59,308:TEST-MODE:INFO: State.STOP
2021-10-19 14:45:59,310:TEST-MODE:INFO: BT1   BT2   TT1   TT2   AT   X    Y    Z    BP1   BP2   TP1   TP2   HP   AP   PD    PC   HL EL BF SF   PF   BV     rpm             State MissionState Setpoint Error Depth 
2021-10-19 14:45:59,311:TEST-MODE:INFO: 23.66 23.14 23.29 23.35 0.00 0.01 0.00 0.00 10.52 10.56 10.02 10.04 0.00 0.00 80.03 0.00 0  0  0  None None 325.30 Buffering (0/1) STOP  IDLE         30.00    None  None  
2021-10-19 14:45:59,312:TEST-MODE:WARNING: Stopped
2021-10-19 14:45:59,812:TEST-MODE:INFO: State.STOP
2021-10-19 14:45:59,814:TEST-MODE:INFO: BT1   BT2   TT1   TT2   AT   X    Y    Z    BP1   BP2   TP1   TP2   HP   AP   PD    PC   HL EL BF SF   PF   BV     rpm             State MissionState Setpoint Error Depth 
2021-10-19 14:45:59,815:TEST-MODE:INFO: 23.66 23.13 23.29 23.35 0.00 0.01 0.00 0.00 10.52 10.56 10.02 10.04 0.00 0.00 80.06 0.00 0  0  0  None None 324.98 Buffering (0/1) STOP  IDLE         30.00    None  None  
2021-10-19 14:45:59,816:TEST-MODE:WARNING: Stopped
2021-10-19 14:46:00,299:TEST-MODE:ERROR: SENSOR ERROR: [TT2] Overflow value: [ovf]
2021-10-19 14:46:00,313:TEST-MODE:INFO: State.STOP
2021-10-19 14:46:00,315:TEST-MODE:INFO: BT1   BT2   TT1   TT2   AT   X    Y    Z    BP1   BP2   TP1   TP2   HP   AP   PD    PC   HL EL BF SF   PF   BV     rpm             State MissionState Setpoint Error Depth 
2021-10-19 14:46:00,317:TEST-MODE:INFO: 23.66 23.13 23.29 23.35 0.00 0.01 0.00 0.00 10.51 10.56 10.02 10.04 0.00 0.00 80.07 0.00 0  0  0  None None 324.84 Buffering (0/1) STOP  IDLE         30.00    None  None  
2021-10-19 14:46:00,318:TEST-MODE:WARNING: Stopped
2021-10-19 14:46:00,811:TEST-MODE:INFO: State.STOP
2021-10-19 14:46:00,812:TEST-MODE:INFO: BT1   BT2   TT1   TT2   AT   X    Y    Z    BP1   BP2   TP1   TP2   HP   AP   PD    PC   HL EL BF SF   PF   BV     rpm             State MissionState Setpoint Error Depth 
2021-10-19 14:46:00,814:TEST-MODE:INFO: 23.66 23.13 23.28 23.35 0.00 0.01 0.00 0.00 10.51 10.55 10.02 10.04 0.00 0.00 79.97 0.00 0  0  0  None None 324.76 Buffering (0/1) STOP  IDLE         30.00    None  None  
2021-10-19 14:46:00,815:TEST-MODE:WARNING: Stopped
2021-10-19 14:46:01,310:TEST-MODE:INFO: State.STOP
2021-10-19 14:46:01,312:TEST-MODE:INFO: BT1   BT2   TT1   TT2   AT   X    Y    Z    BP1   BP2   TP1   TP2   HP   AP   PD    PC   HL EL BF SF   PF   BV     rpm             State MissionState Setpoint Error Depth 
2021-10-19 14:46:01,314:TEST-MODE:INFO: 23.65 23.14 23.28 23.34 0.00 0.01 0.00 0.00 10.52 10.56 10.02 10.04 0.00 0.00 80.05 0.00 0  0  0  None None 325.18 Buffering (0/1) STOP  IDLE         30.00    None  None  
2021-10-19 14:46:01,315:TEST-MODE:WARNING: Stopped
2021-10-19 14:46:01,808:TEST-MODE:INFO: State.STOP
2021-10-19 14:46:01,810:TEST-MODE:INFO: BT1   BT2   TT1   TT2   AT   X    Y    Z    BP1   BP2   TP1   TP2   HP   AP   PD    PC   HL EL BF SF   PF   BV     rpm             State MissionState Setpoint Error Depth 
2021-10-19 14:46:01,812:TEST-MODE:INFO: 23.65 23.13 23.29 23.34 0.00 0.01 0.00 0.00 10.52 10.56 10.03 10.04 0.00 0.00 79.96 0.00 0  0  0  None None 325.11 Buffering (0/1) STOP  IDLE         30.00    None  None  
2021-10-19 14:46:01,813:TEST-MODE:WARNING: Stopped
2021-10-19 14:46:02,307:TEST-MODE:INFO: State.STOP
2021-10-19 14:46:02,309:TEST-MODE:INFO: BT1   BT2   TT1   TT2   AT   X    Y    Z    BP1   BP2   TP1   TP2   HP   AP   PD    PC   HL EL BF SF   PF   BV     rpm             State MissionState Setpoint Error Depth 
2021-10-19 14:46:02,310:TEST-MODE:INFO: 23.65 23.13 23.28 23.34 0.00 0.01 0.00 0.00 10.52 10.56 10.03 10.05 0.00 0.00 79.97 0.00 0  0  0  None None 324.77 Buffering (0/1) STOP  IDLE         30.00    None  None  
2021-10-19 14:46:02,311:TEST-MODE:WARNING: Stopped
2021-10-19 14:46:02,809:TEST-MODE:INFO: State.STOP
2021-10-19 14:46:02,811:TEST-MODE:INFO: BT1   BT2   TT1   TT2   AT   X    Y    Z    BP1   BP2   TP1   TP2   HP   AP   PD    PC   HL EL BF SF   PF   BV     rpm             State MissionState Setpoint Error Depth 
2021-10-19 14:46:02,812:TEST-MODE:INFO: 23.65 23.14 23.29 23.34 0.00 0.01 0.00 0.00 10.52 10.56 10.03 10.04 0.00 0.00 79.93 0.00 0  0  0  None None 324.76 Buffering (0/1) STOP  IDLE         30.00    None  None  
2021-10-19 14:46:02,813:TEST-MODE:WARNING: Stopped
2021-10-19 14:46:03,311:TEST-MODE:INFO: State.STOP
2021-10-19 14:46:03,313:TEST-MODE:INFO: BT1   BT2   TT1   TT2   AT   X    Y    Z    BP1   BP2   TP1   TP2   HP   AP   PD    PC   HL EL BF SF   PF   BV     rpm             State MissionState Setpoint Error Depth 
2021-10-19 14:46:03,315:TEST-MODE:INFO: 23.65 23.14 23.29 23.34 0.00 0.01 0.00 0.00 10.52 10.56 10.03 10.04 0.00 0.00 79.92 0.00 0  0  0  None None 324.96 Buffering (0/1) STOP  IDLE         30.00    None  None  
2021-10-19 14:46:03,316:TEST-MODE:WARNING: Stopped
2021-10-19 14:46:03,818:TEST-MODE:INFO: State.STOP
2021-10-19 14:46:03,820:TEST-MODE:INFO: BT1   BT2   TT1   TT2   AT   X    Y    Z    BP1   BP2   TP1   TP2   HP   AP   PD    PC   HL EL BF SF   PF   BV     rpm             State MissionState Setpoint Error Depth 
2021-10-19 14:46:03,821:TEST-MODE:INFO: 23.66 23.14 23.29 23.35 0.00 0.01 0.00 0.00 10.52 10.55 10.03 10.04 0.00 0.00 79.92 0.00 0  0  0  None None 324.78 Buffering (0/1) STOP  IDLE         30.00    None  None  
2021-10-19 14:46:03,822:TEST-MODE:WARNING: Stopped
2021-10-19 14:46:04,301:TEST-MODE:ERROR: SENSOR ERROR: [X] Overflow value: [ovf]
2021-10-19 14:46:04,313:TEST-MODE:INFO: State.STOP
2021-10-19 14:46:04,315:TEST-MODE:INFO: BT1   BT2   TT1   TT2   AT   X    Y    Z    BP1   BP2   TP1   TP2   HP   AP   PD    PC   HL EL BF SF   PF   BV     rpm             State MissionState Setpoint Error Depth 
2021-10-19 14:46:04,316:TEST-MODE:INFO: 23.67 23.14 23.30 23.34 0.00 0.01 0.00 0.00 10.52 10.55 10.03 10.04 0.00 0.00 80.00 0.00 0  0  0  None None 324.71 Buffering (0/1) STOP  IDLE         30.00    None  None  
2021-10-19 14:46:04,317:TEST-MODE:WARNING: Stopped
2021-10-19 14:46:04,815:TEST-MODE:INFO: State.STOP
2021-10-19 14:46:04,817:TEST-MODE:INFO: BT1   BT2   TT1   TT2   AT   X    Y    Z    BP1   BP2   TP1   TP2   HP   AP   PD    PC   HL EL BF SF   PF   BV     rpm             State MissionState Setpoint Error Depth 
2021-10-19 14:46:04,819:TEST-MODE:INFO: 23.67 23.14 23.30 23.34 0.00 0.01 0.00 0.00 10.52 10.55 10.03 10.04 0.00 0.00 79.95 0.00 0  0  0  None None 324.96 Buffering (0/1) STOP  IDLE         30.00    None  None  
2021-10-19 14:46:04,820:TEST-MODE:WARNING: Stopped
2021-10-19 14:46:05,316:TEST-MODE:INFO: State.STOP
2021-10-19 14:46:05,318:TEST-MODE:INFO: BT1   BT2   TT1   TT2   AT   X    Y    Z    BP1   BP2   TP1   TP2   HP   AP   PD    PC   HL EL BF SF   PF   BV     rpm             State MissionState Setpoint Error Depth 
2021-10-19 14:46:05,320:TEST-MODE:INFO: 23.67 23.14 23.29 23.34 0.00 0.01 0.00 0.00 10.52 10.55 10.02 10.04 0.00 0.00 80.07 0.00 0  0  0  None None 325.09 Buffering (0/1) STOP  IDLE         30.00    None  None  
2021-10-19 14:46:05,321:TEST-MODE:WARNING: Stopped
2021-10-19 14:46:05,804:TEST-MODE:ERROR: SENSOR ERROR: [X] Overflow value: [ovf]
2021-10-19 14:46:05,816:TEST-MODE:INFO: State.STOP
2021-10-19 14:46:05,818:TEST-MODE:INFO: BT1   BT2   TT1   TT2   AT   X    Y    Z    BP1   BP2   TP1   TP2   HP   AP   PD    PC   HL EL BF SF   PF   BV     rpm             State MissionState Setpoint Error Depth 
2021-10-19 14:46:05,820:TEST-MODE:INFO: 23.67 23.14 23.29 23.34 0.00 0.01 0.00 0.00 10.52 10.55 10.03 10.04 0.00 0.00 79.92 0.00 0  0  0  None None 324.95 Buffering (0/1) STOP  IDLE         30.00    None  None  
2021-10-19 14:46:05,821:TEST-MODE:WARNING: Stopped
2021-10-19 14:46:06,310:TEST-MODE:ERROR: SENSOR ERROR: [HP] Overflow value: [ovf]
2021-10-19 14:46:06,317:TEST-MODE:INFO: State.STOP
2021-10-19 14:46:06,319:TEST-MODE:INFO: BT1   BT2   TT1   TT2   AT   X    Y    Z    BP1   BP2   TP1   TP2   HP   AP   PD    PC   HL EL BF SF   PF   BV     rpm             State MissionState Setpoint Error Depth 
2021-10-19 14:46:06,321:TEST-MODE:INFO: 23.66 23.14 23.28 23.34 0.00 0.01 0.00 0.00 10.51 10.55 10.03 10.04 0.00 0.00 79.97 0.00 0  0  0  None None 324.81 Buffering (0/1) STOP  IDLE         30.00    None  None  
2021-10-19 14:46:06,322:TEST-MODE:WARNING: Stopped
2021-10-19 14:46:06,816:TEST-MODE:INFO: State.STOP
2021-10-19 14:46:06,818:TEST-MODE:INFO: BT1   BT2   TT1   TT2   AT   X    Y    Z    BP1   BP2   TP1   TP2   HP   AP   PD    PC   HL EL BF SF   PF   BV     rpm             State MissionState Setpoint Error Depth 
2021-10-19 14:46:06,820:TEST-MODE:INFO: 23.66 23.14 23.28 23.35 0.00 0.01 0.00 0.00 10.52 10.55 10.02 10.04 0.00 0.00 80.01 0.00 0  0  0  None None 324.71 Buffering (0/1) STOP  IDLE         30.00    None  None  
2021-10-19 14:46:06,821:TEST-MODE:WARNING: Stopped
2021-10-19 14:46:07,315:TEST-MODE:INFO: State.STOP
2021-10-19 14:46:07,317:TEST-MODE:INFO: BT1   BT2   TT1   TT2   AT   X    Y    Z    BP1   BP2   TP1   TP2   HP   AP   PD    PC   HL EL BF SF   PF   BV     rpm             State MissionState Setpoint Error Depth 
2021-10-19 14:46:07,319:TEST-MODE:INFO: 23.67 23.13 23.28 23.35 0.00 0.01 0.00 0.00 10.52 10.55 10.03 10.04 0.00 0.00 79.94 0.00 0  0  0  None None 324.79 Buffering (0/1) STOP  IDLE         30.00    None  None  
2021-10-19 14:46:07,320:TEST-MODE:WARNING: Stopped
2021-10-19 14:46:07,512:TEST-MODE:INFO: 
2021-10-19 14:46:07,513:TEST-MODE:CRITICAL: System shutdown
2021-10-19 14:46:07,515:TEST-MODE:INFO: cleaning (resetting rpi gpio)
2021-10-19 14:46:07,516:TEST-MODE:INFO: sending sleep to nano
2021-10-19 14:46:07,519:TEST-MODE:INFO: waiting_for_nano_sleep
2021-10-19 14:46:07,520:TEST-MODE:INFO: nano is sleeping
