2021-10-21 15:08:29,595:WARNING: Safety is disabled
2021-10-21 15:08:29,597:WARNING: Test mode
2021-10-21 15:08:29,601:INFO: Pressure controller was initialized successfully
2021-10-21 15:08:29,603:INFO: BP1 pressure sensor was initialized successfully
2021-10-21 15:08:29,604:INFO: BP2 pressure sensor was initialized successfully
2021-10-21 15:08:29,605:INFO: TP1 pressure sensor was initialized successfully
2021-10-21 15:08:29,606:INFO: TP2 pressure sensor was initialized successfully
2021-10-21 15:08:29,607:INFO: HP pressure sensor was initialized successfully
2021-10-21 15:08:29,607:INFO: AP pressure sensor was initialized successfully
2021-10-21 15:08:29,608:INFO: Temperature controller was initialized successfully
2021-10-21 15:08:29,608:INFO: BT1 temperature sensor was initialized successfully
2021-10-21 15:08:29,609:INFO: BT2 temperature sensor was initialized successfully
2021-10-21 15:08:29,609:INFO: TT1 temperature sensor was initialized successfully
2021-10-21 15:08:29,610:INFO: TT2 temperature sensor was initialized successfully
2021-10-21 15:08:29,610:INFO: AT temperature sensor was initialized successfully
2021-10-21 15:08:29,611:INFO: IMU controller was initialized successfully
2021-10-21 15:08:29,611:INFO: X IMU sensor was initialized successfully
2021-10-21 15:08:29,612:INFO: Y IMU sensor was initialized successfully
2021-10-21 15:08:29,612:INFO: Z IMU sensor was initialized successfully
2021-10-21 15:08:29,613:INFO: Bladder volume controller was initialized successfully
2021-10-21 15:08:29,614:INFO: Altimeter controller was initialized successfully
2021-10-21 15:08:29,614:INFO: rpm controller was initialized successfully
2021-10-21 15:08:29,615:INFO: Pump flag controller was initialized successfully
2021-10-21 15:08:29,616:INFO: Bladder flag controller was initialized successfully
2021-10-21 15:08:29,616:INFO: Hull leak flag controller was initialized successfully
2021-10-21 15:08:29,617:INFO: Engine leak flag controller was initialized successfully
2021-10-21 15:08:29,617:INFO: Full surface initiated flag controller was initialized successfully
2021-10-21 15:08:29,621:INFO: SerialComm was initialized successfully
2021-10-21 15:08:29,632:INFO: Profile file loaded successfully

2021-10-21 15:08:29,633:INFO: Profile class was initialized successfully

2021-10-21 15:08:29,634:INFO: setting state to MissionState.IDLE
2021-10-21 15:08:29,662:ERROR: unknown header: LC:1082.00
2021-10-21 15:08:31,034:ERROR: unknown header: SU:0.00
2021-10-21 15:08:31,108:ERROR: unknown header: PS:2.00
2021-10-21 15:08:32,022:INFO: 
2021-10-21 15:08:32,023:CRITICAL: System shutdown
2021-10-21 15:08:32,025:INFO: cleaning (resetting rpi gpio)
