2021-10-21 14:22:24,955:WARNING: Test mode
2021-10-21 14:22:24,957:INFO: Pressure controller was initialized successfully
2021-10-21 14:22:24,957:INFO: BP1 pressure sensor was initialized successfully
2021-10-21 14:22:24,958:INFO: BP2 pressure sensor was initialized successfully
2021-10-21 14:22:24,958:INFO: TP1 pressure sensor was initialized successfully
2021-10-21 14:22:24,959:INFO: TP2 pressure sensor was initialized successfully
2021-10-21 14:22:24,959:INFO: HP pressure sensor was initialized successfully
2021-10-21 14:22:24,960:INFO: AP pressure sensor was initialized successfully
2021-10-21 14:22:24,960:INFO: Temperature controller was initialized successfully
2021-10-21 14:22:24,961:INFO: BT1 temperature sensor was initialized successfully
2021-10-21 14:22:24,962:INFO: BT2 temperature sensor was initialized successfully
2021-10-21 14:22:24,962:INFO: TT1 temperature sensor was initialized successfully
2021-10-21 14:22:24,963:INFO: TT2 temperature sensor was initialized successfully
2021-10-21 14:22:24,963:INFO: AT temperature sensor was initialized successfully
2021-10-21 14:22:24,963:INFO: IMU controller was initialized successfully
2021-10-21 14:22:24,964:INFO: X IMU sensor was initialized successfully
2021-10-21 14:22:24,964:INFO: Y IMU sensor was initialized successfully
2021-10-21 14:22:24,965:INFO: Z IMU sensor was initialized successfully
2021-10-21 14:22:24,965:INFO: Bladder volume controller was initialized successfully
2021-10-21 14:22:24,965:INFO: Altimeter controller was initialized successfully
2021-10-21 14:22:24,966:INFO: rpm controller was initialized successfully
2021-10-21 14:22:24,966:INFO: Pump flag controller was initialized successfully
2021-10-21 14:22:24,966:INFO: Bladder flag controller was initialized successfully
2021-10-21 14:22:24,967:INFO: Hull leak flag controller was initialized successfully
2021-10-21 14:22:24,967:INFO: Engine leak flag controller was initialized successfully
2021-10-21 14:22:24,967:INFO: Full surface initiated flag controller was initialized successfully
2021-10-21 14:22:24,970:INFO: SerialComm was initialized successfully
2021-10-21 14:22:24,974:INFO: SerialComm was initialized successfully
2021-10-21 14:22:24,984:INFO: Profile file loaded successfully

2021-10-21 14:22:24,985:INFO: Profile class was initialized successfully

2021-10-21 14:22:24,985:INFO: setting state to MissionState.IDLE
2021-10-21 14:22:24,991:ERROR: unknown header: V:360.12
2021-10-21 14:22:24,998:ERROR: unknown header: LC:784.00
2021-10-21 14:22:26,384:ERROR: unknown header: SU:0.00
2021-10-21 14:22:26,459:ERROR: unknown header: PS:2.00
2021-10-21 14:22:28,432:ERROR: unknown header: Date: 10/21/2021 Time
2021-10-21 14:22:30,131:ERROR: unknown header: SU:1.00
2021-10-21 14:22:30,133:ERROR: unknown header: LC:1.00
2021-10-21 14:22:30,634:INFO: State.STOP
2021-10-21 14:22:30,635:INFO: BT1             BT2             TT1             TT2             AT              X               Y               Z               BP1             BP2             TP1             TP2             HP              AP              PD   PC     HL EL BF SF   PF   BV     rpm             State MissionState Setpoint Error Depth 
2021-10-21 14:22:30,636:INFO: Buffering (3/5) Buffering (3/5) Buffering (2/5) Buffering (2/5) Buffering (2/5) Buffering (1/5) Buffering (1/5) Buffering (1/5) Buffering (3/5) Buffering (4/5) Buffering (2/5) Buffering (2/5) Buffering (4/5) Buffering (2/5) 1.49 100.00 0  0  0  None None 360.41 Buffering (0/1) STOP  IDLE         30.00    None  None  
2021-10-21 14:22:30,637:WARNING: Stopped
2021-10-21 14:22:30,674:ERROR: unknown header: LC:2.00
2021-10-21 14:22:31,172:INFO: State.STOP
2021-10-21 14:22:31,174:INFO: BT1             BT2             TT1             TT2             AT              X               Y               Z               BP1             BP2   TP1             TP2             HP      AP              PD   PC     HL EL BF SF   PF   BV     rpm             State MissionState Setpoint Error Depth 
2021-10-21 14:22:31,175:INFO: Buffering (4/5) Buffering (4/5) Buffering (3/5) Buffering (3/5) Buffering (3/5) Buffering (2/5) Buffering (2/5) Buffering (2/5) Buffering (4/5) 11.51 Buffering (3/5) Buffering (3/5) 1176.10 Buffering (3/5) 1.49 100.00 0  0  0  None None 360.51 Buffering (0/1) STOP  IDLE         30.00    None  None  
2021-10-21 14:22:31,176:WARNING: Stopped
2021-10-21 14:22:31,186:ERROR: unknown header: LC:3.00
2021-10-21 14:22:31,685:INFO: State.STOP
2021-10-21 14:22:31,686:INFO: BT1   BT2    TT1             TT2             AT              X               Y               Z               BP1   BP2   TP1             TP2             HP      AP              PD   PC     HL EL BF SF   PF   BV     rpm             State MissionState Setpoint Error Depth 
2021-10-21 14:22:31,687:INFO: 25.06 -83.39 Buffering (4/5) Buffering (4/5) Buffering (4/5) Buffering (3/5) Buffering (3/5) Buffering (3/5) 11.25 11.51 Buffering (4/5) Buffering (4/5) 1176.06 Buffering (4/5) 1.49 100.00 0  0  0  None None 360.48 Buffering (0/1) STOP  IDLE         30.00    None  None  
2021-10-21 14:22:31,688:WARNING: Stopped
2021-10-21 14:22:31,713:ERROR: unknown header: LC:4.00
2021-10-21 14:22:32,210:INFO: State.STOP
2021-10-21 14:22:32,211:INFO: BT1   BT2    TT1   TT2   AT    X               Y               Z               BP1   BP2   TP1   TP2   HP      AP      PD   PC     HL EL BF SF   PF   BV     rpm             State MissionState Setpoint Error Depth 
2021-10-21 14:22:32,212:INFO: 25.06 -83.40 24.65 24.84 24.24 Buffering (4/5) Buffering (4/5) Buffering (4/5) 11.25 11.51 10.32 10.45 1176.00 7711.38 1.49 100.00 0  0  0  None None 360.62 Buffering (0/1) STOP  IDLE         30.00    None  None  
2021-10-21 14:22:32,213:WARNING: Stopped
2021-10-21 14:22:32,220:ERROR: unknown header: LC:5.00
2021-10-21 14:22:32,719:WARNING: restarting
2021-10-21 14:22:32,726:INFO: State.INIT
2021-10-21 14:22:32,728:INFO: BT1             BT2             TT1             TT2             AT              X               Y               Z               BP1             BP2             TP1             TP2             HP              AP              PD PC HL   EL   BF   SF   PF   BV rpm             State MissionState Setpoint Error Depth 
2021-10-21 14:22:32,728:INFO: Buffering (0/5) Buffering (0/5) Buffering (0/5) Buffering (0/5) Buffering (0/5) Buffering (0/5) Buffering (0/5) Buffering (0/5) Buffering (0/5) Buffering (0/5) Buffering (0/5) Buffering (0/5) Buffering (0/5) Buffering (0/5) 0  0  None None None None None 0  Buffering (0/1) INIT  IDLE         30.00    None  None  
2021-10-21 14:22:32,757:ERROR: unknown header: LC:6.00
2021-10-21 14:22:33,247:INFO: State.WAIT_FOR_SAFETY
2021-10-21 14:22:33,248:INFO: BT1             BT2             TT1             TT2             AT              X               Y               Z               BP1             BP2             TP1             TP2             HP              AP              PD   PC     HL EL BF SF   PF   BV     rpm             State           MissionState Setpoint Error Depth 
2021-10-21 14:22:33,249:INFO: Buffering (1/5) Buffering (1/5) Buffering (1/5) Buffering (1/5) Buffering (1/5) Buffering (1/5) Buffering (1/5) Buffering (1/5) Buffering (1/5) Buffering (1/5) Buffering (1/5) Buffering (1/5) Buffering (1/5) Buffering (1/5) 1.49 100.00 0  0  0  None None 360.68 Buffering (0/1) WAIT_FOR_SAFETY IDLE         30.00    None  None  
2021-10-21 14:22:33,250:INFO: waiting for safety to respond
2021-10-21 14:22:33,352:INFO: safety sleep was interrupted
2021-10-21 14:22:33,353:INFO: waking safety up
2021-10-21 14:22:33,459:ERROR: unknown header: LC:7.00
2021-10-21 14:22:33,755:INFO: State.WAIT_FOR_SAFETY
2021-10-21 14:22:33,756:INFO: BT1             BT2             TT1             TT2             AT              X               Y               Z               BP1             BP2             TP1             TP2             HP              AP              PD   PC     HL EL BF SF   PF   BV     rpm             State           MissionState Setpoint Error Depth 
2021-10-21 14:22:33,757:INFO: Buffering (2/5) Buffering (2/5) Buffering (2/5) Buffering (2/5) Buffering (2/5) Buffering (1/5) Buffering (1/5) Buffering (1/5) Buffering (2/5) Buffering (2/5) Buffering (2/5) Buffering (2/5) Buffering (2/5) Buffering (2/5) 1.49 100.00 0  0  0  None None 360.68 Buffering (0/1) WAIT_FOR_SAFETY IDLE         30.00    None  None  
2021-10-21 14:22:33,758:INFO: waiting for safety to ping
2021-10-21 14:22:33,784:ERROR: unknown header: LC:8.00
2021-10-21 14:22:34,283:INFO: State.WAIT_FOR_SAFETY
2021-10-21 14:22:34,284:INFO: BT1             BT2             TT1             TT2             AT              X               Y               Z               BP1             BP2             TP1             TP2             HP              AP              PD   PC     HL EL BF SF   PF   BV     rpm             State           MissionState Setpoint Error Depth 
2021-10-21 14:22:34,285:INFO: Buffering (3/5) Buffering (3/5) Buffering (3/5) Buffering (3/5) Buffering (3/5) Buffering (2/5) Buffering (2/5) Buffering (2/5) Buffering (3/5) Buffering (3/5) Buffering (3/5) Buffering (3/5) Buffering (3/5) Buffering (3/5) 1.49 100.00 0  0  0  None None 360.65 Buffering (0/1) WAIT_FOR_SAFETY IDLE         30.00    None  None  
2021-10-21 14:22:34,286:INFO: waiting for safety to ping
2021-10-21 14:22:34,295:ERROR: unknown header: LC:9.00
2021-10-21 14:22:34,791:INFO: State.WAIT_FOR_SAFETY
2021-10-21 14:22:34,792:INFO: BT1             BT2             TT1             TT2             AT              X               Y               Z               BP1             BP2             TP1             TP2             HP              AP              PD   PC     HL EL BF SF   PF   BV     rpm             State           MissionState Setpoint Error Depth 
2021-10-21 14:22:34,793:INFO: Buffering (4/5) Buffering (4/5) Buffering (4/5) Buffering (4/5) Buffering (4/5) Buffering (3/5) Buffering (3/5) Buffering (3/5) Buffering (4/5) Buffering (4/5) Buffering (4/5) Buffering (4/5) Buffering (4/5) Buffering (4/5) 1.49 100.00 0  0  0  None None 360.72 Buffering (0/1) WAIT_FOR_SAFETY IDLE         30.00    None  None  
2021-10-21 14:22:34,794:INFO: waiting for safety to ping
2021-10-21 14:22:34,819:ERROR: unknown header: LC:10.00
2021-10-21 14:22:35,319:INFO: State.WAIT_FOR_SAFETY
2021-10-21 14:22:35,321:INFO: BT1   BT2   TT1   TT2   AT    X               Y               Z               BP1   BP2   TP1   TP2   HP      AP      PD   PC     HL EL BF SF   PF   BV     rpm             State           MissionState Setpoint Error Depth 
2021-10-21 14:22:35,322:INFO: 25.14 24.57 24.51 24.77 24.28 Buffering (3/5) Buffering (3/5) Buffering (3/5) 11.25 11.52 10.32 10.46 1175.92 7707.72 1.49 100.00 0  0  0  None None 360.89 Buffering (0/1) WAIT_FOR_SAFETY IDLE         30.00    None  None  
2021-10-21 14:22:35,323:INFO: waiting for safety to ping
2021-10-21 14:22:35,332:ERROR: unknown header: LC:11.00
2021-10-21 14:22:35,827:INFO: State.WAIT_FOR_SAFETY
2021-10-21 14:22:35,829:INFO: BT1   BT2   TT1   TT2   AT    X               Y               Z               BP1   BP2   TP1   TP2   HP      AP      PD   PC     HL EL BF SF   PF   BV     rpm             State           MissionState Setpoint Error Depth 
2021-10-21 14:22:35,829:INFO: 25.14 24.57 24.51 24.77 24.28 Buffering (4/5) Buffering (4/5) Buffering (4/5) 11.25 11.52 10.32 10.46 1175.86 7707.58 1.49 100.00 0  0  0  None None 360.78 Buffering (0/1) WAIT_FOR_SAFETY IDLE         30.00    None  None  
2021-10-21 14:22:35,830:INFO: waiting for safety to ping
2021-10-21 14:22:35,855:ERROR: unknown header: LC:12.00
2021-10-21 14:22:36,356:INFO: State.WAIT_FOR_SAFETY
2021-10-21 14:22:36,357:INFO: BT1   BT2   TT1   TT2   AT    X               Y               Z               BP1   BP2   TP1   TP2   HP      AP      PD   PC     HL EL BF SF   PF   BV     rpm             State           MissionState Setpoint Error Depth 
2021-10-21 14:22:36,358:INFO: 25.14 24.57 24.51 24.77 24.28 Buffering (4/5) Buffering (4/5) Buffering (4/5) 11.25 11.52 10.32 10.46 1175.76 7707.24 1.49 100.00 0  0  0  None None 360.93 Buffering (0/1) WAIT_FOR_SAFETY IDLE         30.00    None  None  
2021-10-21 14:22:36,359:INFO: waiting for safety to ping
2021-10-21 14:22:36,417:ERROR: unknown header: LC:13.00
2021-10-21 14:22:36,916:INFO: State.WAIT_FOR_SAFETY
2021-10-21 14:22:36,918:INFO: BT1   BT2   TT1   TT2   AT    X     Y     Z     BP1   BP2   TP1   TP2   HP      AP      PD   PC     HL EL BF SF   PF   BV     rpm             State           MissionState Setpoint Error Depth 
2021-10-21 14:22:36,919:INFO: 25.14 24.57 24.50 24.77 24.28 -0.00 -0.00 -0.00 11.25 11.52 10.32 10.46 1175.80 7706.84 1.49 100.00 0  0  0  None None 360.97 Buffering (0/1) WAIT_FOR_SAFETY IDLE         30.00    None  None  
2021-10-21 14:22:36,919:INFO: waiting for safety to ping
2021-10-21 14:22:36,926:ERROR: unknown header: LC:14.00
2021-10-21 14:22:37,424:INFO: State.WAIT_FOR_SAFETY
2021-10-21 14:22:37,426:INFO: BT1   BT2   TT1   TT2   AT    X     Y     Z     BP1   BP2   TP1   TP2   HP      AP      PD   PC     HL EL BF SF   PF   BV     rpm             State           MissionState Setpoint Error Depth 
2021-10-21 14:22:37,427:INFO: 25.14 24.57 24.50 24.77 24.28 -0.00 -0.00 -0.00 11.25 11.52 10.32 10.46 1175.66 7706.48 1.49 100.00 0  0  0  None None 360.96 Buffering (0/1) WAIT_FOR_SAFETY IDLE         30.00    None  None  
2021-10-21 14:22:37,428:INFO: waiting for safety to ping
2021-10-21 14:22:37,453:ERROR: unknown header: LC:15.00
2021-10-21 14:22:37,953:INFO: State.WAIT_FOR_SAFETY
2021-10-21 14:22:37,954:INFO: BT1   BT2   TT1   TT2   AT    X    Y     Z    BP1   BP2   TP1   TP2   HP      AP      PD   PC     HL EL BF SF   PF   BV     rpm             State           MissionState Setpoint Error Depth 
2021-10-21 14:22:37,955:INFO: 25.14 24.58 24.50 24.77 24.28 0.00 -0.01 0.00 11.25 11.52 10.32 10.46 1175.72 7706.28 1.49 100.00 0  0  0  None None 361.03 Buffering (0/1) WAIT_FOR_SAFETY IDLE         30.00    None  None  
2021-10-21 14:22:37,956:INFO: waiting for safety to ping
2021-10-21 14:22:37,963:ERROR: unknown header: LC:16.00
2021-10-21 14:22:38,463:INFO: State.WAIT_FOR_SAFETY
2021-10-21 14:22:38,464:INFO: BT1   BT2   TT1   TT2   AT    X    Y     Z    BP1   BP2   TP1   TP2   HP      AP      PD   PC     HL EL BF SF   PF   BV     rpm             State           MissionState Setpoint Error Depth 
2021-10-21 14:22:38,465:INFO: 25.14 24.57 24.50 24.78 24.28 0.00 -0.01 0.00 11.25 11.51 10.32 10.46 1175.74 7706.00 1.49 100.00 0  0  0  None None 360.99 Buffering (0/1) WAIT_FOR_SAFETY IDLE         30.00    None  None  
2021-10-21 14:22:38,466:INFO: waiting for safety to ping
2021-10-21 14:22:38,492:ERROR: unknown header: LC:17.00
2021-10-21 14:22:38,990:INFO: State.WAIT_FOR_SAFETY
2021-10-21 14:22:38,992:INFO: BT1   BT2   TT1   TT2   AT    X     Y     Z    BP1   BP2   TP1   TP2   HP      AP      PD   PC     HL EL BF SF   PF   BV     rpm             State           MissionState Setpoint Error Depth 
2021-10-21 14:22:38,993:INFO: 25.14 24.56 24.50 24.78 24.27 -0.01 -0.00 0.00 11.25 11.52 10.32 10.46 1175.60 7705.76 1.49 100.00 0  0  0  None None 361.08 Buffering (0/1) WAIT_FOR_SAFETY IDLE         30.00    None  None  
2021-10-21 14:22:38,994:INFO: waiting for safety to ping
2021-10-21 14:22:39,002:ERROR: unknown header: LC:18.00
2021-10-21 14:22:39,501:INFO: State.WAIT_FOR_SAFETY
2021-10-21 14:22:39,502:INFO: BT1   BT2   TT1   TT2   AT    X     Y     Z    BP1   BP2   TP1   TP2   HP      AP      PD   PC     HL EL BF SF   PF   BV     rpm             State           MissionState Setpoint Error Depth 
2021-10-21 14:22:39,503:INFO: 25.14 24.56 24.50 24.78 24.27 -0.01 -0.00 0.00 11.25 11.51 10.31 10.46 1175.66 7705.56 1.49 100.00 0  0  0  None None 361.09 Buffering (0/1) WAIT_FOR_SAFETY IDLE         30.00    None  None  
2021-10-21 14:22:39,504:INFO: waiting for safety to ping
2021-10-21 14:22:39,527:ERROR: unknown header: LC:19.00
2021-10-21 14:22:40,027:INFO: State.WAIT_FOR_SAFETY
2021-10-21 14:22:40,029:INFO: BT1   BT2   TT1   TT2   AT    X     Y     Z    BP1   BP2   TP1   TP2   HP      AP      PD   PC     HL EL BF SF   PF   BV     rpm             State           MissionState Setpoint Error Depth 
2021-10-21 14:22:40,030:INFO: 25.14 24.56 24.50 24.78 24.27 -0.01 -0.00 0.00 11.25 11.52 10.32 10.46 1175.80 7705.36 1.49 100.00 0  0  0  None None 361.11 Buffering (0/1) WAIT_FOR_SAFETY IDLE         30.00    None  None  
2021-10-21 14:22:40,031:INFO: waiting for safety to ping
2021-10-21 14:22:40,037:ERROR: unknown header: LC:20.00
2021-10-21 14:22:40,536:INFO: State.WAIT_FOR_SAFETY
2021-10-21 14:22:40,537:INFO: BT1   BT2   TT1   TT2   AT    X     Y     Z    BP1   BP2   TP1   TP2   HP      AP      PD   PC     HL EL BF SF   PF   BV     rpm             State           MissionState Setpoint Error Depth 
2021-10-21 14:22:40,538:INFO: 25.14 24.56 24.50 24.77 24.27 -0.01 -0.00 0.00 11.25 11.52 10.31 10.46 1175.72 7705.04 1.49 100.00 0  0  0  None None 361.24 Buffering (0/1) WAIT_FOR_SAFETY IDLE         30.00    None  None  
2021-10-21 14:22:40,539:INFO: waiting for safety to ping
2021-10-21 14:22:40,563:ERROR: unknown header: LC:21.00
2021-10-21 14:22:41,062:INFO: State.WAIT_FOR_SAFETY
2021-10-21 14:22:41,063:INFO: BT1   BT2   TT1   TT2   AT    X     Y     Z    BP1   BP2   TP1   TP2   HP      AP      PD   PC     HL EL BF SF   PF   BV     rpm             State           MissionState Setpoint Error Depth 
2021-10-21 14:22:41,064:INFO: 25.14 24.55 24.50 24.77 24.27 -0.01 -0.01 0.00 11.25 11.52 10.31 10.46 1175.90 7704.78 1.49 100.00 0  0  0  None None 361.21 Buffering (0/1) WAIT_FOR_SAFETY IDLE         30.00    None  None  
2021-10-21 14:22:41,065:INFO: waiting for safety to ping
2021-10-21 14:22:41,074:ERROR: unknown header: LC:22.00
2021-10-21 14:22:41,574:INFO: State.WAIT_FOR_SAFETY
2021-10-21 14:22:41,575:INFO: BT1   BT2   TT1   TT2   AT    X     Y     Z    BP1   BP2   TP1   TP2   HP      AP      PD   PC     HL EL BF SF   PF   BV     rpm             State           MissionState Setpoint Error Depth 
2021-10-21 14:22:41,576:INFO: 25.14 24.56 24.50 24.77 24.27 -0.01 -0.01 0.00 11.25 11.52 10.31 10.46 1176.10 7704.52 1.49 100.00 0  0  0  None None 361.27 Buffering (0/1) WAIT_FOR_SAFETY IDLE         30.00    None  None  
2021-10-21 14:22:41,577:INFO: waiting for safety to ping
2021-10-21 14:22:41,599:ERROR: unknown header: LC:23.00
2021-10-21 14:22:42,098:INFO: State.WAIT_FOR_SAFETY
2021-10-21 14:22:42,100:INFO: BT1   BT2   TT1   TT2   AT    X     Y    Z    BP1   BP2   TP1   TP2   HP      AP      PD   PC     HL EL BF SF   PF   BV     rpm             State           MissionState Setpoint Error Depth 
2021-10-21 14:22:42,101:INFO: 25.14 24.55 24.50 24.77 24.27 -0.01 0.00 0.00 11.25 11.52 10.31 10.46 1176.04 7704.30 1.49 100.00 0  0  0  None None 361.25 Buffering (0/1) WAIT_FOR_SAFETY IDLE         30.00    None  None  
2021-10-21 14:22:42,101:INFO: waiting for safety to ping
2021-10-21 14:22:42,108:ERROR: unknown header: LC:24.00
2021-10-21 14:22:42,605:INFO: State.WAIT_FOR_SAFETY
2021-10-21 14:22:42,607:INFO: BT1   BT2   TT1   TT2   AT    X     Y    Z    BP1   BP2   TP1   TP2   HP      AP      PD   PC     HL EL BF SF   PF   BV     rpm             State           MissionState Setpoint Error Depth 
2021-10-21 14:22:42,608:INFO: 25.14 24.54 24.51 24.76 24.27 -0.01 0.00 0.00 11.25 11.51 10.31 10.46 1176.10 7704.14 1.49 100.00 0  0  0  None None 361.22 Buffering (0/1) WAIT_FOR_SAFETY IDLE         30.00    None  None  
2021-10-21 14:22:42,608:INFO: waiting for safety to ping
2021-10-21 14:22:42,631:ERROR: unknown header: LC:25.00
2021-10-21 14:22:43,130:INFO: State.WAIT_FOR_SAFETY
2021-10-21 14:22:43,132:INFO: BT1   BT2   TT1   TT2   AT    X     Y    Z    BP1   BP2   TP1   TP2   HP      AP      PD   PC     HL EL BF SF   PF   BV     rpm             State           MissionState Setpoint Error Depth 
2021-10-21 14:22:43,133:INFO: 25.14 24.54 24.51 24.76 24.27 -0.01 0.00 0.00 11.25 11.51 10.31 10.46 1176.14 7703.94 1.49 100.00 0  0  0  None None 361.39 Buffering (0/1) WAIT_FOR_SAFETY IDLE         30.00    None  None  
2021-10-21 14:22:43,134:INFO: waiting for safety to ping
2021-10-21 14:22:43,141:ERROR: unknown header: LC:26.00
2021-10-21 14:22:43,641:INFO: State.WAIT_FOR_SAFETY
2021-10-21 14:22:43,642:INFO: BT1   BT2   TT1   TT2   AT    X     Y    Z    BP1   BP2   TP1   TP2   HP      AP      PD   PC     HL EL BF SF   PF   BV     rpm             State           MissionState Setpoint Error Depth 
2021-10-21 14:22:43,643:INFO: 25.14 24.56 24.51 24.76 24.27 -0.01 0.00 0.00 11.25 11.51 10.32 10.46 1175.94 7703.66 1.49 100.00 0  0  0  None None 361.39 Buffering (0/1) WAIT_FOR_SAFETY IDLE         30.00    None  None  
2021-10-21 14:22:43,644:INFO: waiting for safety to ping
2021-10-21 14:22:43,668:ERROR: unknown header: LC:27.00
2021-10-21 14:22:44,167:INFO: State.WAIT_FOR_SAFETY
2021-10-21 14:22:44,168:INFO: BT1   BT2   TT1   TT2   AT    X    Y    Z    BP1   BP2   TP1   TP2   HP      AP      PD   PC     HL EL BF SF   PF   BV     rpm             State           MissionState Setpoint Error Depth 
2021-10-21 14:22:44,169:INFO: 25.14 24.57 24.51 24.76 24.27 0.00 0.00 0.00 11.25 11.51 10.32 10.46 1175.90 7703.40 1.49 100.00 0  0  0  None None 361.49 Buffering (0/1) WAIT_FOR_SAFETY IDLE         30.00    None  None  
2021-10-21 14:22:44,170:INFO: waiting for safety to ping
2021-10-21 14:22:44,178:ERROR: unknown header: LC:28.00
2021-10-21 14:22:44,677:INFO: State.WAIT_FOR_SAFETY
2021-10-21 14:22:44,679:INFO: BT1   BT2   TT1   TT2   AT    X    Y    Z    BP1   BP2   TP1   TP2   HP      AP      PD   PC     HL EL BF SF   PF   BV     rpm             State           MissionState Setpoint Error Depth 
2021-10-21 14:22:44,680:INFO: 25.14 24.57 24.51 24.75 24.27 0.00 0.00 0.00 11.25 11.51 10.32 10.45 1175.76 7703.08 1.49 100.00 0  0  0  None None 361.49 Buffering (0/1) WAIT_FOR_SAFETY IDLE         30.00    None  None  
2021-10-21 14:22:44,681:INFO: waiting for safety to ping
2021-10-21 14:22:44,704:ERROR: unknown header: LC:29.00
2021-10-21 14:22:45,202:INFO: State.WAIT_FOR_SAFETY
2021-10-21 14:22:45,204:INFO: BT1   BT2   TT1   TT2   AT    X    Y     Z    BP1   BP2   TP1   TP2   HP      AP      PD   PC     HL EL BF SF   PF   BV     rpm             State           MissionState Setpoint Error Depth 
2021-10-21 14:22:45,205:INFO: 25.14 24.58 24.50 24.75 24.27 0.01 -0.01 0.00 11.25 11.51 10.32 10.45 1175.70 7702.64 1.49 100.00 0  0  0  None None 361.55 Buffering (0/1) WAIT_FOR_SAFETY IDLE         30.00    None  None  
2021-10-21 14:22:45,206:INFO: waiting for safety to ping
2021-10-21 14:22:45,212:ERROR: unknown header: LC:30.00
2021-10-21 14:22:45,713:INFO: State.WAIT_FOR_SAFETY
2021-10-21 14:22:45,714:INFO: BT1   BT2   TT1   TT2   AT    X    Y     Z    BP1   BP2   TP1   TP2   HP      AP      PD   PC     HL EL BF SF   PF   BV     rpm             State           MissionState Setpoint Error Depth 
2021-10-21 14:22:45,715:INFO: 25.14 24.58 24.50 24.75 24.27 0.01 -0.01 0.00 11.25 11.51 10.32 10.45 1175.94 7702.32 1.49 100.00 0  0  0  None None 361.66 Buffering (0/1) WAIT_FOR_SAFETY IDLE         30.00    None  None  
2021-10-21 14:22:45,716:INFO: waiting for safety to ping
2021-10-21 14:22:45,739:ERROR: unknown header: LC:31.00
2021-10-21 14:22:46,245:INFO: State.WAIT_FOR_SAFETY
2021-10-21 14:22:46,246:INFO: BT1   BT2   TT1   TT2   AT    X    Y     Z    BP1   BP2   TP1   TP2   HP      AP      PD   PC     HL EL BF SF   PF   BV     rpm             State           MissionState Setpoint Error Depth 
2021-10-21 14:22:46,248:INFO: 25.14 24.59 24.50 24.74 24.27 0.01 -0.01 0.00 11.25 11.51 10.32 10.46 1176.06 7701.88 1.49 100.00 0  0  0  None None 361.71 Buffering (0/1) WAIT_FOR_SAFETY IDLE         30.00    None  None  
2021-10-21 14:22:46,248:INFO: waiting for safety to ping
2021-10-21 14:22:46,255:ERROR: unknown header: LC:32.00
2021-10-21 14:22:46,747:INFO: State.WAIT_FOR_SAFETY
2021-10-21 14:22:46,748:INFO: BT1   BT2   TT1   TT2   AT    X    Y     Z    BP1   BP2   TP1   TP2   HP      AP      PD   PC     HL EL BF SF   PF   BV     rpm             State           MissionState Setpoint Error Depth 
2021-10-21 14:22:46,749:INFO: 25.14 24.59 24.50 24.74 24.27 0.01 -0.01 0.00 11.25 11.51 10.32 10.46 1176.10 7701.76 1.49 100.00 0  0  0  None None 361.55 Buffering (0/1) WAIT_FOR_SAFETY IDLE         30.00    None  None  
2021-10-21 14:22:46,750:INFO: waiting for safety to ping
2021-10-21 14:22:46,773:ERROR: unknown header: LC:33.00
2021-10-21 14:22:47,274:INFO: State.WAIT_FOR_SAFETY
2021-10-21 14:22:47,275:INFO: BT1   BT2   TT1   TT2   AT    X    Y     Z    BP1   BP2   TP1   TP2   HP      AP      PD   PC     HL EL BF SF   PF   BV     rpm             State           MissionState Setpoint Error Depth 
2021-10-21 14:22:47,277:INFO: 25.14 24.59 24.50 24.74 24.27 0.01 -0.00 0.00 11.24 11.51 10.32 10.46 1176.42 7701.40 1.49 100.00 0  0  0  None None 361.79 Buffering (0/1) WAIT_FOR_SAFETY IDLE         30.00    None  None  
2021-10-21 14:22:47,278:INFO: waiting for safety to ping
2021-10-21 14:22:47,285:ERROR: unknown header: LC:34.00
2021-10-21 14:22:47,783:INFO: State.WAIT_FOR_SAFETY
2021-10-21 14:22:47,784:INFO: BT1   BT2   TT1   TT2   AT    X    Y     Z    BP1   BP2   TP1   TP2   HP      AP      PD   PC     HL EL BF SF   PF   BV     rpm             State           MissionState Setpoint Error Depth 
2021-10-21 14:22:47,785:INFO: 25.14 24.59 24.50 24.74 24.27 0.01 -0.00 0.00 11.24 11.51 10.32 10.46 1176.54 7701.12 1.49 100.00 0  0  0  None None 361.76 Buffering (0/1) WAIT_FOR_SAFETY IDLE         30.00    None  None  
2021-10-21 14:22:47,786:INFO: waiting for safety to ping
2021-10-21 14:22:47,809:ERROR: unknown header: LC:35.00
2021-10-21 14:22:48,309:INFO: State.WAIT_FOR_SAFETY
2021-10-21 14:22:48,310:INFO: BT1   BT2   TT1   TT2   AT    X    Y     Z    BP1   BP2   TP1   TP2   HP      AP      PD   PC     HL EL BF SF   PF   BV     rpm             State           MissionState Setpoint Error Depth 
2021-10-21 14:22:48,311:INFO: 25.14 24.58 24.51 24.74 24.27 0.01 -0.00 0.00 11.24 11.52 10.32 10.46 1176.46 7700.88 1.49 100.00 0  0  0  None None 361.80 Buffering (0/1) WAIT_FOR_SAFETY IDLE         30.00    None  None  
2021-10-21 14:22:48,312:INFO: waiting for safety to ping
2021-10-21 14:22:48,374:ERROR: unknown header: LC:36.00
2021-10-21 14:22:48,872:INFO: State.WAIT_FOR_SAFETY
2021-10-21 14:22:48,874:INFO: BT1   BT2   TT1   TT2   AT    X     Y     Z    BP1   BP2   TP1   TP2   HP      AP      PD   PC     HL EL BF SF   PF   BV     rpm             State           MissionState Setpoint Error Depth 
2021-10-21 14:22:48,875:INFO: 25.14 24.57 24.51 24.74 24.27 -0.00 -0.01 0.00 11.24 11.52 10.32 10.46 1176.56 7700.76 1.49 100.00 0  0  0  None None 361.80 Buffering (0/1) WAIT_FOR_SAFETY IDLE         30.00    None  None  
2021-10-21 14:22:48,875:INFO: waiting for safety to ping
2021-10-21 14:22:48,882:ERROR: unknown header: LC:37.00
2021-10-21 14:22:49,381:INFO: State.WAIT_FOR_SAFETY
2021-10-21 14:22:49,382:INFO: BT1   BT2   TT1   TT2   AT    X     Y     Z    BP1   BP2   TP1   TP2   HP      AP      PD   PC     HL EL BF SF   PF   BV     rpm             State           MissionState Setpoint Error Depth 
2021-10-21 14:22:49,383:INFO: 25.14 24.56 24.51 24.74 24.27 -0.00 -0.01 0.00 11.25 11.51 10.32 10.46 1176.72 7700.44 1.49 100.00 0  0  0  None None 361.79 Buffering (0/1) WAIT_FOR_SAFETY IDLE         30.00    None  None  
2021-10-21 14:22:49,384:INFO: waiting for safety to ping
2021-10-21 14:22:49,410:ERROR: unknown header: LC:38.00
2021-10-21 14:22:49,909:INFO: State.WAIT_FOR_SAFETY
2021-10-21 14:22:49,910:INFO: BT1   BT2   TT1   TT2   AT    X     Y     Z    BP1   BP2   TP1   TP2   HP      AP      PD   PC     HL EL BF SF   PF   BV     rpm             State           MissionState Setpoint Error Depth 
2021-10-21 14:22:49,911:INFO: 25.14 24.56 24.51 24.74 24.27 -0.02 -0.00 0.00 11.25 11.52 10.32 10.46 1176.58 7700.32 1.49 100.00 0  0  0  None None 361.85 Buffering (0/1) WAIT_FOR_SAFETY IDLE         30.00    None  None  
2021-10-21 14:22:49,912:INFO: waiting for safety to ping
2021-10-21 14:22:49,919:ERROR: unknown header: LC:39.00
2021-10-21 14:22:50,417:INFO: State.WAIT_FOR_SAFETY
2021-10-21 14:22:50,418:INFO: BT1   BT2   TT1   TT2   AT    X     Y     Z    BP1   BP2   TP1   TP2   HP      AP      PD   PC     HL EL BF SF   PF   BV     rpm             State           MissionState Setpoint Error Depth 
2021-10-21 14:22:50,420:INFO: 25.14 24.55 24.51 24.74 24.27 -0.02 -0.00 0.00 11.25 11.52 10.32 10.46 1176.46 7700.16 1.49 100.00 0  0  0  None None 361.88 Buffering (0/1) WAIT_FOR_SAFETY IDLE         30.00    None  None  
2021-10-21 14:22:50,421:INFO: waiting for safety to ping
2021-10-21 14:22:50,447:ERROR: unknown header: LC:40.00
2021-10-21 14:22:50,945:INFO: State.WAIT_FOR_SAFETY
2021-10-21 14:22:50,946:INFO: BT1   BT2   TT1   TT2   AT    X     Y    Z    BP1   BP2   TP1   TP2   HP      AP      PD   PC     HL EL BF SF   PF   BV     rpm             State           MissionState Setpoint Error Depth 
2021-10-21 14:22:50,947:INFO: 25.14 24.55 24.51 24.75 24.27 -0.02 0.01 0.00 11.24 11.52 10.32 10.46 1176.32 7699.92 1.49 100.00 0  0  0  None None 361.98 Buffering (0/1) WAIT_FOR_SAFETY IDLE         30.00    None  None  
2021-10-21 14:22:50,948:INFO: waiting for safety to ping
2021-10-21 14:22:50,954:ERROR: unknown header: LC:41.00
2021-10-21 14:22:51,453:INFO: State.WAIT_FOR_SAFETY
2021-10-21 14:22:51,455:INFO: BT1   BT2   TT1   TT2   AT    X     Y    Z    BP1   BP2   TP1   TP2   HP      AP      PD   PC     HL EL BF SF   PF   BV     rpm             State           MissionState Setpoint Error Depth 
2021-10-21 14:22:51,456:INFO: 25.14 24.56 24.50 24.75 24.27 -0.02 0.01 0.00 11.24 11.51 10.32 10.46 1176.40 7699.66 1.49 100.00 0  0  0  None None 361.99 Buffering (0/1) WAIT_FOR_SAFETY IDLE         30.00    None  None  
2021-10-21 14:22:51,456:INFO: waiting for safety to ping
2021-10-21 14:22:51,479:ERROR: unknown header: LC:42.00
2021-10-21 14:22:51,977:INFO: State.WAIT_FOR_SAFETY
2021-10-21 14:22:51,979:INFO: BT1   BT2   TT1   TT2   AT    X     Y     Z    BP1   BP2   TP1   TP2   HP      AP      PD   PC     HL EL BF SF   PF   BV     rpm             State           MissionState Setpoint Error Depth 
2021-10-21 14:22:51,980:INFO: 25.14 24.56 24.50 24.75 24.27 -0.02 -0.00 0.00 11.24 11.52 10.32 10.46 1176.40 7699.38 1.49 100.00 0  0  0  None None 361.99 Buffering (0/1) WAIT_FOR_SAFETY IDLE         30.00    None  None  
2021-10-21 14:22:51,981:INFO: waiting for safety to ping
2021-10-21 14:22:51,988:ERROR: unknown header: LC:43.00
2021-10-21 14:22:52,488:INFO: State.WAIT_FOR_SAFETY
2021-10-21 14:22:52,489:INFO: BT1   BT2   TT1   TT2   AT    X     Y     Z    BP1   BP2   TP1   TP2   HP      AP      PD   PC     HL EL BF SF   PF   BV     rpm             State           MissionState Setpoint Error Depth 
2021-10-21 14:22:52,490:INFO: 25.15 24.56 24.50 24.75 24.27 -0.02 -0.00 0.00 11.24 11.51 10.32 10.46 1176.40 7699.10 1.49 100.00 0  0  0  None None 362.05 Buffering (0/1) WAIT_FOR_SAFETY IDLE         30.00    None  None  
2021-10-21 14:22:52,491:INFO: waiting for safety to ping
2021-10-21 14:22:52,512:ERROR: unknown header: LC:44.00
2021-10-21 14:22:53,011:INFO: State.WAIT_FOR_SAFETY
2021-10-21 14:22:53,012:INFO: BT1   BT2   TT1   TT2   AT    X     Y     Z    BP1   BP2   TP1   TP2   HP      AP      PD   PC     HL EL BF SF   PF   BV     rpm             State           MissionState Setpoint Error Depth 
2021-10-21 14:22:53,014:INFO: 25.14 24.57 24.51 24.75 24.27 -0.01 -0.00 0.00 11.25 11.51 10.31 10.46 1176.48 7698.82 1.49 100.00 0  0  0  None None 362.08 Buffering (0/1) WAIT_FOR_SAFETY IDLE         30.00    None  None  
2021-10-21 14:22:53,014:INFO: waiting for safety to ping
2021-10-21 14:22:53,021:ERROR: unknown header: LC:45.00
2021-10-21 14:22:53,520:INFO: State.WAIT_FOR_SAFETY
2021-10-21 14:22:53,521:INFO: BT1   BT2   TT1   TT2   AT    X     Y     Z    BP1   BP2   TP1   TP2   HP      AP      PD   PC     HL EL BF SF   PF   BV     rpm             State           MissionState Setpoint Error Depth 
2021-10-21 14:22:53,522:INFO: 25.15 24.57 24.51 24.76 24.27 -0.01 -0.00 0.00 11.25 11.51 10.32 10.46 1176.52 7698.64 1.49 100.00 0  0  0  None None 362.11 Buffering (0/1) WAIT_FOR_SAFETY IDLE         30.00    None  None  
2021-10-21 14:22:53,523:INFO: waiting for safety to ping
2021-10-21 14:22:53,547:ERROR: unknown header: LC:46.00
2021-10-21 14:22:54,045:INFO: State.WAIT_FOR_SAFETY
2021-10-21 14:22:54,046:INFO: BT1   BT2   TT1   TT2   AT    X     Y     Z    BP1   BP2   TP1   TP2   HP      AP      PD   PC     HL EL BF SF   PF   BV     rpm             State           MissionState Setpoint Error Depth 
2021-10-21 14:22:54,047:INFO: 25.15 24.57 24.51 24.76 24.27 -0.01 -0.01 0.00 11.25 11.52 10.31 10.46 1176.58 7698.50 1.49 100.00 0  0  0  None None 362.13 Buffering (0/1) WAIT_FOR_SAFETY IDLE         30.00    None  None  
2021-10-21 14:22:54,048:INFO: waiting for safety to ping
2021-10-21 14:22:54,055:ERROR: unknown header: LC:47.00
2021-10-21 14:22:54,258:INFO: ping sent from safety
2021-10-21 14:22:54,556:INFO: State.WAIT_FOR_SAFETY
2021-10-21 14:22:54,557:INFO: BT1   BT2   TT1   TT2   AT    X     Y     Z    BP1   BP2   TP1   TP2   HP      AP      PD   PC     HL EL BF SF   PF   BV     rpm             State           MissionState Setpoint Error Depth 
2021-10-21 14:22:54,558:INFO: 25.15 24.58 24.51 24.76 24.27 -0.01 -0.01 0.00 11.25 11.51 10.31 10.46 1176.28 7698.16 1.49 100.00 0  0  0  None None 362.25 Buffering (0/1) WAIT_FOR_SAFETY IDLE         30.00    None  None  
2021-10-21 14:22:54,559:INFO: waiting for safety to ping
2021-10-21 14:22:54,583:ERROR: unknown header: LC:48.00
2021-10-21 14:22:55,083:INFO: State.WAIT_FOR_SAFETY
2021-10-21 14:22:55,085:INFO: BT1   BT2   TT1   TT2   AT    X    Y     Z    BP1   BP2   TP1   TP2   HP      AP      PD   PC     HL EL BF SF   PF   BV     rpm             State           MissionState Setpoint Error Depth 
2021-10-21 14:22:55,086:INFO: 25.15 24.58 24.51 24.77 24.27 0.01 -0.01 0.00 11.25 11.51 10.31 10.46 1176.28 7697.94 1.49 100.00 0  0  0  None None 362.22 Buffering (0/1) WAIT_FOR_SAFETY IDLE         30.00    None  None  
2021-10-21 14:22:55,086:INFO: waiting for safety to ping
2021-10-21 14:22:55,093:ERROR: unknown header: LC:49.00
2021-10-21 14:22:55,265:INFO: pong recieved by safety
2021-10-21 14:22:55,592:INFO: State.WAIT_FOR_SAFETY
2021-10-21 14:22:55,593:INFO: BT1   BT2   TT1   TT2   AT    X    Y     Z    BP1   BP2   TP1   TP2   HP      AP      PD   PC     HL EL BF SF   PF   BV     rpm             State           MissionState Setpoint Error Depth 
2021-10-21 14:22:55,594:INFO: 25.15 24.57 24.51 24.77 24.27 0.01 -0.01 0.00 11.25 11.52 10.31 10.46 1176.20 7697.74 1.49 100.00 0  0  0  None None 362.23 Buffering (0/1) WAIT_FOR_SAFETY IDLE         30.00    None  None  
2021-10-21 14:22:55,595:INFO: safety is awake and pinging
2021-10-21 14:22:55,619:ERROR: unknown header: LC:50.00
2021-10-21 14:22:56,117:INFO: State.WAIT_FOR_SENSOR_BUFFER
2021-10-21 14:22:56,119:INFO: BT1   BT2   TT1   TT2   AT    X    Y     Z    BP1   BP2   TP1   TP2   HP      AP      PD   PC     HL EL BF SF   PF   BV     rpm             State                  MissionState Setpoint Error Depth 
2021-10-21 14:22:56,120:INFO: 25.14 24.58 24.51 24.77 24.27 0.01 -0.01 0.00 11.25 11.52 10.31 10.46 1176.26 7697.50 1.49 100.00 0  0  0  None None 362.29 Buffering (0/1) WAIT_FOR_SENSOR_BUFFER IDLE         30.00    None  None  
2021-10-21 14:22:56,128:ERROR: unknown header: LC:51.00
2021-10-21 14:22:56,627:INFO: State.CALIBRATE_DEPTH_SENSORS
2021-10-21 14:22:56,629:INFO: BT1   BT2   TT1   TT2   AT    X    Y     Z    BP1   BP2   TP1   TP2   HP      AP      PD   PC     HL EL BF SF   PF   BV     rpm             State                   MissionState Setpoint Error Depth 
2021-10-21 14:22:56,630:INFO: 25.15 24.57 24.51 24.77 24.27 0.01 -0.01 0.00 11.25 11.51 10.31 10.46 1175.98 7697.16 1.49 100.00 0  0  0  None None 362.35 Buffering (0/1) CALIBRATE_DEPTH_SENSORS IDLE         30.00    None  None  
2021-10-21 14:22:56,631:ERROR: error in HP sensor value: 1175.98 is out of bound!
2021-10-21 14:22:56,632:ERROR: error in AP sensor value: 7697.16 is out of bound!
2021-10-21 14:22:56,634:INFO: depth sensors calibrated successfully
2021-10-21 14:22:56,635:INFO: offset set on: 10.8825
2021-10-21 14:22:56,655:ERROR: unknown header: LC:52.00
2021-10-21 14:22:57,153:INFO: State.CALIBRATE_DEPTH_SENSORS
2021-10-21 14:22:57,155:INFO: BT1   BT2   TT1   TT2   AT    X    Y     Z    BP1   BP2   TP1   TP2   HP      AP      PD   PC     HL EL BF SF   PF   BV     rpm             State                   MissionState Setpoint Error Depth 
2021-10-21 14:22:57,156:INFO: 25.14 24.57 24.51 24.77 24.27 0.00 -0.01 0.00 11.25 11.51 10.31 10.46 1176.18 7697.04 1.49 100.00 0  0  0  None None 362.34 Buffering (0/1) CALIBRATE_DEPTH_SENSORS IDLE         30.00    None  None  
2021-10-21 14:22:57,157:ERROR: error in HP sensor value: 1176.18 is out of bound!
2021-10-21 14:22:57,159:ERROR: error in AP sensor value: 7697.04 is out of bound!
2021-10-21 14:22:57,167:ERROR: unknown header: LC:53.00
2021-10-21 14:22:57,662:INFO: State.WAIT_FOR_WATER
2021-10-21 14:22:57,663:INFO: BT1   BT2   TT1   TT2   AT    X    Y     Z    BP1   BP2   TP1   TP2   HP      AP      PD   PC     HL EL BF SF   PF   BV     rpm             State          MissionState Setpoint Error Depth 
2021-10-21 14:22:57,664:INFO: 25.14 24.58 24.51 24.77 24.27 0.00 -0.01 0.00 11.25 11.52 10.31 10.45 1176.24 7696.80 1.49 100.00 0  0  0  None None 362.40 Buffering (0/1) WAIT_FOR_WATER IDLE         30.00    30.00 0.00  
2021-10-21 14:22:57,665:INFO: Waiting for water
2021-10-21 14:22:57,666:INFO: Waiting for water
2021-10-21 14:22:57,666:INFO: 0/10 secs
2021-10-21 14:22:57,691:ERROR: unknown header: LC:54.00
2021-10-21 14:22:58,190:INFO: State.WAIT_FOR_WATER
2021-10-21 14:22:58,192:INFO: BT1   BT2   TT1   TT2   AT    X    Y     Z    BP1   BP2   TP1   TP2   HP      AP      PD   PC     HL EL BF SF   PF   BV     rpm             State          MissionState Setpoint Error Depth 
2021-10-21 14:22:58,193:INFO: 25.15 24.58 24.51 24.78 24.27 0.00 -0.01 0.00 11.25 11.51 10.31 10.45 1176.26 7696.58 1.49 100.00 0  0  0  None None 362.40 Buffering (0/1) WAIT_FOR_WATER IDLE         30.00    30.00 0.00  
2021-10-21 14:22:58,193:INFO: Waiting for water
2021-10-21 14:22:58,194:INFO: 1/10 secs
2021-10-21 14:22:58,201:ERROR: unknown header: LC:55.00
2021-10-21 14:22:58,699:INFO: State.WAIT_FOR_WATER
2021-10-21 14:22:58,700:INFO: BT1   BT2   TT1   TT2   AT    X    Y     Z    BP1   BP2   TP1   TP2   HP      AP      PD   PC     HL EL BF SF   PF   BV     rpm             State          MissionState Setpoint Error Depth 
2021-10-21 14:22:58,701:INFO: 25.15 24.57 24.51 24.77 24.27 0.00 -0.01 0.00 11.25 11.51 10.31 10.45 1176.28 7696.42 1.49 100.00 0  0  0  None None 362.41 Buffering (0/1) WAIT_FOR_WATER IDLE         30.00    30.00 0.00  
2021-10-21 14:22:58,702:INFO: Waiting for water
2021-10-21 14:22:58,703:INFO: 1/10 secs
2021-10-21 14:22:58,725:ERROR: unknown header: LC:56.00
2021-10-21 14:22:59,225:INFO: State.WAIT_FOR_WATER
2021-10-21 14:22:59,226:INFO: BT1   BT2   TT1   TT2   AT    X    Y     Z    BP1   BP2   TP1   TP2   HP      AP      PD   PC     HL EL BF SF   PF   BV     rpm             State          MissionState Setpoint Error Depth 
2021-10-21 14:22:59,228:INFO: 25.15 24.58 24.51 24.77 24.27 0.01 -0.00 0.00 11.25 11.51 10.31 10.45 1176.32 7696.20 1.49 100.00 0  0  0  None None 362.51 Buffering (0/1) WAIT_FOR_WATER IDLE         30.00    30.00 0.00  
2021-10-21 14:22:59,229:INFO: Waiting for water
2021-10-21 14:22:59,229:INFO: 2/10 secs
2021-10-21 14:22:59,237:ERROR: unknown header: LC:57.00
2021-10-21 14:22:59,735:INFO: State.WAIT_FOR_WATER
2021-10-21 14:22:59,737:INFO: BT1   BT2   TT1   TT2   AT    X    Y     Z    BP1   BP2   TP1   TP2   HP      AP      PD   PC     HL EL BF SF   PF   BV     rpm             State          MissionState Setpoint Error Depth 
2021-10-21 14:22:59,738:INFO: 25.15 24.57 24.51 24.76 24.27 0.01 -0.00 0.00 11.25 11.51 10.31 10.45 1176.28 7695.98 1.49 100.00 0  0  0  None None 362.53 Buffering (0/1) WAIT_FOR_WATER IDLE         30.00    30.00 0.00  
2021-10-21 14:22:59,739:INFO: Waiting for water
2021-10-21 14:22:59,740:INFO: 2/10 secs
2021-10-21 14:22:59,762:ERROR: unknown header: LC:58.00
2021-10-21 14:23:00,261:INFO: State.WAIT_FOR_WATER
2021-10-21 14:23:00,262:INFO: BT1   BT2   TT1   TT2   AT    X    Y    Z    BP1   BP2   TP1   TP2   HP      AP      PD   PC     HL EL BF SF   PF   BV     rpm             State          MissionState Setpoint Error Depth 
2021-10-21 14:23:00,264:INFO: 25.15 24.56 24.51 24.75 24.27 0.00 0.00 0.00 11.24 11.51 10.31 10.46 1176.28 7695.78 1.49 100.00 0  0  0  None None 362.58 Buffering (0/1) WAIT_FOR_WATER IDLE         30.00    30.00 0.00  
2021-10-21 14:23:00,265:INFO: Waiting for water
2021-10-21 14:23:00,265:INFO: 3/10 secs
2021-10-21 14:23:00,273:ERROR: unknown header: LC:59.00
2021-10-21 14:23:00,771:INFO: State.WAIT_FOR_WATER
2021-10-21 14:23:00,772:INFO: BT1   BT2   TT1   TT2   AT    X    Y    Z    BP1   BP2   TP1   TP2   HP      AP      PD   PC     HL EL BF SF   PF   BV     rpm             State          MissionState Setpoint Error Depth 
2021-10-21 14:23:00,774:INFO: 25.15 24.57 24.51 24.74 24.28 0.00 0.00 0.00 11.24 11.51 10.31 10.46 1176.44 7695.54 1.49 100.00 0  0  0  None None 362.61 Buffering (0/1) WAIT_FOR_WATER IDLE         30.00    30.00 0.00  
2021-10-21 14:23:00,775:INFO: Waiting for water
2021-10-21 14:23:00,775:INFO: 3/10 secs
2021-10-21 14:23:00,800:ERROR: unknown header: LC:60.00
2021-10-21 14:23:01,299:INFO: State.WAIT_FOR_WATER
2021-10-21 14:23:01,300:INFO: BT1   BT2   TT1   TT2   AT    X     Y    Z    BP1   BP2   TP1   TP2   HP      AP      PD   PC     HL EL BF SF   PF   BV     rpm             State          MissionState Setpoint Error Depth 
2021-10-21 14:23:01,302:INFO: 25.15 24.58 24.51 24.74 24.28 -0.00 0.00 0.00 11.25 11.51 10.31 10.46 1176.26 7695.04 1.49 100.00 0  0  0  None None 362.78 Buffering (0/1) WAIT_FOR_WATER IDLE         30.00    30.00 0.00  
2021-10-21 14:23:01,303:INFO: Waiting for water
2021-10-21 14:23:01,304:INFO: 4/10 secs
2021-10-21 14:23:01,311:ERROR: unknown header: LC:61.00
2021-10-21 14:23:01,809:INFO: State.WAIT_FOR_WATER
2021-10-21 14:23:01,810:INFO: BT1   BT2   TT1   TT2   AT    X     Y    Z    BP1   BP2   TP1   TP2   HP      AP      PD   PC     HL EL BF SF   PF   BV     rpm             State          MissionState Setpoint Error Depth 
2021-10-21 14:23:01,811:INFO: 25.15 24.58 24.51 24.73 24.28 -0.00 0.00 0.00 11.25 11.51 10.32 10.46 1176.36 7694.86 1.49 100.00 0  0  0  None None 362.65 Buffering (0/1) WAIT_FOR_WATER IDLE         30.00    30.00 0.00  
2021-10-21 14:23:01,812:INFO: Waiting for water
2021-10-21 14:23:01,813:INFO: 4/10 secs
2021-10-21 14:23:01,841:ERROR: unknown header: LC:62.00
2021-10-21 14:23:02,339:INFO: State.WAIT_FOR_WATER
2021-10-21 14:23:02,341:INFO: BT1   BT2   TT1   TT2   AT    X    Y     Z    BP1   BP2   TP1   TP2   HP      AP      PD   PC     HL EL BF SF   PF   BV     rpm             State          MissionState Setpoint Error Depth 
2021-10-21 14:23:02,341:INFO: 25.15 24.58 24.51 24.73 24.27 0.00 -0.00 0.00 11.25 11.51 10.31 10.46 1176.30 7694.52 1.49 100.00 0  0  0  None None 362.75 Buffering (0/1) WAIT_FOR_WATER IDLE         30.00    30.00 0.00  
2021-10-21 14:23:02,342:INFO: Waiting for water
2021-10-21 14:23:02,343:INFO: 5/10 secs
2021-10-21 14:23:02,353:ERROR: unknown header: LC:63.00
2021-10-21 14:23:02,852:INFO: State.WAIT_FOR_WATER
2021-10-21 14:23:02,853:INFO: BT1   BT2   TT1   TT2   AT    X     Y     Z    BP1   BP2   TP1   TP2   HP      AP      PD   PC     HL EL BF SF   PF   BV     rpm             State          MissionState Setpoint Error Depth 
2021-10-21 14:23:02,854:INFO: 25.15 24.58 24.51 24.72 24.27 -0.01 -0.00 0.00 11.25 11.51 10.31 10.46 1176.34 7694.24 1.49 100.00 0  0  0  None None 362.75 Buffering (0/1) WAIT_FOR_WATER IDLE         30.00    30.00 0.00  
2021-10-21 14:23:02,854:INFO: Waiting for water
2021-10-21 14:23:02,855:INFO: 5/10 secs
2021-10-21 14:23:02,880:ERROR: unknown header: LC:64.00
2021-10-21 14:23:03,379:INFO: State.WAIT_FOR_WATER
2021-10-21 14:23:03,381:INFO: BT1   BT2   TT1   TT2   AT    X     Y     Z    BP1   BP2   TP1   TP2   HP      AP      PD   PC     HL EL BF SF   PF   BV     rpm             State          MissionState Setpoint Error Depth 
2021-10-21 14:23:03,382:INFO: 25.15 24.57 24.51 24.72 24.27 -0.01 -0.00 0.00 11.25 11.51 10.31 10.46 1176.22 7693.84 1.49 100.00 0  0  0  None None 362.87 Buffering (0/1) WAIT_FOR_WATER IDLE         30.00    30.00 0.00  
2021-10-21 14:23:03,382:INFO: Waiting for water
2021-10-21 14:23:03,383:INFO: 6/10 secs
2021-10-21 14:23:03,393:ERROR: unknown header: LC:65.00
2021-10-21 14:23:03,891:INFO: State.WAIT_FOR_WATER
2021-10-21 14:23:03,893:INFO: BT1   BT2   TT1   TT2   AT    X     Y     Z    BP1   BP2   TP1   TP2   HP      AP      PD   PC     HL EL BF SF   PF   BV     rpm             State          MissionState Setpoint Error Depth 
2021-10-21 14:23:03,894:INFO: 25.15 24.56 24.51 24.72 24.27 -0.02 -0.01 0.00 11.25 11.51 10.31 10.46 1176.50 7693.76 1.49 100.00 0  0  0  None None 362.84 Buffering (0/1) WAIT_FOR_WATER IDLE         30.00    30.00 0.00  
2021-10-21 14:23:03,894:INFO: Waiting for water
2021-10-21 14:23:03,895:INFO: 6/10 secs
2021-10-21 14:23:03,921:ERROR: unknown header: LC:66.00
2021-10-21 14:23:04,349:INFO: 
2021-10-21 14:23:04,350:CRITICAL: System shutdown
2021-10-21 14:23:04,350:INFO: cleaning (resetting rpi gpio)
2021-10-21 14:23:04,351:INFO: sending sleep to nano
2021-10-21 14:23:04,353:INFO: waiting_for_nano_sleep
2021-10-21 14:23:04,354:INFO: waiting for nano to respond/sleep
2021-10-21 14:23:04,455:INFO: waiting for nano to respond/sleep
2021-10-21 14:23:04,558:INFO: waiting for nano to respond/sleep
2021-10-21 14:23:04,660:INFO: waiting for nano to respond/sleep
2021-10-21 14:23:04,662:INFO: State.SLEEP_SAFETY
2021-10-21 14:23:04,664:INFO: BT1   BT2   TT1   TT2   AT    X     Y     Z    BP1   BP2   TP1   TP2   HP      AP      PD   PC     HL EL BF SF   PF   BV     rpm             State        MissionState Setpoint Error Depth 
2021-10-21 14:23:04,665:INFO: 25.15 24.57 24.52 24.72 24.27 -0.02 -0.01 0.00 11.24 11.51 10.31 10.46 1176.52 7693.44 1.49 100.00 0  0  0  None None 362.89 Buffering (0/1) SLEEP_SAFETY IDLE         30.00    30.00 0.00  
2021-10-21 14:23:04,666:INFO: waiting for safety to sleep
2021-10-21 14:23:04,666:INFO: waiting_for_nano_sleep
2021-10-21 14:23:04,767:INFO: waiting for nano to respond/sleep
2021-10-21 14:23:04,870:INFO: waiting for nano to respond/sleep
2021-10-21 14:23:04,972:INFO: waiting for nano to respond/sleep
2021-10-21 14:23:05,074:INFO: waiting for nano to respond/sleep
2021-10-21 14:23:05,177:INFO: waiting for nano to respond/sleep
2021-10-21 14:23:05,279:INFO: waiting for nano to respond/sleep
2021-10-21 14:23:05,382:INFO: waiting for nano to respond/sleep
2021-10-21 14:23:05,385:ERROR: unknown header: LC:67.00
2021-10-21 14:23:05,388:INFO: safety went to sleep
2021-10-21 14:23:05,489:INFO: nano is sleeping
