2021-10-19 16:14:27,919:WARNING: Test mode
2021-10-19 16:14:27,922:INFO: Pressure controller was initialized successfully
2021-10-19 16:14:27,923:INFO: BP1 pressure sensor was initialized successfully
2021-10-19 16:14:27,924:INFO: BP2 pressure sensor was initialized successfully
2021-10-19 16:14:27,925:INFO: TP1 pressure sensor was initialized successfully
2021-10-19 16:14:27,926:INFO: TP2 pressure sensor was initialized successfully
2021-10-19 16:14:27,927:INFO: HP pressure sensor was initialized successfully
2021-10-19 16:14:27,928:INFO: AP pressure sensor was initialized successfully
2021-10-19 16:14:27,929:INFO: Temperature controller was initialized successfully
2021-10-19 16:14:27,930:INFO: BT1 temperature sensor was initialized successfully
2021-10-19 16:14:27,931:INFO: BT2 temperature sensor was initialized successfully
2021-10-19 16:14:27,932:INFO: TT1 temperature sensor was initialized successfully
2021-10-19 16:14:27,933:INFO: TT2 temperature sensor was initialized successfully
2021-10-19 16:14:27,934:INFO: AT temperature sensor was initialized successfully
2021-10-19 16:14:27,935:INFO: IMU controller was initialized successfully
2021-10-19 16:14:27,936:INFO: X IMU sensor was initialized successfully
2021-10-19 16:14:27,937:INFO: Y IMU sensor was initialized successfully
2021-10-19 16:14:27,937:INFO: Z IMU sensor was initialized successfully
2021-10-19 16:14:27,938:INFO: Bladder volume controller was initialized successfully
2021-10-19 16:14:27,940:INFO: Altimeter controller was initialized successfully
2021-10-19 16:14:27,941:INFO: rpm controller was initialized successfully
2021-10-19 16:14:27,942:INFO: Pump flag controller was initialized successfully
2021-10-19 16:14:27,943:INFO: Bladder flag controller was initialized successfully
2021-10-19 16:14:27,944:INFO: Hull leak flag controller was initialized successfully
2021-10-19 16:14:27,945:INFO: Engine leak flag controller was initialized successfully
2021-10-19 16:14:27,946:INFO: Full surface initiated flag controller was initialized successfully
2021-10-19 16:14:27,948:DEBUG: attempting to init serial comm
2021-10-19 16:14:27,949:DEBUG:  port:/dev/ttyACM0
2021-10-19 16:14:27,949:DEBUG:  baud_rate:115200
2021-10-19 16:14:27,952:INFO: SerialComm was initialized successfully
2021-10-19 16:14:27,954:DEBUG: attempting to init serial comm
2021-10-19 16:14:27,954:DEBUG:  port:/dev/ttyUSB0
2021-10-19 16:14:27,955:DEBUG:  baud_rate:115200
2021-10-19 16:14:27,960:INFO: SerialComm was initialized successfully
2021-10-19 16:14:27,962:DEBUG: attempting to load profile: cfg/profile.txt
2021-10-19 16:14:27,980:INFO: Profile file loaded successfully

2021-10-19 16:14:27,981:INFO: Profile class was initialized successfully

2021-10-19 16:14:27,982:INFO: setting state to MissionState.IDLE
2021-10-19 16:14:27,984:DEBUG: mega>rpi: b'\n'
2021-10-19 16:14:27,986:DEBUG: mega>rpi: b'1.00\r\n'
2021-10-19 16:14:27,989:DEBUG: mega>rpi: b'FS:1.1.00\r\n'
2021-10-19 16:14:27,990:ERROR: unknown header: FS:1.1.00
2021-10-19 16:14:27,994:DEBUG: mega>rpi: b'FS:1.00\r\n'
2021-10-19 16:14:27,995:ERROR: unknown header: FS:1.00
2021-10-19 16:14:27,999:DEBUG: mega>rpi: b'FS:1.00\r\n'
2021-10-19 16:14:28,000:ERROR: unknown header: FS:1.00
2021-10-19 16:14:28,003:DEBUG: mega>rpi: b'FS:1.00\r\n'
2021-10-19 16:14:28,004:ERROR: unknown header: FS:1.00
2021-10-19 16:14:28,008:DEBUG: mega>rpi: b'FS:1.00\r\n'
2021-10-19 16:14:28,009:ERROR: unknown header: FS:1.00
2021-10-19 16:14:28,012:DEBUG: mega>rpi: b'FS:1.00\r\n'
2021-10-19 16:14:28,013:ERROR: unknown header: FS:1.00
2021-10-19 16:14:28,016:DEBUG: mega>rpi: b'FS:1.00\r\n'
2021-10-19 16:14:28,018:ERROR: unknown header: FS:1.00
2021-10-19 16:14:28,021:DEBUG: mega>rpi: b'FS:1.00\r\n'
2021-10-19 16:14:28,022:ERROR: unknown header: FS:1.00
2021-10-19 16:14:28,025:DEBUG: mega>rpi: b'FS:1.00\r\n'
2021-10-19 16:14:28,026:ERROR: unknown header: FS:1.00
2021-10-19 16:14:28,030:DEBUG: mega>rpi: b'FS:1.00\r\n'
2021-10-19 16:14:28,031:ERROR: unknown header: FS:1.00
2021-10-19 16:14:28,034:DEBUG: mega>rpi: b'FS:1.00\r\n'
2021-10-19 16:14:28,035:ERROR: unknown header: FS:1.00
2021-10-19 16:14:28,039:DEBUG: mega>rpi: b'FS:1.00\r\n'
2021-10-19 16:14:28,040:ERROR: unknown header: FS:1.00
2021-10-19 16:14:28,044:DEBUG: mega>rpi: b'FS:1.00\r\n'
2021-10-19 16:14:28,045:ERROR: unknown header: FS:1.00
2021-10-19 16:14:28,048:DEBUG: mega>rpi: b'FS:1.00\r\n'
2021-10-19 16:14:28,049:ERROR: unknown header: FS:1.00
2021-10-19 16:14:29,367:DEBUG: mega>rpi: b'FS:1.0\xf0SU:0.00\r\n'
2021-10-19 16:14:29,368:ERROR: unknown header: FS:1.0SU
2021-10-19 16:14:29,396:DEBUG: mega>rpi: b'BT1:27.90\r\n'
2021-10-19 16:14:29,423:DEBUG: mega>rpi: b'BT2:28.30\r\n'
2021-10-19 16:14:29,450:DEBUG: nano>rpi: ['NN', '222.00']
2021-10-19 16:14:29,481:DEBUG: mega>rpi: b'BP1:1018.00\r\n'
2021-10-19 16:14:29,542:DEBUG: mega>rpi: b'BP2:1048.10\r\n'
2021-10-19 16:14:29,600:DEBUG: mega>rpi: b'HP:1077.20\r\n'
2021-10-19 16:14:29,629:DEBUG: mega>rpi: b'AT:24.49\r\n'
2021-10-19 16:14:29,687:DEBUG: mega>rpi: b'AP:8158.80\r\n'
2021-10-19 16:14:29,715:DEBUG: mega>rpi: b'TT1:26.30\r\n'
2021-10-19 16:14:29,743:DEBUG: mega>rpi: b'TT2:26.30\r\n'
2021-10-19 16:14:29,801:DEBUG: mega>rpi: b'TP1:1007.20\r\n'
2021-10-19 16:14:29,859:DEBUG: mega>rpi: b'TP2:1026.70\r\n'
2021-10-19 16:14:29,860:DEBUG: mega>rpi: b'\r\n'
2021-10-19 16:14:30,120:DEBUG: mega>rpi: b'X:0.00\r\n'
2021-10-19 16:14:30,122:DEBUG: mega>rpi: b'Y:0.00\r\n'
2021-10-19 16:14:30,124:DEBUG: mega>rpi: b'Z:0.00\r\n'
2021-10-19 16:14:31,274:DEBUG: mega>rpi: b'Date: 10/20/2021 Time: 11:09:12\r\n'
2021-10-19 16:14:31,275:ERROR: unknown header: Date: 10/20/2021 Time
2021-10-19 16:14:32,975:DEBUG: mega>rpi: b'SU:1.00\r\n'
2021-10-19 16:14:32,975:ERROR: unknown header: SU:1.00
2021-10-19 16:14:32,977:DEBUG: mega>rpi: b'LC:1.00\r\n'
2021-10-19 16:14:32,977:ERROR: unknown header: LC:1.00
2021-10-19 16:14:32,979:DEBUG: mega>rpi: b'HL:0.00\r\n'
2021-10-19 16:14:32,980:DEBUG: mega>rpi: b'EL:0.00\r\n'
2021-10-19 16:14:32,990:DEBUG: mega>rpi: b'BT1:28.34\r\n'
2021-10-19 16:14:33,003:DEBUG: mega>rpi: b'BT2:28.37\r\n'
2021-10-19 16:14:33,061:DEBUG: mega>rpi: b'BP1:1018.30\r\n'
2021-10-19 16:14:33,118:DEBUG: mega>rpi: b'BP2:1047.80\r\n'
2021-10-19 16:14:33,176:DEBUG: mega>rpi: b'HP:1077.50\r\n'
2021-10-19 16:14:33,193:DEBUG: mega>rpi: b'TT1:28.35\r\n'
2021-10-19 16:14:33,204:DEBUG: mega>rpi: b'TT2:29.00\r\n'
2021-10-19 16:14:33,262:DEBUG: mega>rpi: b'TP1:1006.80\r\n'
2021-10-19 16:14:33,320:DEBUG: mega>rpi: b'TP2:1026.60\r\n'
2021-10-19 16:14:33,336:DEBUG: mega>rpi: b'AT:25.37\r\n'
2021-10-19 16:14:33,393:DEBUG: mega>rpi: b'AP:8147.80\r\n'
2021-10-19 16:14:33,396:DEBUG: mega>rpi: b'BV:303.08\r\n'
2021-10-19 16:14:33,397:INFO: State.STOP
2021-10-19 16:14:33,399:INFO: BT1             BT2             TT1             TT2             AT              X               Y               Z               BP1             BP2             TP1             TP2             HP              AP              PD PC HL EL BF   SF   PF   BV     rpm             State MissionState Setpoint Error Depth 
2021-10-19 16:14:33,401:INFO: Buffering (2/5) Buffering (2/5) Buffering (2/5) Buffering (2/5) Buffering (2/5) Buffering (1/5) Buffering (1/5) Buffering (1/5) Buffering (2/5) Buffering (2/5) Buffering (2/5) Buffering (2/5) Buffering (2/5) Buffering (2/5) 0  0  0  0  None None None 303.08 Buffering (0/1) STOP  IDLE         30.00    None  None  
2021-10-19 16:14:33,402:WARNING: Stopped
2021-10-19 16:14:33,405:DEBUG: mega>rpi: b'BF:0.00\r\n'
2021-10-19 16:14:33,408:DEBUG: mega>rpi: b'X:0.00\r\n'
2021-10-19 16:14:33,411:DEBUG: mega>rpi: b'Y:0.00\r\n'
2021-10-19 16:14:33,413:DEBUG: mega>rpi: b'Z:0.00\r\n'
2021-10-19 16:14:33,479:DEBUG: mega>rpi: b'PD:36.06\r\n'
2021-10-19 16:14:33,482:DEBUG: mega>rpi: b'PC:17.00\r\n'
2021-10-19 16:14:33,484:DEBUG: mega>rpi: b'LC:2.00\r\n'
2021-10-19 16:14:33,485:ERROR: unknown header: LC:2.00
2021-10-19 16:14:33,488:DEBUG: mega>rpi: b'HL:0.00\r\n'
2021-10-19 16:14:33,490:DEBUG: mega>rpi: b'EL:0.00\r\n'
2021-10-19 16:14:33,494:DEBUG: mega>rpi: b'BT1:28.33\r\n'
2021-10-19 16:14:33,508:DEBUG: mega>rpi: b'BT2:28.37\r\n'
2021-10-19 16:14:33,566:DEBUG: mega>rpi: b'BP1:1017.60\r\n'
2021-10-19 16:14:33,622:DEBUG: mega>rpi: b'BP2:1047.50\r\n'
2021-10-19 16:14:33,680:DEBUG: mega>rpi: b'HP:1077.30\r\n'
2021-10-19 16:14:33,696:DEBUG: mega>rpi: b'TT1:28.36\r\n'
2021-10-19 16:14:33,708:DEBUG: mega>rpi: b'TT2:29.01\r\n'
2021-10-19 16:14:33,766:DEBUG: mega>rpi: b'TP1:1006.60\r\n'
2021-10-19 16:14:33,826:DEBUG: mega>rpi: b'TP2:1026.70\r\n'
2021-10-19 16:14:33,839:DEBUG: mega>rpi: b'AT:25.38\r\n'
2021-10-19 16:14:33,897:DEBUG: mega>rpi: b'AP:8147.50\r\n'
2021-10-19 16:14:33,900:DEBUG: mega>rpi: b'BV:303.15\r\n'
2021-10-19 16:14:33,901:INFO: State.STOP
2021-10-19 16:14:33,903:INFO: BT1             BT2             TT1             TT2             AT              X               Y               Z               BP1             BP2             TP1             TP2             HP              AP              PD    PC    HL EL BF SF   PF   BV     rpm             State MissionState Setpoint Error Depth 
2021-10-19 16:14:33,905:INFO: Buffering (3/5) Buffering (3/5) Buffering (3/5) Buffering (3/5) Buffering (3/5) Buffering (2/5) Buffering (2/5) Buffering (2/5) Buffering (3/5) Buffering (3/5) Buffering (3/5) Buffering (3/5) Buffering (3/5) Buffering (3/5) 36.06 17.00 0  0  0  None None 303.15 Buffering (0/1) STOP  IDLE         30.00    None  None  
2021-10-19 16:14:33,907:WARNING: Stopped
2021-10-19 16:14:33,910:DEBUG: mega>rpi: b'BF:0.00\r\n'
2021-10-19 16:14:33,913:DEBUG: mega>rpi: b'X:0.00\r\n'
2021-10-19 16:14:33,915:DEBUG: mega>rpi: b'Y:0.00\r\n'
2021-10-19 16:14:33,918:DEBUG: mega>rpi: b'Z:-0.00\r\n'
2021-10-19 16:14:33,978:DEBUG: mega>rpi: b'PD:37.82\r\n'
2021-10-19 16:14:33,982:DEBUG: mega>rpi: b'PC:15.00\r\n'
2021-10-19 16:14:33,985:DEBUG: mega>rpi: b'LC:3.00\r\n'
2021-10-19 16:14:33,985:ERROR: unknown header: LC:3.00
2021-10-19 16:14:33,989:DEBUG: mega>rpi: b'HL:0.00\r\n'
2021-10-19 16:14:33,991:DEBUG: mega>rpi: b'EL:0.00\r\n'
2021-10-19 16:14:33,995:DEBUG: mega>rpi: b'BT1:28.34\r\n'
2021-10-19 16:14:34,010:DEBUG: mega>rpi: b'BT2:28.38\r\n'
2021-10-19 16:14:34,069:DEBUG: mega>rpi: b'BP1:1018.30\r\n'
2021-10-19 16:14:34,126:DEBUG: mega>rpi: b'BP2:1047.90\r\n'
2021-10-19 16:14:34,184:DEBUG: mega>rpi: b'HP:1077.60\r\n'
2021-10-19 16:14:34,199:DEBUG: mega>rpi: b'TT1:28.36\r\n'
2021-10-19 16:14:34,212:DEBUG: mega>rpi: b'TT2:28.99\r\n'
2021-10-19 16:14:34,270:DEBUG: mega>rpi: b'TP1:1006.80\r\n'
2021-10-19 16:14:34,327:DEBUG: mega>rpi: b'TP2:1026.60\r\n'
2021-10-19 16:14:34,343:DEBUG: mega>rpi: b'AT:25.37\r\n'
2021-10-19 16:14:34,401:DEBUG: mega>rpi: b'AP:8147.30\r\n'
2021-10-19 16:14:34,404:DEBUG: mega>rpi: b'BV:303.15\r\n'
2021-10-19 16:14:34,405:INFO: State.STOP
2021-10-19 16:14:34,407:INFO: BT1             BT2             TT1             TT2             AT              X               Y               Z               BP1             BP2             TP1             TP2             HP              AP              PD    PC    HL EL BF SF   PF   BV     rpm             State MissionState Setpoint Error Depth 
2021-10-19 16:14:34,409:INFO: Buffering (4/5) Buffering (4/5) Buffering (4/5) Buffering (4/5) Buffering (4/5) Buffering (3/5) Buffering (3/5) Buffering (3/5) Buffering (4/5) Buffering (4/5) Buffering (4/5) Buffering (4/5) Buffering (4/5) Buffering (4/5) 37.82 15.00 0  0  0  None None 303.15 Buffering (0/1) STOP  IDLE         30.00    None  None  
2021-10-19 16:14:34,410:WARNING: Stopped
2021-10-19 16:14:34,413:DEBUG: mega>rpi: b'BF:0.00\r\n'
2021-10-19 16:14:34,416:DEBUG: mega>rpi: b'X:0.00\r\n'
2021-10-19 16:14:34,418:DEBUG: mega>rpi: b'Y:0.00\r\n'
2021-10-19 16:14:34,421:DEBUG: mega>rpi: b'Z:-0.00\r\n'
2021-10-19 16:14:34,429:DEBUG: mega>rpi: b'PD:30.75\r\n'
2021-10-19 16:14:34,432:DEBUG: mega>rpi: b'PC:0.00\r\n'
2021-10-19 16:14:34,435:DEBUG: mega>rpi: b'LC:4.00\r\n'
2021-10-19 16:14:34,436:ERROR: unknown header: LC:4.00
2021-10-19 16:14:34,440:DEBUG: mega>rpi: b'HL:0.00\r\n'
2021-10-19 16:14:34,442:DEBUG: mega>rpi: b'EL:0.00\r\n'
2021-10-19 16:14:34,446:DEBUG: mega>rpi: b'BT1:28.34\r\n'
2021-10-19 16:14:34,462:DEBUG: mega>rpi: b'BT2:28.38\r\n'
2021-10-19 16:14:34,519:DEBUG: mega>rpi: b'BP1:1018.40\r\n'
2021-10-19 16:14:34,577:DEBUG: mega>rpi: b'BP2:1047.40\r\n'
2021-10-19 16:14:34,635:DEBUG: mega>rpi: b'HP:1077.60\r\n'
2021-10-19 16:14:34,650:DEBUG: mega>rpi: b'TT1:28.36\r\n'
2021-10-19 16:14:34,663:DEBUG: mega>rpi: b'TT2:29.00\r\n'
2021-10-19 16:14:34,721:DEBUG: mega>rpi: b'TP1:1007.50\r\n'
2021-10-19 16:14:34,777:DEBUG: mega>rpi: b'TP2:1026.80\r\n'
2021-10-19 16:14:34,793:DEBUG: mega>rpi: b'AT:25.37\r\n'
2021-10-19 16:14:34,851:DEBUG: mega>rpi: b'AP:8147.30\r\n'
2021-10-19 16:14:34,854:DEBUG: mega>rpi: b'BV:303.15\r\n'
2021-10-19 16:14:34,855:INFO: State.STOP
2021-10-19 16:14:34,858:INFO: BT1   BT2   TT1   TT2   AT    X               Y               Z               BP1   BP2   TP1   TP2   HP      AP      PD    PC   HL EL BF SF   PF   BV     rpm             State MissionState Setpoint Error Depth 
2021-10-19 16:14:34,860:INFO: 28.25 28.36 27.95 28.46 25.20 Buffering (4/5) Buffering (4/5) Buffering (4/5) 10.18 10.48 10.07 10.27 1077.44 8149.74 30.75 0.00 0  0  0  None None 303.15 Buffering (0/1) STOP  IDLE         30.00    None  None  
2021-10-19 16:14:34,861:WARNING: Stopped
2021-10-19 16:14:34,864:DEBUG: mega>rpi: b'BF:0.00\r\n'
2021-10-19 16:14:34,888:DEBUG: mega>rpi: b'PD:38.27\r\n'
2021-10-19 16:14:34,891:DEBUG: mega>rpi: b'PC:0.00\r\n'
2021-10-19 16:14:34,893:DEBUG: mega>rpi: b'LC:5.00\r\n'
2021-10-19 16:14:34,894:ERROR: unknown header: LC:5.00
2021-10-19 16:14:34,897:DEBUG: mega>rpi: b'HL:0.00\r\n'
2021-10-19 16:14:34,900:DEBUG: mega>rpi: b'EL:0.00\r\n'
2021-10-19 16:14:34,904:DEBUG: mega>rpi: b'BT1:28.34\r\n'
2021-10-19 16:14:34,920:DEBUG: mega>rpi: b'BT2:28.38\r\n'
2021-10-19 16:14:34,978:DEBUG: mega>rpi: b'BP1:1017.60\r\n'
2021-10-19 16:14:35,036:DEBUG: mega>rpi: b'BP2:1047.40\r\n'
2021-10-19 16:14:35,092:DEBUG: mega>rpi: b'HP:1077.30\r\n'
2021-10-19 16:14:35,108:DEBUG: mega>rpi: b'TT1:28.36\r\n'
2021-10-19 16:14:35,122:DEBUG: mega>rpi: b'TT2:29.01\r\n'
2021-10-19 16:14:35,179:DEBUG: mega>rpi: b'TP1:1007.40\r\n'
2021-10-19 16:14:35,236:DEBUG: mega>rpi: b'TP2:1026.70\r\n'
2021-10-19 16:14:35,252:DEBUG: mega>rpi: b'AT:25.37\r\n'
2021-10-19 16:14:35,310:DEBUG: mega>rpi: b'AP:8147.70\r\n'
2021-10-19 16:14:35,313:DEBUG: mega>rpi: b'BV:303.10\r\n'
2021-10-19 16:14:35,314:INFO: State.STOP
2021-10-19 16:14:35,316:INFO: BT1   BT2   TT1   TT2   AT    X               Y               Z               BP1   BP2   TP1   TP2   HP      AP      PD    PC   HL EL BF SF   PF   BV     rpm             State MissionState Setpoint Error Depth 
2021-10-19 16:14:35,318:INFO: 28.34 28.38 28.36 29.00 25.37 Buffering (4/5) Buffering (4/5) Buffering (4/5) 10.18 10.48 10.07 10.27 1077.46 8147.52 38.27 0.00 0  0  0  None None 303.10 Buffering (0/1) STOP  IDLE         30.00    None  None  
2021-10-19 16:14:35,319:WARNING: Stopped
2021-10-19 16:14:35,322:DEBUG: mega>rpi: b'BF:0.00\r\n'
2021-10-19 16:14:35,324:DEBUG: mega>rpi: b'X:0.00\r\n'
2021-10-19 16:14:35,327:DEBUG: mega>rpi: b'Y:0.00\r\n'
2021-10-19 16:14:35,329:DEBUG: mega>rpi: b'Z:-0.00\r\n'
2021-10-19 16:14:35,331:DEBUG: mega>rpi: b'PD:32.90\r\n'
2021-10-19 16:14:35,334:DEBUG: mega>rpi: b'PC:0.00\r\n'
2021-10-19 16:14:35,336:DEBUG: mega>rpi: b'LC:6.00\r\n'
2021-10-19 16:14:35,337:ERROR: unknown header: LC:6.00
2021-10-19 16:14:35,340:DEBUG: mega>rpi: b'HL:0.00\r\n'
2021-10-19 16:14:35,342:DEBUG: mega>rpi: b'EL:0.00\r\n'
2021-10-19 16:14:35,345:DEBUG: mega>rpi: b'BT1:28.34\r\n'
2021-10-19 16:14:35,355:DEBUG: mega>rpi: b'BT2:28.39\r\n'
2021-10-19 16:14:35,412:DEBUG: mega>rpi: b'BP1:1017.70\r\n'
2021-10-19 16:14:35,470:DEBUG: mega>rpi: b'BP2:1047.10\r\n'
2021-10-19 16:14:35,528:DEBUG: mega>rpi: b'HP:1077.20\r\n'
2021-10-19 16:14:35,543:DEBUG: mega>rpi: b'TT1:28.36\r\n'
2021-10-19 16:14:35,555:DEBUG: mega>rpi: b'TT2:29.01\r\n'
2021-10-19 16:14:35,613:DEBUG: mega>rpi: b'TP1:1007.50\r\n'
2021-10-19 16:14:35,670:DEBUG: mega>rpi: b'TP2:1026.50\r\n'
2021-10-19 16:14:35,686:DEBUG: mega>rpi: b'AT:25.37\r\n'
2021-10-19 16:14:35,744:DEBUG: mega>rpi: b'AP:8146.60\r\n'
2021-10-19 16:14:35,747:DEBUG: mega>rpi: b'BV:303.24\r\n'
2021-10-19 16:14:35,748:INFO: State.STOP
2021-10-19 16:14:35,750:INFO: BT1   BT2   TT1   TT2   AT    X    Y    Z    BP1   BP2   TP1   TP2   HP      AP      PD    PC   HL EL BF SF   PF   BV     rpm             State MissionState Setpoint Error Depth 
2021-10-19 16:14:35,752:INFO: 28.34 28.38 28.36 29.00 25.37 0.00 0.00 0.00 10.18 10.47 10.07 10.27 1077.40 8147.28 32.90 0.00 0  0  0  None None 303.24 Buffering (0/1) STOP  IDLE         30.00    None  None  
2021-10-19 16:14:35,753:WARNING: Stopped
2021-10-19 16:14:35,757:DEBUG: mega>rpi: b'BF:0.00\r\n'
2021-10-19 16:14:35,806:DEBUG: mega>rpi: b'PD:28.13\r\n'
2021-10-19 16:14:35,808:DEBUG: mega>rpi: b'PC:0.00\r\n'
2021-10-19 16:14:35,810:DEBUG: mega>rpi: b'LC:7.00\r\n'
2021-10-19 16:14:35,811:ERROR: unknown header: LC:7.00
2021-10-19 16:14:35,814:DEBUG: mega>rpi: b'HL:0.00\r\n'
2021-10-19 16:14:35,816:DEBUG: mega>rpi: b'EL:0.00\r\n'
2021-10-19 16:14:35,821:DEBUG: mega>rpi: b'BT1:28.34\r\n'
2021-10-19 16:14:35,834:DEBUG: mega>rpi: b'BT2:28.40\r\n'
2021-10-19 16:14:35,895:DEBUG: mega>rpi: b'BP1:1018.00\r\n'
2021-10-19 16:14:35,954:DEBUG: mega>rpi: b'BP2:1047.50\r\n'
2021-10-19 16:14:36,010:DEBUG: mega>rpi: b'HP:1077.20\r\n'
2021-10-19 16:14:36,023:DEBUG: mega>rpi: b'TT1:28.35\r\n'
2021-10-19 16:14:36,039:DEBUG: mega>rpi: b'TT2:29.00\r\n'
2021-10-19 16:14:36,096:DEBUG: mega>rpi: b'TP1:1006.80\r\n'
2021-10-19 16:14:36,154:DEBUG: mega>rpi: b'TP2:1025.90\r\n'
2021-10-19 16:14:36,169:DEBUG: mega>rpi: b'AT:25.37\r\n'
2021-10-19 16:14:36,228:DEBUG: mega>rpi: b'AP:8146.50\r\n'
2021-10-19 16:14:36,231:DEBUG: mega>rpi: b'BV:303.25\r\n'
2021-10-19 16:14:36,232:INFO: State.STOP
2021-10-19 16:14:36,234:INFO: BT1   BT2   TT1   TT2   AT    X    Y    Z    BP1   BP2   TP1   TP2   HP      AP      PD    PC   HL EL BF SF   PF   BV     rpm             State MissionState Setpoint Error Depth 
2021-10-19 16:14:36,236:INFO: 28.34 28.39 28.36 29.00 25.37 0.00 0.00 0.00 10.18 10.47 10.07 10.27 1077.38 8147.08 28.13 0.00 0  0  0  None None 303.25 Buffering (0/1) STOP  IDLE         30.00    None  None  
2021-10-19 16:14:36,237:WARNING: Stopped
2021-10-19 16:14:36,241:DEBUG: mega>rpi: b'BF:0.00\r\n'
2021-10-19 16:14:36,243:DEBUG: mega>rpi: b'X:0.00\r\n'
2021-10-19 16:14:36,246:DEBUG: mega>rpi: b'Y:0.00\r\n'
2021-10-19 16:14:36,249:DEBUG: mega>rpi: b'Z:-0.00\r\n'
2021-10-19 16:14:36,251:DEBUG: mega>rpi: b'PD:31.52\r\n'
2021-10-19 16:14:36,254:DEBUG: mega>rpi: b'PC:0.00\r\n'
2021-10-19 16:14:36,257:DEBUG: mega>rpi: b'LC:8.00\r\n'
2021-10-19 16:14:36,258:ERROR: unknown header: LC:8.00
2021-10-19 16:14:36,262:DEBUG: mega>rpi: b'HL:0.00\r\n'
2021-10-19 16:14:36,265:DEBUG: mega>rpi: b'EL:0.00\r\n'
2021-10-19 16:14:36,268:DEBUG: mega>rpi: b'BT1:28.35\r\n'
2021-10-19 16:14:36,272:DEBUG: mega>rpi: b'BT2:28.40\r\n'
2021-10-19 16:14:36,330:DEBUG: mega>rpi: b'BP1:1018.40\r\n'
2021-10-19 16:14:36,388:DEBUG: mega>rpi: b'BP2:1048.10\r\n'
2021-10-19 16:14:36,443:DEBUG: mega>rpi: b'HP:1077.80\r\n'
2021-10-19 16:14:36,459:DEBUG: mega>rpi: b'TT1:28.34\r\n'
2021-10-19 16:14:36,472:DEBUG: mega>rpi: b'TT2:29.01\r\n'
2021-10-19 16:14:36,531:DEBUG: mega>rpi: b'TP1:1007.30\r\n'
2021-10-19 16:14:36,590:DEBUG: mega>rpi: b'TP2:1026.90\r\n'
2021-10-19 16:14:36,604:DEBUG: mega>rpi: b'AT:25.37\r\n'
2021-10-19 16:14:36,663:DEBUG: mega>rpi: b'AP:8146.70\r\n'
2021-10-19 16:14:36,667:DEBUG: mega>rpi: b'BV:303.23\r\n'
2021-10-19 16:14:36,668:INFO: State.STOP
2021-10-19 16:14:36,671:INFO: BT1   BT2   TT1   TT2   AT    X    Y    Z    BP1   BP2   TP1   TP2   HP      AP      PD    PC   HL EL BF SF   PF   BV     rpm             State MissionState Setpoint Error Depth 
2021-10-19 16:14:36,672:INFO: 28.34 28.39 28.35 29.01 25.37 0.00 0.00 0.00 10.18 10.47 10.07 10.27 1077.42 8146.96 31.52 0.00 0  0  0  None None 303.23 Buffering (0/1) STOP  IDLE         30.00    None  None  
2021-10-19 16:14:36,674:WARNING: Stopped
2021-10-19 16:14:36,677:DEBUG: mega>rpi: b'BF:0.00\r\n'
2021-10-19 16:14:36,694:DEBUG: mega>rpi: b'PD:36.00\r\n'
2021-10-19 16:14:36,699:DEBUG: mega>rpi: b'PC:0.00\r\n'
2021-10-19 16:14:36,701:DEBUG: mega>rpi: b'LC:9.00\r\n'
2021-10-19 16:14:36,702:ERROR: unknown header: LC:9.00
2021-10-19 16:14:36,706:DEBUG: mega>rpi: b'HL:0.00\r\n'
2021-10-19 16:14:36,708:DEBUG: mega>rpi: b'EL:0.00\r\n'
2021-10-19 16:14:36,711:DEBUG: mega>rpi: b'BT1:28.35\r\n'
2021-10-19 16:14:36,726:DEBUG: mega>rpi: b'BT2:28.40\r\n'
2021-10-19 16:14:36,785:DEBUG: mega>rpi: b'BP1:1017.90\r\n'
2021-10-19 16:14:36,842:DEBUG: mega>rpi: b'BP2:1047.30\r\n'
2021-10-19 16:14:36,899:DEBUG: mega>rpi: b'HP:1077.80\r\n'
2021-10-19 16:14:36,915:DEBUG: mega>rpi: b'TT1:28.35\r\n'
2021-10-19 16:14:36,928:DEBUG: mega>rpi: b'TT2:29.00\r\n'
2021-10-19 16:14:36,986:DEBUG: mega>rpi: b'TP1:1007.80\r\n'
2021-10-19 16:14:37,044:DEBUG: mega>rpi: b'TP2:1026.40\r\n'
2021-10-19 16:14:37,058:DEBUG: mega>rpi: b'AT:25.37\r\n'
2021-10-19 16:14:37,116:DEBUG: mega>rpi: b'AP:8146.90\r\n'
2021-10-19 16:14:37,119:DEBUG: mega>rpi: b'BV:303.20\r\n'
2021-10-19 16:14:37,120:INFO: State.STOP
2021-10-19 16:14:37,122:INFO: BT1   BT2   TT1   TT2   AT    X    Y    Z    BP1   BP2   TP1   TP2   HP      AP      PD    PC   HL EL BF SF   PF   BV     rpm             State MissionState Setpoint Error Depth 
2021-10-19 16:14:37,124:INFO: 28.34 28.39 28.35 29.01 25.37 0.00 0.00 0.00 10.18 10.47 10.07 10.26 1077.46 8146.88 36.00 0.00 0  0  0  None None 303.20 Buffering (0/1) STOP  IDLE         30.00    None  None  
2021-10-19 16:14:37,125:WARNING: Stopped
2021-10-19 16:14:37,128:DEBUG: mega>rpi: b'BF:0.00\r\n'
2021-10-19 16:14:37,157:DEBUG: mega>rpi: b'PD:38.31\r\n'
2021-10-19 16:14:37,160:DEBUG: mega>rpi: b'PC:0.00\r\n'
2021-10-19 16:14:37,163:DEBUG: mega>rpi: b'LC:10.00\r\n'
2021-10-19 16:14:37,163:ERROR: unknown header: LC:10.00
2021-10-19 16:14:37,167:DEBUG: mega>rpi: b'HL:0.00\r\n'
2021-10-19 16:14:37,170:DEBUG: mega>rpi: b'EL:0.00\r\n'
2021-10-19 16:14:37,173:DEBUG: mega>rpi: b'BT1:28.36\r\n'
2021-10-19 16:14:37,186:DEBUG: mega>rpi: b'BT2:28.40\r\n'
2021-10-19 16:14:37,244:DEBUG: mega>rpi: b'BP1:1018.20\r\n'
2021-10-19 16:14:37,300:DEBUG: mega>rpi: b'BP2:1048.40\r\n'
2021-10-19 16:14:37,361:DEBUG: mega>rpi: b'HP:1077.20\r\n'
2021-10-19 16:14:37,374:DEBUG: mega>rpi: b'TT1:28.35\r\n'
2021-10-19 16:14:37,386:DEBUG: mega>rpi: b'TT2:29.01\r\n'
2021-10-19 16:14:37,447:DEBUG: mega>rpi: b'TP1:1006.60\r\n'
2021-10-19 16:14:37,506:DEBUG: mega>rpi: b'TP2:1026.60\r\n'
2021-10-19 16:14:37,517:DEBUG: mega>rpi: b'AT:25.38\r\n'
2021-10-19 16:14:37,575:DEBUG: mega>rpi: b'AP:8146.00\r\n'
2021-10-19 16:14:37,578:DEBUG: mega>rpi: b'BV:303.35\r\n'
2021-10-19 16:14:37,579:INFO: State.STOP
2021-10-19 16:14:37,581:INFO: BT1   BT2   TT1   TT2   AT    X    Y    Z    BP1   BP2   TP1   TP2   HP      AP      PD    PC   HL EL BF SF   PF   BV     rpm             State MissionState Setpoint Error Depth 
2021-10-19 16:14:37,583:INFO: 28.35 28.40 28.35 29.01 25.37 0.00 0.00 0.00 10.18 10.48 10.07 10.26 1077.44 8146.54 38.31 0.00 0  0  0  None None 303.35 Buffering (0/1) STOP  IDLE         30.00    None  None  
2021-10-19 16:14:37,584:WARNING: Stopped
2021-10-19 16:14:37,587:DEBUG: mega>rpi: b'BF:0.00\r\n'
2021-10-19 16:14:37,590:DEBUG: mega>rpi: b'X:0.00\r\n'
2021-10-19 16:14:37,592:DEBUG: mega>rpi: b'Y:0.00\r\n'
2021-10-19 16:14:37,594:DEBUG: mega>rpi: b'Z:-0.00\r\n'
2021-10-19 16:14:37,633:DEBUG: mega>rpi: b'PD:39.49\r\n'
2021-10-19 16:14:37,635:DEBUG: mega>rpi: b'PC:0.00\r\n'
2021-10-19 16:14:37,637:DEBUG: mega>rpi: b'LC:11.00\r\n'
2021-10-19 16:14:37,638:ERROR: unknown header: LC:11.00
2021-10-19 16:14:37,641:DEBUG: mega>rpi: b'HL:0.00\r\n'
2021-10-19 16:14:37,644:DEBUG: mega>rpi: b'EL:0.00\r\n'
2021-10-19 16:14:37,648:DEBUG: mega>rpi: b'BT1:28.37\r\n'
2021-10-19 16:14:37,661:DEBUG: mega>rpi: b'BT2:28.41\r\n'
2021-10-19 16:14:37,718:DEBUG: mega>rpi: b'BP1:1017.60\r\n'
2021-10-19 16:14:37,776:DEBUG: mega>rpi: b'BP2:1047.20\r\n'
2021-10-19 16:14:37,836:DEBUG: mega>rpi: b'HP:1077.60\r\n'
2021-10-19 16:14:37,849:DEBUG: mega>rpi: b'TT1:28.35\r\n'
2021-10-19 16:14:37,861:DEBUG: mega>rpi: b'TT2:29.00\r\n'
2021-10-19 16:14:37,922:DEBUG: mega>rpi: b'TP1:1007.30\r\n'
2021-10-19 16:14:37,981:DEBUG: mega>rpi: b'TP2:1026.40\r\n'
2021-10-19 16:14:37,992:DEBUG: mega>rpi: b'AT:25.38\r\n'
2021-10-19 16:14:38,050:DEBUG: mega>rpi: b'AP:8145.90\r\n'
2021-10-19 16:14:38,054:DEBUG: mega>rpi: b'BV:303.36\r\n'
2021-10-19 16:14:38,055:INFO: State.STOP
2021-10-19 16:14:38,057:INFO: BT1   BT2   TT1   TT2   AT    X    Y    Z    BP1   BP2   TP1   TP2   HP      AP      PD    PC   HL EL BF SF   PF   BV     rpm             State MissionState Setpoint Error Depth 
2021-10-19 16:14:38,059:INFO: 28.35 28.40 28.35 29.00 25.37 0.00 0.00 0.00 10.18 10.48 10.07 10.26 1077.52 8146.40 39.49 0.00 0  0  0  None None 303.36 Buffering (0/1) STOP  IDLE         30.00    None  None  
2021-10-19 16:14:38,060:WARNING: Stopped
2021-10-19 16:14:38,063:DEBUG: mega>rpi: b'BF:0.00\r\n'
2021-10-19 16:14:38,135:DEBUG: mega>rpi: b'PD:38.89\r\n'
2021-10-19 16:14:38,138:DEBUG: mega>rpi: b'PC:0.00\r\n'
2021-10-19 16:14:38,140:DEBUG: mega>rpi: b'LC:12.00\r\n'
2021-10-19 16:14:38,141:ERROR: unknown header: LC:12.00
2021-10-19 16:14:38,144:DEBUG: mega>rpi: b'HL:0.00\r\n'
2021-10-19 16:14:38,147:DEBUG: mega>rpi: b'EL:0.00\r\n'
2021-10-19 16:14:38,152:DEBUG: mega>rpi: b'BT1:28.38\r\n'
2021-10-19 16:14:38,165:DEBUG: mega>rpi: b'BT2:28.42\r\n'
2021-10-19 16:14:38,225:DEBUG: mega>rpi: b'BP1:1018.20\r\n'
2021-10-19 16:14:38,284:DEBUG: mega>rpi: b'BP2:1048.00\r\n'
2021-10-19 16:14:38,341:DEBUG: mega>rpi: b'HP:1077.30\r\n'
2021-10-19 16:14:38,353:DEBUG: mega>rpi: b'TT1:28.34\r\n'
2021-10-19 16:14:38,369:DEBUG: mega>rpi: b'TT2:29.01\r\n'
2021-10-19 16:14:38,427:DEBUG: mega>rpi: b'TP1:1007.50\r\n'
2021-10-19 16:14:38,485:DEBUG: mega>rpi: b'TP2:1026.60\r\n'
2021-10-19 16:14:38,500:DEBUG: mega>rpi: b'AT:25.38\r\n'
2021-10-19 16:14:38,558:DEBUG: mega>rpi: b'AP:8145.30\r\n'
2021-10-19 16:14:38,561:DEBUG: mega>rpi: b'BV:303.44\r\n'
2021-10-19 16:14:38,562:INFO: State.STOP
2021-10-19 16:14:38,564:INFO: BT1   BT2   TT1   TT2   AT    X    Y    Z    BP1   BP2   TP1   TP2   HP      AP      PD    PC   HL EL BF SF   PF   BV     rpm             State MissionState Setpoint Error Depth 
2021-10-19 16:14:38,566:INFO: 28.36 28.41 28.35 29.01 25.38 0.00 0.00 0.00 10.18 10.48 10.07 10.27 1077.54 8146.16 38.89 0.00 0  0  0  None None 303.44 Buffering (0/1) STOP  IDLE         30.00    None  None  
2021-10-19 16:14:38,567:WARNING: Stopped
2021-10-19 16:14:38,570:DEBUG: mega>rpi: b'BF:0.00\r\n'
2021-10-19 16:14:38,572:DEBUG: mega>rpi: b'X:0.00\r\n'
2021-10-19 16:14:38,575:DEBUG: mega>rpi: b'Y:0.00\r\n'
2021-10-19 16:14:38,577:DEBUG: mega>rpi: b'Z:-0.00\r\n'
2021-10-19 16:14:38,579:DEBUG: mega>rpi: b'PD:30.31\r\n'
2021-10-19 16:14:38,582:DEBUG: mega>rpi: b'PC:0.00\r\n'
2021-10-19 16:14:38,584:DEBUG: mega>rpi: b'LC:13.00\r\n'
2021-10-19 16:14:38,585:ERROR: unknown header: LC:13.00
2021-10-19 16:14:38,587:DEBUG: mega>rpi: b'HL:0.00\r\n'
2021-10-19 16:14:38,590:DEBUG: mega>rpi: b'EL:0.00\r\n'
2021-10-19 16:14:38,595:DEBUG: mega>rpi: b'BT1:28.39\r\n'
2021-10-19 16:14:38,610:DEBUG: mega>rpi: b'BT2:28.43\r\n'
2021-10-19 16:14:38,669:DEBUG: mega>rpi: b'BP1:1017.80\r\n'
2021-10-19 16:14:38,725:DEBUG: mega>rpi: b'BP2:1047.60\r\n'
2021-10-19 16:14:38,783:DEBUG: mega>rpi: b'HP:1077.60\r\n'
2021-10-19 16:14:38,799:DEBUG: mega>rpi: b'TT1:28.33\r\n'
2021-10-19 16:14:38,811:DEBUG: mega>rpi: b'TT2:28.99\r\n'
2021-10-19 16:14:38,869:DEBUG: mega>rpi: b'TP1:1007.80\r\n'
2021-10-19 16:14:38,927:DEBUG: mega>rpi: b'TP2:1026.60\r\n'
2021-10-19 16:14:38,943:DEBUG: mega>rpi: b'AT:25.37\r\n'
2021-10-19 16:14:39,000:DEBUG: mega>rpi: b'AP:8145.50\r\n'
2021-10-19 16:14:39,003:DEBUG: mega>rpi: b'BV:303.39\r\n'
2021-10-19 16:14:39,004:INFO: State.STOP
2021-10-19 16:14:39,006:INFO: BT1   BT2   TT1   TT2   AT    X    Y    Z    BP1   BP2   TP1   TP2   HP      AP      PD    PC   HL EL BF SF   PF   BV     rpm             State MissionState Setpoint Error Depth 
2021-10-19 16:14:39,009:INFO: 28.37 28.41 28.34 29.00 25.38 0.00 0.00 0.00 10.18 10.48 10.07 10.27 1077.50 8145.92 30.31 0.00 0  0  0  None None 303.39 Buffering (0/1) STOP  IDLE         30.00    None  None  
2021-10-19 16:14:39,010:WARNING: Stopped
2021-10-19 16:14:39,014:DEBUG: mega>rpi: b'BF:0.00\r\n'
2021-10-19 16:14:39,074:DEBUG: mega>rpi: b'PD:27.04\r\n'
2021-10-19 16:14:39,076:DEBUG: mega>rpi: b'PC:0.00\r\n'
2021-10-19 16:14:39,079:DEBUG: mega>rpi: b'LC:14.00\r\n'
2021-10-19 16:14:39,080:ERROR: unknown header: LC:14.00
2021-10-19 16:14:39,083:DEBUG: mega>rpi: b'HL:0.00\r\n'
2021-10-19 16:14:39,086:DEBUG: mega>rpi: b'EL:0.00\r\n'
2021-10-19 16:14:39,090:DEBUG: mega>rpi: b'BT1:28.40\r\n'
2021-10-19 16:14:39,102:DEBUG: mega>rpi: b'BT2:28.44\r\n'
2021-10-19 16:14:39,163:DEBUG: mega>rpi: b'BP1:1018.10\r\n'
2021-10-19 16:14:39,222:DEBUG: mega>rpi: b'BP2:1047.90\r\n'
2021-10-19 16:14:39,279:DEBUG: mega>rpi: b'HP:1077.70\r\n'
2021-10-19 16:14:39,291:DEBUG: mega>rpi: b'TT1:28.29\r\n'
2021-10-19 16:14:39,307:DEBUG: mega>rpi: b'TT2:28.97\r\n'
2021-10-19 16:14:39,365:DEBUG: mega>rpi: b'TP1:1006.40\r\n'
2021-10-19 16:14:39,422:DEBUG: mega>rpi: b'TP2:1026.40\r\n'
2021-10-19 16:14:39,437:DEBUG: mega>rpi: b'AT:25.39\r\n'
2021-10-19 16:14:39,496:DEBUG: mega>rpi: b'AP:8144.80\r\n'
2021-10-19 16:14:39,499:DEBUG: mega>rpi: b'BV:303.54\r\n'
2021-10-19 16:14:39,500:INFO: State.STOP
2021-10-19 16:14:39,502:INFO: BT1   BT2   TT1   TT2   AT    X    Y    Z    BP1   BP2   TP1   TP2   HP      AP      PD    PC   HL EL BF SF   PF   BV     rpm             State MissionState Setpoint Error Depth 
2021-10-19 16:14:39,505:INFO: 28.38 28.42 28.33 29.00 25.38 0.00 0.00 0.00 10.18 10.48 10.07 10.27 1077.48 8145.50 27.04 0.00 0  0  0  None None 303.54 Buffering (0/1) STOP  IDLE         30.00    None  None  
2021-10-19 16:14:39,506:WARNING: Stopped
2021-10-19 16:14:39,509:DEBUG: mega>rpi: b'BF:0.00\r\n'
2021-10-19 16:14:39,512:DEBUG: mega>rpi: b'X:0.00\r\n'
2021-10-19 16:14:39,515:DEBUG: mega>rpi: b'Y:0.00\r\n'
2021-10-19 16:14:39,517:DEBUG: mega>rpi: b'Z:-0.00\r\n'
2021-10-19 16:14:39,574:DEBUG: mega>rpi: b'PD:31.76\r\n'
2021-10-19 16:14:39,577:DEBUG: mega>rpi: b'PC:12.00\r\n'
2021-10-19 16:14:39,581:DEBUG: mega>rpi: b'LC:15.00\r\n'
2021-10-19 16:14:39,582:ERROR: unknown header: LC:15.00
2021-10-19 16:14:39,587:DEBUG: mega>rpi: b'HL:0.00\r\n'
2021-10-19 16:14:39,590:DEBUG: mega>rpi: b'EL:0.00\r\n'
2021-10-19 16:14:39,593:DEBUG: mega>rpi: b'BT1:28.40\r\n'
2021-10-19 16:14:39,603:DEBUG: mega>rpi: b'BT2:28.44\r\n'
2021-10-19 16:14:39,661:DEBUG: mega>rpi: b'BP1:1017.80\r\n'
2021-10-19 16:14:39,717:DEBUG: mega>rpi: b'BP2:1047.50\r\n'
2021-10-19 16:14:39,777:DEBUG: mega>rpi: b'HP:1077.90\r\n'
2021-10-19 16:14:39,791:DEBUG: mega>rpi: b'TT1:28.29\r\n'
2021-10-19 16:14:39,803:DEBUG: mega>rpi: b'TT2:28.97\r\n'
2021-10-19 16:14:39,863:DEBUG: mega>rpi: b'TP1:1007.50\r\n'
2021-10-19 16:14:39,921:DEBUG: mega>rpi: b'TP2:1026.40\r\n'
2021-10-19 16:14:39,933:DEBUG: mega>rpi: b'AT:25.39\r\n'
2021-10-19 16:14:39,992:DEBUG: mega>rpi: b'AP:8144.60\r\n'
2021-10-19 16:14:39,996:DEBUG: mega>rpi: b'BV:303.57\r\n'
2021-10-19 16:14:39,997:INFO: State.STOP
2021-10-19 16:14:40,001:INFO: BT1   BT2   TT1   TT2   AT    X    Y    Z    BP1   BP2   TP1   TP2   HP      AP      PD    PC    HL EL BF SF   PF   BV     rpm             State MissionState Setpoint Error Depth 
2021-10-19 16:14:40,004:INFO: 28.39 28.43 28.32 28.99 25.38 0.00 0.00 0.00 10.18 10.48 10.07 10.26 1077.62 8145.22 31.76 12.00 0  0  0  None None 303.57 Buffering (0/1) STOP  IDLE         30.00    None  None  
2021-10-19 16:14:40,006:WARNING: Stopped
2021-10-19 16:14:40,010:DEBUG: mega>rpi: b'BF:0.00\r\n'
2021-10-19 16:14:40,028:DEBUG: mega>rpi: b'PD:36.14\r\n'
2021-10-19 16:14:40,031:DEBUG: mega>rpi: b'PC:6.00\r\n'
2021-10-19 16:14:40,035:DEBUG: mega>rpi: b'LC:16.00\r\n'
2021-10-19 16:14:40,036:ERROR: unknown header: LC:16.00
2021-10-19 16:14:40,041:DEBUG: mega>rpi: b'HL:0.00\r\n'
2021-10-19 16:14:40,044:DEBUG: mega>rpi: b'EL:0.00\r\n'
2021-10-19 16:14:40,047:DEBUG: mega>rpi: b'BT1:28.40\r\n'
2021-10-19 16:14:40,056:DEBUG: mega>rpi: b'BT2:28.45\r\n'
2021-10-19 16:14:40,115:DEBUG: mega>rpi: b'BP1:1017.80\r\n'
2021-10-19 16:14:40,175:DEBUG: mega>rpi: b'BP2:1047.30\r\n'
2021-10-19 16:14:40,232:DEBUG: mega>rpi: b'HP:1077.80\r\n'
2021-10-19 16:14:40,245:DEBUG: mega>rpi: b'TT1:28.29\r\n'
2021-10-19 16:14:40,261:DEBUG: mega>rpi: b'TT2:28.96\r\n'
2021-10-19 16:14:40,318:DEBUG: mega>rpi: b'TP1:1008.00\r\n'
2021-10-19 16:14:40,377:DEBUG: mega>rpi: b'TP2:1027.60\r\n'
2021-10-19 16:14:40,389:DEBUG: mega>rpi: b'AT:25.39\r\n'
2021-10-19 16:14:40,448:DEBUG: mega>rpi: b'AP:8145.30\r\n'
2021-10-19 16:14:40,452:DEBUG: mega>rpi: b'BV:303.48\r\n'
2021-10-19 16:14:40,453:INFO: State.STOP
2021-10-19 16:14:40,456:INFO: BT1   BT2   TT1   TT2   AT    X    Y    Z    BP1   BP2   TP1   TP2   HP      AP      PD    PC   HL EL BF SF   PF   BV     rpm             State MissionState Setpoint Error Depth 
2021-10-19 16:14:40,459:INFO: 28.39 28.44 28.31 28.98 25.38 0.00 0.00 0.00 10.18 10.48 10.07 10.27 1077.66 8145.10 36.14 6.00 0  0  0  None None 303.48 Buffering (0/1) STOP  IDLE         30.00    None  None  
2021-10-19 16:14:40,460:WARNING: Stopped
2021-10-19 16:14:40,464:DEBUG: mega>rpi: b'BF:0.00\r\n'
2021-10-19 16:14:40,467:DEBUG: mega>rpi: b'X:0.00\r\n'
2021-10-19 16:14:40,470:DEBUG: mega>rpi: b'Y:0.00\r\n'
2021-10-19 16:14:40,473:DEBUG: mega>rpi: b'Z:-0.00\r\n'
2021-10-19 16:14:40,488:DEBUG: mega>rpi: b'PD:38.05\r\n'
2021-10-19 16:14:40,490:DEBUG: mega>rpi: b'PC:0.00\r\n'
2021-10-19 16:14:40,493:DEBUG: mega>rpi: b'LC:17.00\r\n'
2021-10-19 16:14:40,494:ERROR: unknown header: LC:17.00
2021-10-19 16:14:40,498:DEBUG: mega>rpi: b'HL:0.00\r\n'
2021-10-19 16:14:40,501:DEBUG: mega>rpi: b'EL:0.00\r\n'
2021-10-19 16:14:40,504:DEBUG: mega>rpi: b'BT1:28.41\r\n'
2021-10-19 16:14:40,516:DEBUG: mega>rpi: b'BT2:28.45\r\n'
2021-10-19 16:14:40,573:DEBUG: mega>rpi: b'BP1:1018.80\r\n'
2021-10-19 16:14:40,633:DEBUG: mega>rpi: b'BP2:1047.40\r\n'
2021-10-19 16:14:40,692:DEBUG: mega>rpi: b'HP:1077.60\r\n'
2021-10-19 16:14:40,704:DEBUG: mega>rpi: b'TT1:28.29\r\n'
2021-10-19 16:14:40,716:DEBUG: mega>rpi: b'TT2:28.98\r\n'
2021-10-19 16:14:40,778:DEBUG: mega>rpi: b'TP1:1007.50\r\n'
2021-10-19 16:14:40,835:DEBUG: mega>rpi: b'TP2:1026.90\r\n'
2021-10-19 16:14:40,847:DEBUG: mega>rpi: b'AT:25.38\r\n'
2021-10-19 16:14:40,908:DEBUG: mega>rpi: b'AP:8144.80\r\n'
2021-10-19 16:14:40,910:DEBUG: mega>rpi: b'BV:303.51\r\n'
2021-10-19 16:14:40,912:INFO: State.STOP
2021-10-19 16:14:40,914:INFO: BT1   BT2   TT1   TT2   AT    X    Y    Z    BP1   BP2   TP1   TP2   HP      AP      PD    PC   HL EL BF SF   PF   BV     rpm             State MissionState Setpoint Error Depth 
2021-10-19 16:14:40,917:INFO: 28.40 28.44 28.30 28.97 25.38 0.00 0.00 0.00 10.18 10.48 10.07 10.27 1077.72 8145.00 38.05 0.00 0  0  0  None None 303.51 Buffering (0/1) STOP  IDLE         30.00    None  None  
2021-10-19 16:14:40,918:WARNING: Stopped
2021-10-19 16:14:40,922:DEBUG: mega>rpi: b'BF:0.00\r\n'
2021-10-19 16:14:40,949:DEBUG: mega>rpi: b'PD:31.78\r\n'
2021-10-19 16:14:40,952:DEBUG: mega>rpi: b'PC:0.00\r\n'
2021-10-19 16:14:40,955:DEBUG: mega>rpi: b'LC:18.00\r\n'
2021-10-19 16:14:40,956:ERROR: unknown header: LC:18.00
2021-10-19 16:14:40,960:DEBUG: mega>rpi: b'HL:0.00\r\n'
2021-10-19 16:14:40,964:DEBUG: mega>rpi: b'EL:0.00\r\n'
2021-10-19 16:14:40,967:DEBUG: mega>rpi: b'BT1:28.40\r\n'
2021-10-19 16:14:40,978:DEBUG: mega>rpi: b'BT2:28.45\r\n'
2021-10-19 16:14:41,036:DEBUG: mega>rpi: b'BP1:1019.20\r\n'
2021-10-19 16:14:41,094:DEBUG: mega>rpi: b'BP2:1047.70\r\n'
2021-10-19 16:14:41,150:DEBUG: mega>rpi: b'HP:1077.40\r\n'
2021-10-19 16:14:41,166:DEBUG: mega>rpi: b'TT1:28.30\r\n'
2021-10-19 16:14:41,179:DEBUG: mega>rpi: b'TT2:28.96\r\n'
2021-10-19 16:14:41,238:DEBUG: mega>rpi: b'TP1:1007.30\r\n'
2021-10-19 16:14:41,294:DEBUG: mega>rpi: b'TP2:1026.00\r\n'
2021-10-19 16:14:41,310:DEBUG: mega>rpi: b'AT:25.38\r\n'
2021-10-19 16:14:41,368:DEBUG: mega>rpi: b'AP:8144.60\r\n'
2021-10-19 16:14:41,371:DEBUG: mega>rpi: b'BV:303.54\r\n'
2021-10-19 16:14:41,372:INFO: State.STOP
2021-10-19 16:14:41,375:INFO: BT1   BT2   TT1   TT2   AT    X    Y    Z    BP1   BP2   TP1   TP2   HP      AP      PD    PC   HL EL BF SF   PF   BV     rpm             State MissionState Setpoint Error Depth 
2021-10-19 16:14:41,378:INFO: 28.40 28.45 28.29 28.97 25.39 0.00 0.00 0.00 10.18 10.48 10.07 10.27 1077.68 8144.82 31.78 0.00 0  0  0  None None 303.54 Buffering (0/1) STOP  IDLE         30.00    None  None  
2021-10-19 16:14:41,379:WARNING: Stopped
2021-10-19 16:14:41,383:DEBUG: mega>rpi: b'BF:0.00\r\n'
2021-10-19 16:14:41,386:DEBUG: mega>rpi: b'X:0.00\r\n'
2021-10-19 16:14:41,389:DEBUG: mega>rpi: b'Y:0.00\r\n'
2021-10-19 16:14:41,391:DEBUG: mega>rpi: b'Z:-0.01\r\n'
2021-10-19 16:14:41,424:DEBUG: mega>rpi: b'PD:37.90\r\n'
2021-10-19 16:14:41,427:DEBUG: mega>rpi: b'PC:0.00\r\n'
2021-10-19 16:14:41,430:DEBUG: mega>rpi: b'LC:19.00\r\n'
2021-10-19 16:14:41,431:ERROR: unknown header: LC:19.00
2021-10-19 16:14:41,434:DEBUG: mega>rpi: b'HL:0.00\r\n'
2021-10-19 16:14:41,438:DEBUG: mega>rpi: b'EL:0.00\r\n'
2021-10-19 16:14:41,441:DEBUG: mega>rpi: b'BT1:28.40\r\n'
2021-10-19 16:14:41,453:DEBUG: mega>rpi: b'BT2:28.46\r\n'
2021-10-19 16:14:41,511:DEBUG: mega>rpi: b'BP1:1017.60\r\n'
2021-10-19 16:14:41,569:DEBUG: mega>rpi: b'BP2:1047.90\r\n'
2021-10-19 16:14:41,625:DEBUG: mega>rpi: b'HP:1077.70\r\n'
2021-10-19 16:14:41,642:DEBUG: mega>rpi: b'TT1:28.29\r\n'
2021-10-19 16:14:41,654:DEBUG: mega>rpi: b'TT2:28.96\r\n'
2021-10-19 16:14:41,713:DEBUG: mega>rpi: b'TP1:1006.90\r\n'
2021-10-19 16:14:41,769:DEBUG: mega>rpi: b'TP2:1026.40\r\n'
2021-10-19 16:14:41,785:DEBUG: mega>rpi: b'AT:25.38\r\n'
2021-10-19 16:14:41,843:DEBUG: mega>rpi: b'AP:8144.20\r\n'
2021-10-19 16:14:41,846:DEBUG: mega>rpi: b'BV:303.59\r\n'
2021-10-19 16:14:41,847:INFO: State.STOP
2021-10-19 16:14:41,850:INFO: BT1   BT2   TT1   TT2   AT    X    Y    Z     BP1   BP2   TP1   TP2   HP      AP      PD    PC   HL EL BF SF   PF   BV     rpm             State MissionState Setpoint Error Depth 
2021-10-19 16:14:41,852:INFO: 28.40 28.45 28.29 28.97 25.38 0.00 0.00 -0.00 10.18 10.48 10.07 10.27 1077.68 8144.70 37.90 0.00 0  0  0  None None 303.59 Buffering (0/1) STOP  IDLE         30.00    None  None  
2021-10-19 16:14:41,853:WARNING: Stopped
2021-10-19 16:14:41,857:DEBUG: mega>rpi: b'BF:0.00\r\n'
2021-10-19 16:14:41,925:DEBUG: mega>rpi: b'PD:38.39\r\n'
2021-10-19 16:14:41,928:DEBUG: mega>rpi: b'PC:12.00\r\n'
2021-10-19 16:14:41,931:DEBUG: mega>rpi: b'LC:20.00\r\n'
2021-10-19 16:14:41,932:ERROR: unknown header: LC:20.00
2021-10-19 16:14:41,936:DEBUG: mega>rpi: b'HL:0.00\r\n'
2021-10-19 16:14:41,939:DEBUG: mega>rpi: b'EL:0.00\r\n'
2021-10-19 16:14:41,942:DEBUG: mega>rpi: b'BT1:28.41\r\n'
2021-10-19 16:14:41,956:DEBUG: mega>rpi: b'BT2:28.45\r\n'
2021-10-19 16:14:42,015:DEBUG: mega>rpi: b'BP1:1015.80\r\n'
2021-10-19 16:14:42,073:DEBUG: mega>rpi: b'BP2:1048.10\r\n'
2021-10-19 16:14:42,129:DEBUG: mega>rpi: b'HP:1077.40\r\n'
2021-10-19 16:14:42,148:DEBUG: mega>rpi: b'TT1:28.29\r\n'
2021-10-19 16:14:42,159:DEBUG: mega>rpi: b'TT2:28.96\r\n'
2021-10-19 16:14:42,215:DEBUG: mega>rpi: b'TP1:1006.60\r\n'
2021-10-19 16:14:42,273:DEBUG: mega>rpi: b'TP2:1027.00\r\n'
2021-10-19 16:14:42,289:DEBUG: mega>rpi: b'AT:25.40\r\n'
2021-10-19 16:14:42,347:DEBUG: mega>rpi: b'AP:8143.60\r\n'
2021-10-19 16:14:42,350:DEBUG: mega>rpi: b'BV:303.73\r\n'
2021-10-19 16:14:42,351:INFO: State.STOP
2021-10-19 16:14:42,353:INFO: BT1   BT2   TT1   TT2   AT    X    Y    Z     BP1   BP2   TP1   TP2   HP      AP      PD    PC    HL EL BF SF   PF   BV     rpm             State MissionState Setpoint Error Depth 
2021-10-19 16:14:42,355:INFO: 28.40 28.45 28.29 28.96 25.39 0.00 0.00 -0.00 10.18 10.48 10.07 10.27 1077.58 8144.50 38.39 12.00 0  0  0  None None 303.73 Buffering (0/1) STOP  IDLE         30.00    None  None  
2021-10-19 16:14:42,356:WARNING: Stopped
2021-10-19 16:14:42,359:DEBUG: mega>rpi: b'BF:0.00\r\n'
2021-10-19 16:14:42,361:DEBUG: mega>rpi: b'X:0.00\r\n'
2021-10-19 16:14:42,363:DEBUG: mega>rpi: b'Y:0.00\r\n'
2021-10-19 16:14:42,366:DEBUG: mega>rpi: b'Z:-0.00\r\n'
2021-10-19 16:14:42,387:DEBUG: mega>rpi: b'PD:38.59\r\n'
2021-10-19 16:14:42,390:DEBUG: mega>rpi: b'PC:22.00\r\n'
2021-10-19 16:14:42,392:DEBUG: mega>rpi: b'LC:21.00\r\n'
2021-10-19 16:14:42,393:ERROR: unknown header: LC:21.00
2021-10-19 16:14:42,396:DEBUG: mega>rpi: b'HL:0.00\r\n'
2021-10-19 16:14:42,398:DEBUG: mega>rpi: b'EL:0.00\r\n'
2021-10-19 16:14:42,401:DEBUG: mega>rpi: b'BT1:28.40\r\n'
2021-10-19 16:14:42,416:DEBUG: mega>rpi: b'BT2:28.46\r\n'
2021-10-19 16:14:42,474:DEBUG: mega>rpi: b'BP1:1016.40\r\n'
2021-10-19 16:14:42,530:DEBUG: mega>rpi: b'BP2:1047.70\r\n'
2021-10-19 16:14:42,588:DEBUG: mega>rpi: b'HP:1077.40\r\n'
2021-10-19 16:14:42,604:DEBUG: mega>rpi: b'TT1:28.29\r\n'
2021-10-19 16:14:42,617:DEBUG: mega>rpi: b'TT2:28.95\r\n'
2021-10-19 16:14:42,674:DEBUG: mega>rpi: b'TP1:1007.80\r\n'
2021-10-19 16:14:42,732:DEBUG: mega>rpi: b'TP2:1026.40\r\n'
2021-10-19 16:14:42,748:DEBUG: mega>rpi: b'AT:25.38\r\n'
2021-10-19 16:14:42,806:DEBUG: mega>rpi: b'AP:8144.10\r\n'
2021-10-19 16:14:42,809:DEBUG: mega>rpi: b'BV:303.60\r\n'
2021-10-19 16:14:42,810:INFO: State.STOP
2021-10-19 16:14:42,812:INFO: BT1   BT2   TT1   TT2   AT    X    Y    Z     BP1   BP2   TP1   TP2   HP      AP      PD    PC    HL EL BF SF   PF   BV     rpm             State MissionState Setpoint Error Depth 
2021-10-19 16:14:42,814:INFO: 28.40 28.45 28.29 28.96 25.38 0.00 0.00 -0.00 10.18 10.48 10.07 10.27 1077.50 8144.26 38.59 22.00 0  0  0  None None 303.60 Buffering (0/1) STOP  IDLE         30.00    None  None  
2021-10-19 16:14:42,815:WARNING: Stopped
2021-10-19 16:14:42,818:DEBUG: mega>rpi: b'BF:0.00\r\n'
2021-10-19 16:14:42,842:DEBUG: mega>rpi: b'PD:38.19\r\n'
2021-10-19 16:14:42,845:DEBUG: mega>rpi: b'PC:28.00\r\n'
2021-10-19 16:14:42,847:DEBUG: mega>rpi: b'LC:22.00\r\n'
2021-10-19 16:14:42,848:ERROR: unknown header: LC:22.00
2021-10-19 16:14:42,851:DEBUG: mega>rpi: b'HL:0.00\r\n'
2021-10-19 16:14:42,854:DEBUG: mega>rpi: b'EL:0.00\r\n'
2021-10-19 16:14:42,857:DEBUG: mega>rpi: b'BT1:28.40\r\n'
2021-10-19 16:14:42,871:DEBUG: mega>rpi: b'BT2:28.46\r\n'
2021-10-19 16:14:42,929:DEBUG: mega>rpi: b'BP1:1017.60\r\n'
2021-10-19 16:14:42,985:DEBUG: mega>rpi: b'BP2:1047.40\r\n'
2021-10-19 16:14:43,043:DEBUG: mega>rpi: b'HP:1077.50\r\n'
2021-10-19 16:14:43,059:DEBUG: mega>rpi: b'TT1:28.29\r\n'
2021-10-19 16:14:43,072:DEBUG: mega>rpi: b'TT2:28.93\r\n'
2021-10-19 16:14:43,129:DEBUG: mega>rpi: b'TP1:1006.10\r\n'
2021-10-19 16:14:43,189:DEBUG: mega>rpi: b'TP2:1026.60\r\n'
2021-10-19 16:14:43,203:DEBUG: mega>rpi: b'AT:25.38\r\n'
2021-10-19 16:14:43,259:DEBUG: mega>rpi: b'AP:8143.80\r\n'
2021-10-19 16:14:43,262:DEBUG: mega>rpi: b'BV:303.64\r\n'
2021-10-19 16:14:43,263:INFO: State.STOP
2021-10-19 16:14:43,266:INFO: BT1   BT2   TT1   TT2   AT    X    Y    Z     BP1   BP2   TP1   TP2   HP      AP      PD    PC    HL EL BF SF   PF   BV     rpm             State MissionState Setpoint Error Depth 
2021-10-19 16:14:43,268:INFO: 28.40 28.46 28.29 28.95 25.38 0.00 0.00 -0.00 10.17 10.48 10.07 10.26 1077.48 8144.06 38.19 28.00 0  0  0  None None 303.64 Buffering (0/1) STOP  IDLE         30.00    None  None  
2021-10-19 16:14:43,269:WARNING: Stopped
2021-10-19 16:14:43,272:DEBUG: mega>rpi: b'BF:0.00\r\n'
2021-10-19 16:14:43,275:DEBUG: mega>rpi: b'X:0.00\r\n'
2021-10-19 16:14:43,277:DEBUG: mega>rpi: b'Y:0.00\r\n'
2021-10-19 16:14:43,279:DEBUG: mega>rpi: b'Z:-0.00\r\n'
2021-10-19 16:14:43,300:DEBUG: mega>rpi: b'PD:34.01\r\n'
2021-10-19 16:14:43,304:DEBUG: mega>rpi: b'PC:16.00\r\n'
2021-10-19 16:14:43,305:DEBUG: mega>rpi: b'LC:23.00\r\n'
2021-10-19 16:14:43,306:ERROR: unknown header: LC:23.00
2021-10-19 16:14:43,308:DEBUG: mega>rpi: b'HL:0.00\r\n'
2021-10-19 16:14:43,309:DEBUG: mega>rpi: b'EL:0.00\r\n'
2021-10-19 16:14:43,316:DEBUG: mega>rpi: b'BT1:28.40\r\n'
2021-10-19 16:14:43,332:DEBUG: mega>rpi: b'BT2:28.46\r\n'
2021-10-19 16:14:43,389:DEBUG: mega>rpi: b'BP1:1018.30\r\n'
2021-10-19 16:14:43,448:DEBUG: mega>rpi: b'BP2:1047.30\r\n'
2021-10-19 16:14:43,506:DEBUG: mega>rpi: b'HP:1077.70\r\n'
2021-10-19 16:14:43,525:DEBUG: mega>rpi: b'TT1:28.26\r\n'
2021-10-19 16:14:43,534:DEBUG: mega>rpi: b'TT2:28.94\r\n'
2021-10-19 16:14:43,592:DEBUG: mega>rpi: b'TP1:1007.70\r\n'
2021-10-19 16:14:43,649:DEBUG: mega>rpi: b'TP2:1026.90\r\n'
2021-10-19 16:14:43,665:DEBUG: mega>rpi: b'AT:25.38\r\n'
2021-10-19 16:14:43,723:DEBUG: mega>rpi: b'AP:8143.50\r\n'
2021-10-19 16:14:43,726:DEBUG: mega>rpi: b'BV:303.68\r\n'
2021-10-19 16:14:43,727:INFO: State.STOP
2021-10-19 16:14:43,730:INFO: BT1   BT2   TT1   TT2   AT    X    Y    Z     BP1   BP2   TP1   TP2   HP      AP      PD    PC    HL EL BF SF   PF   BV     rpm             State MissionState Setpoint Error Depth 
2021-10-19 16:14:43,732:INFO: 28.40 28.46 28.28 28.95 25.38 0.00 0.00 -0.00 10.17 10.48 10.07 10.27 1077.54 8143.84 34.01 16.00 0  0  0  None None 303.68 Buffering (0/1) STOP  IDLE         30.00    None  None  
2021-10-19 16:14:43,733:WARNING: Stopped
2021-10-19 16:14:43,736:DEBUG: mega>rpi: b'BF:0.00\r\n'
2021-10-19 16:14:43,776:DEBUG: mega>rpi: b'PD:29.35\r\n'
2021-10-19 16:14:43,778:DEBUG: mega>rpi: b'PC:0.00\r\n'
2021-10-19 16:14:43,781:DEBUG: mega>rpi: b'LC:24.00\r\n'
2021-10-19 16:14:43,782:ERROR: unknown header: LC:24.00
2021-10-19 16:14:43,785:DEBUG: mega>rpi: b'HL:0.00\r\n'
2021-10-19 16:14:43,788:DEBUG: mega>rpi: b'EL:0.00\r\n'
2021-10-19 16:14:43,792:DEBUG: mega>rpi: b'BT1:28.41\r\n'
2021-10-19 16:14:43,804:DEBUG: mega>rpi: b'BT2:28.46\r\n'
2021-10-19 16:14:43,862:DEBUG: mega>rpi: b'BP1:1018.50\r\n'
2021-10-19 16:14:43,920:DEBUG: mega>rpi: b'BP2:1046.90\r\n'
2021-10-19 16:14:43,980:DEBUG: mega>rpi: b'HP:1077.20\r\n'
2021-10-19 16:14:43,993:DEBUG: mega>rpi: b'TT1:28.24\r\n'
2021-10-19 16:14:44,005:DEBUG: mega>rpi: b'TT2:28.91\r\n'
2021-10-19 16:14:44,066:DEBUG: mega>rpi: b'TP1:1006.70\r\n'
2021-10-19 16:14:44,124:DEBUG: mega>rpi: b'TP2:1026.60\r\n'
2021-10-19 16:14:44,137:DEBUG: mega>rpi: b'AT:25.38\r\n'
2021-10-19 16:14:44,193:DEBUG: mega>rpi: b'AP:8143.20\r\n'
2021-10-19 16:14:44,196:DEBUG: mega>rpi: b'BV:303.72\r\n'
2021-10-19 16:14:44,197:INFO: State.STOP
2021-10-19 16:14:44,200:INFO: BT1   BT2   TT1   TT2   AT    X    Y    Z     BP1   BP2   TP1   TP2   HP      AP      PD    PC   HL EL BF SF   PF   BV     rpm             State MissionState Setpoint Error Depth 
2021-10-19 16:14:44,201:INFO: 28.40 28.46 28.27 28.94 25.38 0.00 0.00 -0.00 10.17 10.47 10.07 10.27 1077.44 8143.64 29.35 0.00 0  0  0  None None 303.72 Buffering (0/1) STOP  IDLE         30.00    None  None  
2021-10-19 16:14:44,203:WARNING: Stopped
2021-10-19 16:14:44,206:DEBUG: mega>rpi: b'BF:0.00\r\n'
2021-10-19 16:14:44,280:DEBUG: mega>rpi: b'PD:33.05\r\n'
2021-10-19 16:14:44,282:DEBUG: mega>rpi: b'PC:0.00\r\n'
2021-10-19 16:14:44,284:DEBUG: mega>rpi: b'LC:25.00\r\n'
2021-10-19 16:14:44,285:ERROR: unknown header: LC:25.00
2021-10-19 16:14:44,288:DEBUG: mega>rpi: b'HL:0.00\r\n'
2021-10-19 16:14:44,291:DEBUG: mega>rpi: b'EL:0.00\r\n'
2021-10-19 16:14:44,295:DEBUG: mega>rpi: b'BT1:28.41\r\n'
2021-10-19 16:14:44,308:DEBUG: mega>rpi: b'BT2:28.46\r\n'
2021-10-19 16:14:44,366:DEBUG: mega>rpi: b'BP1:1018.40\r\n'
2021-10-19 16:14:44,426:DEBUG: mega>rpi: b'BP2:1047.40\r\n'
2021-10-19 16:14:44,484:DEBUG: mega>rpi: b'HP:1077.70\r\n'
2021-10-19 16:14:44,497:DEBUG: mega>rpi: b'TT1:28.25\r\n'
2021-10-19 16:14:44,511:DEBUG: mega>rpi: b'TT2:28.93\r\n'
2021-10-19 16:14:44,571:DEBUG: mega>rpi: b'TP1:1007.50\r\n'
2021-10-19 16:14:44,629:DEBUG: mega>rpi: b'TP2:1026.70\r\n'
2021-10-19 16:14:44,640:DEBUG: mega>rpi: b'AT:25.39\r\n'
2021-10-19 16:14:44,701:DEBUG: mega>rpi: b'AP:8143.00\r\n'
2021-10-19 16:14:44,704:DEBUG: mega>rpi: b'BV:303.78\r\n'
2021-10-19 16:14:44,705:INFO: State.STOP
2021-10-19 16:14:44,707:INFO: BT1   BT2   TT1   TT2   AT    X    Y    Z     BP1   BP2   TP1   TP2   HP      AP      PD    PC   HL EL BF SF   PF   BV     rpm             State MissionState Setpoint Error Depth 
2021-10-19 16:14:44,709:INFO: 28.40 28.46 28.27 28.93 25.38 0.00 0.00 -0.00 10.18 10.47 10.07 10.27 1077.50 8143.52 33.05 0.00 0  0  0  None None 303.78 Buffering (0/1) STOP  IDLE         30.00    None  None  
2021-10-19 16:14:44,710:WARNING: Stopped
2021-10-19 16:14:44,712:DEBUG: mega>rpi: b'BF:0.00\r\n'
2021-10-19 16:14:44,715:DEBUG: mega>rpi: b'X:0.00\r\n'
2021-10-19 16:14:44,717:DEBUG: mega>rpi: b'Y:0.00\r\n'
2021-10-19 16:14:44,719:DEBUG: mega>rpi: b'Z:-0.00\r\n'
2021-10-19 16:14:44,735:DEBUG: mega>rpi: b'PD:36.57\r\n'
2021-10-19 16:14:44,737:DEBUG: mega>rpi: b'PC:0.00\r\n'
2021-10-19 16:14:44,740:DEBUG: mega>rpi: b'LC:26.00\r\n'
2021-10-19 16:14:44,741:ERROR: unknown header: LC:26.00
2021-10-19 16:14:44,743:DEBUG: mega>rpi: b'HL:0.00\r\n'
2021-10-19 16:14:44,746:DEBUG: mega>rpi: b'EL:0.00\r\n'
2021-10-19 16:14:44,750:DEBUG: mega>rpi: b'BT1:28.40\r\n'
2021-10-19 16:14:44,763:DEBUG: mega>rpi: b'BT2:28.46\r\n'
2021-10-19 16:14:44,821:DEBUG: mega>rpi: b'BP1:1018.50\r\n'
2021-10-19 16:14:44,880:DEBUG: mega>rpi: b'BP2:1047.60\r\n'
2021-10-19 16:14:44,939:DEBUG: mega>rpi: b'HP:1077.70\r\n'
2021-10-19 16:14:44,952:DEBUG: mega>rpi: b'TT1:28.23\r\n'
2021-10-19 16:14:44,966:DEBUG: mega>rpi: b'TT2:28.91\r\n'
2021-10-19 16:14:45,025:DEBUG: mega>rpi: b'TP1:1007.20\r\n'
2021-10-19 16:14:45,083:DEBUG: mega>rpi: b'TP2:1026.90\r\n'
2021-10-19 16:14:45,094:DEBUG: mega>rpi: b'AT:25.39\r\n'
2021-10-19 16:14:45,155:DEBUG: mega>rpi: b'AP:8142.60\r\n'
2021-10-19 16:14:45,158:DEBUG: mega>rpi: b'BV:303.83\r\n'
2021-10-19 16:14:45,159:INFO: State.STOP
2021-10-19 16:14:45,161:INFO: BT1   BT2   TT1   TT2   AT    X    Y    Z     BP1   BP2   TP1   TP2   HP      AP      PD    PC   HL EL BF SF   PF   BV     rpm             State MissionState Setpoint Error Depth 
2021-10-19 16:14:45,163:INFO: 28.40 28.46 28.25 28.92 25.38 0.00 0.00 -0.00 10.18 10.47 10.07 10.27 1077.56 8143.22 36.57 0.00 0  0  0  None None 303.83 Buffering (0/1) STOP  IDLE         30.00    None  None  
2021-10-19 16:14:45,164:WARNING: Stopped
2021-10-19 16:14:45,167:DEBUG: mega>rpi: b'BF:0.00\r\n'
2021-10-19 16:14:45,193:DEBUG: mega>rpi: b'PD:38.06\r\n'
2021-10-19 16:14:45,195:DEBUG: mega>rpi: b'PC:0.00\r\n'
2021-10-19 16:14:45,198:DEBUG: mega>rpi: b'LC:27.00\r\n'
2021-10-19 16:14:45,198:ERROR: unknown header: LC:27.00
2021-10-19 16:14:45,201:DEBUG: mega>rpi: b'HL:0.00\r\n'
2021-10-19 16:14:45,204:DEBUG: mega>rpi: b'EL:0.00\r\n'
2021-10-19 16:14:45,209:DEBUG: mega>rpi: b'BT1:28.40\r\n'
2021-10-19 16:14:45,222:DEBUG: mega>rpi: b'BT2:28.46\r\n'
2021-10-19 16:14:45,282:DEBUG: mega>rpi: b'BP1:1018.00\r\n'
2021-10-19 16:14:45,341:DEBUG: mega>rpi: b'BP2:1047.20\r\n'
2021-10-19 16:14:45,398:DEBUG: mega>rpi: b'HP:1077.30\r\n'
2021-10-19 16:14:45,410:DEBUG: mega>rpi: b'TT1:28.21\r\n'
2021-10-19 16:14:45,426:DEBUG: mega>rpi: b'TT2:28.91\r\n'
2021-10-19 16:14:45,484:DEBUG: mega>rpi: b'TP1:1006.40\r\n'
2021-10-19 16:14:45,542:DEBUG: mega>rpi: b'TP2:1027.00\r\n'
2021-10-19 16:14:45,556:DEBUG: mega>rpi: b'AT:25.40\r\n'
2021-10-19 16:14:45,615:DEBUG: mega>rpi: b'AP:8142.80\r\n'
2021-10-19 16:14:45,618:DEBUG: mega>rpi: b'BV:303.84\r\n'
2021-10-19 16:14:45,619:INFO: State.STOP
2021-10-19 16:14:45,621:INFO: BT1   BT2   TT1   TT2   AT    X    Y    Z     BP1   BP2   TP1   TP2   HP      AP      PD    PC   HL EL BF SF   PF   BV     rpm             State MissionState Setpoint Error Depth 
2021-10-19 16:14:45,623:INFO: 28.40 28.46 28.24 28.92 25.39 0.00 0.00 -0.00 10.18 10.47 10.07 10.27 1077.52 8143.02 38.06 0.00 0  0  0  None None 303.84 Buffering (0/1) STOP  IDLE         30.00    None  None  
2021-10-19 16:14:45,624:WARNING: Stopped
2021-10-19 16:14:45,627:DEBUG: mega>rpi: b'BF:0.00\r\n'
2021-10-19 16:14:45,630:DEBUG: mega>rpi: b'X:0.00\r\n'
2021-10-19 16:14:45,632:DEBUG: mega>rpi: b'Y:0.00\r\n'
2021-10-19 16:14:45,634:DEBUG: mega>rpi: b'Z:-0.00\r\n'
2021-10-19 16:14:45,655:DEBUG: mega>rpi: b'PD:35.00\r\n'
2021-10-19 16:14:45,658:DEBUG: mega>rpi: b'PC:0.00\r\n'
2021-10-19 16:14:45,660:DEBUG: mega>rpi: b'LC:28.00\r\n'
2021-10-19 16:14:45,661:ERROR: unknown header: LC:28.00
2021-10-19 16:14:45,664:DEBUG: mega>rpi: b'HL:0.00\r\n'
2021-10-19 16:14:45,666:DEBUG: mega>rpi: b'EL:0.00\r\n'
2021-10-19 16:14:45,672:DEBUG: mega>rpi: b'BT1:28.39\r\n'
2021-10-19 16:14:45,685:DEBUG: mega>rpi: b'BT2:28.46\r\n'
2021-10-19 16:14:45,742:DEBUG: mega>rpi: b'BP1:1017.70\r\n'
2021-10-19 16:14:45,802:DEBUG: mega>rpi: b'BP2:1047.00\r\n'
2021-10-19 16:14:45,861:DEBUG: mega>rpi: b'HP:1077.40\r\n'
2021-10-19 16:14:45,873:DEBUG: mega>rpi: b'TT1:28.20\r\n'
2021-10-19 16:14:45,885:DEBUG: mega>rpi: b'TT2:28.90\r\n'
2021-10-19 16:14:45,946:DEBUG: mega>rpi: b'TP1:1005.80\r\n'
2021-10-19 16:14:46,004:DEBUG: mega>rpi: b'TP2:1026.50\r\n'
2021-10-19 16:14:46,016:DEBUG: mega>rpi: b'AT:25.39\r\n'
2021-10-19 16:14:46,074:DEBUG: mega>rpi: b'AP:8142.00\r\n'
2021-10-19 16:14:46,078:DEBUG: mega>rpi: b'BV:303.91\r\n'
2021-10-19 16:14:46,079:INFO: State.STOP
2021-10-19 16:14:46,081:INFO: BT1   BT2   TT1   TT2   AT    X    Y    Z     BP1   BP2   TP1   TP2   HP      AP      PD    PC   HL EL BF SF   PF   BV     rpm             State MissionState Setpoint Error Depth 
2021-10-19 16:14:46,083:INFO: 28.40 28.46 28.23 28.91 25.39 0.00 0.00 -0.00 10.18 10.47 10.07 10.27 1077.46 8142.72 35.00 0.00 0  0  0  None None 303.91 Buffering (0/1) STOP  IDLE         30.00    None  None  
2021-10-19 16:14:46,084:WARNING: Stopped
2021-10-19 16:14:46,087:DEBUG: mega>rpi: b'BF:0.00\r\n'
2021-10-19 16:14:46,131:DEBUG: mega>rpi: b'PD:30.40\r\n'
2021-10-19 16:14:46,133:DEBUG: mega>rpi: b'PC:0.00\r\n'
2021-10-19 16:14:46,136:DEBUG: mega>rpi: b'LC:29.00\r\n'
2021-10-19 16:14:46,136:ERROR: unknown header: LC:29.00
2021-10-19 16:14:46,139:DEBUG: mega>rpi: b'HL:0.00\r\n'
2021-10-19 16:14:46,142:DEBUG: mega>rpi: b'EL:0.00\r\n'
2021-10-19 16:14:46,147:DEBUG: mega>rpi: b'BT1:28.40\r\n'
2021-10-19 16:14:46,160:DEBUG: mega>rpi: b'BT2:28.46\r\n'
2021-10-19 16:14:46,217:DEBUG: mega>rpi: b'BP1:1017.90\r\n'
2021-10-19 16:14:46,275:DEBUG: mega>rpi: b'BP2:1047.50\r\n'
2021-10-19 16:14:46,331:DEBUG: mega>rpi: b'HP:1077.30\r\n'
2021-10-19 16:14:46,348:DEBUG: mega>rpi: b'TT1:28.20\r\n'
2021-10-19 16:14:46,361:DEBUG: mega>rpi: b'TT2:28.90\r\n'
2021-10-19 16:14:46,418:DEBUG: mega>rpi: b'TP1:1007.20\r\n'
2021-10-19 16:14:46,478:DEBUG: mega>rpi: b'TP2:1026.70\r\n'
2021-10-19 16:14:46,492:DEBUG: mega>rpi: b'AT:25.39\r\n'
2021-10-19 16:14:46,550:DEBUG: mega>rpi: b'AP:8142.70\r\n'
2021-10-19 16:14:46,552:DEBUG: mega>rpi: b'BV:303.82\r\n'
2021-10-19 16:14:46,553:INFO: State.STOP
2021-10-19 16:14:46,555:INFO: BT1   BT2   TT1   TT2   AT    X    Y    Z     BP1   BP2   TP1   TP2   HP      AP      PD    PC   HL EL BF SF   PF   BV     rpm             State MissionState Setpoint Error Depth 
2021-10-19 16:14:46,557:INFO: 28.40 28.46 28.22 28.91 25.39 0.00 0.00 -0.00 10.18 10.47 10.07 10.27 1077.48 8142.62 30.40 0.00 0  0  0  None None 303.82 Buffering (0/1) STOP  IDLE         30.00    None  None  
2021-10-19 16:14:46,558:WARNING: Stopped
2021-10-19 16:14:46,561:DEBUG: mega>rpi: b'BF:0.00\r\n'
2021-10-19 16:14:46,564:DEBUG: mega>rpi: b'X:0.00\r\n'
2021-10-19 16:14:46,566:DEBUG: mega>rpi: b'Y:0.00\r\n'
2021-10-19 16:14:46,568:DEBUG: mega>rpi: b'Z:-0.00\r\n'
2021-10-19 16:14:46,635:DEBUG: mega>rpi: b'PD:33.12\r\n'
2021-10-19 16:14:46,638:DEBUG: mega>rpi: b'PC:0.00\r\n'
2021-10-19 16:14:46,640:DEBUG: mega>rpi: b'LC:30.00\r\n'
2021-10-19 16:14:46,641:ERROR: unknown header: LC:30.00
2021-10-19 16:14:46,644:DEBUG: mega>rpi: b'HL:0.00\r\n'
2021-10-19 16:14:46,646:DEBUG: mega>rpi: b'EL:0.00\r\n'
2021-10-19 16:14:46,651:DEBUG: mega>rpi: b'BT1:28.38\r\n'
2021-10-19 16:14:46,666:DEBUG: mega>rpi: b'BT2:28.46\r\n'
2021-10-19 16:14:46,725:DEBUG: mega>rpi: b'BP1:1018.50\r\n'
2021-10-19 16:14:46,781:DEBUG: mega>rpi: b'BP2:1047.80\r\n'
2021-10-19 16:14:46,840:DEBUG: mega>rpi: b'HP:1077.30\r\n'
2021-10-19 16:14:46,850:INFO: 
2021-10-19 16:14:46,851:CRITICAL: System shutdown
2021-10-19 16:14:46,852:INFO: cleaning (resetting rpi gpio)
2021-10-19 16:14:46,853:INFO: sending sleep to nano
2021-10-19 16:14:46,854:DEBUG: inside 1
2021-10-19 16:14:46,855:DEBUG: inside 2
2021-10-19 16:14:46,855:DEBUG: rpi>NANO: N:5
2021-10-19 16:14:46,856:INFO: waiting_for_nano_sleep
2021-10-19 16:14:46,857:INFO: nano is sleeping
