2021-10-07 15:51:44,583:TEST-MODE:WARNING: Test mode
2021-10-07 15:51:44,584:TEST-MODE:INFO: Pressure controller was initialized successfully
2021-10-07 15:51:44,585:TEST-MODE:INFO: BP1 pressure sensor was initialized successfully
2021-10-07 15:51:44,586:TEST-MODE:INFO: BP2 pressure sensor was initialized successfully
2021-10-07 15:51:44,586:TEST-MODE:INFO: TP1 pressure sensor was initialized successfully
2021-10-07 15:51:44,587:TEST-MODE:INFO: TP2 pressure sensor was initialized successfully
2021-10-07 15:51:44,587:TEST-MODE:INFO: HP pressure sensor was initialized successfully
2021-10-07 15:51:44,588:TEST-MODE:INFO: AP pressure sensor was initialized successfully
2021-10-07 15:51:44,588:TEST-MODE:INFO: Temperature controller was initialized successfully
2021-10-07 15:51:44,589:TEST-MODE:INFO: BT1 temperature sensor was initialized successfully
2021-10-07 15:51:44,589:TEST-MODE:INFO: BT2 temperature sensor was initialized successfully
2021-10-07 15:51:44,590:TEST-MODE:INFO: TT1 temperature sensor was initialized successfully
2021-10-07 15:51:44,591:TEST-MODE:INFO: TT2 temperature sensor was initialized successfully
2021-10-07 15:51:44,591:TEST-MODE:INFO: AT temperature sensor was initialized successfully
2021-10-07 15:51:44,592:TEST-MODE:INFO: IMU controller was initialized successfully
2021-10-07 15:51:44,592:TEST-MODE:INFO: X IMU sensor was initialized successfully
2021-10-07 15:51:44,593:TEST-MODE:INFO: Y IMU sensor was initialized successfully
2021-10-07 15:51:44,593:TEST-MODE:INFO: Z IMU sensor was initialized successfully
2021-10-07 15:51:44,594:TEST-MODE:INFO: Bladder volume controller was initialized successfully
2021-10-07 15:51:44,594:TEST-MODE:INFO: Altimeter controller was initialized successfully
2021-10-07 15:51:44,595:TEST-MODE:INFO: rpm controller was initialized successfully
2021-10-07 15:51:44,595:TEST-MODE:INFO: Pump flag controller was initialized successfully
2021-10-07 15:51:44,596:TEST-MODE:INFO: Bladder flag controller was initialized successfully
2021-10-07 15:51:44,596:TEST-MODE:INFO: Hull leak flag controller was initialized successfully
2021-10-07 15:51:44,597:TEST-MODE:INFO: Engine leak flag controller was initialized successfully
2021-10-07 15:51:44,597:TEST-MODE:INFO: Full surface initiated flag controller was initialized successfully
2021-10-07 15:51:44,598:TEST-MODE:DEBUG: attempting to load profile: cfg/profile.txt
2021-10-07 15:51:44,609:TEST-MODE:INFO: Profile file loaded successfully

2021-10-07 15:51:44,609:TEST-MODE:INFO: Profile class was initialized successfully

2021-10-07 15:51:44,610:TEST-MODE:DEBUG: attempting to init serial comm
2021-10-07 15:51:44,611:TEST-MODE:DEBUG:  port:/dev/ttyACM0
2021-10-07 15:51:44,611:TEST-MODE:DEBUG:  baud_rate:115200
2021-10-07 15:51:44,613:TEST-MODE:INFO: SerialComm was initialized successfully
2021-10-07 15:51:44,614:TEST-MODE:DEBUG: attempting to init serial comm
2021-10-07 15:51:44,615:TEST-MODE:DEBUG:  port:/dev/ttyUSB0
2021-10-07 15:51:44,615:TEST-MODE:DEBUG:  baud_rate:115200
2021-10-07 15:51:44,620:TEST-MODE:INFO: SerialComm was initialized successfully
2021-10-07 15:51:44,622:TEST-MODE:DEBUG: mega>rpi: b'00\r\n'
2021-10-07 15:51:44,634:TEST-MODE:DEBUG: mega>rpi: b'PD:39.00\r\n'
2021-10-07 15:51:44,647:TEST-MODE:DEBUG: mega>rpi: b'PC:0.00\r\n'
2021-10-07 15:51:44,659:TEST-MODE:DEBUG: mega>rpi: b'LC:56.00\r\n'
2021-10-07 15:51:44,671:TEST-MODE:DEBUG: mega>rpi: b'HL:0.00\r\n'
2021-10-07 15:51:44,683:TEST-MODE:DEBUG: mega>rpi: b'EL:0.00\r\n'
2021-10-07 15:51:46,034:TEST-MODE:DEBUG: mega>rpi: b'SU:0.00\r\n'
2021-10-07 15:51:46,058:TEST-MODE:DEBUG: mega>rpi: b'BT1:25.23\r\n'
2021-10-07 15:51:46,091:TEST-MODE:DEBUG: mega>rpi: b'BT2:24.69\r\n'
2021-10-07 15:51:46,146:TEST-MODE:DEBUG: mega>rpi: b'BP1:1024.20\r\n'
2021-10-07 15:51:46,203:TEST-MODE:DEBUG: mega>rpi: b'BP2:1034.20\r\n'
2021-10-07 15:51:46,267:TEST-MODE:DEBUG: mega>rpi: b'HP:1603.80\r\n'
2021-10-07 15:51:46,290:TEST-MODE:DEBUG: mega>rpi: b'AT:23.51\r\n'
2021-10-07 15:51:46,354:TEST-MODE:DEBUG: mega>rpi: b'AP:6134.90\r\n'
2021-10-07 15:51:46,377:TEST-MODE:DEBUG: mega>rpi: b'TT1:24.85\r\n'
2021-10-07 15:51:46,411:TEST-MODE:DEBUG: mega>rpi: b'TT2:24.85\r\n'
2021-10-07 15:51:46,465:TEST-MODE:DEBUG: mega>rpi: b'TP1:1035.40\r\n'
2021-10-07 15:51:46,519:TEST-MODE:DEBUG: mega>rpi: b'TP2:1040.10\r\n'
2021-10-07 15:51:46,531:TEST-MODE:DEBUG: mega>rpi: b'\r\n'
2021-10-07 15:51:46,605:TEST-MODE:DEBUG: nano>rpi: ['NN', '222.00']
2021-10-07 15:51:46,782:TEST-MODE:DEBUG: mega>rpi: b'X:0.00\r\n'
2021-10-07 15:51:46,794:TEST-MODE:DEBUG: mega>rpi: b'Y:0.00\r\n'
2021-10-07 15:51:46,806:TEST-MODE:DEBUG: mega>rpi: b'Z:0.00\r\n'
2021-10-07 15:51:47,974:TEST-MODE:DEBUG: mega>rpi: b'Date: 10/7/2021 Time: 12:51:51\r\n'
2021-10-07 15:51:49,674:TEST-MODE:DEBUG: mega>rpi: b'SU:1.00\r\n'
2021-10-07 15:51:49,686:TEST-MODE:DEBUG: mega>rpi: b'LC:1.00\r\n'
2021-10-07 15:51:49,761:TEST-MODE:DEBUG: mega>rpi: b'HL:0.00\r\n'
2021-10-07 15:51:49,773:TEST-MODE:DEBUG: mega>rpi: b'EL:0.00\r\n'
2021-10-07 15:51:49,785:TEST-MODE:DEBUG: mega>rpi: b'BT1:25.23\r\n'
2021-10-07 15:51:49,798:TEST-MODE:DEBUG: mega>rpi: b'BT2:24.69\r\n'
2021-10-07 15:51:49,842:TEST-MODE:DEBUG: mega>rpi: b'BP1:1024.00\r\n'
2021-10-07 15:51:49,906:TEST-MODE:DEBUG: mega>rpi: b'BP2:1034.50\r\n'
2021-10-07 15:51:49,960:TEST-MODE:DEBUG: mega>rpi: b'HP:1603.50\r\n'
2021-10-07 15:51:49,973:TEST-MODE:DEBUG: mega>rpi: b'TT1:25.94\r\n'
2021-10-07 15:51:49,985:TEST-MODE:DEBUG: mega>rpi: b'TT2:25.76\r\n'
2021-10-07 15:51:50,050:TEST-MODE:DEBUG: mega>rpi: b'TP1:1034.90\r\n'
2021-10-07 15:51:50,104:TEST-MODE:DEBUG: mega>rpi: b'TP2:1040.50\r\n'
2021-10-07 15:51:50,117:TEST-MODE:DEBUG: mega>rpi: b'AT:24.40\r\n'
2021-10-07 15:51:50,181:TEST-MODE:DEBUG: mega>rpi: b'AP:6125.30\r\n'
2021-10-07 15:51:50,194:TEST-MODE:DEBUG: mega>rpi: b'BV:-467.89\r\n'
2021-10-07 15:51:50,195:TEST-MODE:INFO: BT1             BT2             TT1             TT2             AT              X               Y               Z               BP1             BP2             TP1             TP2             HP              AP              PD    PC   HL EL BF   SF   PF   BV      rpm             State      
2021-10-07 15:51:50,197:TEST-MODE:INFO: Buffering (2/5) Buffering (2/5) Buffering (2/5) Buffering (2/5) Buffering (2/5) Buffering (1/5) Buffering (1/5) Buffering (1/5) Buffering (2/5) Buffering (2/5) Buffering (2/5) Buffering (2/5) Buffering (2/5) Buffering (2/5) 39.00 0.00 0  0  None None None -467.89 Buffering (0/1) State.STOP 
2021-10-07 15:51:50,198:TEST-MODE:WARNING: Stopped
2021-10-07 15:51:50,211:TEST-MODE:DEBUG: mega>rpi: b'BF:1.00\r\n'
2021-10-07 15:51:50,223:TEST-MODE:DEBUG: mega>rpi: b'X:0.00\r\n'
2021-10-07 15:51:50,236:TEST-MODE:DEBUG: mega>rpi: b'Y:0.00\r\n'
2021-10-07 15:51:50,248:TEST-MODE:DEBUG: mega>rpi: b'Z:0.00\r\n'
2021-10-07 15:51:50,260:TEST-MODE:DEBUG: mega>rpi: b'PD:38.00\r\n'
2021-10-07 15:51:50,273:TEST-MODE:DEBUG: mega>rpi: b'PC:16.00\r\n'
2021-10-07 15:51:50,285:TEST-MODE:DEBUG: mega>rpi: b'LC:2.00\r\n'
2021-10-07 15:51:50,298:TEST-MODE:DEBUG: mega>rpi: b'HL:0.00\r\n'
2021-10-07 15:51:50,310:TEST-MODE:DEBUG: mega>rpi: b'EL:0.00\r\n'
2021-10-07 15:51:50,322:TEST-MODE:DEBUG: mega>rpi: b'BT1:25.23\r\n'
2021-10-07 15:51:50,335:TEST-MODE:DEBUG: mega>rpi: b'BT2:24.69\r\n'
2021-10-07 15:51:50,379:TEST-MODE:DEBUG: mega>rpi: b'BP1:1023.60\r\n'
2021-10-07 15:51:50,433:TEST-MODE:DEBUG: mega>rpi: b'BP2:1034.20\r\n'
2021-10-07 15:51:50,488:TEST-MODE:DEBUG: mega>rpi: b'HP:1604.20\r\n'
2021-10-07 15:51:50,511:TEST-MODE:DEBUG: mega>rpi: b'TT1:25.93\r\n'
2021-10-07 15:51:50,524:TEST-MODE:DEBUG: mega>rpi: b'TT2:25.76\r\n'
2021-10-07 15:51:50,578:TEST-MODE:DEBUG: mega>rpi: b'TP1:1035.00\r\n'
2021-10-07 15:51:50,634:TEST-MODE:DEBUG: mega>rpi: b'TP2:1040.10\r\n'
2021-10-07 15:51:50,657:TEST-MODE:DEBUG: mega>rpi: b'AT:24.40\r\n'
2021-10-07 15:51:50,711:TEST-MODE:DEBUG: mega>rpi: b'AP:6124.90\r\n'
2021-10-07 15:51:50,724:TEST-MODE:DEBUG: mega>rpi: b'BV:-467.88\r\n'
2021-10-07 15:51:50,725:TEST-MODE:INFO: BT1             BT2             TT1             TT2             AT              X               Y               Z               BP1             BP2             TP1             TP2             HP              AP              PD    PC    HL EL BF SF   PF   BV      rpm             State      
2021-10-07 15:51:50,727:TEST-MODE:INFO: Buffering (3/5) Buffering (3/5) Buffering (3/5) Buffering (3/5) Buffering (3/5) Buffering (2/5) Buffering (2/5) Buffering (2/5) Buffering (3/5) Buffering (3/5) Buffering (3/5) Buffering (3/5) Buffering (3/5) Buffering (3/5) 38.00 16.00 0  0  1  None None -467.88 Buffering (0/1) State.STOP 
2021-10-07 15:51:50,728:TEST-MODE:WARNING: Stopped
2021-10-07 15:51:50,741:TEST-MODE:DEBUG: mega>rpi: b'BF:1.00\r\n'
2021-10-07 15:51:50,753:TEST-MODE:DEBUG: mega>rpi: b'X:-0.00\r\n'
2021-10-07 15:51:50,766:TEST-MODE:DEBUG: mega>rpi: b'Y:-0.01\r\n'
2021-10-07 15:51:50,778:TEST-MODE:DEBUG: mega>rpi: b'Z:0.00\r\n'
2021-10-07 15:51:50,791:TEST-MODE:DEBUG: mega>rpi: b'PD:37.00\r\n'
2021-10-07 15:51:50,803:TEST-MODE:DEBUG: mega>rpi: b'PC:8.00\r\n'
2021-10-07 15:51:50,816:TEST-MODE:DEBUG: mega>rpi: b'LC:3.00\r\n'
2021-10-07 15:51:50,859:TEST-MODE:DEBUG: mega>rpi: b'HL:0.00\r\n'
2021-10-07 15:51:50,871:TEST-MODE:DEBUG: mega>rpi: b'EL:0.00\r\n'
2021-10-07 15:51:50,883:TEST-MODE:DEBUG: mega>rpi: b'BT1:25.23\r\n'
2021-10-07 15:51:50,895:TEST-MODE:DEBUG: mega>rpi: b'BT2:24.69\r\n'
2021-10-07 15:51:50,949:TEST-MODE:DEBUG: mega>rpi: b'BP1:1024.20\r\n'
2021-10-07 15:51:51,003:TEST-MODE:DEBUG: mega>rpi: b'BP2:1034.00\r\n'
2021-10-07 15:51:51,058:TEST-MODE:DEBUG: mega>rpi: b'HP:1603.60\r\n'
2021-10-07 15:51:51,073:TEST-MODE:DEBUG: mega>rpi: b'TT1:25.94\r\n'
2021-10-07 15:51:51,095:TEST-MODE:DEBUG: mega>rpi: b'TT2:25.76\r\n'
2021-10-07 15:51:51,149:TEST-MODE:DEBUG: mega>rpi: b'TP1:1034.80\r\n'
2021-10-07 15:51:51,203:TEST-MODE:DEBUG: mega>rpi: b'TP2:1040.60\r\n'
2021-10-07 15:51:51,226:TEST-MODE:DEBUG: mega>rpi: b'AT:24.40\r\n'
2021-10-07 15:51:51,280:TEST-MODE:DEBUG: mega>rpi: b'AP:6125.20\r\n'
2021-10-07 15:51:51,292:TEST-MODE:DEBUG: mega>rpi: b'BV:-467.89\r\n'
2021-10-07 15:51:51,294:TEST-MODE:INFO: BT1             BT2             TT1             TT2             AT              X               Y               Z               BP1             BP2             TP1             TP2             HP              AP              PD    PC   HL EL BF SF   PF   BV      rpm             State      
2021-10-07 15:51:51,295:TEST-MODE:INFO: Buffering (4/5) Buffering (4/5) Buffering (4/5) Buffering (4/5) Buffering (4/5) Buffering (3/5) Buffering (3/5) Buffering (3/5) Buffering (4/5) Buffering (4/5) Buffering (4/5) Buffering (4/5) Buffering (4/5) Buffering (4/5) 37.00 8.00 0  0  1  None None -467.89 Buffering (0/1) State.STOP 
2021-10-07 15:51:51,296:TEST-MODE:WARNING: Stopped
2021-10-07 15:51:51,309:TEST-MODE:DEBUG: mega>rpi: b'BF:1.00\r\n'
2021-10-07 15:51:51,323:TEST-MODE:DEBUG: mega>rpi: b'X:-0.00\r\n'
2021-10-07 15:51:51,335:TEST-MODE:DEBUG: mega>rpi: b'Y:-0.01\r\n'
2021-10-07 15:51:51,347:TEST-MODE:DEBUG: mega>rpi: b'Z:0.00\r\n'
2021-10-07 15:51:51,359:TEST-MODE:DEBUG: mega>rpi: b'PD:39.00\r\n'
2021-10-07 15:51:51,371:TEST-MODE:DEBUG: mega>rpi: b'PC:22.00\r\n'
2021-10-07 15:51:51,383:TEST-MODE:DEBUG: mega>rpi: b'LC:4.00\r\n'
2021-10-07 15:51:51,396:TEST-MODE:DEBUG: mega>rpi: b'HL:0.00\r\n'
2021-10-07 15:51:51,408:TEST-MODE:DEBUG: mega>rpi: b'EL:0.00\r\n'
2021-10-07 15:51:51,420:TEST-MODE:DEBUG: mega>rpi: b'BT1:25.23\r\n'
2021-10-07 15:51:51,432:TEST-MODE:DEBUG: mega>rpi: b'BT2:24.69\r\n'
2021-10-07 15:51:51,466:TEST-MODE:DEBUG: mega>rpi: b'BP1:1023.80\r\n'
2021-10-07 15:51:51,520:TEST-MODE:DEBUG: mega>rpi: b'BP2:1034.60\r\n'
2021-10-07 15:51:51,584:TEST-MODE:DEBUG: mega>rpi: b'HP:1603.70\r\n'
2021-10-07 15:51:51,597:TEST-MODE:DEBUG: mega>rpi: b'TT1:25.94\r\n'
2021-10-07 15:51:51,609:TEST-MODE:DEBUG: mega>rpi: b'TT2:25.77\r\n'
2021-10-07 15:51:51,666:TEST-MODE:DEBUG: mega>rpi: b'TP1:1035.10\r\n'
2021-10-07 15:51:51,730:TEST-MODE:DEBUG: mega>rpi: b'TP2:1040.40\r\n'
2021-10-07 15:51:51,742:TEST-MODE:DEBUG: mega>rpi: b'AT:24.40\r\n'
2021-10-07 15:51:51,796:TEST-MODE:DEBUG: mega>rpi: b'AP:6125.10\r\n'
2021-10-07 15:51:51,809:TEST-MODE:DEBUG: mega>rpi: b'BV:-467.89\r\n'
2021-10-07 15:51:51,812:TEST-MODE:INFO: BT1   BT2   TT1   TT2   AT    X               Y               Z               BP1     BP2     TP1     TP2     HP      AP      PD    PC    HL EL BF SF   PF   BV      rpm             State      
2021-10-07 15:51:51,813:TEST-MODE:INFO: 25.23 24.69 25.72 25.58 24.22 Buffering (4/5) Buffering (4/5) Buffering (4/5) 1023.96 1034.30 1035.04 1040.34 1603.76 6127.08 39.00 22.00 0  0  1  None None -467.89 Buffering (0/1) State.STOP 
2021-10-07 15:51:51,814:TEST-MODE:WARNING: Stopped
2021-10-07 15:51:51,828:TEST-MODE:DEBUG: mega>rpi: b'BF:1.00\r\n'
2021-10-07 15:51:51,882:TEST-MODE:DEBUG: mega>rpi: b'PD:39.00\r\n'
2021-10-07 15:51:51,895:TEST-MODE:DEBUG: mega>rpi: b'PC:8.00\r\n'
2021-10-07 15:51:51,907:TEST-MODE:DEBUG: mega>rpi: b'LC:5.00\r\n'
2021-10-07 15:51:51,971:TEST-MODE:DEBUG: mega>rpi: b'HL:0.00\r\n'
2021-10-07 15:51:51,984:TEST-MODE:DEBUG: mega>rpi: b'EL:0.00\r\n'
2021-10-07 15:51:51,997:TEST-MODE:DEBUG: mega>rpi: b'BT1:25.23\r\n'
2021-10-07 15:51:52,009:TEST-MODE:DEBUG: mega>rpi: b'BT2:24.69\r\n'
2021-10-07 15:51:52,058:TEST-MODE:DEBUG: mega>rpi: b'BP1:1023.80\r\n'
2021-10-07 15:51:52,111:TEST-MODE:DEBUG: mega>rpi: b'BP2:1034.70\r\n'
2021-10-07 15:51:52,165:TEST-MODE:DEBUG: mega>rpi: b'HP:1603.50\r\n'
2021-10-07 15:51:52,188:TEST-MODE:DEBUG: mega>rpi: b'TT1:25.94\r\n'
2021-10-07 15:51:52,200:TEST-MODE:DEBUG: mega>rpi: b'TT2:25.77\r\n'
2021-10-07 15:51:52,254:TEST-MODE:DEBUG: mega>rpi: b'TP1:1035.10\r\n'
2021-10-07 15:51:52,309:TEST-MODE:DEBUG: mega>rpi: b'TP2:1040.20\r\n'
2021-10-07 15:51:52,332:TEST-MODE:DEBUG: mega>rpi: b'AT:24.40\r\n'
2021-10-07 15:51:52,386:TEST-MODE:DEBUG: mega>rpi: b'AP:6125.50\r\n'
2021-10-07 15:51:52,399:TEST-MODE:DEBUG: mega>rpi: b'BV:-467.90\r\n'
2021-10-07 15:51:52,401:TEST-MODE:INFO: BT1   BT2   TT1   TT2   AT    X               Y               Z               BP1     BP2     TP1     TP2     HP      AP      PD    PC   HL EL BF SF   PF   BV      rpm             State      
2021-10-07 15:51:52,403:TEST-MODE:INFO: 25.23 24.69 25.94 25.76 24.40 Buffering (4/5) Buffering (4/5) Buffering (4/5) 1023.88 1034.40 1034.98 1040.36 1603.70 6125.20 39.00 8.00 0  0  1  None None -467.90 Buffering (0/1) State.STOP 
2021-10-07 15:51:52,404:TEST-MODE:WARNING: Stopped
2021-10-07 15:51:52,417:TEST-MODE:DEBUG: mega>rpi: b'BF:1.00\r\n'
2021-10-07 15:51:52,430:TEST-MODE:DEBUG: mega>rpi: b'X:-0.03\r\n'
2021-10-07 15:51:52,442:TEST-MODE:DEBUG: mega>rpi: b'Y:0.03\r\n'
2021-10-07 15:51:52,454:TEST-MODE:DEBUG: mega>rpi: b'Z:0.00\r\n'
2021-10-07 15:51:52,467:TEST-MODE:DEBUG: mega>rpi: b'PD:38.00\r\n'
2021-10-07 15:51:52,479:TEST-MODE:DEBUG: mega>rpi: b'PC:30.00\r\n'
2021-10-07 15:51:52,491:TEST-MODE:DEBUG: mega>rpi: b'LC:6.00\r\n'
2021-10-07 15:51:52,503:TEST-MODE:DEBUG: mega>rpi: b'HL:0.00\r\n'
2021-10-07 15:51:52,515:TEST-MODE:DEBUG: mega>rpi: b'EL:0.00\r\n'
2021-10-07 15:51:52,527:TEST-MODE:DEBUG: mega>rpi: b'BT1:25.23\r\n'
2021-10-07 15:51:52,540:TEST-MODE:DEBUG: mega>rpi: b'BT2:24.69\r\n'
2021-10-07 15:51:52,574:TEST-MODE:DEBUG: mega>rpi: b'BP1:1023.60\r\n'
2021-10-07 15:51:52,627:TEST-MODE:DEBUG: mega>rpi: b'BP2:1034.40\r\n'
2021-10-07 15:51:52,692:TEST-MODE:DEBUG: mega>rpi: b'HP:1603.80\r\n'
2021-10-07 15:51:52,704:TEST-MODE:DEBUG: mega>rpi: b'TT1:25.94\r\n'
2021-10-07 15:51:52,716:TEST-MODE:DEBUG: mega>rpi: b'TT2:25.75\r\n'
2021-10-07 15:51:52,770:TEST-MODE:DEBUG: mega>rpi: b'TP1:1035.10\r\n'
2021-10-07 15:51:52,834:TEST-MODE:DEBUG: mega>rpi: b'TP2:1039.70\r\n'
2021-10-07 15:51:52,847:TEST-MODE:DEBUG: mega>rpi: b'AT:24.40\r\n'
2021-10-07 15:51:52,901:TEST-MODE:DEBUG: mega>rpi: b'AP:6125.20\r\n'
2021-10-07 15:51:52,913:TEST-MODE:DEBUG: mega>rpi: b'BV:-467.89\r\n'
2021-10-07 15:51:52,915:TEST-MODE:INFO: BT1   BT2   TT1   TT2   AT    X     Y    Z    BP1     BP2     TP1     TP2     HP      AP      PD    PC    HL EL BF SF   PF   BV      rpm             State      
2021-10-07 15:51:52,917:TEST-MODE:INFO: 25.23 24.69 25.94 25.76 24.40 -0.01 0.00 0.00 1023.80 1034.38 1035.02 1040.20 1603.76 6125.18 38.00 30.00 0  0  1  None None -467.89 Buffering (0/1) State.STOP 
2021-10-07 15:51:52,917:TEST-MODE:WARNING: Stopped
2021-10-07 15:51:52,930:TEST-MODE:DEBUG: mega>rpi: b'BF:1.00\r\n'
2021-10-07 15:51:52,943:TEST-MODE:DEBUG: mega>rpi: b'X:-0.00\r\n'
2021-10-07 15:51:52,955:TEST-MODE:DEBUG: mega>rpi: b'Y:-0.01\r\n'
2021-10-07 15:51:52,967:TEST-MODE:DEBUG: mega>rpi: b'Z:0.00\r\n'
2021-10-07 15:51:52,980:TEST-MODE:DEBUG: mega>rpi: b'PD:37.00\r\n'
2021-10-07 15:51:52,992:TEST-MODE:DEBUG: mega>rpi: b'PC:37.00\r\n'
2021-10-07 15:51:53,004:TEST-MODE:DEBUG: mega>rpi: b'LC:7.00\r\n'
2021-10-07 15:51:53,027:TEST-MODE:DEBUG: mega>rpi: b'HL:0.00\r\n'
2021-10-07 15:51:53,039:TEST-MODE:DEBUG: mega>rpi: b'EL:0.00\r\n'
2021-10-07 15:51:53,054:TEST-MODE:DEBUG: mega>rpi: b'BT1:25.23\r\n'
2021-10-07 15:51:53,066:TEST-MODE:DEBUG: mega>rpi: b'BT2:24.69\r\n'
2021-10-07 15:51:53,110:TEST-MODE:DEBUG: mega>rpi: b'BP1:1023.70\r\n'
2021-10-07 15:51:53,174:TEST-MODE:DEBUG: mega>rpi: b'BP2:1034.80\r\n'
2021-10-07 15:51:53,207:TEST-MODE:DEBUG: CLI:['loop_flag', '0']
2021-10-07 15:51:53,230:TEST-MODE:DEBUG: mega>rpi: b'HP:1603.90\r\n'
2021-10-07 15:51:53,243:TEST-MODE:DEBUG: mega>rpi: b'TT1:25.92\r\n'
2021-10-07 15:51:53,255:TEST-MODE:DEBUG: mega>rpi: b'TT2:25.76\r\n'
2021-10-07 15:51:53,320:TEST-MODE:DEBUG: mega>rpi: b'TP1:1034.50\r\n'
2021-10-07 15:51:53,374:TEST-MODE:DEBUG: mega>rpi: b'TP2:1040.10\r\n'
2021-10-07 15:51:53,387:TEST-MODE:DEBUG: mega>rpi: b'AT:24.40\r\n'
2021-10-07 15:51:53,444:TEST-MODE:DEBUG: mega>rpi: b'AP:6125.50\r\n'
2021-10-07 15:51:53,457:TEST-MODE:DEBUG: mega>rpi: b'BV:-467.90\r\n'
2021-10-07 15:51:53,458:TEST-MODE:DEBUG: loop_flag
2021-10-07 15:51:53,458:TEST-MODE:DEBUG: rpi>NANO: L
2021-10-07 15:51:53,461:TEST-MODE:INFO: BT1   BT2   TT1   TT2   AT    X     Y     Z    BP1     BP2     TP1     TP2     HP      AP      PD    PC    HL EL BF SF   PF   BV      rpm             State      
2021-10-07 15:51:53,463:TEST-MODE:INFO: 25.23 24.69 25.94 25.76 24.40 -0.01 -0.00 0.00 1023.82 1034.50 1034.92 1040.20 1603.70 6125.30 37.00 37.00 0  0  1  None None -467.90 Buffering (0/1) State.STOP 
2021-10-07 15:51:53,463:TEST-MODE:WARNING: Stopped
2021-10-07 15:51:53,476:TEST-MODE:DEBUG: mega>rpi: b'BF:1.00\r\n'
2021-10-07 15:51:53,489:TEST-MODE:DEBUG: mega>rpi: b'PD:36.00\r\n'
2021-10-07 15:51:53,501:TEST-MODE:DEBUG: mega>rpi: b'PC:20.00\r\n'
2021-10-07 15:51:53,514:TEST-MODE:DEBUG: mega>rpi: b'LC:8.00\r\n'
2021-10-07 15:51:53,537:TEST-MODE:DEBUG: mega>rpi: b'HL:0.00\r\n'
2021-10-07 15:51:53,550:TEST-MODE:DEBUG: mega>rpi: b'EL:0.00\r\n'
2021-10-07 15:51:53,562:TEST-MODE:DEBUG: mega>rpi: b'BT1:25.23\r\n'
2021-10-07 15:51:53,575:TEST-MODE:DEBUG: mega>rpi: b'BT2:24.69\r\n'
2021-10-07 15:51:53,619:TEST-MODE:DEBUG: mega>rpi: b'BP1:1023.70\r\n'
2021-10-07 15:51:53,684:TEST-MODE:DEBUG: mega>rpi: b'BP2:1034.30\r\n'
2021-10-07 15:51:53,738:TEST-MODE:DEBUG: mega>rpi: b'HP:1603.60\r\n'
2021-10-07 15:51:53,750:TEST-MODE:DEBUG: mega>rpi: b'TT1:25.93\r\n'
2021-10-07 15:51:53,763:TEST-MODE:DEBUG: mega>rpi: b'TT2:25.74\r\n'
2021-10-07 15:51:53,818:TEST-MODE:DEBUG: mega>rpi: b'TP1:1035.20\r\n'
2021-10-07 15:51:53,882:TEST-MODE:DEBUG: mega>rpi: b'TP2:1040.20\r\n'
2021-10-07 15:51:53,895:TEST-MODE:DEBUG: mega>rpi: b'AT:24.40\r\n'
2021-10-07 15:51:53,949:TEST-MODE:DEBUG: mega>rpi: b'AP:6125.10\r\n'
2021-10-07 15:51:53,962:TEST-MODE:DEBUG: mega>rpi: b'BV:-467.89\r\n'
2021-10-07 15:51:53,964:TEST-MODE:INFO: BT1   BT2   TT1   TT2   AT    X     Y     Z    BP1     BP2     TP1     TP2     HP      AP      PD    PC    HL EL BF SF   PF   BV      rpm             State      
2021-10-07 15:51:53,966:TEST-MODE:INFO: 25.23 24.69 25.93 25.76 24.40 -0.01 -0.00 0.00 1023.72 1034.56 1035.00 1040.12 1603.70 6125.28 36.00 20.00 0  0  1  None None -467.89 Buffering (0/1) State.STOP 
2021-10-07 15:51:53,967:TEST-MODE:WARNING: Stopped
2021-10-07 15:51:53,980:TEST-MODE:DEBUG: mega>rpi: b'BF:1.00\r\n'
2021-10-07 15:51:53,993:TEST-MODE:DEBUG: mega>rpi: b'X:0.00\r\n'
2021-10-07 15:51:54,005:TEST-MODE:DEBUG: mega>rpi: b'Y:0.04\r\n'
2021-10-07 15:51:54,018:TEST-MODE:DEBUG: mega>rpi: b'Z:0.00\r\n'
2021-10-07 15:51:54,030:TEST-MODE:DEBUG: mega>rpi: b'PD:39.00\r\n'
2021-10-07 15:51:54,043:TEST-MODE:DEBUG: mega>rpi: b'PC:5.00\r\n'
2021-10-07 15:51:54,056:TEST-MODE:DEBUG: mega>rpi: b'LC:9.00\r\n'
2021-10-07 15:51:54,068:TEST-MODE:DEBUG: mega>rpi: b'HL:0.00\r\n'
2021-10-07 15:51:54,081:TEST-MODE:DEBUG: mega>rpi: b'EL:0.00\r\n'
2021-10-07 15:51:54,093:TEST-MODE:DEBUG: mega>rpi: b'BT1:25.23\r\n'
2021-10-07 15:51:54,106:TEST-MODE:DEBUG: mega>rpi: b'BT2:24.69\r\n'
2021-10-07 15:51:54,139:TEST-MODE:DEBUG: mega>rpi: b'BP1:1023.80\r\n'
2021-10-07 15:51:54,194:TEST-MODE:DEBUG: mega>rpi: b'BP2:1033.90\r\n'
2021-10-07 15:51:54,259:TEST-MODE:DEBUG: mega>rpi: b'HP:1603.20\r\n'
2021-10-07 15:51:54,271:TEST-MODE:DEBUG: mega>rpi: b'TT1:25.93\r\n'
2021-10-07 15:51:54,284:TEST-MODE:DEBUG: mega>rpi: b'TT2:25.74\r\n'
2021-10-07 15:51:54,340:TEST-MODE:DEBUG: mega>rpi: b'TP1:1034.70\r\n'
2021-10-07 15:51:54,405:TEST-MODE:DEBUG: mega>rpi: b'TP2:1040.10\r\n'
2021-10-07 15:51:54,417:TEST-MODE:DEBUG: mega>rpi: b'AT:24.39\r\n'
2021-10-07 15:51:54,470:TEST-MODE:DEBUG: mega>rpi: b'AP:6125.90\r\n'
2021-10-07 15:51:54,482:TEST-MODE:DEBUG: mega>rpi: b'BV:-467.92\r\n'
2021-10-07 15:51:54,483:TEST-MODE:INFO: BT1   BT2   TT1   TT2   AT    X     Y    Z    BP1     BP2     TP1     TP2     HP      AP      PD    PC   HL EL BF SF   PF   BV      rpm             State      
2021-10-07 15:51:54,484:TEST-MODE:INFO: 25.23 24.69 25.93 25.75 24.40 -0.01 0.01 0.00 1023.72 1034.42 1034.92 1040.06 1603.60 6125.44 39.00 5.00 0  0  1  None None -467.92 Buffering (0/1) State.STOP 
2021-10-07 15:51:54,485:TEST-MODE:WARNING: Stopped
2021-10-07 15:51:54,497:TEST-MODE:DEBUG: mega>rpi: b'BF:1.00\r\n'
2021-10-07 15:51:54,518:TEST-MODE:DEBUG: mega>rpi: b'PD:29.00\r\n'
2021-10-07 15:51:54,530:TEST-MODE:DEBUG: mega>rpi: b'PC:0.00\r\n'
2021-10-07 15:51:54,542:TEST-MODE:DEBUG: mega>rpi: b'LC:10.00\r\n'
2021-10-07 15:51:54,595:TEST-MODE:DEBUG: mega>rpi: b'HL:0.00\r\n'
2021-10-07 15:51:54,606:TEST-MODE:DEBUG: mega>rpi: b'EL:0.00\r\n'
2021-10-07 15:51:54,618:TEST-MODE:DEBUG: mega>rpi: b'BT1:25.23\r\n'
2021-10-07 15:51:54,630:TEST-MODE:DEBUG: mega>rpi: b'BT2:24.69\r\n'
2021-10-07 15:51:54,682:TEST-MODE:DEBUG: mega>rpi: b'BP1:1023.80\r\n'
2021-10-07 15:51:54,735:TEST-MODE:DEBUG: mega>rpi: b'BP2:1034.30\r\n'
2021-10-07 15:51:54,798:TEST-MODE:DEBUG: mega>rpi: b'HP:1603.00\r\n'
2021-10-07 15:51:54,809:TEST-MODE:DEBUG: mega>rpi: b'TT1:25.93\r\n'
2021-10-07 15:51:54,821:TEST-MODE:DEBUG: mega>rpi: b'TT2:25.74\r\n'
2021-10-07 15:51:54,884:TEST-MODE:DEBUG: mega>rpi: b'TP1:1034.70\r\n'
2021-10-07 15:51:54,947:TEST-MODE:DEBUG: mega>rpi: b'TP2:1039.90\r\n'
2021-10-07 15:51:54,958:TEST-MODE:DEBUG: mega>rpi: b'AT:24.40\r\n'
2021-10-07 15:51:55,011:TEST-MODE:DEBUG: mega>rpi: b'AP:6124.90\r\n'
2021-10-07 15:51:55,023:TEST-MODE:DEBUG: mega>rpi: b'BV:-467.88\r\n'
2021-10-07 15:51:55,024:TEST-MODE:INFO: BT1   BT2   TT1   TT2   AT    X     Y    Z    BP1     BP2     TP1     TP2     HP      AP      PD    PC   HL EL BF SF   PF   BV      rpm             State      
2021-10-07 15:51:55,025:TEST-MODE:INFO: 25.23 24.69 25.93 25.75 24.40 -0.01 0.01 0.00 1023.72 1034.34 1034.84 1040.00 1603.50 6125.32 29.00 0.00 0  0  1  None None -467.88 Buffering (0/1) State.STOP 
2021-10-07 15:51:55,026:TEST-MODE:WARNING: Stopped
2021-10-07 15:51:55,038:TEST-MODE:DEBUG: mega>rpi: b'BF:1.00\r\n'
2021-10-07 15:51:55,049:TEST-MODE:DEBUG: mega>rpi: b'X:-0.03\r\n'
2021-10-07 15:51:55,061:TEST-MODE:DEBUG: mega>rpi: b'Y:0.01\r\n'
2021-10-07 15:51:55,072:TEST-MODE:DEBUG: mega>rpi: b'Z:0.00\r\n'
2021-10-07 15:51:55,084:TEST-MODE:DEBUG: mega>rpi: b'PD:39.00\r\n'
2021-10-07 15:51:55,096:TEST-MODE:DEBUG: mega>rpi: b'PC:0.00\r\n'
2021-10-07 15:51:55,109:TEST-MODE:DEBUG: mega>rpi: b'LC:11.00\r\n'
2021-10-07 15:51:55,162:TEST-MODE:DEBUG: mega>rpi: b'HL:0.00\r\n'
2021-10-07 15:51:55,175:TEST-MODE:DEBUG: mega>rpi: b'EL:0.00\r\n'
2021-10-07 15:51:55,187:TEST-MODE:DEBUG: mega>rpi: b'BT1:25.23\r\n'
2021-10-07 15:51:55,200:TEST-MODE:DEBUG: mega>rpi: b'BT2:24.69\r\n'
2021-10-07 15:51:55,244:TEST-MODE:DEBUG: mega>rpi: b'BP1:1024.00\r\n'
2021-10-07 15:51:55,308:TEST-MODE:DEBUG: mega>rpi: b'BP2:1034.00\r\n'
2021-10-07 15:51:55,372:TEST-MODE:DEBUG: mega>rpi: b'HP:1603.80\r\n'
2021-10-07 15:51:55,384:TEST-MODE:DEBUG: mega>rpi: b'TT1:25.93\r\n'
2021-10-07 15:51:55,397:TEST-MODE:DEBUG: mega>rpi: b'TT2:25.75\r\n'
2021-10-07 15:51:55,452:TEST-MODE:DEBUG: mega>rpi: b'TP1:1034.80\r\n'
2021-10-07 15:51:55,507:TEST-MODE:DEBUG: mega>rpi: b'TP2:1040.20\r\n'
2021-10-07 15:51:55,519:TEST-MODE:DEBUG: mega>rpi: b'AT:24.40\r\n'
2021-10-07 15:51:55,584:TEST-MODE:DEBUG: mega>rpi: b'AP:6125.50\r\n'
2021-10-07 15:51:55,597:TEST-MODE:DEBUG: mega>rpi: b'BV:-467.90\r\n'
2021-10-07 15:51:55,598:TEST-MODE:INFO: BT1   BT2   TT1   TT2   AT    X     Y    Z    BP1     BP2     TP1     TP2     HP      AP      PD    PC   HL EL BF SF   PF   BV      rpm             State      
2021-10-07 15:51:55,601:TEST-MODE:INFO: 25.23 24.69 25.93 25.75 24.40 -0.01 0.01 0.00 1023.80 1034.26 1034.78 1040.10 1603.50 6125.38 39.00 0.00 0  0  1  None None -467.90 Buffering (0/1) State.STOP 
2021-10-07 15:51:55,602:TEST-MODE:WARNING: Stopped
2021-10-07 15:51:55,615:TEST-MODE:DEBUG: mega>rpi: b'BF:1.00\r\n'
2021-10-07 15:51:55,627:TEST-MODE:DEBUG: mega>rpi: b'PD:30.00\r\n'
2021-10-07 15:51:55,640:TEST-MODE:DEBUG: mega>rpi: b'PC:0.00\r\n'
2021-10-07 15:51:55,653:TEST-MODE:DEBUG: mega>rpi: b'LC:12.00\r\n'
2021-10-07 15:51:55,686:TEST-MODE:DEBUG: mega>rpi: b'HL:0.00\r\n'
2021-10-07 15:51:55,698:TEST-MODE:DEBUG: mega>rpi: b'EL:0.00\r\n'
2021-10-07 15:51:55,711:TEST-MODE:DEBUG: mega>rpi: b'BT1:25.23\r\n'
2021-10-07 15:51:55,724:TEST-MODE:DEBUG: mega>rpi: b'BT2:24.69\r\n'
2021-10-07 15:51:55,768:TEST-MODE:DEBUG: mega>rpi: b'BP1:1023.60\r\n'
2021-10-07 15:51:55,824:TEST-MODE:DEBUG: mega>rpi: b'BP2:1034.70\r\n'
2021-10-07 15:51:55,887:TEST-MODE:DEBUG: mega>rpi: b'HP:1603.40\r\n'
2021-10-07 15:51:55,898:TEST-MODE:DEBUG: mega>rpi: b'TT1:25.93\r\n'
2021-10-07 15:51:55,910:TEST-MODE:DEBUG: mega>rpi: b'TT2:25.74\r\n'
2021-10-07 15:51:55,966:TEST-MODE:DEBUG: mega>rpi: b'TP1:1035.20\r\n'
2021-10-07 15:51:56,029:TEST-MODE:DEBUG: mega>rpi: b'TP2:1040.60\r\n'
2021-10-07 15:51:56,041:TEST-MODE:DEBUG: mega>rpi: b'AT:24.40\r\n'
2021-10-07 15:51:56,104:TEST-MODE:DEBUG: mega>rpi: b'AP:6125.10\r\n'
2021-10-07 15:51:56,116:TEST-MODE:DEBUG: mega>rpi: b'BV:-467.89\r\n'
2021-10-07 15:51:56,118:TEST-MODE:INFO: BT1   BT2   TT1   TT2   AT    X     Y    Z    BP1     BP2     TP1     TP2     HP      AP      PD    PC   HL EL BF SF   PF   BV      rpm             State      
2021-10-07 15:51:56,119:TEST-MODE:INFO: 25.23 24.69 25.93 25.74 24.40 -0.01 0.01 0.00 1023.78 1034.24 1034.92 1040.20 1603.40 6125.30 30.00 0.00 0  0  1  None None -467.89 Buffering (0/1) State.STOP 
2021-10-07 15:51:56,119:TEST-MODE:WARNING: Stopped
2021-10-07 15:51:56,131:TEST-MODE:DEBUG: mega>rpi: b'BF:1.00\r\n'
2021-10-07 15:51:56,143:TEST-MODE:DEBUG: mega>rpi: b'X:0.00\r\n'
2021-10-07 15:51:56,154:TEST-MODE:DEBUG: mega>rpi: b'Y:0.03\r\n'
2021-10-07 15:51:56,165:TEST-MODE:DEBUG: mega>rpi: b'Z:0.00\r\n'
2021-10-07 15:51:56,177:TEST-MODE:DEBUG: mega>rpi: b'PD:24.00\r\n'
2021-10-07 15:51:56,189:TEST-MODE:DEBUG: mega>rpi: b'PC:0.00\r\n'
2021-10-07 15:51:56,201:TEST-MODE:DEBUG: mega>rpi: b'LC:13.00\r\n'
2021-10-07 15:51:56,212:TEST-MODE:DEBUG: mega>rpi: b'HL:0.00\r\n'
2021-10-07 15:51:56,224:TEST-MODE:DEBUG: mega>rpi: b'EL:0.00\r\n'
2021-10-07 15:51:56,236:TEST-MODE:DEBUG: mega>rpi: b'BT1:25.23\r\n'
2021-10-07 15:51:56,248:TEST-MODE:DEBUG: mega>rpi: b'BT2:24.69\r\n'
2021-10-07 15:51:56,290:TEST-MODE:DEBUG: mega>rpi: b'BP1:1024.20\r\n'
2021-10-07 15:51:56,344:TEST-MODE:DEBUG: mega>rpi: b'BP2:1034.80\r\n'
2021-10-07 15:51:56,409:TEST-MODE:DEBUG: mega>rpi: b'HP:1603.40\r\n'
2021-10-07 15:51:56,420:TEST-MODE:DEBUG: mega>rpi: b'TT1:25.93\r\n'
2021-10-07 15:51:56,432:TEST-MODE:DEBUG: mega>rpi: b'TT2:25.74\r\n'
2021-10-07 15:51:56,496:TEST-MODE:DEBUG: mega>rpi: b'TP1:1035.20\r\n'
2021-10-07 15:51:56,551:TEST-MODE:DEBUG: mega>rpi: b'TP2:1040.00\r\n'
2021-10-07 15:51:56,563:TEST-MODE:DEBUG: mega>rpi: b'AT:24.40\r\n'
2021-10-07 15:51:56,627:TEST-MODE:DEBUG: mega>rpi: b'AP:6125.00\r\n'
2021-10-07 15:51:56,639:TEST-MODE:DEBUG: mega>rpi: b'BV:-467.88\r\n'
2021-10-07 15:51:56,641:TEST-MODE:INFO: BT1   BT2   TT1   TT2   AT    X     Y    Z    BP1     BP2     TP1     TP2     HP      AP      PD    PC   HL EL BF SF   PF   BV      rpm             State      
2021-10-07 15:51:56,641:TEST-MODE:INFO: 25.23 24.69 25.93 25.74 24.40 -0.01 0.02 0.00 1023.88 1034.34 1034.92 1040.16 1603.36 6125.28 24.00 0.00 0  0  1  None None -467.88 Buffering (0/1) State.STOP 
2021-10-07 15:51:56,642:TEST-MODE:WARNING: Stopped
2021-10-07 15:51:56,653:TEST-MODE:DEBUG: mega>rpi: b'BF:1.00\r\n'
2021-10-07 15:51:56,665:TEST-MODE:DEBUG: mega>rpi: b'PD:26.00\r\n'
2021-10-07 15:51:56,677:TEST-MODE:DEBUG: mega>rpi: b'PC:0.00\r\n'
2021-10-07 15:51:56,689:TEST-MODE:DEBUG: mega>rpi: b'LC:14.00\r\n'
2021-10-07 15:51:56,742:TEST-MODE:DEBUG: mega>rpi: b'HL:0.00\r\n'
2021-10-07 15:51:56,754:TEST-MODE:DEBUG: mega>rpi: b'EL:0.00\r\n'
2021-10-07 15:51:56,766:TEST-MODE:DEBUG: mega>rpi: b'BT1:25.23\r\n'
2021-10-07 15:51:56,777:TEST-MODE:DEBUG: mega>rpi: b'BT2:24.69\r\n'
2021-10-07 15:51:56,831:TEST-MODE:DEBUG: mega>rpi: b'BP1:1023.40\r\n'
2021-10-07 15:51:56,884:TEST-MODE:DEBUG: mega>rpi: b'BP2:1034.50\r\n'
2021-10-07 15:51:56,942:TEST-MODE:DEBUG: mega>rpi: b'HP:1603.80\r\n'
2021-10-07 15:51:56,954:TEST-MODE:DEBUG: mega>rpi: b'TT1:25.92\r\n'
2021-10-07 15:51:56,976:TEST-MODE:DEBUG: mega>rpi: b'TT2:25.73\r\n'
2021-10-07 15:51:57,029:TEST-MODE:DEBUG: mega>rpi: b'TP1:1035.00\r\n'
2021-10-07 15:51:57,091:TEST-MODE:DEBUG: mega>rpi: b'TP2:1040.20\r\n'
2021-10-07 15:51:57,103:TEST-MODE:DEBUG: mega>rpi: b'AT:24.40\r\n'
2021-10-07 15:51:57,156:TEST-MODE:DEBUG: mega>rpi: b'AP:6125.00\r\n'
2021-10-07 15:51:57,168:TEST-MODE:DEBUG: mega>rpi: b'BV:-467.88\r\n'
2021-10-07 15:51:57,169:TEST-MODE:INFO: BT1   BT2   TT1   TT2   AT    X     Y    Z    BP1     BP2     TP1     TP2     HP      AP      PD    PC   HL EL BF SF   PF   BV      rpm             State      
2021-10-07 15:51:57,170:TEST-MODE:INFO: 25.23 24.69 25.93 25.74 24.40 -0.01 0.02 0.00 1023.80 1034.46 1034.98 1040.18 1603.48 6125.10 26.00 0.00 0  0  1  None None -467.88 Buffering (0/1) State.STOP 
2021-10-07 15:51:57,171:TEST-MODE:WARNING: Stopped
2021-10-07 15:51:57,182:TEST-MODE:DEBUG: mega>rpi: b'BF:1.00\r\n'
2021-10-07 15:51:57,194:TEST-MODE:DEBUG: mega>rpi: b'X:-0.00\r\n'
2021-10-07 15:51:57,205:TEST-MODE:DEBUG: mega>rpi: b'Y:-0.00\r\n'
2021-10-07 15:51:57,217:TEST-MODE:DEBUG: mega>rpi: b'Z:0.00\r\n'
2021-10-07 15:51:57,228:TEST-MODE:DEBUG: mega>rpi: b'PD:29.00\r\n'
2021-10-07 15:51:57,240:TEST-MODE:DEBUG: mega>rpi: b'PC:0.00\r\n'
2021-10-07 15:51:57,251:TEST-MODE:DEBUG: mega>rpi: b'LC:15.00\r\n'
2021-10-07 15:51:57,306:TEST-MODE:DEBUG: mega>rpi: b'HL:0.00\r\n'
2021-10-07 15:51:57,318:TEST-MODE:DEBUG: mega>rpi: b'EL:0.00\r\n'
2021-10-07 15:51:57,330:TEST-MODE:DEBUG: mega>rpi: b'BT1:25.23\r\n'
2021-10-07 15:51:57,343:TEST-MODE:DEBUG: mega>rpi: b'BT2:24.69\r\n'
2021-10-07 15:51:57,397:TEST-MODE:DEBUG: mega>rpi: b'BP1:1023.60\r\n'
2021-10-07 15:51:57,451:TEST-MODE:DEBUG: mega>rpi: b'BP2:1034.30\r\n'
2021-10-07 15:51:57,516:TEST-MODE:DEBUG: mega>rpi: b'HP:1604.20\r\n'
2021-10-07 15:51:57,528:TEST-MODE:DEBUG: mega>rpi: b'TT1:25.93\r\n'
2021-10-07 15:51:57,541:TEST-MODE:DEBUG: mega>rpi: b'TT2:25.74\r\n'
2021-10-07 15:51:57,595:TEST-MODE:DEBUG: mega>rpi: b'TP1:1035.40\r\n'
2021-10-07 15:51:57,660:TEST-MODE:DEBUG: mega>rpi: b'TP2:1039.80\r\n'
2021-10-07 15:51:57,672:TEST-MODE:DEBUG: mega>rpi: b'AT:24.40\r\n'
2021-10-07 15:51:57,726:TEST-MODE:DEBUG: mega>rpi: b'AP:6125.00\r\n'
2021-10-07 15:51:57,739:TEST-MODE:DEBUG: mega>rpi: b'BV:-467.88\r\n'
2021-10-07 15:51:57,741:TEST-MODE:INFO: BT1   BT2   TT1   TT2   AT    X     Y    Z    BP1     BP2     TP1     TP2     HP      AP      PD    PC   HL EL BF SF   PF   BV      rpm             State      
2021-10-07 15:51:57,742:TEST-MODE:INFO: 25.23 24.69 25.93 25.74 24.40 -0.01 0.01 0.00 1023.76 1034.46 1035.12 1040.16 1603.72 6125.12 29.00 0.00 0  0  1  None None -467.88 Buffering (0/1) State.STOP 
2021-10-07 15:51:57,744:TEST-MODE:WARNING: Stopped
2021-10-07 15:51:57,758:TEST-MODE:DEBUG: mega>rpi: b'BF:1.00\r\n'
2021-10-07 15:51:57,791:TEST-MODE:DEBUG: mega>rpi: b'PD:32.00\r\n'
2021-10-07 15:51:57,803:TEST-MODE:DEBUG: mega>rpi: b'PC:0.00\r\n'
2021-10-07 15:51:57,816:TEST-MODE:DEBUG: mega>rpi: b'LC:16.00\r\n'
2021-10-07 15:51:57,870:TEST-MODE:DEBUG: mega>rpi: b'HL:0.00\r\n'
2021-10-07 15:51:57,882:TEST-MODE:DEBUG: mega>rpi: b'EL:0.00\r\n'
2021-10-07 15:51:57,894:TEST-MODE:DEBUG: mega>rpi: b'BT1:25.23\r\n'
2021-10-07 15:51:57,906:TEST-MODE:DEBUG: mega>rpi: b'BT2:24.69\r\n'
2021-10-07 15:51:57,950:TEST-MODE:DEBUG: mega>rpi: b'BP1:1023.80\r\n'
2021-10-07 15:51:58,014:TEST-MODE:DEBUG: mega>rpi: b'BP2:1034.40\r\n'
2021-10-07 15:51:58,069:TEST-MODE:DEBUG: mega>rpi: b'HP:1603.00\r\n'
2021-10-07 15:51:58,082:TEST-MODE:DEBUG: mega>rpi: b'TT1:25.93\r\n'
2021-10-07 15:51:58,097:TEST-MODE:DEBUG: mega>rpi: b'TT2:25.74\r\n'
2021-10-07 15:51:58,154:TEST-MODE:DEBUG: mega>rpi: b'TP1:1035.30\r\n'
2021-10-07 15:51:58,218:TEST-MODE:DEBUG: mega>rpi: b'TP2:1040.40\r\n'
2021-10-07 15:51:58,231:TEST-MODE:DEBUG: mega>rpi: b'AT:24.40\r\n'
2021-10-07 15:51:58,285:TEST-MODE:DEBUG: mega>rpi: b'AP:6125.40\r\n'
2021-10-07 15:51:58,297:TEST-MODE:DEBUG: mega>rpi: b'BV:-467.90\r\n'
2021-10-07 15:51:58,300:TEST-MODE:INFO: BT1   BT2   TT1   TT2   AT    X     Y    Z    BP1     BP2     TP1     TP2     HP      AP      PD    PC   HL EL BF SF   PF   BV      rpm             State      
2021-10-07 15:51:58,302:TEST-MODE:INFO: 25.23 24.69 25.93 25.74 24.40 -0.01 0.01 0.00 1023.72 1034.54 1035.22 1040.20 1603.56 6125.10 32.00 0.00 0  0  1  None None -467.90 Buffering (0/1) State.STOP 
2021-10-07 15:51:58,303:TEST-MODE:WARNING: Stopped
2021-10-07 15:51:58,317:TEST-MODE:DEBUG: mega>rpi: b'BF:1.00\r\n'
2021-10-07 15:51:58,329:TEST-MODE:DEBUG: mega>rpi: b'X:0.00\r\n'
2021-10-07 15:51:58,341:TEST-MODE:DEBUG: mega>rpi: b'Y:-0.01\r\n'
2021-10-07 15:51:58,354:TEST-MODE:DEBUG: mega>rpi: b'Z:-0.01\r\n'
2021-10-07 15:51:58,377:TEST-MODE:DEBUG: mega>rpi: b'PD:34.00\r\n'
2021-10-07 15:51:58,389:TEST-MODE:DEBUG: mega>rpi: b'PC:16.00\r\n'
2021-10-07 15:51:58,401:TEST-MODE:DEBUG: mega>rpi: b'LC:17.00\r\n'
2021-10-07 15:51:58,455:TEST-MODE:DEBUG: mega>rpi: b'HL:0.00\r\n'
2021-10-07 15:51:58,467:TEST-MODE:DEBUG: mega>rpi: b'EL:0.00\r\n'
2021-10-07 15:51:58,480:TEST-MODE:DEBUG: mega>rpi: b'BT1:25.23\r\n'
2021-10-07 15:51:58,492:TEST-MODE:DEBUG: mega>rpi: b'BT2:24.69\r\n'
2021-10-07 15:51:58,546:TEST-MODE:DEBUG: mega>rpi: b'BP1:1023.50\r\n'
2021-10-07 15:51:58,600:TEST-MODE:DEBUG: mega>rpi: b'BP2:1034.50\r\n'
2021-10-07 15:51:58,655:TEST-MODE:DEBUG: mega>rpi: b'HP:1603.30\r\n'
2021-10-07 15:51:58,667:TEST-MODE:DEBUG: mega>rpi: b'TT1:25.93\r\n'
2021-10-07 15:51:58,680:TEST-MODE:DEBUG: mega>rpi: b'TT2:25.72\r\n'
2021-10-07 15:51:58,745:TEST-MODE:DEBUG: mega>rpi: b'TP1:1035.30\r\n'
2021-10-07 15:51:58,798:TEST-MODE:DEBUG: mega>rpi: b'TP2:1040.30\r\n'
2021-10-07 15:51:58,811:TEST-MODE:DEBUG: mega>rpi: b'AT:24.40\r\n'
2021-10-07 15:51:58,875:TEST-MODE:DEBUG: mega>rpi: b'AP:6125.20\r\n'
2021-10-07 15:51:58,888:TEST-MODE:DEBUG: mega>rpi: b'BV:-467.89\r\n'
2021-10-07 15:51:58,890:TEST-MODE:INFO: BT1   BT2   TT1   TT2   AT    X     Y    Z     BP1     BP2     TP1     TP2     HP      AP      PD    PC    HL EL BF SF   PF   BV      rpm             State      
2021-10-07 15:51:58,891:TEST-MODE:INFO: 25.23 24.69 25.93 25.73 24.40 -0.01 0.01 -0.00 1023.70 1034.50 1035.24 1040.14 1603.54 6125.12 34.00 16.00 0  0  1  None None -467.89 Buffering (0/1) State.STOP 
2021-10-07 15:51:58,892:TEST-MODE:WARNING: Stopped
2021-10-07 15:51:58,905:TEST-MODE:DEBUG: mega>rpi: b'BF:1.00\r\n'
2021-10-07 15:51:58,917:TEST-MODE:DEBUG: mega>rpi: b'PD:36.00\r\n'
2021-10-07 15:51:58,929:TEST-MODE:DEBUG: mega>rpi: b'PC:8.00\r\n'
2021-10-07 15:51:58,942:TEST-MODE:DEBUG: mega>rpi: b'LC:18.00\r\n'
2021-10-07 15:51:58,975:TEST-MODE:DEBUG: mega>rpi: b'HL:0.00\r\n'
2021-10-07 15:51:58,991:TEST-MODE:DEBUG: mega>rpi: b'EL:0.00\r\n'
2021-10-07 15:51:59,003:TEST-MODE:DEBUG: mega>rpi: b'BT1:25.23\r\n'
2021-10-07 15:51:59,016:TEST-MODE:DEBUG: mega>rpi: b'BT2:24.69\r\n'
2021-10-07 15:51:59,060:TEST-MODE:DEBUG: mega>rpi: b'BP1:1023.80\r\n'
2021-10-07 15:51:59,115:TEST-MODE:DEBUG: mega>rpi: b'BP2:1034.20\r\n'
2021-10-07 15:51:59,180:TEST-MODE:DEBUG: mega>rpi: b'HP:1603.50\r\n'
2021-10-07 15:51:59,193:TEST-MODE:DEBUG: mega>rpi: b'TT1:25.93\r\n'
2021-10-07 15:51:59,205:TEST-MODE:DEBUG: mega>rpi: b'TT2:25.72\r\n'
2021-10-07 15:51:59,259:TEST-MODE:DEBUG: mega>rpi: b'TP1:1034.90\r\n'
2021-10-07 15:51:59,324:TEST-MODE:DEBUG: mega>rpi: b'TP2:1040.30\r\n'
2021-10-07 15:51:59,336:TEST-MODE:DEBUG: mega>rpi: b'AT:24.40\r\n'
2021-10-07 15:51:59,391:TEST-MODE:DEBUG: mega>rpi: b'AP:6125.10\r\n'
2021-10-07 15:51:59,403:TEST-MODE:DEBUG: mega>rpi: b'BV:-467.89\r\n'
2021-10-07 15:51:59,405:TEST-MODE:INFO: BT1   BT2   TT1   TT2   AT    X     Y    Z     BP1     BP2     TP1     TP2     HP      AP      PD    PC   HL EL BF SF   PF   BV      rpm             State      
2021-10-07 15:51:59,406:TEST-MODE:INFO: 25.23 24.69 25.93 25.73 24.40 -0.01 0.01 -0.00 1023.62 1034.38 1035.18 1040.20 1603.56 6125.14 36.00 8.00 0  0  1  None None -467.89 Buffering (0/1) State.STOP 
2021-10-07 15:51:59,407:TEST-MODE:WARNING: Stopped
2021-10-07 15:51:59,420:TEST-MODE:DEBUG: mega>rpi: b'BF:1.00\r\n'
2021-10-07 15:51:59,432:TEST-MODE:DEBUG: mega>rpi: b'X:-0.00\r\n'
2021-10-07 15:51:59,444:TEST-MODE:DEBUG: mega>rpi: b'Y:0.04\r\n'
2021-10-07 15:51:59,456:TEST-MODE:DEBUG: mega>rpi: b'Z:0.00\r\n'
2021-10-07 15:51:59,468:TEST-MODE:DEBUG: mega>rpi: b'PD:38.00\r\n'
2021-10-07 15:51:59,480:TEST-MODE:DEBUG: mega>rpi: b'PC:8.00\r\n'
2021-10-07 15:51:59,492:TEST-MODE:DEBUG: mega>rpi: b'LC:19.00\r\n'
2021-10-07 15:51:59,515:TEST-MODE:DEBUG: mega>rpi: b'HL:0.00\r\n'
2021-10-07 15:51:59,527:TEST-MODE:DEBUG: mega>rpi: b'EL:0.00\r\n'
2021-10-07 15:51:59,539:TEST-MODE:DEBUG: mega>rpi: b'BT1:25.23\r\n'
2021-10-07 15:51:59,551:TEST-MODE:DEBUG: mega>rpi: b'BT2:24.69\r\n'
2021-10-07 15:51:59,605:TEST-MODE:DEBUG: mega>rpi: b'BP1:1023.90\r\n'
2021-10-07 15:51:59,659:TEST-MODE:DEBUG: mega>rpi: b'BP2:1034.40\r\n'
2021-10-07 15:51:59,713:TEST-MODE:DEBUG: mega>rpi: b'HP:1603.60\r\n'
2021-10-07 15:51:59,737:TEST-MODE:DEBUG: mega>rpi: b'TT1:25.93\r\n'
2021-10-07 15:51:59,749:TEST-MODE:DEBUG: mega>rpi: b'TT2:25.73\r\n'
2021-10-07 15:51:59,803:TEST-MODE:DEBUG: mega>rpi: b'TP1:1035.00\r\n'
2021-10-07 15:51:59,858:TEST-MODE:DEBUG: mega>rpi: b'TP2:1039.70\r\n'
2021-10-07 15:51:59,881:TEST-MODE:DEBUG: mega>rpi: b'AT:24.40\r\n'
2021-10-07 15:51:59,935:TEST-MODE:DEBUG: mega>rpi: b'AP:6124.50\r\n'
2021-10-07 15:51:59,948:TEST-MODE:DEBUG: mega>rpi: b'BV:-467.86\r\n'
2021-10-07 15:51:59,949:TEST-MODE:INFO: BT1   BT2   TT1   TT2   AT    X     Y    Z     BP1     BP2     TP1     TP2     HP      AP      PD    PC   HL EL BF SF   PF   BV      rpm             State      
2021-10-07 15:51:59,951:TEST-MODE:INFO: 25.23 24.69 25.93 25.73 24.40 -0.01 0.01 -0.00 1023.72 1034.36 1035.18 1040.10 1603.52 6125.04 38.00 8.00 0  0  1  None None -467.86 Buffering (0/1) State.STOP 
2021-10-07 15:51:59,952:TEST-MODE:WARNING: Stopped
2021-10-07 15:51:59,964:TEST-MODE:DEBUG: mega>rpi: b'BF:1.00\r\n'
2021-10-07 15:51:59,977:TEST-MODE:DEBUG: mega>rpi: b'X:-0.00\r\n'
2021-10-07 15:51:59,990:TEST-MODE:DEBUG: mega>rpi: b'Y:-0.01\r\n'
2021-10-07 15:52:00,002:TEST-MODE:DEBUG: mega>rpi: b'Z:0.00\r\n'
2021-10-07 15:52:00,015:TEST-MODE:DEBUG: mega>rpi: b'PD:38.00\r\n'
2021-10-07 15:52:00,027:TEST-MODE:DEBUG: mega>rpi: b'PC:0.00\r\n'
2021-10-07 15:52:00,040:TEST-MODE:DEBUG: mega>rpi: b'LC:20.00\r\n'
2021-10-07 15:52:00,082:TEST-MODE:DEBUG: mega>rpi: b'HL:0.00\r\n'
2021-10-07 15:52:00,094:TEST-MODE:DEBUG: mega>rpi: b'EL:0.00\r\n'
2021-10-07 15:52:00,107:TEST-MODE:DEBUG: mega>rpi: b'BT1:25.23\r\n'
2021-10-07 15:52:00,119:TEST-MODE:DEBUG: mega>rpi: b'BT2:24.69\r\n'
2021-10-07 15:52:00,173:TEST-MODE:DEBUG: mega>rpi: b'BP1:1023.60\r\n'
2021-10-07 15:52:00,227:TEST-MODE:DEBUG: mega>rpi: b'BP2:1034.20\r\n'
2021-10-07 15:52:00,281:TEST-MODE:DEBUG: mega>rpi: b'HP:1603.40\r\n'
2021-10-07 15:52:00,304:TEST-MODE:DEBUG: mega>rpi: b'TT1:25.93\r\n'
2021-10-07 15:52:00,316:TEST-MODE:DEBUG: mega>rpi: b'TT2:25.72\r\n'
2021-10-07 15:52:00,370:TEST-MODE:DEBUG: mega>rpi: b'TP1:1034.80\r\n'
2021-10-07 15:52:00,424:TEST-MODE:DEBUG: mega>rpi: b'TP2:1040.00\r\n'
2021-10-07 15:52:00,449:TEST-MODE:DEBUG: mega>rpi: b'AT:24.40\r\n'
2021-10-07 15:52:00,503:TEST-MODE:DEBUG: mega>rpi: b'AP:6125.00\r\n'
2021-10-07 15:52:00,516:TEST-MODE:DEBUG: mega>rpi: b'BV:-467.88\r\n'
2021-10-07 15:52:00,518:TEST-MODE:INFO: BT1   BT2   TT1   TT2   AT    X    Y    Z     BP1     BP2     TP1     TP2     HP      AP      PD    PC   HL EL BF SF   PF   BV      rpm             State      
2021-10-07 15:52:00,519:TEST-MODE:INFO: 25.23 24.69 25.93 25.73 24.40 0.00 0.01 -0.00 1023.72 1034.34 1035.06 1040.14 1603.36 6125.04 38.00 0.00 0  0  1  None None -467.88 Buffering (0/1) State.STOP 
2021-10-07 15:52:00,520:TEST-MODE:WARNING: Stopped
2021-10-07 15:52:00,533:TEST-MODE:DEBUG: mega>rpi: b'BF:1.00\r\n'
2021-10-07 15:52:00,545:TEST-MODE:DEBUG: mega>rpi: b'PD:36.00\r\n'
2021-10-07 15:52:00,557:TEST-MODE:DEBUG: mega>rpi: b'PC:0.00\r\n'
2021-10-07 15:52:00,570:TEST-MODE:DEBUG: mega>rpi: b'LC:21.00\r\n'
2021-10-07 15:52:00,613:TEST-MODE:DEBUG: mega>rpi: b'HL:0.00\r\n'
2021-10-07 15:52:00,628:TEST-MODE:DEBUG: mega>rpi: b'EL:0.00\r\n'
2021-10-07 15:52:00,641:TEST-MODE:DEBUG: mega>rpi: b'BT1:25.23\r\n'
2021-10-07 15:52:00,654:TEST-MODE:DEBUG: mega>rpi: b'BT2:24.69\r\n'
2021-10-07 15:52:00,698:TEST-MODE:DEBUG: mega>rpi: b'BP1:1024.00\r\n'
2021-10-07 15:52:00,752:TEST-MODE:DEBUG: mega>rpi: b'BP2:1034.00\r\n'
2021-10-07 15:52:00,817:TEST-MODE:DEBUG: mega>rpi: b'HP:1603.80\r\n'
2021-10-07 15:52:00,829:TEST-MODE:DEBUG: mega>rpi: b'TT1:25.93\r\n'
2021-10-07 15:52:00,842:TEST-MODE:DEBUG: mega>rpi: b'TT2:25.72\r\n'
2021-10-07 15:52:00,897:TEST-MODE:DEBUG: mega>rpi: b'TP1:1035.50\r\n'
2021-10-07 15:52:00,961:TEST-MODE:DEBUG: mega>rpi: b'TP2:1039.90\r\n'
2021-10-07 15:52:00,973:TEST-MODE:DEBUG: mega>rpi: b'AT:24.40\r\n'
2021-10-07 15:52:01,028:TEST-MODE:DEBUG: mega>rpi: b'AP:6124.80\r\n'
2021-10-07 15:52:01,041:TEST-MODE:DEBUG: mega>rpi: b'BV:-467.87\r\n'
2021-10-07 15:52:01,046:TEST-MODE:INFO: BT1   BT2   TT1   TT2   AT    X    Y    Z     BP1     BP2     TP1     TP2     HP      AP      PD    PC   HL EL BF SF   PF   BV      rpm             State      
2021-10-07 15:52:01,048:TEST-MODE:INFO: 25.23 24.69 25.93 25.72 24.40 0.00 0.01 -0.00 1023.76 1034.26 1035.10 1040.04 1603.52 6124.92 36.00 0.00 0  0  1  None None -467.87 Buffering (0/1) State.STOP 
2021-10-07 15:52:01,049:TEST-MODE:WARNING: Stopped
2021-10-07 15:52:01,064:TEST-MODE:DEBUG: mega>rpi: b'BF:1.00\r\n'
2021-10-07 15:52:01,077:TEST-MODE:DEBUG: mega>rpi: b'X:-0.00\r\n'
2021-10-07 15:52:01,089:TEST-MODE:DEBUG: mega>rpi: b'Y:0.04\r\n'
2021-10-07 15:52:01,101:TEST-MODE:DEBUG: mega>rpi: b'Z:0.00\r\n'
2021-10-07 15:52:01,114:TEST-MODE:DEBUG: mega>rpi: b'PD:35.00\r\n'
2021-10-07 15:52:01,126:TEST-MODE:DEBUG: mega>rpi: b'PC:18.00\r\n'
2021-10-07 15:52:01,139:TEST-MODE:DEBUG: mega>rpi: b'LC:22.00\r\n'
2021-10-07 15:52:01,194:TEST-MODE:DEBUG: mega>rpi: b'HL:0.00\r\n'
2021-10-07 15:52:01,206:TEST-MODE:DEBUG: mega>rpi: b'EL:0.00\r\n'
2021-10-07 15:52:01,219:TEST-MODE:DEBUG: mega>rpi: b'BT1:25.23\r\n'
2021-10-07 15:52:01,232:TEST-MODE:DEBUG: mega>rpi: b'BT2:24.69\r\n'
2021-10-07 15:52:01,276:TEST-MODE:DEBUG: mega>rpi: b'BP1:1023.80\r\n'
