2021-10-21 15:09:00,293:WARNING: Safety is disabled
2021-10-21 15:09:00,294:WARNING: Test mode
2021-10-21 15:09:00,295:INFO: Pressure controller was initialized successfully
2021-10-21 15:09:00,296:INFO: BP1 pressure sensor was initialized successfully
2021-10-21 15:09:00,296:INFO: BP2 pressure sensor was initialized successfully
2021-10-21 15:09:00,297:INFO: TP1 pressure sensor was initialized successfully
2021-10-21 15:09:00,297:INFO: TP2 pressure sensor was initialized successfully
2021-10-21 15:09:00,297:INFO: HP pressure sensor was initialized successfully
2021-10-21 15:09:00,298:INFO: AP pressure sensor was initialized successfully
2021-10-21 15:09:00,298:INFO: Temperature controller was initialized successfully
2021-10-21 15:09:00,298:INFO: BT1 temperature sensor was initialized successfully
2021-10-21 15:09:00,299:INFO: BT2 temperature sensor was initialized successfully
2021-10-21 15:09:00,299:INFO: TT1 temperature sensor was initialized successfully
2021-10-21 15:09:00,300:INFO: TT2 temperature sensor was initialized successfully
2021-10-21 15:09:00,300:INFO: AT temperature sensor was initialized successfully
2021-10-21 15:09:00,300:INFO: IMU controller was initialized successfully
2021-10-21 15:09:00,301:INFO: X IMU sensor was initialized successfully
2021-10-21 15:09:00,301:INFO: Y IMU sensor was initialized successfully
2021-10-21 15:09:00,302:INFO: Z IMU sensor was initialized successfully
2021-10-21 15:09:00,302:INFO: Bladder volume controller was initialized successfully
2021-10-21 15:09:00,302:INFO: Altimeter controller was initialized successfully
2021-10-21 15:09:00,303:INFO: rpm controller was initialized successfully
2021-10-21 15:09:00,303:INFO: Pump flag controller was initialized successfully
2021-10-21 15:09:00,303:INFO: Bladder flag controller was initialized successfully
2021-10-21 15:09:00,304:INFO: Hull leak flag controller was initialized successfully
2021-10-21 15:09:00,304:INFO: Engine leak flag controller was initialized successfully
2021-10-21 15:09:00,304:INFO: Full surface initiated flag controller was initialized successfully
2021-10-21 15:09:00,308:INFO: SerialComm was initialized successfully
2021-10-21 15:09:00,318:INFO: Profile file loaded successfully

2021-10-21 15:09:00,318:INFO: Profile class was initialized successfully

2021-10-21 15:09:00,319:INFO: setting state to MissionState.IDLE
2021-10-21 15:09:00,320:ERROR: unknown header: 2:24.60
2021-10-21 15:09:00,332:ERROR: unknown header: LC:48.00
2021-10-21 15:09:01,719:ERROR: unknown header: SU:0.00
2021-10-21 15:09:03,961:ERROR: unknown header: Date: 10/21/2021 Time
2021-10-21 15:09:05,664:ERROR: unknown header: SU:1.00
2021-10-21 15:09:05,666:ERROR: unknown header: LC:1.00
2021-10-21 15:09:06,165:INFO: State.STOP
2021-10-21 15:09:06,167:INFO: BT1             BT2             TT1             TT2             AT              X               Y               Z               BP1             BP2             TP1             TP2             HP              AP              PD PC HL EL BF   SF   PF   BV     rpm             State MissionState Setpoint Error Depth 
2021-10-21 15:09:06,168:INFO: Buffering (3/5) Buffering (3/5) Buffering (4/5) Buffering (4/5) Buffering (2/5) Buffering (1/5) Buffering (1/5) Buffering (1/5) Buffering (4/5) Buffering (4/5) Buffering (4/5) Buffering (2/5) Buffering (4/5) Buffering (2/5) 0  0  0  0  None None None 581.96 Buffering (0/1) STOP  IDLE         30.00    None  None  
2021-10-21 15:09:06,168:WARNING: Stopped
2021-10-21 15:09:06,182:ERROR: unknown header: LC:2.00
2021-10-21 15:09:06,681:INFO: State.STOP
2021-10-21 15:09:06,682:INFO: BT1             BT2             TT1   TT2   AT              X               Y               Z               BP1    BP2   TP1   TP2             HP      AP              PD   PC     HL EL BF SF   PF   BV     rpm             State MissionState Setpoint Error Depth 
2021-10-21 15:09:06,683:INFO: Buffering (4/5) Buffering (4/5) 24.56 24.67 Buffering (3/5) Buffering (2/5) Buffering (2/5) Buffering (2/5) -33.82 11.40 10.10 Buffering (3/5) 1578.06 Buffering (3/5) 1.51 100.00 0  0  0  None None 581.96 Buffering (0/1) STOP  IDLE         30.00    None  None  
2021-10-21 15:09:06,684:WARNING: Stopped
2021-10-21 15:09:06,732:ERROR: unknown header: LC:3.00
2021-10-21 15:09:07,229:INFO: State.STOP
2021-10-21 15:09:07,231:INFO: BT1   BT2   TT1   TT2   AT              X               Y               Z               BP1    BP2   TP1   TP2             HP      AP              PD   PC     HL EL BF SF   PF   BV     rpm             State MissionState Setpoint Error Depth 
2021-10-21 15:09:07,232:INFO: 25.04 18.60 24.57 24.67 Buffering (4/5) Buffering (3/5) Buffering (3/5) Buffering (3/5) -33.83 11.40 10.10 Buffering (4/5) 1578.10 Buffering (4/5) 1.51 100.00 0  0  0  None None 582.13 Buffering (0/1) STOP  IDLE         30.00    None  None  
2021-10-21 15:09:07,233:WARNING: Stopped
2021-10-21 15:09:07,242:ERROR: unknown header: LC:4.00
2021-10-21 15:09:07,740:INFO: State.STOP
2021-10-21 15:09:07,741:INFO: BT1   BT2   TT1   TT2   AT    X               Y               Z               BP1    BP2   TP1   TP2   HP      AP      PD   PC     HL EL BF SF   PF   BV     rpm             State MissionState Setpoint Error Depth 
2021-10-21 15:09:07,743:INFO: 25.04 18.60 24.57 24.67 24.27 Buffering (4/5) Buffering (4/5) Buffering (4/5) -33.83 11.40 10.10 10.36 1578.16 6456.84 1.51 100.00 0  0  0  None None 582.15 Buffering (0/1) STOP  IDLE         30.00    None  None  
2021-10-21 15:09:07,744:WARNING: Stopped
2021-10-21 15:09:07,767:ERROR: unknown header: LC:5.00
2021-10-21 15:09:08,266:INFO: State.STOP
2021-10-21 15:09:08,267:INFO: BT1   BT2   TT1   TT2   AT    X     Y     Z    BP1   BP2   TP1   TP2   HP      AP      PD   PC     HL EL BF SF   PF   BV     rpm             State MissionState Setpoint Error Depth 
2021-10-21 15:09:08,269:INFO: 25.12 24.58 24.42 24.54 24.24 -0.00 -0.01 0.01 11.16 11.40 10.10 10.36 1578.18 6454.58 1.51 100.00 0  0  0  None None 582.13 Buffering (0/1) STOP  IDLE         30.00    None  None  
2021-10-21 15:09:08,269:WARNING: Stopped
2021-10-21 15:09:08,276:ERROR: unknown header: LC:6.00
2021-10-21 15:09:08,775:INFO: State.STOP
2021-10-21 15:09:08,776:INFO: BT1   BT2   TT1   TT2   AT    X     Y     Z    BP1   BP2   TP1   TP2   HP      AP      PD   PC     HL EL BF SF   PF   BV     rpm             State MissionState Setpoint Error Depth 
2021-10-21 15:09:08,777:INFO: 25.12 24.59 24.43 24.54 24.25 -0.00 -0.01 0.01 11.16 11.40 10.10 10.36 1578.10 6454.44 1.51 100.00 0  0  0  None None 582.15 Buffering (0/1) STOP  IDLE         30.00    None  None  
2021-10-21 15:09:08,778:WARNING: Stopped
2021-10-21 15:09:08,804:ERROR: unknown header: LC:7.00
2021-10-21 15:09:09,303:INFO: State.STOP
2021-10-21 15:09:09,304:INFO: BT1   BT2   TT1   TT2   AT    X     Y     Z    BP1   BP2   TP1   TP2   HP      AP      PD   PC     HL EL BF SF   PF   BV     rpm             State MissionState Setpoint Error Depth 
2021-10-21 15:09:09,305:INFO: 25.12 24.59 24.43 24.54 24.25 -0.01 -0.01 0.01 11.16 11.40 10.10 10.36 1578.18 6454.24 1.51 100.00 0  0  0  None None 582.17 Buffering (0/1) STOP  IDLE         30.00    None  None  
2021-10-21 15:09:09,306:WARNING: Stopped
2021-10-21 15:09:09,314:ERROR: unknown header: LC:8.00
2021-10-21 15:09:09,815:INFO: State.STOP
2021-10-21 15:09:09,816:INFO: BT1   BT2   TT1   TT2   AT    X     Y     Z    BP1   BP2   TP1   TP2   HP      AP      PD   PC     HL EL BF SF   PF   BV     rpm             State MissionState Setpoint Error Depth 
2021-10-21 15:09:09,817:INFO: 25.12 24.59 24.44 24.54 24.25 -0.01 -0.01 0.01 11.16 11.40 10.10 10.36 1578.26 6454.10 1.51 100.00 0  0  0  None None 582.27 Buffering (0/1) STOP  IDLE         30.00    None  None  
2021-10-21 15:09:09,817:WARNING: Stopped
2021-10-21 15:09:09,841:ERROR: unknown header: LC:9.00
2021-10-21 15:09:10,342:INFO: State.STOP
2021-10-21 15:09:10,343:INFO: BT1   BT2   TT1   TT2   AT    X     Y     Z    BP1   BP2   TP1   TP2   HP      AP      PD   PC     HL EL BF SF   PF   BV     rpm             State MissionState Setpoint Error Depth 
2021-10-21 15:09:10,344:INFO: 25.12 24.59 24.45 24.54 24.25 -0.01 -0.00 0.01 11.16 11.41 10.10 10.36 1578.32 6453.98 1.51 100.00 0  0  0  None None 582.32 Buffering (0/1) STOP  IDLE         30.00    None  None  
2021-10-21 15:09:10,345:WARNING: Stopped
2021-10-21 15:09:10,355:ERROR: unknown header: LC:10.00
2021-10-21 15:09:10,856:INFO: State.STOP
2021-10-21 15:09:10,857:INFO: BT1   BT2   TT1   TT2   AT    X     Y     Z    BP1   BP2   TP1   TP2   HP      AP      PD   PC     HL EL BF SF   PF   BV     rpm             State MissionState Setpoint Error Depth 
2021-10-21 15:09:10,858:INFO: 25.12 24.59 24.45 24.54 24.25 -0.01 -0.00 0.01 11.16 11.41 10.10 10.37 1578.34 6453.74 1.51 100.00 0  0  0  None None 582.34 Buffering (0/1) STOP  IDLE         30.00    None  None  
2021-10-21 15:09:10,859:WARNING: Stopped
2021-10-21 15:09:10,882:ERROR: unknown header: LC:11.00
2021-10-21 15:09:11,381:WARNING: restarting
2021-10-21 15:09:11,390:INFO: State.INIT
2021-10-21 15:09:11,391:INFO: BT1             BT2             TT1             TT2             AT              X               Y               Z               BP1             BP2             TP1             TP2             HP              AP              PD PC HL   EL   BF   SF   PF   BV rpm             State MissionState Setpoint Error Depth 
2021-10-21 15:09:11,392:INFO: Buffering (0/5) Buffering (0/5) Buffering (0/5) Buffering (0/5) Buffering (0/5) Buffering (0/5) Buffering (0/5) Buffering (0/5) Buffering (0/5) Buffering (0/5) Buffering (0/5) Buffering (0/5) Buffering (0/5) Buffering (0/5) 0  0  None None None None None 0  Buffering (0/1) INIT  IDLE         30.00    None  None  
2021-10-21 15:09:11,398:ERROR: unknown header: LC:12.00
2021-10-21 15:09:11,891:INFO: State.WAIT_FOR_SENSOR_BUFFER
2021-10-21 15:09:11,892:INFO: BT1             BT2             TT1             TT2             AT              X               Y               Z               BP1             BP2             TP1             TP2             HP              AP              PD   PC     HL EL BF SF   PF   BV     rpm             State                  MissionState Setpoint Error Depth 
2021-10-21 15:09:11,894:INFO: Buffering (1/5) Buffering (1/5) Buffering (1/5) Buffering (1/5) Buffering (1/5) Buffering (0/5) Buffering (0/5) Buffering (0/5) Buffering (1/5) Buffering (1/5) Buffering (1/5) Buffering (1/5) Buffering (1/5) Buffering (1/5) 1.51 100.00 0  0  0  None None 582.25 Buffering (0/1) WAIT_FOR_SENSOR_BUFFER IDLE         30.00    None  None  
2021-10-21 15:09:11,895:WARNING: sensor BT1 is not ready
2021-10-21 15:09:11,921:ERROR: unknown header: LC:13.00
2021-10-21 15:09:12,420:INFO: State.WAIT_FOR_SENSOR_BUFFER
2021-10-21 15:09:12,421:INFO: BT1             BT2             TT1             TT2             AT              X               Y               Z               BP1             BP2             TP1             TP2             HP              AP              PD   PC     HL EL BF SF   PF   BV     rpm             State                  MissionState Setpoint Error Depth 
2021-10-21 15:09:12,423:INFO: Buffering (2/5) Buffering (2/5) Buffering (2/5) Buffering (2/5) Buffering (2/5) Buffering (1/5) Buffering (1/5) Buffering (1/5) Buffering (2/5) Buffering (2/5) Buffering (2/5) Buffering (2/5) Buffering (2/5) Buffering (2/5) 1.51 100.00 0  0  0  None None 582.34 Buffering (0/1) WAIT_FOR_SENSOR_BUFFER IDLE         30.00    None  None  
2021-10-21 15:09:12,424:WARNING: sensor BT1 is not ready
2021-10-21 15:09:12,431:ERROR: unknown header: LC:14.00
2021-10-21 15:09:12,929:INFO: State.WAIT_FOR_SENSOR_BUFFER
2021-10-21 15:09:12,930:INFO: BT1             BT2             TT1             TT2             AT              X               Y               Z               BP1             BP2             TP1             TP2             HP              AP              PD   PC     HL EL BF SF   PF   BV     rpm             State                  MissionState Setpoint Error Depth 
2021-10-21 15:09:12,932:INFO: Buffering (3/5) Buffering (3/5) Buffering (3/5) Buffering (3/5) Buffering (3/5) Buffering (1/5) Buffering (1/5) Buffering (1/5) Buffering (3/5) Buffering (3/5) Buffering (3/5) Buffering (3/5) Buffering (3/5) Buffering (3/5) 1.51 100.00 0  0  0  None None 582.32 Buffering (0/1) WAIT_FOR_SENSOR_BUFFER IDLE         30.00    None  None  
2021-10-21 15:09:12,933:WARNING: sensor BT1 is not ready
2021-10-21 15:09:12,958:ERROR: unknown header: LC:15.00
2021-10-21 15:09:13,456:INFO: State.WAIT_FOR_SENSOR_BUFFER
2021-10-21 15:09:13,457:INFO: BT1             BT2             TT1             TT2             AT              X               Y               Z               BP1             BP2             TP1             TP2             HP              AP              PD   PC     HL EL BF SF   PF   BV     rpm             State                  MissionState Setpoint Error Depth 
2021-10-21 15:09:13,458:INFO: Buffering (4/5) Buffering (4/5) Buffering (4/5) Buffering (4/5) Buffering (4/5) Buffering (2/5) Buffering (2/5) Buffering (2/5) Buffering (4/5) Buffering (4/5) Buffering (4/5) Buffering (4/5) Buffering (4/5) Buffering (4/5) 1.51 100.00 0  0  0  None None 582.36 Buffering (0/1) WAIT_FOR_SENSOR_BUFFER IDLE         30.00    None  None  
2021-10-21 15:09:13,459:WARNING: sensor BT1 is not ready
2021-10-21 15:09:13,470:ERROR: unknown header: LC:16.00
2021-10-21 15:09:13,969:INFO: State.WAIT_FOR_SENSOR_BUFFER
2021-10-21 15:09:13,971:INFO: BT1   BT2   TT1   TT2   AT    X               Y               Z               BP1   BP2   TP1   TP2   HP      AP      PD   PC     HL EL BF SF   PF   BV     rpm             State                  MissionState Setpoint Error Depth 
2021-10-21 15:09:13,972:INFO: 25.12 24.58 24.48 24.55 24.24 Buffering (2/5) Buffering (2/5) Buffering (2/5) 11.16 11.41 10.10 10.36 1578.74 6453.28 1.51 100.00 0  0  0  None None 582.38 Buffering (0/1) WAIT_FOR_SENSOR_BUFFER IDLE         30.00    None  None  
2021-10-21 15:09:13,973:WARNING: sensor X is not ready
2021-10-21 15:09:13,999:ERROR: unknown header: LC:17.00
2021-10-21 15:09:14,497:INFO: State.WAIT_FOR_SENSOR_BUFFER
2021-10-21 15:09:14,498:INFO: BT1   BT2   TT1   TT2   AT    X               Y               Z               BP1   BP2   TP1   TP2   HP      AP      PD   PC     HL EL BF SF   PF   BV     rpm             State                  MissionState Setpoint Error Depth 
2021-10-21 15:09:14,500:INFO: 25.12 24.58 24.49 24.56 24.24 Buffering (3/5) Buffering (3/5) Buffering (3/5) 11.16 11.40 10.10 10.36 1578.96 6453.04 1.51 100.00 0  0  0  None None 582.55 Buffering (0/1) WAIT_FOR_SENSOR_BUFFER IDLE         30.00    None  None  
2021-10-21 15:09:14,500:WARNING: sensor X is not ready
2021-10-21 15:09:14,508:ERROR: unknown header: LC:18.00
2021-10-21 15:09:15,007:INFO: State.WAIT_FOR_SENSOR_BUFFER
2021-10-21 15:09:15,008:INFO: BT1   BT2   TT1   TT2   AT    X               Y               Z               BP1   BP2   TP1   TP2   HP      AP      PD   PC     HL EL BF SF   PF   BV     rpm             State                  MissionState Setpoint Error Depth 
2021-10-21 15:09:15,010:INFO: 25.12 24.58 24.49 24.57 24.25 Buffering (3/5) Buffering (3/5) Buffering (3/5) 11.16 11.40 10.10 10.36 1579.18 6452.96 1.51 100.00 0  0  0  None None 582.46 Buffering (0/1) WAIT_FOR_SENSOR_BUFFER IDLE         30.00    None  None  
2021-10-21 15:09:15,011:WARNING: sensor X is not ready
2021-10-21 15:09:15,037:ERROR: unknown header: LC:19.00
2021-10-21 15:09:15,536:INFO: State.WAIT_FOR_SENSOR_BUFFER
2021-10-21 15:09:15,537:INFO: BT1   BT2   TT1   TT2   AT    X               Y               Z               BP1   BP2   TP1   TP2   HP      AP      PD   PC     HL EL BF SF   PF   BV     rpm             State                  MissionState Setpoint Error Depth 
2021-10-21 15:09:15,538:INFO: 25.12 24.58 24.49 24.57 24.25 Buffering (4/5) Buffering (4/5) Buffering (4/5) 11.16 11.40 10.10 10.36 1579.26 6452.68 1.51 100.00 0  0  0  None None 582.61 Buffering (0/1) WAIT_FOR_SENSOR_BUFFER IDLE         30.00    None  None  
2021-10-21 15:09:15,539:WARNING: sensor X is not ready
2021-10-21 15:09:15,550:ERROR: unknown header: LC:20.00
2021-10-21 15:09:16,049:INFO: State.WAIT_FOR_SENSOR_BUFFER
2021-10-21 15:09:16,050:INFO: BT1   BT2   TT1   TT2   AT    X               Y               Z               BP1   BP2   TP1   TP2   HP      AP      PD   PC     HL EL BF SF   PF   BV     rpm             State                  MissionState Setpoint Error Depth 
2021-10-21 15:09:16,051:INFO: 25.12 24.58 24.50 24.58 24.24 Buffering (4/5) Buffering (4/5) Buffering (4/5) 11.16 11.40 10.10 10.36 1579.28 6452.50 1.51 100.00 0  0  0  None None 582.51 Buffering (0/1) WAIT_FOR_SENSOR_BUFFER IDLE         30.00    None  None  
2021-10-21 15:09:16,052:WARNING: sensor X is not ready
2021-10-21 15:09:16,086:ERROR: unknown header: LC:21.00
2021-10-21 15:09:16,576:INFO: State.WAIT_FOR_SENSOR_BUFFER
2021-10-21 15:09:16,578:INFO: BT1   BT2   TT1   TT2   AT    X    Y    Z     BP1   BP2   TP1   TP2   HP      AP      PD   PC     HL EL BF SF   PF   BV     rpm             State                  MissionState Setpoint Error Depth 
2021-10-21 15:09:16,579:INFO: 25.12 24.59 24.50 24.58 24.24 0.00 0.00 -0.00 11.16 11.40 10.10 10.36 1579.52 6452.40 1.51 100.00 0  0  0  None None 582.49 Buffering (0/1) WAIT_FOR_SENSOR_BUFFER IDLE         30.00    None  None  
2021-10-21 15:09:16,586:ERROR: unknown header: LC:22.00
2021-10-21 15:09:17,085:INFO: State.CALIBRATE_DEPTH_SENSORS
2021-10-21 15:09:17,086:INFO: BT1   BT2   TT1   TT2   AT    X    Y    Z     BP1   BP2   TP1   TP2   HP      AP      PD   PC     HL EL BF SF   PF   BV     rpm             State                   MissionState Setpoint Error Depth 
2021-10-21 15:09:17,087:INFO: 25.12 24.58 24.51 24.58 24.24 0.00 0.00 -0.00 11.16 11.40 10.11 10.36 1579.52 6452.24 1.51 100.00 0  0  0  None None 582.72 Buffering (0/1) CALIBRATE_DEPTH_SENSORS IDLE         30.00    None  None  
2021-10-21 15:09:17,088:ERROR: error in HP sensor value: 1579.52 is out of bound!
2021-10-21 15:09:17,089:ERROR: error in AP sensor value: 6452.24 is out of bound!
2021-10-21 15:09:17,090:INFO: depth sensors calibrated successfully
2021-10-21 15:09:17,091:INFO: offset set on: 10.7575
2021-10-21 15:09:17,114:ERROR: unknown header: LC:23.00
2021-10-21 15:09:17,613:INFO: State.CALIBRATE_DEPTH_SENSORS
2021-10-21 15:09:17,615:INFO: BT1   BT2   TT1   TT2   AT    X     Y    Z     BP1   BP2   TP1   TP2   HP      AP      PD   PC     HL EL BF SF   PF   BV     rpm             State                   MissionState Setpoint Error Depth 
2021-10-21 15:09:17,616:INFO: 25.12 24.58 24.51 24.58 24.24 -0.00 0.00 -0.01 11.16 11.40 10.10 10.36 1579.56 6452.22 1.52 100.00 0  0  0  None None 582.44 Buffering (0/1) CALIBRATE_DEPTH_SENSORS IDLE         30.00    None  None  
2021-10-21 15:09:17,617:ERROR: error in HP sensor value: 1579.56 is out of bound!
2021-10-21 15:09:17,617:ERROR: error in AP sensor value: 6452.22 is out of bound!
2021-10-21 15:09:17,627:ERROR: unknown header: LC:24.00
2021-10-21 15:09:18,124:INFO: State.WAIT_FOR_WATER
2021-10-21 15:09:18,125:INFO: BT1   BT2   TT1   TT2   AT    X    Y    Z     BP1   BP2   TP1   TP2   HP      AP      PD   PC     HL EL BF SF   PF   BV     rpm             State          MissionState Setpoint Error Depth 
2021-10-21 15:09:18,126:INFO: 25.13 24.58 24.51 24.58 24.24 0.00 0.01 -0.01 11.16 11.40 10.10 10.36 1579.58 6452.22 1.52 100.00 0  0  0  None None 582.65 Buffering (0/1) WAIT_FOR_WATER IDLE         30.00    30.00 -0.00 
2021-10-21 15:09:18,127:INFO: Waiting for water
2021-10-21 15:09:18,127:INFO: Waiting for water
2021-10-21 15:09:18,128:INFO: 0/10 secs
2021-10-21 15:09:18,153:ERROR: unknown header: LC:25.00
2021-10-21 15:09:18,653:INFO: State.WAIT_FOR_WATER
2021-10-21 15:09:18,655:INFO: BT1   BT2   TT1   TT2   AT    X    Y    Z     BP1   BP2   TP1   TP2   HP      AP      PD   PC     HL EL BF SF   PF   BV     rpm             State          MissionState Setpoint Error Depth 
2021-10-21 15:09:18,656:INFO: 25.13 24.58 24.51 24.59 24.25 0.00 0.01 -0.01 11.16 11.40 10.10 10.36 1579.78 6452.04 1.53 100.00 0  0  0  None None 582.74 Buffering (0/1) WAIT_FOR_WATER IDLE         30.00    30.00 -0.00 
2021-10-21 15:09:18,657:INFO: Waiting for water
2021-10-21 15:09:18,657:INFO: 1/10 secs
2021-10-21 15:09:18,667:ERROR: unknown header: LC:26.00
2021-10-21 15:09:19,162:INFO: State.WAIT_FOR_WATER
2021-10-21 15:09:19,163:INFO: BT1   BT2   TT1   TT2   AT    X    Y    Z     BP1   BP2   TP1   TP2   HP      AP      PD   PC     HL EL BF SF   PF   BV     rpm             State          MissionState Setpoint Error Depth 
2021-10-21 15:09:19,164:INFO: 25.12 24.58 24.51 24.59 24.25 0.00 0.00 -0.01 11.16 11.40 10.10 10.36 1579.74 6451.90 1.53 100.00 0  0  0  None None 582.67 Buffering (0/1) WAIT_FOR_WATER IDLE         30.00    30.00 -0.00 
2021-10-21 15:09:19,165:INFO: Waiting for water
2021-10-21 15:09:19,166:INFO: 1/10 secs
2021-10-21 15:09:19,192:ERROR: unknown header: LC:27.00
2021-10-21 15:09:19,689:INFO: State.WAIT_FOR_WATER
2021-10-21 15:09:19,691:INFO: BT1   BT2   TT1   TT2   AT    X    Y    Z     BP1   BP2   TP1   TP2   HP      AP      PD   PC     HL EL BF SF   PF   BV     rpm             State          MissionState Setpoint Error Depth 
2021-10-21 15:09:19,692:INFO: 25.13 24.59 24.51 24.59 24.25 0.00 0.00 -0.01 11.16 11.40 10.10 10.36 1579.66 6452.00 1.53 100.00 0  0  0  None None 582.57 Buffering (0/1) WAIT_FOR_WATER IDLE         30.00    30.00 -0.00 
2021-10-21 15:09:19,693:INFO: Waiting for water
2021-10-21 15:09:19,694:INFO: 2/10 secs
2021-10-21 15:09:19,703:ERROR: unknown header: LC:28.00
2021-10-21 15:09:20,200:INFO: State.WAIT_FOR_WATER
2021-10-21 15:09:20,201:INFO: BT1   BT2   TT1   TT2   AT    X    Y    Z     BP1   BP2   TP1   TP2   HP      AP      PD   PC     HL EL BF SF   PF   BV     rpm             State          MissionState Setpoint Error Depth 
2021-10-21 15:09:20,202:INFO: 25.12 24.58 24.51 24.59 24.25 0.00 0.00 -0.01 11.16 11.40 10.10 10.36 1579.66 6451.68 1.52 100.00 0  0  0  None None 582.78 Buffering (0/1) WAIT_FOR_WATER IDLE         30.00    30.00 -0.00 
2021-10-21 15:09:20,203:INFO: Waiting for water
2021-10-21 15:09:20,204:INFO: 2/10 secs
2021-10-21 15:09:20,231:ERROR: unknown header: LC:29.00
2021-10-21 15:09:20,729:INFO: State.WAIT_FOR_WATER
2021-10-21 15:09:20,731:INFO: BT1   BT2   TT1   TT2   AT    X    Y    Z     BP1   BP2   TP1   TP2   HP      AP      PD   PC     HL EL BF SF   PF   BV     rpm             State          MissionState Setpoint Error Depth 
2021-10-21 15:09:20,732:INFO: 25.12 24.59 24.52 24.59 24.25 0.00 0.00 -0.01 11.16 11.40 10.10 10.36 1579.72 6451.50 1.52 100.00 0  0  0  None None 582.84 Buffering (0/1) WAIT_FOR_WATER IDLE         30.00    30.00 -0.00 
2021-10-21 15:09:20,732:INFO: Waiting for water
2021-10-21 15:09:20,733:INFO: 3/10 secs
2021-10-21 15:09:20,742:ERROR: unknown header: LC:30.00
2021-10-21 15:09:21,243:INFO: State.WAIT_FOR_WATER
2021-10-21 15:09:21,244:INFO: BT1   BT2   TT1   TT2   AT    X    Y    Z     BP1   BP2   TP1   TP2   HP      AP      PD   PC     HL EL BF SF   PF   BV     rpm             State          MissionState Setpoint Error Depth 
2021-10-21 15:09:21,245:INFO: 25.12 24.58 24.52 24.59 24.25 0.00 0.00 -0.00 11.16 11.40 10.10 10.36 1579.62 6451.36 1.52 100.00 0  0  0  None None 582.89 Buffering (0/1) WAIT_FOR_WATER IDLE         30.00    30.00 -0.00 
2021-10-21 15:09:21,246:INFO: Waiting for water
2021-10-21 15:09:21,246:INFO: 3/10 secs
2021-10-21 15:09:21,272:ERROR: unknown header: LC:31.00
2021-10-21 15:09:21,771:INFO: State.WAIT_FOR_WATER
2021-10-21 15:09:21,772:INFO: BT1   BT2   TT1   TT2   AT    X    Y    Z     BP1   BP2   TP1   TP2   HP      AP      PD   PC     HL EL BF SF   PF   BV     rpm             State          MissionState Setpoint Error Depth 
2021-10-21 15:09:21,773:INFO: 25.12 24.58 24.52 24.59 24.25 0.00 0.00 -0.00 11.16 11.40 10.10 10.36 1579.66 6451.20 1.52 100.00 0  0  0  None None 582.84 Buffering (0/1) WAIT_FOR_WATER IDLE         30.00    30.00 -0.00 
2021-10-21 15:09:21,774:INFO: Waiting for water
2021-10-21 15:09:21,774:INFO: 4/10 secs
2021-10-21 15:09:21,783:ERROR: unknown header: LC:32.00
2021-10-21 15:09:22,282:INFO: State.WAIT_FOR_WATER
2021-10-21 15:09:22,283:INFO: BT1   BT2   TT1   TT2   AT    X    Y    Z    BP1   BP2   TP1   TP2   HP      AP      PD   PC     HL EL BF SF   PF   BV     rpm             State          MissionState Setpoint Error Depth 
2021-10-21 15:09:22,284:INFO: 25.12 24.57 24.52 24.59 24.25 0.00 0.00 0.00 11.16 11.40 10.10 10.36 1579.82 6451.04 1.52 100.00 0  0  0  None None 582.74 Buffering (0/1) WAIT_FOR_WATER IDLE         30.00    30.00 -0.00 
2021-10-21 15:09:22,285:INFO: Waiting for water
2021-10-21 15:09:22,285:INFO: 4/10 secs
2021-10-21 15:09:22,312:ERROR: unknown header: LC:33.00
2021-10-21 15:09:22,811:INFO: State.WAIT_FOR_WATER
2021-10-21 15:09:22,812:INFO: BT1   BT2   TT1   TT2   AT    X    Y    Z    BP1   BP2   TP1   TP2   HP      AP      PD   PC     HL EL BF SF   PF   BV     rpm             State          MissionState Setpoint Error Depth 
2021-10-21 15:09:22,813:INFO: 25.12 24.58 24.52 24.59 24.25 0.00 0.00 0.00 11.16 11.40 10.10 10.36 1579.82 6450.92 1.53 100.00 0  0  0  None None 582.95 Buffering (0/1) WAIT_FOR_WATER IDLE         30.00    30.00 -0.00 
2021-10-21 15:09:22,814:INFO: Waiting for water
2021-10-21 15:09:22,814:INFO: 5/10 secs
2021-10-21 15:09:22,824:ERROR: unknown header: LC:34.00
2021-10-21 15:09:23,323:INFO: State.WAIT_FOR_WATER
2021-10-21 15:09:23,324:INFO: BT1   BT2   TT1   TT2   AT    X     Y     Z    BP1   BP2   TP1   TP2   HP      AP      PD   PC     HL EL BF SF   PF   BV     rpm             State          MissionState Setpoint Error Depth 
2021-10-21 15:09:23,325:INFO: 25.12 24.58 24.52 24.59 24.25 -0.01 -0.01 0.00 11.16 11.40 10.10 10.36 1580.10 6450.74 1.53 100.00 0  0  0  None None 583.03 Buffering (0/1) WAIT_FOR_WATER IDLE         30.00    30.00 -0.00 
2021-10-21 15:09:23,326:INFO: Waiting for water
2021-10-21 15:09:23,327:INFO: 5/10 secs
2021-10-21 15:09:23,349:ERROR: unknown header: LC:35.00
2021-10-21 15:09:23,849:INFO: State.WAIT_FOR_WATER
2021-10-21 15:09:23,851:INFO: BT1   BT2   TT1   TT2   AT    X     Y     Z    BP1   BP2   TP1   TP2   HP      AP      PD   PC     HL EL BF SF   PF   BV     rpm             State          MissionState Setpoint Error Depth 
2021-10-21 15:09:23,852:INFO: 25.12 24.58 24.52 24.59 24.25 -0.01 -0.01 0.00 11.16 11.40 10.10 10.36 1580.20 6450.66 1.52 100.00 0  0  0  None None 582.93 Buffering (0/1) WAIT_FOR_WATER IDLE         30.00    30.00 -0.00 
2021-10-21 15:09:23,853:INFO: Waiting for water
2021-10-21 15:09:23,853:INFO: 6/10 secs
2021-10-21 15:09:23,863:ERROR: unknown header: LC:36.00
2021-10-21 15:09:24,359:INFO: State.WAIT_FOR_WATER
2021-10-21 15:09:24,360:INFO: BT1   BT2   TT1   TT2   AT    X     Y     Z     BP1   BP2   TP1   TP2   HP      AP      PD   PC     HL EL BF SF   PF   BV     rpm             State          MissionState Setpoint Error Depth 
2021-10-21 15:09:24,361:INFO: 25.13 24.58 24.52 24.59 24.24 -0.01 -0.01 -0.01 11.16 11.40 10.10 10.36 1580.30 6450.54 1.52 100.00 0  0  0  None None 582.93 Buffering (0/1) WAIT_FOR_WATER IDLE         30.00    30.00 -0.00 
2021-10-21 15:09:24,361:INFO: Waiting for water
2021-10-21 15:09:24,362:INFO: 6/10 secs
2021-10-21 15:09:24,389:ERROR: unknown header: LC:37.00
2021-10-21 15:09:24,888:INFO: State.WAIT_FOR_WATER
2021-10-21 15:09:24,889:INFO: BT1   BT2   TT1   TT2   AT    X     Y     Z     BP1   BP2   TP1   TP2   HP      AP      PD   PC     HL EL BF SF   PF   BV     rpm             State          MissionState Setpoint Error Depth 
2021-10-21 15:09:24,890:INFO: 25.13 24.57 24.52 24.59 24.25 -0.01 -0.01 -0.01 11.16 11.40 10.10 10.36 1580.40 6450.22 1.52 100.00 0  0  0  None None 583.12 Buffering (0/1) WAIT_FOR_WATER IDLE         30.00    30.00 -0.00 
2021-10-21 15:09:24,890:INFO: Waiting for water
2021-10-21 15:09:24,891:INFO: 7/10 secs
2021-10-21 15:09:24,900:ERROR: unknown header: LC:38.00
2021-10-21 15:09:25,400:INFO: State.WAIT_FOR_WATER
2021-10-21 15:09:25,401:INFO: BT1   BT2   TT1   TT2   AT    X     Y     Z     BP1   BP2   TP1   TP2   HP      AP      PD   PC     HL EL BF SF   PF   BV     rpm             State          MissionState Setpoint Error Depth 
2021-10-21 15:09:25,402:INFO: 25.12 24.57 24.52 24.59 24.25 -0.02 -0.01 -0.00 11.16 11.40 10.10 10.36 1580.36 6450.04 1.52 100.00 0  0  0  None None 583.14 Buffering (0/1) WAIT_FOR_WATER IDLE         30.00    30.00 -0.00 
2021-10-21 15:09:25,402:INFO: Waiting for water
2021-10-21 15:09:25,403:INFO: 7/10 secs
2021-10-21 15:09:25,428:ERROR: unknown header: LC:39.00
2021-10-21 15:09:25,927:INFO: State.WAIT_FOR_WATER
2021-10-21 15:09:25,929:INFO: BT1   BT2   TT1   TT2   AT    X     Y     Z     BP1   BP2   TP1   TP2   HP      AP      PD   PC     HL EL BF SF   PF   BV     rpm             State          MissionState Setpoint Error Depth 
2021-10-21 15:09:25,930:INFO: 25.12 24.57 24.52 24.59 24.25 -0.02 -0.01 -0.00 11.16 11.40 10.10 10.36 1580.24 6450.02 1.52 100.00 0  0  0  None None 583.05 Buffering (0/1) WAIT_FOR_WATER IDLE         30.00    30.00 -0.00 
2021-10-21 15:09:25,930:INFO: Waiting for water
2021-10-21 15:09:25,931:INFO: 8/10 secs
2021-10-21 15:09:25,940:ERROR: unknown header: LC:40.00
2021-10-21 15:09:26,439:INFO: State.WAIT_FOR_WATER
2021-10-21 15:09:26,441:INFO: BT1   BT2   TT1   TT2   AT    X     Y     Z    BP1   BP2   TP1   TP2   HP      AP      PD   PC     HL EL BF SF   PF   BV     rpm             State          MissionState Setpoint Error Depth 
2021-10-21 15:09:26,442:INFO: 25.12 24.57 24.52 24.60 24.25 -0.02 -0.01 0.00 11.16 11.40 10.10 10.36 1580.22 6449.82 1.52 100.00 0  0  0  None None 583.18 Buffering (0/1) WAIT_FOR_WATER IDLE         30.00    30.00 -0.00 
2021-10-21 15:09:26,442:INFO: Waiting for water
2021-10-21 15:09:26,443:INFO: 8/10 secs
2021-10-21 15:09:26,471:ERROR: unknown header: LC:41.00
2021-10-21 15:09:26,971:INFO: State.WAIT_FOR_WATER
2021-10-21 15:09:26,972:INFO: BT1   BT2   TT1   TT2   AT    X     Y     Z    BP1   BP2   TP1   TP2   HP      AP      PD   PC     HL EL BF SF   PF   BV     rpm             State          MissionState Setpoint Error Depth 
2021-10-21 15:09:26,973:INFO: 25.12 24.57 24.53 24.60 24.25 -0.02 -0.01 0.00 11.16 11.40 10.10 10.36 1580.26 6449.76 1.52 100.00 0  0  0  None None 582.99 Buffering (0/1) WAIT_FOR_WATER IDLE         30.00    30.00 -0.00 
2021-10-21 15:09:26,974:INFO: Waiting for water
2021-10-21 15:09:26,975:INFO: 9/10 secs
2021-10-21 15:09:26,984:ERROR: unknown header: LC:42.00
2021-10-21 15:09:27,482:INFO: State.WAIT_FOR_WATER
2021-10-21 15:09:27,484:INFO: BT1   BT2   TT1   TT2   AT    X     Y     Z     BP1   BP2   TP1   TP2   HP      AP      PD   PC     HL EL BF SF   PF   BV     rpm             State          MissionState Setpoint Error Depth 
2021-10-21 15:09:27,485:INFO: 25.12 24.58 24.53 24.60 24.25 -0.02 -0.01 -0.00 11.16 11.40 10.10 10.36 1580.24 6449.76 1.52 100.00 0  0  0  None None 583.12 Buffering (0/1) WAIT_FOR_WATER IDLE         30.00    30.00 -0.00 
2021-10-21 15:09:27,486:INFO: Waiting for water
2021-10-21 15:09:27,486:INFO: 9/10 secs
2021-10-21 15:09:27,511:ERROR: unknown header: LC:43.00
2021-10-21 15:09:28,011:INFO: State.WAIT_FOR_WATER
2021-10-21 15:09:28,013:INFO: BT1   BT2   TT1   TT2   AT    X     Y     Z     BP1   BP2   TP1   TP2   HP      AP      PD   PC     HL EL BF SF   PF   BV     rpm             State          MissionState Setpoint Error Depth 
2021-10-21 15:09:28,014:INFO: 25.12 24.58 24.53 24.60 24.25 -0.02 -0.01 -0.00 11.16 11.40 10.10 10.36 1580.42 6449.74 1.52 100.00 0  0  0  None None 583.16 Buffering (0/1) WAIT_FOR_WATER IDLE         30.00    30.00 -0.00 
2021-10-21 15:09:28,014:INFO: Waiting for water
2021-10-21 15:09:28,015:INFO: 10/10 secs
2021-10-21 15:09:28,025:ERROR: unknown header: LC:44.00
2021-10-21 15:09:28,520:INFO: State.WAIT_FOR_WATER
2021-10-21 15:09:28,521:INFO: BT1   BT2   TT1   TT2   AT    X     Y     Z    BP1   BP2   TP1   TP2   HP      AP      PD   PC     HL EL BF SF   PF   BV     rpm             State          MissionState Setpoint Error Depth 
2021-10-21 15:09:28,522:INFO: 25.13 24.59 24.53 24.60 24.25 -0.02 -0.00 0.00 11.16 11.40 10.10 10.36 1580.46 6449.56 1.52 100.00 0  0  0  None None 583.24 Buffering (0/1) WAIT_FOR_WATER IDLE         30.00    30.00 -0.00 
2021-10-21 15:09:28,523:INFO: Done waiting for water
2021-10-21 15:09:28,550:ERROR: unknown header: LC:45.00
2021-10-21 15:09:29,049:INFO: State.EXEC_TASK
2021-10-21 15:09:29,050:INFO: BT1   BT2   TT1   TT2   AT    X     Y     Z    BP1   BP2   TP1   TP2   HP      AP      PD   PC     HL EL BF SF   PF   BV     rpm             State     MissionState Setpoint Error Depth 
2021-10-21 15:09:29,051:INFO: 25.13 24.59 24.53 24.60 24.25 -0.02 -0.00 0.00 11.16 11.40 10.10 10.36 1580.64 6449.40 1.52 100.00 0  0  0  None None 583.35 Buffering (0/1) EXEC_TASK IDLE         30.00    30.00 -0.00 
2021-10-21 15:09:29,052:INFO: attemting to start a new dutycycle
2021-10-21 15:09:29,053:ERROR: error in HP sensor value: 1580.64 is out of bound!
2021-10-21 15:09:29,054:ERROR: error in AP sensor value: 6449.4 is out of bound!
2021-10-21 15:09:29,056:INFO: scalar = self.p*self.kp - self.d*self.kd + self.i*self.ki
2021-10-21 15:09:29,057:INFO: 300.025 = 30.002499999999998*10 - 0*0 + 0*0
2021-10-21 15:09:29,058:INFO: sending PID - Voltage:100    direction:1    timeOn:2.0  timeOff:0.5
2021-10-21 15:09:29,070:ERROR: unknown header: LC:46.00
2021-10-21 15:09:29,143:ERROR: unknown header: V:100.00
2021-10-21 15:09:29,145:ERROR: unknown header: D:1.00
2021-10-21 15:09:29,148:ERROR: unknown header: T:2.00
2021-10-21 15:09:29,217:INFO: State.EXEC_TASK
2021-10-21 15:09:29,218:INFO: BT1   BT2   TT1   TT2   AT    X     Y     Z    BP1   BP2   TP1   TP2   HP      AP      PD   PC     HL EL BF SF   PF   BV     rpm             State     MissionState Setpoint Error Depth 
2021-10-21 15:09:29,219:INFO: 25.13 24.59 24.53 24.60 24.25 -0.01 -0.00 0.00 11.16 11.40 10.10 10.36 1580.64 6449.16 1.52 100.00 0  0  0  None None 583.29 Buffering (0/1) EXEC_TASK IDLE         30.00    30.00 -0.00 
2021-10-21 15:09:29,221:ERROR: error in HP sensor value: 1580.64 is out of bound!
2021-10-21 15:09:29,222:ERROR: error in AP sensor value: 6449.16 is out of bound!
2021-10-21 15:09:29,222:INFO: pump is running...
2021-10-21 15:09:29,977:INFO: pump turned on
2021-10-21 15:09:30,311:INFO: State.EXEC_TASK
2021-10-21 15:09:30,312:INFO: BV     rpm     
2021-10-21 15:09:30,313:INFO: 574.51 3281.00 
2021-10-21 15:09:30,314:ERROR: error in HP sensor value: 1580.64 is out of bound!
2021-10-21 15:09:30,315:ERROR: error in AP sensor value: 6457.36 is out of bound!
2021-10-21 15:09:30,316:INFO: pump is running...
2021-10-21 15:09:30,393:INFO: State.EXEC_TASK
2021-10-21 15:09:30,394:INFO: BV     rpm     
2021-10-21 15:09:30,395:INFO: 572.84 3416.00 
2021-10-21 15:09:30,396:ERROR: error in HP sensor value: 1580.64 is out of bound!
2021-10-21 15:09:30,397:ERROR: error in AP sensor value: 6467.2 is out of bound!
2021-10-21 15:09:30,398:INFO: pump is running...
2021-10-21 15:09:30,474:INFO: State.EXEC_TASK
2021-10-21 15:09:30,475:INFO: BV     rpm     
2021-10-21 15:09:30,476:INFO: 570.91 3859.00 
2021-10-21 15:09:30,477:ERROR: error in HP sensor value: 1580.64 is out of bound!
2021-10-21 15:09:30,478:ERROR: error in AP sensor value: 6478.98 is out of bound!
2021-10-21 15:09:30,479:INFO: pump is running...
2021-10-21 15:09:30,555:INFO: State.EXEC_TASK
2021-10-21 15:09:30,556:INFO: BV     rpm     
2021-10-21 15:09:30,557:INFO: 569.10 4291.00 
2021-10-21 15:09:30,557:ERROR: error in HP sensor value: 1580.64 is out of bound!
2021-10-21 15:09:30,559:ERROR: error in AP sensor value: 6492.6 is out of bound!
2021-10-21 15:09:30,560:INFO: pump is running...
2021-10-21 15:09:30,633:INFO: State.EXEC_TASK
2021-10-21 15:09:30,635:INFO: BV     rpm     
2021-10-21 15:09:30,636:INFO: 567.01 4551.00 
2021-10-21 15:09:30,637:ERROR: error in HP sensor value: 1580.64 is out of bound!
2021-10-21 15:09:30,638:ERROR: error in AP sensor value: 6508.22 is out of bound!
2021-10-21 15:09:30,639:INFO: pump is running...
2021-10-21 15:09:30,712:INFO: State.EXEC_TASK
2021-10-21 15:09:30,713:INFO: BV     rpm     
2021-10-21 15:09:30,714:INFO: 564.75 4564.00 
2021-10-21 15:09:30,715:ERROR: error in HP sensor value: 1580.64 is out of bound!
2021-10-21 15:09:30,716:ERROR: error in AP sensor value: 6517.68 is out of bound!
2021-10-21 15:09:30,717:INFO: pump is running...
2021-10-21 15:09:30,794:INFO: State.EXEC_TASK
2021-10-21 15:09:30,795:INFO: BV     rpm     
2021-10-21 15:09:30,796:INFO: 562.38 4948.00 
2021-10-21 15:09:30,797:ERROR: error in HP sensor value: 1580.64 is out of bound!
2021-10-21 15:09:30,798:ERROR: error in AP sensor value: 6527.84 is out of bound!
2021-10-21 15:09:30,799:INFO: pump is running...
2021-10-21 15:09:30,872:INFO: State.EXEC_TASK
2021-10-21 15:09:30,873:INFO: BV     rpm     
2021-10-21 15:09:30,874:INFO: 560.11 5402.00 
2021-10-21 15:09:30,875:ERROR: error in HP sensor value: 1580.64 is out of bound!
2021-10-21 15:09:30,876:ERROR: error in AP sensor value: 6538.36 is out of bound!
2021-10-21 15:09:30,877:INFO: pump is running...
2021-10-21 15:09:30,949:INFO: State.EXEC_TASK
2021-10-21 15:09:30,950:INFO: BV     rpm     
2021-10-21 15:09:30,951:INFO: 557.52 5659.00 
2021-10-21 15:09:30,952:ERROR: error in HP sensor value: 1580.64 is out of bound!
2021-10-21 15:09:30,953:ERROR: error in AP sensor value: 6549.68 is out of bound!
2021-10-21 15:09:30,954:INFO: pump is running...
2021-10-21 15:09:31,028:INFO: State.EXEC_TASK
2021-10-21 15:09:31,029:INFO: BV     rpm     
2021-10-21 15:09:31,030:INFO: 555.03 5747.00 
2021-10-21 15:09:31,031:ERROR: error in HP sensor value: 1580.64 is out of bound!
2021-10-21 15:09:31,032:ERROR: error in AP sensor value: 6561.4 is out of bound!
2021-10-21 15:09:31,033:INFO: pump is running...
2021-10-21 15:09:31,105:INFO: State.EXEC_TASK
2021-10-21 15:09:31,106:INFO: BV     rpm     
2021-10-21 15:09:31,107:INFO: 552.70 5675.00 
2021-10-21 15:09:31,108:ERROR: error in HP sensor value: 1580.64 is out of bound!
2021-10-21 15:09:31,109:ERROR: error in AP sensor value: 6573.22 is out of bound!
2021-10-21 15:09:31,110:INFO: pump is running...
2021-10-21 15:09:31,183:INFO: State.EXEC_TASK
2021-10-21 15:09:31,184:INFO: BV     rpm     
2021-10-21 15:09:31,185:INFO: 550.02 5595.00 
2021-10-21 15:09:31,185:ERROR: error in HP sensor value: 1580.64 is out of bound!
2021-10-21 15:09:31,186:ERROR: error in AP sensor value: 6585.44 is out of bound!
2021-10-21 15:09:31,187:INFO: pump is running...
2021-10-21 15:09:31,263:INFO: State.EXEC_TASK
2021-10-21 15:09:31,264:INFO: BV     rpm     
2021-10-21 15:09:31,265:INFO: 547.37 5540.00 
2021-10-21 15:09:31,266:ERROR: error in HP sensor value: 1580.64 is out of bound!
2021-10-21 15:09:31,268:ERROR: error in AP sensor value: 6598.08 is out of bound!
2021-10-21 15:09:31,269:INFO: pump is running...
2021-10-21 15:09:31,341:INFO: State.EXEC_TASK
2021-10-21 15:09:31,342:INFO: BV     rpm     
2021-10-21 15:09:31,343:INFO: 544.95 5820.00 
2021-10-21 15:09:31,343:ERROR: error in HP sensor value: 1580.64 is out of bound!
2021-10-21 15:09:31,344:ERROR: error in AP sensor value: 6610.6 is out of bound!
2021-10-21 15:09:31,345:INFO: pump is running...
2021-10-21 15:09:31,420:INFO: State.EXEC_TASK
2021-10-21 15:09:31,421:INFO: BV     rpm     
2021-10-21 15:09:31,422:INFO: 542.55 5549.00 
2021-10-21 15:09:31,423:ERROR: error in HP sensor value: 1580.64 is out of bound!
2021-10-21 15:09:31,424:ERROR: error in AP sensor value: 6623.1 is out of bound!
2021-10-21 15:09:31,425:INFO: pump is running...
2021-10-21 15:09:31,498:INFO: State.EXEC_TASK
2021-10-21 15:09:31,499:INFO: BV     rpm     
2021-10-21 15:09:31,500:INFO: 539.89 5608.00 
2021-10-21 15:09:31,501:ERROR: error in HP sensor value: 1580.64 is out of bound!
2021-10-21 15:09:31,502:ERROR: error in AP sensor value: 6635.98 is out of bound!
2021-10-21 15:09:31,502:INFO: pump is running...
2021-10-21 15:09:31,575:INFO: State.EXEC_TASK
2021-10-21 15:09:31,576:INFO: BV     rpm     
2021-10-21 15:09:31,577:INFO: 537.38 5659.00 
2021-10-21 15:09:31,578:ERROR: error in HP sensor value: 1580.64 is out of bound!
2021-10-21 15:09:31,579:ERROR: error in AP sensor value: 6648.7 is out of bound!
2021-10-21 15:09:31,580:INFO: pump is running...
2021-10-21 15:09:31,657:INFO: State.EXEC_TASK
2021-10-21 15:09:31,658:INFO: BV     rpm     
2021-10-21 15:09:31,659:INFO: 534.64 5630.00 
2021-10-21 15:09:31,660:ERROR: error in HP sensor value: 1580.64 is out of bound!
2021-10-21 15:09:31,661:ERROR: error in AP sensor value: 6661.56 is out of bound!
2021-10-21 15:09:31,662:INFO: pump is running...
2021-10-21 15:09:31,737:INFO: State.EXEC_TASK
2021-10-21 15:09:31,738:INFO: BV     rpm     
2021-10-21 15:09:31,739:INFO: 532.27 5540.00 
2021-10-21 15:09:31,740:ERROR: error in HP sensor value: 1580.64 is out of bound!
2021-10-21 15:09:31,741:ERROR: error in AP sensor value: 6674.46 is out of bound!
2021-10-21 15:09:31,742:INFO: pump is running...
2021-10-21 15:09:31,815:INFO: State.EXEC_TASK
2021-10-21 15:09:31,816:INFO: BV     rpm     
2021-10-21 15:09:31,817:INFO: 529.83 5675.00 
2021-10-21 15:09:31,818:ERROR: error in HP sensor value: 1580.64 is out of bound!
2021-10-21 15:09:31,819:ERROR: error in AP sensor value: 6687.42 is out of bound!
2021-10-21 15:09:31,820:INFO: pump is running...
2021-10-21 15:09:31,891:INFO: State.EXEC_TASK
2021-10-21 15:09:31,893:INFO: BV     rpm     
2021-10-21 15:09:31,894:INFO: 527.24 5646.00 
2021-10-21 15:09:31,895:ERROR: error in HP sensor value: 1580.64 is out of bound!
2021-10-21 15:09:31,897:ERROR: error in AP sensor value: 6700.36 is out of bound!
2021-10-21 15:09:31,898:INFO: pump is running...
2021-10-21 15:09:31,971:INFO: State.EXEC_TASK
2021-10-21 15:09:31,973:INFO: BV     rpm     
2021-10-21 15:09:31,974:INFO: 524.90 5733.00 
2021-10-21 15:09:31,975:ERROR: error in HP sensor value: 1580.64 is out of bound!
2021-10-21 15:09:31,976:ERROR: error in AP sensor value: 6713.2 is out of bound!
2021-10-21 15:09:31,977:INFO: pump is running...
2021-10-21 15:09:31,981:INFO: Pump turned off. Starting timeOff timer.
2021-10-21 15:09:32,592:INFO: State.EXEC_TASK
2021-10-21 15:09:32,594:INFO: BT1   BT2   TT1   TT2   AT    X     Y     Z    BP1   BP2   TP1   TP2   HP      AP      PD   PC     HL EL BF SF   PF BV     rpm  State     MissionState Setpoint Error Depth 
2021-10-21 15:09:32,595:INFO: 25.13 24.59 24.53 24.60 24.29 -0.01 -0.00 0.00 11.16 11.40 10.11 10.37 1531.50 6724.14 1.52 100.00 0  0  0  None 0  524.09 0.00 EXEC_TASK IDLE         30.00    30.00 -0.00 
2021-10-21 15:09:32,596:ERROR: error in HP sensor value: 1531.5 is out of bound!
2021-10-21 15:09:32,597:ERROR: error in AP sensor value: 6724.14 is out of bound!
2021-10-21 15:09:32,598:INFO: waiting for timeOff to finish 0.62 of 0.5
2021-10-21 15:09:32,599:INFO: timeOff is over
2021-10-21 15:09:32,609:ERROR: unknown header: LC:47.00
2021-10-21 15:09:33,108:INFO: State.EXEC_TASK
2021-10-21 15:09:33,110:INFO: BT1   BT2   TT1   TT2   AT    X     Y     Z     BP1   BP2   TP1   TP2   HP      AP      PD   PC     HL EL BF SF   PF BV     rpm  State     MissionState Setpoint Error Depth 
2021-10-21 15:09:33,111:INFO: 25.12 24.58 24.53 24.60 24.30 -0.01 -0.01 -0.00 11.16 11.41 10.11 10.37 1485.16 6732.10 1.52 100.00 0  0  0  None 0  524.67 0.00 EXEC_TASK IDLE         30.00    30.00 0.00  
2021-10-21 15:09:33,112:INFO: attemting to start a new dutycycle
2021-10-21 15:09:33,114:ERROR: error in HP sensor value: 1485.16 is out of bound!
2021-10-21 15:09:33,115:ERROR: error in AP sensor value: 6732.1 is out of bound!
2021-10-21 15:09:33,116:INFO: scalar = self.p*self.kp - self.d*self.kd + self.i*self.ki
2021-10-21 15:09:33,117:INFO: 299.95 = 29.995*10 - 0.0018471457486423416*0 + 50*0
2021-10-21 15:09:33,118:INFO: sending PID - Voltage:100    direction:1    timeOn:2.0  timeOff:0.5
2021-10-21 15:09:33,130:ERROR: unknown header: LC:48.00
2021-10-21 15:09:33,203:ERROR: unknown header: V:100.00
2021-10-21 15:09:33,206:ERROR: unknown header: D:1.00
2021-10-21 15:09:33,209:ERROR: unknown header: T:2.00
2021-10-21 15:09:33,276:INFO: State.EXEC_TASK
2021-10-21 15:09:33,278:INFO: BT1   BT2   TT1   TT2   AT    X     Y     Z     BP1   BP2   TP1   TP2   HP      AP      PD   PC     HL EL BF SF   PF BV     rpm  State     MissionState Setpoint Error Depth 
2021-10-21 15:09:33,279:INFO: 25.12 24.58 24.53 24.60 24.31 -0.01 -0.00 -0.01 11.16 11.41 10.11 10.37 1485.16 6737.24 1.52 100.00 0  0  0  None 0  525.02 0.00 EXEC_TASK IDLE         30.00    30.00 0.00  
2021-10-21 15:09:33,280:ERROR: error in HP sensor value: 1485.16 is out of bound!
2021-10-21 15:09:33,282:ERROR: error in AP sensor value: 6737.24 is out of bound!
2021-10-21 15:09:33,283:INFO: waiting for pump to start
2021-10-21 15:09:34,040:INFO: pump turned on
2021-10-21 15:09:34,374:INFO: State.EXEC_TASK
2021-10-21 15:09:34,376:INFO: BV     rpm     
2021-10-21 15:09:34,377:INFO: 517.45 3188.00 
2021-10-21 15:09:34,378:ERROR: error in HP sensor value: 1485.16 is out of bound!
2021-10-21 15:09:34,379:ERROR: error in AP sensor value: 6747.7 is out of bound!
2021-10-21 15:09:34,380:INFO: pump is running...
2021-10-21 15:09:34,455:INFO: State.EXEC_TASK
2021-10-21 15:09:34,457:INFO: BV     rpm     
2021-10-21 15:09:34,458:INFO: 515.90 3505.00 
2021-10-21 15:09:34,459:ERROR: error in HP sensor value: 1485.16 is out of bound!
2021-10-21 15:09:34,460:ERROR: error in AP sensor value: 6757.34 is out of bound!
2021-10-21 15:09:34,461:INFO: pump is running...
2021-10-21 15:09:34,536:INFO: State.EXEC_TASK
2021-10-21 15:09:34,538:INFO: BV     rpm     
2021-10-21 15:09:34,539:INFO: 514.05 3669.00 
2021-10-21 15:09:34,540:ERROR: error in HP sensor value: 1485.16 is out of bound!
2021-10-21 15:09:34,541:ERROR: error in AP sensor value: 6768.08 is out of bound!
2021-10-21 15:09:34,542:INFO: pump is running...
2021-10-21 15:09:34,616:INFO: State.EXEC_TASK
2021-10-21 15:09:34,617:INFO: BV     rpm     
2021-10-21 15:09:34,618:INFO: 512.37 4180.00 
2021-10-21 15:09:34,619:ERROR: error in HP sensor value: 1485.16 is out of bound!
2021-10-21 15:09:34,620:ERROR: error in AP sensor value: 6781.1 is out of bound!
2021-10-21 15:09:34,621:INFO: pump is running...
2021-10-21 15:09:34,693:INFO: State.EXEC_TASK
2021-10-21 15:09:34,694:INFO: BV     rpm     
2021-10-21 15:09:34,695:INFO: 510.36 4458.00 
2021-10-21 15:09:34,696:ERROR: error in HP sensor value: 1485.16 is out of bound!
2021-10-21 15:09:34,698:ERROR: error in AP sensor value: 6796.6 is out of bound!
2021-10-21 15:09:34,698:INFO: pump is running...
2021-10-21 15:09:34,774:INFO: State.EXEC_TASK
2021-10-21 15:09:34,775:INFO: BV     rpm     
2021-10-21 15:09:34,776:INFO: 508.40 4683.00 
2021-10-21 15:09:34,777:ERROR: error in HP sensor value: 1485.16 is out of bound!
2021-10-21 15:09:34,778:ERROR: error in AP sensor value: 6806.2 is out of bound!
2021-10-21 15:09:34,779:INFO: pump is running...
2021-10-21 15:09:34,853:INFO: State.EXEC_TASK
2021-10-21 15:09:34,854:INFO: BV     rpm     
2021-10-21 15:09:34,855:INFO: 506.15 5078.00 
2021-10-21 15:09:34,857:ERROR: error in HP sensor value: 1485.16 is out of bound!
2021-10-21 15:09:34,858:ERROR: error in AP sensor value: 6816.6 is out of bound!
2021-10-21 15:09:34,858:INFO: pump is running...
2021-10-21 15:09:34,932:INFO: State.EXEC_TASK
2021-10-21 15:09:34,933:INFO: BV     rpm     
2021-10-21 15:09:34,935:INFO: 503.94 5211.00 
2021-10-21 15:09:34,936:ERROR: error in HP sensor value: 1485.16 is out of bound!
2021-10-21 15:09:34,938:ERROR: error in AP sensor value: 6827.34 is out of bound!
2021-10-21 15:09:34,939:INFO: pump is running...
2021-10-21 15:09:35,008:INFO: State.EXEC_TASK
2021-10-21 15:09:35,010:INFO: BV     rpm     
2021-10-21 15:09:35,011:INFO: 501.49 5583.00 
2021-10-21 15:09:35,012:ERROR: error in HP sensor value: 1485.16 is out of bound!
2021-10-21 15:09:35,013:ERROR: error in AP sensor value: 6839.02 is out of bound!
2021-10-21 15:09:35,014:INFO: pump is running...
2021-10-21 15:09:35,087:INFO: State.EXEC_TASK
2021-10-21 15:09:35,088:INFO: BV     rpm     
2021-10-21 15:09:35,089:INFO: 499.05 5512.00 
2021-10-21 15:09:35,090:ERROR: error in HP sensor value: 1485.16 is out of bound!
2021-10-21 15:09:35,091:ERROR: error in AP sensor value: 6851.12 is out of bound!
2021-10-21 15:09:35,092:INFO: pump is running...
2021-10-21 15:09:35,166:INFO: State.EXEC_TASK
2021-10-21 15:09:35,167:INFO: BV     rpm     
2021-10-21 15:09:35,168:INFO: 496.80 5611.00 
2021-10-21 15:09:35,169:ERROR: error in HP sensor value: 1485.16 is out of bound!
2021-10-21 15:09:35,170:ERROR: error in AP sensor value: 6863.64 is out of bound!
2021-10-21 15:09:35,171:INFO: pump is running...
2021-10-21 15:09:35,248:INFO: State.EXEC_TASK
2021-10-21 15:09:35,248:INFO: BV     rpm     
2021-10-21 15:09:35,249:INFO: 494.32 5820.00 
2021-10-21 15:09:35,250:ERROR: error in HP sensor value: 1485.16 is out of bound!
2021-10-21 15:09:35,250:ERROR: error in AP sensor value: 6876.42 is out of bound!
2021-10-21 15:09:35,251:INFO: pump is running...
2021-10-21 15:09:35,323:INFO: State.EXEC_TASK
2021-10-21 15:09:35,324:INFO: BV     rpm     
2021-10-21 15:09:35,325:INFO: 491.83 5571.00 
2021-10-21 15:09:35,326:ERROR: error in HP sensor value: 1485.16 is out of bound!
2021-10-21 15:09:35,327:ERROR: error in AP sensor value: 6889.62 is out of bound!
2021-10-21 15:09:35,328:INFO: pump is running...
2021-10-21 15:09:35,400:INFO: State.EXEC_TASK
2021-10-21 15:09:35,401:INFO: BV     rpm     
2021-10-21 15:09:35,402:INFO: 489.43 5882.00 
2021-10-21 15:09:35,403:ERROR: error in HP sensor value: 1485.16 is out of bound!
2021-10-21 15:09:35,404:ERROR: error in AP sensor value: 6902.74 is out of bound!
2021-10-21 15:09:35,405:INFO: pump is running...
2021-10-21 15:09:35,479:INFO: State.EXEC_TASK
2021-10-21 15:09:35,480:INFO: BV     rpm     
2021-10-21 15:09:35,481:INFO: 487.01 5630.00 
2021-10-21 15:09:35,482:ERROR: error in HP sensor value: 1485.16 is out of bound!
2021-10-21 15:09:35,483:ERROR: error in AP sensor value: 6915.92 is out of bound!
2021-10-21 15:09:35,484:INFO: pump is running...
2021-10-21 15:09:35,557:INFO: State.EXEC_TASK
2021-10-21 15:09:35,559:INFO: BV     rpm     
2021-10-21 15:09:35,560:INFO: 484.43 5733.00 
2021-10-21 15:09:35,560:ERROR: error in HP sensor value: 1485.16 is out of bound!
2021-10-21 15:09:35,561:ERROR: error in AP sensor value: 6929.48 is out of bound!
2021-10-21 15:09:35,562:INFO: pump is running...
2021-10-21 15:09:35,637:INFO: State.EXEC_TASK
2021-10-21 15:09:35,638:INFO: BV     rpm     
2021-10-21 15:09:35,639:INFO: 482.14 5574.00 
2021-10-21 15:09:35,640:ERROR: error in HP sensor value: 1485.16 is out of bound!
2021-10-21 15:09:35,641:ERROR: error in AP sensor value: 6942.92 is out of bound!
2021-10-21 15:09:35,642:INFO: pump is running...
2021-10-21 15:09:35,714:INFO: State.EXEC_TASK
2021-10-21 15:09:35,716:INFO: BV     rpm     
2021-10-21 15:09:35,716:INFO: 479.85 5763.00 
2021-10-21 15:09:35,717:ERROR: error in HP sensor value: 1485.16 is out of bound!
2021-10-21 15:09:35,718:ERROR: error in AP sensor value: 6956.2 is out of bound!
2021-10-21 15:09:35,719:INFO: pump is running...
2021-10-21 15:09:35,795:INFO: State.EXEC_TASK
2021-10-21 15:09:35,796:INFO: BV     rpm     
2021-10-21 15:09:35,797:INFO: 477.33 5668.00 
2021-10-21 15:09:35,798:ERROR: error in HP sensor value: 1485.16 is out of bound!
2021-10-21 15:09:35,799:ERROR: error in AP sensor value: 6969.66 is out of bound!
2021-10-21 15:09:35,800:INFO: pump is running...
2021-10-21 15:09:35,872:INFO: State.EXEC_TASK
2021-10-21 15:09:35,873:INFO: BV     rpm     
2021-10-21 15:09:35,874:INFO: 474.83 5652.00 
2021-10-21 15:09:35,875:ERROR: error in HP sensor value: 1485.16 is out of bound!
2021-10-21 15:09:35,876:ERROR: error in AP sensor value: 6983.3 is out of bound!
2021-10-21 15:09:35,877:INFO: pump is running...
2021-10-21 15:09:35,950:INFO: State.EXEC_TASK
2021-10-21 15:09:35,952:INFO: BV     rpm     
2021-10-21 15:09:35,952:INFO: 472.73 5875.00 
2021-10-21 15:09:35,953:ERROR: error in HP sensor value: 1485.16 is out of bound!
2021-10-21 15:09:35,954:ERROR: error in AP sensor value: 6996.5 is out of bound!
2021-10-21 15:09:35,955:INFO: pump is running...
2021-10-21 15:09:36,028:INFO: State.EXEC_TASK
2021-10-21 15:09:36,029:INFO: BV     rpm     
2021-10-21 15:09:36,029:INFO: 470.39 5630.00 
2021-10-21 15:09:36,030:ERROR: error in HP sensor value: 1485.16 is out of bound!
2021-10-21 15:09:36,031:ERROR: error in AP sensor value: 7009.72 is out of bound!
2021-10-21 15:09:36,032:INFO: pump is running...
2021-10-21 15:09:36,036:INFO: Pump turned off. Starting timeOff timer.
2021-10-21 15:09:36,649:INFO: State.EXEC_TASK
2021-10-21 15:09:36,651:INFO: BT1   BT2   TT1   TT2   AT    X     Y     Z     BP1   BP2   TP1   TP2   HP      AP      PD   PC     HL EL BF SF   PF BV     rpm  State     MissionState Setpoint Error Depth 
2021-10-21 15:09:36,652:INFO: 25.12 24.58 24.54 24.60 24.46 -0.01 -0.00 -0.01 11.16 11.41 10.11 10.37 1418.70 7020.40 1.52 100.00 0  0  0  None 0  470.64 0.00 EXEC_TASK IDLE         30.00    30.00 0.00  
2021-10-21 15:09:36,653:ERROR: error in HP sensor value: 1418.7 is out of bound!
2021-10-21 15:09:36,654:ERROR: error in AP sensor value: 7020.4 is out of bound!
2021-10-21 15:09:36,655:INFO: waiting for timeOff to finish 0.62 of 0.5
2021-10-21 15:09:36,656:INFO: timeOff is over
2021-10-21 15:09:36,669:ERROR: unknown header: LC:49.00
2021-10-21 15:09:37,169:INFO: State.EXEC_TASK
2021-10-21 15:09:37,170:INFO: BT1   BT2   TT1   TT2   AT    X     Y     Z     BP1   BP2   TP1   TP2   HP      AP      PD   PC     HL EL BF SF   PF BV     rpm  State     MissionState Setpoint Error Depth 
2021-10-21 15:09:37,172:INFO: 25.12 24.57 24.54 24.60 24.49 -0.00 -0.00 -0.00 11.17 11.41 10.12 10.37 1353.96 7026.76 1.59 100.00 0  0  0  None 0  472.25 0.00 EXEC_TASK IDLE         30.00    30.00 0.00  
2021-10-21 15:09:37,173:INFO: attemting to start a new dutycycle
2021-10-21 15:09:37,174:ERROR: error in HP sensor value: 1353.96 is out of bound!
2021-10-21 15:09:37,175:ERROR: error in AP sensor value: 7026.76 is out of bound!
2021-10-21 15:09:37,177:INFO: scalar = self.p*self.kp - self.d*self.kd + self.i*self.ki
2021-10-21 15:09:37,177:INFO: 299.90000000000003 = 29.990000000000002*10 - 0.0012314681007109247*0 + 50*0
2021-10-21 15:09:37,178:INFO: sending PID - Voltage:100    direction:1    timeOn:2.0  timeOff:0.5
2021-10-21 15:09:37,240:ERROR: unknown header: LC:50.00
2021-10-21 15:09:37,321:ERROR: unknown header: V:100.00
2021-10-21 15:09:37,324:ERROR: unknown header: D:1.00
2021-10-21 15:09:37,327:ERROR: unknown header: T:2.00
2021-10-21 15:09:37,394:INFO: State.EXEC_TASK
2021-10-21 15:09:37,396:INFO: BT1   BT2   TT1   TT2   AT    X    Y     Z     BP1   BP2   TP1   TP2   HP      AP      PD   PC     HL EL BF SF   PF BV     rpm  State     MissionState Setpoint Error Depth 
2021-10-21 15:09:37,398:INFO: 25.12 24.57 24.54 24.60 24.52 0.00 -0.01 -0.01 11.17 11.41 10.12 10.37 1353.96 7029.78 1.55 100.00 0  0  0  None 0  472.75 0.00 EXEC_TASK IDLE         30.00    29.99 0.01  
2021-10-21 15:09:37,399:ERROR: error in HP sensor value: 1353.96 is out of bound!
2021-10-21 15:09:37,400:ERROR: error in AP sensor value: 7029.78 is out of bound!
2021-10-21 15:09:37,400:INFO: waiting for pump to start
2021-10-21 15:09:38,156:INFO: pump turned on
2021-10-21 15:09:38,489:INFO: State.EXEC_TASK
2021-10-21 15:09:38,491:INFO: BV     rpm     
2021-10-21 15:09:38,492:INFO: 467.19 3163.00 
2021-10-21 15:09:38,493:ERROR: error in HP sensor value: 1353.96 is out of bound!
2021-10-21 15:09:38,494:ERROR: error in AP sensor value: 7036.82 is out of bound!
2021-10-21 15:09:38,496:INFO: pump is running...
2021-10-21 15:09:38,567:INFO: State.EXEC_TASK
2021-10-21 15:09:38,568:INFO: BV     rpm     
2021-10-21 15:09:38,570:INFO: 465.69 3484.00 
2021-10-21 15:09:38,571:ERROR: error in HP sensor value: 1353.96 is out of bound!
2021-10-21 15:09:38,572:ERROR: error in AP sensor value: 7043.02 is out of bound!
2021-10-21 15:09:38,573:INFO: pump is running...
2021-10-21 15:09:38,652:INFO: State.EXEC_TASK
2021-10-21 15:09:38,653:INFO: BV     rpm     
2021-10-21 15:09:38,654:INFO: 464.32 3599.00 
2021-10-21 15:09:38,655:ERROR: error in HP sensor value: 1353.96 is out of bound!
2021-10-21 15:09:38,657:ERROR: error in AP sensor value: 7050.78 is out of bound!
2021-10-21 15:09:38,659:INFO: pump is running...
2021-10-21 15:09:38,732:INFO: State.EXEC_TASK
2021-10-21 15:09:38,734:INFO: BV     rpm     
2021-10-21 15:09:38,735:INFO: 462.33 3961.00 
2021-10-21 15:09:38,736:ERROR: error in HP sensor value: 1353.96 is out of bound!
2021-10-21 15:09:38,739:ERROR: error in AP sensor value: 7062.36 is out of bound!
2021-10-21 15:09:38,741:INFO: pump is running...
2021-10-21 15:09:38,814:INFO: State.EXEC_TASK
2021-10-21 15:09:38,816:INFO: BV     rpm     
2021-10-21 15:09:38,817:INFO: 460.53 4248.00 
2021-10-21 15:09:38,817:ERROR: error in HP sensor value: 1353.96 is out of bound!
2021-10-21 15:09:38,819:ERROR: error in AP sensor value: 7076.52 is out of bound!
2021-10-21 15:09:38,821:INFO: pump is running...
2021-10-21 15:09:38,894:INFO: State.EXEC_TASK
2021-10-21 15:09:38,895:INFO: BV     rpm     
2021-10-21 15:09:38,896:INFO: 458.72 4557.00 
2021-10-21 15:09:38,897:ERROR: error in HP sensor value: 1353.96 is out of bound!
2021-10-21 15:09:38,899:ERROR: error in AP sensor value: 7086.34 is out of bound!
2021-10-21 15:09:38,901:INFO: pump is running...
2021-10-21 15:09:38,974:INFO: State.EXEC_TASK
2021-10-21 15:09:38,975:INFO: BV     rpm     
2021-10-21 15:09:38,976:INFO: 456.68 4897.00 
2021-10-21 15:09:38,977:ERROR: error in HP sensor value: 1353.96 is out of bound!
2021-10-21 15:09:38,979:ERROR: error in AP sensor value: 7096.8 is out of bound!
2021-10-21 15:09:38,981:INFO: pump is running...
2021-10-21 15:09:39,051:INFO: State.EXEC_TASK
2021-10-21 15:09:39,053:INFO: BV     rpm     
2021-10-21 15:09:39,053:INFO: 454.41 5089.00 
2021-10-21 15:09:39,054:ERROR: error in HP sensor value: 1353.96 is out of bound!
2021-10-21 15:09:39,056:ERROR: error in AP sensor value: 7108.32 is out of bound!
2021-10-21 15:09:39,058:INFO: pump is running...
2021-10-21 15:09:39,133:INFO: State.EXEC_TASK
2021-10-21 15:09:39,134:INFO: BV     rpm     
2021-10-21 15:09:39,135:INFO: 452.11 5347.00 
2021-10-21 15:09:39,136:ERROR: error in HP sensor value: 1353.96 is out of bound!
2021-10-21 15:09:39,138:ERROR: error in AP sensor value: 7120.2 is out of bound!
2021-10-21 15:09:39,140:INFO: pump is running...
2021-10-21 15:09:39,211:INFO: State.EXEC_TASK
2021-10-21 15:09:39,212:INFO: BV     rpm     
2021-10-21 15:09:39,213:INFO: 449.64 5509.00 
2021-10-21 15:09:39,214:ERROR: error in HP sensor value: 1353.96 is out of bound!
2021-10-21 15:09:39,215:ERROR: error in AP sensor value: 7132.94 is out of bound!
2021-10-21 15:09:39,216:INFO: pump is running...
2021-10-21 15:09:39,288:INFO: State.EXEC_TASK
2021-10-21 15:09:39,289:INFO: BV     rpm     
2021-10-21 15:09:39,290:INFO: 447.43 5844.00 
2021-10-21 15:09:39,291:ERROR: error in HP sensor value: 1353.96 is out of bound!
2021-10-21 15:09:39,292:ERROR: error in AP sensor value: 7146.14 is out of bound!
2021-10-21 15:09:39,293:INFO: pump is running...
2021-10-21 15:09:39,366:INFO: State.EXEC_TASK
2021-10-21 15:09:39,367:INFO: BV     rpm     
2021-10-21 15:09:39,368:INFO: 445.05 5530.00 
2021-10-21 15:09:39,368:ERROR: error in HP sensor value: 1353.96 is out of bound!
2021-10-21 15:09:39,369:ERROR: error in AP sensor value: 7159.78 is out of bound!
2021-10-21 15:09:39,370:INFO: pump is running...
2021-10-21 15:09:39,444:INFO: State.EXEC_TASK
2021-10-21 15:09:39,446:INFO: BV     rpm     
2021-10-21 15:09:39,446:INFO: 442.76 5910.00 
2021-10-21 15:09:39,447:ERROR: error in HP sensor value: 1353.96 is out of bound!
2021-10-21 15:09:39,448:ERROR: error in AP sensor value: 7173.5 is out of bound!
2021-10-21 15:09:39,449:INFO: pump is running...
2021-10-21 15:09:39,525:INFO: State.EXEC_TASK
2021-10-21 15:09:39,526:INFO: BV     rpm     
2021-10-21 15:09:39,527:INFO: 440.42 5543.00 
2021-10-21 15:09:39,528:ERROR: error in HP sensor value: 1353.96 is out of bound!
2021-10-21 15:09:39,530:ERROR: error in AP sensor value: 7187.36 is out of bound!
2021-10-21 15:09:39,531:INFO: pump is running...
2021-10-21 15:09:39,603:INFO: State.EXEC_TASK
2021-10-21 15:09:39,605:INFO: BV     rpm     
2021-10-21 15:09:39,605:INFO: 438.23 5875.00 
2021-10-21 15:09:39,606:ERROR: error in HP sensor value: 1353.96 is out of bound!
2021-10-21 15:09:39,607:ERROR: error in AP sensor value: 7200.94 is out of bound!
2021-10-21 15:09:39,608:INFO: pump is running...
2021-10-21 15:09:39,681:INFO: State.EXEC_TASK
2021-10-21 15:09:39,682:INFO: BV     rpm     
2021-10-21 15:09:39,683:INFO: 435.77 5780.00 
2021-10-21 15:09:39,683:ERROR: error in HP sensor value: 1353.96 is out of bound!
2021-10-21 15:09:39,684:ERROR: error in AP sensor value: 7214.9 is out of bound!
2021-10-21 15:09:39,685:INFO: pump is running...
2021-10-21 15:09:39,759:INFO: State.EXEC_TASK
2021-10-21 15:09:39,761:INFO: BV     rpm     
2021-10-21 15:09:39,762:INFO: 433.48 5656.00 
2021-10-21 15:09:39,763:ERROR: error in HP sensor value: 1353.96 is out of bound!
2021-10-21 15:09:39,764:ERROR: error in AP sensor value: 7228.82 is out of bound!
2021-10-21 15:09:39,765:INFO: pump is running...
2021-10-21 15:09:39,837:INFO: State.EXEC_TASK
2021-10-21 15:09:39,838:INFO: BV     rpm     
2021-10-21 15:09:39,839:INFO: 431.19 5583.00 
2021-10-21 15:09:39,840:ERROR: error in HP sensor value: 1353.96 is out of bound!
2021-10-21 15:09:39,841:ERROR: error in AP sensor value: 7242.78 is out of bound!
2021-10-21 15:09:39,842:INFO: pump is running...
2021-10-21 15:09:39,918:INFO: State.EXEC_TASK
2021-10-21 15:09:39,919:INFO: BV     rpm     
2021-10-21 15:09:39,920:INFO: 428.82 5524.00 
2021-10-21 15:09:39,920:ERROR: error in HP sensor value: 1353.96 is out of bound!
2021-10-21 15:09:39,921:ERROR: error in AP sensor value: 7256.84 is out of bound!
2021-10-21 15:09:39,922:INFO: pump is running...
2021-10-21 15:09:39,997:INFO: State.EXEC_TASK
2021-10-21 15:09:39,998:INFO: BV     rpm     
2021-10-21 15:09:39,999:INFO: 426.53 5627.00 
2021-10-21 15:09:40,000:ERROR: error in HP sensor value: 1353.96 is out of bound!
2021-10-21 15:09:40,000:ERROR: error in AP sensor value: 7271.06 is out of bound!
2021-10-21 15:09:40,001:INFO: pump is running...
2021-10-21 15:09:40,075:INFO: State.EXEC_TASK
2021-10-21 15:09:40,076:INFO: BV     rpm     
2021-10-21 15:09:40,077:INFO: 424.31 5552.00 
2021-10-21 15:09:40,078:ERROR: error in HP sensor value: 1353.96 is out of bound!
2021-10-21 15:09:40,079:ERROR: error in AP sensor value: 7285.06 is out of bound!
2021-10-21 15:09:40,080:INFO: pump is running...
2021-10-21 15:09:40,156:INFO: State.EXEC_TASK
2021-10-21 15:09:40,157:INFO: BV     rpm     
2021-10-21 15:09:40,158:INFO: 421.97 5580.00 
2021-10-21 15:09:40,159:ERROR: error in HP sensor value: 1353.96 is out of bound!
2021-10-21 15:09:40,160:ERROR: error in AP sensor value: 7299.16 is out of bound!
2021-10-21 15:09:40,161:INFO: pump is running...
2021-10-21 15:09:40,165:INFO: Pump turned off. Starting timeOff timer.
2021-10-21 15:09:40,776:INFO: State.EXEC_TASK
2021-10-21 15:09:40,778:INFO: BT1   BT2   TT1   TT2   AT    X    Y     Z     BP1   BP2   TP1   TP2   HP      AP      PD   PC     HL EL BF SF   PF BV     rpm  State     MissionState Setpoint Error Depth 
2021-10-21 15:09:40,779:INFO: 25.12 24.57 24.54 24.60 24.78 0.00 -0.01 -0.01 11.17 11.42 10.12 10.38 1271.76 7310.38 1.55 100.00 0  0  0  None 0  422.26 0.00 EXEC_TASK IDLE         30.00    29.99 0.01  
2021-10-21 15:09:40,780:ERROR: error in HP sensor value: 1271.76 is out of bound!
2021-10-21 15:09:40,781:ERROR: error in AP sensor value: 7310.38 is out of bound!
2021-10-21 15:09:40,782:INFO: waiting for timeOff to finish 0.62 of 0.5
2021-10-21 15:09:40,783:INFO: timeOff is over
2021-10-21 15:09:40,835:ERROR: unknown header: LC:51.00
2021-10-21 15:09:41,334:INFO: State.EXEC_TASK
2021-10-21 15:09:41,336:INFO: BT1   BT2   TT1   TT2   AT    X     Y     Z     BP1   BP2   TP1   TP2   HP      AP      PD   PC     HL EL BF SF   PF BV     rpm  State     MissionState Setpoint Error Depth 
2021-10-21 15:09:41,338:INFO: 25.12 24.57 24.54 24.60 24.81 -0.00 -0.01 -0.01 11.17 11.42 10.12 10.38 1240.14 7316.44 1.61 100.00 0  0  0  None 0  424.36 0.00 EXEC_TASK IDLE         30.00    29.98 0.02  
2021-10-21 15:09:41,338:INFO: attemting to start a new dutycycle
2021-10-21 15:09:41,339:ERROR: error in HP sensor value: 1240.14 is out of bound!
2021-10-21 15:09:41,340:ERROR: error in AP sensor value: 7316.44 is out of bound!
2021-10-21 15:09:41,342:INFO: scalar = self.p*self.kp - self.d*self.kd + self.i*self.ki
2021-10-21 15:09:41,342:INFO: 299.85 = 29.985*10 - 0.001200460549612562*0 + 50*0
2021-10-21 15:09:41,343:INFO: sending PID - Voltage:100    direction:1    timeOn:2.0  timeOff:0.5
2021-10-21 15:09:41,358:ERROR: unknown header: LC:52.00
2021-10-21 15:09:41,432:ERROR: unknown header: V:100.00
2021-10-21 15:09:41,435:ERROR: unknown header: D:1.00
2021-10-21 15:09:41,438:ERROR: unknown header: T:2.00
2021-10-21 15:09:41,504:INFO: State.EXEC_TASK
2021-10-21 15:09:41,506:INFO: BT1   BT2   TT1   TT2   AT    X     Y     Z     BP1   BP2   TP1   TP2   HP      AP      PD   PC     HL EL BF SF   PF BV     rpm  State     MissionState Setpoint Error Depth 
2021-10-21 15:09:41,508:INFO: 25.12 24.57 24.54 24.60 24.83 -0.01 -0.00 -0.00 11.17 11.42 10.12 10.38 1240.14 7319.06 1.61 100.00 0  0  0  None 0  424.92 0.00 EXEC_TASK IDLE         30.00    29.98 0.02  
2021-10-21 15:09:41,509:ERROR: error in HP sensor value: 1240.14 is out of bound!
2021-10-21 15:09:41,510:ERROR: error in AP sensor value: 7319.06 is out of bound!
2021-10-21 15:09:41,511:INFO: waiting for pump to start
2021-10-21 15:09:42,267:INFO: pump turned on
2021-10-21 15:09:42,601:INFO: State.EXEC_TASK
2021-10-21 15:09:42,603:INFO: BV     rpm     
2021-10-21 15:09:42,604:INFO: 421.21 3075.00 
2021-10-21 15:09:42,605:ERROR: error in HP sensor value: 1240.14 is out of bound!
2021-10-21 15:09:42,606:ERROR: error in AP sensor value: 7323.92 is out of bound!
2021-10-21 15:09:42,607:INFO: pump is running...
2021-10-21 15:09:42,683:INFO: State.EXEC_TASK
2021-10-21 15:09:42,684:INFO: BV     rpm     
2021-10-21 15:09:42,685:INFO: 419.86 3350.00 
2021-10-21 15:09:42,686:ERROR: error in HP sensor value: 1240.14 is out of bound!
2021-10-21 15:09:42,688:ERROR: error in AP sensor value: 7327.64 is out of bound!
2021-10-21 15:09:42,689:INFO: pump is running...
2021-10-21 15:09:42,764:INFO: State.EXEC_TASK
2021-10-21 15:09:42,766:INFO: BV     rpm     
2021-10-21 15:09:42,767:INFO: 418.29 3610.00 
2021-10-21 15:09:42,768:ERROR: error in HP sensor value: 1240.14 is out of bound!
2021-10-21 15:09:42,769:ERROR: error in AP sensor value: 7333.38 is out of bound!
2021-10-21 15:09:42,770:INFO: pump is running...
2021-10-21 15:09:42,844:INFO: State.EXEC_TASK
2021-10-21 15:09:42,845:INFO: BV     rpm     
2021-10-21 15:09:42,846:INFO: 416.75 3767.00 
2021-10-21 15:09:42,848:ERROR: error in HP sensor value: 1240.14 is out of bound!
2021-10-21 15:09:42,849:ERROR: error in AP sensor value: 7343.32 is out of bound!
2021-10-21 15:09:42,851:INFO: pump is running...
2021-10-21 15:09:42,925:INFO: State.EXEC_TASK
2021-10-21 15:09:42,927:INFO: BV     rpm     
2021-10-21 15:09:42,928:INFO: 414.93 4268.00 
2021-10-21 15:09:42,929:ERROR: error in HP sensor value: 1240.14 is out of bound!
2021-10-21 15:09:42,930:ERROR: error in AP sensor value: 7356.18 is out of bound!
2021-10-21 15:09:42,931:INFO: pump is running...
2021-10-21 15:09:43,003:INFO: State.EXEC_TASK
2021-10-21 15:09:43,004:INFO: BV     rpm     
2021-10-21 15:09:43,005:INFO: 413.04 4448.00 
2021-10-21 15:09:43,005:ERROR: error in HP sensor value: 1240.14 is out of bound!
2021-10-21 15:09:43,006:ERROR: error in AP sensor value: 7366.44 is out of bound!
2021-10-21 15:09:43,007:INFO: pump is running...
2021-10-21 15:09:43,083:INFO: State.EXEC_TASK
2021-10-21 15:09:43,085:INFO: BV     rpm     
2021-10-21 15:09:43,086:INFO: 411.09 4732.00 
2021-10-21 15:09:43,088:ERROR: error in HP sensor value: 1240.14 is out of bound!
2021-10-21 15:09:43,090:ERROR: error in AP sensor value: 7377.42 is out of bound!
2021-10-21 15:09:43,091:INFO: pump is running...
2021-10-21 15:09:43,161:INFO: State.EXEC_TASK
2021-10-21 15:09:43,163:INFO: BV     rpm     
2021-10-21 15:09:43,165:INFO: 409.09 5175.00 
2021-10-21 15:09:43,167:ERROR: error in HP sensor value: 1240.14 is out of bound!
2021-10-21 15:09:43,168:ERROR: error in AP sensor value: 7389.02 is out of bound!
2021-10-21 15:09:43,169:INFO: pump is running...
2021-10-21 15:09:43,242:INFO: State.EXEC_TASK
2021-10-21 15:09:43,244:INFO: BV     rpm     
2021-10-21 15:09:43,245:INFO: 406.80 5252.00 
2021-10-21 15:09:43,246:ERROR: error in HP sensor value: 1240.14 is out of bound!
2021-10-21 15:09:43,247:ERROR: error in AP sensor value: 7401.58 is out of bound!
2021-10-21 15:09:43,248:INFO: pump is running...
2021-10-21 15:09:43,319:INFO: State.EXEC_TASK
2021-10-21 15:09:43,321:INFO: BV     rpm     
2021-10-21 15:09:43,323:INFO: 404.65 5521.00 
2021-10-21 15:09:43,324:ERROR: error in HP sensor value: 1240.14 is out of bound!
2021-10-21 15:09:43,325:ERROR: error in AP sensor value: 7414.6 is out of bound!
2021-10-21 15:09:43,326:INFO: pump is running...
2021-10-21 15:09:43,396:INFO: State.EXEC_TASK
2021-10-21 15:09:43,398:INFO: BV     rpm     
2021-10-21 15:09:43,400:INFO: 402.38 5707.00 
2021-10-21 15:09:43,401:ERROR: error in HP sensor value: 1240.14 is out of bound!
2021-10-21 15:09:43,402:ERROR: error in AP sensor value: 7428.14 is out of bound!
2021-10-21 15:09:43,404:INFO: pump is running...
2021-10-21 15:09:43,478:INFO: State.EXEC_TASK
2021-10-21 15:09:43,479:INFO: BV     rpm     
2021-10-21 15:09:43,481:INFO: 399.99 5668.00 
2021-10-21 15:09:43,482:ERROR: error in HP sensor value: 1240.14 is out of bound!
2021-10-21 15:09:43,483:ERROR: error in AP sensor value: 7442.28 is out of bound!
2021-10-21 15:09:43,484:INFO: pump is running...
2021-10-21 15:09:43,557:INFO: State.EXEC_TASK
2021-10-21 15:09:43,558:INFO: BV     rpm     
2021-10-21 15:09:43,559:INFO: 397.75 5555.00 
2021-10-21 15:09:43,560:ERROR: error in HP sensor value: 1240.14 is out of bound!
2021-10-21 15:09:43,561:ERROR: error in AP sensor value: 7456.76 is out of bound!
2021-10-21 15:09:43,562:INFO: pump is running...
2021-10-21 15:09:43,634:INFO: State.EXEC_TASK
2021-10-21 15:09:43,636:INFO: BV     rpm     
2021-10-21 15:09:43,637:INFO: 395.43 5793.00 
2021-10-21 15:09:43,638:ERROR: error in HP sensor value: 1240.14 is out of bound!
2021-10-21 15:09:43,639:ERROR: error in AP sensor value: 7471.34 is out of bound!
2021-10-21 15:09:43,640:INFO: pump is running...
2021-10-21 15:09:43,712:INFO: State.EXEC_TASK
2021-10-21 15:09:43,713:INFO: BV     rpm     
2021-10-21 15:09:43,714:INFO: 393.18 5656.00 
2021-10-21 15:09:43,715:ERROR: error in HP sensor value: 1240.14 is out of bound!
2021-10-21 15:09:43,716:ERROR: error in AP sensor value: 7486.14 is out of bound!
2021-10-21 15:09:43,717:INFO: pump is running...
2021-10-21 15:09:43,790:INFO: State.EXEC_TASK
2021-10-21 15:09:43,791:INFO: BV     rpm     
2021-10-21 15:09:43,792:INFO: 390.87 5659.00 
2021-10-21 15:09:43,793:ERROR: error in HP sensor value: 1240.14 is out of bound!
2021-10-21 15:09:43,795:ERROR: error in AP sensor value: 7501.06 is out of bound!
2021-10-21 15:09:43,796:INFO: pump is running...
2021-10-21 15:09:43,868:INFO: State.EXEC_TASK
2021-10-21 15:09:43,869:INFO: BV     rpm     
2021-10-21 15:09:43,870:INFO: 388.70 5800.00 
2021-10-21 15:09:43,871:ERROR: error in HP sensor value: 1240.14 is out of bound!
2021-10-21 15:09:43,871:ERROR: error in AP sensor value: 7515.8 is out of bound!
2021-10-21 15:09:43,872:INFO: pump is running...
2021-10-21 15:09:43,945:INFO: State.EXEC_TASK
2021-10-21 15:09:43,947:INFO: BV     rpm     
2021-10-21 15:09:43,948:INFO: 386.43 5824.00 
2021-10-21 15:09:43,949:ERROR: error in HP sensor value: 1240.14 is out of bound!
2021-10-21 15:09:43,950:ERROR: error in AP sensor value: 7530.64 is out of bound!
2021-10-21 15:09:43,951:INFO: pump is running...
2021-10-21 15:09:44,026:INFO: State.EXEC_TASK
2021-10-21 15:09:44,028:INFO: BV     rpm     
2021-10-21 15:09:44,029:INFO: 384.09 5577.00 
2021-10-21 15:09:44,030:ERROR: error in HP sensor value: 1240.14 is out of bound!
2021-10-21 15:09:44,031:ERROR: error in AP sensor value: 7545.56 is out of bound!
2021-10-21 15:09:44,032:INFO: pump is running...
2021-10-21 15:09:44,103:INFO: State.EXEC_TASK
2021-10-21 15:09:44,105:INFO: BV     rpm     
2021-10-21 15:09:44,106:INFO: 381.92 5813.00 
2021-10-21 15:09:44,107:ERROR: error in HP sensor value: 1240.14 is out of bound!
2021-10-21 15:09:44,108:ERROR: error in AP sensor value: 7560.44 is out of bound!
2021-10-21 15:09:44,110:INFO: pump is running...
2021-10-21 15:09:44,182:INFO: State.EXEC_TASK
2021-10-21 15:09:44,184:INFO: BV     rpm     
2021-10-21 15:09:44,185:INFO: 379.72 5521.00 
2021-10-21 15:09:44,186:ERROR: error in HP sensor value: 1240.14 is out of bound!
2021-10-21 15:09:44,187:ERROR: error in AP sensor value: 7575.26 is out of bound!
2021-10-21 15:09:44,189:INFO: pump is running...
2021-10-21 15:09:44,261:INFO: State.EXEC_TASK
2021-10-21 15:09:44,262:INFO: BV     rpm     
2021-10-21 15:09:44,263:INFO: 377.38 5931.00 
2021-10-21 15:09:44,263:ERROR: error in HP sensor value: 1240.14 is out of bound!
2021-10-21 15:09:44,265:ERROR: error in AP sensor value: 7590.32 is out of bound!
2021-10-21 15:09:44,265:INFO: pump is running...
2021-10-21 15:09:44,269:INFO: Pump turned off. Starting timeOff timer.
2021-10-21 15:09:44,878:INFO: State.EXEC_TASK
2021-10-21 15:09:44,880:INFO: BT1   BT2   TT1   TT2   AT    X     Y     Z     BP1   BP2   TP1   TP2   HP      AP      PD   PC     HL EL BF SF   PF BV     rpm  State     MissionState Setpoint Error Depth 
2021-10-21 15:09:44,881:INFO: 25.12 24.57 24.54 24.59 25.22 -0.01 -0.00 -0.00 11.18 11.42 10.12 10.38 1203.82 7601.92 1.61 100.00 0  0  0  None 0  378.24 0.00 EXEC_TASK IDLE         30.00    29.98 0.02  
2021-10-21 15:09:44,882:ERROR: error in HP sensor value: 1203.82 is out of bound!
2021-10-21 15:09:44,883:ERROR: error in AP sensor value: 7601.92 is out of bound!
2021-10-21 15:09:44,884:INFO: waiting for timeOff to finish 0.61 of 0.5
2021-10-21 15:09:44,885:INFO: timeOff is over
2021-10-21 15:09:44,900:ERROR: unknown header: LC:53.00
2021-10-21 15:09:45,400:INFO: State.EXEC_TASK
2021-10-21 15:09:45,401:INFO: BT1   BT2   TT1   TT2   AT    X     Y     Z     BP1   BP2   TP1   TP2   HP      AP      PD   PC     HL EL BF SF   PF BV     rpm  State     MissionState Setpoint Error Depth 
2021-10-21 15:09:45,402:INFO: 25.12 24.57 24.53 24.59 25.27 -0.01 -0.01 -0.00 11.18 11.42 10.12 10.38 1187.66 7608.06 1.58 100.00 0  0  0  None 0  380.35 0.00 EXEC_TASK IDLE         30.00    29.98 0.02  
2021-10-21 15:09:45,403:INFO: attemting to start a new dutycycle
2021-10-21 15:09:45,404:ERROR: error in HP sensor value: 1187.66 is out of bound!
2021-10-21 15:09:45,405:ERROR: error in AP sensor value: 7608.06 is out of bound!
2021-10-21 15:09:45,407:INFO: scalar = self.p*self.kp - self.d*self.kd + self.i*self.ki
2021-10-21 15:09:45,408:INFO: 299.82500000000005 = 29.9825*10 - 0.0006149261822449556*0 + 50*0
2021-10-21 15:09:45,409:INFO: sending PID - Voltage:100    direction:1    timeOn:2.0  timeOff:0.5
2021-10-21 15:09:45,466:ERROR: unknown header: LC:54.00
2021-10-21 15:09:45,549:ERROR: unknown header: V:100.00
2021-10-21 15:09:45,551:ERROR: unknown header: D:1.00
2021-10-21 15:09:45,553:ERROR: unknown header: T:2.00
2021-10-21 15:09:45,620:INFO: State.EXEC_TASK
2021-10-21 15:09:45,622:INFO: BT1   BT2   TT1   TT2   AT    X     Y     Z    BP1   BP2   TP1   TP2   HP      AP      PD   PC     HL EL BF SF   PF BV     rpm  State     MissionState Setpoint Error Depth 
2021-10-21 15:09:45,623:INFO: 25.12 24.57 24.53 24.59 25.32 -0.00 -0.00 0.00 11.18 11.42 10.12 10.38 1187.66 7610.18 1.57 100.00 0  0  0  None 0  381.32 0.00 EXEC_TASK IDLE         30.00    29.98 0.02  
2021-10-21 15:09:45,624:ERROR: error in HP sensor value: 1187.66 is out of bound!
2021-10-21 15:09:45,625:ERROR: error in AP sensor value: 7610.18 is out of bound!
2021-10-21 15:09:45,626:INFO: waiting for pump to start
2021-10-21 15:09:46,384:INFO: pump turned on
2021-10-21 15:09:46,718:INFO: State.EXEC_TASK
2021-10-21 15:09:46,719:INFO: BV     rpm     
2021-10-21 15:09:46,720:INFO: 377.71 3122.00 
2021-10-21 15:09:46,721:ERROR: error in HP sensor value: 1187.66 is out of bound!
2021-10-21 15:09:46,722:ERROR: error in AP sensor value: 7614.7 is out of bound!
2021-10-21 15:09:46,723:INFO: pump is running...
2021-10-21 15:09:46,801:INFO: State.EXEC_TASK
2021-10-21 15:09:46,802:INFO: BV     rpm     
2021-10-21 15:09:46,803:INFO: 376.34 3290.00 
2021-10-21 15:09:46,804:ERROR: error in HP sensor value: 1187.66 is out of bound!
2021-10-21 15:09:46,805:ERROR: error in AP sensor value: 7617.94 is out of bound!
2021-10-21 15:09:46,806:INFO: pump is running...
2021-10-21 15:09:46,880:INFO: State.EXEC_TASK
2021-10-21 15:09:46,881:INFO: BV     rpm     
2021-10-21 15:09:46,882:INFO: 374.73 3695.00 
2021-10-21 15:09:46,883:ERROR: error in HP sensor value: 1187.66 is out of bound!
2021-10-21 15:09:46,884:ERROR: error in AP sensor value: 7623.84 is out of bound!
2021-10-21 15:09:46,885:INFO: pump is running...
2021-10-21 15:09:46,960:INFO: State.EXEC_TASK
2021-10-21 15:09:46,961:INFO: BV     rpm     
2021-10-21 15:09:46,962:INFO: 373.19 3954.00 
2021-10-21 15:09:46,963:ERROR: error in HP sensor value: 1187.66 is out of bound!
2021-10-21 15:09:46,964:ERROR: error in AP sensor value: 7634.2 is out of bound!
2021-10-21 15:09:46,965:INFO: pump is running...
2021-10-21 15:09:47,039:INFO: State.EXEC_TASK
2021-10-21 15:09:47,041:INFO: BV     rpm     
2021-10-21 15:09:47,041:INFO: 371.56 4286.00 
2021-10-21 15:09:47,042:ERROR: error in HP sensor value: 1187.66 is out of bound!
2021-10-21 15:09:47,043:ERROR: error in AP sensor value: 7647.88 is out of bound!
2021-10-21 15:09:47,044:INFO: pump is running...
2021-10-21 15:09:47,119:INFO: State.EXEC_TASK
2021-10-21 15:09:47,120:INFO: BV     rpm     
2021-10-21 15:09:47,121:INFO: 369.72 4411.00 
2021-10-21 15:09:47,122:ERROR: error in HP sensor value: 1187.66 is out of bound!
2021-10-21 15:09:47,123:ERROR: error in AP sensor value: 7658.7 is out of bound!
2021-10-21 15:09:47,124:INFO: pump is running...
2021-10-21 15:09:47,200:INFO: State.EXEC_TASK
2021-10-21 15:09:47,201:INFO: BV     rpm     
2021-10-21 15:09:47,202:INFO: 367.65 4914.00 
2021-10-21 15:09:47,203:ERROR: error in HP sensor value: 1187.66 is out of bound!
2021-10-21 15:09:47,204:ERROR: error in AP sensor value: 7670.44 is out of bound!
2021-10-21 15:09:47,205:INFO: pump is running...
2021-10-21 15:09:47,278:INFO: State.EXEC_TASK
2021-10-21 15:09:47,279:INFO: BV     rpm     
2021-10-21 15:09:47,279:INFO: 365.54 5151.00 
2021-10-21 15:09:47,280:ERROR: error in HP sensor value: 1187.66 is out of bound!
2021-10-21 15:09:47,281:ERROR: error in AP sensor value: 7682.88 is out of bound!
2021-10-21 15:09:47,282:INFO: pump is running...
2021-10-21 15:09:47,357:INFO: State.EXEC_TASK
2021-10-21 15:09:47,358:INFO: BV     rpm     
2021-10-21 15:09:47,359:INFO: 363.52 5353.00 
2021-10-21 15:09:47,360:ERROR: error in HP sensor value: 1187.66 is out of bound!
2021-10-21 15:09:47,361:ERROR: error in AP sensor value: 7696.02 is out of bound!
2021-10-21 15:09:47,362:INFO: pump is running...
2021-10-21 15:09:47,435:INFO: State.EXEC_TASK
2021-10-21 15:09:47,436:INFO: BV     rpm     
2021-10-21 15:09:47,437:INFO: 361.15 5747.00 
2021-10-21 15:09:47,437:ERROR: error in HP sensor value: 1187.66 is out of bound!
2021-10-21 15:09:47,438:ERROR: error in AP sensor value: 7710.14 is out of bound!
2021-10-21 15:09:47,439:INFO: pump is running...
2021-10-21 15:09:47,513:INFO: State.EXEC_TASK
2021-10-21 15:09:47,515:INFO: BV     rpm     
2021-10-21 15:09:47,515:INFO: 358.83 5724.00 
2021-10-21 15:09:47,516:ERROR: error in HP sensor value: 1187.66 is out of bound!
2021-10-21 15:09:47,517:ERROR: error in AP sensor value: 7724.96 is out of bound!
2021-10-21 15:09:47,518:INFO: pump is running...
2021-10-21 15:09:47,591:INFO: State.EXEC_TASK
2021-10-21 15:09:47,592:INFO: BV     rpm     
2021-10-21 15:09:47,592:INFO: 356.61 5844.00 
2021-10-21 15:09:47,593:ERROR: error in HP sensor value: 1187.66 is out of bound!
2021-10-21 15:09:47,594:ERROR: error in AP sensor value: 7740.14 is out of bound!
2021-10-21 15:09:47,595:INFO: pump is running...
2021-10-21 15:09:47,668:INFO: State.EXEC_TASK
2021-10-21 15:09:47,669:INFO: BV     rpm     
2021-10-21 15:09:47,670:INFO: 354.29 5636.00 
2021-10-21 15:09:47,670:ERROR: error in HP sensor value: 1187.66 is out of bound!
2021-10-21 15:09:47,671:ERROR: error in AP sensor value: 7755.66 is out of bound!
2021-10-21 15:09:47,672:INFO: pump is running...
2021-10-21 15:09:47,746:INFO: State.EXEC_TASK
2021-10-21 15:09:47,747:INFO: BV     rpm     
2021-10-21 15:09:47,748:INFO: 352.13 5583.00 
2021-10-21 15:09:47,749:ERROR: error in HP sensor value: 1187.66 is out of bound!
2021-10-21 15:09:47,750:ERROR: error in AP sensor value: 7771.42 is out of bound!
2021-10-21 15:09:47,750:INFO: pump is running...
2021-10-21 15:09:47,826:INFO: State.EXEC_TASK
2021-10-21 15:09:47,827:INFO: BV     rpm     
2021-10-21 15:09:47,828:INFO: 349.70 5675.00 
2021-10-21 15:09:47,828:ERROR: error in HP sensor value: 1187.66 is out of bound!
2021-10-21 15:09:47,829:ERROR: error in AP sensor value: 7787.38 is out of bound!
2021-10-21 15:09:47,830:INFO: pump is running...
2021-10-21 15:09:47,904:INFO: State.EXEC_TASK
2021-10-21 15:09:47,905:INFO: BV     rpm     
2021-10-21 15:09:47,906:INFO: 347.38 5724.00 
2021-10-21 15:09:47,907:ERROR: error in HP sensor value: 1187.66 is out of bound!
2021-10-21 15:09:47,908:ERROR: error in AP sensor value: 7803.4 is out of bound!
2021-10-21 15:09:47,909:INFO: pump is running...
2021-10-21 15:09:47,983:INFO: State.EXEC_TASK
2021-10-21 15:09:47,984:INFO: BV     rpm     
2021-10-21 15:09:47,985:INFO: 345.35 5567.00 
2021-10-21 15:09:47,986:ERROR: error in HP sensor value: 1187.66 is out of bound!
2021-10-21 15:09:47,987:ERROR: error in AP sensor value: 7819.22 is out of bound!
2021-10-21 15:09:47,988:INFO: pump is running...
2021-10-21 15:09:48,062:INFO: State.EXEC_TASK
2021-10-21 15:09:48,063:INFO: BV     rpm     
2021-10-21 15:09:48,064:INFO: 343.02 5820.00 
2021-10-21 15:09:48,065:ERROR: error in HP sensor value: 1187.66 is out of bound!
2021-10-21 15:09:48,066:ERROR: error in AP sensor value: 7835.12 is out of bound!
2021-10-21 15:09:48,066:INFO: pump is running...
2021-10-21 15:09:48,139:INFO: State.EXEC_TASK
2021-10-21 15:09:48,140:INFO: BV     rpm     
2021-10-21 15:09:48,141:INFO: 340.75 5834.00 
2021-10-21 15:09:48,142:ERROR: error in HP sensor value: 1187.66 is out of bound!
2021-10-21 15:09:48,143:ERROR: error in AP sensor value: 7851.28 is out of bound!
2021-10-21 15:09:48,144:INFO: pump is running...
2021-10-21 15:09:48,217:INFO: State.EXEC_TASK
2021-10-21 15:09:48,219:INFO: BV     rpm     
2021-10-21 15:09:48,219:INFO: 338.58 5540.00 
2021-10-21 15:09:48,220:ERROR: error in HP sensor value: 1187.66 is out of bound!
2021-10-21 15:09:48,221:ERROR: error in AP sensor value: 7867.14 is out of bound!
2021-10-21 15:09:48,222:INFO: pump is running...
2021-10-21 15:09:48,297:INFO: State.EXEC_TASK
2021-10-21 15:09:48,298:INFO: BV     rpm     
2021-10-21 15:09:48,299:INFO: 336.12 5558.00 
2021-10-21 15:09:48,300:ERROR: error in HP sensor value: 1187.66 is out of bound!
2021-10-21 15:09:48,301:ERROR: error in AP sensor value: 7883.26 is out of bound!
2021-10-21 15:09:48,301:INFO: pump is running...
2021-10-21 15:09:48,376:INFO: State.EXEC_TASK
2021-10-21 15:09:48,378:INFO: BV     rpm     
2021-10-21 15:09:48,379:INFO: 333.99 5817.00 
2021-10-21 15:09:48,381:ERROR: error in HP sensor value: 1187.66 is out of bound!
2021-10-21 15:09:48,382:ERROR: error in AP sensor value: 7899.58 is out of bound!
2021-10-21 15:09:48,382:INFO: pump is running...
2021-10-21 15:09:48,387:INFO: Pump turned off. Starting timeOff timer.
2021-10-21 15:09:48,588:ERROR: SENSOR ERROR: [BT1] Overflow value: [ovf]
2021-10-21 15:09:48,995:INFO: State.EXEC_TASK
2021-10-21 15:09:48,997:INFO: BT1   BT2   TT1   TT2   AT    X     Y     Z    BP1   BP2   TP1   TP2   HP      AP      PD   PC     HL EL BF SF   PF BV     rpm  State     MissionState Setpoint Error Depth 
2021-10-21 15:09:48,998:INFO: 25.12 24.57 24.53 24.59 25.77 -0.00 -0.00 0.00 11.18 11.43 10.13 10.39 1169.30 7911.84 1.57 100.00 0  0  0  None 0  334.94 0.00 EXEC_TASK IDLE         30.00    29.98 0.02  
2021-10-21 15:09:48,999:ERROR: error in HP sensor value: 1169.3 is out of bound!
2021-10-21 15:09:49,000:ERROR: error in AP sensor value: 7911.84 is out of bound!
2021-10-21 15:09:49,001:INFO: waiting for timeOff to finish 0.61 of 0.5
2021-10-21 15:09:49,002:INFO: timeOff is over
2021-10-21 15:09:49,012:ERROR: unknown header: LC:55.00
2021-10-21 15:09:49,511:WARNING: stopping
2021-10-21 15:09:49,512:INFO: State.STOP
2021-10-21 15:09:49,514:INFO: BT1   BT2   TT1   TT2   AT    X     Y     Z    BP1   BP2   TP1   TP2   HP      AP      PD   PC     HL EL BF SF   PF BV     rpm  State MissionState Setpoint Error Depth 
2021-10-21 15:09:49,516:INFO: 25.12 24.57 24.52 24.59 25.81 -0.01 -0.00 0.00 11.18 11.43 10.13 10.39 1168.54 7917.88 1.57 100.00 0  0  0  None 0  337.23 0.00 STOP  IDLE         30.00    29.98 0.03  
2021-10-21 15:09:49,517:WARNING: Stopped
2021-10-21 15:09:49,541:ERROR: unknown header: LC:56.00
2021-10-21 15:09:50,040:WARNING: stopping
2021-10-21 15:09:50,041:INFO: State.STOP
2021-10-21 15:09:50,042:INFO: BT1   BT2   TT1   TT2   AT    X    Y     Z    BP1   BP2   TP1   TP2   HP      AP      PD   PC     HL EL BF SF   PF BV     rpm  State MissionState Setpoint Error Depth 
2021-10-21 15:09:50,044:INFO: 25.12 24.58 24.51 24.59 25.86 0.00 -0.00 0.00 11.19 11.43 10.13 10.39 1166.58 7918.10 1.57 100.00 0  0  0  None 0  339.35 0.00 STOP  IDLE         30.00    29.98 0.03  
2021-10-21 15:09:50,045:WARNING: Stopped
2021-10-21 15:09:50,056:ERROR: unknown header: LC:57.00
2021-10-21 15:09:50,550:WARNING: stopping
2021-10-21 15:09:50,551:INFO: State.STOP
2021-10-21 15:09:50,552:INFO: BT1   BT2   TT1   TT2   AT    X    Y     Z    BP1   BP2   TP1   TP2   HP      AP      PD   PC     HL EL BF SF   PF BV     rpm  State MissionState Setpoint Error Depth 
2021-10-21 15:09:50,553:INFO: 25.13 24.58 24.51 24.59 25.91 0.00 -0.01 0.00 11.19 11.43 10.13 10.39 1166.56 7912.42 1.57 100.00 0  0  0  None 0  341.19 0.00 STOP  IDLE         30.00    29.98 0.03  
2021-10-21 15:09:50,553:WARNING: Stopped
2021-10-21 15:09:50,582:ERROR: unknown header: LC:58.00
2021-10-21 15:09:51,080:WARNING: stopping
2021-10-21 15:09:51,081:INFO: State.STOP
2021-10-21 15:09:51,082:INFO: BT1   BT2   TT1   TT2   AT    X    Y     Z    BP1   BP2   TP1   TP2   HP      AP      PD   PC     HL EL BF SF   PF BV     rpm  State MissionState Setpoint Error Depth 
2021-10-21 15:09:51,083:INFO: 25.13 24.58 24.51 24.59 25.98 0.00 -0.01 0.00 11.19 11.44 10.14 10.39 1166.36 7901.22 1.57 100.00 0  0  0  None 0  343.06 0.00 STOP  IDLE         30.00    29.98 0.03  
2021-10-21 15:09:51,083:WARNING: Stopped
2021-10-21 15:09:51,094:ERROR: unknown header: LC:59.00
2021-10-21 15:09:51,592:WARNING: stopping
2021-10-21 15:09:51,593:INFO: State.STOP
2021-10-21 15:09:51,594:INFO: BT1   BT2   TT1   TT2   AT    X     Y     Z    BP1   BP2   TP1   TP2   HP      AP      PD   PC     HL EL BF SF   PF BV     rpm  State MissionState Setpoint Error Depth 
2021-10-21 15:09:51,595:INFO: 25.13 24.58 24.51 24.59 26.02 -0.00 -0.01 0.00 11.19 11.43 10.13 10.39 1166.86 7888.72 1.56 100.00 0  0  0  None 0  344.66 0.00 STOP  IDLE         30.00    29.98 0.03  
2021-10-21 15:09:51,596:WARNING: Stopped
2021-10-21 15:09:51,623:ERROR: unknown header: LC:60.00
2021-10-21 15:09:52,123:WARNING: stopping
2021-10-21 15:09:52,124:INFO: State.STOP
2021-10-21 15:09:52,125:INFO: BT1   BT2   TT1   TT2   AT    X     Y     Z    BP1   BP2   TP1   TP2   HP      AP      PD   PC     HL EL BF SF   PF BV     rpm  State MissionState Setpoint Error Depth 
2021-10-21 15:09:52,126:INFO: 25.13 24.57 24.50 24.59 26.06 -0.00 -0.01 0.00 11.19 11.43 10.13 10.39 1167.04 7877.22 1.56 100.00 0  0  0  None 0  346.21 0.00 STOP  IDLE         30.00    29.98 0.03  
2021-10-21 15:09:52,127:WARNING: Stopped
2021-10-21 15:09:52,137:ERROR: unknown header: LC:61.00
2021-10-21 15:09:52,635:WARNING: stopping
2021-10-21 15:09:52,636:INFO: State.STOP
2021-10-21 15:09:52,637:INFO: BT1   BT2   TT1   TT2   AT    X     Y     Z    BP1   BP2   TP1   TP2   HP      AP      PD   PC     HL EL BF SF   PF BV     rpm  State MissionState Setpoint Error Depth 
2021-10-21 15:09:52,638:INFO: 25.13 24.57 24.51 24.59 26.10 -0.01 -0.01 0.00 11.19 11.43 10.13 10.39 1167.18 7866.58 1.55 100.00 0  0  0  None 0  347.64 0.00 STOP  IDLE         30.00    29.98 0.03  
2021-10-21 15:09:52,639:WARNING: Stopped
2021-10-21 15:09:52,664:ERROR: unknown header: LC:62.00
2021-10-21 15:09:53,164:WARNING: stopping
2021-10-21 15:09:53,165:INFO: State.STOP
2021-10-21 15:09:53,167:INFO: BT1   BT2   TT1   TT2   AT    X     Y     Z    BP1   BP2   TP1   TP2   HP      AP      PD   PC     HL EL BF SF   PF BV     rpm  State MissionState Setpoint Error Depth 
2021-10-21 15:09:53,168:INFO: 25.13 24.57 24.51 24.59 26.14 -0.01 -0.01 0.00 11.19 11.43 10.13 10.39 1167.30 7856.68 1.55 100.00 0  0  0  None 0  348.95 0.00 STOP  IDLE         30.00    29.98 0.03  
2021-10-21 15:09:53,169:WARNING: Stopped
2021-10-21 15:09:53,228:ERROR: unknown header: LC:63.00
2021-10-21 15:09:53,726:WARNING: stopping
2021-10-21 15:09:53,727:INFO: State.STOP
2021-10-21 15:09:53,728:INFO: BT1   BT2   TT1   TT2   AT    X     Y     Z    BP1   BP2   TP1   TP2   HP      AP      PD   PC     HL EL BF SF   PF BV     rpm  State MissionState Setpoint Error Depth 
2021-10-21 15:09:53,729:INFO: 25.13 24.57 24.50 24.59 26.17 -0.01 -0.01 0.00 11.19 11.43 10.13 10.39 1167.60 7847.18 1.55 100.00 0  0  0  None 0  350.52 0.00 STOP  IDLE         30.00    29.98 0.03  
2021-10-21 15:09:53,729:WARNING: Stopped
2021-10-21 15:09:53,740:ERROR: unknown header: LC:64.00
2021-10-21 15:09:53,846:INFO: 
2021-10-21 15:09:53,847:CRITICAL: System shutdown
2021-10-21 15:09:53,847:INFO: cleaning (resetting rpi gpio)
