2021-10-18 12:04:00,259:WARNING: Safety is disabled
2021-10-18 12:04:00,260:WARNING: Test mode
2021-10-18 12:04:00,261:INFO: Pressure controller was initialized successfully
2021-10-18 12:04:00,261:INFO: BP1 pressure sensor was initialized successfully
2021-10-18 12:04:00,262:INFO: BP2 pressure sensor was initialized successfully
2021-10-18 12:04:00,262:INFO: TP1 pressure sensor was initialized successfully
2021-10-18 12:04:00,262:INFO: TP2 pressure sensor was initialized successfully
2021-10-18 12:04:00,263:INFO: HP pressure sensor was initialized successfully
2021-10-18 12:04:00,263:INFO: AP pressure sensor was initialized successfully
2021-10-18 12:04:00,263:INFO: Temperature controller was initialized successfully
2021-10-18 12:04:00,263:INFO: BT1 temperature sensor was initialized successfully
2021-10-18 12:04:00,264:INFO: BT2 temperature sensor was initialized successfully
2021-10-18 12:04:00,264:INFO: TT1 temperature sensor was initialized successfully
2021-10-18 12:04:00,264:INFO: TT2 temperature sensor was initialized successfully
2021-10-18 12:04:00,265:INFO: AT temperature sensor was initialized successfully
2021-10-18 12:04:00,265:INFO: IMU controller was initialized successfully
2021-10-18 12:04:00,266:INFO: X IMU sensor was initialized successfully
2021-10-18 12:04:00,266:INFO: Y IMU sensor was initialized successfully
2021-10-18 12:04:00,266:INFO: Z IMU sensor was initialized successfully
2021-10-18 12:04:00,267:INFO: Bladder volume controller was initialized successfully
2021-10-18 12:04:00,267:INFO: Altimeter controller was initialized successfully
2021-10-18 12:04:00,268:INFO: rpm controller was initialized successfully
2021-10-18 12:04:00,268:INFO: Pump flag controller was initialized successfully
2021-10-18 12:04:00,268:INFO: Bladder flag controller was initialized successfully
2021-10-18 12:04:00,269:INFO: Hull leak flag controller was initialized successfully
2021-10-18 12:04:00,269:INFO: Engine leak flag controller was initialized successfully
2021-10-18 12:04:00,269:INFO: Full surface initiated flag controller was initialized successfully
2021-10-18 12:04:00,273:INFO: SerialComm was initialized successfully
2021-10-18 12:04:00,284:INFO: Profile file loaded successfully

2021-10-18 12:04:00,284:INFO: Profile class was initialized successfully

2021-10-18 12:04:00,285:INFO: setting target depth to 20 [mbar]
2021-10-18 12:04:00,285:INFO: setting state to MissionState.DESCENDING
2021-10-18 12:04:10,185:INFO: 
2021-10-18 12:04:10,187:CRITICAL: System shutdown
2021-10-18 12:04:10,189:INFO: cleaning (resetting rpi gpio)
