2021-10-19 15:38:50,732:TEST-MODE:WARNING: Simulation mode
2021-10-19 15:38:50,734:TEST-MODE:WARNING: Test mode
2021-10-19 15:38:50,735:TEST-MODE:INFO: Pressure controller was initialized successfully
2021-10-19 15:38:50,737:TEST-MODE:INFO: BP1 pressure sensor was initialized successfully
2021-10-19 15:38:50,738:TEST-MODE:INFO: BP2 pressure sensor was initialized successfully
2021-10-19 15:38:50,739:TEST-MODE:INFO: TP1 pressure sensor was initialized successfully
2021-10-19 15:38:50,739:TEST-MODE:INFO: TP2 pressure sensor was initialized successfully
2021-10-19 15:38:50,740:TEST-MODE:INFO: HP pressure sensor was initialized successfully
2021-10-19 15:38:50,741:TEST-MODE:INFO: AP pressure sensor was initialized successfully
2021-10-19 15:38:50,743:TEST-MODE:INFO: Temperature controller was initialized successfully
2021-10-19 15:38:50,744:TEST-MODE:INFO: BT1 temperature sensor was initialized successfully
2021-10-19 15:38:50,745:TEST-MODE:INFO: BT2 temperature sensor was initialized successfully
2021-10-19 15:38:50,746:TEST-MODE:INFO: TT1 temperature sensor was initialized successfully
2021-10-19 15:38:50,747:TEST-MODE:INFO: TT2 temperature sensor was initialized successfully
2021-10-19 15:38:50,748:TEST-MODE:INFO: AT temperature sensor was initialized successfully
2021-10-19 15:38:50,749:TEST-MODE:INFO: IMU controller was initialized successfully
2021-10-19 15:38:50,750:TEST-MODE:INFO: X IMU sensor was initialized successfully
2021-10-19 15:38:50,751:TEST-MODE:INFO: Y IMU sensor was initialized successfully
2021-10-19 15:38:50,752:TEST-MODE:INFO: Z IMU sensor was initialized successfully
2021-10-19 15:38:50,754:TEST-MODE:INFO: Bladder volume controller was initialized successfully
2021-10-19 15:38:50,755:TEST-MODE:INFO: Altimeter controller was initialized successfully
2021-10-19 15:38:50,756:TEST-MODE:INFO: rpm controller was initialized successfully
2021-10-19 15:38:50,757:TEST-MODE:INFO: Pump flag controller was initialized successfully
2021-10-19 15:38:50,758:TEST-MODE:INFO: Bladder flag controller was initialized successfully
2021-10-19 15:38:50,759:TEST-MODE:INFO: Hull leak flag controller was initialized successfully
2021-10-19 15:38:50,763:TEST-MODE:INFO: Engine leak flag controller was initialized successfully
2021-10-19 15:38:50,764:TEST-MODE:INFO: Full surface initiated flag controller was initialized successfully
2021-10-19 15:38:50,774:TEST-MODE:INFO: SerialComm was initialized successfully
2021-10-19 15:38:50,800:TEST-MODE:INFO: Profile file loaded successfully

2021-10-19 15:38:50,802:TEST-MODE:INFO: Profile class was initialized successfully

2021-10-19 15:38:50,803:TEST-MODE:INFO: setting state to MissionState.IDLE
2021-10-19 15:38:53,079:TEST-MODE:INFO: 
2021-10-19 15:38:53,081:TEST-MODE:CRITICAL: System shutdown
2021-10-19 15:38:53,083:TEST-MODE:INFO: cleaning (resetting rpi gpio)
2021-10-19 15:38:53,084:TEST-MODE:INFO: sending sleep to nano
2021-10-19 15:38:53,088:TEST-MODE:INFO: waiting_for_nano_sleep
2021-10-19 15:38:53,089:TEST-MODE:INFO: nano is sleeping
