2021-10-07 15:48:11,458:TEST-MODE:WARNING: Safety is disabled
2021-10-07 15:48:11,460:TEST-MODE:WARNING: Test mode
2021-10-07 15:48:11,461:TEST-MODE:INFO: Pressure controller was initialized successfully
2021-10-07 15:48:11,462:TEST-MODE:INFO: BP1 pressure sensor was initialized successfully
2021-10-07 15:48:11,463:TEST-MODE:INFO: BP2 pressure sensor was initialized successfully
2021-10-07 15:48:11,463:TEST-MODE:INFO: TP1 pressure sensor was initialized successfully
2021-10-07 15:48:11,464:TEST-MODE:INFO: TP2 pressure sensor was initialized successfully
2021-10-07 15:48:11,465:TEST-MODE:INFO: HP pressure sensor was initialized successfully
2021-10-07 15:48:11,465:TEST-MODE:INFO: AP pressure sensor was initialized successfully
2021-10-07 15:48:11,466:TEST-MODE:INFO: Temperature controller was initialized successfully
2021-10-07 15:48:11,467:TEST-MODE:INFO: BT1 temperature sensor was initialized successfully
2021-10-07 15:48:11,467:TEST-MODE:INFO: BT2 temperature sensor was initialized successfully
2021-10-07 15:48:11,468:TEST-MODE:INFO: TT1 temperature sensor was initialized successfully
2021-10-07 15:48:11,468:TEST-MODE:INFO: TT2 temperature sensor was initialized successfully
2021-10-07 15:48:11,469:TEST-MODE:INFO: AT temperature sensor was initialized successfully
2021-10-07 15:48:11,470:TEST-MODE:INFO: IMU controller was initialized successfully
2021-10-07 15:48:11,470:TEST-MODE:INFO: X IMU sensor was initialized successfully
2021-10-07 15:48:11,471:TEST-MODE:INFO: Y IMU sensor was initialized successfully
2021-10-07 15:48:11,472:TEST-MODE:INFO: Z IMU sensor was initialized successfully
2021-10-07 15:48:11,472:TEST-MODE:INFO: Bladder volume controller was initialized successfully
2021-10-07 15:48:11,473:TEST-MODE:INFO: Altimeter controller was initialized successfully
2021-10-07 15:48:11,473:TEST-MODE:INFO: rpm controller was initialized successfully
2021-10-07 15:48:11,474:TEST-MODE:INFO: Pump flag controller was initialized successfully
2021-10-07 15:48:11,474:TEST-MODE:INFO: Bladder flag controller was initialized successfully
2021-10-07 15:48:11,475:TEST-MODE:INFO: Hull leak flag controller was initialized successfully
2021-10-07 15:48:11,475:TEST-MODE:INFO: Engine leak flag controller was initialized successfully
2021-10-07 15:48:11,476:TEST-MODE:INFO: Full surface initiated flag controller was initialized successfully
2021-10-07 15:48:11,477:TEST-MODE:DEBUG: attempting to load profile: cfg/profile.txt
2021-10-07 15:48:11,487:TEST-MODE:INFO: Profile file loaded successfully

2021-10-07 15:48:11,487:TEST-MODE:INFO: Profile class was initialized successfully

2021-10-07 15:48:11,488:TEST-MODE:DEBUG: attempting to init serial comm
2021-10-07 15:48:11,488:TEST-MODE:DEBUG:  port:/dev/ttyACM0
2021-10-07 15:48:11,489:TEST-MODE:DEBUG:  baud_rate:115200
2021-10-07 15:48:11,491:TEST-MODE:INFO: SerialComm was initialized successfully
2021-10-07 15:48:11,503:TEST-MODE:DEBUG: mega>rpi: b'.00\r\n'
2021-10-07 15:48:11,516:TEST-MODE:DEBUG: mega>rpi: b'EL:0.00\r\n'
2021-10-07 15:48:11,528:TEST-MODE:DEBUG: mega>rpi: b'BT1:25.10\r\n'
2021-10-07 15:48:11,540:TEST-MODE:DEBUG: mega>rpi: b'BT2:24.61\r\n'
2021-10-07 15:48:11,552:TEST-MODE:DEBUG: mega>rpi: b'BP1:1023.40\r\n'
2021-10-07 15:48:11,564:TEST-MODE:DEBUG: mega>rpi: b'BP2:1034.10\r\n'
2021-10-07 15:48:11,576:TEST-MODE:DEBUG: mega>rpi: b'F:1.00\r\n'
2021-10-07 15:48:11,587:TEST-MODE:DEBUG: mega>rpi: b'X:0.00\r\n'
2021-10-07 15:48:11,599:TEST-MODE:DEBUG: mega>rpi: b'Y:0.04\r\n'
2021-10-07 15:48:11,611:TEST-MODE:DEBUG: mega>rpi: b'Z:0.00\r\n'
2021-10-07 15:48:11,623:TEST-MODE:DEBUG: mega>rpi: b'PD:34.00\r\n'
2021-10-07 15:48:11,634:TEST-MODE:DEBUG: mega>rpi: b'PC:0.00\r\n'
2021-10-07 15:48:11,646:TEST-MODE:DEBUG: mega>rpi: b'LC:191.00\r\n'
2021-10-07 15:48:11,658:TEST-MODE:DEBUG: mega>rpi: b'HL:0.00\r\n'
2021-10-07 15:48:11,670:TEST-MODE:DEBUG: mega>rpi: b'EL:0.00\r\n'
2021-10-07 15:48:11,681:TEST-MODE:DEBUG: mega>rpi: b'BT1:25.10\r\n'
2021-10-07 15:48:11,693:TEST-MODE:DEBUG: mega>rpi: b'BT2:24.61\r\n'
2021-10-07 15:48:11,705:TEST-MODE:DEBUG: mega>rpi: b'BP1:1023.40\r\n'
2021-10-07 15:48:11,717:TEST-MODE:DEBUG: mega>rpi: b'BP2:1034.10\r\n'
2021-10-07 15:48:12,908:TEST-MODE:DEBUG: mega>rpi: b'SU:0.00\r\n'
2021-10-07 15:48:12,941:TEST-MODE:DEBUG: mega>rpi: b'BT1:25.13\r\n'
2021-10-07 15:48:12,963:TEST-MODE:DEBUG: mega>rpi: b'BT2:24.64\r\n'
2021-10-07 15:48:13,026:TEST-MODE:DEBUG: mega>rpi: b'BP1:1022.80\r\n'
2021-10-07 15:48:13,080:TEST-MODE:DEBUG: mega>rpi: b'BP2:1034.00\r\n'
2021-10-07 15:48:13,144:TEST-MODE:DEBUG: mega>rpi: b'HP:1602.80\r\n'
2021-10-07 15:48:13,168:TEST-MODE:DEBUG: mega>rpi: b'AT:23.45\r\n'
2021-10-07 15:48:13,232:TEST-MODE:DEBUG: mega>rpi: b'AP:6135.10\r\n'
2021-10-07 15:48:13,254:TEST-MODE:DEBUG: mega>rpi: b'TT1:24.83\r\n'
2021-10-07 15:48:13,286:TEST-MODE:DEBUG: mega>rpi: b'TT2:24.83\r\n'
2021-10-07 15:48:13,350:TEST-MODE:DEBUG: mega>rpi: b'TP1:1034.70\r\n'
2021-10-07 15:48:13,404:TEST-MODE:DEBUG: mega>rpi: b'TP2:1039.50\r\n'
2021-10-07 15:48:13,415:TEST-MODE:DEBUG: mega>rpi: b'\r\n'
2021-10-07 15:48:13,665:TEST-MODE:DEBUG: mega>rpi: b'X:0.00\r\n'
2021-10-07 15:48:13,676:TEST-MODE:DEBUG: mega>rpi: b'Y:0.00\r\n'
2021-10-07 15:48:13,688:TEST-MODE:DEBUG: mega>rpi: b'Z:0.00\r\n'
2021-10-07 15:48:14,146:TEST-MODE:DEBUG: mega>rpi: b'Date: 10/7/2021 Time: 12:48:17\r\n'
2021-10-07 15:48:15,848:TEST-MODE:DEBUG: mega>rpi: b'SU:1.00\r\n'
2021-10-07 15:48:15,859:TEST-MODE:DEBUG: mega>rpi: b'LC:1.00\r\n'
2021-10-07 15:48:15,933:TEST-MODE:DEBUG: mega>rpi: b'HL:0.00\r\n'
2021-10-07 15:48:15,944:TEST-MODE:DEBUG: mega>rpi: b'EL:0.00\r\n'
2021-10-07 15:48:15,956:TEST-MODE:DEBUG: mega>rpi: b'BT1:25.13\r\n'
2021-10-07 15:48:15,968:TEST-MODE:DEBUG: mega>rpi: b'BT2:24.64\r\n'
2021-10-07 15:48:16,010:TEST-MODE:DEBUG: mega>rpi: b'BP1:1023.60\r\n'
2021-10-07 15:48:16,073:TEST-MODE:DEBUG: mega>rpi: b'BP2:1034.20\r\n'
2021-10-07 15:48:16,135:TEST-MODE:DEBUG: mega>rpi: b'HP:1603.20\r\n'
2021-10-07 15:48:16,147:TEST-MODE:DEBUG: mega>rpi: b'TT1:25.82\r\n'
2021-10-07 15:48:16,159:TEST-MODE:DEBUG: mega>rpi: b'TT2:25.86\r\n'
2021-10-07 15:48:16,211:TEST-MODE:DEBUG: mega>rpi: b'TP1:1035.00\r\n'
2021-10-07 15:48:16,275:TEST-MODE:DEBUG: mega>rpi: b'TP2:1038.90\r\n'
2021-10-07 15:48:16,287:TEST-MODE:DEBUG: mega>rpi: b'AT:24.39\r\n'
2021-10-07 15:48:16,350:TEST-MODE:DEBUG: mega>rpi: b'AP:6124.50\r\n'
2021-10-07 15:48:16,362:TEST-MODE:DEBUG: mega>rpi: b'BV:-467.87\r\n'
2021-10-07 15:48:16,363:TEST-MODE:INFO: BT1             BT2             TT1             TT2             AT              X               Y               Z               BP1             BP2             TP1             TP2             HP              AP              PD    PC   HL EL BF   SF   PF   BV      rpm             State      
2021-10-07 15:48:16,364:TEST-MODE:INFO: Buffering (4/5) Buffering (4/5) Buffering (2/5) Buffering (2/5) Buffering (2/5) Buffering (2/5) Buffering (2/5) Buffering (2/5) Buffering (4/5) Buffering (4/5) Buffering (2/5) Buffering (2/5) Buffering (2/5) Buffering (2/5) 34.00 0.00 0  0  None None None -467.87 Buffering (0/1) State.STOP 
2021-10-07 15:48:16,364:TEST-MODE:WARNING: Stopped
2021-10-07 15:48:16,376:TEST-MODE:DEBUG: mega>rpi: b'BF:1.00\r\n'
2021-10-07 15:48:16,388:TEST-MODE:DEBUG: mega>rpi: b'X:0.00\r\n'
2021-10-07 15:48:16,399:TEST-MODE:DEBUG: mega>rpi: b'Y:0.00\r\n'
2021-10-07 15:48:16,410:TEST-MODE:DEBUG: mega>rpi: b'Z:0.00\r\n'
2021-10-07 15:48:16,422:TEST-MODE:DEBUG: mega>rpi: b'PD:37.00\r\n'
2021-10-07 15:48:16,433:TEST-MODE:DEBUG: mega>rpi: b'PC:21.00\r\n'
2021-10-07 15:48:16,445:TEST-MODE:DEBUG: mega>rpi: b'LC:2.00\r\n'
2021-10-07 15:48:16,477:TEST-MODE:DEBUG: mega>rpi: b'HL:0.00\r\n'
2021-10-07 15:48:16,488:TEST-MODE:DEBUG: mega>rpi: b'EL:0.00\r\n'
2021-10-07 15:48:16,500:TEST-MODE:DEBUG: mega>rpi: b'BT1:25.13\r\n'
2021-10-07 15:48:16,511:TEST-MODE:DEBUG: mega>rpi: b'BT2:24.64\r\n'
2021-10-07 15:48:16,564:TEST-MODE:DEBUG: mega>rpi: b'BP1:1023.50\r\n'
2021-10-07 15:48:16,627:TEST-MODE:DEBUG: mega>rpi: b'BP2:1034.30\r\n'
2021-10-07 15:48:16,681:TEST-MODE:DEBUG: mega>rpi: b'HP:1602.30\r\n'
2021-10-07 15:48:16,704:TEST-MODE:DEBUG: mega>rpi: b'TT1:25.83\r\n'
2021-10-07 15:48:16,716:TEST-MODE:DEBUG: mega>rpi: b'TT2:25.84\r\n'
2021-10-07 15:48:16,770:TEST-MODE:DEBUG: mega>rpi: b'TP1:1035.00\r\n'
2021-10-07 15:48:16,825:TEST-MODE:DEBUG: mega>rpi: b'TP2:1039.60\r\n'
2021-10-07 15:48:16,848:TEST-MODE:DEBUG: mega>rpi: b'AT:24.39\r\n'
2021-10-07 15:48:16,901:TEST-MODE:DEBUG: mega>rpi: b'AP:6124.40\r\n'
2021-10-07 15:48:16,913:TEST-MODE:DEBUG: mega>rpi: b'BV:-467.87\r\n'
2021-10-07 15:48:16,915:TEST-MODE:INFO: BT1   BT2   TT1             TT2             AT              X               Y               Z               BP1     BP2     TP1             TP2             HP              AP              PD    PC    HL EL BF SF   PF   BV      rpm             State      
2021-10-07 15:48:16,917:TEST-MODE:INFO: 25.12 24.63 Buffering (3/5) Buffering (3/5) Buffering (3/5) Buffering (3/5) Buffering (3/5) Buffering (3/5) 1023.34 1034.14 Buffering (3/5) Buffering (3/5) Buffering (3/5) Buffering (3/5) 37.00 21.00 0  0  1  None None -467.87 Buffering (0/1) State.STOP 
2021-10-07 15:48:16,917:TEST-MODE:WARNING: Stopped
2021-10-07 15:48:16,930:TEST-MODE:DEBUG: mega>rpi: b'BF:1.00\r\n'
2021-10-07 15:48:16,942:TEST-MODE:DEBUG: mega>rpi: b'X:0.01\r\n'
2021-10-07 15:48:16,954:TEST-MODE:DEBUG: mega>rpi: b'Y:-0.01\r\n'
2021-10-07 15:48:16,966:TEST-MODE:DEBUG: mega>rpi: b'Z:0.00\r\n'
2021-10-07 15:48:16,979:TEST-MODE:DEBUG: mega>rpi: b'PD:37.00\r\n'
2021-10-07 15:48:16,991:TEST-MODE:DEBUG: mega>rpi: b'PC:9.00\r\n'
2021-10-07 15:48:17,003:TEST-MODE:DEBUG: mega>rpi: b'LC:3.00\r\n'
2021-10-07 15:48:17,025:TEST-MODE:DEBUG: mega>rpi: b'HL:0.00\r\n'
2021-10-07 15:48:17,037:TEST-MODE:DEBUG: mega>rpi: b'EL:0.00\r\n'
2021-10-07 15:48:17,049:TEST-MODE:DEBUG: mega>rpi: b'BT1:25.13\r\n'
2021-10-07 15:48:17,062:TEST-MODE:DEBUG: mega>rpi: b'BT2:24.64\r\n'
2021-10-07 15:48:17,115:TEST-MODE:DEBUG: mega>rpi: b'BP1:1023.40\r\n'
2021-10-07 15:48:17,169:TEST-MODE:DEBUG: mega>rpi: b'BP2:1034.00\r\n'
2021-10-07 15:48:17,222:TEST-MODE:DEBUG: mega>rpi: b'HP:1602.80\r\n'
2021-10-07 15:48:17,245:TEST-MODE:DEBUG: mega>rpi: b'TT1:25.83\r\n'
2021-10-07 15:48:17,257:TEST-MODE:DEBUG: mega>rpi: b'TT2:25.84\r\n'
2021-10-07 15:48:17,311:TEST-MODE:DEBUG: mega>rpi: b'TP1:1034.60\r\n'
2021-10-07 15:48:17,366:TEST-MODE:DEBUG: mega>rpi: b'TP2:1039.50\r\n'
2021-10-07 15:48:17,378:TEST-MODE:DEBUG: mega>rpi: b'AT:24.39\r\n'
2021-10-07 15:48:17,442:TEST-MODE:DEBUG: mega>rpi: b'AP:6125.00\r\n'
2021-10-07 15:48:17,455:TEST-MODE:DEBUG: mega>rpi: b'BV:-467.89\r\n'
2021-10-07 15:48:17,456:TEST-MODE:INFO: BT1   BT2   TT1             TT2             AT              X               Y               Z               BP1     BP2     TP1             TP2             HP              AP              PD    PC   HL EL BF SF   PF   BV      rpm             State      
2021-10-07 15:48:17,458:TEST-MODE:INFO: 25.12 24.63 Buffering (4/5) Buffering (4/5) Buffering (4/5) Buffering (4/5) Buffering (4/5) Buffering (4/5) 1023.34 1034.12 Buffering (4/5) Buffering (4/5) Buffering (4/5) Buffering (4/5) 37.00 9.00 0  0  1  None None -467.89 Buffering (0/1) State.STOP 
2021-10-07 15:48:17,459:TEST-MODE:WARNING: Stopped
2021-10-07 15:48:17,471:TEST-MODE:DEBUG: mega>rpi: b'BF:1.00\r\n'
2021-10-07 15:48:17,483:TEST-MODE:DEBUG: mega>rpi: b'X:-0.00\r\n'
2021-10-07 15:48:17,496:TEST-MODE:DEBUG: mega>rpi: b'Y:-0.01\r\n'
2021-10-07 15:48:17,508:TEST-MODE:DEBUG: mega>rpi: b'Z:0.00\r\n'
2021-10-07 15:48:17,520:TEST-MODE:DEBUG: mega>rpi: b'PD:33.00\r\n'
2021-10-07 15:48:17,532:TEST-MODE:DEBUG: mega>rpi: b'PC:6.00\r\n'
2021-10-07 15:48:17,544:TEST-MODE:DEBUG: mega>rpi: b'LC:4.00\r\n'
2021-10-07 15:48:17,587:TEST-MODE:DEBUG: mega>rpi: b'HL:0.00\r\n'
2021-10-07 15:48:17,599:TEST-MODE:DEBUG: mega>rpi: b'EL:0.00\r\n'
2021-10-07 15:48:17,611:TEST-MODE:DEBUG: mega>rpi: b'BT1:25.13\r\n'
2021-10-07 15:48:17,624:TEST-MODE:DEBUG: mega>rpi: b'BT2:24.64\r\n'
2021-10-07 15:48:17,678:TEST-MODE:DEBUG: mega>rpi: b'BP1:1023.30\r\n'
2021-10-07 15:48:17,731:TEST-MODE:DEBUG: mega>rpi: b'BP2:1034.10\r\n'
2021-10-07 15:48:17,788:TEST-MODE:DEBUG: mega>rpi: b'HP:1602.50\r\n'
2021-10-07 15:48:17,810:TEST-MODE:DEBUG: mega>rpi: b'TT1:25.82\r\n'
2021-10-07 15:48:17,823:TEST-MODE:DEBUG: mega>rpi: b'TT2:25.85\r\n'
2021-10-07 15:48:17,876:TEST-MODE:DEBUG: mega>rpi: b'TP1:1034.30\r\n'
2021-10-07 15:48:17,940:TEST-MODE:DEBUG: mega>rpi: b'TP2:1039.70\r\n'
2021-10-07 15:48:17,952:TEST-MODE:DEBUG: mega>rpi: b'AT:24.39\r\n'
2021-10-07 15:48:18,006:TEST-MODE:DEBUG: mega>rpi: b'AP:6124.40\r\n'
2021-10-07 15:48:18,018:TEST-MODE:DEBUG: mega>rpi: b'BV:-467.87\r\n'
2021-10-07 15:48:18,020:TEST-MODE:INFO: BT1   BT2   TT1   TT2   AT    X    Y    Z    BP1     BP2     TP1     TP2     HP      AP      PD    PC   HL EL BF SF   PF   BV      rpm             State      
2021-10-07 15:48:18,021:TEST-MODE:INFO: 25.13 24.64 25.63 25.64 24.20 0.00 0.00 0.00 1023.32 1034.12 1034.72 1039.44 1602.72 6126.68 33.00 6.00 0  0  1  None None -467.87 Buffering (0/1) State.STOP 
2021-10-07 15:48:18,023:TEST-MODE:WARNING: Stopped
2021-10-07 15:48:18,035:TEST-MODE:DEBUG: mega>rpi: b'BF:1.00\r\n'
2021-10-07 15:48:18,047:TEST-MODE:DEBUG: mega>rpi: b'X:0.00\r\n'
2021-10-07 15:48:18,059:TEST-MODE:DEBUG: mega>rpi: b'Y:0.02\r\n'
2021-10-07 15:48:18,073:TEST-MODE:DEBUG: mega>rpi: b'Z:0.00\r\n'
2021-10-07 15:48:18,085:TEST-MODE:DEBUG: mega>rpi: b'PD:30.00\r\n'
2021-10-07 15:48:18,097:TEST-MODE:DEBUG: mega>rpi: b'PC:17.00\r\n'
2021-10-07 15:48:18,109:TEST-MODE:DEBUG: mega>rpi: b'LC:5.00\r\n'
2021-10-07 15:48:18,121:TEST-MODE:DEBUG: mega>rpi: b'HL:0.00\r\n'
2021-10-07 15:48:18,133:TEST-MODE:DEBUG: mega>rpi: b'EL:0.00\r\n'
2021-10-07 15:48:18,146:TEST-MODE:DEBUG: mega>rpi: b'BT1:25.13\r\n'
2021-10-07 15:48:18,158:TEST-MODE:DEBUG: mega>rpi: b'BT2:24.64\r\n'
2021-10-07 15:48:18,194:TEST-MODE:DEBUG: mega>rpi: b'BP1:1022.80\r\n'
2021-10-07 15:48:18,259:TEST-MODE:DEBUG: mega>rpi: b'BP2:1034.60\r\n'
2021-10-07 15:48:18,308:TEST-MODE:DEBUG: mega>rpi: b'HP:1602.90\r\n'
2021-10-07 15:48:18,331:TEST-MODE:DEBUG: mega>rpi: b'TT1:25.82\r\n'
2021-10-07 15:48:18,343:TEST-MODE:DEBUG: mega>rpi: b'TT2:25.84\r\n'
2021-10-07 15:48:18,397:TEST-MODE:DEBUG: mega>rpi: b'TP1:1034.70\r\n'
2021-10-07 15:48:18,460:TEST-MODE:DEBUG: mega>rpi: b'TP2:1039.30\r\n'
2021-10-07 15:48:18,473:TEST-MODE:DEBUG: mega>rpi: b'AT:24.39\r\n'
2021-10-07 15:48:18,526:TEST-MODE:DEBUG: mega>rpi: b'AP:6125.00\r\n'
2021-10-07 15:48:18,539:TEST-MODE:DEBUG: mega>rpi: b'BV:-467.89\r\n'
2021-10-07 15:48:18,541:TEST-MODE:INFO: BT1   BT2   TT1   TT2   AT    X    Y    Z    BP1     BP2     TP1     TP2     HP      AP      PD    PC    HL EL BF SF   PF   BV      rpm             State      
2021-10-07 15:48:18,542:TEST-MODE:INFO: 25.13 24.64 25.82 25.85 24.39 0.00 0.00 0.00 1023.32 1034.24 1034.72 1039.40 1602.74 6124.66 30.00 17.00 0  0  1  None None -467.89 Buffering (0/1) State.STOP 
2021-10-07 15:48:18,543:TEST-MODE:WARNING: Stopped
2021-10-07 15:48:18,556:TEST-MODE:DEBUG: mega>rpi: b'BF:1.00\r\n'
2021-10-07 15:48:18,619:TEST-MODE:DEBUG: mega>rpi: b'PD:36.00\r\n'
2021-10-07 15:48:18,631:TEST-MODE:DEBUG: mega>rpi: b'PC:7.00\r\n'
2021-10-07 15:48:18,644:TEST-MODE:DEBUG: mega>rpi: b'LC:6.00\r\n'
2021-10-07 15:48:18,697:TEST-MODE:DEBUG: mega>rpi: b'HL:0.00\r\n'
2021-10-07 15:48:18,709:TEST-MODE:DEBUG: mega>rpi: b'EL:0.00\r\n'
2021-10-07 15:48:18,722:TEST-MODE:DEBUG: mega>rpi: b'BT1:25.13\r\n'
2021-10-07 15:48:18,734:TEST-MODE:DEBUG: mega>rpi: b'BT2:24.64\r\n'
2021-10-07 15:48:18,788:TEST-MODE:DEBUG: mega>rpi: b'BP1:1023.60\r\n'
2021-10-07 15:48:18,843:TEST-MODE:DEBUG: mega>rpi: b'BP2:1034.50\r\n'
2021-10-07 15:48:18,896:TEST-MODE:DEBUG: mega>rpi: b'HP:1602.50\r\n'
2021-10-07 15:48:18,910:TEST-MODE:DEBUG: mega>rpi: b'TT1:25.82\r\n'
2021-10-07 15:48:18,932:TEST-MODE:DEBUG: mega>rpi: b'TT2:25.83\r\n'
2021-10-07 15:48:18,986:TEST-MODE:DEBUG: mega>rpi: b'TP1:1034.80\r\n'
2021-10-07 15:48:19,041:TEST-MODE:DEBUG: mega>rpi: b'TP2:1039.50\r\n'
2021-10-07 15:48:19,063:TEST-MODE:DEBUG: mega>rpi: b'AT:24.39\r\n'
2021-10-07 15:48:19,117:TEST-MODE:DEBUG: mega>rpi: b'AP:6125.60\r\n'
2021-10-07 15:48:19,130:TEST-MODE:DEBUG: mega>rpi: b'BV:-467.91\r\n'
2021-10-07 15:48:19,132:TEST-MODE:INFO: BT1   BT2   TT1   TT2   AT    X    Y    Z    BP1     BP2     TP1     TP2     HP      AP      PD    PC   HL EL BF SF   PF   BV      rpm             State      
2021-10-07 15:48:19,133:TEST-MODE:INFO: 25.13 24.64 25.82 25.84 24.39 0.00 0.00 0.00 1023.32 1034.30 1034.68 1039.52 1602.60 6124.88 36.00 7.00 0  0  1  None None -467.91 Buffering (0/1) State.STOP 
2021-10-07 15:48:19,134:TEST-MODE:WARNING: Stopped
2021-10-07 15:48:19,147:TEST-MODE:DEBUG: mega>rpi: b'BF:1.00\r\n'
2021-10-07 15:48:19,159:TEST-MODE:DEBUG: mega>rpi: b'X:0.00\r\n'
2021-10-07 15:48:19,171:TEST-MODE:DEBUG: mega>rpi: b'Y:-0.02\r\n'
2021-10-07 15:48:19,183:TEST-MODE:DEBUG: mega>rpi: b'Z:0.00\r\n'
2021-10-07 15:48:19,196:TEST-MODE:DEBUG: mega>rpi: b'PD:39.00\r\n'
2021-10-07 15:48:19,208:TEST-MODE:DEBUG: mega>rpi: b'PC:9.00\r\n'
2021-10-07 15:48:19,220:TEST-MODE:DEBUG: mega>rpi: b'LC:7.00\r\n'
2021-10-07 15:48:19,232:TEST-MODE:DEBUG: mega>rpi: b'HL:0.00\r\n'
2021-10-07 15:48:19,244:TEST-MODE:DEBUG: mega>rpi: b'EL:0.00\r\n'
2021-10-07 15:48:19,257:TEST-MODE:DEBUG: mega>rpi: b'BT1:25.13\r\n'
2021-10-07 15:48:19,269:TEST-MODE:DEBUG: mega>rpi: b'BT2:24.64\r\n'
2021-10-07 15:48:19,304:TEST-MODE:DEBUG: mega>rpi: b'BP1:1023.00\r\n'
2021-10-07 15:48:19,358:TEST-MODE:DEBUG: mega>rpi: b'BP2:1033.90\r\n'
2021-10-07 15:48:19,422:TEST-MODE:DEBUG: mega>rpi: b'HP:1602.40\r\n'
2021-10-07 15:48:19,434:TEST-MODE:DEBUG: mega>rpi: b'TT1:25.82\r\n'
2021-10-07 15:48:19,447:TEST-MODE:DEBUG: mega>rpi: b'TT2:25.84\r\n'
2021-10-07 15:48:19,500:TEST-MODE:DEBUG: mega>rpi: b'TP1:1034.60\r\n'
2021-10-07 15:48:19,564:TEST-MODE:DEBUG: mega>rpi: b'TP2:1039.70\r\n'
2021-10-07 15:48:19,577:TEST-MODE:DEBUG: mega>rpi: b'AT:24.39\r\n'
2021-10-07 15:48:19,631:TEST-MODE:DEBUG: mega>rpi: b'AP:6124.60\r\n'
2021-10-07 15:48:19,644:TEST-MODE:DEBUG: mega>rpi: b'BV:-467.87\r\n'
2021-10-07 15:48:19,646:TEST-MODE:INFO: BT1   BT2   TT1   TT2   AT    X    Y     Z    BP1     BP2     TP1     TP2     HP      AP      PD    PC   HL EL BF SF   PF   BV      rpm             State      
2021-10-07 15:48:19,648:TEST-MODE:INFO: 25.13 24.64 25.82 25.84 24.39 0.00 -0.00 0.00 1023.22 1034.22 1034.60 1039.54 1602.62 6124.92 39.00 9.00 0  0  1  None None -467.87 Buffering (0/1) State.STOP 
2021-10-07 15:48:19,649:TEST-MODE:WARNING: Stopped
2021-10-07 15:48:19,662:TEST-MODE:DEBUG: mega>rpi: b'BF:1.00\r\n'
2021-10-07 15:48:19,674:TEST-MODE:DEBUG: mega>rpi: b'PD:39.00\r\n'
2021-10-07 15:48:19,686:TEST-MODE:DEBUG: mega>rpi: b'PC:0.00\r\n'
2021-10-07 15:48:19,698:TEST-MODE:DEBUG: mega>rpi: b'LC:8.00\r\n'
2021-10-07 15:48:19,752:TEST-MODE:DEBUG: mega>rpi: b'HL:0.00\r\n'
2021-10-07 15:48:19,764:TEST-MODE:DEBUG: mega>rpi: b'EL:0.00\r\n'
2021-10-07 15:48:19,776:TEST-MODE:DEBUG: mega>rpi: b'BT1:25.13\r\n'
2021-10-07 15:48:19,789:TEST-MODE:DEBUG: mega>rpi: b'BT2:24.64\r\n'
2021-10-07 15:48:19,843:TEST-MODE:DEBUG: mega>rpi: b'BP1:1023.50\r\n'
2021-10-07 15:48:19,897:TEST-MODE:DEBUG: mega>rpi: b'BP2:1034.20\r\n'
2021-10-07 15:48:19,960:TEST-MODE:DEBUG: mega>rpi: b'HP:1602.80\r\n'
2021-10-07 15:48:19,973:TEST-MODE:DEBUG: mega>rpi: b'TT1:25.82\r\n'
2021-10-07 15:48:19,985:TEST-MODE:DEBUG: mega>rpi: b'TT2:25.84\r\n'
2021-10-07 15:48:20,040:TEST-MODE:DEBUG: mega>rpi: b'TP1:1035.30\r\n'
2021-10-07 15:48:20,104:TEST-MODE:DEBUG: mega>rpi: b'TP2:1039.60\r\n'
2021-10-07 15:48:20,116:TEST-MODE:DEBUG: mega>rpi: b'AT:24.39\r\n'
2021-10-07 15:48:20,170:TEST-MODE:DEBUG: mega>rpi: b'AP:6124.70\r\n'
2021-10-07 15:48:20,183:TEST-MODE:DEBUG: mega>rpi: b'BV:-467.88\r\n'
2021-10-07 15:48:20,185:TEST-MODE:INFO: BT1   BT2   TT1   TT2   AT    X    Y     Z    BP1     BP2     TP1     TP2     HP      AP      PD    PC   HL EL BF SF   PF   BV      rpm             State      
2021-10-07 15:48:20,187:TEST-MODE:INFO: 25.13 24.64 25.82 25.84 24.39 0.00 -0.00 0.00 1023.24 1034.26 1034.74 1039.56 1602.62 6124.86 39.00 0.00 0  0  1  None None -467.88 Buffering (0/1) State.STOP 
2021-10-07 15:48:20,188:TEST-MODE:WARNING: Stopped
2021-10-07 15:48:20,201:TEST-MODE:DEBUG: mega>rpi: b'BF:1.00\r\n'
2021-10-07 15:48:20,214:TEST-MODE:DEBUG: mega>rpi: b'X:0.00\r\n'
2021-10-07 15:48:20,226:TEST-MODE:DEBUG: mega>rpi: b'Y:0.04\r\n'
2021-10-07 15:48:20,238:TEST-MODE:DEBUG: mega>rpi: b'Z:0.00\r\n'
2021-10-07 15:48:20,251:TEST-MODE:DEBUG: mega>rpi: b'PD:31.00\r\n'
2021-10-07 15:48:20,263:TEST-MODE:DEBUG: mega>rpi: b'PC:0.00\r\n'
2021-10-07 15:48:20,276:TEST-MODE:DEBUG: mega>rpi: b'LC:9.00\r\n'
2021-10-07 15:48:20,329:TEST-MODE:DEBUG: mega>rpi: b'HL:0.00\r\n'
2021-10-07 15:48:20,341:TEST-MODE:DEBUG: mega>rpi: b'EL:0.00\r\n'
2021-10-07 15:48:20,353:TEST-MODE:DEBUG: mega>rpi: b'BT1:25.13\r\n'
2021-10-07 15:48:20,366:TEST-MODE:DEBUG: mega>rpi: b'BT2:24.64\r\n'
2021-10-07 15:48:20,409:TEST-MODE:DEBUG: mega>rpi: b'BP1:1023.40\r\n'
2021-10-07 15:48:20,463:TEST-MODE:DEBUG: mega>rpi: b'BP2:1034.30\r\n'
2021-10-07 15:48:20,527:TEST-MODE:DEBUG: mega>rpi: b'HP:1602.30\r\n'
2021-10-07 15:48:20,540:TEST-MODE:DEBUG: mega>rpi: b'TT1:25.82\r\n'
2021-10-07 15:48:20,553:TEST-MODE:DEBUG: mega>rpi: b'TT2:25.83\r\n'
2021-10-07 15:48:20,607:TEST-MODE:DEBUG: mega>rpi: b'TP1:1035.20\r\n'
2021-10-07 15:48:20,671:TEST-MODE:DEBUG: mega>rpi: b'TP2:1039.40\r\n'
2021-10-07 15:48:20,683:TEST-MODE:DEBUG: mega>rpi: b'AT:24.39\r\n'
2021-10-07 15:48:20,748:TEST-MODE:DEBUG: mega>rpi: b'AP:6124.80\r\n'
2021-10-07 15:48:20,760:TEST-MODE:DEBUG: mega>rpi: b'BV:-467.88\r\n'
2021-10-07 15:48:20,763:TEST-MODE:INFO: BT1   BT2   TT1   TT2   AT    X    Y    Z    BP1     BP2     TP1     TP2     HP      AP      PD    PC   HL EL BF SF   PF   BV      rpm             State      
2021-10-07 15:48:20,764:TEST-MODE:INFO: 25.13 24.64 25.82 25.84 24.39 0.00 0.00 0.00 1023.26 1034.30 1034.92 1039.50 1602.58 6124.94 31.00 0.00 0  0  1  None None -467.88 Buffering (0/1) State.STOP 
2021-10-07 15:48:20,765:TEST-MODE:WARNING: Stopped
2021-10-07 15:48:20,778:TEST-MODE:DEBUG: mega>rpi: b'BF:1.00\r\n'
2021-10-07 15:48:20,790:TEST-MODE:DEBUG: mega>rpi: b'PD:34.00\r\n'
2021-10-07 15:48:20,804:TEST-MODE:DEBUG: mega>rpi: b'PC:0.00\r\n'
2021-10-07 15:48:20,817:TEST-MODE:DEBUG: mega>rpi: b'LC:10.00\r\n'
2021-10-07 15:48:20,850:TEST-MODE:DEBUG: mega>rpi: b'HL:0.00\r\n'
2021-10-07 15:48:20,862:TEST-MODE:DEBUG: mega>rpi: b'EL:0.00\r\n'
2021-10-07 15:48:20,874:TEST-MODE:DEBUG: mega>rpi: b'BT1:25.13\r\n'
2021-10-07 15:48:20,886:TEST-MODE:DEBUG: mega>rpi: b'BT2:24.64\r\n'
2021-10-07 15:48:20,930:TEST-MODE:DEBUG: mega>rpi: b'BP1:1023.60\r\n'
2021-10-07 15:48:20,994:TEST-MODE:DEBUG: mega>rpi: b'BP2:1034.60\r\n'
2021-10-07 15:48:21,047:TEST-MODE:DEBUG: mega>rpi: b'HP:1602.50\r\n'
2021-10-07 15:48:21,071:TEST-MODE:DEBUG: mega>rpi: b'TT1:25.81\r\n'
2021-10-07 15:48:21,083:TEST-MODE:DEBUG: mega>rpi: b'TT2:25.83\r\n'
2021-10-07 15:48:21,137:TEST-MODE:DEBUG: mega>rpi: b'TP1:1035.10\r\n'
2021-10-07 15:48:21,192:TEST-MODE:DEBUG: mega>rpi: b'TP2:1039.10\r\n'
2021-10-07 15:48:21,215:TEST-MODE:DEBUG: mega>rpi: b'AT:24.39\r\n'
2021-10-07 15:48:21,269:TEST-MODE:DEBUG: mega>rpi: b'AP:6124.70\r\n'
2021-10-07 15:48:21,282:TEST-MODE:DEBUG: mega>rpi: b'BV:-467.88\r\n'
2021-10-07 15:48:21,284:TEST-MODE:INFO: BT1   BT2   TT1   TT2   AT    X    Y    Z    BP1     BP2     TP1     TP2     HP      AP      PD    PC   HL EL BF SF   PF   BV      rpm             State      
2021-10-07 15:48:21,286:TEST-MODE:INFO: 25.13 24.64 25.82 25.83 24.39 0.00 0.00 0.00 1023.42 1034.30 1035.00 1039.46 1602.50 6124.88 34.00 0.00 0  0  1  None None -467.88 Buffering (0/1) State.STOP 
2021-10-07 15:48:21,289:TEST-MODE:WARNING: Stopped
2021-10-07 15:48:21,302:TEST-MODE:DEBUG: mega>rpi: b'BF:1.00\r\n'
2021-10-07 15:48:21,315:TEST-MODE:DEBUG: mega>rpi: b'X:-0.00\r\n'
2021-10-07 15:48:21,328:TEST-MODE:DEBUG: mega>rpi: b'Y:-0.02\r\n'
2021-10-07 15:48:21,341:TEST-MODE:DEBUG: mega>rpi: b'Z:0.00\r\n'
2021-10-07 15:48:21,353:TEST-MODE:DEBUG: mega>rpi: b'PD:35.00\r\n'
2021-10-07 15:48:21,366:TEST-MODE:DEBUG: mega>rpi: b'PC:0.00\r\n'
2021-10-07 15:48:21,378:TEST-MODE:DEBUG: mega>rpi: b'LC:11.00\r\n'
2021-10-07 15:48:21,431:TEST-MODE:DEBUG: mega>rpi: b'HL:0.00\r\n'
2021-10-07 15:48:21,442:TEST-MODE:DEBUG: mega>rpi: b'EL:0.00\r\n'
2021-10-07 15:48:21,454:TEST-MODE:DEBUG: mega>rpi: b'BT1:25.13\r\n'
2021-10-07 15:48:21,466:TEST-MODE:DEBUG: mega>rpi: b'BT2:24.64\r\n'
2021-10-07 15:48:21,518:TEST-MODE:DEBUG: mega>rpi: b'BP1:1023.40\r\n'
2021-10-07 15:48:21,581:TEST-MODE:DEBUG: mega>rpi: b'BP2:1034.20\r\n'
2021-10-07 15:48:21,643:TEST-MODE:DEBUG: mega>rpi: b'HP:1602.80\r\n'
2021-10-07 15:48:21,655:TEST-MODE:DEBUG: mega>rpi: b'TT1:25.81\r\n'
2021-10-07 15:48:21,667:TEST-MODE:DEBUG: mega>rpi: b'TT2:25.83\r\n'
2021-10-07 15:48:21,719:TEST-MODE:DEBUG: mega>rpi: b'TP1:1034.90\r\n'
2021-10-07 15:48:21,782:TEST-MODE:DEBUG: mega>rpi: b'TP2:1039.40\r\n'
2021-10-07 15:48:21,794:TEST-MODE:DEBUG: mega>rpi: b'AT:24.39\r\n'
2021-10-07 15:48:21,850:TEST-MODE:DEBUG: mega>rpi: b'AP:6125.00\r\n'
2021-10-07 15:48:21,862:TEST-MODE:DEBUG: mega>rpi: b'BV:-467.89\r\n'
2021-10-07 15:48:21,863:TEST-MODE:INFO: BT1   BT2   TT1   TT2   AT    X    Y    Z    BP1     BP2     TP1     TP2     HP      AP      PD    PC   HL EL BF SF   PF   BV      rpm             State      
2021-10-07 15:48:21,864:TEST-MODE:INFO: 25.13 24.64 25.82 25.83 24.39 0.00 0.00 0.00 1023.38 1034.24 1035.02 1039.44 1602.56 6124.76 35.00 0.00 0  0  1  None None -467.89 Buffering (0/1) State.STOP 
2021-10-07 15:48:21,865:TEST-MODE:WARNING: Stopped
2021-10-07 15:48:21,877:TEST-MODE:DEBUG: mega>rpi: b'BF:1.00\r\n'
2021-10-07 15:48:21,889:TEST-MODE:DEBUG: mega>rpi: b'X:-0.00\r\n'
2021-10-07 15:48:21,900:TEST-MODE:DEBUG: mega>rpi: b'Y:-0.01\r\n'
2021-10-07 15:48:21,912:TEST-MODE:DEBUG: mega>rpi: b'Z:0.00\r\n'
2021-10-07 15:48:21,923:TEST-MODE:DEBUG: mega>rpi: b'PD:32.00\r\n'
2021-10-07 15:48:21,936:TEST-MODE:DEBUG: mega>rpi: b'PC:0.00\r\n'
2021-10-07 15:48:21,947:TEST-MODE:DEBUG: mega>rpi: b'LC:12.00\r\n'
2021-10-07 15:48:21,959:TEST-MODE:DEBUG: mega>rpi: b'HL:0.00\r\n'
2021-10-07 15:48:21,970:TEST-MODE:DEBUG: mega>rpi: b'EL:0.00\r\n'
2021-10-07 15:48:21,982:TEST-MODE:DEBUG: mega>rpi: b'BT1:25.13\r\n'
2021-10-07 15:48:21,993:TEST-MODE:DEBUG: mega>rpi: b'BT2:24.64\r\n'
2021-10-07 15:48:22,046:TEST-MODE:DEBUG: mega>rpi: b'BP1:1023.40\r\n'
2021-10-07 15:48:22,099:TEST-MODE:DEBUG: mega>rpi: b'BP2:1033.90\r\n'
2021-10-07 15:48:22,163:TEST-MODE:DEBUG: mega>rpi: b'HP:1602.70\r\n'
2021-10-07 15:48:22,175:TEST-MODE:DEBUG: mega>rpi: b'TT1:25.81\r\n'
2021-10-07 15:48:22,188:TEST-MODE:DEBUG: mega>rpi: b'TT2:25.83\r\n'
2021-10-07 15:48:22,241:TEST-MODE:DEBUG: mega>rpi: b'TP1:1035.10\r\n'
2021-10-07 15:48:22,306:TEST-MODE:DEBUG: mega>rpi: b'TP2:1039.70\r\n'
2021-10-07 15:48:22,318:TEST-MODE:DEBUG: mega>rpi: b'AT:24.39\r\n'
2021-10-07 15:48:22,382:TEST-MODE:DEBUG: mega>rpi: b'AP:6125.10\r\n'
2021-10-07 15:48:22,394:TEST-MODE:DEBUG: mega>rpi: b'BV:-467.89\r\n'
2021-10-07 15:48:22,397:TEST-MODE:INFO: BT1   BT2   TT1   TT2   AT    X    Y    Z    BP1     BP2     TP1     TP2     HP      AP      PD    PC   HL EL BF SF   PF   BV      rpm             State      
2021-10-07 15:48:22,398:TEST-MODE:INFO: 25.13 24.64 25.81 25.83 24.39 0.00 0.00 0.00 1023.46 1034.24 1035.12 1039.44 1602.62 6124.86 32.00 0.00 0  0  1  None None -467.89 Buffering (0/1) State.STOP 
2021-10-07 15:48:22,399:TEST-MODE:WARNING: Stopped
2021-10-07 15:48:22,412:TEST-MODE:DEBUG: mega>rpi: b'BF:1.00\r\n'
2021-10-07 15:48:22,424:TEST-MODE:DEBUG: mega>rpi: b'PD:28.00\r\n'
2021-10-07 15:48:22,436:TEST-MODE:DEBUG: mega>rpi: b'PC:0.00\r\n'
2021-10-07 15:48:22,449:TEST-MODE:DEBUG: mega>rpi: b'LC:13.00\r\n'
2021-10-07 15:48:22,471:TEST-MODE:DEBUG: mega>rpi: b'HL:0.00\r\n'
2021-10-07 15:48:22,483:TEST-MODE:DEBUG: mega>rpi: b'EL:0.00\r\n'
2021-10-07 15:48:22,495:TEST-MODE:DEBUG: mega>rpi: b'BT1:25.13\r\n'
2021-10-07 15:48:22,507:TEST-MODE:DEBUG: mega>rpi: b'BT2:24.64\r\n'
2021-10-07 15:48:22,562:TEST-MODE:DEBUG: mega>rpi: b'BP1:1023.40\r\n'
2021-10-07 15:48:22,616:TEST-MODE:DEBUG: mega>rpi: b'BP2:1034.10\r\n'
2021-10-07 15:48:22,670:TEST-MODE:DEBUG: mega>rpi: b'HP:1602.90\r\n'
2021-10-07 15:48:22,682:TEST-MODE:DEBUG: mega>rpi: b'TT1:25.81\r\n'
2021-10-07 15:48:22,705:TEST-MODE:DEBUG: mega>rpi: b'TT2:25.83\r\n'
2021-10-07 15:48:22,759:TEST-MODE:DEBUG: mega>rpi: b'TP1:1034.90\r\n'
