2021-10-07 15:51:09,121:TEST-MODE:WARNING: Safety is disabled
2021-10-07 15:51:09,122:TEST-MODE:WARNING: Test mode
2021-10-07 15:51:09,123:TEST-MODE:INFO: Pressure controller was initialized successfully
2021-10-07 15:51:09,125:TEST-MODE:INFO: BP1 pressure sensor was initialized successfully
2021-10-07 15:51:09,125:TEST-MODE:INFO: BP2 pressure sensor was initialized successfully
2021-10-07 15:51:09,126:TEST-MODE:INFO: TP1 pressure sensor was initialized successfully
2021-10-07 15:51:09,127:TEST-MODE:INFO: TP2 pressure sensor was initialized successfully
2021-10-07 15:51:09,127:TEST-MODE:INFO: HP pressure sensor was initialized successfully
2021-10-07 15:51:09,128:TEST-MODE:INFO: AP pressure sensor was initialized successfully
2021-10-07 15:51:09,129:TEST-MODE:INFO: Temperature controller was initialized successfully
2021-10-07 15:51:09,129:TEST-MODE:INFO: BT1 temperature sensor was initialized successfully
2021-10-07 15:51:09,130:TEST-MODE:INFO: BT2 temperature sensor was initialized successfully
2021-10-07 15:51:09,130:TEST-MODE:INFO: TT1 temperature sensor was initialized successfully
2021-10-07 15:51:09,131:TEST-MODE:INFO: TT2 temperature sensor was initialized successfully
2021-10-07 15:51:09,131:TEST-MODE:INFO: AT temperature sensor was initialized successfully
2021-10-07 15:51:09,132:TEST-MODE:INFO: IMU controller was initialized successfully
2021-10-07 15:51:09,132:TEST-MODE:INFO: X IMU sensor was initialized successfully
2021-10-07 15:51:09,133:TEST-MODE:INFO: Y IMU sensor was initialized successfully
2021-10-07 15:51:09,133:TEST-MODE:INFO: Z IMU sensor was initialized successfully
2021-10-07 15:51:09,133:TEST-MODE:INFO: Bladder volume controller was initialized successfully
2021-10-07 15:51:09,134:TEST-MODE:INFO: Altimeter controller was initialized successfully
2021-10-07 15:51:09,134:TEST-MODE:INFO: rpm controller was initialized successfully
2021-10-07 15:51:09,134:TEST-MODE:INFO: Pump flag controller was initialized successfully
2021-10-07 15:51:09,135:TEST-MODE:INFO: Bladder flag controller was initialized successfully
2021-10-07 15:51:09,135:TEST-MODE:INFO: Hull leak flag controller was initialized successfully
2021-10-07 15:51:09,135:TEST-MODE:INFO: Engine leak flag controller was initialized successfully
2021-10-07 15:51:09,135:TEST-MODE:INFO: Full surface initiated flag controller was initialized successfully
2021-10-07 15:51:09,136:TEST-MODE:DEBUG: attempting to load profile: cfg/profile.txt
2021-10-07 15:51:09,145:TEST-MODE:INFO: Profile file loaded successfully

2021-10-07 15:51:09,146:TEST-MODE:INFO: Profile class was initialized successfully

2021-10-07 15:51:09,146:TEST-MODE:DEBUG: attempting to init serial comm
2021-10-07 15:51:09,146:TEST-MODE:DEBUG:  port:/dev/ttyACM0
2021-10-07 15:51:09,147:TEST-MODE:DEBUG:  baud_rate:115200
2021-10-07 15:51:09,148:TEST-MODE:INFO: SerialComm was initialized successfully
2021-10-07 15:51:09,159:TEST-MODE:DEBUG: mega>rpi: b'\n'
2021-10-07 15:51:09,171:TEST-MODE:DEBUG: mega>rpi: b'PD:30.00\r\n'
2021-10-07 15:51:09,182:TEST-MODE:DEBUG: mega>rpi: b'PC:8.00\r\n'
2021-10-07 15:51:09,194:TEST-MODE:DEBUG: mega>rpi: b'LC:74.00\r\n'
2021-10-07 15:51:09,205:TEST-MODE:DEBUG: mega>rpi: b'HL:0.00\r\n'
2021-10-07 15:51:09,217:TEST-MODE:DEBUG: mega>rpi: b'EL:0.00\r\n'
2021-10-07 15:51:09,228:TEST-MODE:DEBUG: mega>rpi: b'BT1:25.20\r\n'
2021-10-07 15:51:09,240:TEST-MODE:DEBUG: mega>rpi: b'BT2:24.68\r\n'
2021-10-07 15:51:09,252:TEST-MODE:DEBUG: mega>rpi: b'BP1:1023.90\r\n'
2021-10-07 15:51:09,264:TEST-MODE:DEBUG: mega>rpi: b'BP2:1034.20\r\n'
2021-10-07 15:51:09,276:TEST-MODE:DEBUG: mega>rpi: b'HP:1602.40\r\n'
2021-10-07 15:51:09,288:TEST-MODE:DEBUG: mega>rpi: b'TT1:25.89\r\n'
2021-10-07 15:51:10,569:TEST-MODE:DEBUG: mega>rpi: b'SU:0.00\r\n'
2021-10-07 15:51:10,594:TEST-MODE:DEBUG: mega>rpi: b'BT1:25.21\r\n'
2021-10-07 15:51:10,627:TEST-MODE:DEBUG: mega>rpi: b'BT2:24.70\r\n'
2021-10-07 15:51:10,681:TEST-MODE:DEBUG: mega>rpi: b'BP1:1024.00\r\n'
2021-10-07 15:51:10,746:TEST-MODE:DEBUG: mega>rpi: b'BP2:1034.40\r\n'
2021-10-07 15:51:10,799:TEST-MODE:DEBUG: mega>rpi: b'HP:1603.20\r\n'
2021-10-07 15:51:10,832:TEST-MODE:DEBUG: mega>rpi: b'AT:23.50\r\n'
2021-10-07 15:51:10,886:TEST-MODE:DEBUG: mega>rpi: b'AP:6135.10\r\n'
2021-10-07 15:51:10,919:TEST-MODE:DEBUG: mega>rpi: b'TT1:24.84\r\n'
2021-10-07 15:51:10,942:TEST-MODE:DEBUG: mega>rpi: b'TT2:24.84\r\n'
2021-10-07 15:51:11,006:TEST-MODE:DEBUG: mega>rpi: b'TP1:1034.90\r\n'
2021-10-07 15:51:11,060:TEST-MODE:DEBUG: mega>rpi: b'TP2:1040.10\r\n'
2021-10-07 15:51:11,071:TEST-MODE:DEBUG: mega>rpi: b'\r\n'
2021-10-07 15:51:11,319:TEST-MODE:DEBUG: mega>rpi: b'X:0.00\r\n'
2021-10-07 15:51:11,331:TEST-MODE:DEBUG: mega>rpi: b'Y:0.00\r\n'
2021-10-07 15:51:11,343:TEST-MODE:DEBUG: mega>rpi: b'Z:0.00\r\n'
2021-10-07 15:51:12,842:TEST-MODE:DEBUG: mega>rpi: b'Date: 10/7/2021 Time: 12:51:16\r\n'
2021-10-07 15:51:14,532:TEST-MODE:DEBUG: mega>rpi: b'SU:1.00\r\n'
2021-10-07 15:51:14,544:TEST-MODE:DEBUG: mega>rpi: b'LC:1.00\r\n'
2021-10-07 15:51:14,616:TEST-MODE:DEBUG: mega>rpi: b'HL:0.00\r\n'
2021-10-07 15:51:14,628:TEST-MODE:DEBUG: mega>rpi: b'EL:0.00\r\n'
2021-10-07 15:51:14,639:TEST-MODE:DEBUG: mega>rpi: b'BT1:25.21\r\n'
2021-10-07 15:51:14,651:TEST-MODE:DEBUG: mega>rpi: b'BT2:24.70\r\n'
2021-10-07 15:51:14,704:TEST-MODE:DEBUG: mega>rpi: b'BP1:1023.70\r\n'
2021-10-07 15:51:14,757:TEST-MODE:DEBUG: mega>rpi: b'BP2:1034.60\r\n'
2021-10-07 15:51:14,819:TEST-MODE:DEBUG: mega>rpi: b'HP:1603.60\r\n'
2021-10-07 15:51:14,831:TEST-MODE:DEBUG: mega>rpi: b'TT1:25.89\r\n'
2021-10-07 15:51:14,843:TEST-MODE:DEBUG: mega>rpi: b'TT2:25.75\r\n'
2021-10-07 15:51:14,905:TEST-MODE:DEBUG: mega>rpi: b'TP1:1035.10\r\n'
2021-10-07 15:51:14,969:TEST-MODE:DEBUG: mega>rpi: b'TP2:1039.70\r\n'
2021-10-07 15:51:14,981:TEST-MODE:DEBUG: mega>rpi: b'AT:24.39\r\n'
2021-10-07 15:51:15,034:TEST-MODE:DEBUG: mega>rpi: b'AP:6125.20\r\n'
2021-10-07 15:51:15,047:TEST-MODE:DEBUG: mega>rpi: b'BV:-467.90\r\n'
2021-10-07 15:51:15,049:TEST-MODE:INFO: BT1             BT2             TT1             TT2             AT              X               Y               Z               BP1             BP2             TP1             TP2             HP              AP              PD    PC   HL EL BF   SF   PF   BV      rpm             State      
2021-10-07 15:51:15,050:TEST-MODE:INFO: Buffering (3/5) Buffering (3/5) Buffering (3/5) Buffering (2/5) Buffering (2/5) Buffering (1/5) Buffering (1/5) Buffering (1/5) Buffering (3/5) Buffering (3/5) Buffering (2/5) Buffering (2/5) Buffering (3/5) Buffering (2/5) 30.00 8.00 0  0  None None None -467.90 Buffering (0/1) State.STOP 
2021-10-07 15:51:15,051:TEST-MODE:WARNING: Stopped
2021-10-07 15:51:15,064:TEST-MODE:DEBUG: mega>rpi: b'BF:1.00\r\n'
2021-10-07 15:51:15,077:TEST-MODE:DEBUG: mega>rpi: b'X:0.00\r\n'
2021-10-07 15:51:15,089:TEST-MODE:DEBUG: mega>rpi: b'Y:0.00\r\n'
2021-10-07 15:51:15,101:TEST-MODE:DEBUG: mega>rpi: b'Z:0.00\r\n'
2021-10-07 15:51:15,114:TEST-MODE:DEBUG: mega>rpi: b'PD:31.00\r\n'
2021-10-07 15:51:15,126:TEST-MODE:DEBUG: mega>rpi: b'PC:0.00\r\n'
2021-10-07 15:51:15,138:TEST-MODE:DEBUG: mega>rpi: b'LC:2.00\r\n'
2021-10-07 15:51:15,181:TEST-MODE:DEBUG: mega>rpi: b'HL:0.00\r\n'
2021-10-07 15:51:15,193:TEST-MODE:DEBUG: mega>rpi: b'EL:0.00\r\n'
2021-10-07 15:51:15,205:TEST-MODE:DEBUG: mega>rpi: b'BT1:25.21\r\n'
2021-10-07 15:51:15,217:TEST-MODE:DEBUG: mega>rpi: b'BT2:24.70\r\n'
2021-10-07 15:51:15,263:TEST-MODE:DEBUG: mega>rpi: b'BP1:1024.00\r\n'
2021-10-07 15:51:15,328:TEST-MODE:DEBUG: mega>rpi: b'BP2:1034.40\r\n'
2021-10-07 15:51:15,381:TEST-MODE:DEBUG: mega>rpi: b'HP:1603.40\r\n'
2021-10-07 15:51:15,393:TEST-MODE:DEBUG: mega>rpi: b'TT1:25.89\r\n'
2021-10-07 15:51:15,416:TEST-MODE:DEBUG: mega>rpi: b'TT2:25.74\r\n'
2021-10-07 15:51:15,470:TEST-MODE:DEBUG: mega>rpi: b'TP1:1034.90\r\n'
2021-10-07 15:51:15,523:TEST-MODE:DEBUG: mega>rpi: b'TP2:1040.00\r\n'
2021-10-07 15:51:15,537:TEST-MODE:DEBUG: mega>rpi: b'AT:24.40\r\n'
2021-10-07 15:51:15,601:TEST-MODE:DEBUG: mega>rpi: b'AP:6125.10\r\n'
2021-10-07 15:51:15,613:TEST-MODE:DEBUG: mega>rpi: b'BV:-467.89\r\n'
2021-10-07 15:51:15,615:TEST-MODE:INFO: BT1             BT2             TT1             TT2             AT              X               Y               Z               BP1             BP2             TP1             TP2             HP              AP              PD    PC   HL EL BF SF   PF   BV      rpm             State      
2021-10-07 15:51:15,616:TEST-MODE:INFO: Buffering (4/5) Buffering (4/5) Buffering (4/5) Buffering (3/5) Buffering (3/5) Buffering (2/5) Buffering (2/5) Buffering (2/5) Buffering (4/5) Buffering (4/5) Buffering (3/5) Buffering (3/5) Buffering (4/5) Buffering (3/5) 31.00 0.00 0  0  1  None None -467.89 Buffering (0/1) State.STOP 
2021-10-07 15:51:15,617:TEST-MODE:WARNING: Stopped
2021-10-07 15:51:15,630:TEST-MODE:DEBUG: mega>rpi: b'BF:1.00\r\n'
2021-10-07 15:51:15,642:TEST-MODE:DEBUG: mega>rpi: b'X:-0.00\r\n'
2021-10-07 15:51:15,654:TEST-MODE:DEBUG: mega>rpi: b'Y:-0.00\r\n'
2021-10-07 15:51:15,666:TEST-MODE:DEBUG: mega>rpi: b'Z:0.00\r\n'
2021-10-07 15:51:15,680:TEST-MODE:DEBUG: mega>rpi: b'PD:35.00\r\n'
2021-10-07 15:51:15,692:TEST-MODE:DEBUG: mega>rpi: b'PC:0.00\r\n'
2021-10-07 15:51:15,704:TEST-MODE:DEBUG: mega>rpi: b'LC:3.00\r\n'
2021-10-07 15:51:15,768:TEST-MODE:DEBUG: mega>rpi: b'HL:0.00\r\n'
2021-10-07 15:51:15,780:TEST-MODE:DEBUG: mega>rpi: b'EL:0.00\r\n'
2021-10-07 15:51:15,792:TEST-MODE:DEBUG: mega>rpi: b'BT1:25.21\r\n'
2021-10-07 15:51:15,804:TEST-MODE:DEBUG: mega>rpi: b'BT2:24.70\r\n'
2021-10-07 15:51:15,848:TEST-MODE:DEBUG: mega>rpi: b'BP1:1023.70\r\n'
2021-10-07 15:51:15,911:TEST-MODE:DEBUG: mega>rpi: b'BP2:1034.40\r\n'
2021-10-07 15:51:15,966:TEST-MODE:DEBUG: mega>rpi: b'HP:1603.30\r\n'
2021-10-07 15:51:15,978:TEST-MODE:DEBUG: mega>rpi: b'TT1:25.89\r\n'
2021-10-07 15:51:15,991:TEST-MODE:DEBUG: mega>rpi: b'TT2:25.73\r\n'
2021-10-07 15:51:16,055:TEST-MODE:DEBUG: mega>rpi: b'TP1:1035.10\r\n'
2021-10-07 15:51:16,108:TEST-MODE:DEBUG: mega>rpi: b'TP2:1040.00\r\n'
2021-10-07 15:51:16,120:TEST-MODE:DEBUG: mega>rpi: b'AT:24.40\r\n'
2021-10-07 15:51:16,185:TEST-MODE:DEBUG: mega>rpi: b'AP:6125.00\r\n'
2021-10-07 15:51:16,197:TEST-MODE:DEBUG: mega>rpi: b'BV:-467.88\r\n'
2021-10-07 15:51:16,200:TEST-MODE:INFO: BT1   BT2   TT1   TT2             AT              X               Y               Z               BP1     BP2     TP1             TP2             HP      AP              PD    PC   HL EL BF SF   PF   BV      rpm             State      
2021-10-07 15:51:16,202:TEST-MODE:INFO: 25.21 24.70 25.68 Buffering (4/5) Buffering (4/5) Buffering (3/5) Buffering (3/5) Buffering (3/5) 1023.86 1034.40 Buffering (4/5) Buffering (4/5) 1603.18 Buffering (4/5) 35.00 0.00 0  0  1  None None -467.88 Buffering (0/1) State.STOP 
2021-10-07 15:51:16,203:TEST-MODE:WARNING: Stopped
2021-10-07 15:51:16,216:TEST-MODE:DEBUG: mega>rpi: b'BF:1.00\r\n'
2021-10-07 15:51:16,228:TEST-MODE:DEBUG: mega>rpi: b'X:-0.00\r\n'
2021-10-07 15:51:16,240:TEST-MODE:DEBUG: mega>rpi: b'Y:0.00\r\n'
2021-10-07 15:51:16,252:TEST-MODE:DEBUG: mega>rpi: b'Z:0.00\r\n'
2021-10-07 15:51:16,264:TEST-MODE:DEBUG: mega>rpi: b'PD:38.00\r\n'
2021-10-07 15:51:16,276:TEST-MODE:DEBUG: mega>rpi: b'PC:0.00\r\n'
2021-10-07 15:51:16,288:TEST-MODE:DEBUG: mega>rpi: b'LC:4.00\r\n'
2021-10-07 15:51:16,300:TEST-MODE:DEBUG: mega>rpi: b'HL:0.00\r\n'
2021-10-07 15:51:16,312:TEST-MODE:DEBUG: mega>rpi: b'EL:0.00\r\n'
2021-10-07 15:51:16,324:TEST-MODE:DEBUG: mega>rpi: b'BT1:25.21\r\n'
2021-10-07 15:51:16,337:TEST-MODE:DEBUG: mega>rpi: b'BT2:24.70\r\n'
2021-10-07 15:51:16,370:TEST-MODE:DEBUG: mega>rpi: b'BP1:1023.70\r\n'
2021-10-07 15:51:16,424:TEST-MODE:DEBUG: mega>rpi: b'BP2:1034.00\r\n'
2021-10-07 15:51:16,488:TEST-MODE:DEBUG: mega>rpi: b'HP:1603.30\r\n'
2021-10-07 15:51:16,500:TEST-MODE:DEBUG: mega>rpi: b'TT1:25.89\r\n'
2021-10-07 15:51:16,512:TEST-MODE:DEBUG: mega>rpi: b'TT2:25.74\r\n'
2021-10-07 15:51:16,566:TEST-MODE:DEBUG: mega>rpi: b'TP1:1034.60\r\n'
2021-10-07 15:51:16,630:TEST-MODE:DEBUG: mega>rpi: b'TP2:1040.20\r\n'
2021-10-07 15:51:16,643:TEST-MODE:DEBUG: mega>rpi: b'AT:24.39\r\n'
2021-10-07 15:51:16,698:TEST-MODE:DEBUG: mega>rpi: b'AP:6125.00\r\n'
2021-10-07 15:51:16,711:TEST-MODE:DEBUG: mega>rpi: b'BV:-467.89\r\n'
2021-10-07 15:51:16,713:TEST-MODE:INFO: BT1   BT2   TT1   TT2   AT    X               Y               Z               BP1     BP2     TP1     TP2     HP      AP      PD    PC   HL EL BF SF   PF   BV      rpm             State      
2021-10-07 15:51:16,715:TEST-MODE:INFO: 25.21 24.70 25.68 25.56 24.22 Buffering (4/5) Buffering (4/5) Buffering (4/5) 1023.82 1034.36 1034.92 1040.00 1603.36 6127.08 38.00 0.00 0  0  1  None None -467.89 Buffering (0/1) State.STOP 
2021-10-07 15:51:16,716:TEST-MODE:WARNING: Stopped
2021-10-07 15:51:16,730:TEST-MODE:DEBUG: mega>rpi: b'BF:1.00\r\n'
2021-10-07 15:51:16,742:TEST-MODE:DEBUG: mega>rpi: b'X:-0.00\r\n'
2021-10-07 15:51:16,754:TEST-MODE:DEBUG: mega>rpi: b'Y:-0.00\r\n'
2021-10-07 15:51:16,766:TEST-MODE:DEBUG: mega>rpi: b'Z:0.00\r\n'
2021-10-07 15:51:16,778:TEST-MODE:DEBUG: mega>rpi: b'PD:32.00\r\n'
2021-10-07 15:51:16,790:TEST-MODE:DEBUG: mega>rpi: b'PC:0.00\r\n'
2021-10-07 15:51:16,802:TEST-MODE:DEBUG: mega>rpi: b'LC:5.00\r\n'
2021-10-07 15:51:16,824:TEST-MODE:DEBUG: mega>rpi: b'HL:0.00\r\n'
2021-10-07 15:51:16,836:TEST-MODE:DEBUG: mega>rpi: b'EL:0.00\r\n'
2021-10-07 15:51:16,849:TEST-MODE:DEBUG: mega>rpi: b'BT1:25.21\r\n'
2021-10-07 15:51:16,861:TEST-MODE:DEBUG: mega>rpi: b'BT2:24.70\r\n'
2021-10-07 15:51:16,915:TEST-MODE:DEBUG: mega>rpi: b'BP1:1023.80\r\n'
2021-10-07 15:51:16,968:TEST-MODE:DEBUG: mega>rpi: b'BP2:1034.10\r\n'
2021-10-07 15:51:17,024:TEST-MODE:DEBUG: mega>rpi: b'HP:1603.60\r\n'
2021-10-07 15:51:17,047:TEST-MODE:DEBUG: mega>rpi: b'TT1:25.89\r\n'
2021-10-07 15:51:17,060:TEST-MODE:DEBUG: mega>rpi: b'TT2:25.75\r\n'
2021-10-07 15:51:17,114:TEST-MODE:DEBUG: mega>rpi: b'TP1:1034.90\r\n'
2021-10-07 15:51:17,169:TEST-MODE:DEBUG: mega>rpi: b'TP2:1039.90\r\n'
2021-10-07 15:51:17,182:TEST-MODE:DEBUG: mega>rpi: b'AT:24.39\r\n'
2021-10-07 15:51:17,247:TEST-MODE:DEBUG: mega>rpi: b'AP:6125.00\r\n'
2021-10-07 15:51:17,259:TEST-MODE:DEBUG: mega>rpi: b'BV:-467.89\r\n'
2021-10-07 15:51:17,262:TEST-MODE:INFO: BT1   BT2   TT1   TT2   AT    X    Y    Z    BP1     BP2     TP1     TP2     HP      AP      PD    PC   HL EL BF SF   PF   BV      rpm             State      
2021-10-07 15:51:17,263:TEST-MODE:INFO: 25.21 24.70 25.89 25.74 24.39 0.00 0.00 0.00 1023.78 1034.30 1034.92 1039.96 1603.44 6125.06 32.00 0.00 0  0  1  None None -467.89 Buffering (0/1) State.STOP 
2021-10-07 15:51:17,264:TEST-MODE:WARNING: Stopped
2021-10-07 15:51:17,276:TEST-MODE:DEBUG: mega>rpi: b'BF:1.00\r\n'
2021-10-07 15:51:17,309:TEST-MODE:DEBUG: mega>rpi: b'PD:33.00\r\n'
2021-10-07 15:51:17,321:TEST-MODE:DEBUG: mega>rpi: b'PC:0.00\r\n'
2021-10-07 15:51:17,333:TEST-MODE:DEBUG: mega>rpi: b'LC:6.00\r\n'
2021-10-07 15:51:17,386:TEST-MODE:DEBUG: mega>rpi: b'HL:0.00\r\n'
2021-10-07 15:51:17,398:TEST-MODE:DEBUG: mega>rpi: b'EL:0.00\r\n'
2021-10-07 15:51:17,411:TEST-MODE:DEBUG: mega>rpi: b'BT1:25.21\r\n'
2021-10-07 15:51:17,423:TEST-MODE:DEBUG: mega>rpi: b'BT2:24.70\r\n'
2021-10-07 15:51:17,477:TEST-MODE:DEBUG: mega>rpi: b'BP1:1023.50\r\n'
2021-10-07 15:51:17,530:TEST-MODE:DEBUG: mega>rpi: b'BP2:1034.30\r\n'
2021-10-07 15:51:17,595:TEST-MODE:DEBUG: mega>rpi: b'HP:1603.10\r\n'
2021-10-07 15:51:17,607:TEST-MODE:DEBUG: mega>rpi: b'TT1:25.89\r\n'
2021-10-07 15:51:17,620:TEST-MODE:DEBUG: mega>rpi: b'TT2:25.74\r\n'
2021-10-07 15:51:17,674:TEST-MODE:DEBUG: mega>rpi: b'TP1:1035.20\r\n'
2021-10-07 15:51:17,739:TEST-MODE:DEBUG: mega>rpi: b'TP2:1040.10\r\n'
2021-10-07 15:51:17,751:TEST-MODE:DEBUG: mega>rpi: b'AT:24.40\r\n'
2021-10-07 15:51:17,804:TEST-MODE:DEBUG: mega>rpi: b'AP:6125.00\r\n'
2021-10-07 15:51:17,816:TEST-MODE:DEBUG: mega>rpi: b'BV:-467.88\r\n'
2021-10-07 15:51:17,818:TEST-MODE:INFO: BT1   BT2   TT1   TT2   AT    X    Y    Z    BP1     BP2     TP1     TP2     HP      AP      PD    PC   HL EL BF SF   PF   BV      rpm             State      
2021-10-07 15:51:17,819:TEST-MODE:INFO: 25.21 24.70 25.89 25.74 24.40 0.00 0.00 0.00 1023.74 1034.24 1034.94 1040.04 1603.34 6125.02 33.00 0.00 0  0  1  None None -467.88 Buffering (0/1) State.STOP 
2021-10-07 15:51:17,820:TEST-MODE:WARNING: Stopped
2021-10-07 15:51:17,832:TEST-MODE:DEBUG: mega>rpi: b'BF:1.00\r\n'
2021-10-07 15:51:17,844:TEST-MODE:DEBUG: mega>rpi: b'X:-0.00\r\n'
2021-10-07 15:51:17,856:TEST-MODE:DEBUG: mega>rpi: b'Y:-0.00\r\n'
2021-10-07 15:51:17,868:TEST-MODE:DEBUG: mega>rpi: b'Z:0.00\r\n'
2021-10-07 15:51:17,881:TEST-MODE:DEBUG: mega>rpi: b'PD:36.00\r\n'
2021-10-07 15:51:17,893:TEST-MODE:DEBUG: mega>rpi: b'PC:16.00\r\n'
2021-10-07 15:51:17,905:TEST-MODE:DEBUG: mega>rpi: b'LC:7.00\r\n'
2021-10-07 15:51:17,918:TEST-MODE:DEBUG: mega>rpi: b'HL:0.00\r\n'
2021-10-07 15:51:17,930:TEST-MODE:DEBUG: mega>rpi: b'EL:0.00\r\n'
2021-10-07 15:51:17,942:TEST-MODE:DEBUG: mega>rpi: b'BT1:25.21\r\n'
2021-10-07 15:51:17,954:TEST-MODE:DEBUG: mega>rpi: b'BT2:24.70\r\n'
2021-10-07 15:51:17,997:TEST-MODE:DEBUG: mega>rpi: b'BP1:1024.00\r\n'
2021-10-07 15:51:18,052:TEST-MODE:DEBUG: mega>rpi: b'BP2:1034.80\r\n'
2021-10-07 15:51:18,117:TEST-MODE:DEBUG: mega>rpi: b'HP:1603.50\r\n'
2021-10-07 15:51:18,129:TEST-MODE:DEBUG: mega>rpi: b'TT1:25.89\r\n'
2021-10-07 15:51:18,141:TEST-MODE:DEBUG: mega>rpi: b'TT2:25.74\r\n'
2021-10-07 15:51:18,206:TEST-MODE:DEBUG: mega>rpi: b'TP1:1034.90\r\n'
2021-10-07 15:51:18,259:TEST-MODE:DEBUG: mega>rpi: b'TP2:1040.40\r\n'
2021-10-07 15:51:18,272:TEST-MODE:DEBUG: mega>rpi: b'AT:24.40\r\n'
2021-10-07 15:51:18,327:TEST-MODE:DEBUG: mega>rpi: b'AP:6124.60\r\n'
2021-10-07 15:51:18,339:TEST-MODE:DEBUG: mega>rpi: b'BV:-467.87\r\n'
2021-10-07 15:51:18,343:TEST-MODE:INFO: BT1   BT2   TT1   TT2   AT    X    Y    Z    BP1     BP2     TP1     TP2     HP      AP      PD    PC    HL EL BF SF   PF   BV      rpm             State      
2021-10-07 15:51:18,344:TEST-MODE:INFO: 25.21 24.70 25.89 25.74 24.40 0.00 0.00 0.00 1023.74 1034.32 1034.94 1040.12 1603.36 6124.92 36.00 16.00 0  0  1  None None -467.87 Buffering (0/1) State.STOP 
2021-10-07 15:51:18,345:TEST-MODE:WARNING: Stopped
2021-10-07 15:51:18,357:TEST-MODE:DEBUG: mega>rpi: b'BF:1.00\r\n'
2021-10-07 15:51:18,411:TEST-MODE:DEBUG: mega>rpi: b'PD:38.00\r\n'
2021-10-07 15:51:18,423:TEST-MODE:DEBUG: mega>rpi: b'PC:7.00\r\n'
2021-10-07 15:51:18,435:TEST-MODE:DEBUG: mega>rpi: b'LC:8.00\r\n'
2021-10-07 15:51:18,499:TEST-MODE:DEBUG: mega>rpi: b'HL:0.00\r\n'
2021-10-07 15:51:18,510:TEST-MODE:DEBUG: mega>rpi: b'EL:0.00\r\n'
2021-10-07 15:51:18,522:TEST-MODE:DEBUG: mega>rpi: b'BT1:25.21\r\n'
2021-10-07 15:51:18,534:TEST-MODE:DEBUG: mega>rpi: b'BT2:24.70\r\n'
2021-10-07 15:51:18,577:TEST-MODE:DEBUG: mega>rpi: b'BP1:1023.40\r\n'
2021-10-07 15:51:18,641:TEST-MODE:DEBUG: mega>rpi: b'BP2:1034.80\r\n'
2021-10-07 15:51:18,695:TEST-MODE:DEBUG: mega>rpi: b'HP:1603.40\r\n'
2021-10-07 15:51:18,717:TEST-MODE:DEBUG: mega>rpi: b'TT1:25.90\r\n'
2021-10-07 15:51:18,729:TEST-MODE:DEBUG: mega>rpi: b'TT2:25.73\r\n'
2021-10-07 15:51:18,782:TEST-MODE:DEBUG: mega>rpi: b'TP1:1035.10\r\n'
2021-10-07 15:51:18,846:TEST-MODE:DEBUG: mega>rpi: b'TP2:1039.90\r\n'
2021-10-07 15:51:18,858:TEST-MODE:DEBUG: mega>rpi: b'AT:24.40\r\n'
2021-10-07 15:51:18,912:TEST-MODE:DEBUG: mega>rpi: b'AP:6125.10\r\n'
2021-10-07 15:51:18,923:TEST-MODE:DEBUG: mega>rpi: b'BV:-467.89\r\n'
2021-10-07 15:51:18,925:TEST-MODE:INFO: BT1   BT2   TT1   TT2   AT    X    Y    Z    BP1     BP2     TP1     TP2     HP      AP      PD    PC   HL EL BF SF   PF   BV      rpm             State      
2021-10-07 15:51:18,925:TEST-MODE:INFO: 25.21 24.70 25.89 25.74 24.40 0.00 0.00 0.00 1023.68 1034.40 1034.94 1040.10 1603.38 6124.94 38.00 7.00 0  0  1  None None -467.89 Buffering (0/1) State.STOP 
2021-10-07 15:51:18,926:TEST-MODE:WARNING: Stopped
2021-10-07 15:51:18,938:TEST-MODE:DEBUG: mega>rpi: b'BF:1.00\r\n'
2021-10-07 15:51:18,949:TEST-MODE:DEBUG: mega>rpi: b'X:-0.00\r\n'
2021-10-07 15:51:18,961:TEST-MODE:DEBUG: mega>rpi: b'Y:-0.00\r\n'
2021-10-07 15:51:18,972:TEST-MODE:DEBUG: mega>rpi: b'Z:0.00\r\n'
2021-10-07 15:51:18,984:TEST-MODE:DEBUG: mega>rpi: b'PD:40.00\r\n'
2021-10-07 15:51:18,995:TEST-MODE:DEBUG: mega>rpi: b'PC:0.00\r\n'
2021-10-07 15:51:19,007:TEST-MODE:DEBUG: mega>rpi: b'LC:9.00\r\n'
2021-10-07 15:51:19,018:TEST-MODE:DEBUG: mega>rpi: b'HL:0.00\r\n'
2021-10-07 15:51:19,030:TEST-MODE:DEBUG: mega>rpi: b'EL:0.00\r\n'
2021-10-07 15:51:19,042:TEST-MODE:DEBUG: mega>rpi: b'BT1:25.21\r\n'
2021-10-07 15:51:19,053:TEST-MODE:DEBUG: mega>rpi: b'BT2:24.70\r\n'
2021-10-07 15:51:19,106:TEST-MODE:DEBUG: mega>rpi: b'BP1:1023.80\r\n'
2021-10-07 15:51:19,165:TEST-MODE:DEBUG: mega>rpi: b'BP2:1034.80\r\n'
2021-10-07 15:51:19,220:TEST-MODE:DEBUG: mega>rpi: b'HP:1603.30\r\n'
2021-10-07 15:51:19,232:TEST-MODE:DEBUG: mega>rpi: b'TT1:25.89\r\n'
2021-10-07 15:51:19,245:TEST-MODE:DEBUG: mega>rpi: b'TT2:25.73\r\n'
2021-10-07 15:51:19,308:TEST-MODE:DEBUG: mega>rpi: b'TP1:1034.90\r\n'
2021-10-07 15:51:19,360:TEST-MODE:DEBUG: mega>rpi: b'TP2:1040.10\r\n'
2021-10-07 15:51:19,372:TEST-MODE:DEBUG: mega>rpi: b'AT:24.40\r\n'
2021-10-07 15:51:19,435:TEST-MODE:DEBUG: mega>rpi: b'AP:6124.30\r\n'
2021-10-07 15:51:19,446:TEST-MODE:DEBUG: mega>rpi: b'BV:-467.86\r\n'
2021-10-07 15:51:19,447:TEST-MODE:INFO: BT1   BT2   TT1   TT2   AT    X    Y    Z    BP1     BP2     TP1     TP2     HP      AP      PD    PC   HL EL BF SF   PF   BV      rpm             State      
2021-10-07 15:51:19,448:TEST-MODE:INFO: 25.21 24.70 25.89 25.74 24.40 0.00 0.00 0.00 1023.70 1034.56 1035.00 1040.08 1603.38 6124.80 40.00 0.00 0  0  1  None None -467.86 Buffering (0/1) State.STOP 
2021-10-07 15:51:19,449:TEST-MODE:WARNING: Stopped
2021-10-07 15:51:19,461:TEST-MODE:DEBUG: mega>rpi: b'BF:1.00\r\n'
2021-10-07 15:51:19,472:TEST-MODE:DEBUG: mega>rpi: b'X:-0.00\r\n'
2021-10-07 15:51:19,483:TEST-MODE:DEBUG: mega>rpi: b'Y:-0.00\r\n'
2021-10-07 15:51:19,495:TEST-MODE:DEBUG: mega>rpi: b'Z:0.00\r\n'
2021-10-07 15:51:19,506:TEST-MODE:DEBUG: mega>rpi: b'PD:39.00\r\n'
2021-10-07 15:51:19,518:TEST-MODE:DEBUG: mega>rpi: b'PC:0.00\r\n'
2021-10-07 15:51:19,529:TEST-MODE:DEBUG: mega>rpi: b'LC:10.00\r\n'
2021-10-07 15:51:19,551:TEST-MODE:DEBUG: mega>rpi: b'HL:0.00\r\n'
2021-10-07 15:51:19,563:TEST-MODE:DEBUG: mega>rpi: b'EL:0.00\r\n'
2021-10-07 15:51:19,574:TEST-MODE:DEBUG: mega>rpi: b'BT1:25.21\r\n'
2021-10-07 15:51:19,586:TEST-MODE:DEBUG: mega>rpi: b'BT2:24.70\r\n'
2021-10-07 15:51:19,638:TEST-MODE:DEBUG: mega>rpi: b'BP1:1023.90\r\n'
2021-10-07 15:51:19,701:TEST-MODE:DEBUG: mega>rpi: b'BP2:1034.40\r\n'
2021-10-07 15:51:19,756:TEST-MODE:DEBUG: mega>rpi: b'HP:1603.70\r\n'
2021-10-07 15:51:19,778:TEST-MODE:DEBUG: mega>rpi: b'TT1:25.90\r\n'
2021-10-07 15:51:19,789:TEST-MODE:DEBUG: mega>rpi: b'TT2:25.74\r\n'
2021-10-07 15:51:19,842:TEST-MODE:DEBUG: mega>rpi: b'TP1:1035.20\r\n'
2021-10-07 15:51:19,904:TEST-MODE:DEBUG: mega>rpi: b'TP2:1039.80\r\n'
2021-10-07 15:51:19,916:TEST-MODE:DEBUG: mega>rpi: b'AT:24.40\r\n'
2021-10-07 15:51:19,979:TEST-MODE:DEBUG: mega>rpi: b'AP:6124.70\r\n'
2021-10-07 15:51:19,992:TEST-MODE:DEBUG: mega>rpi: b'BV:-467.87\r\n'
2021-10-07 15:51:19,993:TEST-MODE:INFO: BT1   BT2   TT1   TT2   AT    X    Y    Z    BP1     BP2     TP1     TP2     HP      AP      PD    PC   HL EL BF SF   PF   BV      rpm             State      
2021-10-07 15:51:19,995:TEST-MODE:INFO: 25.21 24.70 25.89 25.74 24.40 0.00 0.00 0.00 1023.72 1034.62 1035.06 1040.06 1603.40 6124.74 39.00 0.00 0  0  1  None None -467.87 Buffering (0/1) State.STOP 
2021-10-07 15:51:19,996:TEST-MODE:WARNING: Stopped
2021-10-07 15:51:20,008:TEST-MODE:DEBUG: mega>rpi: b'BF:1.00\r\n'
2021-10-07 15:51:20,042:TEST-MODE:DEBUG: mega>rpi: b'PD:38.00\r\n'
2021-10-07 15:51:20,054:TEST-MODE:DEBUG: mega>rpi: b'PC:0.00\r\n'
2021-10-07 15:51:20,066:TEST-MODE:DEBUG: mega>rpi: b'LC:11.00\r\n'
2021-10-07 15:51:20,120:TEST-MODE:DEBUG: mega>rpi: b'HL:0.00\r\n'
2021-10-07 15:51:20,132:TEST-MODE:DEBUG: mega>rpi: b'EL:0.00\r\n'
2021-10-07 15:51:20,145:TEST-MODE:DEBUG: mega>rpi: b'BT1:25.21\r\n'
2021-10-07 15:51:20,157:TEST-MODE:DEBUG: mega>rpi: b'BT2:24.70\r\n'
2021-10-07 15:51:20,210:TEST-MODE:DEBUG: mega>rpi: b'BP1:1023.90\r\n'
2021-10-07 15:51:20,264:TEST-MODE:DEBUG: mega>rpi: b'BP2:1034.30\r\n'
2021-10-07 15:51:20,327:TEST-MODE:DEBUG: mega>rpi: b'HP:1603.10\r\n'
2021-10-07 15:51:20,339:TEST-MODE:DEBUG: mega>rpi: b'TT1:25.90\r\n'
2021-10-07 15:51:20,351:TEST-MODE:DEBUG: mega>rpi: b'TT2:25.73\r\n'
2021-10-07 15:51:20,413:TEST-MODE:DEBUG: mega>rpi: b'TP1:1035.10\r\n'
2021-10-07 15:51:20,466:TEST-MODE:DEBUG: mega>rpi: b'TP2:1040.20\r\n'
2021-10-07 15:51:20,480:TEST-MODE:DEBUG: mega>rpi: b'AT:24.40\r\n'
2021-10-07 15:51:20,543:TEST-MODE:DEBUG: mega>rpi: b'AP:6124.70\r\n'
2021-10-07 15:51:20,555:TEST-MODE:DEBUG: mega>rpi: b'BV:-467.87\r\n'
2021-10-07 15:51:20,556:TEST-MODE:INFO: BT1   BT2   TT1   TT2   AT    X    Y    Z    BP1     BP2     TP1     TP2     HP      AP      PD    PC   HL EL BF SF   PF   BV      rpm             State      
2021-10-07 15:51:20,557:TEST-MODE:INFO: 25.21 24.70 25.90 25.73 24.40 0.00 0.00 0.00 1023.80 1034.62 1035.04 1040.08 1603.40 6124.68 38.00 0.00 0  0  1  None None -467.87 Buffering (0/1) State.STOP 
2021-10-07 15:51:20,558:TEST-MODE:WARNING: Stopped
2021-10-07 15:51:20,570:TEST-MODE:DEBUG: mega>rpi: b'BF:1.00\r\n'
2021-10-07 15:51:20,582:TEST-MODE:DEBUG: mega>rpi: b'X:-0.00\r\n'
2021-10-07 15:51:20,593:TEST-MODE:DEBUG: mega>rpi: b'Y:-0.01\r\n'
2021-10-07 15:51:20,605:TEST-MODE:DEBUG: mega>rpi: b'Z:0.00\r\n'
2021-10-07 15:51:20,617:TEST-MODE:DEBUG: mega>rpi: b'PD:36.00\r\n'
2021-10-07 15:51:20,628:TEST-MODE:DEBUG: mega>rpi: b'PC:0.00\r\n'
2021-10-07 15:51:20,640:TEST-MODE:DEBUG: mega>rpi: b'LC:12.00\r\n'
2021-10-07 15:51:20,652:TEST-MODE:DEBUG: mega>rpi: b'HL:0.00\r\n'
2021-10-07 15:51:20,663:TEST-MODE:DEBUG: mega>rpi: b'EL:0.00\r\n'
2021-10-07 15:51:20,675:TEST-MODE:DEBUG: mega>rpi: b'BT1:25.21\r\n'
2021-10-07 15:51:20,687:TEST-MODE:DEBUG: mega>rpi: b'BT2:24.70\r\n'
2021-10-07 15:51:20,729:TEST-MODE:DEBUG: mega>rpi: b'BP1:1023.50\r\n'
2021-10-07 15:51:20,793:TEST-MODE:DEBUG: mega>rpi: b'BP2:1034.00\r\n'
2021-10-07 15:51:20,855:TEST-MODE:DEBUG: mega>rpi: b'HP:1603.40\r\n'
2021-10-07 15:51:20,867:TEST-MODE:DEBUG: mega>rpi: b'TT1:25.89\r\n'
2021-10-07 15:51:20,880:TEST-MODE:DEBUG: mega>rpi: b'TT2:25.73\r\n'
2021-10-07 15:51:20,933:TEST-MODE:DEBUG: mega>rpi: b'TP1:1035.00\r\n'
2021-10-07 15:51:20,997:TEST-MODE:DEBUG: mega>rpi: b'TP2:1039.70\r\n'
2021-10-07 15:51:21,009:TEST-MODE:DEBUG: mega>rpi: b'AT:24.40\r\n'
2021-10-07 15:51:21,063:TEST-MODE:DEBUG: mega>rpi: b'AP:6125.30\r\n'
2021-10-07 15:51:21,076:TEST-MODE:DEBUG: mega>rpi: b'BV:-467.89\r\n'
2021-10-07 15:51:21,078:TEST-MODE:INFO: BT1   BT2   TT1   TT2   AT    X    Y     Z    BP1     BP2     TP1     TP2     HP      AP      PD    PC   HL EL BF SF   PF   BV      rpm             State      
2021-10-07 15:51:21,080:TEST-MODE:INFO: 25.21 24.70 25.90 25.73 24.40 0.00 -0.00 0.00 1023.70 1034.46 1035.06 1039.94 1603.38 6124.82 36.00 0.00 0  0  1  None None -467.89 Buffering (0/1) State.STOP 
2021-10-07 15:51:21,081:TEST-MODE:WARNING: Stopped
2021-10-07 15:51:21,093:TEST-MODE:DEBUG: mega>rpi: b'BF:1.00\r\n'
2021-10-07 15:51:21,147:TEST-MODE:DEBUG: mega>rpi: b'PD:39.00\r\n'
2021-10-07 15:51:21,159:TEST-MODE:DEBUG: mega>rpi: b'PC:0.00\r\n'
2021-10-07 15:51:21,171:TEST-MODE:DEBUG: mega>rpi: b'LC:13.00\r\n'
2021-10-07 15:51:21,225:TEST-MODE:DEBUG: mega>rpi: b'HL:0.00\r\n'
2021-10-07 15:51:21,237:TEST-MODE:DEBUG: mega>rpi: b'EL:0.00\r\n'
2021-10-07 15:51:21,250:TEST-MODE:DEBUG: mega>rpi: b'BT1:25.21\r\n'
2021-10-07 15:51:21,262:TEST-MODE:DEBUG: mega>rpi: b'BT2:24.70\r\n'
2021-10-07 15:51:21,315:TEST-MODE:DEBUG: mega>rpi: b'BP1:1023.60\r\n'
2021-10-07 15:51:21,379:TEST-MODE:DEBUG: mega>rpi: b'BP2:1034.70\r\n'
2021-10-07 15:51:21,433:TEST-MODE:DEBUG: mega>rpi: b'HP:1603.20\r\n'
2021-10-07 15:51:21,446:TEST-MODE:DEBUG: mega>rpi: b'TT1:25.90\r\n'
2021-10-07 15:51:21,459:TEST-MODE:DEBUG: mega>rpi: b'TT2:25.73\r\n'
2021-10-07 15:51:21,523:TEST-MODE:DEBUG: mega>rpi: b'TP1:1035.10\r\n'
2021-10-07 15:51:21,577:TEST-MODE:DEBUG: mega>rpi: b'TP2:1040.00\r\n'
2021-10-07 15:51:21,589:TEST-MODE:DEBUG: mega>rpi: b'AT:24.40\r\n'
2021-10-07 15:51:21,654:TEST-MODE:DEBUG: mega>rpi: b'AP:6125.10\r\n'
2021-10-07 15:51:21,667:TEST-MODE:DEBUG: mega>rpi: b'BV:-467.89\r\n'
2021-10-07 15:51:21,669:TEST-MODE:INFO: BT1   BT2   TT1   TT2   AT    X    Y     Z    BP1     BP2     TP1     TP2     HP      AP      PD    PC   HL EL BF SF   PF   BV      rpm             State      
2021-10-07 15:51:21,670:TEST-MODE:INFO: 25.21 24.70 25.90 25.73 24.40 0.00 -0.00 0.00 1023.74 1034.44 1035.06 1039.96 1603.34 6124.82 39.00 0.00 0  0  1  None None -467.89 Buffering (0/1) State.STOP 
2021-10-07 15:51:21,671:TEST-MODE:WARNING: Stopped
2021-10-07 15:51:21,684:TEST-MODE:DEBUG: mega>rpi: b'BF:1.00\r\n'
2021-10-07 15:51:21,697:TEST-MODE:DEBUG: mega>rpi: b'X:0.01\r\n'
2021-10-07 15:51:21,709:TEST-MODE:DEBUG: mega>rpi: b'Y:0.04\r\n'
2021-10-07 15:51:21,722:TEST-MODE:DEBUG: mega>rpi: b'Z:0.00\r\n'
2021-10-07 15:51:21,734:TEST-MODE:DEBUG: mega>rpi: b'PD:39.00\r\n'
2021-10-07 15:51:21,746:TEST-MODE:DEBUG: mega>rpi: b'PC:0.00\r\n'
2021-10-07 15:51:21,759:TEST-MODE:DEBUG: mega>rpi: b'LC:14.00\r\n'
2021-10-07 15:51:21,771:TEST-MODE:DEBUG: mega>rpi: b'HL:0.00\r\n'
2021-10-07 15:51:21,783:TEST-MODE:DEBUG: mega>rpi: b'EL:0.00\r\n'
2021-10-07 15:51:21,795:TEST-MODE:DEBUG: mega>rpi: b'BT1:25.21\r\n'
2021-10-07 15:51:21,808:TEST-MODE:DEBUG: mega>rpi: b'BT2:24.70\r\n'
2021-10-07 15:51:21,841:TEST-MODE:DEBUG: mega>rpi: b'BP1:1023.80\r\n'
2021-10-07 15:51:21,896:TEST-MODE:DEBUG: mega>rpi: b'BP2:1034.40\r\n'
2021-10-07 15:51:21,949:TEST-MODE:DEBUG: mega>rpi: b'HP:1603.70\r\n'
2021-10-07 15:51:21,972:TEST-MODE:DEBUG: mega>rpi: b'TT1:25.89\r\n'
2021-10-07 15:51:21,985:TEST-MODE:DEBUG: mega>rpi: b'TT2:25.73\r\n'
2021-10-07 15:51:22,038:TEST-MODE:DEBUG: mega>rpi: b'TP1:1035.50\r\n'
2021-10-07 15:51:22,092:TEST-MODE:DEBUG: mega>rpi: b'TP2:1039.90\r\n'
2021-10-07 15:51:22,115:TEST-MODE:DEBUG: mega>rpi: b'AT:24.40\r\n'
2021-10-07 15:51:22,169:TEST-MODE:DEBUG: mega>rpi: b'AP:6125.40\r\n'
2021-10-07 15:51:22,181:TEST-MODE:DEBUG: mega>rpi: b'BV:-467.90\r\n'
2021-10-07 15:51:22,184:TEST-MODE:INFO: BT1   BT2   TT1   TT2   AT    X    Y    Z    BP1     BP2     TP1     TP2     HP      AP      PD    PC   HL EL BF SF   PF   BV      rpm             State      
2021-10-07 15:51:22,185:TEST-MODE:INFO: 25.21 24.70 25.90 25.73 24.40 0.00 0.01 0.00 1023.74 1034.36 1035.18 1039.92 1603.42 6125.04 39.00 0.00 0  0  1  None None -467.90 Buffering (0/1) State.STOP 
2021-10-07 15:51:22,186:TEST-MODE:WARNING: Stopped
2021-10-07 15:51:22,199:TEST-MODE:DEBUG: mega>rpi: b'BF:1.00\r\n'
2021-10-07 15:51:22,211:TEST-MODE:DEBUG: mega>rpi: b'PD:37.00\r\n'
2021-10-07 15:51:22,224:TEST-MODE:DEBUG: mega>rpi: b'PC:0.00\r\n'
2021-10-07 15:51:22,236:TEST-MODE:DEBUG: mega>rpi: b'LC:15.00\r\n'
2021-10-07 15:51:22,280:TEST-MODE:DEBUG: mega>rpi: b'HL:0.00\r\n'
2021-10-07 15:51:22,292:TEST-MODE:DEBUG: mega>rpi: b'EL:0.00\r\n'
2021-10-07 15:51:22,304:TEST-MODE:DEBUG: mega>rpi: b'BT1:25.21\r\n'
2021-10-07 15:51:22,316:TEST-MODE:DEBUG: mega>rpi: b'BT2:24.70\r\n'
2021-10-07 15:51:22,369:TEST-MODE:DEBUG: mega>rpi: b'BP1:1023.60\r\n'
2021-10-07 15:51:22,434:TEST-MODE:DEBUG: mega>rpi: b'BP2:1034.40\r\n'
2021-10-07 15:51:22,487:TEST-MODE:DEBUG: mega>rpi: b'HP:1603.40\r\n'
2021-10-07 15:51:22,500:TEST-MODE:DEBUG: mega>rpi: b'TT1:25.89\r\n'
2021-10-07 15:51:22,512:TEST-MODE:DEBUG: mega>rpi: b'TT2:25.73\r\n'
2021-10-07 15:51:22,576:TEST-MODE:DEBUG: mega>rpi: b'TP1:1034.80\r\n'
2021-10-07 15:51:22,630:TEST-MODE:DEBUG: mega>rpi: b'TP2:1040.70\r\n'
2021-10-07 15:51:22,643:TEST-MODE:DEBUG: mega>rpi: b'AT:24.39\r\n'
2021-10-07 15:51:22,707:TEST-MODE:DEBUG: mega>rpi: b'AP:6125.20\r\n'
2021-10-07 15:51:22,719:TEST-MODE:DEBUG: mega>rpi: b'BV:-467.90\r\n'
2021-10-07 15:51:22,722:TEST-MODE:INFO: BT1   BT2   TT1   TT2   AT    X    Y    Z    BP1     BP2     TP1     TP2     HP      AP      PD    PC   HL EL BF SF   PF   BV      rpm             State      
2021-10-07 15:51:22,723:TEST-MODE:INFO: 25.21 24.70 25.89 25.73 24.40 0.00 0.01 0.00 1023.68 1034.36 1035.10 1040.10 1603.36 6125.14 37.00 0.00 0  0  1  None None -467.90 Buffering (0/1) State.STOP 
2021-10-07 15:51:22,724:TEST-MODE:WARNING: Stopped
2021-10-07 15:51:22,737:TEST-MODE:DEBUG: mega>rpi: b'BF:1.00\r\n'
2021-10-07 15:51:22,749:TEST-MODE:DEBUG: mega>rpi: b'X:-0.00\r\n'
2021-10-07 15:51:22,761:TEST-MODE:DEBUG: mega>rpi: b'Y:-0.00\r\n'
2021-10-07 15:51:22,773:TEST-MODE:DEBUG: mega>rpi: b'Z:0.00\r\n'
2021-10-07 15:51:22,785:TEST-MODE:DEBUG: mega>rpi: b'PD:38.00\r\n'
2021-10-07 15:51:22,797:TEST-MODE:DEBUG: mega>rpi: b'PC:18.00\r\n'
2021-10-07 15:51:22,810:TEST-MODE:DEBUG: mega>rpi: b'LC:16.00\r\n'
2021-10-07 15:51:22,852:TEST-MODE:DEBUG: mega>rpi: b'HL:0.00\r\n'
2021-10-07 15:51:22,864:TEST-MODE:DEBUG: mega>rpi: b'EL:0.00\r\n'
2021-10-07 15:51:22,877:TEST-MODE:DEBUG: mega>rpi: b'BT1:25.21\r\n'
2021-10-07 15:51:22,889:TEST-MODE:DEBUG: mega>rpi: b'BT2:24.70\r\n'
2021-10-07 15:51:22,935:TEST-MODE:DEBUG: mega>rpi: b'BP1:1023.80\r\n'
2021-10-07 15:51:22,999:TEST-MODE:DEBUG: mega>rpi: b'BP2:1034.40\r\n'
2021-10-07 15:51:23,053:TEST-MODE:DEBUG: mega>rpi: b'HP:1603.20\r\n'
2021-10-07 15:51:23,066:TEST-MODE:DEBUG: mega>rpi: b'TT1:25.89\r\n'
2021-10-07 15:51:23,088:TEST-MODE:DEBUG: mega>rpi: b'TT2:25.73\r\n'
2021-10-07 15:51:23,142:TEST-MODE:DEBUG: mega>rpi: b'TP1:1034.90\r\n'
2021-10-07 15:51:23,197:TEST-MODE:DEBUG: mega>rpi: b'TP2:1039.90\r\n'
2021-10-07 15:51:23,210:TEST-MODE:DEBUG: mega>rpi: b'AT:24.40\r\n'
2021-10-07 15:51:23,275:TEST-MODE:DEBUG: mega>rpi: b'AP:6124.80\r\n'
2021-10-07 15:51:23,288:TEST-MODE:DEBUG: mega>rpi: b'BV:-467.87\r\n'
2021-10-07 15:51:23,289:TEST-MODE:INFO: BT1   BT2   TT1   TT2   AT    X    Y    Z    BP1     BP2     TP1     TP2     HP      AP      PD    PC    HL EL BF SF   PF   BV      rpm             State      
2021-10-07 15:51:23,291:TEST-MODE:INFO: 25.21 24.70 25.89 25.73 24.40 0.00 0.01 0.00 1023.66 1034.38 1035.06 1040.04 1603.38 6125.16 38.00 18.00 0  0  1  None None -467.87 Buffering (0/1) State.STOP 
2021-10-07 15:51:23,291:TEST-MODE:WARNING: Stopped
2021-10-07 15:51:23,304:TEST-MODE:DEBUG: mega>rpi: b'BF:1.00\r\n'
2021-10-07 15:51:23,316:TEST-MODE:DEBUG: mega>rpi: b'PD:38.00\r\n'
2021-10-07 15:51:23,328:TEST-MODE:DEBUG: mega>rpi: b'PC:8.00\r\n'
2021-10-07 15:51:23,340:TEST-MODE:DEBUG: mega>rpi: b'LC:17.00\r\n'
2021-10-07 15:51:23,372:TEST-MODE:DEBUG: mega>rpi: b'HL:0.00\r\n'
2021-10-07 15:51:23,384:TEST-MODE:DEBUG: mega>rpi: b'EL:0.00\r\n'
2021-10-07 15:51:23,397:TEST-MODE:DEBUG: mega>rpi: b'BT1:25.21\r\n'
2021-10-07 15:51:23,409:TEST-MODE:DEBUG: mega>rpi: b'BT2:24.70\r\n'
2021-10-07 15:51:23,463:TEST-MODE:DEBUG: mega>rpi: b'BP1:1023.70\r\n'
2021-10-07 15:51:23,527:TEST-MODE:DEBUG: mega>rpi: b'BP2:1034.30\r\n'
2021-10-07 15:51:23,580:TEST-MODE:DEBUG: mega>rpi: b'HP:1603.30\r\n'
2021-10-07 15:51:23,592:TEST-MODE:DEBUG: mega>rpi: b'TT1:25.89\r\n'
2021-10-07 15:51:23,605:TEST-MODE:DEBUG: mega>rpi: b'TT2:25.74\r\n'
2021-10-07 15:51:23,669:TEST-MODE:DEBUG: mega>rpi: b'TP1:1035.30\r\n'
2021-10-07 15:51:23,723:TEST-MODE:DEBUG: mega>rpi: b'TP2:1040.10\r\n'
2021-10-07 15:51:23,735:TEST-MODE:DEBUG: mega>rpi: b'AT:24.40\r\n'
2021-10-07 15:51:23,800:TEST-MODE:DEBUG: mega>rpi: b'AP:6125.00\r\n'
2021-10-07 15:51:23,813:TEST-MODE:DEBUG: mega>rpi: b'BV:-467.88\r\n'
2021-10-07 15:51:23,814:TEST-MODE:INFO: BT1   BT2   TT1   TT2   AT    X    Y    Z    BP1     BP2     TP1     TP2     HP      AP      PD    PC   HL EL BF SF   PF   BV      rpm             State      
2021-10-07 15:51:23,816:TEST-MODE:INFO: 25.21 24.70 25.89 25.73 24.40 0.00 0.01 0.00 1023.70 1034.44 1035.12 1040.12 1603.36 6125.10 38.00 8.00 0  0  1  None None -467.88 Buffering (0/1) State.STOP 
2021-10-07 15:51:23,817:TEST-MODE:WARNING: Stopped
2021-10-07 15:51:23,829:TEST-MODE:DEBUG: mega>rpi: b'BF:1.00\r\n'
2021-10-07 15:51:23,841:TEST-MODE:DEBUG: mega>rpi: b'X:-0.00\r\n'
2021-10-07 15:51:23,853:TEST-MODE:DEBUG: mega>rpi: b'Y:-0.02\r\n'
2021-10-07 15:51:23,865:TEST-MODE:DEBUG: mega>rpi: b'Z:0.00\r\n'
2021-10-07 15:51:23,877:TEST-MODE:DEBUG: mega>rpi: b'PD:38.00\r\n'
2021-10-07 15:51:23,889:TEST-MODE:DEBUG: mega>rpi: b'PC:33.00\r\n'
2021-10-07 15:51:23,901:TEST-MODE:DEBUG: mega>rpi: b'LC:18.00\r\n'
2021-10-07 15:51:23,955:TEST-MODE:DEBUG: mega>rpi: b'HL:0.00\r\n'
2021-10-07 15:51:23,968:TEST-MODE:DEBUG: mega>rpi: b'EL:0.00\r\n'
2021-10-07 15:51:23,980:TEST-MODE:DEBUG: mega>rpi: b'BT1:25.21\r\n'
2021-10-07 15:51:23,992:TEST-MODE:DEBUG: mega>rpi: b'BT2:24.70\r\n'
2021-10-07 15:51:24,046:TEST-MODE:DEBUG: mega>rpi: b'BP1:1023.70\r\n'
2021-10-07 15:51:24,100:TEST-MODE:DEBUG: mega>rpi: b'BP2:1034.60\r\n'
2021-10-07 15:51:24,165:TEST-MODE:DEBUG: mega>rpi: b'HP:1603.70\r\n'
2021-10-07 15:51:24,179:TEST-MODE:DEBUG: mega>rpi: b'TT1:25.89\r\n'
2021-10-07 15:51:24,192:TEST-MODE:DEBUG: mega>rpi: b'TT2:25.72\r\n'
2021-10-07 15:51:24,246:TEST-MODE:DEBUG: mega>rpi: b'TP1:1035.20\r\n'
2021-10-07 15:51:24,310:TEST-MODE:DEBUG: mega>rpi: b'TP2:1039.90\r\n'
2021-10-07 15:51:24,322:TEST-MODE:DEBUG: mega>rpi: b'AT:24.40\r\n'
2021-10-07 15:51:24,374:TEST-MODE:DEBUG: mega>rpi: b'AP:6124.80\r\n'
2021-10-07 15:51:24,386:TEST-MODE:DEBUG: mega>rpi: b'BV:-467.87\r\n'
2021-10-07 15:51:24,387:TEST-MODE:INFO: BT1   BT2   TT1   TT2   AT    X    Y    Z    BP1     BP2     TP1     TP2     HP      AP      PD    PC    HL EL BF SF   PF   BV      rpm             State      
2021-10-07 15:51:24,388:TEST-MODE:INFO: 25.21 24.70 25.89 25.73 24.40 0.00 0.00 0.00 1023.72 1034.42 1035.14 1040.10 1603.46 6125.04 38.00 33.00 0  0  1  None None -467.87 Buffering (0/1) State.STOP 
2021-10-07 15:51:24,388:TEST-MODE:WARNING: Stopped
2021-10-07 15:51:24,400:TEST-MODE:DEBUG: mega>rpi: b'BF:1.00\r\n'
2021-10-07 15:51:24,411:TEST-MODE:DEBUG: mega>rpi: b'PD:39.00\r\n'
2021-10-07 15:51:24,423:TEST-MODE:DEBUG: mega>rpi: b'PC:21.00\r\n'
2021-10-07 15:51:24,434:TEST-MODE:DEBUG: mega>rpi: b'LC:19.00\r\n'
2021-10-07 15:51:24,476:TEST-MODE:DEBUG: mega>rpi: b'HL:0.00\r\n'
2021-10-07 15:51:24,488:TEST-MODE:DEBUG: mega>rpi: b'EL:0.00\r\n'
2021-10-07 15:51:24,499:TEST-MODE:DEBUG: mega>rpi: b'BT1:25.21\r\n'
2021-10-07 15:51:24,511:TEST-MODE:DEBUG: mega>rpi: b'BT2:24.70\r\n'
2021-10-07 15:51:24,564:TEST-MODE:DEBUG: mega>rpi: b'BP1:1023.40\r\n'
2021-10-07 15:51:24,626:TEST-MODE:DEBUG: mega>rpi: b'BP2:1035.10\r\n'
2021-10-07 15:51:24,679:TEST-MODE:DEBUG: mega>rpi: b'HP:1603.50\r\n'
2021-10-07 15:51:24,700:TEST-MODE:DEBUG: mega>rpi: b'TT1:25.89\r\n'
2021-10-07 15:51:24,712:TEST-MODE:DEBUG: mega>rpi: b'TT2:25.73\r\n'
2021-10-07 15:51:24,775:TEST-MODE:DEBUG: mega>rpi: b'TP1:1034.80\r\n'
2021-10-07 15:51:24,827:TEST-MODE:DEBUG: mega>rpi: b'TP2:1040.00\r\n'
2021-10-07 15:51:24,839:TEST-MODE:DEBUG: mega>rpi: b'AT:24.40\r\n'
2021-10-07 15:51:24,901:TEST-MODE:DEBUG: mega>rpi: b'AP:6124.90\r\n'
2021-10-07 15:51:24,913:TEST-MODE:DEBUG: mega>rpi: b'BV:-467.88\r\n'
2021-10-07 15:51:24,914:TEST-MODE:INFO: BT1   BT2   TT1   TT2   AT    X    Y    Z    BP1     BP2     TP1     TP2     HP      AP      PD    PC    HL EL BF SF   PF   BV      rpm             State      
2021-10-07 15:51:24,915:TEST-MODE:INFO: 25.21 24.70 25.89 25.73 24.40 0.00 0.00 0.00 1023.64 1034.56 1035.00 1040.12 1603.42 6124.94 39.00 21.00 0  0  1  None None -467.88 Buffering (0/1) State.STOP 
2021-10-07 15:51:24,916:TEST-MODE:WARNING: Stopped
2021-10-07 15:51:24,927:TEST-MODE:DEBUG: mega>rpi: b'BF:1.00\r\n'
2021-10-07 15:51:24,939:TEST-MODE:DEBUG: mega>rpi: b'X:-0.00\r\n'
2021-10-07 15:51:24,950:TEST-MODE:DEBUG: mega>rpi: b'Y:0.03\r\n'
2021-10-07 15:51:24,962:TEST-MODE:DEBUG: mega>rpi: b'Z:0.00\r\n'
2021-10-07 15:51:24,973:TEST-MODE:DEBUG: mega>rpi: b'PD:34.00\r\n'
2021-10-07 15:51:24,985:TEST-MODE:DEBUG: mega>rpi: b'PC:0.00\r\n'
2021-10-07 15:51:24,996:TEST-MODE:DEBUG: mega>rpi: b'LC:20.00\r\n'
2021-10-07 15:51:25,018:TEST-MODE:DEBUG: mega>rpi: b'HL:0.00\r\n'
2021-10-07 15:51:25,031:TEST-MODE:DEBUG: mega>rpi: b'EL:0.00\r\n'
2021-10-07 15:51:25,043:TEST-MODE:DEBUG: mega>rpi: b'BT1:25.21\r\n'
2021-10-07 15:51:25,056:TEST-MODE:DEBUG: mega>rpi: b'BT2:24.70\r\n'
2021-10-07 15:51:25,109:TEST-MODE:DEBUG: mega>rpi: b'BP1:1024.00\r\n'
2021-10-07 15:51:25,163:TEST-MODE:DEBUG: mega>rpi: b'BP2:1034.00\r\n'
2021-10-07 15:51:25,228:TEST-MODE:DEBUG: mega>rpi: b'HP:1603.20\r\n'
2021-10-07 15:51:25,240:TEST-MODE:DEBUG: mega>rpi: b'TT1:25.90\r\n'
2021-10-07 15:51:25,253:TEST-MODE:DEBUG: mega>rpi: b'TT2:25.73\r\n'
2021-10-07 15:51:25,308:TEST-MODE:DEBUG: mega>rpi: b'TP1:1035.20\r\n'
2021-10-07 15:51:25,330:TEST-MODE:DEBUG: CLI:['loop_flag', '0']
2021-10-07 15:51:25,373:TEST-MODE:DEBUG: mega>rpi: b'TP2:1039.90\r\n'
2021-10-07 15:51:25,385:TEST-MODE:DEBUG: mega>rpi: b'AT:24.40\r\n'
2021-10-07 15:51:25,438:TEST-MODE:DEBUG: mega>rpi: b'AP:6125.20\r\n'
2021-10-07 15:51:25,451:TEST-MODE:DEBUG: mega>rpi: b'BV:-467.89\r\n'
2021-10-07 15:51:25,452:TEST-MODE:DEBUG: loop_flag
