2021-10-18 10:08:46,718:TEST-MODE:WARNING: Simulation mode
2021-10-18 10:08:46,719:TEST-MODE:WARNING: Test mode
2021-10-18 10:08:46,720:TEST-MODE:INFO: Pressure controller was initialized successfully
2021-10-18 10:08:46,720:TEST-MODE:INFO: BP1 pressure sensor was initialized successfully
2021-10-18 10:08:46,721:TEST-MODE:INFO: BP2 pressure sensor was initialized successfully
2021-10-18 10:08:46,721:TEST-MODE:INFO: TP1 pressure sensor was initialized successfully
2021-10-18 10:08:46,722:TEST-MODE:INFO: TP2 pressure sensor was initialized successfully
2021-10-18 10:08:46,722:TEST-MODE:INFO: HP pressure sensor was initialized successfully
2021-10-18 10:08:46,723:TEST-MODE:INFO: AP pressure sensor was initialized successfully
2021-10-18 10:08:46,723:TEST-MODE:INFO: Temperature controller was initialized successfully
2021-10-18 10:08:46,724:TEST-MODE:INFO: BT1 temperature sensor was initialized successfully
2021-10-18 10:08:46,725:TEST-MODE:INFO: BT2 temperature sensor was initialized successfully
2021-10-18 10:08:46,725:TEST-MODE:INFO: TT1 temperature sensor was initialized successfully
2021-10-18 10:08:46,725:TEST-MODE:INFO: TT2 temperature sensor was initialized successfully
2021-10-18 10:08:46,726:TEST-MODE:INFO: AT temperature sensor was initialized successfully
2021-10-18 10:08:46,726:TEST-MODE:INFO: IMU controller was initialized successfully
2021-10-18 10:08:46,726:TEST-MODE:INFO: X IMU sensor was initialized successfully
2021-10-18 10:08:46,727:TEST-MODE:INFO: Y IMU sensor was initialized successfully
2021-10-18 10:08:46,727:TEST-MODE:INFO: Z IMU sensor was initialized successfully
2021-10-18 10:08:46,727:TEST-MODE:INFO: Bladder volume controller was initialized successfully
2021-10-18 10:08:46,728:TEST-MODE:INFO: Altimeter controller was initialized successfully
2021-10-18 10:08:46,728:TEST-MODE:INFO: rpm controller was initialized successfully
2021-10-18 10:08:46,728:TEST-MODE:INFO: Pump flag controller was initialized successfully
2021-10-18 10:08:46,728:TEST-MODE:INFO: Bladder flag controller was initialized successfully
2021-10-18 10:08:46,729:TEST-MODE:INFO: Hull leak flag controller was initialized successfully
2021-10-18 10:08:46,729:TEST-MODE:INFO: Engine leak flag controller was initialized successfully
2021-10-18 10:08:46,729:TEST-MODE:INFO: Full surface initiated flag controller was initialized successfully
2021-10-18 10:08:46,731:TEST-MODE:CRITICAL: -E- Failed to init serial port
2021-10-18 10:08:46,731:TEST-MODE:CRITICAL:  [Errno 2] could not open port /dev/ttyUSB0: [Errno 2] No such file or directory: '/dev/ttyUSB0'
2021-10-18 10:08:46,732:TEST-MODE:CRITICAL: -E- Failed to init safety serial port
