2021-10-21 14:40:01,607:WARNING: Safety is disabled
2021-10-21 14:40:01,609:WARNING: Test mode
2021-10-21 14:40:01,610:INFO: Pressure controller was initialized successfully
2021-10-21 14:40:01,611:INFO: BP1 pressure sensor was initialized successfully
2021-10-21 14:40:01,611:INFO: BP2 pressure sensor was initialized successfully
2021-10-21 14:40:01,612:INFO: TP1 pressure sensor was initialized successfully
2021-10-21 14:40:01,612:INFO: TP2 pressure sensor was initialized successfully
2021-10-21 14:40:01,613:INFO: HP pressure sensor was initialized successfully
2021-10-21 14:40:01,613:INFO: AP pressure sensor was initialized successfully
2021-10-21 14:40:01,614:INFO: Temperature controller was initialized successfully
2021-10-21 14:40:01,614:INFO: BT1 temperature sensor was initialized successfully
2021-10-21 14:40:01,615:INFO: BT2 temperature sensor was initialized successfully
2021-10-21 14:40:01,616:INFO: TT1 temperature sensor was initialized successfully
2021-10-21 14:40:01,616:INFO: TT2 temperature sensor was initialized successfully
2021-10-21 14:40:01,617:INFO: AT temperature sensor was initialized successfully
2021-10-21 14:40:01,618:INFO: IMU controller was initialized successfully
2021-10-21 14:40:01,618:INFO: X IMU sensor was initialized successfully
2021-10-21 14:40:01,618:INFO: Y IMU sensor was initialized successfully
2021-10-21 14:40:01,619:INFO: Z IMU sensor was initialized successfully
2021-10-21 14:40:01,619:INFO: Bladder volume controller was initialized successfully
2021-10-21 14:40:01,620:INFO: Altimeter controller was initialized successfully
2021-10-21 14:40:01,620:INFO: rpm controller was initialized successfully
2021-10-21 14:40:01,621:INFO: Pump flag controller was initialized successfully
2021-10-21 14:40:01,621:INFO: Bladder flag controller was initialized successfully
2021-10-21 14:40:01,622:INFO: Hull leak flag controller was initialized successfully
2021-10-21 14:40:01,622:INFO: Engine leak flag controller was initialized successfully
2021-10-21 14:40:01,623:INFO: Full surface initiated flag controller was initialized successfully
2021-10-21 14:40:01,625:INFO: SerialComm was initialized successfully
2021-10-21 14:40:01,636:INFO: Profile file loaded successfully

2021-10-21 14:40:01,637:INFO: Profile class was initialized successfully

2021-10-21 14:40:01,638:INFO: setting state to MissionState.IDLE
2021-10-21 14:40:01,645:INFO: State.STOP
2021-10-21 14:40:01,647:INFO: BT1             BT2             TT1             TT2             AT              X               Y               Z               BP1             BP2             TP1             TP2             HP              AP              PD PC HL   EL   BF   SF   PF   BV     rpm             State MissionState Setpoint Error Depth 
2021-10-21 14:40:01,648:INFO: Buffering (0/5) Buffering (0/5) Buffering (0/5) Buffering (0/5) Buffering (1/5) Buffering (0/5) Buffering (0/5) Buffering (0/5) Buffering (0/5) Buffering (0/5) Buffering (0/5) Buffering (0/5) Buffering (0/5) Buffering (1/5) 0  0  None None None None None 139.93 Buffering (0/1) STOP  IDLE         30.00    None  None  
2021-10-21 14:40:01,649:WARNING: Stopped
2021-10-21 14:40:01,656:ERROR: unknown header: LC:1636.00
2021-10-21 14:40:01,670:INFO: State.STOP
2021-10-21 14:40:01,672:INFO: BT1             BT2             TT1             TT2             AT              X               Y               Z               BP1             BP2             TP1             TP2             HP              AP              PD   PC     HL EL BF SF   PF   BV     rpm             State MissionState Setpoint Error Depth 
2021-10-21 14:40:01,673:INFO: Buffering (1/5) Buffering (1/5) Buffering (0/5) Buffering (0/5) Buffering (2/5) Buffering (0/5) Buffering (0/5) Buffering (0/5) Buffering (1/5) Buffering (0/5) Buffering (0/5) Buffering (0/5) Buffering (0/5) Buffering (2/5) 1.44 100.00 0  0  0  None None 139.93 Buffering (0/1) STOP  IDLE         30.00    None  None  
2021-10-21 14:40:01,674:WARNING: Stopped
2021-10-21 14:40:01,681:ERROR: unknown header: LC:1636.00
2021-10-21 14:40:03,040:ERROR: unknown header: SU:0.00
2021-10-21 14:40:04,231:ERROR: unknown header: Date: 10/21/2021 Time
2021-10-21 14:40:05,932:ERROR: unknown header: SU:1.00
2021-10-21 14:40:05,934:ERROR: unknown header: LC:1.00
2021-10-21 14:40:06,435:WARNING: restarting
2021-10-21 14:40:06,442:INFO: State.INIT
2021-10-21 14:40:06,443:INFO: BT1             BT2             TT1             TT2             AT              X               Y               Z               BP1             BP2             TP1             TP2             HP              AP              PD PC HL   EL   BF   SF   PF   BV rpm             State MissionState Setpoint Error Depth 
2021-10-21 14:40:06,445:INFO: Buffering (0/5) Buffering (0/5) Buffering (0/5) Buffering (0/5) Buffering (0/5) Buffering (0/5) Buffering (0/5) Buffering (0/5) Buffering (0/5) Buffering (0/5) Buffering (0/5) Buffering (0/5) Buffering (0/5) Buffering (0/5) 0  0  None None None None None 0  Buffering (0/1) INIT  IDLE         30.00    None  None  
2021-10-21 14:40:06,458:ERROR: unknown header: LC:2.00
2021-10-21 14:40:06,949:INFO: State.WAIT_FOR_SENSOR_BUFFER
2021-10-21 14:40:06,951:INFO: BT1             BT2             TT1             TT2             AT              X               Y               Z               BP1             BP2             TP1             TP2             HP              AP              PD   PC     HL EL BF SF   PF   BV     rpm             State                  MissionState Setpoint Error Depth 
2021-10-21 14:40:06,952:INFO: Buffering (1/5) Buffering (1/5) Buffering (1/5) Buffering (1/5) Buffering (1/5) Buffering (1/5) Buffering (1/5) Buffering (1/5) Buffering (1/5) Buffering (1/5) Buffering (1/5) Buffering (1/5) Buffering (1/5) Buffering (1/5) 1.44 100.00 0  0  0  None None 140.29 Buffering (0/1) WAIT_FOR_SENSOR_BUFFER IDLE         30.00    None  None  
2021-10-21 14:40:06,953:WARNING: sensor BT1 is not ready
2021-10-21 14:40:06,979:ERROR: unknown header: LC:3.00
2021-10-21 14:40:07,478:INFO: State.WAIT_FOR_SENSOR_BUFFER
2021-10-21 14:40:07,479:INFO: BT1             BT2             TT1             TT2             AT              X               Y               Z               BP1             BP2             TP1             TP2             HP              AP              PD   PC     HL EL BF SF   PF   BV     rpm             State                  MissionState Setpoint Error Depth 
2021-10-21 14:40:07,480:INFO: Buffering (2/5) Buffering (2/5) Buffering (2/5) Buffering (2/5) Buffering (2/5) Buffering (2/5) Buffering (2/5) Buffering (2/5) Buffering (2/5) Buffering (2/5) Buffering (2/5) Buffering (2/5) Buffering (2/5) Buffering (2/5) 1.44 100.00 0  0  0  None None 140.33 Buffering (0/1) WAIT_FOR_SENSOR_BUFFER IDLE         30.00    None  None  
2021-10-21 14:40:07,481:WARNING: sensor BT1 is not ready
2021-10-21 14:40:07,491:ERROR: unknown header: LC:4.00
2021-10-21 14:40:07,988:INFO: State.WAIT_FOR_SENSOR_BUFFER
2021-10-21 14:40:07,990:INFO: BT1             BT2             TT1             TT2             AT              X               Y               Z               BP1             BP2             TP1             TP2             HP              AP              PD   PC     HL EL BF SF   PF   BV     rpm             State                  MissionState Setpoint Error Depth 
2021-10-21 14:40:07,991:INFO: Buffering (3/5) Buffering (3/5) Buffering (3/5) Buffering (3/5) Buffering (3/5) Buffering (3/5) Buffering (3/5) Buffering (3/5) Buffering (3/5) Buffering (3/5) Buffering (3/5) Buffering (3/5) Buffering (3/5) Buffering (3/5) 1.44 100.00 0  0  0  None None 140.39 Buffering (0/1) WAIT_FOR_SENSOR_BUFFER IDLE         30.00    None  None  
2021-10-21 14:40:07,991:WARNING: sensor BT1 is not ready
2021-10-21 14:40:08,016:ERROR: unknown header: LC:5.00
2021-10-21 14:40:08,514:INFO: State.WAIT_FOR_SENSOR_BUFFER
2021-10-21 14:40:08,515:INFO: BT1             BT2             TT1             TT2             AT              X               Y               Z               BP1             BP2             TP1             TP2             HP              AP              PD   PC     HL EL BF SF   PF   BV     rpm             State                  MissionState Setpoint Error Depth 
2021-10-21 14:40:08,516:INFO: Buffering (4/5) Buffering (4/5) Buffering (4/5) Buffering (4/5) Buffering (4/5) Buffering (4/5) Buffering (4/5) Buffering (4/5) Buffering (4/5) Buffering (4/5) Buffering (4/5) Buffering (4/5) Buffering (4/5) Buffering (4/5) 1.44 100.00 0  0  0  None None 140.43 Buffering (0/1) WAIT_FOR_SENSOR_BUFFER IDLE         30.00    None  None  
2021-10-21 14:40:08,517:WARNING: sensor BT1 is not ready
2021-10-21 14:40:08,526:ERROR: unknown header: LC:6.00
2021-10-21 14:40:09,025:INFO: State.WAIT_FOR_SENSOR_BUFFER
2021-10-21 14:40:09,027:INFO: BT1   BT2   TT1   TT2   AT    X               Y               Z               BP1   BP2   TP1   TP2   HP      AP      PD   PC     HL EL BF SF   PF   BV     rpm             State                  MissionState Setpoint Error Depth 
2021-10-21 14:40:09,028:INFO: 25.13 24.58 24.59 24.64 24.39 Buffering (4/5) Buffering (4/5) Buffering (4/5) 11.26 11.51 10.26 10.47 1172.36 9556.58 1.44 100.00 0  0  0  None None 140.49 Buffering (0/1) WAIT_FOR_SENSOR_BUFFER IDLE         30.00    None  None  
2021-10-21 14:40:09,028:WARNING: sensor X is not ready
2021-10-21 14:40:09,068:ERROR: unknown header: LC:7.00
2021-10-21 14:40:09,555:INFO: State.WAIT_FOR_SENSOR_BUFFER
2021-10-21 14:40:09,558:INFO: BT1   BT2   TT1   TT2   AT    X     Y    Z    BP1   BP2   TP1   TP2   HP      AP      PD   PC     HL EL BF SF   PF   BV     rpm             State                  MissionState Setpoint Error Depth 
2021-10-21 14:40:09,559:INFO: 25.13 24.58 24.59 24.64 24.39 -0.01 0.01 0.00 11.26 11.51 10.26 10.47 1172.36 9556.24 1.44 100.00 0  0  0  None None 140.45 Buffering (0/1) WAIT_FOR_SENSOR_BUFFER IDLE         30.00    None  None  
2021-10-21 14:40:09,568:ERROR: unknown header: LC:8.00
2021-10-21 14:40:10,062:INFO: State.CALIBRATE_DEPTH_SENSORS
2021-10-21 14:40:10,065:INFO: BT1   BT2   TT1   TT2   AT    X     Y    Z    BP1   BP2   TP1   TP2   HP      AP      PD   PC     HL EL BF SF   PF   BV     rpm             State                   MissionState Setpoint Error Depth 
2021-10-21 14:40:10,066:INFO: 25.13 24.58 24.59 24.64 24.39 -0.01 0.01 0.00 11.26 11.51 10.26 10.47 1172.38 9555.80 1.44 100.00 0  0  0  None None 140.54 Buffering (0/1) CALIBRATE_DEPTH_SENSORS IDLE         30.00    None  None  
2021-10-21 14:40:10,067:ERROR: error in HP sensor value: 1172.38 is out of bound!
2021-10-21 14:40:10,069:ERROR: error in AP sensor value: 9555.8 is out of bound!
2021-10-21 14:40:10,070:INFO: depth sensors calibrated successfully
2021-10-21 14:40:10,072:INFO: offset set on: 10.875
2021-10-21 14:40:10,092:ERROR: unknown header: LC:9.00
2021-10-21 14:40:10,591:INFO: State.CALIBRATE_DEPTH_SENSORS
2021-10-21 14:40:10,592:INFO: BT1   BT2   TT1   TT2   AT    X     Y    Z    BP1   BP2   TP1   TP2   HP      AP      PD   PC     HL EL BF SF   PF   BV     rpm             State                   MissionState Setpoint Error Depth 
2021-10-21 14:40:10,594:INFO: 25.13 24.58 24.59 24.65 24.39 -0.00 0.01 0.00 11.26 11.51 10.26 10.47 1172.64 9555.32 1.44 100.00 0  0  0  None None 140.63 Buffering (0/1) CALIBRATE_DEPTH_SENSORS IDLE         30.00    None  None  
2021-10-21 14:40:10,595:ERROR: error in HP sensor value: 1172.64 is out of bound!
2021-10-21 14:40:10,596:ERROR: error in AP sensor value: 9555.32 is out of bound!
2021-10-21 14:40:10,604:ERROR: unknown header: LC:10.00
2021-10-21 14:40:11,099:INFO: State.WAIT_FOR_WATER
2021-10-21 14:40:11,101:INFO: BT1   BT2   TT1   TT2   AT    X     Y    Z    BP1   BP2   TP1   TP2   HP      AP      PD   PC     HL EL BF SF   PF   BV     rpm             State          MissionState Setpoint Error Depth 
2021-10-21 14:40:11,103:INFO: 25.13 24.58 24.60 24.65 24.39 -0.00 0.01 0.00 11.26 11.51 10.26 10.47 1172.60 9554.90 1.44 100.00 0  0  0  None None 140.63 Buffering (0/1) WAIT_FOR_WATER IDLE         30.00    30.00 0.00  
2021-10-21 14:40:11,104:INFO: Waiting for water
2021-10-21 14:40:11,105:INFO: Waiting for water
2021-10-21 14:40:11,106:INFO: 0/10 secs
2021-10-21 14:40:11,127:ERROR: unknown header: LC:11.00
2021-10-21 14:40:11,627:INFO: State.WAIT_FOR_WATER
2021-10-21 14:40:11,630:INFO: BT1   BT2   TT1   TT2   AT    X     Y    Z    BP1   BP2   TP1   TP2   HP      AP      PD   PC     HL EL BF SF   PF   BV     rpm             State          MissionState Setpoint Error Depth 
2021-10-21 14:40:11,632:INFO: 25.13 24.59 24.60 24.65 24.39 -0.00 0.01 0.00 11.26 11.51 10.26 10.47 1172.68 9554.48 1.44 100.00 0  0  0  None None 140.69 Buffering (0/1) WAIT_FOR_WATER IDLE         30.00    30.00 0.00  
2021-10-21 14:40:11,633:INFO: Waiting for water
2021-10-21 14:40:11,635:INFO: 1/10 secs
2021-10-21 14:40:11,641:ERROR: unknown header: LC:12.00
2021-10-21 14:40:12,134:INFO: State.WAIT_FOR_WATER
2021-10-21 14:40:12,137:INFO: BT1   BT2   TT1   TT2   AT    X     Y    Z    BP1   BP2   TP1   TP2   HP      AP      PD   PC     HL EL BF SF   PF   BV     rpm             State          MissionState Setpoint Error Depth 
2021-10-21 14:40:12,138:INFO: 25.13 24.59 24.60 24.65 24.39 -0.00 0.01 0.00 11.26 11.51 10.26 10.47 1172.72 9554.00 1.44 100.00 0  0  0  None None 140.68 Buffering (0/1) WAIT_FOR_WATER IDLE         30.00    30.00 0.00  
2021-10-21 14:40:12,139:INFO: Waiting for water
2021-10-21 14:40:12,140:INFO: 1/10 secs
2021-10-21 14:40:12,165:ERROR: unknown header: LC:13.00
2021-10-21 14:40:12,663:INFO: State.WAIT_FOR_WATER
2021-10-21 14:40:12,666:INFO: BT1   BT2   TT1   TT2   AT    X    Y    Z     BP1   BP2   TP1   TP2   HP      AP      PD   PC     HL EL BF SF   PF   BV     rpm             State          MissionState Setpoint Error Depth 
2021-10-21 14:40:12,667:INFO: 25.14 24.59 24.61 24.65 24.39 0.01 0.00 -0.00 11.26 11.51 10.26 10.47 1172.82 9553.60 1.44 100.00 0  0  0  None None 140.73 Buffering (0/1) WAIT_FOR_WATER IDLE         30.00    30.00 0.00  
2021-10-21 14:40:12,669:INFO: Waiting for water
2021-10-21 14:40:12,670:INFO: 2/10 secs
2021-10-21 14:40:12,676:ERROR: unknown header: LC:14.00
2021-10-21 14:40:13,170:INFO: State.WAIT_FOR_WATER
2021-10-21 14:40:13,173:INFO: BT1   BT2   TT1   TT2   AT    X    Y    Z     BP1   BP2   TP1   TP2   HP      AP      PD   PC     HL EL BF SF   PF   BV     rpm             State          MissionState Setpoint Error Depth 
2021-10-21 14:40:13,174:INFO: 25.14 24.59 24.61 24.65 24.39 0.01 0.00 -0.00 11.26 11.51 10.26 10.47 1172.80 9553.32 1.44 100.00 0  0  0  None None 140.76 Buffering (0/1) WAIT_FOR_WATER IDLE         30.00    30.00 0.00  
2021-10-21 14:40:13,175:INFO: Waiting for water
2021-10-21 14:40:13,176:INFO: 2/10 secs
2021-10-21 14:40:13,201:ERROR: unknown header: LC:15.00
2021-10-21 14:40:13,700:INFO: State.WAIT_FOR_WATER
2021-10-21 14:40:13,701:INFO: BT1   BT2   TT1   TT2   AT    X    Y     Z     BP1   BP2   TP1   TP2   HP      AP      PD   PC     HL EL BF SF   PF   BV     rpm             State          MissionState Setpoint Error Depth 
2021-10-21 14:40:13,703:INFO: 25.14 24.59 24.61 24.65 24.39 0.00 -0.01 -0.00 11.26 11.51 10.26 10.47 1172.96 9552.90 1.44 100.00 0  0  0  None None 140.84 Buffering (0/1) WAIT_FOR_WATER IDLE         30.00    30.00 0.00  
2021-10-21 14:40:13,704:INFO: Waiting for water
2021-10-21 14:40:13,705:INFO: 3/10 secs
2021-10-21 14:40:13,711:ERROR: unknown header: LC:16.00
2021-10-21 14:40:14,210:INFO: State.WAIT_FOR_WATER
2021-10-21 14:40:14,212:INFO: BT1   BT2   TT1   TT2   AT    X    Y     Z     BP1   BP2   TP1   TP2   HP      AP      PD   PC     HL EL BF SF   PF   BV     rpm             State          MissionState Setpoint Error Depth 
2021-10-21 14:40:14,214:INFO: 25.14 24.59 24.61 24.65 24.39 0.00 -0.01 -0.00 11.26 11.51 10.26 10.47 1172.92 9552.48 1.44 100.00 0  0  0  None None 140.89 Buffering (0/1) WAIT_FOR_WATER IDLE         30.00    30.00 0.00  
2021-10-21 14:40:14,215:INFO: Waiting for water
2021-10-21 14:40:14,216:INFO: 3/10 secs
2021-10-21 14:40:14,237:ERROR: unknown header: LC:17.00
2021-10-21 14:40:14,736:INFO: State.WAIT_FOR_WATER
2021-10-21 14:40:14,738:INFO: BT1   BT2   TT1   TT2   AT    X    Y     Z     BP1   BP2   TP1   TP2   HP      AP      PD   PC     HL EL BF SF   PF   BV     rpm             State          MissionState Setpoint Error Depth 
2021-10-21 14:40:14,740:INFO: 25.14 24.58 24.61 24.65 24.39 0.00 -0.00 -0.00 11.26 11.51 10.26 10.47 1172.96 9552.06 1.44 100.00 0  0  0  None None 140.89 Buffering (0/1) WAIT_FOR_WATER IDLE         30.00    30.00 0.00  
2021-10-21 14:40:14,741:INFO: Waiting for water
2021-10-21 14:40:14,742:INFO: 4/10 secs
2021-10-21 14:40:14,749:ERROR: unknown header: LC:18.00
2021-10-21 14:40:15,247:INFO: State.WAIT_FOR_WATER
2021-10-21 14:40:15,249:INFO: BT1   BT2   TT1   TT2   AT    X    Y     Z     BP1   BP2   TP1   TP2   HP      AP      PD   PC     HL EL BF SF   PF   BV     rpm             State          MissionState Setpoint Error Depth 
2021-10-21 14:40:15,250:INFO: 25.14 24.59 24.61 24.65 24.39 0.00 -0.00 -0.00 11.26 11.51 10.26 10.47 1172.90 9551.70 1.44 100.00 0  0  0  None None 140.90 Buffering (0/1) WAIT_FOR_WATER IDLE         30.00    30.00 0.00  
2021-10-21 14:40:15,251:INFO: Waiting for water
2021-10-21 14:40:15,252:INFO: 4/10 secs
2021-10-21 14:40:15,277:ERROR: unknown header: LC:19.00
2021-10-21 14:40:15,775:INFO: State.WAIT_FOR_WATER
2021-10-21 14:40:15,777:INFO: BT1   BT2   TT1   TT2   AT    X     Y    Z     BP1   BP2   TP1   TP2   HP      AP      PD   PC     HL EL BF SF   PF   BV     rpm             State          MissionState Setpoint Error Depth 
2021-10-21 14:40:15,778:INFO: 25.14 24.59 24.61 24.65 24.39 -0.01 0.01 -0.00 11.26 11.51 10.26 10.47 1172.70 9551.22 1.44 100.00 0  0  0  None None 140.99 Buffering (0/1) WAIT_FOR_WATER IDLE         30.00    30.00 0.00  
2021-10-21 14:40:15,779:INFO: Waiting for water
2021-10-21 14:40:15,780:INFO: 5/10 secs
2021-10-21 14:40:15,786:ERROR: unknown header: LC:20.00
2021-10-21 14:40:16,283:INFO: State.WAIT_FOR_WATER
2021-10-21 14:40:16,285:INFO: BT1   BT2   TT1   TT2   AT    X     Y    Z     BP1   BP2   TP1   TP2   HP      AP      PD   PC     HL EL BF SF   PF   BV     rpm             State          MissionState Setpoint Error Depth 
2021-10-21 14:40:16,287:INFO: 25.14 24.57 24.62 24.65 24.39 -0.01 0.01 -0.00 11.27 11.51 10.26 10.47 1172.44 9550.84 1.44 100.00 0  0  0  None None 141.02 Buffering (0/1) WAIT_FOR_WATER IDLE         30.00    30.00 0.00  
2021-10-21 14:40:16,288:INFO: Waiting for water
2021-10-21 14:40:16,288:INFO: 5/10 secs
2021-10-21 14:40:16,313:ERROR: unknown header: LC:21.00
2021-10-21 14:40:16,812:INFO: State.WAIT_FOR_WATER
2021-10-21 14:40:16,813:INFO: BT1   BT2   TT1   TT2   AT    X     Y    Z     BP1   BP2   TP1   TP2   HP      AP      PD   PC     HL EL BF SF   PF   BV     rpm             State          MissionState Setpoint Error Depth 
2021-10-21 14:40:16,815:INFO: 25.14 24.57 24.62 24.65 24.39 -0.01 0.00 -0.00 11.26 11.51 10.26 10.47 1172.46 9550.58 1.44 100.00 0  0  0  None None 141.02 Buffering (0/1) WAIT_FOR_WATER IDLE         30.00    30.00 0.00  
2021-10-21 14:40:16,816:INFO: Waiting for water
2021-10-21 14:40:16,817:INFO: 6/10 secs
2021-10-21 14:40:16,823:ERROR: unknown header: LC:22.00
2021-10-21 14:40:17,321:INFO: State.WAIT_FOR_WATER
2021-10-21 14:40:17,322:INFO: BT1   BT2   TT1   TT2   AT    X     Y    Z     BP1   BP2   TP1   TP2   HP      AP      PD   PC     HL EL BF SF   PF   BV     rpm             State          MissionState Setpoint Error Depth 
2021-10-21 14:40:17,324:INFO: 25.14 24.58 24.62 24.65 24.39 -0.01 0.00 -0.00 11.26 11.51 10.26 10.47 1172.56 9550.22 1.44 100.00 0  0  0  None None 141.06 Buffering (0/1) WAIT_FOR_WATER IDLE         30.00    30.00 0.00  
2021-10-21 14:40:17,325:INFO: Waiting for water
2021-10-21 14:40:17,326:INFO: 6/10 secs
2021-10-21 14:40:17,350:ERROR: unknown header: LC:23.00
2021-10-21 14:40:17,848:INFO: State.WAIT_FOR_WATER
2021-10-21 14:40:17,850:INFO: BT1   BT2   TT1   TT2   AT    X     Y    Z    BP1   BP2   TP1   TP2   HP      AP      PD   PC     HL EL BF SF   PF   BV     rpm             State          MissionState Setpoint Error Depth 
2021-10-21 14:40:17,851:INFO: 25.14 24.57 24.62 24.65 24.39 -0.02 0.00 0.00 11.26 11.51 10.26 10.47 1172.44 9549.80 1.44 100.00 0  0  0  None None 141.11 Buffering (0/1) WAIT_FOR_WATER IDLE         30.00    30.00 0.00  
2021-10-21 14:40:17,852:INFO: Waiting for water
2021-10-21 14:40:17,853:INFO: 7/10 secs
2021-10-21 14:40:17,859:ERROR: unknown header: LC:24.00
2021-10-21 14:40:18,356:INFO: State.WAIT_FOR_WATER
2021-10-21 14:40:18,357:INFO: BT1   BT2   TT1   TT2   AT    X     Y    Z    BP1   BP2   TP1   TP2   HP      AP      PD   PC     HL EL BF SF   PF   BV     rpm             State          MissionState Setpoint Error Depth 
2021-10-21 14:40:18,359:INFO: 25.14 24.56 24.62 24.66 24.39 -0.02 0.00 0.00 11.26 11.51 10.26 10.47 1172.58 9549.48 1.44 100.00 0  0  0  None None 141.15 Buffering (0/1) WAIT_FOR_WATER IDLE         30.00    30.00 0.00  
2021-10-21 14:40:18,360:INFO: Waiting for water
2021-10-21 14:40:18,361:INFO: 7/10 secs
2021-10-21 14:40:18,386:ERROR: unknown header: LC:25.00
2021-10-21 14:40:18,885:INFO: State.WAIT_FOR_WATER
2021-10-21 14:40:18,887:INFO: BT1   BT2   TT1   TT2   AT    X     Y    Z    BP1   BP2   TP1   TP2   HP      AP      PD   PC     HL EL BF SF   PF   BV     rpm             State          MissionState Setpoint Error Depth 
2021-10-21 14:40:18,889:INFO: 25.14 24.57 24.62 24.66 24.39 -0.03 0.02 0.00 11.26 11.51 10.26 10.47 1172.82 9549.20 1.44 100.00 0  0  0  None None 141.16 Buffering (0/1) WAIT_FOR_WATER IDLE         30.00    30.00 0.00  
2021-10-21 14:40:18,890:INFO: Waiting for water
2021-10-21 14:40:18,891:INFO: 8/10 secs
2021-10-21 14:40:18,898:ERROR: unknown header: LC:26.00
2021-10-21 14:40:19,396:INFO: State.WAIT_FOR_WATER
2021-10-21 14:40:19,398:INFO: BT1   BT2   TT1   TT2   AT    X     Y    Z    BP1   BP2   TP1   TP2   HP      AP      PD   PC     HL EL BF SF   PF   BV     rpm             State          MissionState Setpoint Error Depth 
2021-10-21 14:40:19,400:INFO: 25.14 24.56 24.62 24.66 24.39 -0.03 0.02 0.00 11.26 11.51 10.26 10.47 1172.92 9548.76 1.44 100.00 0  0  0  None None 141.23 Buffering (0/1) WAIT_FOR_WATER IDLE         30.00    30.00 0.00  
2021-10-21 14:40:19,400:INFO: Waiting for water
2021-10-21 14:40:19,401:INFO: 8/10 secs
2021-10-21 14:40:19,423:ERROR: unknown header: LC:27.00
2021-10-21 14:40:19,923:INFO: State.WAIT_FOR_WATER
2021-10-21 14:40:19,925:INFO: BT1   BT2   TT1   TT2   AT    X     Y    Z    BP1   BP2   TP1   TP2   HP      AP      PD   PC     HL EL BF SF   PF   BV     rpm             State          MissionState Setpoint Error Depth 
2021-10-21 14:40:19,927:INFO: 25.14 24.57 24.62 24.66 24.39 -0.03 0.01 0.00 11.26 11.51 10.26 10.47 1172.80 9548.34 1.44 100.00 0  0  0  None None 141.23 Buffering (0/1) WAIT_FOR_WATER IDLE         30.00    30.00 0.00  
2021-10-21 14:40:19,927:INFO: Waiting for water
2021-10-21 14:40:19,928:INFO: 9/10 secs
2021-10-21 14:40:19,934:ERROR: unknown header: LC:28.00
2021-10-21 14:40:20,433:INFO: State.WAIT_FOR_WATER
2021-10-21 14:40:20,435:INFO: BT1   BT2   TT1   TT2   AT    X     Y    Z    BP1   BP2   TP1   TP2   HP      AP      PD   PC     HL EL BF SF   PF   BV     rpm             State          MissionState Setpoint Error Depth 
2021-10-21 14:40:20,436:INFO: 25.14 24.58 24.62 24.66 24.39 -0.03 0.01 0.00 11.26 11.51 10.26 10.47 1172.92 9547.86 1.44 100.00 0  0  0  None None 141.34 Buffering (0/1) WAIT_FOR_WATER IDLE         30.00    30.00 0.00  
2021-10-21 14:40:20,437:INFO: Waiting for water
2021-10-21 14:40:20,438:INFO: 9/10 secs
2021-10-21 14:40:20,462:ERROR: unknown header: LC:29.00
2021-10-21 14:40:20,961:INFO: State.WAIT_FOR_WATER
2021-10-21 14:40:20,963:INFO: BT1   BT2   TT1   TT2   AT    X     Y     Z    BP1   BP2   TP1   TP2   HP      AP      PD   PC     HL EL BF SF   PF   BV     rpm             State          MissionState Setpoint Error Depth 
2021-10-21 14:40:20,965:INFO: 25.14 24.57 24.63 24.67 24.39 -0.02 -0.00 0.00 11.26 11.51 10.26 10.47 1172.90 9547.46 1.44 100.00 0  0  0  None None 141.34 Buffering (0/1) WAIT_FOR_WATER IDLE         30.00    30.00 0.00  
2021-10-21 14:40:20,966:INFO: Waiting for water
2021-10-21 14:40:20,966:INFO: 10/10 secs
2021-10-21 14:40:20,977:ERROR: unknown header: LC:30.00
2021-10-21 14:40:21,470:INFO: State.WAIT_FOR_WATER
2021-10-21 14:40:21,471:INFO: BT1   BT2   TT1   TT2   AT    X     Y     Z    BP1   BP2   TP1   TP2   HP      AP      PD   PC     HL EL BF SF   PF   BV     rpm             State          MissionState Setpoint Error Depth 
2021-10-21 14:40:21,473:INFO: 25.14 24.59 24.63 24.67 24.39 -0.02 -0.00 0.00 11.26 11.51 10.26 10.47 1172.88 9546.92 1.44 100.00 0  0  0  None None 141.42 Buffering (0/1) WAIT_FOR_WATER IDLE         30.00    30.00 0.00  
2021-10-21 14:40:21,474:INFO: Done waiting for water
2021-10-21 14:40:21,478:INFO: setting target depth to 1.5 [mbar]
2021-10-21 14:40:21,478:INFO: sending dive command
2021-10-21 14:40:21,480:INFO: setting state to MissionState.DESCENDING
2021-10-21 14:40:21,499:ERROR: unknown header: LC:31.00
2021-10-21 14:40:22,576:ERROR: unknown header: S:1.00
2021-10-21 14:40:22,651:INFO: State.STOP
2021-10-21 14:40:22,653:INFO: BT1   BT2   TT1   TT2   AT    X     Y     Z    BP1   BP2   TP1   TP2   HP      AP      PD   PC     HL EL BF SF   PF   BV     rpm             State MissionState Setpoint Error Depth 
2021-10-21 14:40:22,655:INFO: 25.14 24.59 24.63 24.67 24.39 -0.02 -0.00 0.00 11.26 11.51 10.26 10.47 1172.88 9546.48 1.44 100.00 0  0  0  None None 141.44 Buffering (0/1) STOP  DESCENDING   1.50     30.00 0.00  
2021-10-21 14:40:22,656:WARNING: Stopped
2021-10-21 14:40:23,491:INFO: State.STOP
2021-10-21 14:40:23,493:INFO: BT1   BT2   TT1   TT2   AT    X     Y     Z    BP1   BP2   TP1   TP2   HP      AP      PD   PC     HL EL BF SF PF   BV     rpm             State MissionState Setpoint Error Depth 
2021-10-21 14:40:23,495:INFO: 25.14 24.59 24.63 24.67 24.39 -0.02 -0.00 0.00 11.26 11.51 10.26 10.47 1172.88 9549.84 1.44 100.00 0  0  0  1  None 139.64 Buffering (0/1) STOP  DESCENDING   1.50     30.00 0.00  
2021-10-21 14:40:23,496:WARNING: Stopped
2021-10-21 14:40:23,614:INFO: State.STOP
2021-10-21 14:40:23,616:INFO: BT1   BT2   TT1   TT2   AT    X     Y     Z    BP1   BP2   TP1   TP2   HP      AP      PD   PC     HL EL BF SF PF   BV     rpm             State MissionState Setpoint Error Depth 
2021-10-21 14:40:23,617:INFO: 25.14 24.59 24.63 24.67 24.39 -0.02 -0.00 0.00 11.26 11.51 10.26 10.47 1172.88 9556.90 1.44 100.00 0  0  0  1  None 137.94 Buffering (0/1) STOP  DESCENDING   1.50     30.00 0.00  
2021-10-21 14:40:23,618:WARNING: Stopped
2021-10-21 14:40:23,738:INFO: State.STOP
2021-10-21 14:40:23,740:INFO: BT1   BT2   TT1   TT2   AT    X     Y     Z    BP1   BP2   TP1   TP2   HP      AP      PD   PC     HL EL BF SF PF   BV     rpm             State MissionState Setpoint Error Depth 
2021-10-21 14:40:23,741:INFO: 25.14 24.59 24.63 24.67 24.39 -0.02 -0.00 0.00 11.26 11.51 10.26 10.47 1172.88 9568.22 1.44 100.00 0  0  0  1  None 135.91 Buffering (0/1) STOP  DESCENDING   1.50     30.00 0.00  
2021-10-21 14:40:23,742:WARNING: Stopped
2021-10-21 14:40:23,862:INFO: State.STOP
2021-10-21 14:40:23,864:INFO: BT1   BT2   TT1   TT2   AT    X     Y     Z    BP1   BP2   TP1   TP2   HP      AP      PD   PC     HL EL BF SF PF   BV     rpm             State MissionState Setpoint Error Depth 
2021-10-21 14:40:23,865:INFO: 25.14 24.59 24.63 24.67 24.39 -0.02 -0.00 0.00 11.26 11.51 10.26 10.47 1172.88 9584.56 1.44 100.00 0  0  0  1  None 133.60 Buffering (0/1) STOP  DESCENDING   1.50     30.00 0.00  
2021-10-21 14:40:23,866:WARNING: Stopped
2021-10-21 14:40:23,984:INFO: State.STOP
2021-10-21 14:40:23,986:INFO: BT1   BT2   TT1   TT2   AT    X     Y     Z    BP1   BP2   TP1   TP2   HP      AP      PD   PC     HL EL BF SF PF   BV     rpm             State MissionState Setpoint Error Depth 
2021-10-21 14:40:23,987:INFO: 25.14 24.59 24.63 24.67 24.39 -0.02 -0.00 0.00 11.26 11.51 10.26 10.47 1172.88 9606.76 1.44 100.00 0  0  0  1  None 130.85 Buffering (0/1) STOP  DESCENDING   1.50     30.00 0.00  
2021-10-21 14:40:23,989:WARNING: Stopped
2021-10-21 14:40:24,107:INFO: State.STOP
2021-10-21 14:40:24,109:INFO: BT1   BT2   TT1   TT2   AT    X     Y     Z    BP1   BP2   TP1   TP2   HP      AP      PD   PC     HL EL BF SF PF   BV     rpm             State MissionState Setpoint Error Depth 
2021-10-21 14:40:24,110:INFO: 25.14 24.59 24.63 24.67 24.39 -0.02 -0.00 0.00 11.26 11.51 10.26 10.47 1172.88 9631.32 1.44 100.00 0  0  0  1  None 127.99 Buffering (0/1) STOP  DESCENDING   1.50     30.00 0.00  
2021-10-21 14:40:24,112:WARNING: Stopped
2021-10-21 14:40:24,231:INFO: State.STOP
2021-10-21 14:40:24,233:INFO: BT1   BT2   TT1   TT2   AT    X     Y     Z    BP1   BP2   TP1   TP2   HP      AP      PD   PC     HL EL BF SF PF   BV     rpm             State MissionState Setpoint Error Depth 
2021-10-21 14:40:24,234:INFO: 25.14 24.59 24.63 24.67 24.39 -0.02 -0.00 0.00 11.26 11.51 10.26 10.47 1172.88 9659.34 1.44 100.00 0  0  0  1  None 124.74 Buffering (0/1) STOP  DESCENDING   1.50     30.00 0.00  
2021-10-21 14:40:24,235:WARNING: Stopped
2021-10-21 14:40:24,357:INFO: State.STOP
2021-10-21 14:40:24,359:INFO: BT1   BT2   TT1   TT2   AT    X     Y     Z    BP1   BP2   TP1   TP2   HP      AP      PD   PC     HL EL BF SF PF   BV     rpm             State MissionState Setpoint Error Depth 
2021-10-21 14:40:24,360:INFO: 25.14 24.59 24.63 24.67 24.39 -0.02 -0.00 0.00 11.26 11.51 10.26 10.47 1172.88 9690.60 1.44 100.00 0  0  0  1  None 121.27 Buffering (0/1) STOP  DESCENDING   1.50     30.00 0.00  
2021-10-21 14:40:24,361:WARNING: Stopped
2021-10-21 14:40:24,478:INFO: State.STOP
2021-10-21 14:40:24,480:INFO: BT1   BT2   TT1   TT2   AT    X     Y     Z    BP1   BP2   TP1   TP2   HP      AP      PD   PC     HL EL BF SF PF   BV     rpm             State MissionState Setpoint Error Depth 
2021-10-21 14:40:24,482:INFO: 25.14 24.59 24.63 24.67 24.40 -0.02 -0.00 0.00 11.26 11.51 10.26 10.47 1172.88 9725.46 1.44 100.00 0  0  0  1  None 117.40 Buffering (0/1) STOP  DESCENDING   1.50     30.00 0.00  
2021-10-21 14:40:24,483:WARNING: Stopped
2021-10-21 14:40:24,602:INFO: State.STOP
2021-10-21 14:40:24,604:INFO: BT1   BT2   TT1   TT2   AT    X     Y     Z    BP1   BP2   TP1   TP2   HP      AP      PD   PC     HL EL BF SF PF   BV     rpm             State MissionState Setpoint Error Depth 
2021-10-21 14:40:24,606:INFO: 25.14 24.59 24.63 24.67 24.40 -0.02 -0.00 0.00 11.26 11.51 10.26 10.47 1172.88 9763.22 1.44 100.00 0  0  0  1  None 113.44 Buffering (0/1) STOP  DESCENDING   1.50     30.00 0.00  
2021-10-21 14:40:24,607:WARNING: Stopped
2021-10-21 14:40:24,725:INFO: State.STOP
2021-10-21 14:40:24,727:INFO: BT1   BT2   TT1   TT2   AT    X     Y     Z    BP1   BP2   TP1   TP2   HP      AP      PD   PC     HL EL BF SF PF   BV     rpm             State MissionState Setpoint Error Depth 
2021-10-21 14:40:24,729:INFO: 25.14 24.59 24.63 24.67 24.41 -0.02 -0.00 0.00 11.26 11.51 10.26 10.47 1172.88 9803.84 1.44 100.00 0  0  0  1  None 109.42 Buffering (0/1) STOP  DESCENDING   1.50     30.00 0.00  
2021-10-21 14:40:24,730:WARNING: Stopped
2021-10-21 14:40:24,849:INFO: State.STOP
2021-10-21 14:40:24,851:INFO: BT1   BT2   TT1   TT2   AT    X     Y     Z    BP1   BP2   TP1   TP2   HP      AP      PD   PC     HL EL BF SF PF   BV     rpm             State MissionState Setpoint Error Depth 
2021-10-21 14:40:24,853:INFO: 25.14 24.59 24.63 24.67 24.41 -0.02 -0.00 0.00 11.26 11.51 10.26 10.47 1172.88 9846.46 1.44 100.00 0  0  0  1  None 105.39 Buffering (0/1) STOP  DESCENDING   1.50     30.00 0.00  
2021-10-21 14:40:24,854:WARNING: Stopped
2021-10-21 14:40:24,973:INFO: State.STOP
2021-10-21 14:40:24,975:INFO: BT1   BT2   TT1   TT2   AT    X     Y     Z    BP1   BP2   TP1   TP2   HP      AP      PD   PC     HL EL BF SF PF   BV     rpm             State MissionState Setpoint Error Depth 
2021-10-21 14:40:24,977:INFO: 25.14 24.59 24.63 24.67 24.42 -0.02 -0.00 0.00 11.26 11.51 10.26 10.47 1172.88 9890.62 1.44 100.00 0  0  0  1  None 101.38 Buffering (0/1) STOP  DESCENDING   1.50     30.00 0.00  
2021-10-21 14:40:24,978:WARNING: Stopped
2021-10-21 14:40:25,095:INFO: State.STOP
2021-10-21 14:40:25,097:INFO: BT1   BT2   TT1   TT2   AT    X     Y     Z    BP1   BP2   TP1   TP2   HP      AP      PD   PC     HL EL BF SF PF   BV    rpm             State MissionState Setpoint Error Depth 
2021-10-21 14:40:25,098:INFO: 25.14 24.59 24.63 24.67 24.42 -0.02 -0.00 0.00 11.26 11.51 10.26 10.47 1172.88 9935.58 1.44 100.00 0  0  0  1  None 97.33 Buffering (0/1) STOP  DESCENDING   1.50     30.00 0.00  
2021-10-21 14:40:25,099:WARNING: Stopped
2021-10-21 14:40:25,218:INFO: State.STOP
2021-10-21 14:40:25,220:INFO: BT1   BT2   TT1   TT2   AT    X     Y     Z    BP1   BP2   TP1   TP2   HP      AP      PD   PC     HL EL BF SF PF   BV    rpm             State MissionState Setpoint Error Depth 
2021-10-21 14:40:25,222:INFO: 25.14 24.59 24.63 24.67 24.42 -0.02 -0.00 0.00 11.26 11.51 10.26 10.47 1172.88 9980.88 1.44 100.00 0  0  0  1  None 93.42 Buffering (0/1) STOP  DESCENDING   1.50     30.00 0.00  
2021-10-21 14:40:25,222:WARNING: Stopped
2021-10-21 14:40:25,339:INFO: State.STOP
2021-10-21 14:40:25,341:INFO: BT1   BT2   TT1   TT2   AT    X     Y     Z    BP1   BP2   TP1   TP2   HP      AP       PD   PC     HL EL BF SF PF   BV    rpm             State MissionState Setpoint Error Depth 
2021-10-21 14:40:25,342:INFO: 25.14 24.59 24.63 24.67 24.43 -0.02 -0.00 0.00 11.26 11.51 10.26 10.47 1172.88 10026.32 1.44 100.00 0  0  0  1  None 89.52 Buffering (0/1) STOP  DESCENDING   1.50     30.00 0.00  
2021-10-21 14:40:25,343:WARNING: Stopped
2021-10-21 14:40:25,465:INFO: State.STOP
2021-10-21 14:40:25,466:INFO: BT1   BT2   TT1   TT2   AT    X     Y     Z    BP1   BP2   TP1   TP2   HP      AP       PD   PC     HL EL BF SF PF   BV    rpm             State MissionState Setpoint Error Depth 
2021-10-21 14:40:25,468:INFO: 25.14 24.59 24.63 24.67 24.43 -0.02 -0.00 0.00 11.26 11.51 10.26 10.47 1172.88 10072.24 1.44 100.00 0  0  0  1  None 85.49 Buffering (0/1) STOP  DESCENDING   1.50     30.00 0.00  
2021-10-21 14:40:25,469:WARNING: Stopped
2021-10-21 14:40:25,588:INFO: State.STOP
2021-10-21 14:40:25,591:INFO: BT1   BT2   TT1   TT2   AT    X     Y     Z    BP1   BP2   TP1   TP2   HP      AP       PD   PC     HL EL BF SF PF   BV    rpm             State MissionState Setpoint Error Depth 
2021-10-21 14:40:25,592:INFO: 25.14 24.59 24.63 24.67 24.44 -0.02 -0.00 0.00 11.26 11.51 10.26 10.47 1172.88 10118.34 1.44 100.00 0  0  0  1  None 81.58 Buffering (0/1) STOP  DESCENDING   1.50     30.00 0.00  
2021-10-21 14:40:25,593:WARNING: Stopped
2021-10-21 14:40:25,713:INFO: State.STOP
2021-10-21 14:40:25,714:INFO: BT1   BT2   TT1   TT2   AT    X     Y     Z    BP1   BP2   TP1   TP2   HP      AP       PD   PC     HL EL BF SF PF   BV    rpm             State MissionState Setpoint Error Depth 
2021-10-21 14:40:25,716:INFO: 25.14 24.59 24.63 24.67 24.45 -0.02 -0.00 0.00 11.26 11.51 10.26 10.47 1172.88 10164.66 1.44 100.00 0  0  0  1  None 77.62 Buffering (0/1) STOP  DESCENDING   1.50     30.00 0.00  
2021-10-21 14:40:25,717:WARNING: Stopped
2021-10-21 14:40:25,835:INFO: State.STOP
2021-10-21 14:40:25,837:INFO: BT1   BT2   TT1   TT2   AT    X     Y     Z    BP1   BP2   TP1   TP2   HP      AP       PD   PC     HL EL BF SF PF   BV    rpm             State MissionState Setpoint Error Depth 
2021-10-21 14:40:25,839:INFO: 25.14 24.59 24.63 24.67 24.45 -0.02 -0.00 0.00 11.26 11.51 10.26 10.47 1172.88 10211.52 1.44 100.00 0  0  0  1  None 73.66 Buffering (0/1) STOP  DESCENDING   1.50     30.00 0.00  
2021-10-21 14:40:25,840:WARNING: Stopped
2021-10-21 14:40:25,959:INFO: State.STOP
2021-10-21 14:40:25,961:INFO: BT1   BT2   TT1   TT2   AT    X     Y     Z    BP1   BP2   TP1   TP2   HP      AP       PD   PC     HL EL BF SF PF   BV    rpm             State MissionState Setpoint Error Depth 
2021-10-21 14:40:25,963:INFO: 25.14 24.59 24.63 24.67 24.46 -0.02 -0.00 0.00 11.26 11.51 10.26 10.47 1172.88 10258.54 1.44 100.00 0  0  0  1  None 69.89 Buffering (0/1) STOP  DESCENDING   1.50     30.00 0.00  
2021-10-21 14:40:25,964:WARNING: Stopped
2021-10-21 14:40:26,082:INFO: State.STOP
2021-10-21 14:40:26,084:INFO: BT1   BT2   TT1   TT2   AT    X     Y     Z    BP1   BP2   TP1   TP2   HP      AP       PD   PC     HL EL BF SF PF   BV    rpm             State MissionState Setpoint Error Depth 
2021-10-21 14:40:26,086:INFO: 25.14 24.59 24.63 24.67 24.47 -0.02 -0.00 0.00 11.26 11.51 10.26 10.47 1172.88 10305.82 1.44 100.00 0  0  0  1  None 65.94 Buffering (0/1) STOP  DESCENDING   1.50     30.00 0.00  
2021-10-21 14:40:26,087:WARNING: Stopped
2021-10-21 14:40:26,205:INFO: State.STOP
2021-10-21 14:40:26,206:INFO: BT1   BT2   TT1   TT2   AT    X     Y     Z    BP1   BP2   TP1   TP2   HP      AP       PD   PC     HL EL BF SF PF   BV    rpm             State MissionState Setpoint Error Depth 
2021-10-21 14:40:26,208:INFO: 25.14 24.59 24.63 24.67 24.48 -0.02 -0.00 0.00 11.26 11.51 10.26 10.47 1172.88 10353.44 1.44 100.00 0  0  0  1  None 62.09 Buffering (0/1) STOP  DESCENDING   1.50     30.00 0.00  
2021-10-21 14:40:26,210:WARNING: Stopped
2021-10-21 14:40:26,327:INFO: State.STOP
2021-10-21 14:40:26,329:INFO: BT1   BT2   TT1   TT2   AT    X     Y     Z    BP1   BP2   TP1   TP2   HP      AP       PD   PC     HL EL BF SF PF   BV    rpm             State MissionState Setpoint Error Depth 
2021-10-21 14:40:26,331:INFO: 25.14 24.59 24.63 24.67 24.49 -0.02 -0.00 0.00 11.26 11.51 10.26 10.47 1172.88 10401.16 1.44 100.00 0  0  0  1  None 58.30 Buffering (0/1) STOP  DESCENDING   1.50     30.00 0.00  
2021-10-21 14:40:26,332:WARNING: Stopped
2021-10-21 14:40:26,455:INFO: State.STOP
2021-10-21 14:40:26,457:INFO: BT1   BT2   TT1   TT2   AT    X     Y     Z    BP1   BP2   TP1   TP2   HP      AP       PD   PC     HL EL BF SF PF   BV    rpm             State MissionState Setpoint Error Depth 
2021-10-21 14:40:26,459:INFO: 25.14 24.59 24.63 24.67 24.50 -0.02 -0.00 0.00 11.26 11.51 10.26 10.47 1172.88 10449.08 1.44 100.00 0  0  0  1  None 54.43 Buffering (0/1) STOP  DESCENDING   1.50     30.00 0.00  
2021-10-21 14:40:26,460:WARNING: Stopped
2021-10-21 14:40:26,575:INFO: State.STOP
2021-10-21 14:40:26,577:INFO: BT1   BT2   TT1   TT2   AT    X     Y     Z    BP1   BP2   TP1   TP2   HP      AP       PD   PC     HL EL BF SF PF   BV    rpm             State MissionState Setpoint Error Depth 
2021-10-21 14:40:26,578:INFO: 25.14 24.59 24.63 24.67 24.52 -0.02 -0.00 0.00 11.26 11.51 10.26 10.47 1172.88 10497.50 1.44 100.00 0  0  0  1  None 50.64 Buffering (0/1) STOP  DESCENDING   1.50     30.00 0.00  
2021-10-21 14:40:26,579:WARNING: Stopped
2021-10-21 14:40:26,699:INFO: State.STOP
2021-10-21 14:40:26,701:INFO: BT1   BT2   TT1   TT2   AT    X     Y     Z    BP1   BP2   TP1   TP2   HP      AP       PD   PC     HL EL BF SF PF   BV    rpm             State MissionState Setpoint Error Depth 
2021-10-21 14:40:26,702:INFO: 25.14 24.59 24.63 24.67 24.53 -0.02 -0.00 0.00 11.26 11.51 10.26 10.47 1172.88 10546.06 1.44 100.00 0  0  0  1  None 46.83 Buffering (0/1) STOP  DESCENDING   1.50     30.00 0.00  
2021-10-21 14:40:26,703:WARNING: Stopped
2021-10-21 14:40:26,822:INFO: State.STOP
2021-10-21 14:40:26,825:INFO: BT1   BT2   TT1   TT2   AT    X     Y     Z    BP1   BP2   TP1   TP2   HP      AP       PD   PC     HL EL BF SF PF   BV    rpm             State MissionState Setpoint Error Depth 
2021-10-21 14:40:26,826:INFO: 25.14 24.59 24.63 24.67 24.55 -0.02 -0.00 0.00 11.26 11.51 10.26 10.47 1172.88 10594.80 1.44 100.00 0  0  0  1  None 43.11 Buffering (0/1) STOP  DESCENDING   1.50     30.00 0.00  
2021-10-21 14:40:26,827:WARNING: Stopped
2021-10-21 14:40:26,946:INFO: State.STOP
2021-10-21 14:40:26,948:INFO: BT1   BT2   TT1   TT2   AT    X     Y     Z    BP1   BP2   TP1   TP2   HP      AP       PD   PC     HL EL BF SF PF   BV    rpm             State MissionState Setpoint Error Depth 
2021-10-21 14:40:26,949:INFO: 25.14 24.59 24.63 24.67 24.56 -0.02 -0.00 0.00 11.26 11.51 10.26 10.47 1172.88 10643.94 1.44 100.00 0  0  0  1  None 39.34 Buffering (0/1) STOP  DESCENDING   1.50     30.00 0.00  
2021-10-21 14:40:26,950:WARNING: Stopped
2021-10-21 14:40:27,563:INFO: State.STOP
2021-10-21 14:40:27,565:INFO: BT1   BT2   TT1   TT2   AT    X     Y     Z    BP1   BP2   TP1   TP2   HP      AP       PD   PC     HL EL BF SF PF   BV    rpm             State MissionState Setpoint Error Depth 
2021-10-21 14:40:27,567:INFO: 25.14 24.59 24.63 24.68 24.59 -0.02 -0.00 0.00 11.27 11.52 10.27 10.48 1159.50 10684.12 1.44 100.00 0  0  1  1  None 39.26 Buffering (0/1) STOP  DESCENDING   1.50     30.00 0.00  
2021-10-21 14:40:27,568:WARNING: Stopped
2021-10-21 14:40:27,618:ERROR: unknown header: LC:32.00
2021-10-21 14:40:28,117:INFO: State.STOP
2021-10-21 14:40:28,119:INFO: BT1   BT2   TT1   TT2   AT    X     Y    Z    BP1   BP2   TP1   TP2   HP      AP       PD   PC     HL EL BF SF PF   BV    rpm             State MissionState Setpoint Error Depth 
2021-10-21 14:40:28,120:INFO: 25.14 24.59 24.63 24.69 24.63 -0.01 0.00 0.00 11.28 11.53 10.28 10.49 1147.56 10710.98 1.42 100.00 0  0  1  1  None 40.83 Buffering (0/1) STOP  DESCENDING   1.50     30.00 0.00  
2021-10-21 14:40:28,121:WARNING: Stopped
2021-10-21 14:40:28,186:ERROR: unknown header: LC:33.00
2021-10-21 14:40:28,685:INFO: State.STOP
2021-10-21 14:40:28,687:INFO: BT1   BT2   TT1   TT2   AT    X     Y     Z    BP1   BP2   TP1   TP2   HP      AP       PD   PC     HL EL BF SF PF   BV    rpm             State MissionState Setpoint Error Depth 
2021-10-21 14:40:28,689:INFO: 25.14 24.59 24.63 24.70 24.68 -0.01 -0.01 0.00 11.29 11.54 10.29 10.50 1136.62 10724.26 1.41 100.00 0  0  0  1  None 42.39 Buffering (0/1) STOP  DESCENDING   1.50     30.00 0.00  
2021-10-21 14:40:28,689:WARNING: Stopped
2021-10-21 14:40:28,751:ERROR: unknown header: LC:34.00
2021-10-21 14:40:29,251:INFO: State.STOP
2021-10-21 14:40:29,253:INFO: BT1   BT2   TT1   TT2   AT    X     Y     Z    BP1   BP2   TP1   TP2   HP      AP       PD   PC     HL EL BF SF PF   BV    rpm             State MissionState Setpoint Error Depth 
2021-10-21 14:40:29,254:INFO: 25.14 24.58 24.63 24.72 24.74 -0.00 -0.01 0.00 11.31 11.55 10.31 10.52 1126.42 10724.46 1.40 100.00 0  0  0  1  None 43.88 Buffering (0/1) STOP  DESCENDING   1.50     30.00 0.00  
2021-10-21 14:40:29,255:WARNING: Stopped
2021-10-21 14:40:29,266:ERROR: unknown header: LC:35.00
2021-10-21 14:40:29,762:INFO: State.STOP
2021-10-21 14:40:29,764:INFO: BT1   BT2   TT1   TT2   AT    X     Y     Z     BP1   BP2   TP1   TP2   HP      AP       PD   PC     HL EL BF SF PF   BV    rpm             State MissionState Setpoint Error Depth 
2021-10-21 14:40:29,765:INFO: 25.13 24.58 24.62 24.73 24.82 -0.01 -0.00 -0.01 11.33 11.57 10.33 10.54 1116.88 10711.40 1.38 100.00 0  0  0  1  None 45.36 Buffering (0/1) STOP  DESCENDING   1.50     30.00 0.00  
2021-10-21 14:40:29,766:WARNING: Stopped
2021-10-21 14:40:29,789:ERROR: unknown header: LC:36.00
2021-10-21 14:40:30,287:INFO: State.STOP
2021-10-21 14:40:30,289:INFO: BT1   BT2   TT1   TT2   AT    X     Y     Z     BP1   BP2   TP1   TP2   HP      AP       PD   PC     HL EL BF SF PF   BV    rpm             State MissionState Setpoint Error Depth 
2021-10-21 14:40:30,290:INFO: 25.13 24.58 24.61 24.73 24.89 -0.01 -0.00 -0.01 11.34 11.59 10.35 10.56 1121.30 10694.50 1.37 100.00 0  0  0  1  None 46.74 Buffering (0/1) STOP  DESCENDING   1.50     30.00 0.00  
2021-10-21 14:40:30,292:WARNING: Stopped
2021-10-21 14:40:30,303:ERROR: unknown header: LC:37.00
2021-10-21 14:40:30,799:INFO: State.STOP
2021-10-21 14:40:30,801:INFO: BT1   BT2   TT1   TT2   AT    X     Y    Z     BP1   BP2   TP1   TP2   HP      AP       PD   PC     HL EL BF SF PF   BV    rpm             State MissionState Setpoint Error Depth 
2021-10-21 14:40:30,802:INFO: 25.13 24.58 24.61 24.73 24.96 -0.01 0.00 -0.01 11.36 11.60 10.37 10.58 1125.06 10678.30 1.35 100.00 0  0  0  1  None 48.07 Buffering (0/1) STOP  DESCENDING   1.50     30.00 0.00  
2021-10-21 14:40:30,803:WARNING: Stopped
2021-10-21 14:40:30,826:ERROR: unknown header: LC:38.00
2021-10-21 14:40:31,326:INFO: State.STOP
2021-10-21 14:40:31,328:INFO: BT1   BT2   TT1   TT2   AT    X     Y    Z     BP1   BP2   TP1   TP2   HP      AP       PD   PC     HL EL BF SF PF   BV    rpm             State MissionState Setpoint Error Depth 
2021-10-21 14:40:31,330:INFO: 25.13 24.58 24.60 24.73 25.03 -0.01 0.00 -0.01 11.38 11.62 10.38 10.60 1128.52 10663.18 1.33 100.00 0  0  0  1  None 49.25 Buffering (0/1) STOP  DESCENDING   1.50     30.00 0.00  
2021-10-21 14:40:31,331:WARNING: Stopped
2021-10-21 14:40:31,391:ERROR: unknown header: LC:39.00
2021-10-21 14:40:31,889:INFO: State.STOP
2021-10-21 14:40:31,891:INFO: BT1   BT2   TT1   TT2   AT    X     Y     Z     BP1   BP2   TP1   TP2   HP      AP       PD   PC     HL EL BF SF PF   BV    rpm             State MissionState Setpoint Error Depth 
2021-10-21 14:40:31,892:INFO: 25.12 24.58 24.59 24.71 25.10 -0.00 -0.00 -0.00 11.40 11.65 10.41 10.62 1132.00 10648.78 1.31 100.00 0  0  0  1  None 50.35 Buffering (0/1) STOP  DESCENDING   1.50     30.00 0.00  
2021-10-21 14:40:31,893:WARNING: Stopped
2021-10-21 14:40:31,900:ERROR: unknown header: LC:40.00
2021-10-21 14:40:32,397:INFO: State.STOP
2021-10-21 14:40:32,399:INFO: BT1   BT2   TT1   TT2   AT    X     Y     Z     BP1   BP2   TP1   TP2   HP      AP       PD   PC     HL EL BF SF PF   BV    rpm             State MissionState Setpoint Error Depth 
2021-10-21 14:40:32,400:INFO: 25.12 24.57 24.58 24.70 25.15 -0.00 -0.00 -0.00 11.42 11.67 10.43 10.64 1135.34 10635.42 1.29 100.00 0  0  0  1  None 51.34 Buffering (0/1) STOP  DESCENDING   1.50     30.00 0.00  
2021-10-21 14:40:32,401:WARNING: Stopped
2021-10-21 14:40:32,423:ERROR: unknown header: LC:41.00
2021-10-21 14:40:32,921:INFO: State.STOP
2021-10-21 14:40:32,923:INFO: BT1   BT2   TT1   TT2   AT    X     Y     Z     BP1   BP2   TP1   TP2   HP      AP       PD   PC     HL EL BF SF PF   BV    rpm             State MissionState Setpoint Error Depth 
2021-10-21 14:40:32,924:INFO: 25.12 24.57 24.57 24.68 25.20 -0.00 -0.00 -0.00 11.44 11.70 10.45 10.67 1138.74 10622.90 1.26 100.00 0  0  0  1  None 52.29 Buffering (0/1) STOP  DESCENDING   1.50     30.00 0.00  
2021-10-21 14:40:32,925:WARNING: Stopped
2021-10-21 14:40:32,932:ERROR: unknown header: LC:42.00
2021-10-21 14:40:33,428:INFO: State.STOP
2021-10-21 14:40:33,430:INFO: BT1   BT2   TT1   TT2   AT    X     Y     Z     BP1   BP2   TP1   TP2   HP      AP       PD   PC     HL EL BF SF PF   BV    rpm             State MissionState Setpoint Error Depth 
2021-10-21 14:40:33,431:INFO: 25.11 24.57 24.57 24.67 25.24 -0.00 -0.00 -0.00 11.47 11.72 10.48 10.69 1142.06 10611.40 1.24 100.00 0  0  0  1  None 53.11 Buffering (0/1) STOP  DESCENDING   1.50     30.00 0.00  
2021-10-21 14:40:33,432:WARNING: Stopped
2021-10-21 14:40:33,454:ERROR: unknown header: LC:43.00
2021-10-21 14:40:33,953:INFO: State.STOP
2021-10-21 14:40:33,955:INFO: BT1   BT2   TT1   TT2   AT    X     Y    Z     BP1   BP2   TP1   TP2   HP      AP       PD   PC     HL EL BF SF PF   BV    rpm             State MissionState Setpoint Error Depth 
2021-10-21 14:40:33,956:INFO: 25.11 24.58 24.57 24.66 25.28 -0.01 0.00 -0.00 11.49 11.74 10.50 10.72 1145.32 10600.68 1.22 100.00 0  0  0  1  None 53.95 Buffering (0/1) STOP  DESCENDING   1.50     30.00 0.00  
2021-10-21 14:40:33,957:WARNING: Stopped
2021-10-21 14:40:33,964:ERROR: unknown header: LC:44.00
2021-10-21 14:40:34,460:INFO: State.STOP
2021-10-21 14:40:34,462:INFO: BT1   BT2   TT1   TT2   AT    X     Y    Z     BP1   BP2   TP1   TP2   HP      AP       PD   PC     HL EL BF SF PF   BV    rpm             State MissionState Setpoint Error Depth 
2021-10-21 14:40:34,464:INFO: 25.11 24.58 24.57 24.66 25.31 -0.01 0.00 -0.00 11.52 11.77 10.53 10.74 1148.50 10591.06 1.19 100.00 0  0  0  1  None 54.62 Buffering (0/1) STOP  DESCENDING   1.50     30.00 0.00  
2021-10-21 14:40:34,465:WARNING: Stopped
2021-10-21 14:40:34,483:ERROR: unknown header: LC:45.00
2021-10-21 14:40:34,983:INFO: State.STOP
2021-10-21 14:40:34,985:INFO: BT1   BT2   TT1   TT2   AT    X     Y    Z    BP1   BP2   TP1   TP2   HP      AP       PD   PC     HL EL BF SF PF   BV    rpm             State MissionState Setpoint Error Depth 
2021-10-21 14:40:34,986:INFO: 25.11 24.58 24.57 24.66 25.34 -0.01 0.00 0.00 11.55 11.80 10.56 10.77 1151.92 10582.00 1.16 100.00 0  0  0  1  None 55.36 Buffering (0/1) STOP  DESCENDING   1.50     30.00 0.00  
2021-10-21 14:40:34,987:WARNING: Stopped
2021-10-21 14:40:35,044:ERROR: unknown header: LC:46.00
2021-10-21 14:40:35,542:INFO: State.STOP
2021-10-21 14:40:35,544:INFO: BT1   BT2   TT1   TT2   AT    X     Y    Z    BP1   BP2   TP1   TP2   HP      AP       PD   PC     HL EL BF SF PF   BV    rpm             State MissionState Setpoint Error Depth 
2021-10-21 14:40:35,545:INFO: 25.11 24.58 24.57 24.66 25.37 -0.00 0.01 0.00 11.58 11.83 10.59 10.80 1155.32 10573.44 1.13 100.00 0  0  0  1  None 56.09 Buffering (0/1) STOP  DESCENDING   1.50     30.00 0.00  
2021-10-21 14:40:35,546:WARNING: Stopped
2021-10-21 14:40:35,553:ERROR: unknown header: LC:47.00
2021-10-21 14:40:36,046:INFO: State.STOP
2021-10-21 14:40:36,047:INFO: BT1   BT2   TT1   TT2   AT    X     Y    Z    BP1   BP2   TP1   TP2   HP      AP       PD   PC     HL EL BF SF PF   BV    rpm             State MissionState Setpoint Error Depth 
2021-10-21 14:40:36,049:INFO: 25.11 24.58 24.57 24.66 25.40 -0.00 0.01 0.00 11.61 11.86 10.62 10.83 1158.82 10565.42 1.10 100.00 0  0  0  1  None 56.68 Buffering (0/1) STOP  DESCENDING   1.50     30.00 0.00  
2021-10-21 14:40:36,050:WARNING: Stopped
2021-10-21 14:40:36,070:ERROR: unknown header: LC:48.00
2021-10-21 14:40:36,570:INFO: State.STOP
2021-10-21 14:40:36,572:INFO: BT1   BT2   TT1   TT2   AT    X     Y    Z    BP1   BP2   TP1   TP2   HP      AP       PD   PC     HL EL BF SF PF   BV    rpm             State MissionState Setpoint Error Depth 
2021-10-21 14:40:36,574:INFO: 25.11 24.57 24.57 24.66 25.43 -0.00 0.01 0.00 11.64 11.89 10.65 10.86 1162.40 10557.88 1.07 100.00 0  0  0  1  None 57.29 Buffering (0/1) STOP  DESCENDING   1.50     30.00 0.00  
2021-10-21 14:40:36,575:WARNING: Stopped
2021-10-21 14:40:36,583:ERROR: unknown header: LC:49.00
2021-10-21 14:40:37,074:INFO: State.STOP
2021-10-21 14:40:37,075:INFO: BT1   BT2   TT1   TT2   AT    X     Y    Z    BP1   BP2   TP1   TP2   HP      AP       PD   PC     HL EL BF SF PF   BV    rpm             State MissionState Setpoint Error Depth 
2021-10-21 14:40:37,077:INFO: 25.11 24.58 24.57 24.66 25.46 -0.00 0.01 0.00 11.67 11.92 10.68 10.89 1166.14 10550.74 1.04 100.00 0  0  0  1  None 57.81 Buffering (0/1) STOP  DESCENDING   1.50     30.00 0.00  
2021-10-21 14:40:37,078:WARNING: Stopped
2021-10-21 14:40:37,094:ERROR: unknown header: LC:50.00
2021-10-21 14:40:37,594:INFO: State.STOP
2021-10-21 14:40:37,596:INFO: BT1   BT2   TT1   TT2   AT    X     Y    Z    BP1   BP2   TP1   TP2   HP      AP       PD   PC     HL EL BF SF PF   BV    rpm             State MissionState Setpoint Error Depth 
2021-10-21 14:40:37,597:INFO: 25.11 24.58 24.57 24.65 25.48 -0.00 0.01 0.00 11.70 11.95 10.71 10.92 1169.86 10544.30 1.01 100.00 0  0  0  1  None 58.27 Buffering (0/1) STOP  DESCENDING   1.50     30.00 0.00  
2021-10-21 14:40:37,598:WARNING: Stopped
2021-10-21 14:40:37,649:ERROR: unknown header: LC:51.00
2021-10-21 14:40:38,148:INFO: State.STOP
2021-10-21 14:40:38,149:INFO: BT1   BT2   TT1   TT2   AT    X     Y    Z    BP1   BP2   TP1   TP2   HP      AP       PD   PC     HL EL BF SF PF   BV    rpm             State MissionState Setpoint Error Depth 
2021-10-21 14:40:38,151:INFO: 25.11 24.57 24.57 24.65 25.51 -0.00 0.01 0.00 11.73 11.98 10.74 10.96 1173.52 10538.22 0.98 100.00 0  0  0  1  None 58.87 Buffering (0/1) STOP  DESCENDING   1.50     30.00 0.00  
2021-10-21 14:40:38,152:WARNING: Stopped
2021-10-21 14:40:38,202:ERROR: unknown header: LC:52.00
2021-10-21 14:40:38,701:INFO: State.STOP
2021-10-21 14:40:38,702:INFO: BT1   BT2   TT1   TT2   AT    X    Y    Z    BP1   BP2   TP1   TP2   HP      AP       PD   PC     HL EL BF SF PF   BV    rpm             State MissionState Setpoint Error Depth 
2021-10-21 14:40:38,704:INFO: 25.11 24.58 24.57 24.64 25.53 0.00 0.01 0.00 11.76 12.02 10.77 10.99 1177.22 10532.38 0.95 100.00 0  0  0  1  None 59.31 Buffering (0/1) STOP  DESCENDING   1.50     30.00 0.00  
2021-10-21 14:40:38,705:WARNING: Stopped
2021-10-21 14:40:38,759:ERROR: unknown header: LC:53.00
2021-10-21 14:40:39,257:INFO: State.STOP
2021-10-21 14:40:39,260:INFO: BT1   BT2   TT1   TT2   AT    X    Y    Z    BP1   BP2   TP1   TP2   HP      AP       PD   PC     HL EL BF SF PF   BV    rpm             State MissionState Setpoint Error Depth 
2021-10-21 14:40:39,261:INFO: 25.11 24.57 24.57 24.64 25.55 0.00 0.01 0.00 11.79 12.05 10.81 11.02 1181.12 10526.82 0.91 100.00 0  0  0  1  None 59.75 Buffering (0/1) STOP  DESCENDING   1.50     30.00 0.00  
2021-10-21 14:40:39,261:WARNING: Stopped
2021-10-21 14:40:39,316:ERROR: unknown header: LC:54.00
2021-10-21 14:40:39,815:INFO: State.STOP
2021-10-21 14:40:39,816:INFO: BT1   BT2   TT1   TT2   AT    X    Y    Z    BP1   BP2   TP1   TP2   HP      AP       PD   PC     HL EL BF SF PF   BV    rpm             State MissionState Setpoint Error Depth 
2021-10-21 14:40:39,818:INFO: 25.11 24.58 24.57 24.64 25.56 0.00 0.00 0.00 11.83 12.08 10.84 11.06 1185.00 10521.30 0.88 100.00 0  0  0  1  None 60.20 Buffering (0/1) STOP  DESCENDING   1.50     30.00 0.00  
2021-10-21 14:40:39,819:WARNING: Stopped
2021-10-21 14:40:39,872:ERROR: unknown header: LC:55.00
2021-10-21 14:40:40,372:INFO: State.STOP
2021-10-21 14:40:40,373:INFO: BT1   BT2   TT1   TT2   AT    X    Y    Z    BP1   BP2   TP1   TP2   HP      AP       PD   PC     HL EL BF SF PF   BV    rpm             State MissionState Setpoint Error Depth 
2021-10-21 14:40:40,375:INFO: 25.11 24.56 24.56 24.64 25.57 0.00 0.00 0.00 11.86 12.12 10.88 11.09 1188.90 10515.94 0.84 100.00 0  0  0  1  None 60.53 Buffering (0/1) STOP  DESCENDING   1.50     30.00 0.00  
2021-10-21 14:40:40,375:WARNING: Stopped
2021-10-21 14:40:40,429:ERROR: unknown header: LC:56.00
2021-10-21 14:40:40,928:INFO: State.STOP
2021-10-21 14:40:40,930:INFO: BT1   BT2   TT1   TT2   AT    X    Y     Z    BP1   BP2   TP1   TP2   HP      AP       PD   PC     HL EL BF SF PF   BV    rpm             State MissionState Setpoint Error Depth 
2021-10-21 14:40:40,932:INFO: 25.11 24.57 24.55 24.64 25.57 0.00 -0.00 0.00 11.90 12.15 10.92 11.13 1192.96 10511.00 0.81 100.00 0  0  0  1  None 60.91 Buffering (0/1) STOP  DESCENDING   1.50     30.00 0.00  
2021-10-21 14:40:40,932:WARNING: Stopped
2021-10-21 14:40:40,940:ERROR: unknown header: LC:57.00
2021-10-21 14:40:41,437:INFO: State.STOP
2021-10-21 14:40:41,439:INFO: BT1   BT2   TT1   TT2   AT    X    Y     Z    BP1   BP2   TP1   TP2   HP      AP       PD   PC     HL EL BF SF PF   BV    rpm             State MissionState Setpoint Error Depth 
2021-10-21 14:40:41,441:INFO: 25.11 24.55 24.55 24.64 25.58 0.00 -0.00 0.00 11.94 12.19 10.95 11.16 1197.06 10506.34 0.78 100.00 0  0  0  1  None 61.25 Buffering (0/1) STOP  DESCENDING   1.50     30.00 0.00  
2021-10-21 14:40:41,442:WARNING: Stopped
2021-10-21 14:40:41,458:ERROR: unknown header: LC:58.00
2021-10-21 14:40:41,959:INFO: State.STOP
2021-10-21 14:40:41,960:INFO: BT1   BT2   TT1   TT2   AT    X    Y     Z    BP1   BP2   TP1   TP2   HP      AP       PD   PC     HL EL BF SF PF   BV    rpm             State MissionState Setpoint Error Depth 
2021-10-21 14:40:41,962:INFO: 25.11 24.55 24.55 24.64 25.58 0.01 -0.01 0.00 11.97 12.22 10.99 11.20 1200.88 10502.10 0.74 100.00 0  0  0  1  None 61.51 Buffering (0/1) STOP  DESCENDING   1.50     30.00 0.00  
2021-10-21 14:40:41,963:WARNING: Stopped
2021-10-21 14:40:42,016:ERROR: unknown header: LC:59.00
2021-10-21 14:40:42,515:INFO: State.STOP
2021-10-21 14:40:42,516:INFO: BT1   BT2   TT1   TT2   AT    X    Y     Z    BP1   BP2   TP1   TP2   HP      AP       PD   PC     HL EL BF SF PF   BV    rpm             State MissionState Setpoint Error Depth 
2021-10-21 14:40:42,518:INFO: 25.10 24.53 24.54 24.64 25.59 0.01 -0.01 0.00 12.00 12.26 11.02 11.24 1204.82 10498.24 0.71 100.00 0  0  0  1  None 61.82 Buffering (0/1) STOP  DESCENDING   1.50     30.00 0.00  
2021-10-21 14:40:42,519:WARNING: Stopped
2021-10-21 14:40:42,572:ERROR: unknown header: LC:60.00
2021-10-21 14:40:43,072:INFO: State.STOP
2021-10-21 14:40:43,075:INFO: BT1   BT2   TT1   TT2   AT    X    Y     Z    BP1   BP2   TP1   TP2   HP      AP       PD   PC     HL EL BF SF PF   BV    rpm             State MissionState Setpoint Error Depth 
2021-10-21 14:40:43,077:INFO: 25.10 24.55 24.54 24.64 25.59 0.00 -0.01 0.00 12.04 12.29 11.06 11.27 1208.70 10494.38 0.67 100.00 0  0  0  1  None 62.12 Buffering (0/1) STOP  DESCENDING   1.50     30.00 0.00  
2021-10-21 14:40:43,078:WARNING: Stopped
2021-10-21 14:40:43,127:ERROR: unknown header: LC:61.00
2021-10-21 14:40:43,566:INFO: 
2021-10-21 14:40:43,567:CRITICAL: System shutdown
2021-10-21 14:40:43,569:INFO: cleaning (resetting rpi gpio)
