2021-10-18 10:15:12,867:WARNING: Safety is disabled
2021-10-18 10:15:12,868:WARNING: Test mode
2021-10-18 10:15:12,870:INFO: Pressure controller was initialized successfully
2021-10-18 10:15:12,870:INFO: BP1 pressure sensor was initialized successfully
2021-10-18 10:15:12,871:INFO: BP2 pressure sensor was initialized successfully
2021-10-18 10:15:12,871:INFO: TP1 pressure sensor was initialized successfully
2021-10-18 10:15:12,872:INFO: TP2 pressure sensor was initialized successfully
2021-10-18 10:15:12,873:INFO: HP pressure sensor was initialized successfully
2021-10-18 10:15:12,873:INFO: AP pressure sensor was initialized successfully
2021-10-18 10:15:12,874:INFO: Temperature controller was initialized successfully
2021-10-18 10:15:12,875:INFO: BT1 temperature sensor was initialized successfully
2021-10-18 10:15:12,876:INFO: BT2 temperature sensor was initialized successfully
2021-10-18 10:15:12,876:INFO: TT1 temperature sensor was initialized successfully
2021-10-18 10:15:12,876:INFO: TT2 temperature sensor was initialized successfully
2021-10-18 10:15:12,877:INFO: AT temperature sensor was initialized successfully
2021-10-18 10:15:12,877:INFO: IMU controller was initialized successfully
2021-10-18 10:15:12,878:INFO: X IMU sensor was initialized successfully
2021-10-18 10:15:12,879:INFO: Y IMU sensor was initialized successfully
2021-10-18 10:15:12,880:INFO: Z IMU sensor was initialized successfully
2021-10-18 10:15:12,880:INFO: Bladder volume controller was initialized successfully
2021-10-18 10:15:12,881:INFO: Altimeter controller was initialized successfully
2021-10-18 10:15:12,882:INFO: rpm controller was initialized successfully
2021-10-18 10:15:12,882:INFO: Pump flag controller was initialized successfully
2021-10-18 10:15:12,883:INFO: Bladder flag controller was initialized successfully
2021-10-18 10:15:12,884:INFO: Hull leak flag controller was initialized successfully
2021-10-18 10:15:12,884:INFO: Engine leak flag controller was initialized successfully
2021-10-18 10:15:12,885:INFO: Full surface initiated flag controller was initialized successfully
2021-10-18 10:15:12,888:INFO: SerialComm was initialized successfully
2021-10-18 10:15:12,899:INFO: Profile file loaded successfully

2021-10-18 10:15:12,899:INFO: Profile class was initialized successfully

2021-10-18 10:15:12,927:INFO: compiling mega code
2021-10-18 10:15:36,915:INFO: compilation successful
2021-10-18 10:15:36,916:INFO: uploading mega code
2021-10-18 10:15:52,397:INFO: upload successful
2021-10-18 10:15:52,398:CRITICAL: nano board not found
