2021-10-21 15:19:46,811:WARNING: Safety is disabled
2021-10-21 15:19:46,812:WARNING: Test mode
2021-10-21 15:19:46,813:INFO: Pressure controller was initialized successfully
2021-10-21 15:19:46,814:INFO: BP1 pressure sensor was initialized successfully
2021-10-21 15:19:46,814:INFO: BP2 pressure sensor was initialized successfully
2021-10-21 15:19:46,815:INFO: TP1 pressure sensor was initialized successfully
2021-10-21 15:19:46,815:INFO: TP2 pressure sensor was initialized successfully
2021-10-21 15:19:46,815:INFO: HP pressure sensor was initialized successfully
2021-10-21 15:19:46,816:INFO: AP pressure sensor was initialized successfully
2021-10-21 15:19:46,816:INFO: Temperature controller was initialized successfully
2021-10-21 15:19:46,817:INFO: BT1 temperature sensor was initialized successfully
2021-10-21 15:19:46,817:INFO: BT2 temperature sensor was initialized successfully
2021-10-21 15:19:46,818:INFO: TT1 temperature sensor was initialized successfully
2021-10-21 15:19:46,818:INFO: TT2 temperature sensor was initialized successfully
2021-10-21 15:19:46,819:INFO: AT temperature sensor was initialized successfully
2021-10-21 15:19:46,819:INFO: IMU controller was initialized successfully
2021-10-21 15:19:46,820:INFO: X IMU sensor was initialized successfully
2021-10-21 15:19:46,820:INFO: Y IMU sensor was initialized successfully
2021-10-21 15:19:46,820:INFO: Z IMU sensor was initialized successfully
2021-10-21 15:19:46,821:INFO: Bladder volume controller was initialized successfully
2021-10-21 15:19:46,821:INFO: Altimeter controller was initialized successfully
2021-10-21 15:19:46,822:INFO: rpm controller was initialized successfully
2021-10-21 15:19:46,822:INFO: Pump flag controller was initialized successfully
2021-10-21 15:19:46,822:INFO: Bladder flag controller was initialized successfully
2021-10-21 15:19:46,823:INFO: Hull leak flag controller was initialized successfully
2021-10-21 15:19:46,823:INFO: Engine leak flag controller was initialized successfully
2021-10-21 15:19:46,823:INFO: Full surface initiated flag controller was initialized successfully
2021-10-21 15:19:46,826:INFO: SerialComm was initialized successfully
2021-10-21 15:19:46,836:INFO: Profile file loaded successfully

2021-10-21 15:19:46,838:INFO: Profile class was initialized successfully

2021-10-21 15:19:46,838:INFO: setting state to MissionState.IDLE
2021-10-21 15:19:46,840:ERROR: unknown header: T2:24.59
2021-10-21 15:19:46,848:INFO: State.STOP
2021-10-21 15:19:46,850:INFO: BT1             BT2             TT1             TT2             AT              X               Y               Z               BP1             BP2             TP1             TP2             HP              AP              PD PC HL   EL   BF   SF   PF   BV     rpm             State MissionState Setpoint Error Depth 
2021-10-21 15:19:46,851:INFO: Buffering (0/5) Buffering (0/5) Buffering (0/5) Buffering (0/5) Buffering (1/5) Buffering (0/5) Buffering (0/5) Buffering (0/5) Buffering (1/5) Buffering (0/5) Buffering (0/5) Buffering (0/5) Buffering (0/5) Buffering (1/5) 0  0  None None None None None 564.51 Buffering (0/1) STOP  IDLE         30.00    None  None  
2021-10-21 15:19:46,852:WARNING: Stopped
2021-10-21 15:19:46,860:ERROR: unknown header: LC:691.00
2021-10-21 15:19:46,873:INFO: State.STOP
2021-10-21 15:19:46,875:INFO: BT1             BT2             TT1             TT2             AT              X               Y               Z               BP1             BP2             TP1             TP2             HP              AP              PD   PC     HL EL BF SF   PF   BV     rpm             State MissionState Setpoint Error Depth 
2021-10-21 15:19:46,876:INFO: Buffering (1/5) Buffering (1/5) Buffering (0/5) Buffering (0/5) Buffering (2/5) Buffering (0/5) Buffering (0/5) Buffering (0/5) Buffering (2/5) Buffering (0/5) Buffering (0/5) Buffering (0/5) Buffering (0/5) Buffering (2/5) 1.51 100.00 0  0  0  None None 564.51 Buffering (0/1) STOP  IDLE         30.00    None  None  
2021-10-21 15:19:46,876:WARNING: Stopped
2021-10-21 15:19:46,883:ERROR: unknown header: LC:691.00
2021-10-21 15:19:48,239:ERROR: unknown header: SU:0.00
2021-10-21 15:19:48,314:ERROR: unknown header: PS:2.00
2021-10-21 15:19:51,148:ERROR: unknown header: Date: 10/21/2021 Time
2021-10-21 15:19:54,208:ERROR: unknown header: SU:0.00
2021-10-21 15:19:55,286:ERROR: unknown header: Date: 10/21/2021 Time
2021-10-21 15:19:56,986:ERROR: unknown header: SU:1.00
2021-10-21 15:19:56,988:ERROR: unknown header: LC:1.00
2021-10-21 15:19:57,489:INFO: State.STOP
2021-10-21 15:19:57,491:INFO: BT1   BT2     TT1             TT2             AT    X               Y               Z               BP1   BP2             TP1             TP2             HP              AP      PD   PC     HL EL BF SF   PF   BV     rpm             State MissionState Setpoint Error Depth 
2021-10-21 15:19:57,493:INFO: 24.97 -242.90 Buffering (3/5) Buffering (3/5) 24.51 Buffering (2/5) Buffering (2/5) Buffering (2/5) 11.15 Buffering (3/5) Buffering (3/5) Buffering (3/5) Buffering (3/5) 6546.16 1.51 100.00 0  0  0  None None 564.96 Buffering (0/1) STOP  IDLE         30.00    None  None  
2021-10-21 15:19:57,494:WARNING: Stopped
2021-10-21 15:19:57,504:ERROR: unknown header: LC:2.00
2021-10-21 15:19:58,002:INFO: State.STOP
2021-10-21 15:19:58,004:INFO: BT1   BT2     TT1             TT2             AT    X               Y               Z               BP1   BP2             TP1             TP2             HP              AP      PD   PC     HL EL BF SF   PF   BV     rpm             State MissionState Setpoint Error Depth 
2021-10-21 15:19:58,006:INFO: 24.97 -242.90 Buffering (4/5) Buffering (4/5) 24.51 Buffering (3/5) Buffering (3/5) Buffering (3/5) 11.15 Buffering (4/5) Buffering (4/5) Buffering (4/5) Buffering (4/5) 6545.64 1.51 100.00 0  0  0  None None 565.04 Buffering (0/1) STOP  IDLE         30.00    None  None  
2021-10-21 15:19:58,006:WARNING: Stopped
2021-10-21 15:19:58,017:ERROR: unknown header: LC:3.00
2021-10-21 15:19:58,515:INFO: State.STOP
2021-10-21 15:19:58,516:INFO: BT1   BT2     TT1   TT2   AT    X               Y               Z               BP1   BP2   TP1   TP2   HP      AP      PD   PC     HL EL BF SF   PF   BV     rpm             State MissionState Setpoint Error Depth 
2021-10-21 15:19:58,517:INFO: 24.97 -242.90 24.86 24.94 24.51 Buffering (4/5) Buffering (4/5) Buffering (4/5) 11.15 11.39 10.08 10.35 1538.14 6545.22 1.51 100.00 0  0  0  None None 564.94 Buffering (0/1) STOP  IDLE         30.00    None  None  
2021-10-21 15:19:58,519:WARNING: Stopped
2021-10-21 15:19:58,543:ERROR: unknown header: LC:4.00
2021-10-21 15:19:59,043:INFO: State.STOP
2021-10-21 15:19:59,045:INFO: BT1   BT2    TT1   TT2   AT    X    Y    Z    BP1   BP2   TP1   TP2   HP      AP      PD   PC     HL EL BF SF   PF   BV     rpm             State MissionState Setpoint Error Depth 
2021-10-21 15:19:59,046:INFO: 25.05 -41.38 24.68 24.78 24.47 0.01 0.00 0.01 11.16 11.40 10.08 10.35 1538.42 6542.88 1.51 100.00 0  0  0  None None 564.98 Buffering (0/1) STOP  IDLE         30.00    None  None  
2021-10-21 15:19:59,047:WARNING: Stopped
2021-10-21 15:19:59,054:ERROR: unknown header: LC:5.00
2021-10-21 15:19:59,551:INFO: State.STOP
2021-10-21 15:19:59,552:INFO: BT1   BT2   TT1   TT2   AT    X    Y    Z    BP1   BP2   TP1   TP2   HP      AP      PD   PC     HL EL BF SF   PF   BV     rpm             State MissionState Setpoint Error Depth 
2021-10-21 15:19:59,553:INFO: 25.13 24.58 24.50 24.62 24.44 0.01 0.00 0.01 11.15 11.39 10.08 10.35 1538.58 6540.72 1.51 100.00 0  0  0  None None 565.06 Buffering (0/1) STOP  IDLE         30.00    None  None  
2021-10-21 15:19:59,555:WARNING: Stopped
2021-10-21 15:19:59,581:ERROR: unknown header: LC:6.00
2021-10-21 15:20:00,080:INFO: State.STOP
2021-10-21 15:20:00,082:INFO: BT1   BT2   TT1   TT2   AT    X    Y     Z    BP1   BP2   TP1   TP2   HP      AP      PD   PC     HL EL BF SF   PF   BV     rpm             State MissionState Setpoint Error Depth 
2021-10-21 15:20:00,083:INFO: 25.13 24.58 24.50 24.62 24.44 0.00 -0.00 0.01 11.15 11.39 10.08 10.35 1538.70 6540.48 1.51 100.00 0  0  0  None None 565.21 Buffering (0/1) STOP  IDLE         30.00    None  None  
2021-10-21 15:20:00,084:WARNING: Stopped
2021-10-21 15:20:00,095:ERROR: unknown header: LC:7.00
2021-10-21 15:20:00,590:INFO: State.STOP
2021-10-21 15:20:00,592:INFO: BT1   BT2   TT1   TT2   AT    X    Y     Z    BP1   BP2   TP1   TP2   HP      AP      PD   PC     HL EL BF SF   PF   BV     rpm             State MissionState Setpoint Error Depth 
2021-10-21 15:20:00,593:INFO: 25.13 24.57 24.51 24.62 24.44 0.00 -0.00 0.01 11.15 11.39 10.08 10.35 1538.96 6540.40 1.51 100.00 0  0  0  None None 565.13 Buffering (0/1) STOP  IDLE         30.00    None  None  
2021-10-21 15:20:00,594:WARNING: Stopped
2021-10-21 15:20:00,620:ERROR: unknown header: LC:8.00
2021-10-21 15:20:01,119:INFO: State.STOP
2021-10-21 15:20:01,120:INFO: BT1   BT2   TT1   TT2   AT    X    Y     Z    BP1   BP2   TP1   TP2   HP      AP      PD   PC     HL EL BF SF   PF   BV     rpm             State MissionState Setpoint Error Depth 
2021-10-21 15:20:01,122:INFO: 25.13 24.57 24.51 24.62 24.44 0.00 -0.00 0.01 11.15 11.39 10.08 10.36 1539.10 6540.20 1.51 100.00 0  0  0  None None 565.15 Buffering (0/1) STOP  IDLE         30.00    None  None  
2021-10-21 15:20:01,123:WARNING: Stopped
2021-10-21 15:20:01,134:ERROR: unknown header: LC:9.00
2021-10-21 15:20:01,630:INFO: State.STOP
2021-10-21 15:20:01,632:INFO: BT1   BT2   TT1   TT2   AT    X    Y     Z    BP1   BP2   TP1   TP2   HP      AP      PD   PC     HL EL BF SF   PF   BV     rpm             State MissionState Setpoint Error Depth 
2021-10-21 15:20:01,634:INFO: 25.13 24.58 24.51 24.62 24.44 0.01 -0.00 0.01 11.15 11.39 10.08 10.36 1539.08 6540.08 1.51 100.00 0  0  0  None None 565.11 Buffering (0/1) STOP  IDLE         30.00    None  None  
2021-10-21 15:20:01,635:WARNING: Stopped
2021-10-21 15:20:01,662:ERROR: unknown header: LC:10.00
2021-10-21 15:20:02,160:INFO: State.STOP
2021-10-21 15:20:02,161:INFO: BT1   BT2   TT1   TT2   AT    X    Y     Z    BP1   BP2   TP1   TP2   HP      AP      PD   PC     HL EL BF SF   PF   BV     rpm             State MissionState Setpoint Error Depth 
2021-10-21 15:20:02,163:INFO: 25.13 24.57 24.51 24.62 24.44 0.01 -0.00 0.01 11.15 11.39 10.08 10.36 1539.12 6539.90 1.51 100.00 0  0  0  None None 565.29 Buffering (0/1) STOP  IDLE         30.00    None  None  
2021-10-21 15:20:02,164:WARNING: Stopped
2021-10-21 15:20:02,175:ERROR: unknown header: LC:11.00
2021-10-21 15:20:02,672:INFO: State.STOP
2021-10-21 15:20:02,674:INFO: BT1   BT2   TT1   TT2   AT    X     Y     Z     BP1   BP2   TP1   TP2   HP      AP      PD   PC     HL EL BF SF   PF   BV     rpm             State MissionState Setpoint Error Depth 
2021-10-21 15:20:02,675:INFO: 25.13 24.58 24.51 24.62 24.44 -0.01 -0.01 -0.00 11.15 11.39 10.08 10.36 1539.08 6539.88 1.51 100.00 0  0  0  None None 565.23 Buffering (0/1) STOP  IDLE         30.00    None  None  
2021-10-21 15:20:02,676:WARNING: Stopped
2021-10-21 15:20:02,701:ERROR: unknown header: LC:12.00
2021-10-21 15:20:03,200:INFO: State.STOP
2021-10-21 15:20:03,202:INFO: BT1   BT2   TT1   TT2   AT    X     Y     Z     BP1   BP2   TP1   TP2   HP      AP      PD   PC     HL EL BF SF   PF   BV     rpm             State MissionState Setpoint Error Depth 
2021-10-21 15:20:03,203:INFO: 25.13 24.58 24.51 24.62 24.44 -0.01 -0.01 -0.00 11.15 11.40 10.08 10.36 1539.04 6539.68 1.51 100.00 0  0  0  None None 565.33 Buffering (0/1) STOP  IDLE         30.00    None  None  
2021-10-21 15:20:03,204:WARNING: Stopped
2021-10-21 15:20:03,215:ERROR: unknown header: LC:13.00
2021-10-21 15:20:03,712:INFO: State.STOP
2021-10-21 15:20:03,713:INFO: BT1   BT2   TT1   TT2   AT    X     Y     Z     BP1   BP2   TP1   TP2   HP      AP      PD   PC     HL EL BF SF   PF   BV     rpm             State MissionState Setpoint Error Depth 
2021-10-21 15:20:03,715:INFO: 25.13 24.58 24.51 24.62 24.44 -0.01 -0.00 -0.00 11.15 11.39 10.08 10.36 1539.04 6539.48 1.51 100.00 0  0  0  None None 565.35 Buffering (0/1) STOP  IDLE         30.00    None  None  
2021-10-21 15:20:03,716:WARNING: Stopped
2021-10-21 15:20:03,738:ERROR: unknown header: LC:14.00
2021-10-21 15:20:04,244:INFO: State.STOP
2021-10-21 15:20:04,246:INFO: BT1   BT2   TT1   TT2   AT    X     Y     Z     BP1   BP2   TP1   TP2   HP      AP      PD   PC     HL EL BF SF   PF   BV     rpm             State MissionState Setpoint Error Depth 
2021-10-21 15:20:04,247:INFO: 25.13 24.58 24.51 24.62 24.44 -0.01 -0.00 -0.00 11.15 11.39 10.09 10.36 1539.30 6539.14 1.51 100.00 0  0  0  None None 565.46 Buffering (0/1) STOP  IDLE         30.00    None  None  
2021-10-21 15:20:04,248:WARNING: Stopped
2021-10-21 15:20:04,303:ERROR: unknown header: LC:15.00
2021-10-21 15:20:04,802:INFO: State.STOP
2021-10-21 15:20:04,803:INFO: BT1   BT2   TT1   TT2   AT    X    Y     Z     BP1   BP2   TP1   TP2   HP      AP      PD   PC     HL EL BF SF   PF   BV     rpm             State MissionState Setpoint Error Depth 
2021-10-21 15:20:04,804:INFO: 25.13 24.59 24.51 24.62 24.44 0.00 -0.00 -0.01 11.15 11.39 10.09 10.35 1539.46 6538.90 1.51 100.00 0  0  0  None None 565.53 Buffering (0/1) STOP  IDLE         30.00    None  None  
2021-10-21 15:20:04,805:WARNING: Stopped
2021-10-21 15:20:04,815:ERROR: unknown header: LC:16.00
2021-10-21 15:20:05,314:INFO: State.STOP
2021-10-21 15:20:05,315:INFO: BT1   BT2   TT1   TT2   AT    X    Y     Z     BP1   BP2   TP1   TP2   HP      AP      PD   PC     HL EL BF SF   PF   BV     rpm             State MissionState Setpoint Error Depth 
2021-10-21 15:20:05,317:INFO: 25.13 24.59 24.50 24.63 24.44 0.00 -0.00 -0.01 11.15 11.39 10.09 10.35 1539.58 6538.70 1.51 100.00 0  0  0  None None 565.47 Buffering (0/1) STOP  IDLE         30.00    None  None  
2021-10-21 15:20:05,318:WARNING: Stopped
2021-10-21 15:20:05,343:ERROR: unknown header: LC:17.00
2021-10-21 15:20:05,842:INFO: State.STOP
2021-10-21 15:20:05,844:INFO: BT1   BT2   TT1   TT2   AT    X    Y    Z     BP1   BP2   TP1   TP2   HP      AP      PD   PC     HL EL BF SF   PF   BV     rpm             State MissionState Setpoint Error Depth 
2021-10-21 15:20:05,845:INFO: 25.13 24.59 24.50 24.63 24.44 0.00 0.00 -0.01 11.15 11.39 10.08 10.35 1539.68 6538.58 1.51 100.00 0  0  0  None None 565.46 Buffering (0/1) STOP  IDLE         30.00    None  None  
2021-10-21 15:20:05,846:WARNING: Stopped
2021-10-21 15:20:05,855:ERROR: unknown header: LC:18.00
2021-10-21 15:20:06,349:WARNING: restarting
2021-10-21 15:20:06,358:INFO: State.INIT
2021-10-21 15:20:06,359:INFO: BT1             BT2             TT1             TT2             AT              X               Y               Z               BP1             BP2             TP1             TP2             HP              AP              PD PC HL   EL   BF   SF   PF   BV rpm             State MissionState Setpoint Error Depth 
2021-10-21 15:20:06,361:INFO: Buffering (0/5) Buffering (0/5) Buffering (0/5) Buffering (0/5) Buffering (0/5) Buffering (0/5) Buffering (0/5) Buffering (0/5) Buffering (0/5) Buffering (0/5) Buffering (0/5) Buffering (0/5) Buffering (0/5) Buffering (0/5) 0  0  None None None None None 0  Buffering (0/1) INIT  IDLE         30.00    None  None  
2021-10-21 15:20:06,382:ERROR: unknown header: LC:19.00
2021-10-21 15:20:06,882:INFO: State.WAIT_FOR_SENSOR_BUFFER
2021-10-21 15:20:06,883:INFO: BT1             BT2             TT1             TT2             AT              X               Y               Z               BP1             BP2             TP1             TP2             HP              AP              PD   PC     HL EL BF SF   PF   BV     rpm             State                  MissionState Setpoint Error Depth 
2021-10-21 15:20:06,884:INFO: Buffering (1/5) Buffering (1/5) Buffering (1/5) Buffering (1/5) Buffering (1/5) Buffering (1/5) Buffering (1/5) Buffering (1/5) Buffering (1/5) Buffering (1/5) Buffering (1/5) Buffering (1/5) Buffering (1/5) Buffering (1/5) 1.51 100.00 0  0  0  None None 565.53 Buffering (0/1) WAIT_FOR_SENSOR_BUFFER IDLE         30.00    None  None  
2021-10-21 15:20:06,886:WARNING: sensor BT1 is not ready
2021-10-21 15:20:06,893:ERROR: unknown header: LC:20.00
2021-10-21 15:20:07,390:INFO: State.WAIT_FOR_SENSOR_BUFFER
2021-10-21 15:20:07,392:INFO: BT1             BT2             TT1             TT2             AT              X               Y               Z               BP1             BP2             TP1             TP2             HP              AP              PD   PC     HL EL BF SF   PF   BV     rpm             State                  MissionState Setpoint Error Depth 
2021-10-21 15:20:07,392:INFO: Buffering (2/5) Buffering (2/5) Buffering (2/5) Buffering (2/5) Buffering (2/5) Buffering (1/5) Buffering (1/5) Buffering (1/5) Buffering (2/5) Buffering (2/5) Buffering (2/5) Buffering (2/5) Buffering (2/5) Buffering (2/5) 1.51 100.00 0  0  0  None None 565.64 Buffering (0/1) WAIT_FOR_SENSOR_BUFFER IDLE         30.00    None  None  
2021-10-21 15:20:07,394:WARNING: sensor BT1 is not ready
2021-10-21 15:20:07,420:ERROR: unknown header: LC:21.00
2021-10-21 15:20:07,918:INFO: State.WAIT_FOR_SENSOR_BUFFER
2021-10-21 15:20:07,919:INFO: BT1             BT2             TT1             TT2             AT              X               Y               Z               BP1             BP2             TP1             TP2             HP              AP              PD   PC     HL EL BF SF   PF   BV     rpm             State                  MissionState Setpoint Error Depth 
2021-10-21 15:20:07,920:INFO: Buffering (3/5) Buffering (3/5) Buffering (3/5) Buffering (3/5) Buffering (3/5) Buffering (2/5) Buffering (2/5) Buffering (2/5) Buffering (3/5) Buffering (3/5) Buffering (3/5) Buffering (3/5) Buffering (3/5) Buffering (3/5) 1.51 100.00 0  0  0  None None 565.60 Buffering (0/1) WAIT_FOR_SENSOR_BUFFER IDLE         30.00    None  None  
2021-10-21 15:20:07,922:WARNING: sensor BT1 is not ready
2021-10-21 15:20:07,932:ERROR: unknown header: LC:22.00
2021-10-21 15:20:08,431:INFO: State.WAIT_FOR_SENSOR_BUFFER
2021-10-21 15:20:08,432:INFO: BT1             BT2             TT1             TT2             AT              X               Y               Z               BP1             BP2             TP1             TP2             HP              AP              PD   PC     HL EL BF SF   PF   BV     rpm             State                  MissionState Setpoint Error Depth 
2021-10-21 15:20:08,433:INFO: Buffering (4/5) Buffering (4/5) Buffering (4/5) Buffering (4/5) Buffering (4/5) Buffering (2/5) Buffering (2/5) Buffering (2/5) Buffering (4/5) Buffering (4/5) Buffering (4/5) Buffering (4/5) Buffering (4/5) Buffering (4/5) 1.51 100.00 0  0  0  None None 565.72 Buffering (0/1) WAIT_FOR_SENSOR_BUFFER IDLE         30.00    None  None  
2021-10-21 15:20:08,434:WARNING: sensor BT1 is not ready
2021-10-21 15:20:08,461:ERROR: unknown header: LC:23.00
2021-10-21 15:20:08,960:INFO: State.WAIT_FOR_SENSOR_BUFFER
2021-10-21 15:20:08,961:INFO: BT1   BT2   TT1   TT2   AT    X               Y               Z               BP1   BP2   TP1   TP2   HP      AP      PD   PC     HL EL BF SF   PF   BV     rpm             State                  MissionState Setpoint Error Depth 
2021-10-21 15:20:08,962:INFO: 25.12 24.59 24.51 24.65 24.44 Buffering (3/5) Buffering (3/5) Buffering (3/5) 11.16 11.39 10.08 10.35 1539.98 6537.78 1.51 100.00 0  0  0  None None 565.56 Buffering (0/1) WAIT_FOR_SENSOR_BUFFER IDLE         30.00    None  None  
2021-10-21 15:20:08,964:WARNING: sensor X is not ready
2021-10-21 15:20:08,972:ERROR: unknown header: LC:24.00
2021-10-21 15:20:09,473:INFO: State.WAIT_FOR_SENSOR_BUFFER
2021-10-21 15:20:09,475:INFO: BT1   BT2   TT1   TT2   AT    X               Y               Z               BP1   BP2   TP1   TP2   HP      AP      PD   PC     HL EL BF SF   PF   BV     rpm             State                  MissionState Setpoint Error Depth 
2021-10-21 15:20:09,476:INFO: 25.12 24.59 24.51 24.66 24.44 Buffering (3/5) Buffering (3/5) Buffering (3/5) 11.15 11.39 10.08 10.35 1539.98 6537.66 1.51 100.00 0  0  0  None None 565.62 Buffering (0/1) WAIT_FOR_SENSOR_BUFFER IDLE         30.00    None  None  
2021-10-21 15:20:09,477:WARNING: sensor X is not ready
2021-10-21 15:20:09,501:ERROR: unknown header: LC:25.00
2021-10-21 15:20:10,001:INFO: State.WAIT_FOR_SENSOR_BUFFER
2021-10-21 15:20:10,003:INFO: BT1   BT2   TT1   TT2   AT    X               Y               Z               BP1   BP2   TP1   TP2   HP      AP      PD   PC     HL EL BF SF   PF   BV     rpm             State                  MissionState Setpoint Error Depth 
2021-10-21 15:20:10,004:INFO: 25.12 24.59 24.51 24.66 24.44 Buffering (4/5) Buffering (4/5) Buffering (4/5) 11.16 11.39 10.08 10.35 1540.02 6537.56 1.51 100.00 0  0  0  None None 565.78 Buffering (0/1) WAIT_FOR_SENSOR_BUFFER IDLE         30.00    None  None  
2021-10-21 15:20:10,006:WARNING: sensor X is not ready
2021-10-21 15:20:10,015:ERROR: unknown header: LC:26.00
2021-10-21 15:20:10,508:INFO: State.WAIT_FOR_SENSOR_BUFFER
2021-10-21 15:20:10,510:INFO: BT1   BT2   TT1   TT2   AT    X               Y               Z               BP1   BP2   TP1   TP2   HP      AP      PD   PC     HL EL BF SF   PF   BV     rpm             State                  MissionState Setpoint Error Depth 
2021-10-21 15:20:10,511:INFO: 25.12 24.59 24.51 24.66 24.44 Buffering (4/5) Buffering (4/5) Buffering (4/5) 11.16 11.39 10.08 10.35 1540.10 6537.38 1.51 100.00 0  0  0  None None 565.82 Buffering (0/1) WAIT_FOR_SENSOR_BUFFER IDLE         30.00    None  None  
2021-10-21 15:20:10,512:WARNING: sensor X is not ready
2021-10-21 15:20:10,537:ERROR: unknown header: LC:27.00
2021-10-21 15:20:11,035:INFO: State.WAIT_FOR_SENSOR_BUFFER
2021-10-21 15:20:11,037:INFO: BT1   BT2   TT1   TT2   AT    X     Y    Z    BP1   BP2   TP1   TP2   HP      AP      PD   PC     HL EL BF SF   PF   BV     rpm             State                  MissionState Setpoint Error Depth 
2021-10-21 15:20:11,038:INFO: 25.12 24.59 24.51 24.66 24.44 -0.00 0.00 0.00 11.15 11.39 10.08 10.35 1540.16 6537.30 1.51 100.00 0  0  0  None None 565.81 Buffering (0/1) WAIT_FOR_SENSOR_BUFFER IDLE         30.00    None  None  
2021-10-21 15:20:11,049:ERROR: unknown header: LC:28.00
2021-10-21 15:20:11,548:INFO: State.CALIBRATE_DEPTH_SENSORS
2021-10-21 15:20:11,550:INFO: BT1   BT2   TT1   TT2   AT    X     Y    Z    BP1   BP2   TP1   TP2   HP      AP      PD   PC     HL EL BF SF   PF   BV     rpm             State                   MissionState Setpoint Error Depth 
2021-10-21 15:20:11,551:INFO: 25.12 24.59 24.51 24.66 24.44 -0.00 0.00 0.00 11.15 11.39 10.08 10.35 1540.24 6537.00 1.51 100.00 0  0  0  None None 565.87 Buffering (0/1) CALIBRATE_DEPTH_SENSORS IDLE         30.00    None  None  
2021-10-21 15:20:11,553:ERROR: error in HP sensor value: 1540.24 is out of bound!
2021-10-21 15:20:11,554:ERROR: error in AP sensor value: 6537.0 is out of bound!
2021-10-21 15:20:11,555:INFO: depth sensors calibrated successfully
2021-10-21 15:20:11,556:INFO: offset set on: 10.7425
2021-10-21 15:20:11,577:ERROR: unknown header: LC:29.00
2021-10-21 15:20:12,076:INFO: State.CALIBRATE_DEPTH_SENSORS
2021-10-21 15:20:12,077:INFO: BT1   BT2   TT1   TT2   AT    X     Y     Z     BP1   BP2   TP1   TP2   HP      AP      PD   PC     HL EL BF SF   PF   BV     rpm             State                   MissionState Setpoint Error Depth 
2021-10-21 15:20:12,078:INFO: 25.12 24.59 24.51 24.66 24.44 -0.01 -0.01 -0.00 11.15 11.39 10.08 10.35 1540.34 6536.74 1.51 100.00 0  0  0  None None 565.89 Buffering (0/1) CALIBRATE_DEPTH_SENSORS IDLE         30.00    None  None  
2021-10-21 15:20:12,080:ERROR: error in HP sensor value: 1540.34 is out of bound!
2021-10-21 15:20:12,081:ERROR: error in AP sensor value: 6536.74 is out of bound!
2021-10-21 15:20:12,088:ERROR: unknown header: LC:30.00
2021-10-21 15:20:12,595:INFO: State.WAIT_FOR_WATER
2021-10-21 15:20:12,596:INFO: BT1   BT2   TT1   TT2   AT    X     Y     Z     BP1   BP2   TP1   TP2   HP      AP      PD   PC     HL EL BF SF   PF   BV     rpm             State          MissionState Setpoint Error Depth 
2021-10-21 15:20:12,597:INFO: 25.12 24.59 24.51 24.65 24.44 -0.01 -0.01 -0.00 11.15 11.39 10.08 10.35 1540.48 6536.64 1.51 100.00 0  0  0  None None 565.85 Buffering (0/1) WAIT_FOR_WATER IDLE         30.00    30.00 0.00  
2021-10-21 15:20:12,598:INFO: Waiting for water
2021-10-21 15:20:12,599:INFO: Waiting for water
2021-10-21 15:20:12,599:INFO: 0/10 secs
2021-10-21 15:20:12,613:ERROR: unknown header: LC:31.00
2021-10-21 15:20:13,112:INFO: State.WAIT_FOR_WATER
2021-10-21 15:20:13,114:INFO: BT1   BT2   TT1   TT2   AT    X     Y     Z     BP1   BP2   TP1   TP2   HP      AP      PD   PC     HL EL BF SF   PF   BV     rpm             State          MissionState Setpoint Error Depth 
2021-10-21 15:20:13,116:INFO: 25.12 24.59 24.51 24.65 24.44 -0.00 -0.01 -0.01 11.15 11.39 10.09 10.35 1540.50 6536.56 1.51 100.00 0  0  0  None None 565.90 Buffering (0/1) WAIT_FOR_WATER IDLE         30.00    30.00 0.00  
2021-10-21 15:20:13,116:INFO: Waiting for water
2021-10-21 15:20:13,117:INFO: 1/10 secs
2021-10-21 15:20:13,178:ERROR: unknown header: LC:32.00
2021-10-21 15:20:13,677:INFO: State.WAIT_FOR_WATER
2021-10-21 15:20:13,679:INFO: BT1   BT2   TT1   TT2   AT    X     Y     Z     BP1   BP2   TP1   TP2   HP      AP      PD   PC     HL EL BF SF   PF   BV     rpm             State          MissionState Setpoint Error Depth 
2021-10-21 15:20:13,680:INFO: 25.12 24.58 24.51 24.65 24.44 -0.01 -0.01 -0.00 11.15 11.39 10.08 10.35 1540.46 6536.34 1.51 100.00 0  0  0  None None 566.03 Buffering (0/1) WAIT_FOR_WATER IDLE         30.00    30.00 0.00  
2021-10-21 15:20:13,681:INFO: Waiting for water
2021-10-21 15:20:13,682:INFO: 1/10 secs
2021-10-21 15:20:13,689:ERROR: unknown header: LC:33.00
2021-10-21 15:20:14,188:INFO: State.WAIT_FOR_WATER
2021-10-21 15:20:14,189:INFO: BT1   BT2   TT1   TT2   AT    X     Y     Z     BP1   BP2   TP1   TP2   HP      AP      PD   PC     HL EL BF SF   PF   BV     rpm             State          MissionState Setpoint Error Depth 
2021-10-21 15:20:14,191:INFO: 25.12 24.58 24.51 24.64 24.44 -0.01 -0.01 -0.00 11.15 11.39 10.09 10.35 1540.46 6536.20 1.51 100.00 0  0  0  None None 566.01 Buffering (0/1) WAIT_FOR_WATER IDLE         30.00    30.00 0.00  
2021-10-21 15:20:14,191:INFO: Waiting for water
2021-10-21 15:20:14,192:INFO: 2/10 secs
2021-10-21 15:20:14,215:ERROR: unknown header: LC:34.00
2021-10-21 15:20:14,714:INFO: State.WAIT_FOR_WATER
2021-10-21 15:20:14,715:INFO: BT1   BT2   TT1   TT2   AT    X     Y     Z    BP1   BP2   TP1   TP2   HP      AP      PD   PC     HL EL BF SF   PF   BV     rpm             State          MissionState Setpoint Error Depth 
2021-10-21 15:20:14,717:INFO: 25.12 24.59 24.51 24.64 24.44 -0.01 -0.01 0.00 11.15 11.39 10.08 10.35 1540.52 6535.98 1.51 100.00 0  0  0  None None 566.11 Buffering (0/1) WAIT_FOR_WATER IDLE         30.00    30.00 0.00  
2021-10-21 15:20:14,718:INFO: Waiting for water
2021-10-21 15:20:14,718:INFO: 2/10 secs
2021-10-21 15:20:14,727:ERROR: unknown header: LC:35.00
2021-10-21 15:20:15,226:INFO: State.WAIT_FOR_WATER
2021-10-21 15:20:15,227:INFO: BT1   BT2   TT1   TT2   AT    X     Y     Z    BP1   BP2   TP1   TP2   HP      AP      PD   PC     HL EL BF SF   PF   BV     rpm             State          MissionState Setpoint Error Depth 
2021-10-21 15:20:15,229:INFO: 25.12 24.59 24.51 24.64 24.44 -0.01 -0.01 0.00 11.15 11.39 10.08 10.35 1540.50 6535.80 1.51 100.00 0  0  0  None None 566.03 Buffering (0/1) WAIT_FOR_WATER IDLE         30.00    30.00 0.00  
2021-10-21 15:20:15,230:INFO: Waiting for water
2021-10-21 15:20:15,230:INFO: 3/10 secs
2021-10-21 15:20:15,255:ERROR: unknown header: LC:36.00
2021-10-21 15:20:15,754:INFO: State.WAIT_FOR_WATER
2021-10-21 15:20:15,756:INFO: BT1   BT2   TT1   TT2   AT    X     Y    Z    BP1   BP2   TP1   TP2   HP      AP      PD   PC     HL EL BF SF   PF   BV     rpm             State          MissionState Setpoint Error Depth 
2021-10-21 15:20:15,757:INFO: 25.12 24.59 24.51 24.64 24.44 -0.01 0.00 0.00 11.15 11.39 10.08 10.35 1540.42 6535.38 1.51 100.00 0  0  0  None None 566.30 Buffering (0/1) WAIT_FOR_WATER IDLE         30.00    30.00 0.00  
2021-10-21 15:20:15,758:INFO: Waiting for water
2021-10-21 15:20:15,759:INFO: 3/10 secs
2021-10-21 15:20:15,768:ERROR: unknown header: LC:37.00
2021-10-21 15:20:16,268:INFO: State.WAIT_FOR_WATER
2021-10-21 15:20:16,271:INFO: BT1   BT2   TT1   TT2   AT    X     Y    Z    BP1   BP2   TP1   TP2   HP      AP      PD   PC     HL EL BF SF   PF   BV     rpm             State          MissionState Setpoint Error Depth 
2021-10-21 15:20:16,272:INFO: 25.12 24.59 24.51 24.64 24.44 -0.01 0.00 0.00 11.15 11.39 10.08 10.35 1540.52 6535.24 1.51 100.00 0  0  0  None None 566.18 Buffering (0/1) WAIT_FOR_WATER IDLE         30.00    30.00 0.00  
2021-10-21 15:20:16,273:INFO: Waiting for water
2021-10-21 15:20:16,274:INFO: 4/10 secs
2021-10-21 15:20:16,296:ERROR: unknown header: LC:38.00
2021-10-21 15:20:16,795:INFO: State.WAIT_FOR_WATER
2021-10-21 15:20:16,797:INFO: BT1   BT2   TT1   TT2   AT    X    Y    Z     BP1   BP2   TP1   TP2   HP      AP      PD   PC     HL EL BF SF   PF   BV     rpm             State          MissionState Setpoint Error Depth 
2021-10-21 15:20:16,799:INFO: 25.13 24.59 24.51 24.64 24.44 0.01 0.00 -0.01 11.15 11.39 10.08 10.35 1540.62 6535.14 1.51 100.00 0  0  0  None None 566.11 Buffering (0/1) WAIT_FOR_WATER IDLE         30.00    30.00 0.00  
2021-10-21 15:20:16,800:INFO: Waiting for water
2021-10-21 15:20:16,801:INFO: 4/10 secs
2021-10-21 15:20:16,807:ERROR: unknown header: LC:39.00
2021-10-21 15:20:17,306:INFO: State.WAIT_FOR_WATER
2021-10-21 15:20:17,308:INFO: BT1   BT2   TT1   TT2   AT    X    Y    Z     BP1   BP2   TP1   TP2   HP      AP      PD   PC     HL EL BF SF   PF   BV     rpm             State          MissionState Setpoint Error Depth 
2021-10-21 15:20:17,309:INFO: 25.13 24.59 24.52 24.64 24.44 0.01 0.00 -0.01 11.15 11.39 10.08 10.35 1540.64 6535.08 1.51 100.00 0  0  0  None None 566.18 Buffering (0/1) WAIT_FOR_WATER IDLE         30.00    30.00 0.00  
2021-10-21 15:20:17,310:INFO: Waiting for water
2021-10-21 15:20:17,311:INFO: 5/10 secs
2021-10-21 15:20:17,334:ERROR: unknown header: LC:40.00
2021-10-21 15:20:17,833:INFO: State.WAIT_FOR_WATER
2021-10-21 15:20:17,835:INFO: BT1   BT2   TT1   TT2   AT    X    Y    Z     BP1   BP2   TP1   TP2   HP      AP      PD   PC     HL EL BF SF   PF   BV     rpm             State          MissionState Setpoint Error Depth 
2021-10-21 15:20:17,836:INFO: 25.13 24.59 24.52 24.63 24.44 0.01 0.00 -0.00 11.15 11.39 10.08 10.35 1540.76 6534.84 1.51 100.00 0  0  0  None None 566.32 Buffering (0/1) WAIT_FOR_WATER IDLE         30.00    30.00 0.00  
2021-10-21 15:20:17,837:INFO: Waiting for water
2021-10-21 15:20:17,838:INFO: 5/10 secs
2021-10-21 15:20:17,844:ERROR: unknown header: LC:41.00
2021-10-21 15:20:18,343:INFO: State.WAIT_FOR_WATER
2021-10-21 15:20:18,345:INFO: BT1   BT2   TT1   TT2   AT    X    Y    Z     BP1   BP2   TP1   TP2   HP      AP      PD   PC     HL EL BF SF   PF   BV     rpm             State          MissionState Setpoint Error Depth 
2021-10-21 15:20:18,346:INFO: 25.13 24.59 24.52 24.63 24.44 0.01 0.00 -0.00 11.15 11.39 10.08 10.35 1541.04 6534.80 1.51 100.00 0  0  0  None None 566.38 Buffering (0/1) WAIT_FOR_WATER IDLE         30.00    30.00 0.00  
2021-10-21 15:20:18,347:INFO: Waiting for water
2021-10-21 15:20:18,348:INFO: 6/10 secs
2021-10-21 15:20:18,373:ERROR: unknown header: LC:42.00
2021-10-21 15:20:18,874:INFO: State.WAIT_FOR_WATER
2021-10-21 15:20:18,875:INFO: BT1   BT2   TT1   TT2   AT    X    Y     Z     BP1   BP2   TP1   TP2   HP      AP      PD   PC     HL EL BF SF   PF   BV     rpm             State          MissionState Setpoint Error Depth 
2021-10-21 15:20:18,877:INFO: 25.12 24.59 24.51 24.63 24.45 0.03 -0.00 -0.01 11.15 11.39 10.08 10.35 1541.18 6534.68 1.51 100.00 0  0  0  None None 566.34 Buffering (0/1) WAIT_FOR_WATER IDLE         30.00    30.00 0.00  
2021-10-21 15:20:18,878:INFO: Waiting for water
2021-10-21 15:20:18,878:INFO: 6/10 secs
2021-10-21 15:20:18,884:ERROR: unknown header: LC:43.00
2021-10-21 15:20:19,383:INFO: State.WAIT_FOR_WATER
2021-10-21 15:20:19,385:INFO: BT1   BT2   TT1   TT2   AT    X    Y     Z     BP1   BP2   TP1   TP2   HP      AP      PD   PC     HL EL BF SF   PF   BV     rpm             State          MissionState Setpoint Error Depth 
2021-10-21 15:20:19,386:INFO: 25.12 24.59 24.52 24.63 24.45 0.03 -0.00 -0.01 11.15 11.39 10.08 10.35 1541.20 6534.36 1.51 100.00 0  0  0  None None 566.44 Buffering (0/1) WAIT_FOR_WATER IDLE         30.00    30.00 0.00  
2021-10-21 15:20:19,387:INFO: Waiting for water
2021-10-21 15:20:19,388:INFO: 7/10 secs
2021-10-21 15:20:19,412:ERROR: unknown header: LC:44.00
2021-10-21 15:20:19,911:INFO: State.WAIT_FOR_WATER
2021-10-21 15:20:19,913:INFO: BT1   BT2   TT1   TT2   AT    X    Y    Z     BP1   BP2   TP1   TP2   HP      AP      PD   PC     HL EL BF SF   PF   BV     rpm             State          MissionState Setpoint Error Depth 
2021-10-21 15:20:19,914:INFO: 25.12 24.59 24.52 24.62 24.45 0.02 0.00 -0.01 11.15 11.39 10.08 10.35 1541.24 6534.14 1.51 100.00 0  0  0  None None 566.40 Buffering (0/1) WAIT_FOR_WATER IDLE         30.00    30.00 0.00  
2021-10-21 15:20:19,915:INFO: Waiting for water
2021-10-21 15:20:19,916:INFO: 7/10 secs
2021-10-21 15:20:19,923:ERROR: unknown header: LC:45.00
2021-10-21 15:20:20,423:INFO: State.WAIT_FOR_WATER
2021-10-21 15:20:20,424:INFO: BT1   BT2   TT1   TT2   AT    X    Y    Z     BP1   BP2   TP1   TP2   HP      AP      PD   PC     HL EL BF SF   PF   BV     rpm             State          MissionState Setpoint Error Depth 
2021-10-21 15:20:20,426:INFO: 25.12 24.58 24.52 24.62 24.45 0.02 0.00 -0.01 11.15 11.39 10.08 10.36 1541.36 6534.06 1.51 100.00 0  0  0  None None 566.40 Buffering (0/1) WAIT_FOR_WATER IDLE         30.00    30.00 0.00  
2021-10-21 15:20:20,426:INFO: Waiting for water
2021-10-21 15:20:20,427:INFO: 8/10 secs
2021-10-21 15:20:20,452:ERROR: unknown header: LC:46.00
2021-10-21 15:20:20,952:INFO: State.WAIT_FOR_WATER
2021-10-21 15:20:20,953:INFO: BT1   BT2   TT1   TT2   AT    X    Y     Z     BP1   BP2   TP1   TP2   HP      AP      PD   PC     HL EL BF SF   PF   BV     rpm             State          MissionState Setpoint Error Depth 
2021-10-21 15:20:20,954:INFO: 25.12 24.58 24.52 24.62 24.45 0.01 -0.01 -0.01 11.15 11.39 10.08 10.35 1541.32 6533.98 1.51 100.00 0  0  0  None None 566.46 Buffering (0/1) WAIT_FOR_WATER IDLE         30.00    30.00 0.00  
2021-10-21 15:20:20,955:INFO: Waiting for water
2021-10-21 15:20:20,956:INFO: 8/10 secs
2021-10-21 15:20:20,964:ERROR: unknown header: LC:47.00
2021-10-21 15:20:21,463:INFO: State.WAIT_FOR_WATER
2021-10-21 15:20:21,465:INFO: BT1   BT2   TT1   TT2   AT    X    Y     Z     BP1   BP2   TP1   TP2   HP      AP      PD   PC     HL EL BF SF   PF   BV     rpm             State          MissionState Setpoint Error Depth 
2021-10-21 15:20:21,466:INFO: 25.12 24.58 24.52 24.62 24.44 0.01 -0.01 -0.01 11.15 11.39 10.08 10.35 1541.38 6533.92 1.51 100.00 0  0  0  None None 566.36 Buffering (0/1) WAIT_FOR_WATER IDLE         30.00    30.00 0.00  
2021-10-21 15:20:21,467:INFO: Waiting for water
2021-10-21 15:20:21,468:INFO: 9/10 secs
2021-10-21 15:20:21,491:ERROR: unknown header: LC:48.00
2021-10-21 15:20:21,990:INFO: State.WAIT_FOR_WATER
2021-10-21 15:20:21,992:INFO: BT1   BT2   TT1   TT2   AT    X    Y     Z    BP1   BP2   TP1   TP2   HP      AP      PD   PC     HL EL BF SF   PF   BV     rpm             State          MissionState Setpoint Error Depth 
2021-10-21 15:20:21,993:INFO: 25.12 24.58 24.52 24.62 24.44 0.01 -0.00 0.00 11.15 11.39 10.08 10.35 1541.38 6533.92 1.51 100.00 0  0  0  None None 566.44 Buffering (0/1) WAIT_FOR_WATER IDLE         30.00    30.00 0.00  
2021-10-21 15:20:21,994:INFO: Waiting for water
2021-10-21 15:20:21,994:INFO: 9/10 secs
2021-10-21 15:20:22,000:ERROR: unknown header: LC:49.00
2021-10-21 15:20:22,500:INFO: State.WAIT_FOR_WATER
2021-10-21 15:20:22,501:INFO: BT1   BT2   TT1   TT2   AT    X    Y     Z    BP1   BP2   TP1   TP2   HP      AP      PD   PC     HL EL BF SF   PF   BV     rpm             State          MissionState Setpoint Error Depth 
2021-10-21 15:20:22,503:INFO: 25.12 24.58 24.52 24.62 24.45 0.01 -0.00 0.00 11.15 11.39 10.08 10.35 1541.42 6533.82 1.51 100.00 0  0  0  None None 566.54 Buffering (0/1) WAIT_FOR_WATER IDLE         30.00    30.00 0.00  
2021-10-21 15:20:22,504:INFO: Waiting for water
2021-10-21 15:20:22,504:INFO: 10/10 secs
2021-10-21 15:20:22,529:ERROR: unknown header: LC:50.00
2021-10-21 15:20:23,029:INFO: State.WAIT_FOR_WATER
2021-10-21 15:20:23,030:INFO: BT1   BT2   TT1   TT2   AT    X    Y     Z    BP1   BP2   TP1   TP2   HP      AP      PD   PC     HL EL BF SF   PF   BV     rpm             State          MissionState Setpoint Error Depth 
2021-10-21 15:20:23,031:INFO: 25.12 24.59 24.52 24.62 24.44 0.00 -0.00 0.01 11.15 11.39 10.08 10.35 1541.56 6533.52 1.51 100.00 0  0  0  None None 566.67 Buffering (0/1) WAIT_FOR_WATER IDLE         30.00    30.00 0.00  
2021-10-21 15:20:23,032:INFO: Done waiting for water
2021-10-21 15:20:23,040:ERROR: unknown header: LC:51.00
2021-10-21 15:20:23,540:INFO: State.EXEC_TASK
2021-10-21 15:20:23,541:INFO: BT1   BT2   TT1   TT2   AT    X    Y     Z    BP1   BP2   TP1   TP2   HP      AP      PD   PC     HL EL BF SF   PF   BV     rpm             State     MissionState Setpoint Error Depth 
2021-10-21 15:20:23,542:INFO: 25.12 24.59 24.52 24.62 24.44 0.00 -0.00 0.01 11.15 11.39 10.08 10.35 1541.74 6533.32 1.51 100.00 0  0  0  None None 566.63 Buffering (0/1) EXEC_TASK IDLE         30.00    30.00 0.00  
2021-10-21 15:20:23,543:INFO: attemting to start a new dutycycle
2021-10-21 15:20:23,544:ERROR: error in HP sensor value: 1541.74 is out of bound!
2021-10-21 15:20:23,545:ERROR: error in AP sensor value: 6533.32 is out of bound!
2021-10-21 15:20:23,546:ERROR: ERROR: Could not calculate depth - not enough working sensors
2021-10-21 15:20:23,568:ERROR: unknown header: LC:52.00
2021-10-21 15:20:24,067:INFO: State.EXEC_TASK
2021-10-21 15:20:24,068:INFO: BT1   BT2   TT1   TT2   AT    X     Y    Z    BP1   BP2   TP1   TP2   HP      AP      PD   PC     HL EL BF SF   PF   BV     rpm             State     MissionState Setpoint Error Depth 
2021-10-21 15:20:24,069:INFO: 25.12 24.58 24.52 24.62 24.44 -0.01 0.00 0.01 11.15 11.39 10.09 10.35 1541.82 6533.18 1.51 100.00 0  0  0  None None 566.54 Buffering (0/1) EXEC_TASK IDLE         30.00    30.00 0.00  
2021-10-21 15:20:24,070:INFO: attemting to start a new dutycycle
2021-10-21 15:20:24,071:ERROR: error in HP sensor value: 1541.82 is out of bound!
2021-10-21 15:20:24,072:ERROR: error in AP sensor value: 6533.18 is out of bound!
2021-10-21 15:20:24,074:INFO: scalar = self.p*self.kp - self.d*self.kd + self.i*self.ki
2021-10-21 15:20:24,074:INFO: 299.975 = 29.997500000000002*10 - 0*0 + 0*0
2021-10-21 15:20:24,076:INFO: sending PID - Voltage:100    direction:1    timeOn:2.0  timeOff:0.5
2021-10-21 15:20:24,101:ERROR: unknown header: LC:53.00
2021-10-21 15:20:24,159:ERROR: unknown header: V:100.00
2021-10-21 15:20:24,161:ERROR: unknown header: D:1.00
2021-10-21 15:20:24,164:ERROR: unknown header: T:2.00
2021-10-21 15:20:24,232:INFO: State.EXEC_TASK
2021-10-21 15:20:24,233:INFO: BT1   BT2   TT1   TT2   AT    X     Y    Z    BP1   BP2   TP1   TP2   HP      AP      PD   PC     HL EL BF SF   PF   BV     rpm             State     MissionState Setpoint Error Depth 
2021-10-21 15:20:24,235:INFO: 25.12 24.58 24.52 24.62 24.44 -0.01 0.00 0.01 11.15 11.39 10.09 10.35 1541.82 6533.02 1.51 100.00 0  0  0  None None 566.61 Buffering (0/1) EXEC_TASK IDLE         30.00    30.00 0.00  
2021-10-21 15:20:24,236:ERROR: error in HP sensor value: 1541.82 is out of bound!
2021-10-21 15:20:24,237:ERROR: error in AP sensor value: 6533.02 is out of bound!
2021-10-21 15:20:24,238:INFO: pump is running...
2021-10-21 15:20:24,992:INFO: pump turned on
2021-10-21 15:20:25,326:INFO: State.EXEC_TASK
2021-10-21 15:20:25,327:INFO: BV     rpm     
2021-10-21 15:20:25,328:INFO: 557.98 3247.00 
2021-10-21 15:20:25,329:ERROR: error in HP sensor value: 1541.82 is out of bound!
2021-10-21 15:20:25,330:ERROR: error in AP sensor value: 6541.38 is out of bound!
2021-10-21 15:20:25,331:INFO: pump is running...
2021-10-21 15:20:25,408:INFO: State.EXEC_TASK
2021-10-21 15:20:25,409:INFO: BV     rpm     
2021-10-21 15:20:25,410:INFO: 556.32 3434.00 
2021-10-21 15:20:25,411:ERROR: error in HP sensor value: 1541.82 is out of bound!
2021-10-21 15:20:25,412:ERROR: error in AP sensor value: 6551.54 is out of bound!
2021-10-21 15:20:25,413:INFO: pump is running...
2021-10-21 15:20:25,490:INFO: State.EXEC_TASK
2021-10-21 15:20:25,492:INFO: BV     rpm     
2021-10-21 15:20:25,493:INFO: 554.23 3828.00 
2021-10-21 15:20:25,494:ERROR: error in HP sensor value: 1541.82 is out of bound!
2021-10-21 15:20:25,495:ERROR: error in AP sensor value: 6563.72 is out of bound!
2021-10-21 15:20:25,496:INFO: pump is running...
2021-10-21 15:20:25,567:INFO: State.EXEC_TASK
2021-10-21 15:20:25,568:INFO: BV     rpm     
2021-10-21 15:20:25,569:INFO: 552.39 4291.00 
2021-10-21 15:20:25,570:ERROR: error in HP sensor value: 1541.82 is out of bound!
2021-10-21 15:20:25,571:ERROR: error in AP sensor value: 6577.6 is out of bound!
2021-10-21 15:20:25,572:INFO: pump is running...
2021-10-21 15:20:25,648:INFO: State.EXEC_TASK
2021-10-21 15:20:25,649:INFO: BV     rpm     
2021-10-21 15:20:25,650:INFO: 550.31 4543.00 
2021-10-21 15:20:25,652:ERROR: error in HP sensor value: 1541.82 is out of bound!
2021-10-21 15:20:25,653:ERROR: error in AP sensor value: 6593.64 is out of bound!
2021-10-21 15:20:25,654:INFO: pump is running...
2021-10-21 15:20:25,727:INFO: State.EXEC_TASK
2021-10-21 15:20:25,728:INFO: BV     rpm     
2021-10-21 15:20:25,729:INFO: 548.23 4535.00 
2021-10-21 15:20:25,730:ERROR: error in HP sensor value: 1541.82 is out of bound!
2021-10-21 15:20:25,731:ERROR: error in AP sensor value: 6603.34 is out of bound!
2021-10-21 15:20:25,732:INFO: pump is running...
2021-10-21 15:20:25,809:INFO: State.EXEC_TASK
2021-10-21 15:20:25,810:INFO: BV     rpm     
2021-10-21 15:20:25,811:INFO: 545.74 4945.00 
2021-10-21 15:20:25,812:ERROR: error in HP sensor value: 1541.82 is out of bound!
2021-10-21 15:20:25,813:ERROR: error in AP sensor value: 6613.84 is out of bound!
2021-10-21 15:20:25,814:INFO: pump is running...
2021-10-21 15:20:25,888:INFO: State.EXEC_TASK
2021-10-21 15:20:25,889:INFO: BV     rpm     
2021-10-21 15:20:25,891:INFO: 543.57 5241.00 
2021-10-21 15:20:25,892:ERROR: error in HP sensor value: 1541.82 is out of bound!
2021-10-21 15:20:25,893:ERROR: error in AP sensor value: 6624.5 is out of bound!
2021-10-21 15:20:25,894:INFO: pump is running...
2021-10-21 15:20:25,967:INFO: State.EXEC_TASK
2021-10-21 15:20:25,968:INFO: BV     rpm     
2021-10-21 15:20:25,969:INFO: 540.95 5330.00 
2021-10-21 15:20:25,970:ERROR: error in HP sensor value: 1541.82 is out of bound!
2021-10-21 15:20:25,971:ERROR: error in AP sensor value: 6635.98 is out of bound!
2021-10-21 15:20:25,972:INFO: pump is running...
2021-10-21 15:20:26,043:INFO: State.EXEC_TASK
2021-10-21 15:20:26,045:INFO: BV     rpm     
2021-10-21 15:20:26,046:INFO: 538.51 5730.00 
2021-10-21 15:20:26,047:ERROR: error in HP sensor value: 1541.82 is out of bound!
2021-10-21 15:20:26,048:ERROR: error in AP sensor value: 6647.9 is out of bound!
2021-10-21 15:20:26,049:INFO: pump is running...
2021-10-21 15:20:26,123:INFO: State.EXEC_TASK
2021-10-21 15:20:26,124:INFO: BV     rpm     
2021-10-21 15:20:26,125:INFO: 535.81 5668.00 
2021-10-21 15:20:26,126:ERROR: error in HP sensor value: 1541.82 is out of bound!
2021-10-21 15:20:26,127:ERROR: error in AP sensor value: 6660.4 is out of bound!
2021-10-21 15:20:26,128:INFO: pump is running...
2021-10-21 15:20:26,203:INFO: State.EXEC_TASK
2021-10-21 15:20:26,204:INFO: BV     rpm     
2021-10-21 15:20:26,205:INFO: 533.19 5659.00 
2021-10-21 15:20:26,206:ERROR: error in HP sensor value: 1541.82 is out of bound!
2021-10-21 15:20:26,207:ERROR: error in AP sensor value: 6673.16 is out of bound!
2021-10-21 15:20:26,208:INFO: pump is running...
2021-10-21 15:20:26,280:INFO: State.EXEC_TASK
2021-10-21 15:20:26,281:INFO: BV     rpm     
2021-10-21 15:20:26,282:INFO: 530.67 5589.00 
2021-10-21 15:20:26,283:ERROR: error in HP sensor value: 1541.82 is out of bound!
2021-10-21 15:20:26,284:ERROR: error in AP sensor value: 6686.28 is out of bound!
2021-10-21 15:20:26,285:INFO: pump is running...
2021-10-21 15:20:26,359:INFO: State.EXEC_TASK
2021-10-21 15:20:26,360:INFO: BV     rpm     
2021-10-21 15:20:26,361:INFO: 528.33 5688.00 
2021-10-21 15:20:26,362:ERROR: error in HP sensor value: 1541.82 is out of bound!
2021-10-21 15:20:26,363:ERROR: error in AP sensor value: 6699.16 is out of bound!
2021-10-21 15:20:26,364:INFO: pump is running...
2021-10-21 15:20:26,438:INFO: State.EXEC_TASK
2021-10-21 15:20:26,440:INFO: BV     rpm     
2021-10-21 15:20:26,440:INFO: 525.59 5621.00 
2021-10-21 15:20:26,442:ERROR: error in HP sensor value: 1541.82 is out of bound!
2021-10-21 15:20:26,443:ERROR: error in AP sensor value: 6712.36 is out of bound!
2021-10-21 15:20:26,444:INFO: pump is running...
2021-10-21 15:20:26,517:INFO: State.EXEC_TASK
2021-10-21 15:20:26,518:INFO: BV     rpm     
2021-10-21 15:20:26,519:INFO: 523.04 5882.00 
2021-10-21 15:20:26,520:ERROR: error in HP sensor value: 1541.82 is out of bound!
2021-10-21 15:20:26,521:ERROR: error in AP sensor value: 6725.54 is out of bound!
2021-10-21 15:20:26,522:INFO: pump is running...
2021-10-21 15:20:26,595:INFO: State.EXEC_TASK
2021-10-21 15:20:26,597:INFO: BV     rpm     
2021-10-21 15:20:26,598:INFO: 520.56 5524.00 
2021-10-21 15:20:26,599:ERROR: error in HP sensor value: 1541.82 is out of bound!
2021-10-21 15:20:26,600:ERROR: error in AP sensor value: 6738.6 is out of bound!
2021-10-21 15:20:26,601:INFO: pump is running...
2021-10-21 15:20:26,673:INFO: State.EXEC_TASK
2021-10-21 15:20:26,675:INFO: BV     rpm     
2021-10-21 15:20:26,676:INFO: 518.12 5917.00 
2021-10-21 15:20:26,677:ERROR: error in HP sensor value: 1541.82 is out of bound!
2021-10-21 15:20:26,678:ERROR: error in AP sensor value: 6751.62 is out of bound!
2021-10-21 15:20:26,679:INFO: pump is running...
2021-10-21 15:20:26,752:INFO: State.EXEC_TASK
2021-10-21 15:20:26,753:INFO: BV     rpm     
2021-10-21 15:20:26,754:INFO: 515.69 5524.00 
2021-10-21 15:20:26,755:ERROR: error in HP sensor value: 1541.82 is out of bound!
2021-10-21 15:20:26,756:ERROR: error in AP sensor value: 6764.78 is out of bound!
2021-10-21 15:20:26,757:INFO: pump is running...
2021-10-21 15:20:26,828:INFO: State.EXEC_TASK
2021-10-21 15:20:26,830:INFO: BV     rpm     
2021-10-21 15:20:26,831:INFO: 513.08 5834.00 
2021-10-21 15:20:26,832:ERROR: error in HP sensor value: 1541.82 is out of bound!
2021-10-21 15:20:26,833:ERROR: error in AP sensor value: 6777.9 is out of bound!
2021-10-21 15:20:26,834:INFO: pump is running...
2021-10-21 15:20:26,907:INFO: State.EXEC_TASK
2021-10-21 15:20:26,908:INFO: BV     rpm     
2021-10-21 15:20:26,909:INFO: 510.52 5571.00 
2021-10-21 15:20:26,910:ERROR: error in HP sensor value: 1541.82 is out of bound!
2021-10-21 15:20:26,911:ERROR: error in AP sensor value: 6791.04 is out of bound!
2021-10-21 15:20:26,913:INFO: pump is running...
2021-10-21 15:20:26,985:INFO: State.EXEC_TASK
2021-10-21 15:20:26,986:INFO: BV     rpm     
2021-10-21 15:20:26,988:INFO: 507.93 5793.00 
2021-10-21 15:20:26,989:ERROR: error in HP sensor value: 1541.82 is out of bound!
2021-10-21 15:20:26,990:ERROR: error in AP sensor value: 6804.34 is out of bound!
2021-10-21 15:20:26,991:INFO: pump is running...
2021-10-21 15:20:26,995:INFO: Pump turned off. Starting timeOff timer.
2021-10-21 15:20:27,606:INFO: State.EXEC_TASK
2021-10-21 15:20:27,608:INFO: BT1   BT2   TT1   TT2   AT    X     Y    Z    BP1   BP2   TP1   TP2   HP      AP      PD   PC     HL EL BF SF   PF BV     rpm  State     MissionState Setpoint Error Depth 
2021-10-21 15:20:27,609:INFO: 25.11 24.58 24.52 24.62 24.48 -0.01 0.00 0.01 11.15 11.40 10.09 10.36 1496.38 6815.46 1.51 100.00 0  0  0  None 0  507.67 0.00 EXEC_TASK IDLE         30.00    30.00 0.00  
2021-10-21 15:20:27,610:ERROR: error in HP sensor value: 1496.38 is out of bound!
2021-10-21 15:20:27,611:ERROR: error in AP sensor value: 6815.46 is out of bound!
2021-10-21 15:20:27,612:INFO: waiting for timeOff to finish 0.62 of 0.5
2021-10-21 15:20:27,613:INFO: timeOff is over
2021-10-21 15:20:27,623:ERROR: unknown header: LC:54.00
2021-10-21 15:20:28,118:INFO: State.EXEC_TASK
2021-10-21 15:20:28,120:INFO: BT1   BT2   TT1   TT2   AT    X     Y     Z    BP1   BP2   TP1   TP2   HP      AP      PD   PC     HL EL BF SF   PF BV     rpm  State     MissionState Setpoint Error Depth 
2021-10-21 15:20:28,121:INFO: 25.12 24.58 24.52 24.62 24.49 -0.01 -0.00 0.01 11.15 11.40 10.09 10.36 1452.92 6823.52 1.51 100.00 0  0  0  None 0  508.23 0.00 EXEC_TASK IDLE         30.00    29.99 0.01  
2021-10-21 15:20:28,122:INFO: attemting to start a new dutycycle
2021-10-21 15:20:28,123:ERROR: error in HP sensor value: 1452.92 is out of bound!
2021-10-21 15:20:28,124:ERROR: error in AP sensor value: 6823.52 is out of bound!
2021-10-21 15:20:28,126:INFO: scalar = self.p*self.kp - self.d*self.kd + self.i*self.ki
2021-10-21 15:20:28,127:INFO: 299.925 = 29.9925*10 - 0.001233739584863526*0 + 50*0
2021-10-21 15:20:28,129:INFO: sending PID - Voltage:100    direction:1    timeOn:2.0  timeOff:0.5
2021-10-21 15:20:28,183:ERROR: unknown header: LC:55.00
2021-10-21 15:20:28,263:ERROR: unknown header: V:100.00
2021-10-21 15:20:28,266:ERROR: unknown header: D:1.00
2021-10-21 15:20:28,268:ERROR: unknown header: T:2.00
2021-10-21 15:20:28,336:INFO: State.EXEC_TASK
2021-10-21 15:20:28,338:INFO: BT1   BT2   TT1   TT2   AT    X     Y    Z    BP1   BP2   TP1   TP2   HP      AP      PD   PC     HL EL BF SF   PF BV     rpm  State     MissionState Setpoint Error Depth 
2021-10-21 15:20:28,339:INFO: 25.12 24.58 24.52 24.62 24.50 -0.01 0.00 0.01 11.15 11.40 10.09 10.36 1452.92 6828.38 1.51 100.00 0  0  0  None 0  508.63 0.00 EXEC_TASK IDLE         30.00    29.99 0.01  
2021-10-21 15:20:28,340:ERROR: error in HP sensor value: 1452.92 is out of bound!
2021-10-21 15:20:28,341:ERROR: error in AP sensor value: 6828.38 is out of bound!
2021-10-21 15:20:28,342:INFO: waiting for pump to start
2021-10-21 15:20:29,101:INFO: pump turned on
2021-10-21 15:20:29,437:INFO: State.EXEC_TASK
2021-10-21 15:20:29,439:INFO: BV     rpm     
2021-10-21 15:20:29,439:INFO: 501.10 3147.00 
2021-10-21 15:20:29,441:ERROR: error in HP sensor value: 1452.92 is out of bound!
2021-10-21 15:20:29,442:ERROR: error in AP sensor value: 6838.72 is out of bound!
2021-10-21 15:20:29,443:INFO: pump is running...
2021-10-21 15:20:29,520:INFO: State.EXEC_TASK
2021-10-21 15:20:29,521:INFO: BV     rpm     
2021-10-21 15:20:29,522:INFO: 499.65 3459.00 
2021-10-21 15:20:29,523:ERROR: error in HP sensor value: 1452.92 is out of bound!
2021-10-21 15:20:29,524:ERROR: error in AP sensor value: 6847.92 is out of bound!
2021-10-21 15:20:29,525:INFO: pump is running...
2021-10-21 15:20:29,601:INFO: State.EXEC_TASK
2021-10-21 15:20:29,603:INFO: BV     rpm     
2021-10-21 15:20:29,604:INFO: 497.87 3669.00 
2021-10-21 15:20:29,605:ERROR: error in HP sensor value: 1452.92 is out of bound!
2021-10-21 15:20:29,606:ERROR: error in AP sensor value: 6858.68 is out of bound!
2021-10-21 15:20:29,607:INFO: pump is running...
2021-10-21 15:20:29,680:INFO: State.EXEC_TASK
2021-10-21 15:20:29,682:INFO: BV     rpm     
2021-10-21 15:20:29,683:INFO: 496.03 4042.00 
2021-10-21 15:20:29,684:ERROR: error in HP sensor value: 1452.92 is out of bound!
2021-10-21 15:20:29,685:ERROR: error in AP sensor value: 6871.94 is out of bound!
2021-10-21 15:20:29,686:INFO: pump is running...
2021-10-21 15:20:29,761:INFO: State.EXEC_TASK
2021-10-21 15:20:29,762:INFO: BV     rpm     
2021-10-21 15:20:29,763:INFO: 494.18 4306.00 
2021-10-21 15:20:29,764:ERROR: error in HP sensor value: 1452.92 is out of bound!
2021-10-21 15:20:29,765:ERROR: error in AP sensor value: 6887.66 is out of bound!
2021-10-21 15:20:29,766:INFO: pump is running...
2021-10-21 15:20:29,839:INFO: State.EXEC_TASK
2021-10-21 15:20:29,841:INFO: BV     rpm     
2021-10-21 15:20:29,841:INFO: 492.01 4601.00 
2021-10-21 15:20:29,842:ERROR: error in HP sensor value: 1452.92 is out of bound!
2021-10-21 15:20:29,843:ERROR: error in AP sensor value: 6897.56 is out of bound!
2021-10-21 15:20:29,845:INFO: pump is running...
2021-10-21 15:20:29,918:INFO: State.EXEC_TASK
2021-10-21 15:20:29,919:INFO: BV     rpm     
2021-10-21 15:20:29,920:INFO: 489.92 5081.00 
2021-10-21 15:20:29,921:ERROR: error in HP sensor value: 1452.92 is out of bound!
2021-10-21 15:20:29,922:ERROR: error in AP sensor value: 6908.18 is out of bound!
2021-10-21 15:20:29,923:INFO: pump is running...
2021-10-21 15:20:29,998:INFO: State.EXEC_TASK
2021-10-21 15:20:29,999:INFO: BV     rpm     
2021-10-21 15:20:30,000:INFO: 487.76 5186.00 
2021-10-21 15:20:30,001:ERROR: error in HP sensor value: 1452.92 is out of bound!
2021-10-21 15:20:30,002:ERROR: error in AP sensor value: 6919.24 is out of bound!
2021-10-21 15:20:30,003:INFO: pump is running...
2021-10-21 15:20:30,077:INFO: State.EXEC_TASK
2021-10-21 15:20:30,078:INFO: BV     rpm     
2021-10-21 15:20:30,079:INFO: 485.23 5408.00 
2021-10-21 15:20:30,080:ERROR: error in HP sensor value: 1452.92 is out of bound!
2021-10-21 15:20:30,081:ERROR: error in AP sensor value: 6931.14 is out of bound!
2021-10-21 15:20:30,082:INFO: pump is running...
2021-10-21 15:20:30,155:INFO: State.EXEC_TASK
2021-10-21 15:20:30,156:INFO: BV     rpm     
2021-10-21 15:20:30,157:INFO: 482.76 5540.00 
2021-10-21 15:20:30,158:ERROR: error in HP sensor value: 1452.92 is out of bound!
2021-10-21 15:20:30,159:ERROR: error in AP sensor value: 6943.72 is out of bound!
2021-10-21 15:20:30,160:INFO: pump is running...
2021-10-21 15:20:30,233:INFO: State.EXEC_TASK
2021-10-21 15:20:30,234:INFO: BV     rpm     
2021-10-21 15:20:30,235:INFO: 480.28 5810.00 
2021-10-21 15:20:30,236:ERROR: error in HP sensor value: 1452.92 is out of bound!
2021-10-21 15:20:30,237:ERROR: error in AP sensor value: 6956.68 is out of bound!
2021-10-21 15:20:30,238:INFO: pump is running...
2021-10-21 15:20:30,310:INFO: State.EXEC_TASK
2021-10-21 15:20:30,311:INFO: BV     rpm     
2021-10-21 15:20:30,312:INFO: 477.94 5630.00 
2021-10-21 15:20:30,313:ERROR: error in HP sensor value: 1452.92 is out of bound!
2021-10-21 15:20:30,314:ERROR: error in AP sensor value: 6969.96 is out of bound!
2021-10-21 15:20:30,315:INFO: pump is running...
2021-10-21 15:20:30,391:INFO: State.EXEC_TASK
2021-10-21 15:20:30,392:INFO: BV     rpm     
2021-10-21 15:20:30,393:INFO: 475.46 5567.00 
2021-10-21 15:20:30,394:ERROR: error in HP sensor value: 1452.92 is out of bound!
2021-10-21 15:20:30,395:ERROR: error in AP sensor value: 6983.68 is out of bound!
2021-10-21 15:20:30,396:INFO: pump is running...
2021-10-21 15:20:30,468:INFO: State.EXEC_TASK
2021-10-21 15:20:30,469:INFO: BV     rpm     
2021-10-21 15:20:30,470:INFO: 473.00 5938.00 
2021-10-21 15:20:30,471:ERROR: error in HP sensor value: 1452.92 is out of bound!
2021-10-21 15:20:30,472:ERROR: error in AP sensor value: 6997.34 is out of bound!
2021-10-21 15:20:30,473:INFO: pump is running...
2021-10-21 15:20:30,548:INFO: State.EXEC_TASK
2021-10-21 15:20:30,550:INFO: BV     rpm     
2021-10-21 15:20:30,550:INFO: 470.63 5567.00 
2021-10-21 15:20:30,551:ERROR: error in HP sensor value: 1452.92 is out of bound!
2021-10-21 15:20:30,552:ERROR: error in AP sensor value: 7010.94 is out of bound!
2021-10-21 15:20:30,553:INFO: pump is running...
2021-10-21 15:20:30,626:INFO: State.EXEC_TASK
2021-10-21 15:20:30,627:INFO: BV     rpm     
2021-10-21 15:20:30,628:INFO: 468.15 5865.00 
2021-10-21 15:20:30,629:ERROR: error in HP sensor value: 1452.92 is out of bound!
2021-10-21 15:20:30,630:ERROR: error in AP sensor value: 7024.64 is out of bound!
2021-10-21 15:20:30,631:INFO: pump is running...
2021-10-21 15:20:30,704:INFO: State.EXEC_TASK
2021-10-21 15:20:30,705:INFO: BV     rpm     
2021-10-21 15:20:30,706:INFO: 465.90 5727.00 
2021-10-21 15:20:30,707:ERROR: error in HP sensor value: 1452.92 is out of bound!
2021-10-21 15:20:30,708:ERROR: error in AP sensor value: 7038.28 is out of bound!
2021-10-21 15:20:30,709:INFO: pump is running...
2021-10-21 15:20:30,781:INFO: State.EXEC_TASK
2021-10-21 15:20:30,783:INFO: BV     rpm     
2021-10-21 15:20:30,784:INFO: 463.33 5659.00 
2021-10-21 15:20:30,785:ERROR: error in HP sensor value: 1452.92 is out of bound!
2021-10-21 15:20:30,786:ERROR: error in AP sensor value: 7052.04 is out of bound!
2021-10-21 15:20:30,786:INFO: pump is running...
2021-10-21 15:20:30,860:INFO: State.EXEC_TASK
2021-10-21 15:20:30,861:INFO: BV     rpm     
2021-10-21 15:20:30,862:INFO: 461.00 5787.00 
2021-10-21 15:20:30,863:ERROR: error in HP sensor value: 1452.92 is out of bound!
2021-10-21 15:20:30,864:ERROR: error in AP sensor value: 7065.74 is out of bound!
2021-10-21 15:20:30,865:INFO: pump is running...
2021-10-21 15:20:30,939:INFO: State.EXEC_TASK
2021-10-21 15:20:30,940:INFO: BV     rpm     
2021-10-21 15:20:30,941:INFO: 458.56 5577.00 
2021-10-21 15:20:30,942:ERROR: error in HP sensor value: 1452.92 is out of bound!
2021-10-21 15:20:30,943:ERROR: error in AP sensor value: 7079.66 is out of bound!
2021-10-21 15:20:30,944:INFO: pump is running...
2021-10-21 15:20:31,019:INFO: State.EXEC_TASK
2021-10-21 15:20:31,020:INFO: BV     rpm     
2021-10-21 15:20:31,021:INFO: 456.23 5589.00 
2021-10-21 15:20:31,022:ERROR: error in HP sensor value: 1452.92 is out of bound!
2021-10-21 15:20:31,023:ERROR: error in AP sensor value: 7093.42 is out of bound!
2021-10-21 15:20:31,024:INFO: pump is running...
2021-10-21 15:20:31,096:INFO: State.EXEC_TASK
2021-10-21 15:20:31,098:INFO: BV     rpm     
2021-10-21 15:20:31,099:INFO: 453.89 5783.00 
2021-10-21 15:20:31,099:ERROR: error in HP sensor value: 1452.92 is out of bound!
2021-10-21 15:20:31,100:ERROR: error in AP sensor value: 7107.34 is out of bound!
2021-10-21 15:20:31,101:INFO: pump is running...
2021-10-21 15:20:31,105:INFO: Pump turned off. Starting timeOff timer.
2021-10-21 15:20:31,716:INFO: State.EXEC_TASK
2021-10-21 15:20:31,717:INFO: BT1   BT2   TT1   TT2   AT    X     Y    Z    BP1   BP2   TP1   TP2   HP      AP      PD   PC     HL EL BF SF   PF BV     rpm  State     MissionState Setpoint Error Depth 
2021-10-21 15:20:31,718:INFO: 25.12 24.58 24.52 24.62 24.65 -0.01 0.00 0.01 11.15 11.40 10.09 10.36 1389.50 7119.04 1.51 100.00 0  0  0  None 0  453.39 0.00 EXEC_TASK IDLE         30.00    29.99 0.01  
2021-10-21 15:20:31,719:ERROR: error in HP sensor value: 1389.5 is out of bound!
2021-10-21 15:20:31,720:ERROR: error in AP sensor value: 7119.04 is out of bound!
2021-10-21 15:20:31,721:INFO: waiting for timeOff to finish 0.62 of 0.5
2021-10-21 15:20:31,722:INFO: timeOff is over
2021-10-21 15:20:31,768:ERROR: unknown header: LC:56.00
2021-10-21 15:20:32,268:INFO: State.EXEC_TASK
2021-10-21 15:20:32,269:INFO: BT1   BT2   TT1   TT2   AT    X     Y    Z    BP1   BP2   TP1   TP2   HP      AP      PD   PC     HL EL BF SF   PF BV     rpm  State     MissionState Setpoint Error Depth 
2021-10-21 15:20:32,270:INFO: 25.11 24.58 24.52 24.62 24.67 -0.02 0.00 0.00 11.16 11.40 10.09 10.36 1327.86 7126.56 1.51 100.00 0  0  0  None 0  454.88 0.00 EXEC_TASK IDLE         30.00    29.99 0.01  
2021-10-21 15:20:32,271:INFO: attemting to start a new dutycycle
2021-10-21 15:20:32,272:ERROR: error in HP sensor value: 1327.86 is out of bound!
2021-10-21 15:20:32,273:ERROR: error in AP sensor value: 7126.56 is out of bound!
2021-10-21 15:20:32,275:INFO: scalar = self.p*self.kp - self.d*self.kd + self.i*self.ki
2021-10-21 15:20:32,275:INFO: 299.9 = 29.99*10 - 0.0006026786535373302*0 + 50*0
2021-10-21 15:20:32,276:INFO: sending PID - Voltage:100    direction:1    timeOn:2.0  timeOff:0.5
2021-10-21 15:20:32,288:ERROR: unknown header: LC:57.00
2021-10-21 15:20:32,363:ERROR: unknown header: V:100.00
2021-10-21 15:20:32,365:ERROR: unknown header: D:1.00
2021-10-21 15:20:32,367:ERROR: unknown header: T:2.00
2021-10-21 15:20:32,437:INFO: State.EXEC_TASK
2021-10-21 15:20:32,438:INFO: BT1   BT2   TT1   TT2   AT    X     Y    Z     BP1   BP2   TP1   TP2   HP      AP      PD   PC     HL EL BF SF   PF BV     rpm  State     MissionState Setpoint Error Depth 
2021-10-21 15:20:32,439:INFO: 25.11 24.58 24.52 24.62 24.69 -0.01 0.00 -0.01 11.16 11.40 10.09 10.36 1327.86 7130.72 1.51 100.00 0  0  0  None 0  455.37 0.00 EXEC_TASK IDLE         30.00    29.99 0.01  
2021-10-21 15:20:32,440:ERROR: error in HP sensor value: 1327.86 is out of bound!
2021-10-21 15:20:32,441:ERROR: error in AP sensor value: 7130.72 is out of bound!
2021-10-21 15:20:32,442:INFO: waiting for pump to start
2021-10-21 15:20:33,196:INFO: pump turned on
2021-10-21 15:20:33,534:INFO: State.EXEC_TASK
2021-10-21 15:20:33,535:INFO: BV     rpm     
2021-10-21 15:20:33,536:INFO: 449.91 3156.00 
2021-10-21 15:20:33,537:ERROR: error in HP sensor value: 1327.86 is out of bound!
2021-10-21 15:20:33,538:ERROR: error in AP sensor value: 7138.86 is out of bound!
2021-10-21 15:20:33,539:INFO: pump is running...
2021-10-21 15:20:33,611:INFO: State.EXEC_TASK
2021-10-21 15:20:33,612:INFO: BV     rpm     
2021-10-21 15:20:33,613:INFO: 448.50 3586.00 
2021-10-21 15:20:33,614:ERROR: error in HP sensor value: 1327.86 is out of bound!
2021-10-21 15:20:33,615:ERROR: error in AP sensor value: 7145.9 is out of bound!
2021-10-21 15:20:33,616:INFO: pump is running...
2021-10-21 15:20:33,696:INFO: State.EXEC_TASK
2021-10-21 15:20:33,697:INFO: BV     rpm     
2021-10-21 15:20:33,699:INFO: 446.81 3616.00 
2021-10-21 15:20:33,700:ERROR: error in HP sensor value: 1327.86 is out of bound!
2021-10-21 15:20:33,701:ERROR: error in AP sensor value: 7154.26 is out of bound!
2021-10-21 15:20:33,702:INFO: pump is running...
2021-10-21 15:20:33,777:INFO: State.EXEC_TASK
2021-10-21 15:20:33,778:INFO: BV     rpm     
2021-10-21 15:20:33,779:INFO: 444.92 3972.00 
2021-10-21 15:20:33,780:ERROR: error in HP sensor value: 1327.86 is out of bound!
2021-10-21 15:20:33,781:ERROR: error in AP sensor value: 7166.36 is out of bound!
2021-10-21 15:20:33,782:INFO: pump is running...
2021-10-21 15:20:33,857:INFO: State.EXEC_TASK
2021-10-21 15:20:33,858:INFO: BV     rpm     
2021-10-21 15:20:33,859:INFO: 443.11 4291.00 
2021-10-21 15:20:33,860:ERROR: error in HP sensor value: 1327.86 is out of bound!
2021-10-21 15:20:33,861:ERROR: error in AP sensor value: 7181.06 is out of bound!
2021-10-21 15:20:33,862:INFO: pump is running...
2021-10-21 15:20:33,936:INFO: State.EXEC_TASK
2021-10-21 15:20:33,937:INFO: BV     rpm     
2021-10-21 15:20:33,938:INFO: 441.32 4490.00 
2021-10-21 15:20:33,939:ERROR: error in HP sensor value: 1327.86 is out of bound!
2021-10-21 15:20:33,940:ERROR: error in AP sensor value: 7191.26 is out of bound!
2021-10-21 15:20:33,941:INFO: pump is running...
2021-10-21 15:20:34,015:INFO: State.EXEC_TASK
2021-10-21 15:20:34,017:INFO: BV     rpm     
2021-10-21 15:20:34,017:INFO: 439.15 4899.00 
2021-10-21 15:20:34,018:ERROR: error in HP sensor value: 1327.86 is out of bound!
2021-10-21 15:20:34,019:ERROR: error in AP sensor value: 7202.38 is out of bound!
2021-10-21 15:20:34,020:INFO: pump is running...
2021-10-21 15:20:34,095:INFO: State.EXEC_TASK
2021-10-21 15:20:34,097:INFO: BV     rpm     
2021-10-21 15:20:34,098:INFO: 437.08 5159.00 
2021-10-21 15:20:34,098:ERROR: error in HP sensor value: 1327.86 is out of bound!
2021-10-21 15:20:34,099:ERROR: error in AP sensor value: 7214.02 is out of bound!
2021-10-21 15:20:34,100:INFO: pump is running...
2021-10-21 15:20:34,173:INFO: State.EXEC_TASK
2021-10-21 15:20:34,174:INFO: BV     rpm     
2021-10-21 15:20:34,175:INFO: 434.83 5344.00 
2021-10-21 15:20:34,176:ERROR: error in HP sensor value: 1327.86 is out of bound!
2021-10-21 15:20:34,177:ERROR: error in AP sensor value: 7226.08 is out of bound!
2021-10-21 15:20:34,178:INFO: pump is running...
2021-10-21 15:20:34,255:INFO: State.EXEC_TASK
2021-10-21 15:20:34,256:INFO: BV     rpm     
2021-10-21 15:20:34,257:INFO: 432.34 5530.00 
2021-10-21 15:20:34,258:ERROR: error in HP sensor value: 1327.86 is out of bound!
2021-10-21 15:20:34,259:ERROR: error in AP sensor value: 7239.04 is out of bound!
2021-10-21 15:20:34,260:INFO: pump is running...
2021-10-21 15:20:34,332:INFO: State.EXEC_TASK
2021-10-21 15:20:34,334:INFO: BV     rpm     
2021-10-21 15:20:34,335:INFO: 430.11 5678.00 
2021-10-21 15:20:34,336:ERROR: error in HP sensor value: 1327.86 is out of bound!
2021-10-21 15:20:34,336:ERROR: error in AP sensor value: 7252.52 is out of bound!
2021-10-21 15:20:34,337:INFO: pump is running...
2021-10-21 15:20:34,411:INFO: State.EXEC_TASK
2021-10-21 15:20:34,412:INFO: BV     rpm     
2021-10-21 15:20:34,413:INFO: 427.66 5656.00 
2021-10-21 15:20:34,414:ERROR: error in HP sensor value: 1327.86 is out of bound!
2021-10-21 15:20:34,415:ERROR: error in AP sensor value: 7266.48 is out of bound!
2021-10-21 15:20:34,416:INFO: pump is running...
2021-10-21 15:20:34,491:INFO: State.EXEC_TASK
2021-10-21 15:20:34,492:INFO: BV     rpm     
2021-10-21 15:20:34,493:INFO: 425.42 5614.00 
2021-10-21 15:20:34,494:ERROR: error in HP sensor value: 1327.86 is out of bound!
2021-10-21 15:20:34,495:ERROR: error in AP sensor value: 7280.7 is out of bound!
2021-10-21 15:20:34,497:INFO: pump is running...
2021-10-21 15:20:34,570:INFO: State.EXEC_TASK
2021-10-21 15:20:34,572:INFO: BV     rpm     
2021-10-21 15:20:34,573:INFO: 423.13 5543.00 
2021-10-21 15:20:34,574:ERROR: error in HP sensor value: 1327.86 is out of bound!
2021-10-21 15:20:34,575:ERROR: error in AP sensor value: 7295.02 is out of bound!
2021-10-21 15:20:34,576:INFO: pump is running...
2021-10-21 15:20:34,648:INFO: State.EXEC_TASK
2021-10-21 15:20:34,649:INFO: BV     rpm     
2021-10-21 15:20:34,650:INFO: 420.83 5830.00 
2021-10-21 15:20:34,651:ERROR: error in HP sensor value: 1327.86 is out of bound!
2021-10-21 15:20:34,652:ERROR: error in AP sensor value: 7309.16 is out of bound!
2021-10-21 15:20:34,653:INFO: pump is running...
2021-10-21 15:20:34,726:INFO: State.EXEC_TASK
2021-10-21 15:20:34,727:INFO: BV     rpm     
2021-10-21 15:20:34,727:INFO: 418.53 5599.00 
2021-10-21 15:20:34,728:ERROR: error in HP sensor value: 1327.86 is out of bound!
2021-10-21 15:20:34,729:ERROR: error in AP sensor value: 7323.52 is out of bound!
2021-10-21 15:20:34,730:INFO: pump is running...
2021-10-21 15:20:34,804:INFO: State.EXEC_TASK
2021-10-21 15:20:34,805:INFO: BV     rpm     
2021-10-21 15:20:34,806:INFO: 416.14 5787.00 
2021-10-21 15:20:34,807:ERROR: error in HP sensor value: 1327.86 is out of bound!
2021-10-21 15:20:34,808:ERROR: error in AP sensor value: 7337.82 is out of bound!
2021-10-21 15:20:34,808:INFO: pump is running...
2021-10-21 15:20:34,881:INFO: State.EXEC_TASK
2021-10-21 15:20:34,882:INFO: BV     rpm     
2021-10-21 15:20:34,883:INFO: 413.96 5810.00 
2021-10-21 15:20:34,884:ERROR: error in HP sensor value: 1327.86 is out of bound!
2021-10-21 15:20:34,885:ERROR: error in AP sensor value: 7352.06 is out of bound!
2021-10-21 15:20:34,885:INFO: pump is running...
2021-10-21 15:20:34,959:INFO: State.EXEC_TASK
2021-10-21 15:20:34,960:INFO: BV     rpm     
2021-10-21 15:20:34,961:INFO: 411.70 5599.00 
2021-10-21 15:20:34,962:ERROR: error in HP sensor value: 1327.86 is out of bound!
2021-10-21 15:20:34,963:ERROR: error in AP sensor value: 7366.36 is out of bound!
2021-10-21 15:20:34,964:INFO: pump is running...
2021-10-21 15:20:35,040:INFO: State.EXEC_TASK
2021-10-21 15:20:35,041:INFO: BV     rpm     
2021-10-21 15:20:35,042:INFO: 409.30 5564.00 
2021-10-21 15:20:35,043:ERROR: error in HP sensor value: 1327.86 is out of bound!
2021-10-21 15:20:35,044:ERROR: error in AP sensor value: 7380.8 is out of bound!
2021-10-21 15:20:35,046:INFO: pump is running...
2021-10-21 15:20:35,120:INFO: State.EXEC_TASK
2021-10-21 15:20:35,122:INFO: BV     rpm     
2021-10-21 15:20:35,122:INFO: 406.78 5602.00 
2021-10-21 15:20:35,124:ERROR: error in HP sensor value: 1327.86 is out of bound!
2021-10-21 15:20:35,125:ERROR: error in AP sensor value: 7395.58 is out of bound!
2021-10-21 15:20:35,126:INFO: pump is running...
2021-10-21 15:20:35,196:INFO: State.EXEC_TASK
2021-10-21 15:20:35,198:INFO: BV     rpm     
2021-10-21 15:20:35,199:INFO: 405.07 5760.00 
2021-10-21 15:20:35,200:ERROR: error in HP sensor value: 1327.86 is out of bound!
2021-10-21 15:20:35,201:ERROR: error in AP sensor value: 7409.56 is out of bound!
2021-10-21 15:20:35,202:INFO: pump is running...
2021-10-21 15:20:35,207:INFO: Pump turned off. Starting timeOff timer.
2021-10-21 15:20:35,816:INFO: State.EXEC_TASK
2021-10-21 15:20:35,818:INFO: BT1   BT2   TT1   TT2   AT    X     Y    Z     BP1   BP2   TP1   TP2   HP      AP      PD   PC     HL EL BF SF   PF BV     rpm  State     MissionState Setpoint Error Depth 
2021-10-21 15:20:35,819:INFO: 25.11 24.58 24.53 24.61 24.98 -0.01 0.00 -0.01 11.16 11.41 10.09 10.37 1252.94 7420.74 1.51 100.00 0  0  0  None 0  405.46 0.00 EXEC_TASK IDLE         30.00    29.99 0.01  
2021-10-21 15:20:35,821:ERROR: error in HP sensor value: 1252.94 is out of bound!
2021-10-21 15:20:35,822:ERROR: error in AP sensor value: 7420.74 is out of bound!
2021-10-21 15:20:35,823:INFO: waiting for timeOff to finish 0.62 of 0.5
2021-10-21 15:20:35,824:INFO: timeOff is over
2021-10-21 15:20:35,838:ERROR: unknown header: LC:58.00
2021-10-21 15:20:36,335:INFO: State.EXEC_TASK
2021-10-21 15:20:36,336:INFO: BT1   BT2   TT1   TT2   AT    X     Y    Z     BP1   BP2   TP1   TP2   HP      AP      PD   PC     HL EL BF SF   PF BV     rpm  State     MissionState Setpoint Error Depth 
2021-10-21 15:20:36,337:INFO: 25.12 24.58 24.52 24.61 25.02 -0.01 0.01 -0.01 11.16 11.41 10.10 10.37 1223.94 7426.86 1.50 100.00 0  0  0  None 0  407.50 0.00 EXEC_TASK IDLE         30.00    29.98 0.01  
2021-10-21 15:20:36,338:INFO: attemting to start a new dutycycle
2021-10-21 15:20:36,339:ERROR: error in HP sensor value: 1223.94 is out of bound!
2021-10-21 15:20:36,340:ERROR: error in AP sensor value: 7426.86 is out of bound!
2021-10-21 15:20:36,342:INFO: scalar = self.p*self.kp - self.d*self.kd + self.i*self.ki
2021-10-21 15:20:36,343:INFO: 299.82500000000005 = 29.9825*10 - 0.0018440633962440163*0 + 50*0
2021-10-21 15:20:36,344:INFO: sending PID - Voltage:100    direction:1    timeOn:2.0  timeOff:0.5
2021-10-21 15:20:36,387:ERROR: unknown header: LC:59.00
2021-10-21 15:20:36,468:ERROR: unknown header: V:100.00
2021-10-21 15:20:36,470:ERROR: unknown header: D:1.00
2021-10-21 15:20:36,473:ERROR: unknown header: T:2.00
2021-10-21 15:20:36,540:INFO: State.EXEC_TASK
2021-10-21 15:20:36,542:INFO: BT1   BT2   TT1   TT2   AT    X     Y    Z     BP1   BP2   TP1   TP2   HP      AP      PD   PC     HL EL BF SF   PF BV     rpm  State     MissionState Setpoint Error Depth 
2021-10-21 15:20:36,543:INFO: 25.12 24.58 24.52 24.61 25.06 -0.00 0.01 -0.01 11.16 11.41 10.10 10.37 1223.94 7429.22 1.50 100.00 0  0  0  None 0  408.26 0.00 EXEC_TASK IDLE         30.00    29.98 0.02  
2021-10-21 15:20:36,544:ERROR: error in HP sensor value: 1223.94 is out of bound!
2021-10-21 15:20:36,545:ERROR: error in AP sensor value: 7429.22 is out of bound!
2021-10-21 15:20:36,546:INFO: waiting for pump to start
2021-10-21 15:20:37,300:INFO: pump turned on
2021-10-21 15:20:37,634:INFO: State.EXEC_TASK
2021-10-21 15:20:37,635:INFO: BV     rpm     
2021-10-21 15:20:37,636:INFO: 404.93 3081.00 
2021-10-21 15:20:37,637:ERROR: error in HP sensor value: 1223.94 is out of bound!
2021-10-21 15:20:37,638:ERROR: error in AP sensor value: 7433.24 is out of bound!
2021-10-21 15:20:37,639:INFO: pump is running...
2021-10-21 15:20:37,717:INFO: State.EXEC_TASK
2021-10-21 15:20:37,719:INFO: BV     rpm     
2021-10-21 15:20:37,720:INFO: 403.59 3377.00 
2021-10-21 15:20:37,721:ERROR: error in HP sensor value: 1223.94 is out of bound!
2021-10-21 15:20:37,722:ERROR: error in AP sensor value: 7436.84 is out of bound!
2021-10-21 15:20:37,723:INFO: pump is running...
2021-10-21 15:20:37,800:INFO: State.EXEC_TASK
2021-10-21 15:20:37,801:INFO: BV     rpm     
2021-10-21 15:20:37,802:INFO: 402.07 3489.00 
2021-10-21 15:20:37,803:ERROR: error in HP sensor value: 1223.94 is out of bound!
2021-10-21 15:20:37,804:ERROR: error in AP sensor value: 7442.46 is out of bound!
2021-10-21 15:20:37,805:INFO: pump is running...
2021-10-21 15:20:37,879:INFO: State.EXEC_TASK
2021-10-21 15:20:37,880:INFO: BV     rpm     
2021-10-21 15:20:37,881:INFO: 400.51 3903.00 
2021-10-21 15:20:37,882:ERROR: error in HP sensor value: 1223.94 is out of bound!
2021-10-21 15:20:37,884:ERROR: error in AP sensor value: 7452.32 is out of bound!
2021-10-21 15:20:37,884:INFO: pump is running...
2021-10-21 15:20:37,958:INFO: State.EXEC_TASK
2021-10-21 15:20:37,959:INFO: BV     rpm     
2021-10-21 15:20:37,960:INFO: 398.68 4175.00 
2021-10-21 15:20:37,962:ERROR: error in HP sensor value: 1223.94 is out of bound!
2021-10-21 15:20:37,963:ERROR: error in AP sensor value: 7465.32 is out of bound!
2021-10-21 15:20:37,965:INFO: pump is running...
2021-10-21 15:20:38,038:INFO: State.EXEC_TASK
2021-10-21 15:20:38,040:INFO: BV     rpm     
2021-10-21 15:20:38,041:INFO: 396.90 4428.00 
2021-10-21 15:20:38,042:ERROR: error in HP sensor value: 1223.94 is out of bound!
2021-10-21 15:20:38,043:ERROR: error in AP sensor value: 7475.78 is out of bound!
2021-10-21 15:20:38,045:INFO: pump is running...
2021-10-21 15:20:38,118:INFO: State.EXEC_TASK
2021-10-21 15:20:38,119:INFO: BV     rpm     
2021-10-21 15:20:38,120:INFO: 394.93 4950.00 
2021-10-21 15:20:38,121:ERROR: error in HP sensor value: 1223.94 is out of bound!
2021-10-21 15:20:38,122:ERROR: error in AP sensor value: 7487.04 is out of bound!
2021-10-21 15:20:38,123:INFO: pump is running...
2021-10-21 15:20:38,196:INFO: State.EXEC_TASK
2021-10-21 15:20:38,197:INFO: BV     rpm     
2021-10-21 15:20:38,198:INFO: 392.93 5037.00 
2021-10-21 15:20:38,199:ERROR: error in HP sensor value: 1223.94 is out of bound!
2021-10-21 15:20:38,200:ERROR: error in AP sensor value: 7498.94 is out of bound!
2021-10-21 15:20:38,202:INFO: pump is running...
2021-10-21 15:20:38,276:INFO: State.EXEC_TASK
2021-10-21 15:20:38,277:INFO: BV     rpm     
2021-10-21 15:20:38,279:INFO: 390.63 5305.00 
2021-10-21 15:20:38,280:ERROR: error in HP sensor value: 1223.94 is out of bound!
2021-10-21 15:20:38,281:ERROR: error in AP sensor value: 7511.82 is out of bound!
2021-10-21 15:20:38,282:INFO: pump is running...
2021-10-21 15:20:38,354:INFO: State.EXEC_TASK
2021-10-21 15:20:38,355:INFO: BV     rpm     
2021-10-21 15:20:38,356:INFO: 388.18 5614.00 
2021-10-21 15:20:38,356:ERROR: error in HP sensor value: 1223.94 is out of bound!
2021-10-21 15:20:38,357:ERROR: error in AP sensor value: 7525.54 is out of bound!
2021-10-21 15:20:38,358:INFO: pump is running...
2021-10-21 15:20:38,435:INFO: State.EXEC_TASK
2021-10-21 15:20:38,436:INFO: BV     rpm     
2021-10-21 15:20:38,438:INFO: 386.12 5567.00 
2021-10-21 15:20:38,440:ERROR: error in HP sensor value: 1223.94 is out of bound!
2021-10-21 15:20:38,441:ERROR: error in AP sensor value: 7539.62 is out of bound!
2021-10-21 15:20:38,442:INFO: pump is running...
2021-10-21 15:20:38,512:INFO: State.EXEC_TASK
2021-10-21 15:20:38,513:INFO: BV     rpm     
2021-10-21 15:20:38,515:INFO: 384.01 5583.00 
2021-10-21 15:20:38,515:ERROR: error in HP sensor value: 1223.94 is out of bound!
2021-10-21 15:20:38,516:ERROR: error in AP sensor value: 7553.92 is out of bound!
2021-10-21 15:20:38,517:INFO: pump is running...
2021-10-21 15:20:38,590:INFO: State.EXEC_TASK
2021-10-21 15:20:38,591:INFO: BV     rpm     
2021-10-21 15:20:38,593:INFO: 381.70 5793.00 
2021-10-21 15:20:38,594:ERROR: error in HP sensor value: 1223.94 is out of bound!
2021-10-21 15:20:38,595:ERROR: error in AP sensor value: 7568.68 is out of bound!
2021-10-21 15:20:38,596:INFO: pump is running...
2021-10-21 15:20:38,670:INFO: State.EXEC_TASK
2021-10-21 15:20:38,671:INFO: BV     rpm     
2021-10-21 15:20:38,672:INFO: 379.20 5652.00 
2021-10-21 15:20:38,674:ERROR: error in HP sensor value: 1223.94 is out of bound!
2021-10-21 15:20:38,675:ERROR: error in AP sensor value: 7583.72 is out of bound!
2021-10-21 15:20:38,676:INFO: pump is running...
2021-10-21 15:20:38,748:INFO: State.EXEC_TASK
2021-10-21 15:20:38,750:INFO: BV     rpm     
2021-10-21 15:20:38,751:INFO: 377.26 5656.00 
2021-10-21 15:20:38,752:ERROR: error in HP sensor value: 1223.94 is out of bound!
2021-10-21 15:20:38,754:ERROR: error in AP sensor value: 7598.2 is out of bound!
2021-10-21 15:20:38,755:INFO: pump is running...
2021-10-21 15:20:38,828:INFO: State.EXEC_TASK
2021-10-21 15:20:38,829:INFO: BV     rpm     
2021-10-21 15:20:38,831:INFO: 374.63 5656.00 
2021-10-21 15:20:38,832:ERROR: error in HP sensor value: 1223.94 is out of bound!
2021-10-21 15:20:38,833:ERROR: error in AP sensor value: 7613.48 is out of bound!
2021-10-21 15:20:38,834:INFO: pump is running...
2021-10-21 15:20:38,903:INFO: State.EXEC_TASK
2021-10-21 15:20:38,905:INFO: BV     rpm     
2021-10-21 15:20:38,906:INFO: 372.25 5605.00 
2021-10-21 15:20:38,907:ERROR: error in HP sensor value: 1223.94 is out of bound!
2021-10-21 15:20:38,908:ERROR: error in AP sensor value: 7629.18 is out of bound!
2021-10-21 15:20:38,909:INFO: pump is running...
2021-10-21 15:20:38,984:INFO: State.EXEC_TASK
2021-10-21 15:20:38,985:INFO: BV     rpm     
2021-10-21 15:20:38,986:INFO: 369.79 5633.00 
2021-10-21 15:20:38,987:ERROR: error in HP sensor value: 1223.94 is out of bound!
2021-10-21 15:20:38,988:ERROR: error in AP sensor value: 7645.1 is out of bound!
2021-10-21 15:20:38,989:INFO: pump is running...
2021-10-21 15:20:39,063:INFO: State.EXEC_TASK
2021-10-21 15:20:39,064:INFO: BV     rpm     
2021-10-21 15:20:39,065:INFO: 367.58 5589.00 
2021-10-21 15:20:39,066:ERROR: error in HP sensor value: 1223.94 is out of bound!
2021-10-21 15:20:39,067:ERROR: error in AP sensor value: 7660.74 is out of bound!
2021-10-21 15:20:39,068:INFO: pump is running...
2021-10-21 15:20:39,142:INFO: State.EXEC_TASK
2021-10-21 15:20:39,143:INFO: BV     rpm     
2021-10-21 15:20:39,144:INFO: 365.36 5599.00 
2021-10-21 15:20:39,145:ERROR: error in HP sensor value: 1223.94 is out of bound!
2021-10-21 15:20:39,146:ERROR: error in AP sensor value: 7676.72 is out of bound!
2021-10-21 15:20:39,146:INFO: pump is running...
2021-10-21 15:20:39,218:INFO: State.EXEC_TASK
2021-10-21 15:20:39,220:INFO: BV     rpm     
2021-10-21 15:20:39,220:INFO: 363.01 5567.00 
2021-10-21 15:20:39,221:ERROR: error in HP sensor value: 1223.94 is out of bound!
2021-10-21 15:20:39,222:ERROR: error in AP sensor value: 7692.44 is out of bound!
2021-10-21 15:20:39,223:INFO: pump is running...
2021-10-21 15:20:39,299:INFO: State.EXEC_TASK
2021-10-21 15:20:39,301:INFO: BV     rpm     
2021-10-21 15:20:39,301:INFO: 360.76 5714.00 
2021-10-21 15:20:39,302:ERROR: error in HP sensor value: 1223.94 is out of bound!
2021-10-21 15:20:39,303:ERROR: error in AP sensor value: 7708.0 is out of bound!
2021-10-21 15:20:39,304:INFO: pump is running...
2021-10-21 15:20:39,308:INFO: Pump turned off. Starting timeOff timer.
2021-10-21 15:20:39,920:INFO: State.EXEC_TASK
2021-10-21 15:20:39,921:INFO: BT1   BT2   TT1   TT2   AT    X     Y    Z     BP1   BP2   TP1   TP2   HP      AP      PD   PC     HL EL BF SF   PF BV     rpm  State     MissionState Setpoint Error Depth 
2021-10-21 15:20:39,923:INFO: 25.12 24.58 24.52 24.60 25.49 -0.00 0.01 -0.01 11.17 11.41 10.10 10.37 1192.12 7719.90 1.50 100.00 0  0  0  None 0  361.21 0.00 EXEC_TASK IDLE         30.00    29.98 0.02  
2021-10-21 15:20:39,924:ERROR: error in HP sensor value: 1192.12 is out of bound!
2021-10-21 15:20:39,924:ERROR: error in AP sensor value: 7719.9 is out of bound!
2021-10-21 15:20:39,925:INFO: waiting for timeOff to finish 0.62 of 0.5
2021-10-21 15:20:39,926:INFO: timeOff is over
2021-10-21 15:20:39,967:ERROR: unknown header: LC:60.00
2021-10-21 15:20:40,467:INFO: State.EXEC_TASK
2021-10-21 15:20:40,468:INFO: BT1   BT2   TT1   TT2   AT    X    Y     Z     BP1   BP2   TP1   TP2   HP      AP      PD   PC     HL EL BF SF   PF BV     rpm  State     MissionState Setpoint Error Depth 
2021-10-21 15:20:40,469:INFO: 25.13 24.58 24.52 24.60 25.51 0.00 -0.00 -0.01 11.17 11.41 10.10 10.37 1180.30 7726.16 1.49 100.00 0  0  0  None 0  363.29 0.00 EXEC_TASK IDLE         30.00    29.98 0.02  
2021-10-21 15:20:40,470:INFO: attemting to start a new dutycycle
2021-10-21 15:20:40,471:ERROR: error in HP sensor value: 1180.3 is out of bound!
2021-10-21 15:20:40,472:ERROR: error in AP sensor value: 7726.16 is out of bound!
2021-10-21 15:20:40,474:INFO: scalar = self.p*self.kp - self.d*self.kd + self.i*self.ki
2021-10-21 15:20:40,475:INFO: 299.8 = 29.98*10 - 0.0006050333627051095*0 + 50*0
2021-10-21 15:20:40,476:INFO: sending PID - Voltage:100    direction:1    timeOn:2.0  timeOff:0.5
2021-10-21 15:20:40,534:ERROR: unknown header: LC:61.00
2021-10-21 15:20:40,617:ERROR: unknown header: V:100.00
2021-10-21 15:20:40,619:ERROR: unknown header: D:1.00
2021-10-21 15:20:40,621:ERROR: unknown header: T:2.00
2021-10-21 15:20:40,689:INFO: State.EXEC_TASK
2021-10-21 15:20:40,691:INFO: BT1   BT2   TT1   TT2   AT    X    Y     Z     BP1   BP2   TP1   TP2   HP      AP      PD   PC     HL EL BF SF   PF BV     rpm  State     MissionState Setpoint Error Depth 
2021-10-21 15:20:40,692:INFO: 25.13 24.58 24.52 24.60 25.53 0.00 -0.01 -0.01 11.17 11.41 10.10 10.37 1180.30 7728.20 1.49 100.00 0  0  0  None 0  364.27 0.00 EXEC_TASK IDLE         30.00    29.98 0.02  
2021-10-21 15:20:40,693:ERROR: error in HP sensor value: 1180.3 is out of bound!
2021-10-21 15:20:40,694:ERROR: error in AP sensor value: 7728.2 is out of bound!
2021-10-21 15:20:40,695:INFO: waiting for pump to start
2021-10-21 15:20:41,449:INFO: pump turned on
2021-10-21 15:20:41,787:INFO: State.EXEC_TASK
2021-10-21 15:20:41,788:INFO: BV     rpm     
2021-10-21 15:20:41,789:INFO: 361.46 3158.00 
2021-10-21 15:20:41,790:ERROR: error in HP sensor value: 1180.3 is out of bound!
2021-10-21 15:20:41,790:ERROR: error in AP sensor value: 7731.44 is out of bound!
2021-10-21 15:20:41,791:INFO: pump is running...
2021-10-21 15:20:41,869:INFO: State.EXEC_TASK
2021-10-21 15:20:41,870:INFO: BV     rpm     
2021-10-21 15:20:41,871:INFO: 360.14 3221.00 
2021-10-21 15:20:41,872:ERROR: error in HP sensor value: 1180.3 is out of bound!
2021-10-21 15:20:41,873:ERROR: error in AP sensor value: 7733.52 is out of bound!
2021-10-21 15:20:41,874:INFO: pump is running...
2021-10-21 15:20:41,948:INFO: State.EXEC_TASK
2021-10-21 15:20:41,950:INFO: BV     rpm     
2021-10-21 15:20:41,950:INFO: 358.63 3607.00 
2021-10-21 15:20:41,951:ERROR: error in HP sensor value: 1180.3 is out of bound!
2021-10-21 15:20:41,952:ERROR: error in AP sensor value: 7738.08 is out of bound!
2021-10-21 15:20:41,953:INFO: pump is running...
2021-10-21 15:20:42,029:INFO: State.EXEC_TASK
2021-10-21 15:20:42,030:INFO: BV     rpm     
2021-10-21 15:20:42,031:INFO: 357.17 3913.00 
2021-10-21 15:20:42,032:ERROR: error in HP sensor value: 1180.3 is out of bound!
2021-10-21 15:20:42,033:ERROR: error in AP sensor value: 7747.36 is out of bound!
2021-10-21 15:20:42,034:INFO: pump is running...
2021-10-21 15:20:42,111:INFO: State.EXEC_TASK
2021-10-21 15:20:42,112:INFO: BV     rpm     
2021-10-21 15:20:42,113:INFO: 355.17 4201.00 
2021-10-21 15:20:42,114:ERROR: error in HP sensor value: 1180.3 is out of bound!
2021-10-21 15:20:42,115:ERROR: error in AP sensor value: 7760.62 is out of bound!
2021-10-21 15:20:42,116:INFO: pump is running...
2021-10-21 15:20:42,188:INFO: State.EXEC_TASK
2021-10-21 15:20:42,190:INFO: BV     rpm     
2021-10-21 15:20:42,190:INFO: 353.48 4363.00 
2021-10-21 15:20:42,191:ERROR: error in HP sensor value: 1180.3 is out of bound!
2021-10-21 15:20:42,193:ERROR: error in AP sensor value: 7771.78 is out of bound!
2021-10-21 15:20:42,194:INFO: pump is running...
2021-10-21 15:20:42,269:INFO: State.EXEC_TASK
2021-10-21 15:20:42,270:INFO: BV     rpm     
2021-10-21 15:20:42,271:INFO: 351.45 4870.00 
2021-10-21 15:20:42,272:ERROR: error in HP sensor value: 1180.3 is out of bound!
2021-10-21 15:20:42,273:ERROR: error in AP sensor value: 7783.86 is out of bound!
2021-10-21 15:20:42,274:INFO: pump is running...
2021-10-21 15:20:42,347:INFO: State.EXEC_TASK
2021-10-21 15:20:42,348:INFO: BV     rpm     
2021-10-21 15:20:42,349:INFO: 349.48 5042.00 
2021-10-21 15:20:42,350:ERROR: error in HP sensor value: 1180.3 is out of bound!
2021-10-21 15:20:42,351:ERROR: error in AP sensor value: 7796.66 is out of bound!
2021-10-21 15:20:42,352:INFO: pump is running...
2021-10-21 15:20:42,426:INFO: State.EXEC_TASK
2021-10-21 15:20:42,427:INFO: BV     rpm     
2021-10-21 15:20:42,428:INFO: 347.22 5213.00 
2021-10-21 15:20:42,429:ERROR: error in HP sensor value: 1180.3 is out of bound!
2021-10-21 15:20:42,430:ERROR: error in AP sensor value: 7810.56 is out of bound!
2021-10-21 15:20:42,431:INFO: pump is running...
2021-10-21 15:20:42,503:INFO: State.EXEC_TASK
2021-10-21 15:20:42,505:INFO: BV     rpm     
2021-10-21 15:20:42,505:INFO: 345.23 5643.00 
2021-10-21 15:20:42,506:ERROR: error in HP sensor value: 1180.3 is out of bound!
2021-10-21 15:20:42,507:ERROR: error in AP sensor value: 7824.54 is out of bound!
2021-10-21 15:20:42,508:INFO: pump is running...
2021-10-21 15:20:42,582:INFO: State.EXEC_TASK
2021-10-21 15:20:42,583:INFO: BV     rpm     
2021-10-21 15:20:42,584:INFO: 342.71 5800.00 
2021-10-21 15:20:42,585:ERROR: error in HP sensor value: 1180.3 is out of bound!
2021-10-21 15:20:42,586:ERROR: error in AP sensor value: 7839.68 is out of bound!
2021-10-21 15:20:42,587:INFO: pump is running...
2021-10-21 15:20:42,660:INFO: State.EXEC_TASK
2021-10-21 15:20:42,661:INFO: BV     rpm     
2021-10-21 15:20:42,662:INFO: 340.44 5817.00 
2021-10-21 15:20:42,663:ERROR: error in HP sensor value: 1180.3 is out of bound!
2021-10-21 15:20:42,664:ERROR: error in AP sensor value: 7855.3 is out of bound!
2021-10-21 15:20:42,665:INFO: pump is running...
2021-10-21 15:20:42,737:INFO: State.EXEC_TASK
2021-10-21 15:20:42,738:INFO: BV     rpm     
2021-10-21 15:20:42,739:INFO: 338.06 5567.00 
2021-10-21 15:20:42,740:ERROR: error in HP sensor value: 1180.3 is out of bound!
2021-10-21 15:20:42,741:ERROR: error in AP sensor value: 7871.46 is out of bound!
2021-10-21 15:20:42,742:INFO: pump is running...
2021-10-21 15:20:42,816:INFO: State.EXEC_TASK
2021-10-21 15:20:42,817:INFO: BV     rpm     
2021-10-21 15:20:42,818:INFO: 335.96 5813.00 
2021-10-21 15:20:42,819:ERROR: error in HP sensor value: 1180.3 is out of bound!
2021-10-21 15:20:42,820:ERROR: error in AP sensor value: 7887.46 is out of bound!
2021-10-21 15:20:42,821:INFO: pump is running...
2021-10-21 15:20:42,895:INFO: State.EXEC_TASK
2021-10-21 15:20:42,896:INFO: BV     rpm     
2021-10-21 15:20:42,897:INFO: 333.70 5599.00 
2021-10-21 15:20:42,898:ERROR: error in HP sensor value: 1180.3 is out of bound!
2021-10-21 15:20:42,899:ERROR: error in AP sensor value: 7903.9 is out of bound!
2021-10-21 15:20:42,900:INFO: pump is running...
2021-10-21 15:20:42,973:INFO: State.EXEC_TASK
2021-10-21 15:20:42,974:INFO: BV     rpm     
2021-10-21 15:20:42,975:INFO: 331.23 5878.00 
2021-10-21 15:20:42,976:ERROR: error in HP sensor value: 1180.3 is out of bound!
2021-10-21 15:20:42,977:ERROR: error in AP sensor value: 7920.44 is out of bound!
2021-10-21 15:20:42,978:INFO: pump is running...
2021-10-21 15:20:43,052:INFO: State.EXEC_TASK
2021-10-21 15:20:43,053:INFO: BV     rpm     
2021-10-21 15:20:43,054:INFO: 329.04 5509.00 
2021-10-21 15:20:43,055:ERROR: error in HP sensor value: 1180.3 is out of bound!
2021-10-21 15:20:43,056:ERROR: error in AP sensor value: 7936.84 is out of bound!
2021-10-21 15:20:43,057:INFO: pump is running...
2021-10-21 15:20:43,130:INFO: State.EXEC_TASK
2021-10-21 15:20:43,131:INFO: BV     rpm     
2021-10-21 15:20:43,132:INFO: 326.91 5878.00 
2021-10-21 15:20:43,133:ERROR: error in HP sensor value: 1180.3 is out of bound!
2021-10-21 15:20:43,134:ERROR: error in AP sensor value: 7953.04 is out of bound!
2021-10-21 15:20:43,135:INFO: pump is running...
2021-10-21 15:20:43,208:INFO: State.EXEC_TASK
2021-10-21 15:20:43,210:INFO: BV     rpm     
2021-10-21 15:20:43,210:INFO: 324.60 5586.00 
2021-10-21 15:20:43,211:ERROR: error in HP sensor value: 1180.3 is out of bound!
2021-10-21 15:20:43,212:ERROR: error in AP sensor value: 7969.6 is out of bound!
2021-10-21 15:20:43,213:INFO: pump is running...
2021-10-21 15:20:43,287:INFO: State.EXEC_TASK
2021-10-21 15:20:43,288:INFO: BV     rpm     
2021-10-21 15:20:43,289:INFO: 322.31 5834.00 
2021-10-21 15:20:43,290:ERROR: error in HP sensor value: 1180.3 is out of bound!
2021-10-21 15:20:43,290:ERROR: error in AP sensor value: 7986.28 is out of bound!
2021-10-21 15:20:43,291:INFO: pump is running...
2021-10-21 15:20:43,364:INFO: State.EXEC_TASK
2021-10-21 15:20:43,365:INFO: BV     rpm     
2021-10-21 15:20:43,366:INFO: 320.06 5770.00 
2021-10-21 15:20:43,367:ERROR: error in HP sensor value: 1180.3 is out of bound!
2021-10-21 15:20:43,368:ERROR: error in AP sensor value: 8002.7 is out of bound!
2021-10-21 15:20:43,369:INFO: pump is running...
2021-10-21 15:20:43,442:INFO: State.EXEC_TASK
2021-10-21 15:20:43,443:INFO: BV     rpm     
2021-10-21 15:20:43,444:INFO: 317.78 5608.00 
2021-10-21 15:20:43,445:ERROR: error in HP sensor value: 1180.3 is out of bound!
2021-10-21 15:20:43,446:ERROR: error in AP sensor value: 8019.28 is out of bound!
2021-10-21 15:20:43,447:INFO: pump is running...
2021-10-21 15:20:43,451:INFO: Pump turned off. Starting timeOff timer.
2021-10-21 15:20:44,064:INFO: State.EXEC_TASK
2021-10-21 15:20:44,065:INFO: BT1   BT2   TT1   TT2   AT    X    Y     Z     BP1   BP2   TP1   TP2   HP      AP      PD   PC     HL EL BF SF   PF BV     rpm  State     MissionState Setpoint Error Depth 
2021-10-21 15:20:44,067:INFO: 25.13 24.58 24.52 24.61 25.90 0.00 -0.01 -0.01 11.17 11.42 10.11 10.38 1166.18 8032.14 1.49 100.00 0  0  0  None 0  318.44 0.00 EXEC_TASK IDLE         30.00    29.98 0.02  
2021-10-21 15:20:44,068:ERROR: error in HP sensor value: 1166.18 is out of bound!
2021-10-21 15:20:44,069:ERROR: error in AP sensor value: 8032.14 is out of bound!
2021-10-21 15:20:44,069:INFO: waiting for timeOff to finish 0.62 of 0.5
2021-10-21 15:20:44,070:INFO: timeOff is over
2021-10-21 15:20:44,106:ERROR: unknown header: LC:62.00
2021-10-21 15:20:44,605:WARNING: stopping
2021-10-21 15:20:44,606:INFO: State.STOP
2021-10-21 15:20:44,607:INFO: BT1   BT2   TT1   TT2   AT    X    Y     Z     BP1   BP2   TP1   TP2   HP      AP      PD   PC     HL EL BF SF   PF BV     rpm  State MissionState Setpoint Error Depth 
2021-10-21 15:20:44,608:INFO: 25.13 24.58 24.52 24.62 25.93 0.00 -0.01 -0.00 11.17 11.42 10.11 10.38 1165.72 8038.62 1.49 100.00 0  0  0  None 0  320.74 0.00 STOP  IDLE         30.00    29.97 0.03  
2021-10-21 15:20:44,609:WARNING: Stopped
2021-10-21 15:20:44,672:ERROR: unknown header: LC:63.00
2021-10-21 15:20:45,170:WARNING: stopping
2021-10-21 15:20:45,171:INFO: State.STOP
2021-10-21 15:20:45,172:INFO: BT1   BT2   TT1   TT2   AT    X    Y     Z     BP1   BP2   TP1   TP2   HP      AP      PD   PC     HL EL BF SF   PF BV     rpm  State MissionState Setpoint Error Depth 
2021-10-21 15:20:45,173:INFO: 25.13 24.58 24.52 24.62 25.98 0.00 -0.01 -0.00 11.18 11.42 10.11 10.38 1164.96 8038.78 1.49 100.00 0  0  0  None 0  322.98 0.00 STOP  IDLE         30.00    29.97 0.03  
2021-10-21 15:20:45,174:WARNING: Stopped
2021-10-21 15:20:45,236:ERROR: unknown header: LC:64.00
2021-10-21 15:20:45,735:WARNING: stopping
2021-10-21 15:20:45,736:INFO: State.STOP
2021-10-21 15:20:45,737:INFO: BT1   BT2   TT1   TT2   AT    X    Y     Z    BP1   BP2   TP1   TP2   HP      AP      PD   PC     HL EL BF SF   PF BV     rpm  State MissionState Setpoint Error Depth 
2021-10-21 15:20:45,738:INFO: 25.13 24.58 24.52 24.63 26.03 0.00 -0.01 0.00 11.18 11.43 10.11 10.39 1165.00 8032.84 1.48 100.00 0  0  0  None 0  325.08 0.00 STOP  IDLE         30.00    29.97 0.03  
2021-10-21 15:20:45,739:WARNING: Stopped
2021-10-21 15:20:45,749:ERROR: unknown header: LC:65.00
2021-10-21 15:20:46,247:WARNING: stopping
2021-10-21 15:20:46,248:INFO: State.STOP
2021-10-21 15:20:46,249:INFO: BT1   BT2   TT1   TT2   AT    X     Y    Z    BP1   BP2   TP1   TP2   HP      AP      PD   PC     HL EL BF SF   PF BV     rpm  State MissionState Setpoint Error Depth 
2021-10-21 15:20:46,250:INFO: 25.13 24.58 24.52 24.64 26.09 -0.01 0.00 0.00 11.18 11.43 10.11 10.39 1164.84 8021.36 1.48 100.00 0  0  0  None 0  326.76 0.00 STOP  IDLE         30.00    29.97 0.03  
2021-10-21 15:20:46,251:WARNING: Stopped
2021-10-21 15:20:46,275:ERROR: unknown header: LC:66.00
2021-10-21 15:20:46,775:WARNING: stopping
2021-10-21 15:20:46,776:INFO: State.STOP
2021-10-21 15:20:46,778:INFO: BT1   BT2   TT1   TT2   AT    X     Y     Z    BP1   BP2   TP1   TP2   HP      AP      PD   PC     HL EL BF SF   PF BV     rpm  State MissionState Setpoint Error Depth 
2021-10-21 15:20:46,779:INFO: 25.13 24.58 24.53 24.63 26.14 -0.01 -0.00 0.01 11.19 11.43 10.11 10.39 1165.16 8008.28 1.48 100.00 0  0  0  None 0  328.38 0.00 STOP  IDLE         30.00    29.97 0.03  
2021-10-21 15:20:46,780:WARNING: Stopped
2021-10-21 15:20:46,786:ERROR: unknown header: LC:67.00
2021-10-21 15:20:47,284:WARNING: stopping
2021-10-21 15:20:47,285:INFO: State.STOP
2021-10-21 15:20:47,287:INFO: BT1   BT2   TT1   TT2   AT    X     Y     Z    BP1   BP2   TP1   TP2   HP      AP      PD   PC     HL EL BF SF   PF BV     rpm  State MissionState Setpoint Error Depth 
2021-10-21 15:20:47,288:INFO: 25.13 24.58 24.53 24.63 26.18 -0.01 -0.00 0.01 11.18 11.42 10.11 10.38 1165.12 7996.20 1.48 100.00 0  0  0  None 0  329.93 0.00 STOP  IDLE         30.00    29.97 0.03  
2021-10-21 15:20:47,289:WARNING: Stopped
2021-10-21 15:20:47,309:ERROR: unknown header: LC:68.00
2021-10-21 15:20:47,808:WARNING: stopping
2021-10-21 15:20:47,809:INFO: State.STOP
2021-10-21 15:20:47,810:INFO: BT1   BT2   TT1   TT2   AT    X     Y     Z    BP1   BP2   TP1   TP2   HP      AP      PD   PC     HL EL BF SF   PF BV     rpm  State MissionState Setpoint Error Depth 
2021-10-21 15:20:47,811:INFO: 25.13 24.58 24.53 24.63 26.22 -0.01 -0.01 0.01 11.18 11.42 10.11 10.38 1165.26 7985.24 1.49 100.00 0  0  0  None 0  331.32 0.00 STOP  IDLE         30.00    29.97 0.03  
2021-10-21 15:20:47,812:WARNING: Stopped
2021-10-21 15:20:47,819:ERROR: unknown header: LC:69.00
2021-10-21 15:20:48,316:WARNING: stopping
2021-10-21 15:20:48,317:INFO: State.STOP
2021-10-21 15:20:48,318:INFO: BT1   BT2   TT1   TT2   AT    X     Y     Z    BP1   BP2   TP1   TP2   HP      AP      PD   PC     HL EL BF SF   PF BV     rpm  State MissionState Setpoint Error Depth 
2021-10-21 15:20:48,319:INFO: 25.13 24.58 24.53 24.63 26.26 -0.01 -0.01 0.01 11.18 11.42 10.11 10.38 1165.34 7975.28 1.49 100.00 0  0  0  None 0  332.70 0.00 STOP  IDLE         30.00    29.97 0.03  
2021-10-21 15:20:48,320:WARNING: Stopped
2021-10-21 15:20:48,346:ERROR: unknown header: LC:70.00
2021-10-21 15:20:48,844:WARNING: stopping
2021-10-21 15:20:48,845:INFO: State.STOP
2021-10-21 15:20:48,847:INFO: BT1   BT2   TT1   TT2   AT    X     Y     Z    BP1   BP2   TP1   TP2   HP      AP      PD   PC     HL EL BF SF   PF BV     rpm  State MissionState Setpoint Error Depth 
2021-10-21 15:20:48,848:INFO: 25.13 24.58 24.54 24.62 26.30 -0.01 -0.01 0.01 11.18 11.42 10.11 10.38 1165.60 7965.94 1.49 100.00 0  0  0  None 0  333.96 0.00 STOP  IDLE         30.00    29.97 0.03  
2021-10-21 15:20:48,849:WARNING: Stopped
2021-10-21 15:20:48,855:ERROR: unknown header: LC:71.00
2021-10-21 15:20:48,891:INFO: 
2021-10-21 15:20:48,892:CRITICAL: System shutdown
2021-10-21 15:20:48,893:INFO: cleaning (resetting rpi gpio)
