2022-11-15,17:23:48.910:INFO: init log at log/20221115
2022-11-15,17:23:48.982:INFO: safety controller init
2022-11-15,17:23:49.029:DEBUG: gpio high
2022-11-15,17:23:49.034:INFO: init driver
2022-11-15,17:23:49.036:INFO: Pressure controller was initialized successfully
2022-11-15,17:23:49.043:INFO: BP1 pressure sensor was initialized successfully
2022-11-15,17:23:49.050:INFO: BP2 pressure sensor was initialized successfully
2022-11-15,17:23:49.056:INFO: TP1 pressure sensor was initialized successfully
2022-11-15,17:23:49.062:INFO: TP2 pressure sensor was initialized successfully
2022-11-15,17:23:49.069:INFO: HP pressure sensor was initialized successfully
2022-11-15,17:23:49.076:INFO: AP pressure sensor was initialized successfully
2022-11-15,17:23:49.078:INFO: Temperature controller was initialized successfully
2022-11-15,17:23:49.086:INFO: BT1 temperature sensor was initialized successfully
2022-11-15,17:23:49.093:INFO: BT2 temperature sensor was initialized successfully
2022-11-15,17:23:49.099:INFO: TT1 temperature sensor was initialized successfully
2022-11-15,17:23:49.106:INFO: TT2 temperature sensor was initialized successfully
2022-11-15,17:23:49.114:INFO: AT temperature sensor was initialized successfully
2022-11-15,17:23:49.115:INFO: IMU controller was initialized successfully
2022-11-15,17:23:49.122:INFO: X IMU sensor was initialized successfully
2022-11-15,17:23:49.129:INFO: Y IMU sensor was initialized successfully
2022-11-15,17:23:49.137:INFO: Z IMU sensor was initialized successfully
2022-11-15,17:23:49.146:INFO: Bladder volume controller was initialized successfully
2022-11-15,17:23:49.153:INFO: Altimeter controller was initialized successfully
2022-11-15,17:23:49.161:INFO: rpm controller was initialized successfully
2022-11-15,17:23:49.163:INFO: Pump flag controller was initialized successfully
2022-11-15,17:23:49.173:INFO: Bladder flag controller was initialized successfully
2022-11-15,17:23:49.182:INFO: Hull leak flag controller was initialized successfully
2022-11-15,17:23:49.186:INFO: Engine leak flag controller was initialized successfully
2022-11-15,17:23:49.190:INFO: Full surface initiated flag controller was initialized successfully
2022-11-15,17:23:49.193:INFO: Iridium flag controller was initialized successfully
2022-11-15,17:23:49.203:INFO: direction flag controller was initialized successfully
2022-11-15,17:23:49.218:INFO: Payload flag controller was initialized successfully
2022-11-15,17:23:49.386:DEBUG: mega>RPi: 1.44
2022-11-15,17:23:49.387:DEBUG: mega>RPi: BP1:1190.10
2022-11-15,17:23:49.387:DEBUG: mega>RPi: BP2:1124.50
2022-11-15,17:23:49.388:DEBUG: mega>RPi: 0.00
2022-11-15,17:23:49.388:DEBUG: mega>RPi: X:0.01
2022-11-15,17:23:49.389:DEBUG: mega>RPi: Y:0.01
2022-11-15,17:23:49.389:DEBUG: mega>RPi: Z:-0.00
2022-11-15,17:23:49.390:DEBUG: mega>RPi: PD:1.41
2022-11-15,17:23:49.390:DEBUG: mega>RPi: PC:100.00
2022-11-15,17:23:49.391:DEBUG: mega>RPi: LC:583.00
2022-11-15,17:23:49.391:DEBUG: mega>RPi: HL:0.00
2022-11-15,17:23:49.392:DEBUG: mega>RPi: EL:0.00
2022-11-15,17:23:49.392:DEBUG: mega>RPi: BT1:21.81
2022-11-15,17:23:49.393:DEBUG: mega>RPi: BT2:21.44
2022-11-15,17:23:49.393:DEBUG: mega>RPi: BP1:1190.10
2022-11-15,17:23:49.394:DEBUG: mega>RPi: BP2:1124.50
2022-11-15,17:23:49.394:DEBUG: mega>RPi: 0.00
2022-11-15,17:23:49.395:DEBUG: mega>RPi: X:0.01
2022-11-15,17:23:49.395:DEBUG: mega>RPi: Y:0.01
2022-11-15,17:23:49.396:DEBUG: mega>RPi: Z:-0.00
2022-11-15,17:23:49.396:DEBUG: mega>RPi: PD:1.41
2022-11-15,17:23:49.397:DEBUG: mega>RPi: PC:100.00
2022-11-15,17:23:49.397:DEBUG: mega>RPi: LC:583.00
2022-11-15,17:23:49.398:DEBUG: mega>RPi: HL:0.00
2022-11-15,17:23:49.398:DEBUG: mega>RPi: EL:0.00
2022-11-15,17:23:49.399:DEBUG: mega>RPi: BT1:21.81
2022-11-15,17:23:49.399:DEBUG: mega>RPi: BT2:21.44
2022-11-15,17:23:49.400:DEBUG: mega>RPi: BP1:1190.10
2022-11-15,17:23:49.400:DEBUG: mega>RPi: BP2:1124.50
2022-11-15,17:23:49.404:INFO: init consume mega
2022-11-15,17:23:49.408:INFO: init consume nano
2022-11-15,17:23:49.410:INFO: init consume payload
2022-11-15,17:23:50.445:DEBUG: mega>RPi: SU:0.00
2022-11-15,17:23:50.468:DEBUG: nano>RPi: NN:222.00
2022-11-15,17:23:50.469:INFO: 222
2022-11-15,17:23:50.470:DEBUG: gpio high
2022-11-15,17:23:50.471:INFO: safety went to sleep (sleep initiated)
2022-11-15,17:23:50.477:DEBUG: mega>RPi: BT1:21.42
2022-11-15,17:23:50.502:DEBUG: mega>RPi: BT2:21.37
2022-11-15,17:23:50.560:DEBUG: mega>RPi: BP1:1188.00
2022-11-15,17:23:50.620:DEBUG: mega>RPi: BP2:1124.40
2022-11-15,17:23:50.678:DEBUG: mega>RPi: HP:1256.10
2022-11-15,17:23:50.707:DEBUG: mega>RPi: AT:23.36
2022-11-15,17:23:50.765:DEBUG: mega>RPi: AP:1230.30
2022-11-15,17:23:50.792:DEBUG: mega>RPi: TT1:24.50
2022-11-15,17:23:50.821:DEBUG: mega>RPi: TT2:24.50
2022-11-15,17:23:50.879:DEBUG: mega>RPi: TP1:1031.00
2022-11-15,17:23:50.936:DEBUG: mega>RPi: TP2:1043.70
2022-11-15,17:23:50.936:DEBUG: mega>RPi: 
2022-11-15,17:23:51.198:DEBUG: mega>RPi: X:0.00
2022-11-15,17:23:51.199:DEBUG: mega>RPi: Y:0.00
2022-11-15,17:23:51.200:DEBUG: mega>RPi: Z:0.00
2022-11-15,17:23:52.107:DEBUG: mega>RPi: Date: 11/17/2022 Time: 09:58:39
2022-11-15,17:23:53.808:DEBUG: mega>RPi: SU:1.00
2022-11-15,17:23:53.809:DEBUG: mega>RPi: LC:1.00
2022-11-15,17:23:53.889:DEBUG: mega>RPi: HL:0.00
2022-11-15,17:23:53.890:DEBUG: mega>RPi: EL:0.00
2022-11-15,17:23:53.904:DEBUG: mega>RPi: BT1:21.81
2022-11-15,17:23:53.917:DEBUG: mega>RPi: BT2:21.39
2022-11-15,17:23:53.975:DEBUG: mega>RPi: BP1:1189.00
2022-11-15,17:23:54.033:DEBUG: mega>RPi: BP2:1124.60
2022-11-15,17:23:54.090:DEBUG: mega>RPi: HP:1256.10
2022-11-15,17:23:54.106:DEBUG: mega>RPi: TT1:21.48
2022-11-15,17:23:54.119:DEBUG: mega>RPi: TT2:21.50
2022-11-15,17:23:54.175:DEBUG: mega>RPi: TP1:1029.90
2022-11-15,17:23:54.233:DEBUG: mega>RPi: TP2:1044.00
2022-11-15,17:23:54.250:DEBUG: mega>RPi: AT:24.09
2022-11-15,17:23:54.307:DEBUG: mega>RPi: AP:1221.00
2022-11-15,17:23:54.308:DEBUG: mega>RPi: BV:300.03
2022-11-15,17:23:54.313:DEBUG: notify
2022-11-15,17:23:54.316:CRITICAL: BT1             BT2             TT1             TT2             AT              X               Y               Z               BP1   BP2   TP1             TP2             HP              AP              PD   PC     HL      EL BF      SF   PF      BV     rpm             Setpoint Error Depth avg_p direction Voltage         State   Safety   Payload TestMode 
2022-11-15,17:23:54.319:CRITICAL: Buffering (4/5) Buffering (4/5) Buffering (2/5) Buffering (2/5) Buffering (2/5) Buffering (3/5) Buffering (3/5) Buffering (3/5) 11.35 11.24 Buffering (2/5) Buffering (2/5) Buffering (2/5) Buffering (2/5) 1.41 100.00 initial 0  initial None initial 300.03 Buffering (0/1) None     None  None  11.29 initial   Buffering (0/1) initial sleeping None    on       
2022-11-15,17:23:54.322:DEBUG: mega>RPi: BF:0.00
2022-11-15,17:23:54.323:DEBUG: mega>RPi: X:0.00
2022-11-15,17:23:54.324:DEBUG: mega>RPi: Y:0.00
2022-11-15,17:23:54.325:DEBUG: mega>RPi: Z:0.00
2022-11-15,17:23:54.332:DEBUG: mega>RPi: PD:1.41
2022-11-15,17:23:54.333:DEBUG: mega>RPi: PC:100.00
2022-11-15,17:23:54.336:DEBUG: mega>RPi: LC:2.00
2022-11-15,17:23:54.414:DEBUG: mega>RPi: HL:0.00
2022-11-15,17:23:54.415:DEBUG: mega>RPi: EL:0.00
2022-11-15,17:23:54.430:DEBUG: mega>RPi: BT1:21.81
2022-11-15,17:23:54.442:DEBUG: mega>RPi: BT2:21.39
2022-11-15,17:23:54.500:DEBUG: mega>RPi: BP1:1186.70
2022-11-15,17:23:54.557:DEBUG: mega>RPi: BP2:1124.70
2022-11-15,17:23:54.614:DEBUG: mega>RPi: HP:1256.60
2022-11-15,17:23:54.630:DEBUG: mega>RPi: TT1:21.49
2022-11-15,17:23:54.643:DEBUG: mega>RPi: TT2:21.50
2022-11-15,17:23:54.700:DEBUG: mega>RPi: TP1:1030.00
2022-11-15,17:23:54.761:DEBUG: mega>RPi: TP2:1044.00
2022-11-15,17:23:54.774:DEBUG: mega>RPi: AT:24.09
2022-11-15,17:23:54.832:DEBUG: mega>RPi: AP:1221.50
2022-11-15,17:23:54.833:DEBUG: mega>RPi: BV:299.52
2022-11-15,17:23:54.835:DEBUG: notify
2022-11-15,17:23:54.837:CRITICAL: BT1   BT2   TT1             TT2             AT              X               Y               Z               BP1   BP2   TP1             TP2             HP              AP              PD   PC     HL      EL BF       SF   PF      BV     rpm             Setpoint Error Depth avg_p direction Voltage         State   Safety   Payload TestMode 
2022-11-15,17:23:54.840:CRITICAL: 21.73 21.41 Buffering (3/5) Buffering (3/5) Buffering (3/5) Buffering (4/5) Buffering (4/5) Buffering (4/5) 11.35 11.25 Buffering (3/5) Buffering (3/5) Buffering (3/5) Buffering (3/5) 1.41 100.00 initial 0  nonempty None initial 299.52 Buffering (0/1) None     None  None  11.30 initial   Buffering (0/1) initial sleeping None    on       
2022-11-15,17:23:54.843:DEBUG: mega>RPi: BF:0.00
2022-11-15,17:23:54.845:DEBUG: mega>RPi: X:0.00
2022-11-15,17:23:54.845:DEBUG: mega>RPi: Y:0.02
2022-11-15,17:23:54.846:DEBUG: mega>RPi: Z:0.04
2022-11-15,17:23:54.852:DEBUG: mega>RPi: PD:1.41
2022-11-15,17:23:54.855:DEBUG: mega>RPi: PC:100.00
2022-11-15,17:23:54.856:DEBUG: mega>RPi: LC:3.00
2022-11-15,17:23:54.933:DEBUG: mega>RPi: HL:0.00
2022-11-15,17:23:54.937:DEBUG: mega>RPi: EL:0.00
2022-11-15,17:23:54.950:DEBUG: mega>RPi: BT1:21.81
2022-11-15,17:23:54.963:DEBUG: mega>RPi: BT2:21.39
2022-11-15,17:23:55.019:DEBUG: mega>RPi: BP1:1189.70
2022-11-15,17:23:55.081:DEBUG: mega>RPi: BP2:1124.60
2022-11-15,17:23:55.139:DEBUG: mega>RPi: HP:1255.60
2022-11-15,17:23:55.150:DEBUG: mega>RPi: TT1:21.50
2022-11-15,17:23:55.167:DEBUG: mega>RPi: TT2:21.50
2022-11-15,17:23:55.225:DEBUG: mega>RPi: TP1:1030.00
2022-11-15,17:23:55.282:DEBUG: mega>RPi: TP2:1043.90
2022-11-15,17:23:55.294:DEBUG: mega>RPi: AT:24.09
2022-11-15,17:23:55.355:DEBUG: mega>RPi: AP:1221.60
2022-11-15,17:23:55.356:DEBUG: mega>RPi: BV:299.42
2022-11-15,17:23:55.357:DEBUG: mega>RPi: BF:0.00
2022-11-15,17:23:55.359:DEBUG: notify
2022-11-15,17:23:55.362:CRITICAL: BT1   BT2   TT1             TT2             AT              X    Y    Z    BP1   BP2   TP1             TP2             HP              AP              PD   PC     HL      EL BF       SF   PF      BV     rpm             Setpoint Error Depth avg_p direction Voltage         State   Safety   Payload TestMode 
2022-11-15,17:23:55.365:CRITICAL: 21.73 21.40 Buffering (4/5) Buffering (4/5) Buffering (4/5) 0.00 0.01 0.01 11.35 11.25 Buffering (4/5) Buffering (4/5) Buffering (4/5) Buffering (4/5) 1.41 100.00 initial 0  nonempty None initial 299.42 Buffering (0/1) None     None  None  11.30 initial   Buffering (0/1) initial sleeping None    on       
2022-11-15,17:23:55.373:DEBUG: mega>RPi: X:0.00
2022-11-15,17:23:55.374:DEBUG: mega>RPi: Y:-0.00
2022-11-15,17:23:55.375:DEBUG: mega>RPi: Z:0.00
2022-11-15,17:23:55.409:DEBUG: mega>RPi: PD:1.41
2022-11-15,17:23:55.410:DEBUG: mega>RPi: PC:100.00
2022-11-15,17:23:55.410:DEBUG: mega>RPi: LC:4.00
2022-11-15,17:23:55.490:DEBUG: mega>RPi: HL:0.00
2022-11-15,17:23:55.491:DEBUG: mega>RPi: EL:0.00
2022-11-15,17:23:55.503:DEBUG: mega>RPi: BT1:21.81
2022-11-15,17:23:55.519:DEBUG: mega>RPi: BT2:21.40
2022-11-15,17:23:55.576:DEBUG: mega>RPi: BP1:1187.50
2022-11-15,17:23:55.634:DEBUG: mega>RPi: BP2:1124.20
2022-11-15,17:23:55.692:DEBUG: mega>RPi: HP:1256.10
2022-11-15,17:23:55.707:DEBUG: mega>RPi: TT1:21.50
2022-11-15,17:23:55.720:DEBUG: mega>RPi: TT2:21.50
2022-11-15,17:23:55.778:DEBUG: mega>RPi: TP1:1030.10
2022-11-15,17:23:55.834:DEBUG: mega>RPi: TP2:1043.70
2022-11-15,17:23:55.850:DEBUG: mega>RPi: AT:24.09
2022-11-15,17:23:55.908:DEBUG: mega>RPi: AP:1221.70
2022-11-15,17:23:55.909:DEBUG: mega>RPi: BV:299.32
2022-11-15,17:23:55.910:DEBUG: mega>RPi: BF:0.00
2022-11-15,17:23:55.911:DEBUG: notify
2022-11-15,17:23:55.913:CRITICAL: BT1   BT2   TT1   TT2   AT    X    Y    Z    BP1   BP2   TP1   TP2   HP      AP      PD   PC     HL      EL BF       SF   PF      BV     rpm             Setpoint Error Depth avg_p direction Voltage         State   Safety   Payload TestMode 
2022-11-15,17:23:55.916:CRITICAL: 21.73 21.39 22.09 22.10 23.94 0.00 0.01 0.01 11.34 11.25 10.30 10.44 1256.10 1223.22 1.41 100.00 initial 0  nonempty None initial 299.32 Buffering (0/1) None     None  None  10.83 initial   Buffering (0/1) initial sleeping None    on       
2022-11-15,17:23:55.966:DEBUG: mega>RPi: PD:1.41
2022-11-15,17:23:55.967:DEBUG: mega>RPi: PC:100.00
2022-11-15,17:23:55.968:DEBUG: mega>RPi: LC:5.00
2022-11-15,17:23:56.048:DEBUG: mega>RPi: HL:0.00
2022-11-15,17:23:56.048:DEBUG: mega>RPi: EL:0.00
2022-11-15,17:23:56.059:DEBUG: mega>RPi: BT1:21.81
2022-11-15,17:23:56.076:DEBUG: mega>RPi: BT2:21.40
2022-11-15,17:23:56.134:DEBUG: mega>RPi: BP1:1187.40
2022-11-15,17:23:56.190:DEBUG: mega>RPi: BP2:1124.70
2022-11-15,17:23:56.248:DEBUG: mega>RPi: HP:1256.10
2022-11-15,17:23:56.265:DEBUG: mega>RPi: TT1:21.50
2022-11-15,17:23:56.276:DEBUG: mega>RPi: TT2:21.50
2022-11-15,17:23:56.334:DEBUG: mega>RPi: TP1:1030.20
2022-11-15,17:23:56.392:DEBUG: mega>RPi: TP2:1044.10
2022-11-15,17:23:56.408:DEBUG: mega>RPi: AT:24.09
2022-11-15,17:23:56.465:DEBUG: mega>RPi: AP:1221.60
2022-11-15,17:23:56.466:DEBUG: mega>RPi: BV:299.42
2022-11-15,17:23:56.466:DEBUG: mega>RPi: BF:0.00
2022-11-15,17:23:56.468:DEBUG: notify
2022-11-15,17:23:56.470:CRITICAL: BT1   BT2   TT1   TT2   AT    X    Y    Z    BP1   BP2   TP1   TP2   HP      AP      PD   PC     HL      EL BF       SF   PF      BV     rpm             Setpoint Error Depth avg_p direction Voltage         State   Safety   Payload TestMode 
2022-11-15,17:23:56.473:CRITICAL: 21.81 21.39 21.49 21.50 24.09 0.00 0.01 0.01 11.34 11.25 10.30 10.44 1256.10 1221.48 1.41 100.00 initial 0  nonempty None initial 299.42 Buffering (0/1) None     None  None  10.83 initial   Buffering (0/1) initial sleeping None    on       
2022-11-15,17:23:56.478:DEBUG: mega>RPi: X:-0.01
2022-11-15,17:23:56.479:DEBUG: mega>RPi: Y:0.02
2022-11-15,17:23:56.480:DEBUG: mega>RPi: Z:0.00
2022-11-15,17:23:56.518:DEBUG: mega>RPi: PD:1.41
2022-11-15,17:23:56.523:DEBUG: mega>RPi: PC:100.00
2022-11-15,17:23:56.524:DEBUG: mega>RPi: LC:6.00
2022-11-15,17:23:56.601:DEBUG: mega>RPi: HL:0.00
2022-11-15,17:23:56.605:DEBUG: mega>RPi: EL:0.00
2022-11-15,17:23:56.616:DEBUG: mega>RPi: BT1:21.81
2022-11-15,17:23:56.629:DEBUG: mega>RPi: BT2:21.40
2022-11-15,17:23:56.687:DEBUG: mega>RPi: BP1:1188.90
2022-11-15,17:23:56.747:DEBUG: mega>RPi: BP2:1124.60
2022-11-15,17:23:56.805:DEBUG: mega>RPi: HP:1256.40
2022-11-15,17:23:56.818:DEBUG: mega>RPi: TT1:21.50
2022-11-15,17:23:56.833:DEBUG: mega>RPi: TT2:21.50
2022-11-15,17:23:56.891:DEBUG: mega>RPi: TP1:1030.60
2022-11-15,17:23:56.949:DEBUG: mega>RPi: TP2:1044.30
2022-11-15,17:23:56.961:DEBUG: mega>RPi: AT:24.09
2022-11-15,17:23:57.022:DEBUG: mega>RPi: AP:1221.50
2022-11-15,17:23:57.023:DEBUG: mega>RPi: BV:299.52
2022-11-15,17:23:57.024:DEBUG: mega>RPi: BF:0.00
2022-11-15,17:23:57.025:DEBUG: notify
2022-11-15,17:23:57.027:CRITICAL: BT1   BT2   TT1   TT2   AT    X     Y    Z    BP1   BP2   TP1   TP2   HP      AP      PD   PC     HL      EL BF       SF   PF      BV     rpm             Setpoint Error Depth avg_p direction Voltage         State   Safety   Payload TestMode 
2022-11-15,17:23:57.031:CRITICAL: 21.81 21.40 21.50 21.50 24.09 -0.00 0.01 0.01 11.34 11.25 10.30 10.44 1256.16 1221.58 1.41 100.00 initial 0  nonempty None initial 299.52 Buffering (0/1) None     None  None  10.83 initial   Buffering (0/1) initial sleeping None    on       
2022-11-15,17:23:57.076:DEBUG: mega>RPi: PD:1.41
2022-11-15,17:23:57.077:DEBUG: mega>RPi: PC:100.00
2022-11-15,17:23:57.078:DEBUG: mega>RPi: LC:7.00
2022-11-15,17:23:57.158:DEBUG: mega>RPi: HL:0.00
2022-11-15,17:23:57.159:DEBUG: mega>RPi: EL:0.00
2022-11-15,17:23:57.169:DEBUG: mega>RPi: BT1:21.81
2022-11-15,17:23:57.186:DEBUG: mega>RPi: BT2:21.38
2022-11-15,17:23:57.243:DEBUG: mega>RPi: BP1:1187.40
2022-11-15,17:23:57.301:DEBUG: mega>RPi: BP2:1124.60
2022-11-15,17:23:57.358:DEBUG: mega>RPi: HP:1256.70
2022-11-15,17:23:57.374:DEBUG: mega>RPi: TT1:21.50
2022-11-15,17:23:57.387:DEBUG: mega>RPi: TT2:21.51
2022-11-15,17:23:57.445:DEBUG: mega>RPi: TP1:1030.90
2022-11-15,17:23:57.501:DEBUG: mega>RPi: TP2:1044.00
2022-11-15,17:23:57.518:DEBUG: mega>RPi: AT:24.10
2022-11-15,17:23:57.575:DEBUG: mega>RPi: AP:1222.20
2022-11-15,17:23:57.576:DEBUG: mega>RPi: BV:298.84
2022-11-15,17:23:57.578:DEBUG: notify
2022-11-15,17:23:57.580:CRITICAL: BT1   BT2   TT1   TT2   AT    X     Y    Z    BP1   BP2   TP1   TP2   HP      AP      PD   PC     HL      EL BF       SF   PF      BV     rpm             Setpoint Error Depth avg_p direction Voltage         State   Safety   Payload TestMode 
2022-11-15,17:23:57.586:CRITICAL: 21.81 21.39 21.50 21.50 24.09 -0.00 0.01 0.01 11.34 11.25 10.30 10.44 1256.18 1221.72 1.41 100.00 initial 0  nonempty None initial 298.84 Buffering (0/1) None     None  None  10.83 initial   Buffering (0/1) initial sleeping None    on       
2022-11-15,17:23:57.593:DEBUG: mega>RPi: BF:0.00
2022-11-15,17:23:57.594:DEBUG: mega>RPi: X:0.00
2022-11-15,17:23:57.595:DEBUG: mega>RPi: Y:-0.02
2022-11-15,17:23:57.597:DEBUG: mega>RPi: Z:-0.01
2022-11-15,17:23:57.632:DEBUG: mega>RPi: PD:1.41
2022-11-15,17:23:57.633:DEBUG: mega>RPi: PC:100.00
2022-11-15,17:23:57.634:DEBUG: mega>RPi: LC:8.00
2022-11-15,17:23:57.714:DEBUG: mega>RPi: HL:0.00
2022-11-15,17:23:57.715:DEBUG: mega>RPi: EL:0.00
2022-11-15,17:23:57.730:DEBUG: mega>RPi: BT1:21.81
2022-11-15,17:23:57.743:DEBUG: mega>RPi: BT2:21.37
2022-11-15,17:23:57.800:DEBUG: mega>RPi: BP1:1187.20
2022-11-15,17:23:57.858:DEBUG: mega>RPi: BP2:1124.20
2022-11-15,17:23:57.916:DEBUG: mega>RPi: HP:1255.80
2022-11-15,17:23:57.932:DEBUG: mega>RPi: TT1:21.50
2022-11-15,17:23:57.944:DEBUG: mega>RPi: TT2:21.52
2022-11-15,17:23:58.001:DEBUG: mega>RPi: TP1:1030.20
2022-11-15,17:23:58.063:DEBUG: mega>RPi: TP2:1044.20
2022-11-15,17:23:58.075:DEBUG: mega>RPi: AT:24.09
2022-11-15,17:23:58.132:DEBUG: mega>RPi: AP:1221.80
2022-11-15,17:23:58.133:DEBUG: mega>RPi: BV:299.22
2022-11-15,17:23:58.134:DEBUG: notify
2022-11-15,17:23:58.136:CRITICAL: BT1   BT2   TT1   TT2   AT    X     Y    Z    BP1   BP2   TP1   TP2   HP      AP      PD   PC     HL      EL BF       SF   PF      BV     rpm             Setpoint Error Depth avg_p direction Voltage         State   Safety   Payload TestMode 
2022-11-15,17:23:58.139:CRITICAL: 21.81 21.39 21.50 21.51 24.09 -0.00 0.00 0.01 11.34 11.24 10.30 10.44 1256.22 1221.76 1.41 100.00 initial 0  nonempty None initial 299.22 Buffering (0/1) None     None  None  10.83 initial   Buffering (0/1) initial sleeping None    on       
2022-11-15,17:23:58.141:DEBUG: mega>RPi: BF:0.00
2022-11-15,17:23:58.190:DEBUG: mega>RPi: PD:1.41
2022-11-15,17:23:58.191:DEBUG: mega>RPi: PC:100.00
2022-11-15,17:23:58.194:DEBUG: mega>RPi: LC:9.00
2022-11-15,17:23:58.272:DEBUG: mega>RPi: HL:0.00
2022-11-15,17:23:58.273:DEBUG: mega>RPi: EL:0.00
2022-11-15,17:23:58.288:DEBUG: mega>RPi: BT1:21.81
2022-11-15,17:23:58.300:DEBUG: mega>RPi: BT2:21.35
2022-11-15,17:23:58.358:DEBUG: mega>RPi: BP1:1188.90
2022-11-15,17:23:58.415:DEBUG: mega>RPi: BP2:1124.50
2022-11-15,17:23:58.476:DEBUG: mega>RPi: HP:1256.00
2022-11-15,17:23:58.489:DEBUG: mega>RPi: TT1:21.50
2022-11-15,17:23:58.501:DEBUG: mega>RPi: TT2:21.52
2022-11-15,17:23:58.562:DEBUG: mega>RPi: TP1:1030.30
2022-11-15,17:23:58.620:DEBUG: mega>RPi: TP2:1043.80
2022-11-15,17:23:58.633:DEBUG: mega>RPi: AT:24.09
2022-11-15,17:23:58.689:DEBUG: mega>RPi: AP:1221.70
2022-11-15,17:23:58.693:DEBUG: mega>RPi: BV:299.32
2022-11-15,17:23:58.693:DEBUG: mega>RPi: BF:0.00
2022-11-15,17:23:58.695:DEBUG: notify
2022-11-15,17:23:58.696:CRITICAL: BT1   BT2   TT1   TT2   AT    X     Y    Z    BP1   BP2   TP1   TP2   HP      AP      PD   PC     HL      EL BF       SF   PF      BV     rpm             Setpoint Error Depth avg_p direction Voltage         State   Safety   Payload TestMode 
2022-11-15,17:23:58.699:CRITICAL: 21.81 21.38 21.50 21.51 24.09 -0.00 0.00 0.01 11.34 11.25 10.30 10.44 1256.20 1221.76 1.41 100.00 initial 0  nonempty None initial 299.32 Buffering (0/1) None     None  None  10.83 initial   Buffering (0/1) initial sleeping None    on       
2022-11-15,17:23:58.704:DEBUG: mega>RPi: X:0.00
2022-11-15,17:23:58.705:DEBUG: mega>RPi: Y:0.02
2022-11-15,17:23:58.706:DEBUG: mega>RPi: Z:0.00
2022-11-15,17:23:58.751:DEBUG: mega>RPi: PD:1.41
2022-11-15,17:23:58.752:DEBUG: mega>RPi: PC:100.00
2022-11-15,17:23:58.752:DEBUG: mega>RPi: LC:10.00
2022-11-15,17:23:58.832:DEBUG: mega>RPi: HL:0.00
2022-11-15,17:23:58.833:DEBUG: mega>RPi: EL:0.00
2022-11-15,17:23:58.849:DEBUG: mega>RPi: BT1:21.82
2022-11-15,17:23:58.861:DEBUG: mega>RPi: BT2:21.34
2022-11-15,17:23:58.918:DEBUG: mega>RPi: BP1:1190.10
2022-11-15,17:23:58.976:DEBUG: mega>RPi: BP2:1124.20
2022-11-15,17:23:59.034:DEBUG: mega>RPi: HP:1256.20
2022-11-15,17:23:59.049:DEBUG: mega>RPi: TT1:21.50
2022-11-15,17:23:59.062:DEBUG: mega>RPi: TT2:21.52
2022-11-15,17:23:59.120:DEBUG: mega>RPi: TP1:1030.60
2022-11-15,17:23:59.180:DEBUG: mega>RPi: TP2:1044.00
2022-11-15,17:23:59.193:DEBUG: mega>RPi: AT:24.10
2022-11-15,17:23:59.251:DEBUG: mega>RPi: AP:1221.80
2022-11-15,17:23:59.252:DEBUG: mega>RPi: BV:299.25
2022-11-15,17:23:59.253:DEBUG: notify
2022-11-15,17:23:59.255:CRITICAL: BT1   BT2   TT1   TT2   AT    X     Y    Z    BP1   BP2   TP1   TP2   HP      AP      PD   PC     HL      EL BF       SF   PF      BV     rpm             Setpoint Error Depth avg_p direction Voltage         State   Safety   Payload TestMode 
2022-11-15,17:23:59.257:CRITICAL: 21.81 21.37 21.50 21.51 24.09 -0.00 0.01 0.01 11.35 11.24 10.31 10.44 1256.22 1221.80 1.41 100.00 initial 0  nonempty None initial 299.25 Buffering (0/1) None     None  None  10.83 initial   Buffering (0/1) initial sleeping None    on       
2022-11-15,17:23:59.260:DEBUG: mega>RPi: BF:0.00
2022-11-15,17:23:59.308:DEBUG: mega>RPi: PD:1.41
2022-11-15,17:23:59.308:DEBUG: mega>RPi: PC:100.00
2022-11-15,17:23:59.311:DEBUG: mega>RPi: LC:11.00
2022-11-15,17:23:59.389:DEBUG: mega>RPi: HL:0.00
2022-11-15,17:23:59.390:DEBUG: mega>RPi: EL:0.00
2022-11-15,17:23:59.406:DEBUG: mega>RPi: BT1:21.83
2022-11-15,17:23:59.419:DEBUG: mega>RPi: BT2:21.33
2022-11-15,17:23:59.475:DEBUG: mega>RPi: BP1:1187.90
2022-11-15,17:23:59.533:DEBUG: mega>RPi: BP2:1124.80
2022-11-15,17:23:59.591:DEBUG: mega>RPi: HP:1255.90
2022-11-15,17:23:59.607:DEBUG: mega>RPi: TT1:21.50
2022-11-15,17:23:59.618:DEBUG: mega>RPi: TT2:21.53
2022-11-15,17:23:59.676:DEBUG: mega>RPi: TP1:1030.20
2022-11-15,17:23:59.738:DEBUG: mega>RPi: TP2:1043.40
2022-11-15,17:23:59.750:DEBUG: mega>RPi: AT:24.10
2022-11-15,17:23:59.808:DEBUG: mega>RPi: AP:1222.00
2022-11-15,17:23:59.811:DEBUG: mega>RPi: BV:299.05
2022-11-15,17:23:59.812:DEBUG: mega>RPi: BF:0.00
2022-11-15,17:23:59.814:DEBUG: notify
2022-11-15,17:23:59.816:CRITICAL: BT1   BT2   TT1   TT2   AT    X     Y    Z    BP1   BP2   TP1   TP2   HP      AP      PD   PC     HL      EL BF       SF   PF      BV     rpm             Setpoint Error Depth avg_p direction Voltage         State   Safety   Payload TestMode 
2022-11-15,17:23:59.819:CRITICAL: 21.82 21.35 21.50 21.52 24.10 -0.00 0.01 0.01 11.34 11.24 10.30 10.44 1256.12 1221.90 1.41 100.00 initial 0  nonempty None initial 299.05 Buffering (0/1) None     None  None  10.83 initial   Buffering (0/1) initial sleeping None    on       
2022-11-15,17:23:59.824:DEBUG: mega>RPi: X:0.00
2022-11-15,17:23:59.825:DEBUG: mega>RPi: Y:0.00
2022-11-15,17:23:59.826:DEBUG: mega>RPi: Z:0.00
2022-11-15,17:23:59.864:DEBUG: mega>RPi: PD:1.41
2022-11-15,17:23:59.868:DEBUG: mega>RPi: PC:100.00
2022-11-15,17:23:59.869:DEBUG: mega>RPi: LC:12.00
2022-11-15,17:23:59.946:DEBUG: mega>RPi: HL:0.00
2022-11-15,17:23:59.950:DEBUG: mega>RPi: EL:0.00
2022-11-15,17:23:59.963:DEBUG: mega>RPi: BT1:21.83
2022-11-15,17:23:59.976:DEBUG: mega>RPi: BT2:21.32
2022-11-15,17:24:00.032:DEBUG: mega>RPi: BP1:1194.00
2022-11-15,17:24:00.094:DEBUG: mega>RPi: BP2:1124.80
2022-11-15,17:24:00.152:DEBUG: mega>RPi: HP:1256.00
2022-11-15,17:24:00.163:DEBUG: mega>RPi: TT1:21.50
2022-11-15,17:24:00.180:DEBUG: mega>RPi: TT2:21.52
2022-11-15,17:24:00.238:DEBUG: mega>RPi: TP1:1030.70
2022-11-15,17:24:00.296:DEBUG: mega>RPi: TP2:1044.70
2022-11-15,17:24:00.307:DEBUG: mega>RPi: AT:24.10
2022-11-15,17:24:00.368:DEBUG: mega>RPi: AP:1222.00
2022-11-15,17:24:00.369:DEBUG: mega>RPi: BV:299.05
2022-11-15,17:24:00.370:DEBUG: mega>RPi: BF:0.00
2022-11-15,17:24:00.372:DEBUG: notify
2022-11-15,17:24:00.374:CRITICAL: BT1   BT2   TT1   TT2   AT    X     Y    Z     BP1   BP2   TP1   TP2   HP      AP      PD   PC     HL      EL BF       SF   PF      BV     rpm             Setpoint Error Depth avg_p direction Voltage         State   Safety   Payload TestMode 
2022-11-15,17:24:00.377:CRITICAL: 21.82 21.34 21.50 21.52 24.10 -0.00 0.00 -0.00 11.36 11.24 10.30 10.44 1255.98 1221.86 1.41 100.00 initial 0  nonempty None initial 299.05 Buffering (0/1) None     None  None  10.84 initial   Buffering (0/1) initial sleeping None    on       
2022-11-15,17:24:00.382:DEBUG: mega>RPi: X:0.00
2022-11-15,17:24:00.383:DEBUG: mega>RPi: Y:-0.00
2022-11-15,17:24:00.384:DEBUG: mega>RPi: Z:0.01
2022-11-15,17:24:00.422:DEBUG: mega>RPi: PD:1.41
2022-11-15,17:24:00.423:DEBUG: mega>RPi: PC:100.00
2022-11-15,17:24:00.424:DEBUG: mega>RPi: LC:13.00
2022-11-15,17:24:00.503:DEBUG: mega>RPi: HL:0.00
2022-11-15,17:24:00.504:DEBUG: mega>RPi: EL:0.00
2022-11-15,17:24:00.520:DEBUG: mega>RPi: BT1:21.82
2022-11-15,17:24:00.533:DEBUG: mega>RPi: BT2:21.33
2022-11-15,17:24:00.589:DEBUG: mega>RPi: BP1:1187.60
2022-11-15,17:24:00.647:DEBUG: mega>RPi: BP2:1124.80
2022-11-15,17:24:00.705:DEBUG: mega>RPi: HP:1256.60
2022-11-15,17:24:00.721:DEBUG: mega>RPi: TT1:21.50
2022-11-15,17:24:00.733:DEBUG: mega>RPi: TT2:21.53
2022-11-15,17:24:00.791:DEBUG: mega>RPi: TP1:1030.00
2022-11-15,17:24:00.852:DEBUG: mega>RPi: TP2:1044.40
2022-11-15,17:24:00.864:DEBUG: mega>RPi: AT:24.10
2022-11-15,17:24:00.922:DEBUG: mega>RPi: AP:1222.20
2022-11-15,17:24:00.922:DEBUG: mega>RPi: BV:298.84
2022-11-15,17:24:00.924:DEBUG: notify
2022-11-15,17:24:00.926:CRITICAL: BT1   BT2   TT1   TT2   AT    X     Y    Z    BP1   BP2   TP1   TP2   HP      AP      PD   PC     HL      EL BF       SF   PF      BV     rpm             Setpoint Error Depth avg_p direction Voltage         State   Safety   Payload TestMode 
2022-11-15,17:24:00.929:CRITICAL: 21.82 21.33 21.50 21.52 24.10 -0.00 0.00 0.00 11.36 11.25 10.30 10.44 1256.14 1221.94 1.41 100.00 initial 0  nonempty None initial 298.84 Buffering (0/1) None     None  None  10.84 initial   Buffering (0/1) initial sleeping None    on       
2022-11-15,17:24:00.931:DEBUG: mega>RPi: BF:0.00
2022-11-15,17:24:00.975:DEBUG: mega>RPi: PD:1.41
2022-11-15,17:24:00.975:DEBUG: mega>RPi: PC:100.00
2022-11-15,17:24:00.978:DEBUG: mega>RPi: LC:14.00
2022-11-15,17:24:01.056:DEBUG: mega>RPi: HL:0.00
2022-11-15,17:24:01.057:DEBUG: mega>RPi: EL:0.00
2022-11-15,17:24:01.073:DEBUG: mega>RPi: BT1:21.83
2022-11-15,17:24:01.086:DEBUG: mega>RPi: BT2:21.33
2022-11-15,17:24:01.142:DEBUG: mega>RPi: BP1:1187.50
2022-11-15,17:24:01.200:DEBUG: mega>RPi: BP2:1124.00
2022-11-15,17:24:01.258:DEBUG: mega>RPi: HP:1256.40
2022-11-15,17:24:01.274:DEBUG: mega>RPi: TT1:21.50
2022-11-15,17:24:01.286:DEBUG: mega>RPi: TT2:21.54
2022-11-15,17:24:01.344:DEBUG: mega>RPi: TP1:1030.70
2022-11-15,17:24:01.405:DEBUG: mega>RPi: TP2:1043.90
2022-11-15,17:24:01.417:DEBUG: mega>RPi: AT:24.10
2022-11-15,17:24:01.475:DEBUG: mega>RPi: AP:1222.50
2022-11-15,17:24:01.476:DEBUG: mega>RPi: BV:298.54
2022-11-15,17:24:01.478:DEBUG: notify
2022-11-15,17:24:01.480:CRITICAL: BT1   BT2   TT1   TT2   AT    X     Y    Z    BP1   BP2   TP1   TP2   HP      AP      PD   PC     HL      EL BF       SF   PF      BV     rpm             Setpoint Error Depth avg_p direction Voltage         State   Safety   Payload TestMode 
2022-11-15,17:24:01.484:CRITICAL: 21.83 21.33 21.50 21.53 24.10 -0.00 0.00 0.00 11.35 11.25 10.30 10.44 1256.22 1222.10 1.41 100.00 initial 0  nonempty None initial 298.54 Buffering (0/1) None     None  None  10.84 initial   Buffering (0/1) initial sleeping None    on       
2022-11-15,17:24:01.487:DEBUG: mega>RPi: BF:0.00
2022-11-15,17:24:01.488:DEBUG: mega>RPi: X:0.00
2022-11-15,17:24:01.489:DEBUG: mega>RPi: Y:0.00
2022-11-15,17:24:01.490:DEBUG: mega>RPi: Z:-0.00
2022-11-15,17:24:01.528:DEBUG: mega>RPi: PD:1.41
2022-11-15,17:24:01.529:DEBUG: mega>RPi: PC:100.00
2022-11-15,17:24:01.530:DEBUG: mega>RPi: LC:15.00
2022-11-15,17:24:01.609:DEBUG: mega>RPi: HL:0.00
2022-11-15,17:24:01.610:DEBUG: mega>RPi: EL:0.00
2022-11-15,17:24:01.622:DEBUG: mega>RPi: BT1:21.84
2022-11-15,17:24:01.639:DEBUG: mega>RPi: BT2:21.33
2022-11-15,17:24:01.695:DEBUG: mega>RPi: BP1:1189.20
2022-11-15,17:24:01.753:DEBUG: mega>RPi: BP2:1124.30
2022-11-15,17:24:01.811:DEBUG: mega>RPi: HP:1255.60
2022-11-15,17:24:01.826:DEBUG: mega>RPi: TT1:21.51
2022-11-15,17:24:01.839:DEBUG: mega>RPi: TT2:21.55
2022-11-15,17:24:01.897:DEBUG: mega>RPi: TP1:1030.30
2022-11-15,17:24:01.953:DEBUG: mega>RPi: TP2:1043.90
2022-11-15,17:24:01.970:DEBUG: mega>RPi: AT:24.10
2022-11-15,17:24:02.028:DEBUG: mega>RPi: AP:1222.60
2022-11-15,17:24:02.029:DEBUG: mega>RPi: BV:298.44
2022-11-15,17:24:02.029:DEBUG: mega>RPi: BF:0.00
2022-11-15,17:24:02.031:DEBUG: notify
2022-11-15,17:24:02.034:CRITICAL: BT1   BT2   TT1   TT2   AT    X    Y    Z    BP1   BP2   TP1   TP2   HP      AP      PD   PC     HL      EL BF       SF   PF      BV     rpm             Setpoint Error Depth avg_p direction Voltage         State   Safety   Payload TestMode 
2022-11-15,17:24:02.038:CRITICAL: 21.83 21.33 21.50 21.53 24.10 0.00 0.00 0.00 11.35 11.25 10.30 10.44 1256.10 1222.26 1.41 100.00 initial 0  nonempty None initial 298.44 Buffering (0/1) None     None  None  10.84 initial   Buffering (0/1) initial sleeping None    on       
2022-11-15,17:24:02.080:DEBUG: mega>RPi: PD:1.41
2022-11-15,17:24:02.081:DEBUG: mega>RPi: PC:100.00
2022-11-15,17:24:02.082:DEBUG: mega>RPi: LC:16.00
2022-11-15,17:24:02.163:DEBUG: mega>RPi: HL:0.00
2022-11-15,17:24:02.164:DEBUG: mega>RPi: EL:0.00
2022-11-15,17:24:02.178:DEBUG: mega>RPi: BT1:21.83
2022-11-15,17:24:02.191:DEBUG: mega>RPi: BT2:21.32
2022-11-15,17:24:02.249:DEBUG: mega>RPi: BP1:1188.30
2022-11-15,17:24:02.306:DEBUG: mega>RPi: BP2:1124.70
2022-11-15,17:24:02.363:DEBUG: mega>RPi: HP:1256.10
2022-11-15,17:24:02.380:DEBUG: mega>RPi: TT1:21.52
2022-11-15,17:24:02.391:DEBUG: mega>RPi: TT2:21.54
2022-11-15,17:24:02.449:DEBUG: mega>RPi: TP1:1030.50
2022-11-15,17:24:02.511:DEBUG: mega>RPi: TP2:1043.60
2022-11-15,17:24:02.524:DEBUG: mega>RPi: AT:24.10
2022-11-15,17:24:02.580:DEBUG: mega>RPi: AP:1222.70
2022-11-15,17:24:02.581:DEBUG: mega>RPi: BV:298.34
2022-11-15,17:24:02.583:DEBUG: notify
2022-11-15,17:24:02.585:CRITICAL: BT1   BT2   TT1   TT2   AT    X    Y    Z    BP1   BP2   TP1   TP2   HP      AP      PD   PC     HL      EL BF       SF   PF      BV     rpm             Setpoint Error Depth avg_p direction Voltage         State   Safety   Payload TestMode 
2022-11-15,17:24:02.589:CRITICAL: 21.83 21.33 21.51 21.54 24.10 0.00 0.00 0.00 11.35 11.25 10.30 10.44 1256.14 1222.40 1.41 100.00 initial 0  nonempty None initial 298.34 Buffering (0/1) None     None  None  10.84 initial   Buffering (0/1) initial sleeping None    on       
2022-11-15,17:24:02.593:DEBUG: mega>RPi: BF:0.00
2022-11-15,17:24:02.594:DEBUG: mega>RPi: X:0.00
2022-11-15,17:24:02.595:DEBUG: mega>RPi: Y:-0.01
2022-11-15,17:24:02.597:DEBUG: mega>RPi: Z:0.00
2022-11-15,17:24:02.638:DEBUG: mega>RPi: PD:1.41
2022-11-15,17:24:02.639:DEBUG: mega>RPi: PC:100.00
2022-11-15,17:24:02.640:DEBUG: mega>RPi: LC:17.00
2022-11-15,17:24:02.715:DEBUG: mega>RPi: HL:0.00
2022-11-15,17:24:02.719:DEBUG: mega>RPi: EL:0.00
2022-11-15,17:24:02.732:DEBUG: mega>RPi: BT1:21.84
2022-11-15,17:24:02.744:DEBUG: mega>RPi: BT2:21.33
2022-11-15,17:24:02.805:DEBUG: mega>RPi: BP1:1188.10
2022-11-15,17:24:02.863:DEBUG: mega>RPi: BP2:1124.50
2022-11-15,17:24:02.921:DEBUG: mega>RPi: HP:1256.30
2022-11-15,17:24:02.933:DEBUG: mega>RPi: TT1:21.52
2022-11-15,17:24:02.949:DEBUG: mega>RPi: TT2:21.55
2022-11-15,17:24:03.007:DEBUG: mega>RPi: TP1:1030.60
2022-11-15,17:24:03.063:DEBUG: mega>RPi: TP2:1043.80
2022-11-15,17:24:03.076:DEBUG: mega>RPi: AT:24.10
2022-11-15,17:24:03.138:DEBUG: mega>RPi: AP:1222.90
2022-11-15,17:24:03.139:DEBUG: mega>RPi: BV:298.13
2022-11-15,17:24:03.139:DEBUG: mega>RPi: BF:0.00
2022-11-15,17:24:03.141:DEBUG: notify
2022-11-15,17:24:03.143:CRITICAL: BT1   BT2   TT1   TT2   AT    X    Y    Z    BP1   BP2   TP1   TP2   HP      AP      PD   PC     HL      EL BF       SF   PF      BV     rpm             Setpoint Error Depth avg_p direction Voltage         State   Safety   Payload TestMode 
2022-11-15,17:24:03.146:CRITICAL: 21.83 21.33 21.51 21.54 24.10 0.00 0.00 0.00 11.34 11.24 10.30 10.44 1256.20 1222.58 1.41 100.00 initial 0  nonempty None initial 298.13 Buffering (0/1) None     None  None  10.83 initial   Buffering (0/1) initial sleeping None    on       
2022-11-15,17:24:03.191:DEBUG: mega>RPi: PD:1.41
2022-11-15,17:24:03.191:DEBUG: mega>RPi: PC:100.00
2022-11-15,17:24:03.192:DEBUG: mega>RPi: LC:18.00
2022-11-15,17:24:03.272:DEBUG: mega>RPi: HL:0.00
2022-11-15,17:24:03.273:DEBUG: mega>RPi: EL:0.00
2022-11-15,17:24:03.285:DEBUG: mega>RPi: BT1:21.84
2022-11-15,17:24:03.300:DEBUG: mega>RPi: BT2:21.33
2022-11-15,17:24:03.359:DEBUG: mega>RPi: BP1:1187.90
2022-11-15,17:24:03.416:DEBUG: mega>RPi: BP2:1124.50
2022-11-15,17:24:03.473:DEBUG: mega>RPi: HP:1256.20
2022-11-15,17:24:03.489:DEBUG: mega>RPi: TT1:21.53
2022-11-15,17:24:03.502:DEBUG: mega>RPi: TT2:21.55
2022-11-15,17:24:03.559:DEBUG: mega>RPi: TP1:1031.00
2022-11-15,17:24:03.617:DEBUG: mega>RPi: TP2:1044.40
2022-11-15,17:24:03.633:DEBUG: mega>RPi: AT:24.10
2022-11-15,17:24:03.690:DEBUG: mega>RPi: AP:1222.40
2022-11-15,17:24:03.691:DEBUG: mega>RPi: BV:298.64
2022-11-15,17:24:03.692:DEBUG: mega>RPi: BF:0.00
2022-11-15,17:24:03.693:DEBUG: notify
2022-11-15,17:24:03.695:CRITICAL: BT1   BT2   TT1   TT2   AT    X    Y    Z    BP1   BP2   TP1   TP2   HP      AP      PD   PC     HL      EL BF       SF   PF      BV     rpm             Setpoint Error Depth avg_p direction Voltage         State   Safety   Payload TestMode 
2022-11-15,17:24:03.700:CRITICAL: 21.84 21.33 21.52 21.55 24.10 0.00 0.00 0.00 11.34 11.24 10.31 10.44 1256.12 1222.62 1.41 100.00 initial 0  nonempty None initial 298.64 Buffering (0/1) None     None  None  10.83 initial   Buffering (0/1) initial sleeping None    on       
2022-11-15,17:24:03.706:DEBUG: mega>RPi: X:0.00
2022-11-15,17:24:03.707:DEBUG: mega>RPi: Y:0.00
2022-11-15,17:24:03.708:DEBUG: mega>RPi: Z:0.00
2022-11-15,17:24:03.739:DEBUG: mega>RPi: PD:1.41
2022-11-15,17:24:03.743:DEBUG: mega>RPi: PC:100.00
2022-11-15,17:24:03.744:DEBUG: mega>RPi: LC:19.00
2022-11-15,17:24:03.821:DEBUG: mega>RPi: HL:0.00
2022-11-15,17:24:03.825:DEBUG: mega>RPi: EL:0.00
2022-11-15,17:24:03.837:DEBUG: mega>RPi: BT1:21.84
2022-11-15,17:24:03.850:DEBUG: mega>RPi: BT2:21.32
2022-11-15,17:24:03.907:DEBUG: mega>RPi: BP1:1191.00
2022-11-15,17:24:03.968:DEBUG: mega>RPi: BP2:1124.50
2022-11-15,17:24:04.026:DEBUG: mega>RPi: HP:1256.30
2022-11-15,17:24:04.038:DEBUG: mega>RPi: TT1:21.54
2022-11-15,17:24:04.054:DEBUG: mega>RPi: TT2:21.55
2022-11-15,17:24:04.112:DEBUG: mega>RPi: TP1:1030.50
2022-11-15,17:24:04.170:DEBUG: mega>RPi: TP2:1043.90
2022-11-15,17:24:04.182:DEBUG: mega>RPi: AT:24.10
2022-11-15,17:24:04.243:DEBUG: mega>RPi: AP:1222.30
2022-11-15,17:24:04.244:DEBUG: mega>RPi: BV:298.74
2022-11-15,17:24:04.245:DEBUG: mega>RPi: BF:0.00
2022-11-15,17:24:04.247:DEBUG: notify
2022-11-15,17:24:04.249:CRITICAL: BT1   BT2   TT1   TT2   AT    X    Y     Z    BP1   BP2   TP1   TP2   HP      AP      PD   PC     HL      EL BF       SF   PF      BV     rpm             Setpoint Error Depth avg_p direction Voltage         State   Safety   Payload TestMode 
2022-11-15,17:24:04.252:CRITICAL: 21.84 21.33 21.52 21.55 24.10 0.00 -0.00 0.00 11.35 11.24 10.31 10.44 1256.10 1222.58 1.41 100.00 initial 0  nonempty None initial 298.74 Buffering (0/1) None     None  None  10.83 initial   Buffering (0/1) initial sleeping None    on       
2022-11-15,17:24:04.289:DEBUG: mega>RPi: PD:1.41
2022-11-15,17:24:04.289:DEBUG: mega>RPi: PC:100.00
2022-11-15,17:24:04.292:DEBUG: mega>RPi: LC:20.00
2022-11-15,17:24:04.370:DEBUG: mega>RPi: HL:0.00
2022-11-15,17:24:04.371:DEBUG: mega>RPi: EL:0.00
2022-11-15,17:24:04.387:DEBUG: mega>RPi: BT1:21.84
2022-11-15,17:24:04.398:DEBUG: mega>RPi: BT2:21.33
2022-11-15,17:24:04.456:DEBUG: mega>RPi: BP1:1189.10
2022-11-15,17:24:04.514:DEBUG: mega>RPi: BP2:1124.90
2022-11-15,17:24:04.571:DEBUG: mega>RPi: HP:1255.80
2022-11-15,17:24:04.587:DEBUG: mega>RPi: TT1:21.53
2022-11-15,17:24:04.600:DEBUG: mega>RPi: TT2:21.56
2022-11-15,17:24:04.656:DEBUG: mega>RPi: TP1:1030.40
2022-11-15,17:24:04.718:DEBUG: mega>RPi: TP2:1044.40
2022-11-15,17:24:04.731:DEBUG: mega>RPi: AT:24.10
2022-11-15,17:24:04.789:DEBUG: mega>RPi: AP:1222.90
2022-11-15,17:24:04.789:DEBUG: mega>RPi: BV:298.13
2022-11-15,17:24:04.791:DEBUG: notify
2022-11-15,17:24:04.793:CRITICAL: BT1   BT2   TT1   TT2   AT    X    Y     Z    BP1   BP2   TP1   TP2   HP      AP      PD   PC     HL      EL BF       SF   PF      BV     rpm             Setpoint Error Depth avg_p direction Voltage         State   Safety   Payload TestMode 
2022-11-15,17:24:04.796:CRITICAL: 21.84 21.33 21.53 21.55 24.10 0.00 -0.00 0.00 11.35 11.25 10.31 10.44 1256.14 1222.64 1.41 100.00 initial 0  nonempty None initial 298.13 Buffering (0/1) None     None  None  10.84 initial   Buffering (0/1) initial sleeping None    on       
2022-11-15,17:24:04.799:DEBUG: mega>RPi: BF:0.00
2022-11-15,17:24:04.800:DEBUG: mega>RPi: X:0.00
2022-11-15,17:24:04.801:DEBUG: mega>RPi: Y:0.03
2022-11-15,17:24:04.802:DEBUG: mega>RPi: Z:-0.01
2022-11-15,17:24:04.842:DEBUG: mega>RPi: PD:1.41
2022-11-15,17:24:04.843:DEBUG: mega>RPi: PC:100.00
2022-11-15,17:24:04.843:DEBUG: mega>RPi: LC:21.00
2022-11-15,17:24:04.923:DEBUG: mega>RPi: HL:0.00
2022-11-15,17:24:04.924:DEBUG: mega>RPi: EL:0.00
2022-11-15,17:24:04.935:DEBUG: mega>RPi: BT1:21.84
2022-11-15,17:24:04.952:DEBUG: mega>RPi: BT2:21.32
2022-11-15,17:24:05.009:DEBUG: mega>RPi: BP1:1191.50
2022-11-15,17:24:05.066:DEBUG: mega>RPi: BP2:1124.60
2022-11-15,17:24:05.124:DEBUG: mega>RPi: HP:1256.30
2022-11-15,17:24:05.139:DEBUG: mega>RPi: TT1:21.52
2022-11-15,17:24:05.152:DEBUG: mega>RPi: TT2:21.56
2022-11-15,17:24:05.210:DEBUG: mega>RPi: TP1:1030.80
2022-11-15,17:24:05.267:DEBUG: mega>RPi: TP2:1044.20
2022-11-15,17:24:05.283:DEBUG: mega>RPi: AT:24.10
2022-11-15,17:24:05.341:DEBUG: mega>RPi: AP:1222.60
2022-11-15,17:24:05.342:DEBUG: mega>RPi: BV:298.44
2022-11-15,17:24:05.343:DEBUG: mega>RPi: BF:0.00
2022-11-15,17:24:05.344:DEBUG: notify
2022-11-15,17:24:05.347:CRITICAL: BT1   BT2   TT1   TT2   AT    X    Y    Z    BP1   BP2   TP1   TP2   HP      AP      PD   PC     HL      EL BF       SF   PF      BV     rpm             Setpoint Error Depth avg_p direction Voltage         State   Safety   Payload TestMode 
2022-11-15,17:24:05.351:CRITICAL: 21.84 21.33 21.53 21.55 24.10 0.00 0.00 0.00 11.36 11.25 10.31 10.44 1256.18 1222.62 1.41 100.00 initial 0  nonempty None initial 298.44 Buffering (0/1) None     None  None  10.84 initial   Buffering (0/1) initial sleeping None    on       
2022-11-15,17:24:05.357:DEBUG: mega>RPi: X:0.00
2022-11-15,17:24:05.358:DEBUG: mega>RPi: Y:0.02
2022-11-15,17:24:05.359:DEBUG: mega>RPi: Z:-0.00
2022-11-15,17:24:05.394:DEBUG: mega>RPi: PD:1.41
2022-11-15,17:24:05.395:DEBUG: mega>RPi: PC:100.00
2022-11-15,17:24:05.396:DEBUG: mega>RPi: LC:22.00
2022-11-15,17:24:05.476:DEBUG: mega>RPi: HL:0.00
2022-11-15,17:24:05.477:DEBUG: mega>RPi: EL:0.00
2022-11-15,17:24:05.488:DEBUG: mega>RPi: BT1:21.84
2022-11-15,17:24:05.504:DEBUG: mega>RPi: BT2:21.32
2022-11-15,17:24:05.562:DEBUG: mega>RPi: BP1:1188.70
2022-11-15,17:24:05.620:DEBUG: mega>RPi: BP2:1124.80
2022-11-15,17:24:05.676:DEBUG: mega>RPi: HP:1256.30
2022-11-15,17:24:05.693:DEBUG: mega>RPi: TT1:21.52
2022-11-15,17:24:05.706:DEBUG: mega>RPi: TT2:21.56
2022-11-15,17:24:05.762:DEBUG: mega>RPi: TP1:1030.80
2022-11-15,17:24:05.820:DEBUG: mega>RPi: TP2:1043.40
2022-11-15,17:24:05.837:DEBUG: mega>RPi: AT:24.10
2022-11-15,17:24:05.895:DEBUG: mega>RPi: AP:1222.80
2022-11-15,17:24:05.896:DEBUG: mega>RPi: BV:298.23
2022-11-15,17:24:05.896:DEBUG: mega>RPi: BF:0.00
2022-11-15,17:24:05.898:DEBUG: notify
2022-11-15,17:24:05.900:CRITICAL: BT1   BT2   TT1   TT2   AT    X    Y    Z     BP1   BP2   TP1   TP2   HP      AP      PD   PC     HL      EL BF       SF   PF      BV     rpm             Setpoint Error Depth avg_p direction Voltage         State   Safety   Payload TestMode 
2022-11-15,17:24:05.905:CRITICAL: 21.84 21.32 21.53 21.56 24.10 0.00 0.01 -0.00 11.36 11.25 10.31 10.44 1256.18 1222.60 1.41 100.00 initial 0  nonempty None initial 298.23 Buffering (0/1) None     None  None  10.84 initial   Buffering (0/1) initial sleeping None    on       
2022-11-15,17:24:05.947:DEBUG: mega>RPi: PD:1.41
2022-11-15,17:24:05.949:DEBUG: mega>RPi: PC:100.00
2022-11-15,17:24:05.949:DEBUG: mega>RPi: LC:23.00
2022-11-15,17:24:06.029:DEBUG: mega>RPi: HL:0.00
2022-11-15,17:24:06.030:DEBUG: mega>RPi: EL:0.00
2022-11-15,17:24:06.041:DEBUG: mega>RPi: BT1:21.84
2022-11-15,17:24:06.057:DEBUG: mega>RPi: BT2:21.32
2022-11-15,17:24:06.115:DEBUG: mega>RPi: BP1:1187.30
2022-11-15,17:24:06.173:DEBUG: mega>RPi: BP2:1124.30
2022-11-15,17:24:06.230:DEBUG: mega>RPi: HP:1256.00
2022-11-15,17:24:06.246:DEBUG: mega>RPi: TT1:21.51
2022-11-15,17:24:06.258:DEBUG: mega>RPi: TT2:21.57
2022-11-15,17:24:06.316:DEBUG: mega>RPi: TP1:1031.00
2022-11-15,17:24:06.373:DEBUG: mega>RPi: TP2:1044.00
2022-11-15,17:24:06.389:DEBUG: mega>RPi: AT:24.10
2022-11-15,17:24:06.447:DEBUG: mega>RPi: AP:1223.00
2022-11-15,17:24:06.448:DEBUG: mega>RPi: BV:298.03
2022-11-15,17:24:06.449:DEBUG: mega>RPi: BF:0.00
2022-11-15,17:24:06.451:DEBUG: notify
2022-11-15,17:24:06.453:CRITICAL: BT1   BT2   TT1   TT2   AT    X    Y    Z     BP1   BP2   TP1   TP2   HP      AP      PD   PC     HL      EL BF       SF   PF      BV     rpm             Setpoint Error Depth avg_p direction Voltage         State   Safety   Payload TestMode 
2022-11-15,17:24:06.457:CRITICAL: 21.84 21.32 21.52 21.56 24.10 0.00 0.01 -0.00 11.36 11.25 10.31 10.44 1256.14 1222.72 1.41 100.00 initial 0  nonempty None initial 298.03 Buffering (0/1) None     None  None  10.84 initial   Buffering (0/1) initial sleeping None    on       
2022-11-15,17:24:06.464:DEBUG: mega>RPi: X:0.00
2022-11-15,17:24:06.465:DEBUG: mega>RPi: Y:0.01
2022-11-15,17:24:06.466:DEBUG: mega>RPi: Z:0.00
2022-11-15,17:24:06.500:DEBUG: mega>RPi: PD:1.41
2022-11-15,17:24:06.501:DEBUG: mega>RPi: PC:100.00
2022-11-15,17:24:06.504:DEBUG: mega>RPi: LC:24.00
2022-11-15,17:24:06.582:DEBUG: mega>RPi: HL:0.00
2022-11-15,17:24:06.583:DEBUG: mega>RPi: EL:0.00
2022-11-15,17:24:06.598:DEBUG: mega>RPi: BT1:21.84
2022-11-15,17:24:06.610:DEBUG: mega>RPi: BT2:21.32
2022-11-15,17:24:06.668:DEBUG: mega>RPi: BP1:1189.50
2022-11-15,17:24:06.726:DEBUG: mega>RPi: BP2:1124.30
2022-11-15,17:24:06.786:DEBUG: mega>RPi: HP:1256.30
2022-11-15,17:24:06.799:DEBUG: mega>RPi: TT1:21.51
2022-11-15,17:24:06.811:DEBUG: mega>RPi: TT2:21.57
2022-11-15,17:24:06.868:DEBUG: mega>RPi: TP1:1030.40
2022-11-15,17:24:06.930:DEBUG: mega>RPi: TP2:1043.50
2022-11-15,17:24:06.943:DEBUG: mega>RPi: AT:24.10
2022-11-15,17:24:07.000:DEBUG: mega>RPi: AP:1223.20
2022-11-15,17:24:07.004:DEBUG: mega>RPi: BV:297.83
2022-11-15,17:24:07.006:DEBUG: mega>RPi: BF:0.00
2022-11-15,17:24:07.008:DEBUG: notify
2022-11-15,17:24:07.010:CRITICAL: BT1   BT2   TT1   TT2   AT    X    Y    Z     BP1   BP2   TP1   TP2   HP      AP      PD   PC     HL      EL BF       SF   PF      BV     rpm             Setpoint Error Depth avg_p direction Voltage         State   Safety   Payload TestMode 
2022-11-15,17:24:07.014:CRITICAL: 21.84 21.32 21.52 21.56 24.10 0.00 0.01 -0.00 11.35 11.25 10.31 10.44 1256.14 1222.90 1.41 100.00 initial 0  nonempty None initial 297.83 Buffering (0/1) None     None  None  10.84 initial   Buffering (0/1) initial sleeping None    on       
2022-11-15,17:24:07.053:DEBUG: mega>RPi: PD:1.41
2022-11-15,17:24:07.054:DEBUG: mega>RPi: PC:100.00
2022-11-15,17:24:07.057:DEBUG: mega>RPi: LC:25.00
2022-11-15,17:24:07.135:DEBUG: mega>RPi: HL:0.00
2022-11-15,17:24:07.136:DEBUG: mega>RPi: EL:0.00
2022-11-15,17:24:07.152:DEBUG: mega>RPi: BT1:21.84
2022-11-15,17:24:07.163:DEBUG: mega>RPi: BT2:21.33
2022-11-15,17:24:07.221:DEBUG: mega>RPi: BP1:1189.30
2022-11-15,17:24:07.279:DEBUG: mega>RPi: BP2:1124.10
2022-11-15,17:24:07.335:DEBUG: mega>RPi: HP:1256.00
2022-11-15,17:24:07.352:DEBUG: mega>RPi: TT1:21.50
2022-11-15,17:24:07.364:DEBUG: mega>RPi: TT2:21.57
2022-11-15,17:24:07.421:DEBUG: mega>RPi: TP1:1030.60
2022-11-15,17:24:07.483:DEBUG: mega>RPi: TP2:1044.20
2022-11-15,17:24:07.496:DEBUG: mega>RPi: AT:24.10
2022-11-15,17:24:07.553:DEBUG: mega>RPi: AP:1223.00
2022-11-15,17:24:07.557:DEBUG: mega>RPi: BV:298.03
2022-11-15,17:24:07.558:DEBUG: mega>RPi: BF:0.00
2022-11-15,17:24:07.560:DEBUG: notify
2022-11-15,17:24:07.563:CRITICAL: BT1   BT2   TT1   TT2   AT    X    Y    Z     BP1   BP2   TP1   TP2   HP      AP      PD   PC     HL      EL BF       SF   PF      BV     rpm             Setpoint Error Depth avg_p direction Voltage         State   Safety   Payload TestMode 
2022-11-15,17:24:07.567:CRITICAL: 21.84 21.32 21.51 21.57 24.10 0.00 0.01 -0.00 11.35 11.24 10.31 10.44 1256.18 1222.92 1.41 100.00 initial 0  nonempty None initial 298.03 Buffering (0/1) None     None  None  10.83 initial   Buffering (0/1) initial sleeping None    on       
2022-11-15,17:24:07.573:DEBUG: mega>RPi: X:0.01
2022-11-15,17:24:07.574:DEBUG: mega>RPi: Y:-0.00
2022-11-15,17:24:07.575:DEBUG: mega>RPi: Z:-0.00
2022-11-15,17:24:07.607:DEBUG: mega>RPi: PD:1.41
2022-11-15,17:24:07.608:DEBUG: mega>RPi: PC:100.00
2022-11-15,17:24:07.608:DEBUG: mega>RPi: LC:26.00
2022-11-15,17:24:07.688:DEBUG: mega>RPi: HL:0.00
2022-11-15,17:24:07.689:DEBUG: mega>RPi: EL:0.00
2022-11-15,17:24:07.703:DEBUG: mega>RPi: BT1:21.84
2022-11-15,17:24:07.716:DEBUG: mega>RPi: BT2:21.33
2022-11-15,17:24:07.774:DEBUG: mega>RPi: BP1:1189.30
2022-11-15,17:24:07.831:DEBUG: mega>RPi: BP2:1124.30
2022-11-15,17:24:07.888:DEBUG: mega>RPi: HP:1256.20
2022-11-15,17:24:07.905:DEBUG: mega>RPi: TT1:21.50
2022-11-15,17:24:07.918:DEBUG: mega>RPi: TT2:21.58
2022-11-15,17:24:07.974:DEBUG: mega>RPi: TP1:1031.10
2022-11-15,17:24:08.036:DEBUG: mega>RPi: TP2:1044.10
2022-11-15,17:24:08.049:DEBUG: mega>RPi: AT:24.10
2022-11-15,17:24:08.105:DEBUG: mega>RPi: AP:1223.80
2022-11-15,17:24:08.106:DEBUG: mega>RPi: BV:297.22
2022-11-15,17:24:08.108:DEBUG: notify
2022-11-15,17:24:08.110:CRITICAL: BT1   BT2   TT1   TT2   AT    X    Y    Z     BP1   BP2   TP1   TP2   HP      AP      PD   PC     HL      EL BF       SF   PF      BV     rpm             Setpoint Error Depth avg_p direction Voltage         State   Safety   Payload TestMode 
2022-11-15,17:24:08.113:CRITICAL: 21.84 21.32 21.51 21.57 24.10 0.00 0.01 -0.00 11.35 11.24 10.31 10.44 1256.16 1223.16 1.41 100.00 initial 0  nonempty None initial 297.22 Buffering (0/1) None     None  None  10.83 initial   Buffering (0/1) initial sleeping None    on       
2022-11-15,17:24:08.115:DEBUG: mega>RPi: BF:0.00
2022-11-15,17:24:08.159:DEBUG: mega>RPi: PD:1.41
2022-11-15,17:24:08.163:DEBUG: mega>RPi: PC:100.00
2022-11-15,17:24:08.164:DEBUG: mega>RPi: LC:27.00
2022-11-15,17:24:08.241:DEBUG: mega>RPi: HL:0.00
2022-11-15,17:24:08.245:DEBUG: mega>RPi: EL:0.00
2022-11-15,17:24:08.256:DEBUG: mega>RPi: BT1:21.84
2022-11-15,17:24:08.269:DEBUG: mega>RPi: BT2:21.34
2022-11-15,17:24:08.327:DEBUG: mega>RPi: BP1:1188.40
2022-11-15,17:24:08.387:DEBUG: mega>RPi: BP2:1124.30
2022-11-15,17:24:08.445:DEBUG: mega>RPi: HP:1256.30
2022-11-15,17:24:08.458:DEBUG: mega>RPi: TT1:21.50
2022-11-15,17:24:08.473:DEBUG: mega>RPi: TT2:21.59
2022-11-15,17:24:08.531:DEBUG: mega>RPi: TP1:1031.00
2022-11-15,17:24:08.589:DEBUG: mega>RPi: TP2:1044.30
2022-11-15,17:24:08.601:DEBUG: mega>RPi: AT:24.10
2022-11-15,17:24:08.662:DEBUG: mega>RPi: AP:1223.10
2022-11-15,17:24:08.663:DEBUG: mega>RPi: BV:297.93
2022-11-15,17:24:08.664:DEBUG: mega>RPi: BF:0.00
2022-11-15,17:24:08.667:DEBUG: notify
2022-11-15,17:24:08.669:CRITICAL: BT1   BT2   TT1   TT2   AT    X    Y    Z     BP1   BP2   TP1   TP2   HP      AP      PD   PC     HL      EL BF       SF   PF      BV     rpm             Setpoint Error Depth avg_p direction Voltage         State   Safety   Payload TestMode 
2022-11-15,17:24:08.673:CRITICAL: 21.84 21.33 21.50 21.58 24.10 0.00 0.01 -0.00 11.35 11.24 10.31 10.44 1256.16 1223.22 1.41 100.00 initial 0  nonempty None initial 297.93 Buffering (0/1) None     None  None  10.83 initial   Buffering (0/1) initial sleeping None    on       
2022-11-15,17:24:08.678:DEBUG: mega>RPi: X:-0.01
2022-11-15,17:24:08.680:DEBUG: mega>RPi: Y:0.02
2022-11-15,17:24:08.681:DEBUG: mega>RPi: Z:-0.01
2022-11-15,17:24:08.717:DEBUG: mega>RPi: PD:1.41
2022-11-15,17:24:08.718:DEBUG: mega>RPi: PC:100.00
2022-11-15,17:24:08.719:DEBUG: mega>RPi: LC:28.00
2022-11-15,17:24:08.798:DEBUG: mega>RPi: HL:0.00
2022-11-15,17:24:08.799:DEBUG: mega>RPi: EL:0.00
2022-11-15,17:24:08.813:DEBUG: mega>RPi: BT1:21.84
2022-11-15,17:24:08.826:DEBUG: mega>RPi: BT2:21.34
2022-11-15,17:24:08.884:DEBUG: mega>RPi: BP1:1192.40
2022-11-15,17:24:08.941:DEBUG: mega>RPi: BP2:1125.00
2022-11-15,17:24:08.998:DEBUG: mega>RPi: HP:1256.30
2022-11-15,17:24:09.015:DEBUG: mega>RPi: TT1:21.49
2022-11-15,17:24:09.028:DEBUG: mega>RPi: TT2:21.59
2022-11-15,17:24:09.084:DEBUG: mega>RPi: TP1:1030.60
2022-11-15,17:24:09.146:DEBUG: mega>RPi: TP2:1043.40
2022-11-15,17:24:09.159:DEBUG: mega>RPi: AT:24.10
2022-11-15,17:24:09.215:DEBUG: mega>RPi: AP:1223.50
2022-11-15,17:24:09.216:DEBUG: mega>RPi: BV:297.52
2022-11-15,17:24:09.218:DEBUG: notify
2022-11-15,17:24:09.219:CRITICAL: BT1   BT2   TT1   TT2   AT    X    Y    Z     BP1   BP2   TP1   TP2   HP      AP      PD   PC     HL      EL BF       SF   PF      BV     rpm             Setpoint Error Depth avg_p direction Voltage         State   Safety   Payload TestMode 
2022-11-15,17:24:09.222:CRITICAL: 21.84 21.33 21.50 21.58 24.10 0.00 0.02 -0.00 11.36 11.24 10.31 10.44 1256.22 1223.32 1.41 100.00 initial 0  nonempty None initial 297.52 Buffering (0/1) None     None  None  10.84 initial   Buffering (0/1) initial sleeping None    on       
2022-11-15,17:24:09.225:DEBUG: mega>RPi: BF:0.00
2022-11-15,17:24:09.273:DEBUG: mega>RPi: PD:1.41
2022-11-15,17:24:09.274:DEBUG: mega>RPi: PC:100.00
2022-11-15,17:24:09.274:DEBUG: mega>RPi: LC:29.00
2022-11-15,17:24:09.355:DEBUG: mega>RPi: HL:0.00
2022-11-15,17:24:09.356:DEBUG: mega>RPi: EL:0.00
2022-11-15,17:24:09.371:DEBUG: mega>RPi: BT1:21.85
2022-11-15,17:24:09.384:DEBUG: mega>RPi: BT2:21.34
2022-11-15,17:24:09.441:DEBUG: mega>RPi: BP1:1187.90
2022-11-15,17:24:09.498:DEBUG: mega>RPi: BP2:1124.20
2022-11-15,17:24:09.556:DEBUG: mega>RPi: HP:1256.20
2022-11-15,17:24:09.571:DEBUG: mega>RPi: TT1:21.48
2022-11-15,17:24:09.584:DEBUG: mega>RPi: TT2:21.60
2022-11-15,17:24:09.642:DEBUG: mega>RPi: TP1:1030.50
2022-11-15,17:24:09.698:DEBUG: mega>RPi: TP2:1044.30
2022-11-15,17:24:09.715:DEBUG: mega>RPi: AT:24.11
2022-11-15,17:24:09.773:DEBUG: mega>RPi: AP:1223.00
2022-11-15,17:24:09.774:DEBUG: mega>RPi: BV:298.07
2022-11-15,17:24:09.775:DEBUG: notify
2022-11-15,17:24:09.778:CRITICAL: BT1   BT2   TT1   TT2   AT    X    Y    Z     BP1   BP2   TP1   TP2   HP      AP      PD   PC     HL      EL BF       SF   PF      BV     rpm             Setpoint Error Depth avg_p direction Voltage         State   Safety   Payload TestMode 
2022-11-15,17:24:09.782:CRITICAL: 21.84 21.34 21.49 21.59 24.10 0.00 0.02 -0.00 11.35 11.24 10.31 10.44 1256.20 1223.28 1.41 100.00 initial 0  nonempty None initial 298.07 Buffering (0/1) None     None  None  10.83 initial   Buffering (0/1) initial sleeping None    on       
2022-11-15,17:24:09.785:DEBUG: mega>RPi: BF:0.00
2022-11-15,17:24:09.787:DEBUG: mega>RPi: X:0.00
2022-11-15,17:24:09.788:DEBUG: mega>RPi: Y:-0.03
2022-11-15,17:24:09.790:DEBUG: mega>RPi: Z:-0.00
2022-11-15,17:24:09.830:DEBUG: mega>RPi: PD:1.41
2022-11-15,17:24:09.830:DEBUG: mega>RPi: PC:100.00
2022-11-15,17:24:09.833:DEBUG: mega>RPi: LC:30.00
2022-11-15,17:24:09.911:DEBUG: mega>RPi: HL:0.00
2022-11-15,17:24:09.912:DEBUG: mega>RPi: EL:0.00
2022-11-15,17:24:09.928:DEBUG: mega>RPi: BT1:21.85
2022-11-15,17:24:09.941:DEBUG: mega>RPi: BT2:21.34
2022-11-15,17:24:09.998:DEBUG: mega>RPi: BP1:1191.50
2022-11-15,17:24:10.055:DEBUG: mega>RPi: BP2:1124.20
2022-11-15,17:24:10.113:DEBUG: mega>RPi: HP:1255.90
2022-11-15,17:24:10.129:DEBUG: mega>RPi: TT1:21.47
2022-11-15,17:24:10.141:DEBUG: mega>RPi: TT2:21.60
2022-11-15,17:24:10.199:DEBUG: mega>RPi: TP1:1030.50
2022-11-15,17:24:10.260:DEBUG: mega>RPi: TP2:1043.40
2022-11-15,17:24:10.272:DEBUG: mega>RPi: AT:24.11
2022-11-15,17:24:10.330:DEBUG: mega>RPi: AP:1223.70
2022-11-15,17:24:10.333:DEBUG: mega>RPi: BV:297.35
2022-11-15,17:24:10.334:DEBUG: mega>RPi: BF:0.00
2022-11-15,17:24:10.336:DEBUG: notify
2022-11-15,17:24:10.338:CRITICAL: BT1   BT2   TT1   TT2   AT    X    Y    Z     BP1   BP2   TP1   TP2   HP      AP      PD   PC     HL      EL BF       SF   PF      BV     rpm             Setpoint Error Depth avg_p direction Voltage         State   Safety   Payload TestMode 
2022-11-15,17:24:10.342:CRITICAL: 21.84 21.34 21.49 21.59 24.10 0.00 0.00 -0.00 11.36 11.24 10.31 10.44 1256.18 1223.42 1.41 100.00 initial 0  nonempty None initial 297.35 Buffering (0/1) None     None  None  10.84 initial   Buffering (0/1) initial sleeping None    on       
2022-11-15,17:24:10.348:DEBUG: mega>RPi: X:0.00
2022-11-15,17:24:10.349:DEBUG: mega>RPi: Y:0.00
2022-11-15,17:24:10.350:DEBUG: mega>RPi: Z:0.00
2022-11-15,17:24:10.383:DEBUG: mega>RPi: PD:1.41
2022-11-15,17:24:10.384:DEBUG: mega>RPi: PC:100.00
2022-11-15,17:24:10.384:DEBUG: mega>RPi: LC:31.00
2022-11-15,17:24:10.461:DEBUG: mega>RPi: HL:0.00
2022-11-15,17:24:10.465:DEBUG: mega>RPi: EL:0.00
2022-11-15,17:24:10.478:DEBUG: mega>RPi: BT1:21.85
2022-11-15,17:24:10.489:DEBUG: mega>RPi: BT2:21.34
2022-11-15,17:24:10.551:DEBUG: mega>RPi: BP1:1187.70
2022-11-15,17:24:10.609:DEBUG: mega>RPi: BP2:1124.80
2022-11-15,17:24:10.665:DEBUG: mega>RPi: HP:1255.90
2022-11-15,17:24:10.678:DEBUG: mega>RPi: TT1:21.48
2022-11-15,17:24:10.694:DEBUG: mega>RPi: TT2:21.60
2022-11-15,17:24:10.752:DEBUG: mega>RPi: TP1:1031.10
2022-11-15,17:24:10.809:DEBUG: mega>RPi: TP2:1044.30
2022-11-15,17:24:10.826:DEBUG: mega>RPi: AT:24.10
2022-11-15,17:24:10.882:DEBUG: mega>RPi: AP:1223.70
2022-11-15,17:24:10.883:DEBUG: mega>RPi: BV:297.32
2022-11-15,17:24:10.884:DEBUG: mega>RPi: BF:0.00
2022-11-15,17:24:10.885:DEBUG: notify
2022-11-15,17:24:10.887:CRITICAL: BT1   BT2   TT1   TT2   AT    X    Y    Z     BP1   BP2   TP1   TP2   HP      AP      PD   PC     HL      EL BF       SF   PF      BV     rpm             Setpoint Error Depth avg_p direction Voltage         State   Safety   Payload TestMode 
2022-11-15,17:24:10.889:CRITICAL: 21.85 21.34 21.48 21.60 24.10 0.00 0.00 -0.00 11.36 11.25 10.31 10.44 1256.12 1223.40 1.41 100.00 initial 0  nonempty None initial 297.32 Buffering (0/1) None     None  None  10.84 initial   Buffering (0/1) initial sleeping None    on       
2022-11-15,17:24:10.931:DEBUG: mega>RPi: PD:1.41
2022-11-15,17:24:10.932:DEBUG: mega>RPi: PC:100.00
2022-11-15,17:24:10.935:DEBUG: mega>RPi: LC:32.00
2022-11-15,17:24:11.013:DEBUG: mega>RPi: HL:0.00
2022-11-15,17:24:11.014:DEBUG: mega>RPi: EL:0.00
2022-11-15,17:24:11.029:DEBUG: mega>RPi: BT1:21.85
2022-11-15,17:24:11.042:DEBUG: mega>RPi: BT2:21.34
2022-11-15,17:24:11.100:DEBUG: mega>RPi: BP1:1187.50
2022-11-15,17:24:11.157:DEBUG: mega>RPi: BP2:1124.70
2022-11-15,17:24:11.218:DEBUG: mega>RPi: HP:1256.10
2022-11-15,17:24:11.231:DEBUG: mega>RPi: TT1:21.47
2022-11-15,17:24:11.242:DEBUG: mega>RPi: TT2:21.60
2022-11-15,17:24:11.304:DEBUG: mega>RPi: TP1:1030.20
2022-11-15,17:24:11.362:DEBUG: mega>RPi: TP2:1043.70
2022-11-15,17:24:11.374:DEBUG: mega>RPi: AT:24.11
2022-11-15,17:24:11.432:DEBUG: mega>RPi: AP:1223.60
2022-11-15,17:24:11.436:DEBUG: mega>RPi: BV:297.46
2022-11-15,17:24:11.437:DEBUG: mega>RPi: BF:0.00
2022-11-15,17:24:11.439:DEBUG: notify
2022-11-15,17:24:11.441:CRITICAL: BT1   BT2   TT1   TT2   AT    X    Y    Z     BP1   BP2   TP1   TP2   HP      AP      PD   PC     HL      EL BF       SF   PF      BV     rpm             Setpoint Error Depth avg_p direction Voltage         State   Safety   Payload TestMode 
2022-11-15,17:24:11.445:CRITICAL: 21.85 21.34 21.48 21.60 24.11 0.00 0.00 -0.00 11.35 11.25 10.31 10.44 1256.08 1223.50 1.41 100.00 initial 0  nonempty None initial 297.46 Buffering (0/1) None     None  None  10.84 initial   Buffering (0/1) initial sleeping None    on       
2022-11-15,17:24:11.451:DEBUG: mega>RPi: X:0.00
2022-11-15,17:24:11.452:DEBUG: mega>RPi: Y:-0.01
2022-11-15,17:24:11.453:DEBUG: mega>RPi: Z:0.00
2022-11-15,17:24:11.489:DEBUG: mega>RPi: PD:1.41
2022-11-15,17:24:11.490:DEBUG: mega>RPi: PC:100.00
2022-11-15,17:24:11.490:DEBUG: mega>RPi: LC:33.00
2022-11-15,17:24:11.571:DEBUG: mega>RPi: HL:0.00
2022-11-15,17:24:11.572:DEBUG: mega>RPi: EL:0.00
2022-11-15,17:24:11.583:DEBUG: mega>RPi: BT1:21.84
2022-11-15,17:24:11.599:DEBUG: mega>RPi: BT2:21.34
2022-11-15,17:24:11.656:DEBUG: mega>RPi: BP1:1188.90
2022-11-15,17:24:11.714:DEBUG: mega>RPi: BP2:1124.60
2022-11-15,17:24:11.772:DEBUG: mega>RPi: HP:1256.20
2022-11-15,17:24:11.788:DEBUG: mega>RPi: TT1:21.47
2022-11-15,17:24:11.800:DEBUG: mega>RPi: TT2:21.62
2022-11-15,17:24:11.858:DEBUG: mega>RPi: TP1:1030.80
2022-11-15,17:24:11.915:DEBUG: mega>RPi: TP2:1044.30
2022-11-15,17:24:11.931:DEBUG: mega>RPi: AT:24.10
2022-11-15,17:24:11.988:DEBUG: mega>RPi: AP:1224.00
2022-11-15,17:24:11.990:DEBUG: mega>RPi: BV:297.01
2022-11-15,17:24:11.990:DEBUG: mega>RPi: BF:0.00
2022-11-15,17:24:11.992:DEBUG: notify
2022-11-15,17:24:11.994:CRITICAL: BT1   BT2   TT1   TT2   AT    X    Y     Z     BP1   BP2   TP1   TP2   HP      AP      PD   PC     HL      EL BF       SF   PF      BV     rpm             Setpoint Error Depth avg_p direction Voltage         State   Safety   Payload TestMode 
2022-11-15,17:24:11.998:CRITICAL: 21.85 21.34 21.47 21.60 24.11 0.00 -0.00 -0.00 11.35 11.24 10.31 10.44 1256.06 1223.60 1.41 100.00 initial 0  nonempty None initial 297.01 Buffering (0/1) None     None  None  10.83 initial   Buffering (0/1) initial sleeping None    on       
2022-11-15,17:24:12.046:DEBUG: mega>RPi: PD:1.41
2022-11-15,17:24:12.047:DEBUG: mega>RPi: PC:100.00
2022-11-15,17:24:12.050:DEBUG: mega>RPi: LC:34.00
2022-11-15,17:24:12.128:DEBUG: mega>RPi: HL:0.00
2022-11-15,17:24:12.129:DEBUG: mega>RPi: EL:0.00
2022-11-15,17:24:12.144:DEBUG: mega>RPi: BT1:21.84
2022-11-15,17:24:12.156:DEBUG: mega>RPi: BT2:21.33
2022-11-15,17:24:12.214:DEBUG: mega>RPi: BP1:1188.10
2022-11-15,17:24:12.272:DEBUG: mega>RPi: BP2:1124.50
2022-11-15,17:24:12.328:DEBUG: mega>RPi: HP:1256.00
2022-11-15,17:24:12.345:DEBUG: mega>RPi: TT1:21.46
2022-11-15,17:24:12.357:DEBUG: mega>RPi: TT2:21.62
2022-11-15,17:24:12.414:DEBUG: mega>RPi: TP1:1030.90
2022-11-15,17:24:12.475:DEBUG: mega>RPi: TP2:1044.00
2022-11-15,17:24:12.488:DEBUG: mega>RPi: AT:24.11
2022-11-15,17:24:12.546:DEBUG: mega>RPi: AP:1223.90
2022-11-15,17:24:12.547:DEBUG: mega>RPi: BV:297.15
2022-11-15,17:24:12.549:DEBUG: notify
2022-11-15,17:24:12.550:CRITICAL: BT1   BT2   TT1   TT2   AT    X    Y     Z     BP1   BP2   TP1   TP2   HP      AP      PD   PC     HL      EL BF       SF   PF      BV     rpm             Setpoint Error Depth avg_p direction Voltage         State   Safety   Payload TestMode 
2022-11-15,17:24:12.556:CRITICAL: 21.85 21.34 21.47 21.61 24.11 0.00 -0.00 -0.00 11.35 11.25 10.31 10.44 1256.02 1223.78 1.41 100.00 initial 0  nonempty None initial 297.15 Buffering (0/1) None     None  None  10.84 initial   Buffering (0/1) initial sleeping None    on       
2022-11-15,17:24:12.559:DEBUG: mega>RPi: BF:0.00
2022-11-15,17:24:12.560:DEBUG: mega>RPi: X:0.00
2022-11-15,17:24:12.562:DEBUG: mega>RPi: Y:0.02
2022-11-15,17:24:12.563:DEBUG: mega>RPi: Z:-0.00
2022-11-15,17:24:12.603:DEBUG: mega>RPi: PD:1.41
2022-11-15,17:24:12.607:DEBUG: mega>RPi: PC:100.00
2022-11-15,17:24:12.608:DEBUG: mega>RPi: LC:35.00
2022-11-15,17:24:12.685:DEBUG: mega>RPi: HL:0.00
2022-11-15,17:24:12.686:DEBUG: mega>RPi: EL:0.00
2022-11-15,17:24:12.701:DEBUG: mega>RPi: BT1:21.84
2022-11-15,17:24:12.713:DEBUG: mega>RPi: BT2:21.33
2022-11-15,17:24:12.771:DEBUG: mega>RPi: BP1:1189.00
2022-11-15,17:24:12.832:DEBUG: mega>RPi: BP2:1124.90
2022-11-15,17:24:12.889:DEBUG: mega>RPi: HP:1256.40
2022-11-15,17:24:12.902:DEBUG: mega>RPi: TT1:21.46
2022-11-15,17:24:12.915:DEBUG: mega>RPi: TT2:21.63
2022-11-15,17:24:12.975:DEBUG: mega>RPi: TP1:1030.80
2022-11-15,17:24:13.033:DEBUG: mega>RPi: TP2:1044.10
2022-11-15,17:24:13.046:DEBUG: mega>RPi: AT:24.11
2022-11-15,17:24:13.102:DEBUG: mega>RPi: AP:1224.20
2022-11-15,17:24:13.106:DEBUG: mega>RPi: BV:296.85
2022-11-15,17:24:13.107:DEBUG: mega>RPi: BF:0.00
2022-11-15,17:24:13.108:DEBUG: notify
2022-11-15,17:24:13.111:CRITICAL: BT1   BT2   TT1   TT2   AT    X     Y    Z     BP1   BP2   TP1   TP2   HP      AP      PD   PC     HL      EL BF       SF   PF      BV     rpm             Setpoint Error Depth avg_p direction Voltage         State   Safety   Payload TestMode 
2022-11-15,17:24:13.114:CRITICAL: 21.84 21.34 21.47 21.61 24.11 -0.00 0.00 -0.00 11.34 11.25 10.31 10.44 1256.12 1223.88 1.41 100.00 initial 0  nonempty None initial 296.85 Buffering (0/1) None     None  None  10.83 initial   Buffering (0/1) initial sleeping None    on       
2022-11-15,17:24:13.160:DEBUG: mega>RPi: PD:1.41
2022-11-15,17:24:13.161:DEBUG: mega>RPi: PC:100.00
2022-11-15,17:24:13.164:DEBUG: mega>RPi: LC:36.00
2022-11-15,17:24:13.242:DEBUG: mega>RPi: HL:0.00
2022-11-15,17:24:13.243:DEBUG: mega>RPi: EL:0.00
2022-11-15,17:24:13.258:DEBUG: mega>RPi: BT1:21.84
2022-11-15,17:24:13.270:DEBUG: mega>RPi: BT2:21.33
2022-11-15,17:24:13.328:DEBUG: mega>RPi: BP1:1190.20
2022-11-15,17:24:13.386:DEBUG: mega>RPi: BP2:1124.90
2022-11-15,17:24:13.446:DEBUG: mega>RPi: HP:1255.60
2022-11-15,17:24:13.459:DEBUG: mega>RPi: TT1:21.46
2022-11-15,17:24:13.471:DEBUG: mega>RPi: TT2:21.62
2022-11-15,17:24:13.532:DEBUG: mega>RPi: TP1:1030.50
2022-11-15,17:24:13.590:DEBUG: mega>RPi: TP2:1044.50
2022-11-15,17:24:13.602:DEBUG: mega>RPi: AT:24.11
2022-11-15,17:24:13.659:DEBUG: mega>RPi: AP:1224.20
2022-11-15,17:24:13.663:DEBUG: mega>RPi: BV:296.85
2022-11-15,17:24:13.665:DEBUG: mega>RPi: BF:0.00
2022-11-15,17:24:13.666:DEBUG: mega>RPi: X:0.00
2022-11-15,17:24:13.668:DEBUG: mega>RPi: Y:-0.00
2022-11-15,17:24:13.669:DEBUG: mega>RPi: Z:-0.00
2022-11-15,17:24:13.671:DEBUG: notify
2022-11-15,17:24:13.673:CRITICAL: BT1   BT2   TT1   TT2   AT    X     Y    Z     BP1   BP2   TP1   TP2   HP      AP      PD   PC     HL      EL BF       SF   PF      BV     rpm             Setpoint Error Depth avg_p direction Voltage         State   Safety   Payload TestMode 
2022-11-15,17:24:13.677:CRITICAL: 21.84 21.33 21.46 21.62 24.11 -0.00 0.00 -0.00 11.35 11.25 10.31 10.44 1256.06 1223.98 1.41 100.00 initial 0  nonempty None initial 296.85 Buffering (0/1) None     None  None  10.84 initial   Buffering (0/1) initial sleeping None    on       
2022-11-15,17:24:13.713:DEBUG: mega>RPi: PD:1.41
2022-11-15,17:24:13.714:DEBUG: mega>RPi: PC:100.00
2022-11-15,17:24:13.715:DEBUG: mega>RPi: LC:37.00
2022-11-15,17:24:13.794:DEBUG: mega>RPi: HL:0.00
2022-11-15,17:24:13.795:DEBUG: mega>RPi: EL:0.00
2022-11-15,17:24:13.807:DEBUG: mega>RPi: BT1:21.85
2022-11-15,17:24:13.824:DEBUG: mega>RPi: BT2:21.33
2022-11-15,17:24:13.881:DEBUG: mega>RPi: BP1:1193.50
2022-11-15,17:24:13.938:DEBUG: mega>RPi: BP2:1124.80
2022-11-15,17:24:13.995:DEBUG: mega>RPi: HP:1255.90
2022-11-15,17:24:14.012:DEBUG: mega>RPi: TT1:21.46
2022-11-15,17:24:14.024:DEBUG: mega>RPi: TT2:21.62
2022-11-15,17:24:14.081:DEBUG: mega>RPi: TP1:1030.50
2022-11-15,17:24:14.139:DEBUG: mega>RPi: TP2:1043.70
2022-11-15,17:24:14.155:DEBUG: mega>RPi: AT:24.11
2022-11-15,17:24:14.213:DEBUG: mega>RPi: AP:1224.30
2022-11-15,17:24:14.214:DEBUG: mega>RPi: BV:296.75
2022-11-15,17:24:14.215:DEBUG: mega>RPi: BF:0.00
2022-11-15,17:24:14.217:DEBUG: notify
2022-11-15,17:24:14.219:CRITICAL: BT1   BT2   TT1   TT2   AT    X    Y     Z    BP1   BP2   TP1   TP2   HP      AP      PD   PC     HL      EL BF       SF   PF      BV     rpm             Setpoint Error Depth avg_p direction Voltage         State   Safety   Payload TestMode 
2022-11-15,17:24:14.223:CRITICAL: 21.84 21.33 21.46 21.62 24.11 0.00 -0.00 0.00 11.36 11.25 10.31 10.44 1256.02 1224.12 1.41 100.00 initial 0  nonempty None initial 296.75 Buffering (0/1) None     None  None  10.84 initial   Buffering (0/1) initial sleeping None    on       
2022-11-15,17:24:14.262:DEBUG: mega>RPi: PD:1.41
2022-11-15,17:24:14.266:DEBUG: mega>RPi: PC:100.00
2022-11-15,17:24:14.267:DEBUG: mega>RPi: LC:38.00
2022-11-15,17:24:14.344:DEBUG: mega>RPi: HL:0.00
2022-11-15,17:24:14.348:DEBUG: mega>RPi: EL:0.00
2022-11-15,17:24:14.359:DEBUG: mega>RPi: BT1:21.85
2022-11-15,17:24:14.372:DEBUG: mega>RPi: BT2:21.33
2022-11-15,17:24:14.430:DEBUG: mega>RPi: BP1:1189.70
2022-11-15,17:24:14.490:DEBUG: mega>RPi: BP2:1124.70
2022-11-15,17:24:14.548:DEBUG: mega>RPi: HP:1256.00
2022-11-15,17:24:14.561:DEBUG: mega>RPi: TT1:21.46
2022-11-15,17:24:14.576:DEBUG: mega>RPi: TT2:21.62
2022-11-15,17:24:14.634:DEBUG: mega>RPi: TP1:1030.30
2022-11-15,17:24:14.692:DEBUG: mega>RPi: TP2:1043.40
2022-11-15,17:24:14.704:DEBUG: mega>RPi: AT:24.11
2022-11-15,17:24:14.765:DEBUG: mega>RPi: AP:1224.20
2022-11-15,17:24:14.767:DEBUG: mega>RPi: BV:296.85
2022-11-15,17:24:14.768:DEBUG: mega>RPi: BF:0.00
2022-11-15,17:24:14.770:DEBUG: mega>RPi: X:0.00
2022-11-15,17:24:14.771:DEBUG: mega>RPi: Y:0.00
2022-11-15,17:24:14.772:DEBUG: mega>RPi: Z:0.00
2022-11-15,17:24:14.773:DEBUG: notify
2022-11-15,17:24:14.775:CRITICAL: BT1   BT2   TT1   TT2   AT    X    Y     Z    BP1   BP2   TP1   TP2   HP      AP      PD   PC     HL      EL BF       SF   PF      BV     rpm             Setpoint Error Depth avg_p direction Voltage         State   Safety   Payload TestMode 
2022-11-15,17:24:14.779:CRITICAL: 21.84 21.33 21.46 21.62 24.11 0.00 -0.00 0.00 11.36 11.25 10.31 10.44 1255.98 1224.16 1.41 100.00 initial 0  nonempty None initial 296.85 Buffering (0/1) None     None  None  10.84 initial   Buffering (0/1) initial sleeping None    on       
2022-11-15,17:24:14.815:DEBUG: mega>RPi: PD:1.41
2022-11-15,17:24:14.818:DEBUG: mega>RPi: PC:100.00
2022-11-15,17:24:14.819:DEBUG: mega>RPi: LC:39.00
2022-11-15,17:24:14.896:DEBUG: mega>RPi: HL:0.00
2022-11-15,17:24:14.900:DEBUG: mega>RPi: EL:0.00
2022-11-15,17:24:14.913:DEBUG: mega>RPi: BT1:21.84
2022-11-15,17:24:14.924:DEBUG: mega>RPi: BT2:21.33
2022-11-15,17:24:14.982:DEBUG: mega>RPi: BP1:1193.40
2022-11-15,17:24:15.044:DEBUG: mega>RPi: BP2:1124.50
2022-11-15,17:24:15.102:DEBUG: mega>RPi: HP:1256.20
2022-11-15,17:24:15.113:DEBUG: mega>RPi: TT1:21.46
2022-11-15,17:24:15.130:DEBUG: mega>RPi: TT2:21.61
2022-11-15,17:24:15.188:DEBUG: mega>RPi: TP1:1031.00
2022-11-15,17:24:15.244:DEBUG: mega>RPi: TP2:1043.90
2022-11-15,17:24:15.257:DEBUG: mega>RPi: AT:24.11
2022-11-15,17:24:15.319:DEBUG: mega>RPi: AP:1224.60
2022-11-15,17:24:15.320:DEBUG: mega>RPi: BV:296.44
2022-11-15,17:24:15.320:DEBUG: mega>RPi: BF:0.00
2022-11-15,17:24:15.323:DEBUG: notify
2022-11-15,17:24:15.325:CRITICAL: BT1   BT2   TT1   TT2   AT    X    Y    Z    BP1   BP2   TP1   TP2   HP      AP      PD   PC     HL      EL BF       SF   PF      BV     rpm             Setpoint Error Depth avg_p direction Voltage         State   Safety   Payload TestMode 
2022-11-15,17:24:15.329:CRITICAL: 21.84 21.33 21.46 21.62 24.11 0.00 0.00 0.00 11.37 11.25 10.31 10.44 1256.02 1224.30 1.41 100.00 initial 0  nonempty None initial 296.44 Buffering (0/1) None     None  None  10.84 initial   Buffering (0/1) initial sleeping None    on       
2022-11-15,17:24:15.335:DEBUG: mega>RPi: PD:1.41
2022-11-15,17:24:15.336:DEBUG: mega>RPi: PC:100.00
2022-11-15,17:24:15.337:DEBUG: mega>RPi: LC:40.00
2022-11-15,17:24:15.405:DEBUG: mega>RPi: HL:0.00
2022-11-15,17:24:15.406:DEBUG: mega>RPi: EL:0.00
2022-11-15,17:24:15.421:DEBUG: mega>RPi: BT1:21.84
2022-11-15,17:24:15.432:DEBUG: mega>RPi: BT2:21.33
2022-11-15,17:24:15.490:DEBUG: mega>RPi: BP1:1188.60
2022-11-15,17:24:15.548:DEBUG: mega>RPi: BP2:1125.10
2022-11-15,17:24:15.608:DEBUG: mega>RPi: HP:1256.20
2022-11-15,17:24:15.621:DEBUG: mega>RPi: TT1:21.47
2022-11-15,17:24:15.634:DEBUG: mega>RPi: TT2:21.62
2022-11-15,17:24:15.694:DEBUG: mega>RPi: TP1:1031.00
2022-11-15,17:24:15.752:DEBUG: mega>RPi: TP2:1044.50
2022-11-15,17:24:15.765:DEBUG: mega>RPi: AT:24.10
2022-11-15,17:24:15.822:DEBUG: mega>RPi: AP:1224.10
2022-11-15,17:24:15.827:DEBUG: mega>RPi: BV:296.91
2022-11-15,17:24:15.828:DEBUG: mega>RPi: BF:0.00
2022-11-15,17:24:15.829:DEBUG: notify
2022-11-15,17:24:15.832:CRITICAL: BT1   BT2   TT1   TT2   AT    X    Y    Z    BP1   BP2   TP1   TP2   HP      AP      PD   PC     HL      EL BF       SF   PF      BV     rpm             Setpoint Error Depth avg_p direction Voltage         State   Safety   Payload TestMode 
2022-11-15,17:24:15.836:CRITICAL: 21.84 21.33 21.46 21.62 24.11 0.00 0.00 0.00 11.37 11.25 10.31 10.44 1255.98 1224.28 1.41 100.00 initial 0  nonempty None initial 296.91 Buffering (0/1) None     None  None  10.84 initial   Buffering (0/1) initial sleeping None    on       
2022-11-15,17:24:15.843:DEBUG: mega>RPi: X:0.00
2022-11-15,17:24:15.844:DEBUG: mega>RPi: Y:0.00
2022-11-15,17:24:15.845:DEBUG: mega>RPi: Z:0.00
2022-11-15,17:24:15.848:DEBUG: mega>RPi: PD:1.41
2022-11-15,17:24:15.852:DEBUG: mega>RPi: PC:100.00
2022-11-15,17:24:15.853:DEBUG: mega>RPi: LC:41.00
2022-11-15,17:24:15.929:DEBUG: mega>RPi: HL:0.00
2022-11-15,17:24:15.930:DEBUG: mega>RPi: EL:0.00
2022-11-15,17:24:15.946:DEBUG: mega>RPi: BT1:21.84
2022-11-15,17:24:15.957:DEBUG: mega>RPi: BT2:21.33
2022-11-15,17:24:16.015:DEBUG: mega>RPi: BP1:1193.40
2022-11-15,17:24:16.076:DEBUG: mega>RPi: BP2:1124.70
2022-11-15,17:24:16.133:DEBUG: mega>RPi: HP:1256.30
2022-11-15,17:24:16.146:DEBUG: mega>RPi: TT1:21.47
2022-11-15,17:24:16.158:DEBUG: mega>RPi: TT2:21.63
2022-11-15,17:24:16.219:DEBUG: mega>RPi: TP1:1031.20
2022-11-15,17:24:16.277:DEBUG: mega>RPi: TP2:1044.00
2022-11-15,17:24:16.289:DEBUG: mega>RPi: AT:24.11
2022-11-15,17:24:16.350:DEBUG: mega>RPi: AP:1224.20
2022-11-15,17:24:16.351:DEBUG: mega>RPi: BV:296.85
2022-11-15,17:24:16.352:DEBUG: mega>RPi: BF:0.00
2022-11-15,17:24:16.354:DEBUG: notify
2022-11-15,17:24:16.357:CRITICAL: BT1   BT2   TT1   TT2   AT    X    Y    Z    BP1   BP2   TP1   TP2   HP      AP      PD   PC     HL      EL BF       SF   PF      BV     rpm             Setpoint Error Depth avg_p direction Voltage         State   Safety   Payload TestMode 
2022-11-15,17:24:16.361:CRITICAL: 21.84 21.33 21.46 21.62 24.11 0.00 0.00 0.00 11.38 11.25 10.31 10.44 1256.12 1224.28 1.41 100.00 initial 0  nonempty None initial 296.85 Buffering (0/1) None     None  None  10.85 initial   Buffering (0/1) initial sleeping None    on       
2022-11-15,17:24:16.367:DEBUG: mega>RPi: X:0.00
2022-11-15,17:24:16.368:DEBUG: mega>RPi: Y:0.01
2022-11-15,17:24:16.369:DEBUG: mega>RPi: Z:-0.00
2022-11-15,17:24:16.403:DEBUG: mega>RPi: PD:1.41
2022-11-15,17:24:16.404:DEBUG: mega>RPi: PC:100.00
2022-11-15,17:24:16.407:DEBUG: mega>RPi: LC:42.00
2022-11-15,17:24:16.485:DEBUG: mega>RPi: HL:0.00
2022-11-15,17:24:16.486:DEBUG: mega>RPi: EL:0.00
2022-11-15,17:24:16.502:DEBUG: mega>RPi: BT1:21.84
2022-11-15,17:24:16.514:DEBUG: mega>RPi: BT2:21.32
2022-11-15,17:24:16.571:DEBUG: mega>RPi: BP1:1188.50
2022-11-15,17:24:16.629:DEBUG: mega>RPi: BP2:1124.40
2022-11-15,17:24:16.687:DEBUG: mega>RPi: HP:1256.30
2022-11-15,17:24:16.703:DEBUG: mega>RPi: TT1:21.48
2022-11-15,17:24:16.715:DEBUG: mega>RPi: TT2:21.63
2022-11-15,17:24:16.772:DEBUG: mega>RPi: TP1:1030.40
2022-11-15,17:24:16.834:DEBUG: mega>RPi: TP2:1044.50
2022-11-15,17:24:16.846:DEBUG: mega>RPi: AT:24.11
2022-11-15,17:24:16.903:DEBUG: mega>RPi: AP:1224.30
2022-11-15,17:24:16.907:DEBUG: mega>RPi: BV:296.75
2022-11-15,17:24:16.909:DEBUG: mega>RPi: BF:0.00
2022-11-15,17:24:16.911:DEBUG: notify
2022-11-15,17:24:16.914:CRITICAL: BT1   BT2   TT1   TT2   AT    X    Y    Z    BP1   BP2   TP1   TP2   HP      AP      PD   PC     HL      EL BF       SF   PF      BV     rpm             Setpoint Error Depth avg_p direction Voltage         State   Safety   Payload TestMode 
2022-11-15,17:24:16.918:CRITICAL: 21.84 21.33 21.47 21.62 24.11 0.00 0.01 0.00 11.37 11.25 10.31 10.44 1256.20 1224.28 1.41 100.00 initial 0  nonempty None initial 296.75 Buffering (0/1) None     None  None  10.84 initial   Buffering (0/1) initial sleeping None    on       
2022-11-15,17:24:16.961:DEBUG: mega>RPi: PD:1.41
2022-11-15,17:24:16.963:DEBUG: mega>RPi: PC:100.00
2022-11-15,17:24:16.963:DEBUG: mega>RPi: LC:43.00
2022-11-15,17:24:17.043:DEBUG: mega>RPi: HL:0.00
2022-11-15,17:24:17.044:DEBUG: mega>RPi: EL:0.00
2022-11-15,17:24:17.056:DEBUG: mega>RPi: BT1:21.84
2022-11-15,17:24:17.071:DEBUG: mega>RPi: BT2:21.32
2022-11-15,17:24:17.129:DEBUG: mega>RPi: BP1:1189.30
2022-11-15,17:24:17.186:DEBUG: mega>RPi: BP2:1124.80
2022-11-15,17:24:17.243:DEBUG: mega>RPi: HP:1255.90
2022-11-15,17:24:17.259:DEBUG: mega>RPi: TT1:21.48
2022-11-15,17:24:17.272:DEBUG: mega>RPi: TT2:21.62
2022-11-15,17:24:17.330:DEBUG: mega>RPi: TP1:1030.20
2022-11-15,17:24:17.386:DEBUG: mega>RPi: TP2:1043.90
2022-11-15,17:24:17.403:DEBUG: mega>RPi: AT:24.11
2022-11-15,17:24:17.461:DEBUG: mega>RPi: AP:1224.80
2022-11-15,17:24:17.461:DEBUG: mega>RPi: BV:296.24
2022-11-15,17:24:17.462:DEBUG: mega>RPi: BF:0.00
2022-11-15,17:24:17.463:DEBUG: notify
2022-11-15,17:24:17.465:CRITICAL: BT1   BT2   TT1   TT2   AT    X    Y    Z    BP1   BP2   TP1   TP2   HP      AP      PD   PC     HL      EL BF       SF   PF      BV     rpm             Setpoint Error Depth avg_p direction Voltage         State   Safety   Payload TestMode 
2022-11-15,17:24:17.471:CRITICAL: 21.84 21.33 21.47 21.62 24.11 0.00 0.01 0.00 11.37 11.25 10.31 10.44 1256.18 1224.40 1.41 100.00 initial 0  nonempty None initial 296.24 Buffering (0/1) None     None  None  10.84 initial   Buffering (0/1) initial sleeping None    on       
2022-11-15,17:24:17.479:DEBUG: mega>RPi: X:0.00
2022-11-15,17:24:17.481:DEBUG: mega>RPi: Y:-0.00
2022-11-15,17:24:17.482:DEBUG: mega>RPi: Z:-0.00
2022-11-15,17:24:17.518:DEBUG: mega>RPi: PD:1.41
2022-11-15,17:24:17.519:DEBUG: mega>RPi: PC:100.00
2022-11-15,17:24:17.520:DEBUG: mega>RPi: LC:44.00
2022-11-15,17:24:17.600:DEBUG: mega>RPi: HL:0.00
2022-11-15,17:24:17.602:DEBUG: mega>RPi: EL:0.00
2022-11-15,17:24:17.612:DEBUG: mega>RPi: BT1:21.85
2022-11-15,17:24:17.628:DEBUG: mega>RPi: BT2:21.32
2022-11-15,17:24:17.687:DEBUG: mega>RPi: BP1:1187.60
2022-11-15,17:24:17.743:DEBUG: mega>RPi: BP2:1124.70
2022-11-15,17:24:17.801:DEBUG: mega>RPi: HP:1256.20
2022-11-15,17:24:17.817:DEBUG: mega>RPi: TT1:21.49
2022-11-15,17:24:17.829:DEBUG: mega>RPi: TT2:21.63
2022-11-15,17:24:17.887:DEBUG: mega>RPi: TP1:1030.60
2022-11-15,17:24:17.945:DEBUG: mega>RPi: TP2:1043.90
2022-11-15,17:24:17.960:DEBUG: mega>RPi: AT:24.11
2022-11-15,17:24:18.017:DEBUG: mega>RPi: AP:1224.20
2022-11-15,17:24:18.018:DEBUG: mega>RPi: BV:296.85
2022-11-15,17:24:18.019:DEBUG: mega>RPi: BF:0.00
2022-11-15,17:24:18.020:DEBUG: notify
2022-11-15,17:24:18.022:CRITICAL: BT1   BT2   TT1   TT2   AT    X    Y    Z    BP1   BP2   TP1   TP2   HP      AP      PD   PC     HL      EL BF       SF   PF      BV     rpm             Setpoint Error Depth avg_p direction Voltage         State   Safety   Payload TestMode 
2022-11-15,17:24:18.024:CRITICAL: 21.84 21.32 21.48 21.63 24.11 0.00 0.00 0.00 11.35 11.25 10.31 10.44 1256.18 1224.32 1.41 100.00 initial 0  nonempty None initial 296.85 Buffering (0/1) None     None  None  10.84 initial   Buffering (0/1) initial sleeping None    on       
2022-11-15,17:24:18.075:DEBUG: mega>RPi: PD:1.41
2022-11-15,17:24:18.076:DEBUG: mega>RPi: PC:100.00
2022-11-15,17:24:18.077:DEBUG: mega>RPi: LC:45.00
2022-11-15,17:24:18.157:DEBUG: mega>RPi: HL:0.00
2022-11-15,17:24:18.157:DEBUG: mega>RPi: EL:0.00
2022-11-15,17:24:18.169:DEBUG: mega>RPi: BT1:21.85
2022-11-15,17:24:18.185:DEBUG: mega>RPi: BT2:21.32
2022-11-15,17:24:18.243:DEBUG: mega>RPi: BP1:1190.20
2022-11-15,17:24:18.300:DEBUG: mega>RPi: BP2:1124.70
2022-11-15,17:24:18.358:DEBUG: mega>RPi: HP:1256.00
2022-11-15,17:24:18.374:DEBUG: mega>RPi: TT1:21.48
2022-11-15,17:24:18.385:DEBUG: mega>RPi: TT2:21.61
2022-11-15,17:24:18.443:DEBUG: mega>RPi: TP1:1030.70
2022-11-15,17:24:18.501:DEBUG: mega>RPi: TP2:1044.30
2022-11-15,17:24:18.517:DEBUG: mega>RPi: AT:24.11
2022-11-15,17:24:18.546:INFO: graceful shutdown
2022-11-15,17:24:18.547:INFO: disabling safety. please wait...
2022-11-15,17:24:18.549:INFO: Closing database connections
2022-11-15,17:24:18.551:INFO: Nacking outstanding messages
