2022-11-15,17:10:24.823:INFO: init log at log/20221115
2022-11-15,17:10:24.892:INFO: safety controller init
2022-11-15,17:10:24.944:INFO: init driver
2022-11-15,17:10:24.946:INFO: Pressure controller was initialized successfully
2022-11-15,17:10:24.952:INFO: BP1 pressure sensor was initialized successfully
2022-11-15,17:10:24.960:INFO: BP2 pressure sensor was initialized successfully
2022-11-15,17:10:24.966:INFO: TP1 pressure sensor was initialized successfully
2022-11-15,17:10:24.973:INFO: TP2 pressure sensor was initialized successfully
2022-11-15,17:10:24.979:INFO: HP pressure sensor was initialized successfully
2022-11-15,17:10:24.986:INFO: AP pressure sensor was initialized successfully
2022-11-15,17:10:24.987:INFO: Temperature controller was initialized successfully
2022-11-15,17:10:24.995:INFO: BT1 temperature sensor was initialized successfully
2022-11-15,17:10:25.001:INFO: BT2 temperature sensor was initialized successfully
2022-11-15,17:10:25.008:INFO: TT1 temperature sensor was initialized successfully
2022-11-15,17:10:25.014:INFO: TT2 temperature sensor was initialized successfully
2022-11-15,17:10:25.021:INFO: AT temperature sensor was initialized successfully
2022-11-15,17:10:25.023:INFO: IMU controller was initialized successfully
2022-11-15,17:10:25.029:INFO: X IMU sensor was initialized successfully
2022-11-15,17:10:25.036:INFO: Y IMU sensor was initialized successfully
2022-11-15,17:10:25.042:INFO: Z IMU sensor was initialized successfully
2022-11-15,17:10:25.050:INFO: Bladder volume controller was initialized successfully
2022-11-15,17:10:25.056:INFO: Altimeter controller was initialized successfully
2022-11-15,17:10:25.063:INFO: rpm controller was initialized successfully
2022-11-15,17:10:25.064:INFO: Pump flag controller was initialized successfully
2022-11-15,17:10:25.073:INFO: Bladder flag controller was initialized successfully
2022-11-15,17:10:25.081:INFO: Hull leak flag controller was initialized successfully
2022-11-15,17:10:25.084:INFO: Engine leak flag controller was initialized successfully
2022-11-15,17:10:25.088:INFO: Full surface initiated flag controller was initialized successfully
2022-11-15,17:10:25.092:INFO: Iridium flag controller was initialized successfully
2022-11-15,17:10:25.102:INFO: direction flag controller was initialized successfully
2022-11-15,17:10:25.114:INFO: Payload flag controller was initialized successfully
2022-11-15,17:10:25.291:INFO: init consume mega
2022-11-15,17:10:25.293:INFO: init consume nano
2022-11-15,17:10:25.295:INFO: init consume payload
2022-11-15,17:10:26.371:INFO: 222
2022-11-15,17:10:26.373:INFO: safety went to sleep (sleep initiated)
2022-11-15,17:10:30.720:ERROR: error /0. no valid pressure sensors data available
2022-11-15,17:10:30.726:CRITICAL: BT1             BT2             TT1             TT2             AT              X               Y               Z               BP1             BP2             TP1             TP2             HP              AP              PD PC HL      EL BF      SF   PF      BV     rpm             Setpoint Error Depth avg_p direction Voltage         State   Safety   Payload TestMode 
2022-11-15,17:10:30.731:CRITICAL: Buffering (3/5) Buffering (3/5) Buffering (3/5) Buffering (2/5) Buffering (2/5) Buffering (1/5) Buffering (1/5) Buffering (1/5) Buffering (3/5) Buffering (3/5) Buffering (2/5) Buffering (2/5) Buffering (3/5) Buffering (2/5) 0  0  initial 0  initial None initial 319.06 Buffering (0/1) None     None  None  None  initial   Buffering (0/1) initial sleeping None    on       
2022-11-15,17:10:31.245:ERROR: error /0. no valid pressure sensors data available
2022-11-15,17:10:31.253:CRITICAL: BT1             BT2             TT1             TT2             AT              X               Y               Z               BP1             BP2             TP1             TP2             HP              AP              PD   PC    HL      EL BF       SF   PF      BV     rpm             Setpoint Error Depth avg_p direction Voltage         State   Safety   Payload TestMode 
2022-11-15,17:10:31.257:CRITICAL: Buffering (4/5) Buffering (4/5) Buffering (4/5) Buffering (3/5) Buffering (3/5) Buffering (2/5) Buffering (2/5) Buffering (2/5) Buffering (4/5) Buffering (4/5) Buffering (3/5) Buffering (3/5) Buffering (4/5) Buffering (3/5) 1.84 50.00 initial 0  nonempty None initial 319.38 Buffering (0/1) None     None  None  None  initial   Buffering (0/1) initial sleeping None    on       
2022-11-15,17:10:31.789:CRITICAL: BT1   BT2   TT1   TT2             AT              X               Y               Z               BP1   BP2   TP1             TP2             HP      AP              PD   PC    HL      EL BF       SF   PF      BV     rpm             Setpoint Error Depth avg_p direction Voltage         State   Safety   Payload TestMode 
2022-11-15,17:10:31.794:CRITICAL: 24.60 24.13 24.99 Buffering (4/5) Buffering (4/5) Buffering (3/5) Buffering (3/5) Buffering (3/5) 10.19 10.17 Buffering (4/5) Buffering (4/5) 1138.80 Buffering (4/5) 2.00 30.00 initial 0  nonempty None initial 318.85 Buffering (0/1) None     None  None  10.18 initial   Buffering (0/1) initial sleeping None    on       
2022-11-15,17:10:32.338:CRITICAL: BT1   BT2   TT1   TT2   AT    X               Y               Z               BP1   BP2   TP1   TP2   HP      AP      PD   PC    HL      EL BF       SF   PF      BV     rpm             Setpoint Error Depth avg_p direction Voltage         State   Safety   Payload TestMode 
2022-11-15,17:10:32.343:CRITICAL: 24.60 24.13 24.99 25.09 23.27 Buffering (4/5) Buffering (4/5) Buffering (4/5) 10.20 10.17 10.14 10.25 1138.94 1201.88 2.46 35.00 initial 0  nonempty None initial 318.96 Buffering (0/1) None     None  None  10.19 initial   Buffering (0/1) initial sleeping None    on       
2022-11-15,17:10:32.888:CRITICAL: BT1   BT2   TT1   TT2   AT    X    Y    Z    BP1   BP2   TP1   TP2   HP      AP      PD   PC    HL      EL BF       SF   PF      BV     rpm             Setpoint Error Depth avg_p direction Voltage         State   Safety   Payload TestMode 
2022-11-15,17:10:32.893:CRITICAL: 24.68 24.14 25.21 25.34 23.42 0.00 0.00 0.00 10.20 10.17 10.14 10.25 1138.98 1199.90 2.77 44.00 initial 0  nonempty None initial 319.06 Buffering (0/1) None     None  None  10.19 initial   Buffering (0/1) initial sleeping None    on       
2022-11-15,17:10:33.442:CRITICAL: BT1   BT2   TT1   TT2   AT    X    Y    Z    BP1   BP2   TP1   TP2   HP      AP      PD   PC    HL      EL BF       SF   PF      BV     rpm             Setpoint Error Depth avg_p direction Voltage         State   Safety   Payload TestMode 
2022-11-15,17:10:33.445:CRITICAL: 24.68 24.14 25.21 25.34 23.42 0.00 0.00 0.00 10.20 10.17 10.14 10.25 1139.00 1199.90 3.00 64.00 initial 0  nonempty None initial 319.06 Buffering (0/1) None     None  None  10.19 initial   Buffering (0/1) initial sleeping None    on       
2022-11-15,17:10:34.002:CRITICAL: BT1   BT2   TT1   TT2   AT    X    Y    Z    BP1   BP2   TP1   TP2   HP      AP      PD   PC    HL      EL BF       SF   PF      BV     rpm             Setpoint Error Depth avg_p direction Voltage         State   Safety   Payload TestMode 
2022-11-15,17:10:34.005:CRITICAL: 24.68 24.14 25.21 25.34 23.42 0.00 0.01 0.00 10.20 10.17 10.14 10.25 1139.08 1199.92 3.10 19.00 initial 0  nonempty None initial 319.27 Buffering (0/1) None     None  None  10.19 initial   Buffering (0/1) initial sleeping None    on       
2022-11-15,17:10:34.562:CRITICAL: BT1   BT2   TT1   TT2   AT    X    Y    Z    BP1   BP2   TP1   TP2   HP      AP      PD   PC   HL      EL BF       SF   PF      BV     rpm             Setpoint Error Depth avg_p direction Voltage         State   Safety   Payload TestMode 
2022-11-15,17:10:34.565:CRITICAL: 24.68 24.14 25.21 25.34 23.42 0.00 0.01 0.00 10.21 10.17 10.14 10.25 1139.12 1199.82 3.94 0.00 initial 0  nonempty None initial 319.38 Buffering (0/1) None     None  None  10.19 initial   Buffering (0/1) initial sleeping None    on       
2022-11-15,17:10:35.131:CRITICAL: BT1   BT2   TT1   TT2   AT    X    Y    Z    BP1   BP2   TP1   TP2   HP      AP      PD   PC   HL      EL BF       SF   PF      BV     rpm             Setpoint Error Depth avg_p direction Voltage         State   Safety   Payload TestMode 
2022-11-15,17:10:35.135:CRITICAL: 24.68 24.14 25.21 25.34 23.42 0.00 0.01 0.00 10.20 10.17 10.14 10.25 1139.06 1199.72 4.66 0.00 initial 0  nonempty None initial 319.48 Buffering (0/1) None     None  None  10.19 initial   Buffering (0/1) initial sleeping None    on       
2022-11-15,17:10:35.687:CRITICAL: BT1   BT2   TT1   TT2   AT    X    Y    Z    BP1   BP2   TP1   TP2   HP      AP      PD   PC    HL      EL BF       SF   PF      BV     rpm             Setpoint Error Depth avg_p direction Voltage         State   Safety   Payload TestMode 
2022-11-15,17:10:35.691:CRITICAL: 24.68 24.14 25.21 25.34 23.42 0.00 0.01 0.00 10.20 10.17 10.14 10.25 1139.02 1199.62 1.77 53.00 initial 0  nonempty None initial 319.59 Buffering (0/1) None     None  None  10.19 initial   Buffering (0/1) initial sleeping None    on       
2022-11-15,17:10:36.229:CRITICAL: BT1   BT2   TT1   TT2   AT    X    Y    Z    BP1   BP2   TP1   TP2   HP      AP      PD   PC    HL      EL BF       SF   PF      BV     rpm             Setpoint Error Depth avg_p direction Voltage         State   Safety   Payload TestMode 
2022-11-15,17:10:36.233:CRITICAL: 24.68 24.14 25.21 25.34 23.42 0.00 0.01 0.00 10.20 10.17 10.14 10.25 1138.92 1199.56 1.90 15.00 initial 0  nonempty None initial 319.38 Buffering (0/1) None     None  None  10.19 initial   Buffering (0/1) initial sleeping None    on       
2022-11-15,17:10:36.768:CRITICAL: BT1   BT2   TT1   TT2   AT    X    Y    Z    BP1   BP2   TP1   TP2   HP      AP      PD   PC   HL      EL BF       SF   PF      BV     rpm             Setpoint Error Depth avg_p direction Voltage         State   Safety   Payload TestMode 
2022-11-15,17:10:36.773:CRITICAL: 24.68 24.15 25.21 25.34 23.42 0.00 0.01 0.00 10.20 10.17 10.14 10.25 1138.76 1199.54 2.20 0.00 initial 0  nonempty None initial 319.42 Buffering (0/1) None     None  None  10.19 initial   Buffering (0/1) initial sleeping None    on       
2022-11-15,17:10:37.323:CRITICAL: BT1   BT2   TT1   TT2   AT    X    Y    Z    BP1   BP2   TP1   TP2   HP      AP      PD   PC   HL      EL BF       SF   PF      BV     rpm             Setpoint Error Depth avg_p direction Voltage         State   Safety   Payload TestMode 
2022-11-15,17:10:37.327:CRITICAL: 24.68 24.15 25.21 25.34 23.42 0.00 0.00 0.00 10.20 10.17 10.14 10.25 1138.80 1199.52 2.70 0.00 initial 0  nonempty None initial 319.48 Buffering (0/1) None     None  None  10.19 initial   Buffering (0/1) initial sleeping None    on       
2022-11-15,17:10:37.880:CRITICAL: BT1   BT2   TT1   TT2   AT    X    Y    Z    BP1   BP2   TP1   TP2   HP      AP      PD   PC   HL      EL BF       SF   PF      BV     rpm             Setpoint Error Depth avg_p direction Voltage         State   Safety   Payload TestMode 
2022-11-15,17:10:37.884:CRITICAL: 24.68 24.15 25.21 25.34 23.42 0.00 0.01 0.00 10.20 10.17 10.14 10.25 1138.82 1199.66 3.26 0.00 initial 0  nonempty None initial 318.75 Buffering (0/1) None     None  None  10.19 initial   Buffering (0/1) initial sleeping None    on       
2022-11-15,17:10:38.432:CRITICAL: BT1   BT2   TT1   TT2   AT    X    Y    Z    BP1   BP2   TP1   TP2   HP      AP      PD   PC   HL      EL BF       SF   PF      BV     rpm             Setpoint Error Depth avg_p direction Voltage         State   Safety   Payload TestMode 
2022-11-15,17:10:38.437:CRITICAL: 24.68 24.15 25.22 25.34 23.42 0.00 0.01 0.00 10.20 10.17 10.14 10.25 1138.90 1199.70 3.29 0.00 initial 0  nonempty None initial 319.38 Buffering (0/1) None     None  None  10.19 initial   Buffering (0/1) initial sleeping None    on       
2022-11-15,17:10:38.993:CRITICAL: BT1   BT2   TT1   TT2   AT    X    Y    Z    BP1   BP2   TP1   TP2   HP      AP      PD   PC   HL      EL BF       SF   PF      BV     rpm             Setpoint Error Depth avg_p direction Voltage         State   Safety   Payload TestMode 
2022-11-15,17:10:38.995:CRITICAL: 24.68 24.15 25.21 25.34 23.42 0.00 0.01 0.00 10.20 10.17 10.14 10.25 1139.04 1199.76 3.29 0.00 initial 0  nonempty None initial 319.06 Buffering (0/1) None     None  None  10.19 initial   Buffering (0/1) initial sleeping None    on       
2022-11-15,17:10:39.550:CRITICAL: BT1   BT2   TT1   TT2   AT    X    Y    Z    BP1   BP2   TP1   TP2   HP      AP      PD   PC    HL      EL BF       SF   PF      BV     rpm             Setpoint Error Depth avg_p direction Voltage         State   Safety   Payload TestMode 
2022-11-15,17:10:39.555:CRITICAL: 24.68 24.15 25.21 25.34 23.42 0.00 0.01 0.00 10.20 10.17 10.14 10.25 1139.10 1199.70 1.75 61.00 initial 0  nonempty None initial 319.70 Buffering (0/1) None     None  None  10.19 initial   Buffering (0/1) initial sleeping None    on       
2022-11-15,17:10:40.090:CRITICAL: BT1   BT2   TT1   TT2   AT    X    Y    Z    BP1   BP2   TP1   TP2   HP      AP      PD   PC    HL      EL BF       SF   PF      BV     rpm             Setpoint Error Depth avg_p direction Voltage         State   Safety   Payload TestMode 
2022-11-15,17:10:40.093:CRITICAL: 24.68 24.15 25.22 25.34 23.42 0.00 0.01 0.00 10.20 10.17 10.14 10.26 1139.08 1199.72 1.75 30.00 initial 0  nonempty None initial 319.38 Buffering (0/1) None     None  None  10.19 initial   Buffering (0/1) initial sleeping None    on       
2022-11-15,17:10:40.632:CRITICAL: BT1   BT2   TT1   TT2   AT    X    Y    Z    BP1   BP2   TP1   TP2   HP      AP      PD   PC   HL      EL BF       SF   PF      BV     rpm             Setpoint Error Depth avg_p direction Voltage         State   Safety   Payload TestMode 
2022-11-15,17:10:40.635:CRITICAL: 24.69 24.15 25.22 25.34 23.42 0.00 0.01 0.00 10.20 10.17 10.14 10.26 1139.10 1199.50 1.75 0.00 initial 0  nonempty None initial 319.91 Buffering (0/1) None     None  None  10.19 initial   Buffering (0/1) initial sleeping None    on       
2022-11-15,17:10:41.172:CRITICAL: BT1   BT2   TT1   TT2   AT    X    Y    Z    BP1   BP2   TP1   TP2   HP      AP      PD   PC   HL      EL BF       SF   PF      BV     rpm             Setpoint Error Depth avg_p direction Voltage         State   Safety   Payload TestMode 
2022-11-15,17:10:41.175:CRITICAL: 24.69 24.15 25.22 25.34 23.42 0.00 0.01 0.00 10.19 10.17 10.14 10.26 1139.12 1199.40 0.00 0.00 initial 0  nonempty None initial 319.91 Buffering (0/1) None     None  None  10.19 initial   Buffering (0/1) initial sleeping None    on       
2022-11-15,17:10:41.703:CRITICAL: BT1   BT2   TT1   TT2   AT    X    Y    Z    BP1   BP2   TP1   TP2   HP      AP      PD   PC    HL      EL BF       SF   PF      BV     rpm             Setpoint Error Depth avg_p direction Voltage         State   Safety   Payload TestMode 
2022-11-15,17:10:41.706:CRITICAL: 24.69 24.15 25.22 25.35 23.42 0.00 0.01 0.00 10.20 10.17 10.14 10.26 1139.12 1199.36 1.76 48.00 initial 0  nonempty None initial 319.27 Buffering (0/1) None     None  None  10.19 initial   Buffering (0/1) initial sleeping None    on       
2022-11-15,17:10:42.245:CRITICAL: BT1   BT2   TT1   TT2   AT    X    Y    Z    BP1   BP2   TP1   TP2   HP      AP      PD   PC    HL      EL BF       SF   PF      BV     rpm             Setpoint Error Depth avg_p direction Voltage         State   Safety   Payload TestMode 
2022-11-15,17:10:42.249:CRITICAL: 24.69 24.15 25.22 25.35 23.42 0.00 0.01 0.00 10.20 10.17 10.14 10.26 1139.16 1199.30 1.80 31.00 initial 0  nonempty None initial 320.01 Buffering (0/1) None     None  None  10.19 initial   Buffering (0/1) initial sleeping None    on       
2022-11-15,17:10:42.785:CRITICAL: BT1   BT2   TT1   TT2   AT    X    Y    Z    BP1   BP2   TP1   TP2   HP      AP      PD   PC   HL      EL BF       SF   PF      BV     rpm             Setpoint Error Depth avg_p direction Voltage         State   Safety   Payload TestMode 
2022-11-15,17:10:42.788:CRITICAL: 24.69 24.15 25.22 25.35 23.42 0.00 0.01 0.00 10.20 10.17 10.14 10.25 1139.24 1199.26 1.98 0.00 initial 0  nonempty None initial 319.59 Buffering (0/1) None     None  None  10.19 initial   Buffering (0/1) initial sleeping None    on       
2022-11-15,17:10:43.331:CRITICAL: BT1   BT2   TT1   TT2   AT    X    Y    Z    BP1   BP2   TP1   TP2   HP      AP      PD   PC   HL      EL BF       SF   PF      BV     rpm             Setpoint Error Depth avg_p direction Voltage         State   Safety   Payload TestMode 
2022-11-15,17:10:43.334:CRITICAL: 24.68 24.15 25.22 25.35 23.42 0.00 0.01 0.00 10.20 10.17 10.14 10.25 1139.22 1199.42 2.65 0.00 initial 0  nonempty None initial 319.06 Buffering (0/1) None     None  None  10.19 initial   Buffering (0/1) initial sleeping None    on       
2022-11-15,17:10:43.887:CRITICAL: BT1   BT2   TT1   TT2   AT    X    Y    Z    BP1   BP2   TP1   TP2   HP      AP      PD   PC   HL      EL BF       SF   PF      BV     rpm             Setpoint Error Depth avg_p direction Voltage         State   Safety   Payload TestMode 
2022-11-15,17:10:43.896:CRITICAL: 24.68 24.15 25.22 25.35 23.42 0.00 0.01 0.00 10.20 10.17 10.14 10.25 1139.12 1199.44 3.24 0.00 initial 0  nonempty None initial 319.80 Buffering (0/1) None     None  None  10.19 initial   Buffering (0/1) initial sleeping None    on       
2022-11-15,17:10:44.445:CRITICAL: BT1   BT2   TT1   TT2   AT    X    Y    Z    BP1   BP2   TP1   TP2   HP      AP      PD   PC   HL      EL BF       SF   PF      BV     rpm             Setpoint Error Depth avg_p direction Voltage         State   Safety   Payload TestMode 
2022-11-15,17:10:44.447:CRITICAL: 24.69 24.15 25.22 25.35 23.42 0.00 0.01 0.00 10.20 10.17 10.14 10.25 1139.06 1199.38 3.30 0.00 initial 0  nonempty None initial 319.63 Buffering (0/1) None     None  None  10.19 initial   Buffering (0/1) initial sleeping None    on       
2022-11-15,17:10:45.001:CRITICAL: BT1   BT2   TT1   TT2   AT    X    Y    Z    BP1   BP2   TP1   TP2   HP      AP      PD   PC   HL      EL BF       SF   PF      BV     rpm             Setpoint Error Depth avg_p direction Voltage         State   Safety   Payload TestMode 
2022-11-15,17:10:45.004:CRITICAL: 24.69 24.15 25.22 25.35 23.42 0.00 0.01 0.00 10.20 10.17 10.14 10.25 1138.98 1199.54 3.32 0.00 initial 0  nonempty None initial 319.17 Buffering (0/1) None     None  None  10.19 initial   Buffering (0/1) initial sleeping None    on       
2022-11-15,17:10:45.554:CRITICAL: BT1   BT2   TT1   TT2   AT    X    Y    Z    BP1   BP2   TP1   TP2   HP      AP      PD   PC    HL      EL BF       SF   PF      BV     rpm             Setpoint Error Depth avg_p direction Voltage         State   Safety   Payload TestMode 
2022-11-15,17:10:45.557:CRITICAL: 24.68 24.15 25.22 25.35 23.42 0.00 0.01 0.00 10.19 10.17 10.14 10.25 1138.98 1199.54 1.75 53.00 initial 0  nonempty None initial 319.59 Buffering (0/1) None     None  None  10.19 initial   Buffering (0/1) initial sleeping None    on       
2022-11-15,17:10:46.100:CRITICAL: BT1   BT2   TT1   TT2   AT    X    Y    Z    BP1   BP2   TP1   TP2   HP      AP      PD   PC   HL      EL BF       SF   PF      BV     rpm             Setpoint Error Depth avg_p direction Voltage         State   Safety   Payload TestMode 
2022-11-15,17:10:46.105:CRITICAL: 24.69 24.15 25.22 25.35 23.42 0.00 0.01 0.00 10.19 10.17 10.14 10.25 1139.00 1199.46 1.75 8.00 initial 0  nonempty None initial 319.48 Buffering (0/1) None     None  None  10.19 initial   Buffering (0/1) initial sleeping None    on       
2022-11-15,17:10:46.641:CRITICAL: BT1   BT2   TT1   TT2   AT    X    Y    Z    BP1   BP2   TP1   TP2   HP      AP      PD   PC   HL      EL BF       SF   PF      BV     rpm             Setpoint Error Depth avg_p direction Voltage         State   Safety   Payload TestMode 
2022-11-15,17:10:46.649:CRITICAL: 24.69 24.15 25.22 25.35 23.42 0.00 0.01 0.00 10.19 10.17 10.14 10.25 1139.06 1199.52 1.94 0.00 initial 0  nonempty None initial 319.52 Buffering (0/1) None     None  None  10.19 initial   Buffering (0/1) initial sleeping None    on       
2022-11-15,17:10:47.179:CRITICAL: BT1   BT2   TT1   TT2   AT    X    Y    Z    BP1   BP2   TP1   TP2   HP      AP      PD   PC   HL      EL BF       SF   PF      BV     rpm             Setpoint Error Depth avg_p direction Voltage         State   Safety   Payload TestMode 
2022-11-15,17:10:47.183:CRITICAL: 24.68 24.15 25.22 25.35 23.42 0.00 0.01 0.00 10.19 10.17 10.14 10.25 1139.02 1199.52 2.10 0.00 initial 0  nonempty None initial 319.59 Buffering (0/1) None     None  None  10.19 initial   Buffering (0/1) initial sleeping None    on       
2022-11-15,17:10:47.722:CRITICAL: BT1   BT2   TT1   TT2   AT    X    Y    Z    BP1   BP2   TP1   TP2   HP      AP      PD   PC   HL      EL BF       SF   PF      BV     rpm             Setpoint Error Depth avg_p direction Voltage         State   Safety   Payload TestMode 
2022-11-15,17:10:47.726:CRITICAL: 24.68 24.15 25.22 25.35 23.42 0.00 0.01 0.00 10.20 10.17 10.14 10.26 1139.12 1199.42 2.09 0.00 initial 0  nonempty None initial 319.70 Buffering (0/1) None     None  None  10.19 initial   Buffering (0/1) initial sleeping None    on       
2022-11-15,17:10:48.270:CRITICAL: BT1   BT2   TT1   TT2   AT    X    Y    Z    BP1   BP2   TP1   TP2   HP      AP      PD   PC    HL      EL BF       SF   PF      BV     rpm             Setpoint Error Depth avg_p direction Voltage         State   Safety   Payload TestMode 
2022-11-15,17:10:48.274:CRITICAL: 24.68 24.15 25.22 25.35 23.42 0.00 0.01 0.00 10.20 10.17 10.14 10.25 1139.12 1199.36 1.74 54.00 initial 0  nonempty None initial 319.91 Buffering (0/1) None     None  None  10.19 initial   Buffering (0/1) initial sleeping None    on       
2022-11-15,17:10:48.811:CRITICAL: BT1   BT2   TT1   TT2   AT    X    Y    Z    BP1   BP2   TP1   TP2   HP      AP      PD   PC    HL      EL BF       SF   PF      BV     rpm             Setpoint Error Depth avg_p direction Voltage         State   Safety   Payload TestMode 
2022-11-15,17:10:48.815:CRITICAL: 24.68 24.15 25.23 25.35 23.42 0.00 0.01 0.00 10.20 10.17 10.14 10.25 1139.16 1199.34 1.74 27.00 initial 0  nonempty None initial 319.59 Buffering (0/1) None     None  None  10.19 initial   Buffering (0/1) initial sleeping None    on       
2022-11-15,17:10:49.354:CRITICAL: BT1   BT2   TT1   TT2   AT    X    Y    Z    BP1   BP2   TP1   TP2   HP      AP      PD   PC   HL      EL BF       SF   PF      BV     rpm             Setpoint Error Depth avg_p direction Voltage         State   Safety   Payload TestMode 
2022-11-15,17:10:49.358:CRITICAL: 24.68 24.15 25.23 25.36 23.42 0.00 0.01 0.00 10.20 10.17 10.14 10.25 1139.04 1199.28 1.91 0.00 initial 0  nonempty None initial 319.80 Buffering (0/1) None     None  None  10.19 initial   Buffering (0/1) initial sleeping None    on       
2022-11-15,17:10:49.580:INFO: graceful shutdown
2022-11-15,17:10:49.583:INFO: disabling safety. please wait...
2022-11-15,17:10:49.586:INFO: Closing database connections
2022-11-15,17:10:49.588:INFO: Nacking outstanding messages
