2022-11-15,17:28:01.687:INFO: init log at log/20221115
2022-11-15,17:28:01.756:INFO: safety controller init
2022-11-15,17:28:01.804:INFO: init driver
2022-11-15,17:28:01.806:INFO: Pressure controller was initialized successfully
2022-11-15,17:28:01.812:INFO: BP1 pressure sensor was initialized successfully
2022-11-15,17:28:01.819:INFO: BP2 pressure sensor was initialized successfully
2022-11-15,17:28:01.824:INFO: TP1 pressure sensor was initialized successfully
2022-11-15,17:28:01.830:INFO: TP2 pressure sensor was initialized successfully
2022-11-15,17:28:01.836:INFO: HP pressure sensor was initialized successfully
2022-11-15,17:28:01.841:INFO: AP pressure sensor was initialized successfully
2022-11-15,17:28:01.843:INFO: Temperature controller was initialized successfully
2022-11-15,17:28:01.849:INFO: BT1 temperature sensor was initialized successfully
2022-11-15,17:28:01.855:INFO: BT2 temperature sensor was initialized successfully
2022-11-15,17:28:01.861:INFO: TT1 temperature sensor was initialized successfully
2022-11-15,17:28:01.866:INFO: TT2 temperature sensor was initialized successfully
2022-11-15,17:28:01.873:INFO: AT temperature sensor was initialized successfully
2022-11-15,17:28:01.874:INFO: IMU controller was initialized successfully
2022-11-15,17:28:01.880:INFO: X IMU sensor was initialized successfully
2022-11-15,17:28:01.886:INFO: Y IMU sensor was initialized successfully
2022-11-15,17:28:01.892:INFO: Z IMU sensor was initialized successfully
2022-11-15,17:28:01.898:INFO: Bladder volume controller was initialized successfully
2022-11-15,17:28:01.904:INFO: Altimeter controller was initialized successfully
2022-11-15,17:28:01.909:INFO: rpm controller was initialized successfully
2022-11-15,17:28:01.911:INFO: Pump flag controller was initialized successfully
2022-11-15,17:28:01.918:INFO: Bladder flag controller was initialized successfully
2022-11-15,17:28:01.926:INFO: Hull leak flag controller was initialized successfully
2022-11-15,17:28:01.929:INFO: Engine leak flag controller was initialized successfully
2022-11-15,17:28:01.932:INFO: Full surface initiated flag controller was initialized successfully
2022-11-15,17:28:01.936:INFO: Iridium flag controller was initialized successfully
2022-11-15,17:28:01.944:INFO: direction flag controller was initialized successfully
2022-11-15,17:28:01.955:INFO: Payload flag controller was initialized successfully
2022-11-15,17:28:02.115:INFO: init consume mega
2022-11-15,17:28:02.117:INFO: init consume nano
2022-11-15,17:28:02.119:INFO: init consume payload
2022-11-15,17:28:03.247:INFO: 222
2022-11-15,17:28:03.249:INFO: safety went to sleep (sleep initiated)
2022-11-15,17:28:13.349:ERROR: error /0. no valid pressure sensors data available
2022-11-15,17:28:13.357:CRITICAL: BT1             BT2             TT1             TT2             AT              X               Y               Z               BP1             BP2             TP1             TP2             HP              AP              PD PC     HL      EL BF      SF   PF      BV     rpm             Setpoint Error Depth avg_p direction Voltage         State   Safety   Payload TestMode 
2022-11-15,17:28:13.362:CRITICAL: Buffering (3/5) Buffering (2/5) Buffering (2/5) Buffering (2/5) Buffering (2/5) Buffering (1/5) Buffering (1/5) Buffering (1/5) Buffering (2/5) Buffering (2/5) Buffering (2/5) Buffering (2/5) Buffering (2/5) Buffering (2/5) 0  100.00 initial 0  initial None initial 289.11 Buffering (0/1) None     None  None  None  initial   Buffering (0/1) initial sleeping None    on       
2022-11-15,17:28:13.858:ERROR: error /0. no valid pressure sensors data available
2022-11-15,17:28:13.863:CRITICAL: BT1             BT2             TT1             TT2             AT              X               Y               Z               BP1             BP2             TP1             TP2             HP              AP              PD   PC     HL      EL BF       SF   PF      BV     rpm             Setpoint Error Depth avg_p direction Voltage         State   Safety   Payload TestMode 
2022-11-15,17:28:13.868:CRITICAL: Buffering (4/5) Buffering (3/5) Buffering (3/5) Buffering (3/5) Buffering (3/5) Buffering (2/5) Buffering (2/5) Buffering (2/5) Buffering (3/5) Buffering (3/5) Buffering (3/5) Buffering (3/5) Buffering (3/5) Buffering (3/5) 1.40 100.00 initial 0  nonempty None initial 289.41 Buffering (0/1) None     None  None  None  initial   Buffering (0/1) initial sleeping None    on       
2022-11-15,17:28:14.386:ERROR: error /0. no valid pressure sensors data available
2022-11-15,17:28:14.391:CRITICAL: BT1   BT2             TT1             TT2             AT              X               Y               Z               BP1             BP2             TP1             TP2             HP              AP              PD   PC     HL      EL BF       SF   PF      BV     rpm             Setpoint Error Depth avg_p direction Voltage         State   Safety   Payload TestMode 
2022-11-15,17:28:14.398:CRITICAL: 21.60 Buffering (4/5) Buffering (4/5) Buffering (4/5) Buffering (4/5) Buffering (3/5) Buffering (3/5) Buffering (3/5) Buffering (4/5) Buffering (4/5) Buffering (4/5) Buffering (4/5) Buffering (4/5) Buffering (4/5) 1.40 100.00 initial 0  nonempty None initial 289.71 Buffering (0/1) None     None  None  None  initial   Buffering (0/1) initial sleeping None    on       
2022-11-15,17:28:14.899:ERROR: error in BP1 sensor value: -39.17 is out of bound!
2022-11-15,17:28:14.903:CRITICAL: BT1   BT2   TT1   TT2   AT    X               Y               Z               BP1    BP2   TP1   TP2   HP      AP      PD   PC     HL      EL BF       SF   PF      BV     rpm             Setpoint Error Depth avg_p direction Voltage         State   Safety   Payload TestMode 
2022-11-15,17:28:14.908:CRITICAL: 21.67 21.25 21.86 21.94 23.70 Buffering (4/5) Buffering (4/5) Buffering (4/5) -39.17 11.26 10.33 10.45 1255.36 1232.50 1.41 100.00 initial 0  nonempty None initial 289.31 Buffering (0/1) None     None  None  10.68 initial   Buffering (0/1) initial sleeping None    on       
2022-11-15,17:28:15.430:CRITICAL: BT1   BT2   TT1   TT2   AT    X               Y               Z               BP1   BP2   TP1   TP2   HP      AP      PD   PC     HL      EL BF       SF   PF      BV     rpm             Setpoint Error Depth avg_p direction Voltage         State   Safety   Payload TestMode 
2022-11-15,17:28:15.433:CRITICAL: 21.75 21.26 21.32 21.41 23.83 Buffering (4/5) Buffering (4/5) Buffering (4/5) 11.36 11.26 10.33 10.45 1255.30 1230.40 1.41 100.00 initial 0  nonempty None initial 289.51 Buffering (0/1) None     None  None  10.85 initial   Buffering (0/1) initial sleeping None    on       
2022-11-15,17:28:15.941:CRITICAL: BT1   BT2   TT1   TT2   AT    X    Y    Z    BP1   BP2   TP1   TP2   HP      AP      PD   PC     HL      EL BF       SF   PF      BV     rpm             Setpoint Error Depth avg_p direction Voltage         State   Safety   Payload TestMode 
2022-11-15,17:28:15.945:CRITICAL: 21.75 21.26 21.32 21.41 23.83 0.01 0.00 0.00 11.36 11.26 10.33 10.45 1255.22 1230.36 1.42 100.00 initial 0  nonempty None initial 289.31 Buffering (0/1) None     None  None  10.85 initial   Buffering (0/1) initial sleeping None    on       
2022-11-15,17:28:16.472:CRITICAL: BT1   BT2   TT1   TT2   AT    X    Y    Z    BP1   BP2   TP1   TP2   HP      AP      PD   PC     HL      EL BF       SF   PF      BV     rpm             Setpoint Error Depth avg_p direction Voltage         State   Safety   Payload TestMode 
2022-11-15,17:28:16.475:CRITICAL: 21.75 21.26 21.32 21.41 23.83 0.01 0.00 0.00 11.36 11.26 10.33 10.44 1255.20 1230.26 1.42 100.00 initial 0  nonempty None initial 289.91 Buffering (0/1) None     None  None  10.85 initial   Buffering (0/1) initial sleeping None    on       
2022-11-15,17:28:16.981:CRITICAL: BT1   BT2   TT1   TT2   AT    X    Y    Z    BP1   BP2   TP1   TP2   HP      AP      PD   PC     HL      EL BF       SF   PF      BV     rpm             Setpoint Error Depth avg_p direction Voltage         State   Safety   Payload TestMode 
2022-11-15,17:28:16.985:CRITICAL: 21.75 21.26 21.32 21.41 23.83 0.01 0.00 0.00 11.36 11.26 10.33 10.44 1255.26 1230.28 1.43 100.00 initial 0  nonempty None initial 289.61 Buffering (0/1) None     None  None  10.85 initial   Buffering (0/1) initial sleeping None    on       
2022-11-15,17:28:17.510:CRITICAL: BT1   BT2   TT1   TT2   AT    X    Y    Z    BP1   BP2   TP1   TP2   HP      AP      PD   PC     HL      EL BF       SF   PF      BV     rpm             Setpoint Error Depth avg_p direction Voltage         State   Safety   Payload TestMode 
2022-11-15,17:28:17.512:CRITICAL: 21.75 21.26 21.32 21.41 23.83 0.01 0.00 0.00 11.36 11.26 10.33 10.45 1255.24 1230.24 1.43 100.00 initial 0  nonempty None initial 289.51 Buffering (0/1) None     None  None  10.85 initial   Buffering (0/1) initial sleeping None    on       
2022-11-15,17:28:18.077:CRITICAL: BT1   BT2   TT1   TT2   AT    X    Y    Z    BP1   BP2   TP1   TP2   HP      AP      PD   PC     HL      EL BF       SF   PF      BV     rpm             Setpoint Error Depth avg_p direction Voltage         State   Safety   Payload TestMode 
2022-11-15,17:28:18.082:CRITICAL: 21.75 21.26 21.32 21.41 23.83 0.01 0.00 0.00 11.36 11.26 10.33 10.45 1255.30 1230.06 1.42 100.00 initial 0  nonempty None initial 290.41 Buffering (0/1) None     None  None  10.85 initial   Buffering (0/1) initial sleeping None    on       
2022-11-15,17:28:18.637:CRITICAL: BT1   BT2   TT1   TT2   AT    X    Y    Z    BP1   BP2   TP1   TP2   HP      AP      PD   PC     HL      EL BF       SF   PF      BV     rpm             Setpoint Error Depth avg_p direction Voltage         State   Safety   Payload TestMode 
2022-11-15,17:28:18.642:CRITICAL: 21.75 21.26 21.32 21.41 23.83 0.00 0.00 0.00 11.36 11.26 10.33 10.45 1255.38 1229.96 1.41 100.00 initial 0  nonempty None initial 289.78 Buffering (0/1) None     None  None  10.85 initial   Buffering (0/1) initial sleeping None    on       
2022-11-15,17:28:19.144:CRITICAL: BT1   BT2   TT1   TT2   AT    X    Y    Z    BP1   BP2   TP1   TP2   HP      AP      PD   PC     HL      EL BF       SF   PF      BV     rpm             Setpoint Error Depth avg_p direction Voltage         State   Safety   Payload TestMode 
2022-11-15,17:28:19.148:CRITICAL: 21.75 21.26 21.32 21.41 23.83 0.00 0.00 0.00 11.36 11.26 10.33 10.45 1255.40 1229.92 1.41 100.00 initial 0  nonempty None initial 290.08 Buffering (0/1) None     None  None  10.85 initial   Buffering (0/1) initial sleeping None    on       
2022-11-15,17:28:19.667:CRITICAL: BT1   BT2   TT1   TT2   AT    X    Y    Z    BP1   BP2   TP1   TP2   HP      AP      PD   PC     HL      EL BF       SF   PF      BV     rpm             Setpoint Error Depth avg_p direction Voltage         State   Safety   Payload TestMode 
2022-11-15,17:28:19.670:CRITICAL: 21.75 21.26 21.32 21.41 23.82 0.00 0.00 0.00 11.36 11.26 10.33 10.45 1255.36 1229.90 1.41 100.00 initial 0  nonempty None initial 289.67 Buffering (0/1) None     None  None  10.85 initial   Buffering (0/1) initial sleeping None    on       
2022-11-15,17:28:20.171:CRITICAL: BT1   BT2   TT1   TT2   AT    X    Y    Z    BP1   BP2   TP1   TP2   HP      AP      PD   PC     HL      EL BF       SF   PF      BV     rpm             Setpoint Error Depth avg_p direction Voltage         State   Safety   Payload TestMode 
2022-11-15,17:28:20.174:CRITICAL: 21.74 21.26 21.32 21.41 23.82 0.00 0.00 0.00 11.36 11.26 10.33 10.45 1255.38 1229.80 1.41 100.00 initial 0  nonempty None initial 289.98 Buffering (0/1) None     None  None  10.85 initial   Buffering (0/1) initial sleeping None    on       
2022-11-15,17:28:20.699:CRITICAL: BT1   BT2   TT1   TT2   AT    X     Y    Z    BP1   BP2   TP1   TP2   HP      AP      PD   PC     HL      EL BF       SF   PF      BV     rpm             Setpoint Error Depth avg_p direction Voltage         State   Safety   Payload TestMode 
2022-11-15,17:28:20.702:CRITICAL: 21.74 21.26 21.32 21.41 23.82 -0.01 0.00 0.00 11.37 11.26 10.33 10.45 1255.38 1229.90 1.41 100.00 initial 0  nonempty None initial 289.88 Buffering (0/1) None     None  None  10.85 initial   Buffering (0/1) initial sleeping None    on       
2022-11-15,17:28:21.208:CRITICAL: BT1   BT2   TT1   TT2   AT    X     Y    Z    BP1   BP2   TP1   TP2   HP      AP      PD   PC     HL      EL BF       SF   PF      BV     rpm             Setpoint Error Depth avg_p direction Voltage         State   Safety   Payload TestMode 
2022-11-15,17:28:21.212:CRITICAL: 21.74 21.26 21.32 21.41 23.82 -0.01 0.00 0.00 11.37 11.26 10.33 10.45 1255.44 1229.96 1.41 100.00 initial 0  nonempty None initial 289.47 Buffering (0/1) None     None  None  10.85 initial   Buffering (0/1) initial sleeping None    on       
2022-11-15,17:28:21.732:CRITICAL: BT1   BT2   TT1   TT2   AT    X     Y    Z    BP1   BP2   TP1   TP2   HP      AP      PD   PC     HL      EL BF       SF   PF      BV     rpm             Setpoint Error Depth avg_p direction Voltage         State   Safety   Payload TestMode 
2022-11-15,17:28:21.735:CRITICAL: 21.74 21.27 21.32 21.41 23.82 -0.00 0.00 0.00 11.38 11.26 10.33 10.45 1255.54 1229.92 1.40 100.00 initial 0  nonempty None initial 290.28 Buffering (0/1) None     None  None  10.86 initial   Buffering (0/1) initial sleeping None    on       
2022-11-15,17:28:22.239:CRITICAL: BT1   BT2   TT1   TT2   AT    X     Y    Z    BP1   BP2   TP1   TP2   HP      AP      PD   PC     HL      EL BF       SF   PF      BV     rpm             Setpoint Error Depth avg_p direction Voltage         State   Safety   Payload TestMode 
2022-11-15,17:28:22.242:CRITICAL: 21.74 21.27 21.32 21.41 23.82 -0.00 0.00 0.00 11.38 11.26 10.33 10.45 1255.52 1229.86 1.40 100.00 initial 0  nonempty None initial 289.98 Buffering (0/1) None     None  None  10.86 initial   Buffering (0/1) initial sleeping None    on       
2022-11-15,17:28:22.760:CRITICAL: BT1   BT2   TT1   TT2   AT    X     Y    Z    BP1   BP2   TP1   TP2   HP      AP      PD   PC     HL      EL BF       SF   PF      BV     rpm             Setpoint Error Depth avg_p direction Voltage         State   Safety   Payload TestMode 
2022-11-15,17:28:22.762:CRITICAL: 21.74 21.27 21.32 21.41 23.82 -0.00 0.00 0.00 11.38 11.26 10.33 10.45 1255.44 1229.82 1.40 100.00 initial 0  nonempty None initial 290.18 Buffering (0/1) None     None  None  10.86 initial   Buffering (0/1) initial sleeping None    on       
2022-11-15,17:28:23.269:CRITICAL: BT1   BT2   TT1   TT2   AT    X     Y    Z    BP1   BP2   TP1   TP2   HP      AP      PD   PC     HL      EL BF       SF   PF      BV     rpm             Setpoint Error Depth avg_p direction Voltage         State   Safety   Payload TestMode 
2022-11-15,17:28:23.273:CRITICAL: 21.74 21.27 21.32 21.41 23.82 -0.00 0.00 0.00 11.38 11.26 10.33 10.45 1255.44 1229.78 1.40 100.00 initial 0  nonempty None initial 290.08 Buffering (0/1) None     None  None  10.86 initial   Buffering (0/1) initial sleeping None    on       
2022-11-15,17:28:23.798:CRITICAL: BT1   BT2   TT1   TT2   AT    X     Y    Z    BP1   BP2   TP1   TP2   HP      AP      PD   PC     HL      EL BF       SF   PF      BV     rpm             Setpoint Error Depth avg_p direction Voltage         State   Safety   Payload TestMode 
2022-11-15,17:28:23.802:CRITICAL: 21.74 21.27 21.32 21.41 23.82 -0.00 0.00 0.00 11.38 11.26 10.33 10.45 1255.34 1229.68 1.40 100.00 initial 0  nonempty None initial 289.94 Buffering (0/1) None     None  None  10.86 initial   Buffering (0/1) initial sleeping None    on       
2022-11-15,17:28:24.304:CRITICAL: BT1   BT2   TT1   TT2   AT    X     Y    Z    BP1   BP2   TP1   TP2   HP      AP      PD   PC     HL      EL BF       SF   PF      BV     rpm             Setpoint Error Depth avg_p direction Voltage         State   Safety   Payload TestMode 
2022-11-15,17:28:24.308:CRITICAL: 21.74 21.27 21.32 21.40 23.82 -0.00 0.00 0.00 11.38 11.26 10.33 10.45 1255.26 1229.74 1.41 100.00 initial 0  nonempty None initial 289.98 Buffering (0/1) None     None  None  10.86 initial   Buffering (0/1) initial sleeping None    on       
2022-11-15,17:28:24.829:CRITICAL: BT1   BT2   TT1   TT2   AT    X     Y    Z    BP1   BP2   TP1   TP2   HP      AP      PD   PC     HL      EL BF       SF   PF      BV     rpm             Setpoint Error Depth avg_p direction Voltage         State   Safety   Payload TestMode 
2022-11-15,17:28:24.832:CRITICAL: 21.74 21.28 21.32 21.40 23.82 -0.01 0.00 0.00 11.37 11.26 10.33 10.45 1255.30 1229.72 1.41 100.00 initial 0  nonempty None initial 290.08 Buffering (0/1) None     None  None  10.85 initial   Buffering (0/1) initial sleeping None    on       
2022-11-15,17:28:25.333:CRITICAL: BT1   BT2   TT1   TT2   AT    X     Y    Z    BP1   BP2   TP1   TP2   HP      AP      PD   PC     HL      EL BF       SF   PF      BV     rpm             Setpoint Error Depth avg_p direction Voltage         State   Safety   Payload TestMode 
2022-11-15,17:28:25.337:CRITICAL: 21.74 21.28 21.32 21.40 23.82 -0.01 0.00 0.00 11.38 11.26 10.33 10.45 1255.32 1229.70 1.41 100.00 initial 0  nonempty None initial 290.24 Buffering (0/1) None     None  None  10.86 initial   Buffering (0/1) initial sleeping None    on       
2022-11-15,17:28:25.859:CRITICAL: BT1   BT2   TT1   TT2   AT    X    Y    Z    BP1   BP2   TP1   TP2   HP      AP      PD   PC     HL      EL BF       SF   PF      BV     rpm             Setpoint Error Depth avg_p direction Voltage         State   Safety   Payload TestMode 
2022-11-15,17:28:25.864:CRITICAL: 21.74 21.28 21.32 21.39 23.81 0.00 0.00 0.00 11.37 11.26 10.33 10.45 1255.36 1229.62 1.41 100.00 initial 0  nonempty None initial 290.44 Buffering (0/1) None     None  None  10.85 initial   Buffering (0/1) initial sleeping None    on       
2022-11-15,17:28:26.368:CRITICAL: BT1   BT2   TT1   TT2   AT    X    Y    Z    BP1   BP2   TP1   TP2   HP      AP      PD   PC     HL      EL BF       SF   PF      BV     rpm             Setpoint Error Depth avg_p direction Voltage         State   Safety   Payload TestMode 
2022-11-15,17:28:26.375:CRITICAL: 21.74 21.28 21.32 21.39 23.81 0.00 0.00 0.00 11.38 11.26 10.33 10.45 1255.26 1229.52 1.41 100.00 initial 0  nonempty None initial 290.44 Buffering (0/1) None     None  None  10.86 initial   Buffering (0/1) initial sleeping None    on       
2022-11-15,17:28:26.882:CRITICAL: BT1   BT2   TT1   TT2   AT    X     Y    Z    BP1   BP2   TP1   TP2   HP      AP      PD   PC     HL      EL BF       SF   PF      BV     rpm             Setpoint Error Depth avg_p direction Voltage         State   Safety   Payload TestMode 
2022-11-15,17:28:26.884:CRITICAL: 21.74 21.28 21.32 21.39 23.81 -0.01 0.00 0.00 11.37 11.26 10.33 10.45 1255.32 1229.38 1.41 100.00 initial 0  nonempty None initial 290.65 Buffering (0/1) None     None  None  10.85 initial   Buffering (0/1) initial sleeping None    on       
2022-11-15,17:28:27.442:CRITICAL: BT1   BT2   TT1   TT2   AT    X     Y    Z    BP1   BP2   TP1   TP2   HP      AP      PD   PC     HL      EL BF       SF   PF      BV     rpm             Setpoint Error Depth avg_p direction Voltage         State   Safety   Payload TestMode 
2022-11-15,17:28:27.446:CRITICAL: 21.74 21.28 21.32 21.39 23.81 -0.01 0.00 0.00 11.38 11.26 10.33 10.45 1255.24 1229.32 1.41 100.00 initial 0  nonempty None initial 290.34 Buffering (0/1) None     None  None  10.86 initial   Buffering (0/1) initial sleeping None    on       
2022-11-15,17:28:27.999:CRITICAL: BT1   BT2   TT1   TT2   AT    X     Y    Z    BP1   BP2   TP1   TP2   HP      AP      PD   PC     HL      EL BF       SF   PF      BV     rpm             Setpoint Error Depth avg_p direction Voltage         State   Safety   Payload TestMode 
2022-11-15,17:28:28.003:CRITICAL: 21.74 21.28 21.32 21.39 23.81 -0.01 0.00 0.00 11.37 11.26 10.33 10.45 1255.34 1229.30 1.41 100.00 initial 0  nonempty None initial 290.34 Buffering (0/1) None     None  None  10.85 initial   Buffering (0/1) initial sleeping None    on       
2022-11-15,17:28:28.506:CRITICAL: BT1   BT2   TT1   TT2   AT    X     Y    Z    BP1   BP2   TP1   TP2   HP      AP      PD   PC     HL      EL BF       SF   PF      BV     rpm             Setpoint Error Depth avg_p direction Voltage         State   Safety   Payload TestMode 
2022-11-15,17:28:28.509:CRITICAL: 21.74 21.28 21.32 21.38 23.81 -0.01 0.00 0.00 11.37 11.26 10.33 10.45 1255.26 1229.22 1.41 100.00 initial 0  nonempty None initial 290.85 Buffering (0/1) None     None  None  10.85 initial   Buffering (0/1) initial sleeping None    on       
2022-11-15,17:28:29.027:CRITICAL: BT1   BT2   TT1   TT2   AT    X     Y    Z    BP1   BP2   TP1   TP2   HP      AP      PD   PC     HL      EL BF       SF   PF      BV     rpm             Setpoint Error Depth avg_p direction Voltage         State   Safety   Payload TestMode 
2022-11-15,17:28:29.031:CRITICAL: 21.74 21.28 21.32 21.39 23.81 -0.00 0.00 0.00 11.36 11.26 10.33 10.45 1255.38 1229.26 1.41 100.00 initial 0  nonempty None initial 290.24 Buffering (0/1) None     None  None  10.85 initial   Buffering (0/1) initial sleeping None    on       
2022-11-15,17:28:29.536:CRITICAL: BT1   BT2   TT1   TT2   AT    X     Y    Z    BP1   BP2   TP1   TP2   HP      AP      PD   PC     HL      EL BF       SF   PF      BV     rpm             Setpoint Error Depth avg_p direction Voltage         State   Safety   Payload TestMode 
2022-11-15,17:28:29.541:CRITICAL: 21.74 21.28 21.33 21.39 23.81 -0.00 0.00 0.00 11.37 11.26 10.33 10.45 1255.34 1229.26 1.41 100.00 initial 0  nonempty None initial 290.65 Buffering (0/1) None     None  None  10.85 initial   Buffering (0/1) initial sleeping None    on       
2022-11-15,17:28:30.055:CRITICAL: BT1   BT2   TT1   TT2   AT    X    Y    Z    BP1   BP2   TP1   TP2   HP      AP      PD   PC     HL      EL BF       SF   PF      BV     rpm             Setpoint Error Depth avg_p direction Voltage         State   Safety   Payload TestMode 
2022-11-15,17:28:30.059:CRITICAL: 21.74 21.28 21.33 21.39 23.81 0.00 0.00 0.00 11.37 11.26 10.34 10.45 1255.36 1229.12 1.41 100.00 initial 0  nonempty None initial 291.05 Buffering (0/1) None     None  None  10.86 initial   Buffering (0/1) initial sleeping None    on       
2022-11-15,17:28:30.615:CRITICAL: BT1   BT2   TT1   TT2   AT    X    Y    Z    BP1   BP2   TP1   TP2   HP      AP      PD   PC     HL      EL BF       SF   PF      BV     rpm             Setpoint Error Depth avg_p direction Voltage         State   Safety   Payload TestMode 
2022-11-15,17:28:30.618:CRITICAL: 21.73 21.29 21.33 21.39 23.81 0.00 0.00 0.00 11.36 11.26 10.33 10.45 1255.28 1229.06 1.41 100.00 initial 0  nonempty None initial 290.61 Buffering (0/1) None     None  None  10.85 initial   Buffering (0/1) initial sleeping None    on       
2022-11-15,17:28:31.178:CRITICAL: BT1   BT2   TT1   TT2   AT    X     Y    Z    BP1   BP2   TP1   TP2   HP      AP      PD   PC     HL      EL BF       SF   PF      BV     rpm             Setpoint Error Depth avg_p direction Voltage         State   Safety   Payload TestMode 
2022-11-15,17:28:31.181:CRITICAL: 21.73 21.29 21.34 21.39 23.81 -0.00 0.01 0.00 11.37 11.26 10.34 10.45 1255.22 1229.10 1.41 100.00 initial 0  nonempty None initial 290.65 Buffering (0/1) None     None  None  10.86 initial   Buffering (0/1) initial sleeping None    on       
2022-11-15,17:28:31.734:CRITICAL: BT1   BT2   TT1   TT2   AT    X    Y    Z    BP1   BP2   TP1   TP2   HP      AP      PD   PC     HL      EL BF       SF   PF      BV     rpm             Setpoint Error Depth avg_p direction Voltage         State   Safety   Payload TestMode 
2022-11-15,17:28:31.738:CRITICAL: 21.73 21.29 21.35 21.39 23.81 0.00 0.00 0.00 11.37 11.26 10.34 10.45 1255.18 1228.98 1.41 100.00 initial 0  nonempty None initial 290.81 Buffering (0/1) None     None  None  10.86 initial   Buffering (0/1) initial sleeping None    on       
2022-11-15,17:28:32.295:CRITICAL: BT1   BT2   TT1   TT2   AT    X    Y    Z    BP1   BP2   TP1   TP2   HP      AP      PD   PC     HL      EL BF       SF   PF      BV     rpm             Setpoint Error Depth avg_p direction Voltage         State   Safety   Payload TestMode 
2022-11-15,17:28:32.298:CRITICAL: 21.73 21.29 21.36 21.39 23.80 0.00 0.00 0.00 11.38 11.26 10.34 10.44 1255.08 1229.00 1.41 100.00 initial 0  nonempty None initial 290.51 Buffering (0/1) None     None  None  10.86 initial   Buffering (0/1) initial sleeping None    on       
2022-11-15,17:28:32.854:CRITICAL: BT1   BT2   TT1   TT2   AT    X    Y    Z    BP1   BP2   TP1   TP2   HP      AP      PD   PC     HL      EL BF       SF   PF      BV     rpm             Setpoint Error Depth avg_p direction Voltage         State   Safety   Payload TestMode 
2022-11-15,17:28:32.858:CRITICAL: 21.73 21.29 21.36 21.39 23.80 0.01 0.00 0.00 11.37 11.26 10.34 10.44 1255.24 1229.10 1.41 100.00 initial 0  nonempty None initial 290.51 Buffering (0/1) None     None  None  10.85 initial   Buffering (0/1) initial sleeping None    on       
2022-11-15,17:28:33.414:CRITICAL: BT1   BT2   TT1   TT2   AT    X    Y    Z    BP1   BP2   TP1   TP2   HP      AP      PD   PC     HL      EL BF       SF   PF      BV     rpm             Setpoint Error Depth avg_p direction Voltage         State   Safety   Payload TestMode 
2022-11-15,17:28:33.417:CRITICAL: 21.73 21.29 21.37 21.39 23.80 0.01 0.00 0.00 11.38 11.26 10.34 10.45 1255.24 1229.08 1.41 100.00 initial 0  nonempty None initial 290.71 Buffering (0/1) None     None  None  10.86 initial   Buffering (0/1) initial sleeping None    on       
2022-11-15,17:28:33.972:CRITICAL: BT1   BT2   TT1   TT2   AT    X    Y     Z    BP1   BP2   TP1   TP2   HP      AP      PD   PC     HL      EL BF       SF   PF      BV     rpm             Setpoint Error Depth avg_p direction Voltage         State   Safety   Payload TestMode 
2022-11-15,17:28:33.976:CRITICAL: 21.73 21.29 21.38 21.39 23.80 0.01 -0.01 0.00 11.37 11.26 10.34 10.45 1255.26 1229.10 1.41 100.00 initial 0  nonempty None initial 290.51 Buffering (0/1) None     None  None  10.86 initial   Buffering (0/1) initial sleeping None    on       
2022-11-15,17:28:34.529:CRITICAL: BT1   BT2   TT1   TT2   AT    X    Y     Z    BP1   BP2   TP1   TP2   HP      AP      PD   PC     HL      EL BF       SF   PF      BV     rpm             Setpoint Error Depth avg_p direction Voltage         State   Safety   Payload TestMode 
2022-11-15,17:28:34.532:CRITICAL: 21.73 21.29 21.38 21.39 23.80 0.01 -0.01 0.00 11.37 11.26 10.34 10.45 1255.36 1229.14 1.41 100.00 initial 0  nonempty None initial 290.61 Buffering (0/1) None     None  None  10.86 initial   Buffering (0/1) initial sleeping None    on       
2022-11-15,17:28:35.084:CRITICAL: BT1   BT2   TT1   TT2   AT    X    Y     Z    BP1   BP2   TP1   TP2   HP      AP      PD   PC     HL      EL BF       SF   PF      BV     rpm             Setpoint Error Depth avg_p direction Voltage         State   Safety   Payload TestMode 
2022-11-15,17:28:35.088:CRITICAL: 21.73 21.29 21.38 21.39 23.80 0.01 -0.01 0.00 11.36 11.26 10.34 10.45 1255.38 1229.08 1.41 100.00 initial 0  nonempty None initial 290.81 Buffering (0/1) None     None  None  10.85 initial   Buffering (0/1) initial sleeping None    on       
2022-11-15,17:28:35.643:CRITICAL: BT1   BT2   TT1   TT2   AT    X    Y     Z    BP1   BP2   TP1   TP2   HP      AP      PD   PC     HL      EL BF       SF   PF      BV     rpm             Setpoint Error Depth avg_p direction Voltage         State   Safety   Payload TestMode 
2022-11-15,17:28:35.647:CRITICAL: 21.73 21.29 21.38 21.40 23.80 0.01 -0.01 0.00 11.36 11.26 10.34 10.45 1255.30 1229.04 1.41 100.00 initial 0  nonempty None initial 290.68 Buffering (0/1) None     None  None  10.85 initial   Buffering (0/1) initial sleeping None    on       
2022-11-15,17:28:36.204:CRITICAL: BT1   BT2   TT1   TT2   AT    X    Y     Z    BP1   BP2   TP1   TP2   HP      AP      PD   PC     HL      EL BF       SF   PF      BV     rpm             Setpoint Error Depth avg_p direction Voltage         State   Safety   Payload TestMode 
2022-11-15,17:28:36.207:CRITICAL: 21.73 21.29 21.38 21.40 23.80 0.01 -0.01 0.00 11.37 11.26 10.34 10.45 1255.30 1229.00 1.41 100.00 initial 0  nonempty None initial 290.91 Buffering (0/1) None     None  None  10.86 initial   Buffering (0/1) initial sleeping None    on       
2022-11-15,17:28:36.760:CRITICAL: BT1   BT2   TT1   TT2   AT    X    Y     Z    BP1   BP2   TP1   TP2   HP      AP      PD   PC     HL      EL BF       SF   PF      BV     rpm             Setpoint Error Depth avg_p direction Voltage         State   Safety   Payload TestMode 
2022-11-15,17:28:36.764:CRITICAL: 21.73 21.29 21.39 21.41 23.80 0.02 -0.01 0.00 11.37 11.26 10.34 10.45 1255.34 1228.92 1.41 100.00 initial 0  nonempty None initial 290.88 Buffering (0/1) None     None  None  10.86 initial   Buffering (0/1) initial sleeping None    on       
2022-11-15,17:28:37.323:CRITICAL: BT1   BT2   TT1   TT2   AT    X    Y     Z    BP1   BP2   TP1   TP2   HP      AP      PD   PC     HL      EL BF       SF   PF      BV     rpm             Setpoint Error Depth avg_p direction Voltage         State   Safety   Payload TestMode 
2022-11-15,17:28:37.326:CRITICAL: 21.73 21.29 21.39 21.41 23.79 0.02 -0.01 0.00 11.37 11.26 10.34 10.45 1255.28 1228.82 1.41 100.00 initial 0  nonempty None initial 291.08 Buffering (0/1) None     None  None  10.86 initial   Buffering (0/1) initial sleeping None    on       
2022-11-15,17:28:37.878:CRITICAL: BT1   BT2   TT1   TT2   AT    X    Y     Z    BP1   BP2   TP1   TP2   HP      AP      PD   PC     HL      EL BF       SF   PF      BV     rpm             Setpoint Error Depth avg_p direction Voltage         State   Safety   Payload TestMode 
2022-11-15,17:28:37.883:CRITICAL: 21.74 21.29 21.39 21.41 23.79 0.02 -0.01 0.00 11.37 11.26 10.34 10.45 1255.34 1228.74 1.41 100.00 initial 0  nonempty None initial 291.18 Buffering (0/1) None     None  None  10.86 initial   Buffering (0/1) initial sleeping None    on       
2022-11-15,17:28:38.439:CRITICAL: BT1   BT2   TT1   TT2   AT    X    Y     Z    BP1   BP2   TP1   TP2   HP      AP      PD   PC     HL      EL BF       SF   PF      BV     rpm             Setpoint Error Depth avg_p direction Voltage         State   Safety   Payload TestMode 
2022-11-15,17:28:38.443:CRITICAL: 21.74 21.29 21.39 21.42 23.79 0.02 -0.01 0.00 11.38 11.26 10.34 10.45 1255.34 1228.64 1.41 100.00 initial 0  nonempty None initial 291.18 Buffering (0/1) None     None  None  10.86 initial   Buffering (0/1) initial sleeping None    on       
2022-11-15,17:28:38.997:CRITICAL: BT1   BT2   TT1   TT2   AT    X    Y     Z    BP1   BP2   TP1   TP2   HP      AP      PD   PC     HL      EL BF       SF   PF      BV     rpm             Setpoint Error Depth avg_p direction Voltage         State   Safety   Payload TestMode 
2022-11-15,17:28:39.001:CRITICAL: 21.74 21.29 21.39 21.42 23.79 0.01 -0.00 0.00 11.38 11.26 10.33 10.45 1255.32 1228.58 1.41 100.00 initial 0  nonempty None initial 291.18 Buffering (0/1) None     None  None  10.86 initial   Buffering (0/1) initial sleeping None    on       
2022-11-15,17:28:39.501:CRITICAL: BT1   BT2   TT1   TT2   AT    X    Y     Z    BP1   BP2   TP1   TP2   HP      AP      PD   PC     HL      EL BF       SF   PF      BV     rpm             Setpoint Error Depth avg_p direction Voltage         State   Safety   Payload TestMode 
2022-11-15,17:28:39.504:CRITICAL: 21.74 21.29 21.39 21.43 23.79 0.01 -0.00 0.00 11.38 11.26 10.33 10.45 1255.32 1228.56 1.41 100.00 initial 0  nonempty None initial 290.98 Buffering (0/1) None     None  None  10.86 initial   Buffering (0/1) initial sleeping None    on       
2022-11-15,17:28:40.022:CRITICAL: BT1   BT2   TT1   TT2   AT    X    Y     Z    BP1   BP2   TP1   TP2   HP      AP      PD   PC     HL      EL BF       SF   PF      BV     rpm             Setpoint Error Depth avg_p direction Voltage         State   Safety   Payload TestMode 
2022-11-15,17:28:40.027:CRITICAL: 21.74 21.30 21.39 21.43 23.79 0.01 -0.00 0.00 11.38 11.26 10.33 10.45 1255.40 1228.64 1.41 100.00 initial 0  nonempty None initial 290.64 Buffering (0/1) None     None  None  10.86 initial   Buffering (0/1) initial sleeping None    on       
2022-11-15,17:28:40.527:CRITICAL: BT1   BT2   TT1   TT2   AT    X    Y     Z    BP1   BP2   TP1   TP2   HP      AP      PD   PC     HL      EL BF       SF   PF      BV     rpm             Setpoint Error Depth avg_p direction Voltage         State   Safety   Payload TestMode 
2022-11-15,17:28:40.530:CRITICAL: 21.74 21.30 21.38 21.44 23.79 0.01 -0.00 0.00 11.38 11.26 10.34 10.45 1255.44 1228.62 1.41 100.00 initial 0  nonempty None initial 291.28 Buffering (0/1) None     None  None  10.86 initial   Buffering (0/1) initial sleeping None    on       
2022-11-15,17:28:41.047:CRITICAL: BT1   BT2   TT1   TT2   AT    X    Y    Z    BP1   BP2   TP1   TP2   HP      AP      PD   PC     HL      EL BF       SF   PF      BV     rpm             Setpoint Error Depth avg_p direction Voltage         State   Safety   Payload TestMode 
2022-11-15,17:28:41.050:CRITICAL: 21.74 21.30 21.38 21.44 23.79 0.01 0.00 0.00 11.37 11.26 10.34 10.44 1255.42 1228.66 1.41 100.00 initial 0  nonempty None initial 290.98 Buffering (0/1) None     None  None  10.85 initial   Buffering (0/1) initial sleeping None    on       
2022-11-15,17:28:41.556:CRITICAL: BT1   BT2   TT1   TT2   AT    X    Y    Z    BP1   BP2   TP1   TP2   HP      AP      PD   PC     HL      EL BF       SF   PF      BV     rpm             Setpoint Error Depth avg_p direction Voltage         State   Safety   Payload TestMode 
2022-11-15,17:28:41.559:CRITICAL: 21.74 21.30 21.37 21.44 23.79 0.01 0.00 0.00 11.37 11.26 10.34 10.45 1255.44 1228.66 1.41 100.00 initial 0  nonempty None initial 291.14 Buffering (0/1) None     None  None  10.86 initial   Buffering (0/1) initial sleeping None    on       
2022-11-15,17:28:42.080:CRITICAL: BT1   BT2   TT1   TT2   AT    X    Y    Z    BP1   BP2   TP1   TP2   HP      AP      PD   PC     HL      EL BF       SF   PF      BV     rpm             Setpoint Error Depth avg_p direction Voltage         State   Safety   Payload TestMode 
2022-11-15,17:28:42.083:CRITICAL: 21.75 21.30 21.37 21.44 23.79 0.00 0.00 0.00 11.38 11.26 10.34 10.45 1255.54 1228.68 1.41 100.00 initial 0  nonempty None initial 290.88 Buffering (0/1) None     None  None  10.86 initial   Buffering (0/1) initial sleeping None    on       
2022-11-15,17:28:42.588:CRITICAL: BT1   BT2   TT1   TT2   AT    X    Y    Z    BP1   BP2   TP1   TP2   HP      AP      PD   PC     HL      EL BF       SF   PF      BV     rpm             Setpoint Error Depth avg_p direction Voltage         State   Safety   Payload TestMode 
2022-11-15,17:28:42.591:CRITICAL: 21.75 21.30 21.36 21.44 23.79 0.00 0.00 0.00 11.37 11.26 10.34 10.45 1255.42 1228.60 1.41 100.00 initial 0  nonempty None initial 291.04 Buffering (0/1) None     None  None  10.86 initial   Buffering (0/1) initial sleeping None    on       
2022-11-15,17:28:43.113:CRITICAL: BT1   BT2   TT1   TT2   AT    X     Y    Z    BP1   BP2   TP1   TP2   HP      AP      PD   PC     HL      EL BF       SF   PF      BV     rpm             Setpoint Error Depth avg_p direction Voltage         State   Safety   Payload TestMode 
2022-11-15,17:28:43.119:CRITICAL: 21.75 21.30 21.36 21.44 23.79 -0.00 0.00 0.00 11.37 11.26 10.33 10.45 1255.48 1228.68 1.41 100.00 initial 0  nonempty None initial 290.88 Buffering (0/1) None     None  None  10.85 initial   Buffering (0/1) initial sleeping None    on       
2022-11-15,17:28:43.679:CRITICAL: BT1   BT2   TT1   TT2   AT    X    Y     Z    BP1   BP2   TP1   TP2   HP      AP      PD   PC     HL      EL BF       SF   PF      BV     rpm             Setpoint Error Depth avg_p direction Voltage         State   Safety   Payload TestMode 
2022-11-15,17:28:43.684:CRITICAL: 21.75 21.30 21.35 21.44 23.78 0.00 -0.00 0.00 11.36 11.26 10.34 10.45 1255.50 1228.60 1.41 100.00 initial 0  nonempty None initial 291.34 Buffering (0/1) None     None  None  10.85 initial   Buffering (0/1) initial sleeping None    on       
2022-11-15,17:28:44.184:CRITICAL: BT1   BT2   TT1   TT2   AT    X    Y     Z    BP1   BP2   TP1   TP2   HP      AP      PD   PC     HL      EL BF       SF   PF      BV     rpm             Setpoint Error Depth avg_p direction Voltage         State   Safety   Payload TestMode 
2022-11-15,17:28:44.187:CRITICAL: 21.75 21.30 21.35 21.45 23.78 0.00 -0.00 0.00 11.37 11.26 10.33 10.45 1255.46 1228.58 1.41 100.00 initial 0  nonempty None initial 291.24 Buffering (0/1) None     None  None  10.85 initial   Buffering (0/1) initial sleeping None    on       
2022-11-15,17:28:44.709:CRITICAL: BT1   BT2   TT1   TT2   AT    X    Y     Z    BP1   BP2   TP1   TP2   HP      AP      PD   PC     HL      EL BF       SF   PF      BV     rpm             Setpoint Error Depth avg_p direction Voltage         State   Safety   Payload TestMode 
2022-11-15,17:28:44.712:CRITICAL: 21.75 21.30 21.35 21.45 23.78 0.00 -0.01 0.00 11.37 11.26 10.34 10.45 1255.42 1228.42 1.41 100.00 initial 0  nonempty None initial 291.65 Buffering (0/1) None     None  None  10.86 initial   Buffering (0/1) initial sleeping None    on       
2022-11-15,17:28:45.217:CRITICAL: BT1   BT2   TT1   TT2   AT    X    Y     Z    BP1   BP2   TP1   TP2   HP      AP      PD   PC     HL      EL BF       SF   PF      BV     rpm             Setpoint Error Depth avg_p direction Voltage         State   Safety   Payload TestMode 
2022-11-15,17:28:45.221:CRITICAL: 21.75 21.30 21.35 21.45 23.78 0.00 -0.01 0.00 11.38 11.26 10.34 10.45 1255.46 1228.40 1.41 100.00 initial 0  nonempty None initial 291.11 Buffering (0/1) None     None  None  10.86 initial   Buffering (0/1) initial sleeping None    on       
2022-11-15,17:28:45.741:CRITICAL: BT1   BT2   TT1   TT2   AT    X    Y     Z    BP1   BP2   TP1   TP2   HP      AP      PD   PC     HL      EL BF       SF   PF      BV     rpm             Setpoint Error Depth avg_p direction Voltage         State   Safety   Payload TestMode 
2022-11-15,17:28:45.745:CRITICAL: 21.75 21.30 21.35 21.45 23.78 0.00 -0.01 0.00 11.38 11.26 10.34 10.45 1255.40 1228.24 1.41 100.00 initial 0  nonempty None initial 291.65 Buffering (0/1) None     None  None  10.86 initial   Buffering (0/1) initial sleeping None    on       
2022-11-15,17:28:46.251:CRITICAL: BT1   BT2   TT1   TT2   AT    X    Y     Z    BP1   BP2   TP1   TP2   HP      AP      PD   PC     HL      EL BF       SF   PF      BV     rpm             Setpoint Error Depth avg_p direction Voltage         State   Safety   Payload TestMode 
2022-11-15,17:28:46.255:CRITICAL: 21.75 21.30 21.35 21.45 23.78 0.00 -0.01 0.00 11.38 11.26 10.34 10.45 1255.34 1228.18 1.41 100.00 initial 0  nonempty None initial 291.65 Buffering (0/1) None     None  None  10.86 initial   Buffering (0/1) initial sleeping None    on       
2022-11-15,17:28:46.774:CRITICAL: BT1   BT2   TT1   TT2   AT    X     Y     Z    BP1   BP2   TP1   TP2   HP      AP      PD   PC     HL      EL BF       SF   PF      BV     rpm             Setpoint Error Depth avg_p direction Voltage         State   Safety   Payload TestMode 
2022-11-15,17:28:46.778:CRITICAL: 21.75 21.29 21.35 21.45 23.78 -0.00 -0.01 0.00 11.37 11.26 10.34 10.45 1255.36 1228.12 1.41 100.00 initial 0  nonempty None initial 291.55 Buffering (0/1) None     None  None  10.86 initial   Buffering (0/1) initial sleeping None    on       
2022-11-15,17:28:47.286:CRITICAL: BT1   BT2   TT1   TT2   AT    X     Y     Z    BP1   BP2   TP1   TP2   HP      AP      PD   PC     HL      EL BF       SF   PF      BV     rpm             Setpoint Error Depth avg_p direction Voltage         State   Safety   Payload TestMode 
2022-11-15,17:28:47.289:CRITICAL: 21.75 21.29 21.35 21.45 23.78 -0.00 -0.01 0.00 11.38 11.26 10.34 10.45 1255.40 1228.18 1.41 100.00 initial 0  nonempty None initial 291.31 Buffering (0/1) None     None  None  10.86 initial   Buffering (0/1) initial sleeping None    on       
2022-11-15,17:28:47.811:CRITICAL: BT1   BT2   TT1   TT2   AT    X     Y     Z    BP1   BP2   TP1   TP2   HP      AP      PD   PC     HL      EL BF       SF   PF      BV     rpm             Setpoint Error Depth avg_p direction Voltage         State   Safety   Payload TestMode 
2022-11-15,17:28:47.815:CRITICAL: 21.75 21.29 21.35 21.45 23.78 -0.00 -0.01 0.00 11.37 11.26 10.34 10.45 1255.30 1228.06 1.41 100.00 initial 0  nonempty None initial 291.71 Buffering (0/1) None     None  None  10.86 initial   Buffering (0/1) initial sleeping None    on       
2022-11-15,17:28:48.319:CRITICAL: BT1   BT2   TT1   TT2   AT    X     Y     Z    BP1   BP2   TP1   TP2   HP      AP      PD   PC     HL      EL BF       SF   PF      BV     rpm             Setpoint Error Depth avg_p direction Voltage         State   Safety   Payload TestMode 
2022-11-15,17:28:48.323:CRITICAL: 21.75 21.29 21.35 21.45 23.77 -0.00 -0.01 0.00 11.37 11.26 10.34 10.45 1255.24 1228.08 1.41 100.00 initial 0  nonempty None initial 291.51 Buffering (0/1) None     None  None  10.86 initial   Buffering (0/1) initial sleeping None    on       
2022-11-15,17:28:48.849:CRITICAL: BT1   BT2   TT1   TT2   AT    X     Y     Z    BP1   BP2   TP1   TP2   HP      AP      PD   PC     HL      EL BF       SF   PF      BV     rpm             Setpoint Error Depth avg_p direction Voltage         State   Safety   Payload TestMode 
2022-11-15,17:28:48.853:CRITICAL: 21.75 21.29 21.35 21.45 23.77 -0.00 -0.00 0.00 11.37 11.26 10.34 10.45 1255.34 1228.00 1.41 100.00 initial 0  nonempty None initial 292.01 Buffering (0/1) None     None  None  10.86 initial   Buffering (0/1) initial sleeping None    on       
2022-11-15,17:28:49.356:CRITICAL: BT1   BT2   TT1   TT2   AT    X     Y     Z    BP1   BP2   TP1   TP2   HP      AP      PD   PC     HL      EL BF       SF   PF      BV     rpm             Setpoint Error Depth avg_p direction Voltage         State   Safety   Payload TestMode 
2022-11-15,17:28:49.360:CRITICAL: 21.75 21.29 21.35 21.45 23.77 -0.00 -0.00 0.00 11.38 11.26 10.34 10.45 1255.34 1227.94 1.41 100.00 initial 0  nonempty None initial 291.81 Buffering (0/1) None     None  None  10.86 initial   Buffering (0/1) initial sleeping None    on       
2022-11-15,17:28:49.880:CRITICAL: BT1   BT2   TT1   TT2   AT    X    Y    Z    BP1   BP2   TP1   TP2   HP      AP      PD   PC     HL      EL BF       SF   PF      BV     rpm             Setpoint Error Depth avg_p direction Voltage         State   Safety   Payload TestMode 
2022-11-15,17:28:49.884:CRITICAL: 21.75 21.29 21.34 21.45 23.77 0.00 0.00 0.00 11.37 11.26 10.34 10.45 1255.16 1227.82 1.41 100.00 initial 0  nonempty None initial 291.91 Buffering (0/1) None     None  None  10.86 initial   Buffering (0/1) initial sleeping None    on       
2022-11-15,17:28:50.388:CRITICAL: BT1   BT2   TT1   TT2   AT    X    Y    Z    BP1   BP2   TP1   TP2   HP      AP      PD   PC     HL      EL BF       SF   PF      BV     rpm             Setpoint Error Depth avg_p direction Voltage         State   Safety   Payload TestMode 
2022-11-15,17:28:50.392:CRITICAL: 21.75 21.29 21.34 21.45 23.77 0.00 0.00 0.00 11.38 11.26 10.34 10.45 1255.22 1227.72 1.41 100.00 initial 0  nonempty None initial 292.22 Buffering (0/1) None     None  None  10.86 initial   Buffering (0/1) initial sleeping None    on       
2022-11-15,17:28:50.912:CRITICAL: BT1   BT2   TT1   TT2   AT    X    Y    Z    BP1   BP2   TP1   TP2   HP      AP      PD   PC     HL      EL BF       SF   PF      BV     rpm             Setpoint Error Depth avg_p direction Voltage         State   Safety   Payload TestMode 
2022-11-15,17:28:50.916:CRITICAL: 21.75 21.29 21.33 21.45 23.77 0.00 0.00 0.00 11.37 11.26 10.34 10.45 1255.26 1227.62 1.41 100.00 initial 0  nonempty None initial 292.01 Buffering (0/1) None     None  None  10.86 initial   Buffering (0/1) initial sleeping None    on       
2022-11-15,17:28:51.423:CRITICAL: BT1   BT2   TT1   TT2   AT    X    Y    Z    BP1   BP2   TP1   TP2   HP      AP      PD   PC     HL      EL BF       SF   PF      BV     rpm             Setpoint Error Depth avg_p direction Voltage         State   Safety   Payload TestMode 
2022-11-15,17:28:51.426:CRITICAL: 21.75 21.29 21.33 21.45 23.77 0.00 0.00 0.00 11.37 11.26 10.34 10.45 1255.10 1227.68 1.41 100.00 initial 0  nonempty None initial 291.71 Buffering (0/1) None     None  None  10.86 initial   Buffering (0/1) initial sleeping None    on       
2022-11-15,17:28:51.943:CRITICAL: BT1   BT2   TT1   TT2   AT    X    Y     Z    BP1   BP2   TP1   TP2   HP      AP      PD   PC     HL      EL BF       SF   PF      BV     rpm             Setpoint Error Depth avg_p direction Voltage         State   Safety   Payload TestMode 
2022-11-15,17:28:51.947:CRITICAL: 21.76 21.29 21.33 21.45 23.77 0.01 -0.00 0.00 11.37 11.26 10.34 10.45 1255.14 1227.66 1.41 100.00 initial 0  nonempty None initial 291.91 Buffering (0/1) None     None  None  10.86 initial   Buffering (0/1) initial sleeping None    on       
2022-11-15,17:28:52.452:CRITICAL: BT1   BT2   TT1   TT2   AT    X    Y     Z    BP1   BP2   TP1   TP2   HP      AP      PD   PC     HL      EL BF       SF   PF      BV     rpm             Setpoint Error Depth avg_p direction Voltage         State   Safety   Payload TestMode 
2022-11-15,17:28:52.455:CRITICAL: 21.76 21.29 21.33 21.45 23.77 0.01 -0.00 0.00 11.37 11.26 10.34 10.45 1255.32 1227.78 1.41 100.00 initial 0  nonempty None initial 291.27 Buffering (0/1) None     None  None  10.86 initial   Buffering (0/1) initial sleeping None    on       
2022-11-15,17:28:52.975:CRITICAL: BT1   BT2   TT1   TT2   AT    X    Y     Z    BP1   BP2   TP1   TP2   HP      AP      PD   PC     HL      EL BF       SF   PF      BV     rpm             Setpoint Error Depth avg_p direction Voltage         State   Safety   Payload TestMode 
2022-11-15,17:28:52.980:CRITICAL: 21.76 21.29 21.34 21.45 23.77 0.01 -0.00 0.00 11.36 11.26 10.34 10.45 1255.36 1227.92 1.41 100.00 initial 0  nonempty None initial 291.51 Buffering (0/1) None     None  None  10.85 initial   Buffering (0/1) initial sleeping None    on       
2022-11-15,17:28:53.535:CRITICAL: BT1   BT2   TT1   TT2   AT    X    Y     Z    BP1   BP2   TP1   TP2   HP      AP      PD   PC     HL      EL BF       SF   PF      BV     rpm             Setpoint Error Depth avg_p direction Voltage         State   Safety   Payload TestMode 
2022-11-15,17:28:53.539:CRITICAL: 21.76 21.29 21.34 21.45 23.77 0.01 -0.00 0.00 11.37 11.26 10.34 10.45 1255.38 1227.90 1.41 100.00 initial 0  nonempty None initial 292.11 Buffering (0/1) None     None  None  10.86 initial   Buffering (0/1) initial sleeping None    on       
2022-11-15,17:28:54.095:CRITICAL: BT1   BT2   TT1   TT2   AT    X    Y     Z    BP1   BP2   TP1   TP2   HP      AP      PD   PC     HL      EL BF       SF   PF      BV     rpm             Setpoint Error Depth avg_p direction Voltage         State   Safety   Payload TestMode 
2022-11-15,17:28:54.099:CRITICAL: 21.76 21.29 21.35 21.45 23.77 0.00 -0.00 0.00 11.36 11.26 10.34 10.44 1255.52 1227.84 1.41 100.00 initial 0  nonempty None initial 292.01 Buffering (0/1) None     None  None  10.85 initial   Buffering (0/1) initial sleeping None    on       
2022-11-15,17:28:54.599:CRITICAL: BT1   BT2   TT1   TT2   AT    X    Y     Z    BP1   BP2   TP1   TP2   HP      AP      PD   PC     HL      EL BF       SF   PF      BV     rpm             Setpoint Error Depth avg_p direction Voltage         State   Safety   Payload TestMode 
2022-11-15,17:28:54.603:CRITICAL: 21.76 21.29 21.35 21.45 23.77 0.00 -0.00 0.00 11.37 11.26 10.34 10.44 1255.48 1227.82 1.41 100.00 initial 0  nonempty None initial 291.98 Buffering (0/1) None     None  None  10.85 initial   Buffering (0/1) initial sleeping None    on       
2022-11-15,17:28:55.117:CRITICAL: BT1   BT2   TT1   TT2   AT    X     Y     Z    BP1   BP2   TP1   TP2   HP      AP      PD   PC     HL      EL BF       SF   PF      BV     rpm             Setpoint Error Depth avg_p direction Voltage         State   Safety   Payload TestMode 
2022-11-15,17:28:55.121:CRITICAL: 21.75 21.29 21.35 21.45 23.77 -0.00 -0.00 0.00 11.37 11.26 10.34 10.45 1255.36 1227.66 1.41 100.00 initial 0  nonempty None initial 292.08 Buffering (0/1) None     None  None  10.86 initial   Buffering (0/1) initial sleeping None    on       
2022-11-15,17:28:55.679:CRITICAL: BT1   BT2   TT1   TT2   AT    X     Y     Z    BP1   BP2   TP1   TP2   HP      AP      PD   PC     HL      EL BF       SF   PF      BV     rpm             Setpoint Error Depth avg_p direction Voltage         State   Safety   Payload TestMode 
2022-11-15,17:28:55.682:CRITICAL: 21.75 21.28 21.34 21.45 23.77 -0.00 -0.00 0.00 11.37 11.26 10.34 10.45 1255.40 1227.62 1.41 100.00 initial 0  nonempty None initial 291.68 Buffering (0/1) None     None  None  10.86 initial   Buffering (0/1) initial sleeping None    on       
2022-11-15,17:28:56.237:CRITICAL: BT1   BT2   TT1   TT2   AT    X     Y    Z    BP1   BP2   TP1   TP2   HP      AP      PD   PC     HL      EL BF       SF   PF      BV     rpm             Setpoint Error Depth avg_p direction Voltage         State   Safety   Payload TestMode 
2022-11-15,17:28:56.241:CRITICAL: 21.75 21.28 21.34 21.45 23.77 -0.01 0.00 0.00 11.37 11.26 10.34 10.45 1255.46 1227.68 1.41 100.00 initial 0  nonempty None initial 291.78 Buffering (0/1) None     None  None  10.86 initial   Buffering (0/1) initial sleeping None    on       
2022-11-15,17:28:56.794:CRITICAL: BT1   BT2   TT1   TT2   AT    X     Y    Z    BP1   BP2   TP1   TP2   HP      AP      PD   PC     HL      EL BF       SF   PF      BV     rpm             Setpoint Error Depth avg_p direction Voltage         State   Safety   Payload TestMode 
2022-11-15,17:28:56.798:CRITICAL: 21.75 21.28 21.34 21.44 23.77 -0.01 0.00 0.00 11.37 11.26 10.34 10.45 1255.38 1227.70 1.41 100.00 initial 0  nonempty None initial 291.88 Buffering (0/1) None     None  None  10.86 initial   Buffering (0/1) initial sleeping None    on       
2022-11-15,17:28:57.353:CRITICAL: BT1   BT2   TT1   TT2   AT    X     Y    Z    BP1   BP2   TP1   TP2   HP      AP      PD   PC     HL      EL BF       SF   PF      BV     rpm             Setpoint Error Depth avg_p direction Voltage         State   Safety   Payload TestMode 
2022-11-15,17:28:57.356:CRITICAL: 21.75 21.28 21.35 21.44 23.77 -0.01 0.00 0.00 11.38 11.26 10.34 10.45 1255.40 1227.68 1.41 100.00 initial 0  nonempty None initial 292.08 Buffering (0/1) None     None  None  10.86 initial   Buffering (0/1) initial sleeping None    on       
2022-11-15,17:28:57.913:CRITICAL: BT1   BT2   TT1   TT2   AT    X     Y    Z    BP1   BP2   TP1   TP2   HP      AP      PD   PC     HL      EL BF       SF   PF      BV     rpm             Setpoint Error Depth avg_p direction Voltage         State   Safety   Payload TestMode 
2022-11-15,17:28:57.916:CRITICAL: 21.75 21.28 21.36 21.44 23.77 -0.00 0.00 0.00 11.37 11.26 10.34 10.45 1255.42 1227.68 1.41 100.00 initial 0  nonempty None initial 292.04 Buffering (0/1) None     None  None  10.86 initial   Buffering (0/1) initial sleeping None    on       
2022-11-15,17:28:58.473:CRITICAL: BT1   BT2   TT1   TT2   AT    X     Y    Z    BP1   BP2   TP1   TP2   HP      AP      PD   PC     HL      EL BF       SF   PF      BV     rpm             Setpoint Error Depth avg_p direction Voltage         State   Safety   Payload TestMode 
2022-11-15,17:28:58.478:CRITICAL: 21.75 21.28 21.36 21.43 23.77 -0.00 0.00 0.00 11.37 11.26 10.34 10.45 1255.50 1227.52 1.41 100.00 initial 0  nonempty None initial 292.45 Buffering (0/1) None     None  None  10.86 initial   Buffering (0/1) initial sleeping None    on       
2022-11-15,17:28:59.029:CRITICAL: BT1   BT2   TT1   TT2   AT    X     Y    Z    BP1   BP2   TP1   TP2   HP      AP      PD   PC     HL      EL BF       SF   PF      BV     rpm             Setpoint Error Depth avg_p direction Voltage         State   Safety   Payload TestMode 
2022-11-15,17:28:59.034:CRITICAL: 21.75 21.28 21.36 21.43 23.76 -0.00 0.00 0.00 11.37 11.26 10.34 10.45 1255.42 1227.40 1.41 100.00 initial 0  nonempty None initial 292.35 Buffering (0/1) None     None  None  10.86 initial   Buffering (0/1) initial sleeping None    on       
2022-11-15,17:28:59.596:CRITICAL: BT1   BT2   TT1   TT2   AT    X     Y    Z    BP1   BP2   TP1   TP2   HP      AP      PD   PC     HL      EL BF       SF   PF      BV     rpm             Setpoint Error Depth avg_p direction Voltage         State   Safety   Payload TestMode 
2022-11-15,17:28:59.601:CRITICAL: 21.75 21.28 21.36 21.43 23.76 -0.00 0.00 0.00 11.37 11.26 10.34 10.45 1255.38 1227.26 1.41 100.00 initial 0  nonempty None initial 292.55 Buffering (0/1) None     None  None  10.86 initial   Buffering (0/1) initial sleeping None    on       
2022-11-15,17:29:00.148:CRITICAL: BT1   BT2   TT1   TT2   AT    X     Y    Z    BP1   BP2   TP1   TP2   HP      AP      PD   PC     HL      EL BF       SF   PF      BV     rpm             Setpoint Error Depth avg_p direction Voltage         State   Safety   Payload TestMode 
2022-11-15,17:29:00.153:CRITICAL: 21.75 21.28 21.35 21.43 23.76 -0.00 0.00 0.00 11.36 11.26 10.34 10.45 1255.30 1227.18 1.41 100.00 initial 0  nonempty None initial 292.45 Buffering (0/1) None     None  None  10.85 initial   Buffering (0/1) initial sleeping None    on       
2022-11-15,17:29:00.712:CRITICAL: BT1   BT2   TT1   TT2   AT    X     Y    Z    BP1   BP2   TP1   TP2   HP      AP      PD   PC     HL      EL BF       SF   PF      BV     rpm             Setpoint Error Depth avg_p direction Voltage         State   Safety   Payload TestMode 
2022-11-15,17:29:00.716:CRITICAL: 21.75 21.28 21.34 21.43 23.76 -0.00 0.00 0.00 11.37 11.26 10.34 10.45 1255.26 1227.06 1.41 100.00 initial 0  nonempty None initial 292.65 Buffering (0/1) None     None  None  10.86 initial   Buffering (0/1) initial sleeping None    on       
2022-11-15,17:29:01.267:CRITICAL: BT1   BT2   TT1   TT2   AT    X     Y    Z    BP1   BP2   TP1   TP2   HP      AP      PD   PC     HL      EL BF       SF   PF      BV     rpm             Setpoint Error Depth avg_p direction Voltage         State   Safety   Payload TestMode 
2022-11-15,17:29:01.272:CRITICAL: 21.75 21.28 21.33 21.43 23.76 -0.00 0.00 0.00 11.37 11.26 10.34 10.45 1255.16 1227.00 1.41 100.00 initial 0  nonempty None initial 292.75 Buffering (0/1) None     None  None  10.86 initial   Buffering (0/1) initial sleeping None    on       
2022-11-15,17:29:01.823:CRITICAL: BT1   BT2   TT1   TT2   AT    X    Y    Z    BP1   BP2   TP1   TP2   HP      AP      PD   PC     HL      EL BF       SF   PF      BV     rpm             Setpoint Error Depth avg_p direction Voltage         State   Safety   Payload TestMode 
2022-11-15,17:29:01.827:CRITICAL: 21.75 21.28 21.32 21.42 23.76 0.00 0.00 0.00 11.38 11.26 10.34 10.45 1255.06 1226.98 1.41 100.00 initial 0  nonempty None initial 292.45 Buffering (0/1) None     None  None  10.86 initial   Buffering (0/1) initial sleeping None    on       
2022-11-15,17:29:02.383:CRITICAL: BT1   BT2   TT1   TT2   AT    X    Y    Z    BP1   BP2   TP1   TP2   HP      AP      PD   PC     HL      EL BF       SF   PF      BV     rpm             Setpoint Error Depth avg_p direction Voltage         State   Safety   Payload TestMode 
2022-11-15,17:29:02.386:CRITICAL: 21.75 21.28 21.32 21.42 23.76 0.00 0.00 0.00 11.38 11.26 10.34 10.45 1255.16 1226.98 1.41 100.00 initial 0  nonempty None initial 292.55 Buffering (0/1) None     None  None  10.86 initial   Buffering (0/1) initial sleeping None    on       
2022-11-15,17:29:02.945:CRITICAL: BT1   BT2   TT1   TT2   AT    X     Y     Z    BP1   BP2   TP1   TP2   HP      AP      PD   PC     HL      EL BF       SF   PF      BV     rpm             Setpoint Error Depth avg_p direction Voltage         State   Safety   Payload TestMode 
2022-11-15,17:29:02.950:CRITICAL: 21.75 21.28 21.31 21.42 23.76 -0.01 -0.00 0.00 11.38 11.26 10.34 10.45 1255.24 1227.00 1.41 100.00 initial 0  nonempty None initial 292.35 Buffering (0/1) None     None  None  10.86 initial   Buffering (0/1) initial sleeping None    on       
2022-11-15,17:29:03.498:CRITICAL: BT1   BT2   TT1   TT2   AT    X     Y     Z    BP1   BP2   TP1   TP2   HP      AP      PD   PC     HL      EL BF       SF   PF      BV     rpm             Setpoint Error Depth avg_p direction Voltage         State   Safety   Payload TestMode 
2022-11-15,17:29:03.504:CRITICAL: 21.75 21.28 21.30 21.42 23.76 -0.01 -0.00 0.00 11.38 11.26 10.33 10.45 1255.28 1227.10 1.41 100.00 initial 0  nonempty None initial 292.14 Buffering (0/1) None     None  None  10.86 initial   Buffering (0/1) initial sleeping None    on       
2022-11-15,17:29:04.055:CRITICAL: BT1   BT2   TT1   TT2   AT    X     Y     Z    BP1   BP2   TP1   TP2   HP      AP      PD   PC     HL      EL BF       SF   PF      BV     rpm             Setpoint Error Depth avg_p direction Voltage         State   Safety   Payload TestMode 
2022-11-15,17:29:04.059:CRITICAL: 21.75 21.28 21.30 21.42 23.76 -0.01 -0.01 0.00 11.37 11.26 10.33 10.45 1255.34 1227.18 1.41 100.00 initial 0  nonempty None initial 292.35 Buffering (0/1) None     None  None  10.85 initial   Buffering (0/1) initial sleeping None    on       
2022-11-15,17:29:04.613:CRITICAL: BT1   BT2   TT1   TT2   AT    X     Y     Z    BP1   BP2   TP1   TP2   HP      AP      PD   PC     HL      EL BF       SF   PF      BV     rpm             Setpoint Error Depth avg_p direction Voltage         State   Safety   Payload TestMode 
2022-11-15,17:29:04.617:CRITICAL: 21.75 21.29 21.29 21.42 23.76 -0.01 -0.01 0.00 11.37 11.26 10.33 10.45 1255.38 1227.18 1.41 100.00 initial 0  nonempty None initial 292.41 Buffering (0/1) None     None  None  10.85 initial   Buffering (0/1) initial sleeping None    on       
2022-11-15,17:29:05.161:CRITICAL: BT1   BT2   TT1   TT2   AT    X     Y     Z    BP1   BP2   TP1   TP2   HP      AP      PD   PC     HL      EL BF       SF   PF      BV     rpm             Setpoint Error Depth avg_p direction Voltage         State   Safety   Payload TestMode 
2022-11-15,17:29:05.166:CRITICAL: 21.75 21.29 21.29 21.42 23.76 -0.01 -0.01 0.00 11.37 11.26 10.33 10.45 1255.34 1227.10 1.41 100.00 initial 0  nonempty None initial 292.95 Buffering (0/1) None     None  None  10.85 initial   Buffering (0/1) initial sleeping None    on       
2022-11-15,17:29:05.712:CRITICAL: BT1   BT2   TT1   TT2   AT    X     Y     Z    BP1   BP2   TP1   TP2   HP      AP      PD   PC     HL      EL BF       SF   PF      BV     rpm             Setpoint Error Depth avg_p direction Voltage         State   Safety   Payload TestMode 
2022-11-15,17:29:05.715:CRITICAL: 21.75 21.29 21.28 21.42 23.76 -0.01 -0.00 0.00 11.37 11.26 10.34 10.45 1255.30 1227.08 1.41 100.00 initial 0  nonempty None initial 292.41 Buffering (0/1) None     None  None  10.86 initial   Buffering (0/1) initial sleeping None    on       
2022-11-15,17:29:06.270:CRITICAL: BT1   BT2   TT1   TT2   AT    X     Y     Z    BP1   BP2   TP1   TP2   HP      AP      PD   PC     HL      EL BF       SF   PF      BV     rpm             Setpoint Error Depth avg_p direction Voltage         State   Safety   Payload TestMode 
2022-11-15,17:29:06.273:CRITICAL: 21.75 21.29 21.28 21.42 23.75 -0.01 -0.00 0.00 11.38 11.26 10.34 10.45 1255.26 1227.06 1.41 100.00 initial 0  nonempty None initial 292.21 Buffering (0/1) None     None  None  10.86 initial   Buffering (0/1) initial sleeping None    on       
2022-11-15,17:29:06.829:CRITICAL: BT1   BT2   TT1   TT2   AT    X     Y     Z    BP1   BP2   TP1   TP2   HP      AP      PD   PC     HL      EL BF       SF   PF      BV     rpm             Setpoint Error Depth avg_p direction Voltage         State   Safety   Payload TestMode 
2022-11-15,17:29:06.833:CRITICAL: 21.75 21.29 21.28 21.42 23.75 -0.02 -0.00 0.00 11.38 11.26 10.34 10.45 1255.28 1226.98 1.41 100.00 initial 0  nonempty None initial 292.71 Buffering (0/1) None     None  None  10.86 initial   Buffering (0/1) initial sleeping None    on       
2022-11-15,17:29:07.384:CRITICAL: BT1   BT2   TT1   TT2   AT    X     Y     Z    BP1   BP2   TP1   TP2   HP      AP      PD   PC     HL      EL BF       SF   PF      BV     rpm             Setpoint Error Depth avg_p direction Voltage         State   Safety   Payload TestMode 
2022-11-15,17:29:07.387:CRITICAL: 21.75 21.29 21.27 21.42 23.75 -0.02 -0.00 0.00 11.37 11.26 10.34 10.45 1255.46 1227.02 1.41 100.00 initial 0  nonempty None initial 292.21 Buffering (0/1) None     None  None  10.86 initial   Buffering (0/1) initial sleeping None    on       
2022-11-15,17:29:07.946:CRITICAL: BT1   BT2   TT1   TT2   AT    X     Y    Z    BP1   BP2   TP1   TP2   HP      AP      PD   PC     HL      EL BF       SF   PF      BV     rpm             Setpoint Error Depth avg_p direction Voltage         State   Safety   Payload TestMode 
2022-11-15,17:29:07.950:CRITICAL: 21.75 21.29 21.27 21.41 23.75 -0.01 0.00 0.00 11.37 11.26 10.34 10.45 1255.44 1227.12 1.41 100.00 initial 0  nonempty None initial 292.41 Buffering (0/1) None     None  None  10.86 initial   Buffering (0/1) initial sleeping None    on       
2022-11-15,17:29:08.503:CRITICAL: BT1   BT2   TT1   TT2   AT    X     Y    Z    BP1   BP2   TP1   TP2   HP      AP      PD   PC     HL      EL BF       SF   PF      BV     rpm             Setpoint Error Depth avg_p direction Voltage         State   Safety   Payload TestMode 
2022-11-15,17:29:08.506:CRITICAL: 21.75 21.29 21.27 21.42 23.75 -0.01 0.00 0.00 11.37 11.26 10.34 10.45 1255.50 1227.10 1.41 100.00 initial 0  nonempty None initial 292.51 Buffering (0/1) None     None  None  10.86 initial   Buffering (0/1) initial sleeping None    on       
2022-11-15,17:29:09.059:CRITICAL: BT1   BT2   TT1   TT2   AT    X     Y    Z    BP1   BP2   TP1   TP2   HP      AP      PD   PC     HL      EL BF       SF   PF      BV     rpm             Setpoint Error Depth avg_p direction Voltage         State   Safety   Payload TestMode 
2022-11-15,17:29:09.063:CRITICAL: 21.75 21.29 21.26 21.42 23.75 -0.00 0.00 0.00 11.37 11.26 10.34 10.45 1255.44 1226.98 1.41 100.00 initial 0  nonempty None initial 292.82 Buffering (0/1) None     None  None  10.86 initial   Buffering (0/1) initial sleeping None    on       
2022-11-15,17:29:09.568:CRITICAL: BT1   BT2   TT1   TT2   AT    X     Y    Z    BP1   BP2   TP1   TP2   HP      AP      PD   PC     HL      EL BF       SF   PF      BV     rpm             Setpoint Error Depth avg_p direction Voltage         State   Safety   Payload TestMode 
2022-11-15,17:29:09.574:CRITICAL: 21.75 21.29 21.26 21.42 23.75 -0.00 0.00 0.00 11.36 11.26 10.34 10.45 1255.40 1227.00 1.41 100.00 initial 0  nonempty None initial 292.61 Buffering (0/1) None     None  None  10.85 initial   Buffering (0/1) initial sleeping None    on       
2022-11-15,17:29:10.087:CRITICAL: BT1   BT2   TT1   TT2   AT    X    Y    Z    BP1   BP2   TP1   TP2   HP      AP      PD   PC     HL      EL BF       SF   PF      BV     rpm             Setpoint Error Depth avg_p direction Voltage         State   Safety   Payload TestMode 
2022-11-15,17:29:10.090:CRITICAL: 21.75 21.29 21.26 21.42 23.75 0.00 0.00 0.00 11.36 11.26 10.34 10.45 1255.30 1226.90 1.41 100.00 initial 0  nonempty None initial 292.71 Buffering (0/1) None     None  None  10.85 initial   Buffering (0/1) initial sleeping None    on       
2022-11-15,17:29:10.648:CRITICAL: BT1   BT2   TT1   TT2   AT    X    Y    Z    BP1   BP2   TP1   TP2   HP      AP      PD   PC     HL      EL BF       SF   PF      BV     rpm             Setpoint Error Depth avg_p direction Voltage         State   Safety   Payload TestMode 
2022-11-15,17:29:10.651:CRITICAL: 21.75 21.29 21.26 21.42 23.75 0.00 0.00 0.00 11.36 11.26 10.34 10.45 1255.32 1226.74 1.41 100.00 initial 0  nonempty None initial 293.18 Buffering (0/1) None     None  None  10.85 initial   Buffering (0/1) initial sleeping None    on       
2022-11-15,17:29:11.208:CRITICAL: BT1   BT2   TT1   TT2   AT    X    Y    Z    BP1   BP2   TP1   TP2   HP      AP      PD   PC     HL      EL BF       SF   PF      BV     rpm             Setpoint Error Depth avg_p direction Voltage         State   Safety   Payload TestMode 
2022-11-15,17:29:11.211:CRITICAL: 21.75 21.29 21.26 21.43 23.75 0.01 0.00 0.00 11.37 11.26 10.34 10.45 1255.22 1226.64 1.41 100.00 initial 0  nonempty None initial 292.98 Buffering (0/1) None     None  None  10.86 initial   Buffering (0/1) initial sleeping None    on       
2022-11-15,17:29:11.770:CRITICAL: BT1   BT2   TT1   TT2   AT    X    Y    Z    BP1   BP2   TP1   TP2   HP      AP      PD   PC     HL      EL BF       SF   PF      BV     rpm             Setpoint Error Depth avg_p direction Voltage         State   Safety   Payload TestMode 
2022-11-15,17:29:11.772:CRITICAL: 21.75 21.28 21.25 21.42 23.74 0.01 0.00 0.00 11.37 11.26 10.34 10.45 1255.28 1226.58 1.41 100.00 initial 0  nonempty None initial 293.08 Buffering (0/1) None     None  None  10.86 initial   Buffering (0/1) initial sleeping None    on       
2022-11-15,17:29:12.276:CRITICAL: BT1   BT2   TT1   TT2   AT    X    Y    Z    BP1   BP2   TP1   TP2   HP      AP      PD   PC     HL      EL BF       SF   PF      BV     rpm             Setpoint Error Depth avg_p direction Voltage         State   Safety   Payload TestMode 
2022-11-15,17:29:12.279:CRITICAL: 21.75 21.28 21.25 21.42 23.74 0.01 0.00 0.00 11.38 11.26 10.34 10.45 1255.30 1226.52 1.41 100.00 initial 0  nonempty None initial 292.88 Buffering (0/1) None     None  None  10.86 initial   Buffering (0/1) initial sleeping None    on       
2022-11-15,17:29:12.799:CRITICAL: BT1   BT2   TT1   TT2   AT    X    Y    Z    BP1   BP2   TP1   TP2   HP      AP      PD   PC     HL      EL BF       SF   PF      BV     rpm             Setpoint Error Depth avg_p direction Voltage         State   Safety   Payload TestMode 
2022-11-15,17:29:12.802:CRITICAL: 21.75 21.28 21.25 21.42 23.74 0.01 0.00 0.00 11.38 11.26 10.33 10.45 1255.20 1226.48 1.41 100.00 initial 0  nonempty None initial 292.88 Buffering (0/1) None     None  None  10.86 initial   Buffering (0/1) initial sleeping None    on       
2022-11-15,17:29:13.311:CRITICAL: BT1   BT2   TT1   TT2   AT    X    Y    Z    BP1   BP2   TP1   TP2   HP      AP      PD   PC     HL      EL BF       SF   PF      BV     rpm             Setpoint Error Depth avg_p direction Voltage         State   Safety   Payload TestMode 
2022-11-15,17:29:13.316:CRITICAL: 21.75 21.28 21.25 21.42 23.74 0.01 0.00 0.00 11.39 11.26 10.34 10.45 1255.22 1226.46 1.41 100.00 initial 0  nonempty None initial 293.28 Buffering (0/1) None     None  None  10.86 initial   Buffering (0/1) initial sleeping None    on       
2022-11-15,17:29:13.828:CRITICAL: BT1   BT2   TT1   TT2   AT    X     Y    Z    BP1   BP2   TP1   TP2   HP      AP      PD   PC     HL      EL BF       SF   PF      BV     rpm             Setpoint Error Depth avg_p direction Voltage         State   Safety   Payload TestMode 
2022-11-15,17:29:13.831:CRITICAL: 21.75 21.28 21.25 21.42 23.74 -0.00 0.00 0.00 11.38 11.26 10.33 10.45 1255.30 1226.44 1.41 100.00 initial 0  nonempty None initial 293.08 Buffering (0/1) None     None  None  10.86 initial   Buffering (0/1) initial sleeping None    on       
2022-11-15,17:29:14.385:CRITICAL: BT1   BT2   TT1   TT2   AT    X     Y    Z    BP1   BP2   TP1   TP2   HP      AP      PD   PC     HL      EL BF       SF   PF      BV     rpm             Setpoint Error Depth avg_p direction Voltage         State   Safety   Payload TestMode 
2022-11-15,17:29:14.389:CRITICAL: 21.75 21.28 21.25 21.42 23.74 -0.00 0.00 0.00 11.38 11.26 10.34 10.45 1255.40 1226.44 1.41 100.00 initial 0  nonempty None initial 293.08 Buffering (0/1) None     None  None  10.86 initial   Buffering (0/1) initial sleeping None    on       
2022-11-15,17:29:14.950:CRITICAL: BT1   BT2   TT1   TT2   AT    X     Y    Z    BP1   BP2   TP1   TP2   HP      AP      PD   PC     HL      EL BF       SF   PF      BV     rpm             Setpoint Error Depth avg_p direction Voltage         State   Safety   Payload TestMode 
2022-11-15,17:29:14.954:CRITICAL: 21.75 21.28 21.25 21.42 23.74 -0.01 0.00 0.00 11.38 11.26 10.34 10.45 1255.30 1226.44 1.41 100.00 initial 0  nonempty None initial 292.85 Buffering (0/1) None     None  None  10.86 initial   Buffering (0/1) initial sleeping None    on       
2022-11-15,17:29:15.454:CRITICAL: BT1   BT2   TT1   TT2   AT    X     Y    Z    BP1   BP2   TP1   TP2   HP      AP      PD   PC     HL      EL BF       SF   PF      BV     rpm             Setpoint Error Depth avg_p direction Voltage         State   Safety   Payload TestMode 
2022-11-15,17:29:15.458:CRITICAL: 21.75 21.28 21.25 21.42 23.74 -0.01 0.00 0.00 11.38 11.26 10.34 10.45 1255.34 1226.42 1.41 100.00 initial 0  nonempty None initial 292.98 Buffering (0/1) None     None  None  10.86 initial   Buffering (0/1) initial sleeping None    on       
2022-11-15,17:29:15.978:CRITICAL: BT1   BT2   TT1   TT2   AT    X     Y    Z    BP1   BP2   TP1   TP2   HP      AP      PD   PC     HL      EL BF       SF   PF      BV     rpm             Setpoint Error Depth avg_p direction Voltage         State   Safety   Payload TestMode 
2022-11-15,17:29:15.982:CRITICAL: 21.75 21.28 21.25 21.42 23.74 -0.01 0.00 0.00 11.37 11.26 10.34 10.45 1255.32 1226.48 1.41 100.00 initial 0  nonempty None initial 292.98 Buffering (0/1) None     None  None  10.86 initial   Buffering (0/1) initial sleeping None    on       
2022-11-15,17:29:16.535:CRITICAL: BT1   BT2   TT1   TT2   AT    X     Y    Z    BP1   BP2   TP1   TP2   HP      AP      PD   PC     HL      EL BF       SF   PF      BV     rpm             Setpoint Error Depth avg_p direction Voltage         State   Safety   Payload TestMode 
2022-11-15,17:29:16.539:CRITICAL: 21.75 21.28 21.25 21.42 23.74 -0.01 0.00 0.00 11.37 11.26 10.34 10.45 1255.36 1226.42 1.41 100.00 initial 0  nonempty None initial 293.35 Buffering (0/1) None     None  None  10.86 initial   Buffering (0/1) initial sleeping None    on       
2022-11-15,17:29:17.096:CRITICAL: BT1   BT2   TT1   TT2   AT    X     Y    Z    BP1   BP2   TP1   TP2   HP      AP      PD   PC     HL      EL BF       SF   PF      BV     rpm             Setpoint Error Depth avg_p direction Voltage         State   Safety   Payload TestMode 
2022-11-15,17:29:17.101:CRITICAL: 21.75 21.28 21.25 21.42 23.74 -0.01 0.00 0.00 11.36 11.26 10.34 10.45 1255.32 1226.38 1.41 100.00 initial 0  nonempty None initial 293.28 Buffering (0/1) None     None  None  10.85 initial   Buffering (0/1) initial sleeping None    on       
2022-11-15,17:29:17.605:CRITICAL: BT1   BT2   TT1   TT2   AT    X     Y    Z    BP1   BP2   TP1   TP2   HP      AP      PD   PC     HL      EL BF       SF   PF      BV     rpm             Setpoint Error Depth avg_p direction Voltage         State   Safety   Payload TestMode 
2022-11-15,17:29:17.610:CRITICAL: 21.75 21.28 21.26 21.42 23.74 -0.01 0.00 0.00 11.36 11.26 10.34 10.45 1255.38 1226.26 1.41 100.00 initial 0  nonempty None initial 293.45 Buffering (0/1) None     None  None  10.85 initial   Buffering (0/1) initial sleeping None    on       
2022-11-15,17:29:18.127:CRITICAL: BT1   BT2   TT1   TT2   AT    X     Y    Z    BP1   BP2   TP1   TP2   HP      AP      PD   PC     HL      EL BF       SF   PF      BV     rpm             Setpoint Error Depth avg_p direction Voltage         State   Safety   Payload TestMode 
2022-11-15,17:29:18.131:CRITICAL: 21.75 21.28 21.26 21.43 23.73 -0.01 0.00 0.00 11.37 11.26 10.34 10.45 1255.40 1226.20 1.41 100.00 initial 0  nonempty None initial 293.25 Buffering (0/1) None     None  None  10.86 initial   Buffering (0/1) initial sleeping None    on       
2022-11-15,17:29:18.631:CRITICAL: BT1   BT2   TT1   TT2   AT    X     Y    Z    BP1   BP2   TP1   TP2   HP      AP      PD   PC     HL      EL BF       SF   PF      BV     rpm             Setpoint Error Depth avg_p direction Voltage         State   Safety   Payload TestMode 
2022-11-15,17:29:18.635:CRITICAL: 21.75 21.28 21.26 21.43 23.73 -0.01 0.00 0.00 11.37 11.26 10.34 10.45 1255.44 1226.12 1.41 100.00 initial 0  nonempty None initial 293.35 Buffering (0/1) None     None  None  10.86 initial   Buffering (0/1) initial sleeping None    on       
2022-11-15,17:29:19.156:CRITICAL: BT1   BT2   TT1   TT2   AT    X     Y    Z    BP1   BP2   TP1   TP2   HP      AP      PD   PC     HL      EL BF       SF   PF      BV     rpm             Setpoint Error Depth avg_p direction Voltage         State   Safety   Payload TestMode 
2022-11-15,17:29:19.160:CRITICAL: 21.75 21.28 21.26 21.43 23.73 -0.01 0.00 0.01 11.37 11.26 10.34 10.45 1255.44 1226.04 1.41 100.00 initial 0  nonempty None initial 293.76 Buffering (0/1) None     None  None  10.86 initial   Buffering (0/1) initial sleeping None    on       
2022-11-15,17:29:19.663:CRITICAL: BT1   BT2   TT1   TT2   AT    X     Y    Z    BP1   BP2   TP1   TP2   HP      AP      PD   PC     HL      EL BF       SF   PF      BV     rpm             Setpoint Error Depth avg_p direction Voltage         State   Safety   Payload TestMode 
2022-11-15,17:29:19.666:CRITICAL: 21.75 21.28 21.27 21.43 23.73 -0.01 0.00 0.01 11.37 11.26 10.34 10.45 1255.42 1226.10 1.41 100.00 initial 0  nonempty None initial 292.95 Buffering (0/1) None     None  None  10.86 initial   Buffering (0/1) initial sleeping None    on       
2022-11-15,17:29:20.185:CRITICAL: BT1   BT2   TT1   TT2   AT    X     Y    Z    BP1   BP2   TP1   TP2   HP      AP      PD   PC     HL      EL BF       SF   PF      BV     rpm             Setpoint Error Depth avg_p direction Voltage         State   Safety   Payload TestMode 
2022-11-15,17:29:20.189:CRITICAL: 21.75 21.28 21.27 21.44 23.73 -0.01 0.00 0.01 11.37 11.26 10.34 10.45 1255.40 1226.04 1.41 100.00 initial 0  nonempty None initial 293.76 Buffering (0/1) None     None  None  10.86 initial   Buffering (0/1) initial sleeping None    on       
2022-11-15,17:29:20.746:CRITICAL: BT1   BT2   TT1   TT2   AT    X     Y    Z    BP1   BP2   TP1   TP2   HP      AP      PD   PC     HL      EL BF       SF   PF      BV     rpm             Setpoint Error Depth avg_p direction Voltage         State   Safety   Payload TestMode 
2022-11-15,17:29:20.750:CRITICAL: 21.75 21.28 21.27 21.44 23.73 -0.01 0.00 0.01 11.37 11.26 10.34 10.45 1255.36 1226.00 1.41 100.00 initial 0  nonempty None initial 293.45 Buffering (0/1) None     None  None  10.86 initial   Buffering (0/1) initial sleeping None    on       
2022-11-15,17:29:21.250:CRITICAL: BT1   BT2   TT1   TT2   AT    X     Y    Z    BP1   BP2   TP1   TP2   HP      AP      PD   PC     HL      EL BF       SF   PF      BV     rpm             Setpoint Error Depth avg_p direction Voltage         State   Safety   Payload TestMode 
2022-11-15,17:29:21.253:CRITICAL: 21.75 21.28 21.27 21.44 23.73 -0.01 0.00 0.01 11.38 11.26 10.34 10.45 1255.38 1225.94 1.41 100.00 initial 0  nonempty None initial 293.65 Buffering (0/1) None     None  None  10.86 initial   Buffering (0/1) initial sleeping None    on       
2022-11-15,17:29:21.772:CRITICAL: BT1   BT2   TT1   TT2   AT    X     Y    Z    BP1   BP2   TP1   TP2   HP      AP      PD   PC     HL      EL BF       SF   PF      BV     rpm             Setpoint Error Depth avg_p direction Voltage         State   Safety   Payload TestMode 
2022-11-15,17:29:21.776:CRITICAL: 21.75 21.28 21.27 21.44 23.73 -0.01 0.00 0.01 11.37 11.26 10.34 10.45 1255.36 1225.96 1.41 100.00 initial 0  nonempty None initial 293.65 Buffering (0/1) None     None  None  10.86 initial   Buffering (0/1) initial sleeping None    on       
2022-11-15,17:29:22.326:CRITICAL: BT1   BT2   TT1   TT2   AT    X     Y    Z    BP1   BP2   TP1   TP2   HP      AP      PD   PC     HL      EL BF       SF   PF      BV     rpm             Setpoint Error Depth avg_p direction Voltage         State   Safety   Payload TestMode 
2022-11-15,17:29:22.329:CRITICAL: 21.75 21.28 21.27 21.44 23.73 -0.01 0.00 0.01 11.38 11.26 10.34 10.45 1255.32 1225.92 1.41 100.00 initial 0  nonempty None initial 293.11 Buffering (0/1) None     None  None  10.86 initial   Buffering (0/1) initial sleeping None    on       
2022-11-15,17:29:22.883:CRITICAL: BT1   BT2   TT1   TT2   AT    X     Y    Z    BP1   BP2   TP1   TP2   HP      AP      PD   PC     HL      EL BF       SF   PF      BV     rpm             Setpoint Error Depth avg_p direction Voltage         State   Safety   Payload TestMode 
2022-11-15,17:29:22.887:CRITICAL: 21.75 21.28 21.28 21.44 23.73 -0.01 0.00 0.01 11.37 11.26 10.34 10.45 1255.24 1225.94 1.41 100.00 initial 0  nonempty None initial 293.65 Buffering (0/1) None     None  None  10.86 initial   Buffering (0/1) initial sleeping None    on       
2022-11-15,17:29:23.446:CRITICAL: BT1   BT2   TT1   TT2   AT    X     Y    Z    BP1   BP2   TP1   TP2   HP      AP      PD   PC     HL      EL BF       SF   PF      BV     rpm             Setpoint Error Depth avg_p direction Voltage         State   Safety   Payload TestMode 
2022-11-15,17:29:23.449:CRITICAL: 21.75 21.28 21.28 21.44 23.73 -0.01 0.00 0.01 11.37 11.26 10.34 10.45 1255.24 1225.88 1.41 100.00 initial 0  nonempty None initial 293.76 Buffering (0/1) None     None  None  10.86 initial   Buffering (0/1) initial sleeping None    on       
2022-11-15,17:29:24.002:CRITICAL: BT1   BT2   TT1   TT2   AT    X     Y    Z    BP1   BP2   TP1   TP2   HP      AP      PD   PC     HL      EL BF       SF   PF      BV     rpm             Setpoint Error Depth avg_p direction Voltage         State   Safety   Payload TestMode 
2022-11-15,17:29:24.006:CRITICAL: 21.75 21.28 21.28 21.44 23.73 -0.00 0.00 0.00 11.37 11.26 10.34 10.45 1255.12 1225.86 1.41 100.00 initial 0  nonempty None initial 293.72 Buffering (0/1) None     None  None  10.86 initial   Buffering (0/1) initial sleeping None    on       
2022-11-15,17:29:24.035:INFO: graceful shutdown
2022-11-15,17:29:24.038:INFO: disabling safety. please wait...
2022-11-15,17:29:24.040:INFO: Closing database connections
2022-11-15,17:29:24.042:INFO: Nacking outstanding messages
