2022-11-15,17:59:45.540:INFO: init log at log/20221115
2022-11-15,17:59:45.617:INFO: safety controller init
2022-11-15,17:59:45.659:DEBUG: gpio high
2022-11-15,17:59:45.664:INFO: init driver
2022-11-15,17:59:45.666:INFO: Pressure controller was initialized successfully
2022-11-15,17:59:45.672:INFO: BP1 pressure sensor was initialized successfully
2022-11-15,17:59:45.678:INFO: BP2 pressure sensor was initialized successfully
2022-11-15,17:59:45.684:INFO: TP1 pressure sensor was initialized successfully
2022-11-15,17:59:45.689:INFO: TP2 pressure sensor was initialized successfully
2022-11-15,17:59:45.695:INFO: HP pressure sensor was initialized successfully
2022-11-15,17:59:45.700:INFO: AP pressure sensor was initialized successfully
2022-11-15,17:59:45.702:INFO: Temperature controller was initialized successfully
2022-11-15,17:59:45.708:INFO: BT1 temperature sensor was initialized successfully
2022-11-15,17:59:45.713:INFO: BT2 temperature sensor was initialized successfully
2022-11-15,17:59:45.719:INFO: TT1 temperature sensor was initialized successfully
2022-11-15,17:59:45.724:INFO: TT2 temperature sensor was initialized successfully
2022-11-15,17:59:45.730:INFO: AT temperature sensor was initialized successfully
2022-11-15,17:59:45.731:INFO: IMU controller was initialized successfully
2022-11-15,17:59:45.737:INFO: X IMU sensor was initialized successfully
2022-11-15,17:59:45.743:INFO: Y IMU sensor was initialized successfully
2022-11-15,17:59:45.755:INFO: Z IMU sensor was initialized successfully
2022-11-15,17:59:45.761:INFO: Bladder volume controller was initialized successfully
2022-11-15,17:59:45.766:INFO: Altimeter controller was initialized successfully
2022-11-15,17:59:45.772:INFO: rpm controller was initialized successfully
2022-11-15,17:59:45.773:INFO: Pump flag controller was initialized successfully
2022-11-15,17:59:45.780:INFO: Bladder flag controller was initialized successfully
2022-11-15,17:59:45.788:INFO: Hull leak flag controller was initialized successfully
2022-11-15,17:59:45.791:INFO: Engine leak flag controller was initialized successfully
2022-11-15,17:59:45.794:INFO: Full surface initiated flag controller was initialized successfully
2022-11-15,17:59:45.797:INFO: Iridium flag controller was initialized successfully
2022-11-15,17:59:45.806:INFO: direction flag controller was initialized successfully
2022-11-15,17:59:45.817:INFO: Payload flag controller was initialized successfully
2022-11-15,17:59:45.969:DEBUG: mega>RPi: 1:1032.90
2022-11-15,17:59:45.969:DEBUG: mega>RPi: TP2:1044.00
2022-11-15,17:59:45.970:DEBUG: mega>RPi: AT:22.54
2022-11-15,17:59:45.970:DEBUG: mega>RPi: 
EL:0.00
2022-11-15,17:59:45.971:DEBUG: mega>RPi: BT1:21.77
2022-11-15,17:59:45.971:DEBUG: mega>RPi: BT2:21.25
2022-11-15,17:59:45.972:DEBUG: mega>RPi: BP1:1202.80
2022-11-15,17:59:45.972:DEBUG: mega>RPi: BP2:1124.90
2022-11-15,17:59:45.973:DEBUG: mega>RPi: HP:1600.90
2022-11-15,17:59:45.973:DEBUG: mega>RPi: TT1:21.44
2022-11-15,17:59:45.973:DEBUG: mega>RPi: TT2:21.42
2022-11-15,17:59:45.974:DEBUG: mega>RPi: TP1:1032.90
2022-11-15,17:59:45.974:DEBUG: mega>RPi: TP2:1044.00
2022-11-15,17:59:45.975:DEBUG: mega>RPi: AT:22.54
2022-11-15,17:59:45.975:DEBUG: mega>RPi: 
EL:0.00
2022-11-15,17:59:45.976:DEBUG: mega>RPi: BT1:21.77
2022-11-15,17:59:45.976:DEBUG: mega>RPi: BT2:21.25
2022-11-15,17:59:45.977:DEBUG: mega>RPi: BP1:1202.80
2022-11-15,17:59:45.977:DEBUG: mega>RPi: BP2:1124.90
2022-11-15,17:59:45.977:DEBUG: mega>RPi: HP:1600.90
2022-11-15,17:59:45.978:DEBUG: mega>RPi: TT1:21.44
2022-11-15,17:59:45.978:DEBUG: mega>RPi: TT2:21.42
2022-11-15,17:59:45.979:DEBUG: mega>RPi: TP1:1032.90
2022-11-15,17:59:45.979:DEBUG: mega>RPi: TP2:1044.00
2022-11-15,17:59:45.980:DEBUG: mega>RPi: AT:22.54
2022-11-15,17:59:45.983:INFO: init consume mega
2022-11-15,17:59:45.987:INFO: init consume nano
2022-11-15,17:59:45.988:INFO: init consume payload
2022-11-15,17:59:47.073:DEBUG: mega>RPi: SU:0.00
2022-11-15,17:59:47.093:DEBUG: nano>RPi: NN:222.00
2022-11-15,17:59:47.094:INFO: 222
2022-11-15,17:59:47.095:DEBUG: gpio high
2022-11-15,17:59:47.096:INFO: safety went to sleep (sleep initiated)
2022-11-15,17:59:47.105:DEBUG: mega>RPi: BT1:21.39
2022-11-15,17:59:47.130:DEBUG: mega>RPi: BT2:-515.39
2022-11-15,17:59:47.147:DEBUG: mega>RPi: PS:2.00
2022-11-15,17:59:48.203:DEBUG: mega>RPi: BP1:1207.10
2022-11-15,17:59:48.261:DEBUG: mega>RPi: BP2:1125.20
2022-11-15,17:59:48.321:DEBUG: mega>RPi: HP:1599.30
2022-11-15,17:59:48.351:DEBUG: mega>RPi: AT:22.33
2022-11-15,17:59:48.408:DEBUG: mega>RPi: AP:1081.20
2022-11-15,17:59:48.436:DEBUG: mega>RPi: TT1:23.08
2022-11-15,17:59:48.465:DEBUG: mega>RPi: TT2:23.08
2022-11-15,17:59:48.523:DEBUG: mega>RPi: TP1:1033.00
2022-11-15,17:59:48.581:DEBUG: mega>RPi: TP2:1044.70
2022-11-15,17:59:48.582:DEBUG: mega>RPi: 
2022-11-15,17:59:48.842:DEBUG: mega>RPi: X:0.00
2022-11-15,17:59:48.843:DEBUG: mega>RPi: Y:0.00
2022-11-15,17:59:48.843:DEBUG: mega>RPi: Z:0.00
2022-11-15,17:59:49.256:DEBUG: mega>RPi: Date: 11/17/2022 Time: 10:34:47
2022-11-15,17:59:50.955:DEBUG: mega>RPi: SU:1.00
2022-11-15,17:59:50.956:DEBUG: mega>RPi: LC:1.00
2022-11-15,17:59:51.038:DEBUG: mega>RPi: HL:0.00
2022-11-15,17:59:51.039:DEBUG: mega>RPi: EL:0.00
2022-11-15,17:59:51.053:DEBUG: mega>RPi: BT1:21.77
2022-11-15,17:59:51.066:DEBUG: mega>RPi: BT2:21.25
2022-11-15,17:59:51.124:DEBUG: mega>RPi: BP1:1206.70
2022-11-15,17:59:51.181:DEBUG: mega>RPi: BP2:1124.60
2022-11-15,17:59:51.238:DEBUG: mega>RPi: HP:1598.40
2022-11-15,17:59:51.255:DEBUG: mega>RPi: TT1:21.45
2022-11-15,17:59:51.266:DEBUG: mega>RPi: TT2:21.41
2022-11-15,17:59:51.324:DEBUG: mega>RPi: TP1:1032.50
2022-11-15,17:59:51.386:DEBUG: mega>RPi: TP2:1044.70
2022-11-15,17:59:51.399:DEBUG: mega>RPi: AT:22.54
2022-11-15,17:59:51.455:DEBUG: mega>RPi: AP:1070.70
2022-11-15,17:59:51.456:DEBUG: mega>RPi: BV:467.54
2022-11-15,17:59:51.460:DEBUG: notify
2022-11-15,17:59:51.464:CRITICAL: BT1             BT2             TT1             TT2             AT    X               Y               Z               BP1             BP2             TP1             TP2   HP              AP              PD PC HL      EL BF      SF   PF      BV     rpm             Setpoint Error Depth avg_p direction Voltage         State   Safety   Payload TestMode 
2022-11-15,17:59:51.468:CRITICAL: Buffering (4/5) Buffering (4/5) Buffering (4/5) Buffering (4/5) 22.50 Buffering (1/5) Buffering (1/5) Buffering (1/5) Buffering (4/5) Buffering (4/5) Buffering (4/5) 10.44 Buffering (4/5) Buffering (2/5) 0  0  initial 0  initial None initial 467.54 Buffering (0/1) None     None  None  10.44 initial   Buffering (0/1) initial sleeping None    on       
2022-11-15,17:59:51.471:DEBUG: mega>RPi: BF:0.00
2022-11-15,17:59:51.473:DEBUG: mega>RPi: X:0.00
2022-11-15,17:59:51.474:DEBUG: mega>RPi: Y:0.00
2022-11-15,17:59:51.475:DEBUG: mega>RPi: Z:0.00
2022-11-15,17:59:51.477:DEBUG: mega>RPi: PD:1.43
2022-11-15,17:59:51.478:DEBUG: mega>RPi: PC:100.00
2022-11-15,17:59:51.479:DEBUG: mega>RPi: LC:2.00
2022-11-15,17:59:51.557:DEBUG: mega>RPi: HL:0.00
2022-11-15,17:59:51.559:DEBUG: mega>RPi: EL:0.00
2022-11-15,17:59:51.570:DEBUG: mega>RPi: BT1:21.77
2022-11-15,17:59:51.586:DEBUG: mega>RPi: BT2:21.25
2022-11-15,17:59:51.644:DEBUG: mega>RPi: BP1:1204.60
2022-11-15,17:59:51.702:DEBUG: mega>RPi: BP2:1124.80
2022-11-15,17:59:51.758:DEBUG: mega>RPi: HP:1598.00
2022-11-15,17:59:51.775:DEBUG: mega>RPi: TT1:21.45
2022-11-15,17:59:51.787:DEBUG: mega>RPi: TT2:21.41
2022-11-15,17:59:51.844:DEBUG: mega>RPi: TP1:1032.50
2022-11-15,17:59:51.902:DEBUG: mega>RPi: TP2:1044.20
2022-11-15,17:59:51.918:DEBUG: mega>RPi: AT:22.54
2022-11-15,17:59:51.975:DEBUG: mega>RPi: AP:1070.80
2022-11-15,17:59:51.976:DEBUG: mega>RPi: BV:467.41
2022-11-15,17:59:51.977:DEBUG: mega>RPi: BF:0.00
2022-11-15,17:59:51.979:DEBUG: notify
2022-11-15,17:59:51.981:CRITICAL: BT1   BT2    TT1   TT2   AT    X               Y               Z               BP1   BP2   TP1   TP2   HP      AP              PD   PC     HL      EL BF       SF   PF      BV     rpm             Setpoint Error Depth avg_p direction Voltage         State   Safety   Payload TestMode 
2022-11-15,17:59:51.985:CRITICAL: 21.69 -86.08 21.77 21.75 22.50 Buffering (2/5) Buffering (2/5) Buffering (2/5) 11.51 11.25 10.33 10.44 1599.50 Buffering (3/5) 1.43 100.00 initial 0  nonempty None initial 467.41 Buffering (0/1) None     None  None  10.88 initial   Buffering (0/1) initial sleeping None    on       
2022-11-15,17:59:51.991:DEBUG: mega>RPi: X:-0.00
2022-11-15,17:59:51.992:DEBUG: mega>RPi: Y:-0.01
2022-11-15,17:59:51.993:DEBUG: mega>RPi: Z:0.00
2022-11-15,17:59:52.037:DEBUG: mega>RPi: PD:1.43
2022-11-15,17:59:52.038:DEBUG: mega>RPi: PC:100.00
2022-11-15,17:59:52.039:DEBUG: mega>RPi: LC:3.00
2022-11-15,17:59:52.118:DEBUG: mega>RPi: HL:0.00
2022-11-15,17:59:52.127:DEBUG: mega>RPi: EL:0.00
2022-11-15,17:59:52.135:DEBUG: mega>RPi: BT1:21.77
2022-11-15,17:59:52.148:DEBUG: mega>RPi: BT2:21.25
2022-11-15,17:59:52.205:DEBUG: mega>RPi: BP1:1204.00
2022-11-15,17:59:52.262:DEBUG: mega>RPi: BP2:1125.70
2022-11-15,17:59:52.320:DEBUG: mega>RPi: HP:1597.60
2022-11-15,17:59:52.336:DEBUG: mega>RPi: TT1:21.45
2022-11-15,17:59:52.348:DEBUG: mega>RPi: TT2:21.41
2022-11-15,17:59:52.406:DEBUG: mega>RPi: TP1:1033.00
2022-11-15,17:59:52.467:DEBUG: mega>RPi: TP2:1043.90
2022-11-15,17:59:52.479:DEBUG: mega>RPi: AT:22.55
2022-11-15,17:59:52.537:DEBUG: mega>RPi: AP:1070.60
2022-11-15,17:59:52.537:DEBUG: mega>RPi: BV:467.72
2022-11-15,17:59:52.539:DEBUG: notify
2022-11-15,17:59:52.541:CRITICAL: BT1   BT2    TT1   TT2   AT    X               Y               Z               BP1   BP2   TP1   TP2   HP      AP              PD   PC     HL      EL BF       SF   PF      BV     rpm             Setpoint Error Depth avg_p direction Voltage         State   Safety   Payload TestMode 
2022-11-15,17:59:52.544:CRITICAL: 21.69 -86.08 21.77 21.75 22.50 Buffering (3/5) Buffering (3/5) Buffering (3/5) 11.51 11.25 10.33 10.44 1598.84 Buffering (4/5) 1.43 100.00 initial 0  nonempty None initial 467.72 Buffering (0/1) None     None  None  10.88 initial   Buffering (0/1) initial sleeping None    on       
2022-11-15,17:59:52.547:DEBUG: mega>RPi: BF:0.00
2022-11-15,17:59:52.549:DEBUG: mega>RPi: X:-0.00
2022-11-15,17:59:52.550:DEBUG: mega>RPi: Y:-0.00
2022-11-15,17:59:52.551:DEBUG: mega>RPi: Z:0.00
2022-11-15,17:59:52.594:DEBUG: mega>RPi: PD:1.43
2022-11-15,17:59:52.597:DEBUG: mega>RPi: PC:100.00
2022-11-15,17:59:52.598:DEBUG: mega>RPi: LC:4.00
2022-11-15,17:59:52.675:DEBUG: mega>RPi: HL:0.00
2022-11-15,17:59:52.676:DEBUG: mega>RPi: EL:0.00
2022-11-15,17:59:52.692:DEBUG: mega>RPi: BT1:21.77
2022-11-15,17:59:52.704:DEBUG: mega>RPi: BT2:21.25
2022-11-15,17:59:52.762:DEBUG: mega>RPi: BP1:1205.50
2022-11-15,17:59:52.823:DEBUG: mega>RPi: BP2:1125.10
2022-11-15,17:59:52.881:DEBUG: mega>RPi: HP:1598.00
2022-11-15,17:59:52.892:DEBUG: mega>RPi: TT1:21.45
2022-11-15,17:59:52.905:DEBUG: mega>RPi: TT2:21.43
2022-11-15,17:59:52.967:DEBUG: mega>RPi: TP1:1032.40
2022-11-15,17:59:53.025:DEBUG: mega>RPi: TP2:1044.40
2022-11-15,17:59:53.036:DEBUG: mega>RPi: AT:22.55
2022-11-15,17:59:53.094:DEBUG: mega>RPi: AP:1070.70
2022-11-15,17:59:53.098:DEBUG: mega>RPi: BV:467.58
2022-11-15,17:59:53.099:DEBUG: mega>RPi: BF:0.00
2022-11-15,17:59:53.101:DEBUG: notify
2022-11-15,17:59:53.103:CRITICAL: BT1   BT2    TT1   TT2   AT    X               Y               Z               BP1   BP2   TP1   TP2   HP      AP      PD   PC     HL      EL BF       SF   PF      BV     rpm             Setpoint Error Depth avg_p direction Voltage         State   Safety   Payload TestMode 
2022-11-15,17:59:53.107:CRITICAL: 21.69 -86.08 21.78 21.75 22.50 Buffering (4/5) Buffering (4/5) Buffering (4/5) 11.52 11.25 10.33 10.44 1598.26 1072.80 1.43 100.00 initial 0  nonempty None initial 467.58 Buffering (0/1) None     None  None  10.88 initial   Buffering (0/1) initial sleeping None    on       
2022-11-15,17:59:53.112:DEBUG: mega>RPi: X:0.00
2022-11-15,17:59:53.114:DEBUG: mega>RPi: Y:-0.03
2022-11-15,17:59:53.115:DEBUG: mega>RPi: Z:0.00
2022-11-15,17:59:53.151:DEBUG: mega>RPi: PD:1.43
2022-11-15,17:59:53.152:DEBUG: mega>RPi: PC:100.00
2022-11-15,17:59:53.155:DEBUG: mega>RPi: LC:5.00
2022-11-15,17:59:53.233:DEBUG: mega>RPi: HL:0.00
2022-11-15,17:59:53.234:DEBUG: mega>RPi: EL:0.00
2022-11-15,17:59:53.249:DEBUG: mega>RPi: BT1:21.78
2022-11-15,17:59:53.262:DEBUG: mega>RPi: BT2:21.25
2022-11-15,17:59:53.318:DEBUG: mega>RPi: BP1:1204.10
2022-11-15,17:59:53.376:DEBUG: mega>RPi: BP2:1125.10
2022-11-15,17:59:53.438:DEBUG: mega>RPi: HP:1597.30
2022-11-15,17:59:53.451:DEBUG: mega>RPi: TT1:21.45
2022-11-15,17:59:53.462:DEBUG: mega>RPi: TT2:21.41
2022-11-15,17:59:53.524:DEBUG: mega>RPi: TP1:1033.00
2022-11-15,17:59:53.582:DEBUG: mega>RPi: TP2:1044.30
2022-11-15,17:59:53.593:DEBUG: mega>RPi: AT:22.55
2022-11-15,17:59:53.651:DEBUG: mega>RPi: AP:1071.10
2022-11-15,17:59:53.655:DEBUG: mega>RPi: BV:467.06
2022-11-15,17:59:53.656:DEBUG: mega>RPi: BF:0.00
2022-11-15,17:59:53.657:DEBUG: notify
2022-11-15,17:59:53.660:CRITICAL: BT1   BT2   TT1   TT2   AT    X    Y     Z    BP1   BP2   TP1   TP2   HP      AP      PD   PC     HL      EL BF       SF   PF      BV     rpm             Setpoint Error Depth avg_p direction Voltage         State   Safety   Payload TestMode 
2022-11-15,17:59:53.663:CRITICAL: 21.77 21.25 21.45 21.41 22.55 0.00 -0.01 0.00 11.51 11.25 10.33 10.44 1597.86 1070.78 1.43 100.00 initial 0  nonempty None initial 467.06 Buffering (0/1) None     None  None  10.88 initial   Buffering (0/1) initial sleeping None    on       
2022-11-15,17:59:53.669:DEBUG: mega>RPi: PD:1.43
2022-11-15,17:59:53.670:DEBUG: mega>RPi: PC:100.00
2022-11-15,17:59:53.671:DEBUG: mega>RPi: LC:6.00
2022-11-15,17:59:53.741:DEBUG: mega>RPi: HL:0.00
2022-11-15,17:59:53.742:DEBUG: mega>RPi: EL:0.00
2022-11-15,17:59:53.754:DEBUG: mega>RPi: BT1:21.78
2022-11-15,17:59:53.765:DEBUG: mega>RPi: BT2:21.25
2022-11-15,17:59:53.827:DEBUG: mega>RPi: BP1:1201.60
2022-11-15,17:59:53.885:DEBUG: mega>RPi: BP2:1125.20
2022-11-15,17:59:53.941:DEBUG: mega>RPi: HP:1597.10
2022-11-15,17:59:53.958:DEBUG: mega>RPi: TT1:21.45
2022-11-15,17:59:53.970:DEBUG: mega>RPi: TT2:21.42
2022-11-15,17:59:54.027:DEBUG: mega>RPi: TP1:1032.40
2022-11-15,17:59:54.085:DEBUG: mega>RPi: TP2:1044.40
2022-11-15,17:59:54.101:DEBUG: mega>RPi: AT:22.54
2022-11-15,17:59:54.159:DEBUG: mega>RPi: AP:1071.00
2022-11-15,17:59:54.160:DEBUG: mega>RPi: BV:467.15
2022-11-15,17:59:54.161:DEBUG: mega>RPi: BF:0.00
2022-11-15,17:59:54.162:DEBUG: notify
2022-11-15,17:59:54.164:CRITICAL: BT1   BT2   TT1   TT2   AT    X    Y     Z    BP1   BP2   TP1   TP2   HP      AP      PD   PC     HL      EL BF       SF   PF      BV     rpm             Setpoint Error Depth avg_p direction Voltage         State   Safety   Payload TestMode 
2022-11-15,17:59:54.166:CRITICAL: 21.77 21.25 21.45 21.42 22.55 0.00 -0.01 0.00 11.50 11.25 10.33 10.44 1597.60 1070.84 1.43 100.00 initial 0  nonempty None initial 467.15 Buffering (0/1) None     None  None  10.88 initial   Buffering (0/1) initial sleeping None    on       
2022-11-15,17:59:54.172:DEBUG: mega>RPi: X:0.04
2022-11-15,17:59:54.173:DEBUG: mega>RPi: Y:0.00
2022-11-15,17:59:54.174:DEBUG: mega>RPi: Z:-0.01
2022-11-15,17:59:54.183:DEBUG: mega>RPi: PD:1.42
2022-11-15,17:59:54.184:DEBUG: mega>RPi: PC:100.00
2022-11-15,17:59:54.185:DEBUG: mega>RPi: LC:7.00
2022-11-15,17:59:54.261:DEBUG: mega>RPi: HL:0.00
2022-11-15,17:59:54.264:DEBUG: mega>RPi: EL:0.00
2022-11-15,17:59:54.277:DEBUG: mega>RPi: BT1:21.77
2022-11-15,17:59:54.290:DEBUG: mega>RPi: BT2:21.25
2022-11-15,17:59:54.350:DEBUG: mega>RPi: BP1:1204.10
2022-11-15,17:59:54.408:DEBUG: mega>RPi: BP2:1125.40
2022-11-15,17:59:54.466:DEBUG: mega>RPi: HP:1596.90
2022-11-15,17:59:54.478:DEBUG: mega>RPi: TT1:21.46
2022-11-15,17:59:54.494:DEBUG: mega>RPi: TT2:21.41
2022-11-15,17:59:54.552:DEBUG: mega>RPi: TP1:1033.30
2022-11-15,17:59:54.609:DEBUG: mega>RPi: TP2:1044.50
2022-11-15,17:59:54.622:DEBUG: mega>RPi: AT:22.54
2022-11-15,17:59:54.683:DEBUG: mega>RPi: AP:1070.80
2022-11-15,17:59:54.684:DEBUG: mega>RPi: BV:467.41
2022-11-15,17:59:54.686:DEBUG: mega>RPi: BF:0.00
2022-11-15,17:59:54.688:DEBUG: mega>RPi: PD:1.42
2022-11-15,17:59:54.689:DEBUG: mega>RPi: PC:100.00
2022-11-15,17:59:54.691:DEBUG: notify
2022-11-15,17:59:54.693:CRITICAL: BT1   BT2   TT1   TT2   AT    X    Y     Z     BP1   BP2   TP1   TP2   HP      AP      PD   PC     HL      EL BF       SF   PF      BV     rpm             Setpoint Error Depth avg_p direction Voltage         State   Safety   Payload TestMode 
2022-11-15,17:59:54.699:CRITICAL: 21.77 21.25 21.45 21.42 22.55 0.01 -0.01 -0.00 11.50 11.25 10.33 10.44 1597.38 1070.84 1.42 100.00 initial 0  nonempty None initial 467.41 Buffering (0/1) None     None  None  10.88 initial   Buffering (0/1) initial sleeping None    on       
2022-11-15,17:59:54.708:DEBUG: mega>RPi: LC:8.00
2022-11-15,17:59:54.769:DEBUG: mega>RPi: HL:0.00
2022-11-15,17:59:54.770:DEBUG: mega>RPi: EL:0.00
2022-11-15,17:59:54.786:DEBUG: mega>RPi: BT1:21.78
2022-11-15,17:59:54.797:DEBUG: mega>RPi: BT2:21.25
2022-11-15,17:59:54.855:DEBUG: mega>RPi: BP1:1200.40
2022-11-15,17:59:54.913:DEBUG: mega>RPi: BP2:1125.10
2022-11-15,17:59:54.973:DEBUG: mega>RPi: HP:1596.70
2022-11-15,17:59:54.986:DEBUG: mega>RPi: TT1:21.46
2022-11-15,17:59:54.999:DEBUG: mega>RPi: TT2:21.42
2022-11-15,17:59:55.059:DEBUG: mega>RPi: TP1:1032.90
2022-11-15,17:59:55.117:DEBUG: mega>RPi: TP2:1044.60
2022-11-15,17:59:55.129:DEBUG: mega>RPi: AT:22.54
2022-11-15,17:59:55.187:DEBUG: mega>RPi: AP:1071.00
2022-11-15,17:59:55.190:DEBUG: mega>RPi: BV:467.15
2022-11-15,17:59:55.191:DEBUG: mega>RPi: BF:0.00
2022-11-15,17:59:55.193:DEBUG: notify
2022-11-15,17:59:55.195:CRITICAL: BT1   BT2   TT1   TT2   AT    X    Y     Z     BP1   BP2   TP1   TP2   HP      AP      PD   PC     HL      EL BF       SF   PF      BV     rpm             Setpoint Error Depth avg_p direction Voltage         State   Safety   Payload TestMode 
2022-11-15,17:59:55.199:CRITICAL: 21.78 21.25 21.45 21.42 22.54 0.01 -0.01 -0.00 11.49 11.25 10.33 10.44 1597.20 1070.92 1.42 100.00 initial 0  nonempty None initial 467.15 Buffering (0/1) None     None  None  10.88 initial   Buffering (0/1) initial sleeping None    on       
2022-11-15,17:59:55.204:DEBUG: mega>RPi: X:0.00
2022-11-15,17:59:55.205:DEBUG: mega>RPi: Y:0.02
2022-11-15,17:59:55.206:DEBUG: mega>RPi: Z:0.00
2022-11-15,17:59:55.211:DEBUG: mega>RPi: PD:1.42
2022-11-15,17:59:55.212:DEBUG: mega>RPi: PC:100.00
2022-11-15,17:59:55.212:DEBUG: mega>RPi: LC:9.00
2022-11-15,17:59:55.294:DEBUG: mega>RPi: HL:0.00
2022-11-15,17:59:55.295:DEBUG: mega>RPi: EL:0.00
2022-11-15,17:59:55.305:DEBUG: mega>RPi: BT1:21.77
2022-11-15,17:59:55.322:DEBUG: mega>RPi: BT2:21.25
2022-11-15,17:59:55.380:DEBUG: mega>RPi: BP1:1203.10
2022-11-15,17:59:55.436:DEBUG: mega>RPi: BP2:1124.60
2022-11-15,17:59:55.494:DEBUG: mega>RPi: HP:1596.80
2022-11-15,17:59:55.510:DEBUG: mega>RPi: TT1:21.46
2022-11-15,17:59:55.523:DEBUG: mega>RPi: TT2:21.41
2022-11-15,17:59:55.580:DEBUG: mega>RPi: TP1:1033.10
2022-11-15,17:59:55.637:DEBUG: mega>RPi: TP2:1044.40
2022-11-15,17:59:55.654:DEBUG: mega>RPi: AT:22.54
2022-11-15,17:59:55.712:DEBUG: mega>RPi: AP:1071.00
2022-11-15,17:59:55.713:DEBUG: mega>RPi: BV:467.15
2022-11-15,17:59:55.714:DEBUG: mega>RPi: BF:0.00
2022-11-15,17:59:55.716:DEBUG: notify
2022-11-15,17:59:55.718:CRITICAL: BT1   BT2   TT1   TT2   AT    X    Y     Z     BP1   BP2   TP1   TP2   HP      AP      PD   PC     HL      EL BF       SF   PF      BV     rpm             Setpoint Error Depth avg_p direction Voltage         State   Safety   Payload TestMode 
2022-11-15,17:59:55.723:CRITICAL: 21.78 21.25 21.46 21.41 22.54 0.01 -0.00 -0.00 11.49 11.25 10.33 10.44 1596.96 1070.98 1.42 100.00 initial 0  nonempty None initial 467.15 Buffering (0/1) None     None  None  10.88 initial   Buffering (0/1) initial sleeping None    on       
2022-11-15,17:59:55.764:DEBUG: mega>RPi: PD:1.42
2022-11-15,17:59:55.766:DEBUG: mega>RPi: PC:100.00
2022-11-15,17:59:55.766:DEBUG: mega>RPi: LC:10.00
2022-11-15,17:59:55.846:DEBUG: mega>RPi: HL:0.00
2022-11-15,17:59:55.847:DEBUG: mega>RPi: EL:0.00
2022-11-15,17:59:55.862:DEBUG: mega>RPi: BT1:21.77
2022-11-15,17:59:55.875:DEBUG: mega>RPi: BT2:21.25
2022-11-15,17:59:55.932:DEBUG: mega>RPi: BP1:1205.00
2022-11-15,17:59:55.990:DEBUG: mega>RPi: BP2:1125.00
2022-11-15,17:59:56.047:DEBUG: mega>RPi: HP:1596.90
2022-11-15,17:59:56.064:DEBUG: mega>RPi: TT1:21.46
2022-11-15,17:59:56.075:DEBUG: mega>RPi: TT2:21.42
2022-11-15,17:59:56.133:DEBUG: mega>RPi: TP1:1032.30
2022-11-15,17:59:56.191:DEBUG: mega>RPi: TP2:1044.10
2022-11-15,17:59:56.206:DEBUG: mega>RPi: AT:22.55
2022-11-15,17:59:56.264:DEBUG: mega>RPi: AP:1070.40
2022-11-15,17:59:56.265:DEBUG: mega>RPi: BV:467.98
2022-11-15,17:59:56.267:DEBUG: notify
2022-11-15,17:59:56.270:CRITICAL: BT1   BT2   TT1   TT2   AT    X    Y     Z     BP1   BP2   TP1   TP2   HP      AP      PD   PC     HL      EL BF       SF   PF      BV     rpm             Setpoint Error Depth avg_p direction Voltage         State   Safety   Payload TestMode 
2022-11-15,17:59:56.275:CRITICAL: 21.77 21.25 21.46 21.42 22.54 0.01 -0.00 -0.00 11.49 11.25 10.33 10.44 1596.88 1070.84 1.42 100.00 initial 0  nonempty None initial 467.98 Buffering (0/1) None     None  None  10.88 initial   Buffering (0/1) initial sleeping None    on       
2022-11-15,17:59:56.279:DEBUG: mega>RPi: BF:0.00
2022-11-15,17:59:56.280:DEBUG: mega>RPi: X:-0.00
2022-11-15,17:59:56.281:DEBUG: mega>RPi: Y:-0.00
2022-11-15,17:59:56.282:DEBUG: mega>RPi: Z:-0.00
2022-11-15,17:59:56.321:DEBUG: mega>RPi: PD:1.42
2022-11-15,17:59:56.325:DEBUG: mega>RPi: PC:100.00
2022-11-15,17:59:56.326:DEBUG: mega>RPi: LC:11.00
2022-11-15,17:59:56.404:DEBUG: mega>RPi: HL:0.00
2022-11-15,17:59:56.405:DEBUG: mega>RPi: EL:0.00
2022-11-15,17:59:56.419:DEBUG: mega>RPi: BT1:21.78
2022-11-15,17:59:56.432:DEBUG: mega>RPi: BT2:21.25
2022-11-15,17:59:56.490:DEBUG: mega>RPi: BP1:1203.80
2022-11-15,17:59:56.546:DEBUG: mega>RPi: BP2:1125.00
2022-11-15,17:59:56.607:DEBUG: mega>RPi: HP:1596.60
2022-11-15,17:59:56.620:DEBUG: mega>RPi: TT1:21.46
2022-11-15,17:59:56.632:DEBUG: mega>RPi: TT2:21.40
2022-11-15,17:59:56.693:DEBUG: mega>RPi: TP1:1033.10
2022-11-15,17:59:56.752:DEBUG: mega>RPi: TP2:1044.50
2022-11-15,17:59:56.763:DEBUG: mega>RPi: AT:22.54
2022-11-15,17:59:56.821:DEBUG: mega>RPi: AP:1070.70
2022-11-15,17:59:56.825:DEBUG: mega>RPi: BV:467.54
2022-11-15,17:59:56.826:DEBUG: mega>RPi: BF:0.00
2022-11-15,17:59:56.828:INFO: graceful shutdown
2022-11-15,17:59:56.830:INFO: disabling safety. please wait...
2022-11-15,17:59:56.832:INFO: Closing database connections
2022-11-15,17:59:56.833:INFO: Nacking outstanding messages
