2022-11-15,17:23:48.910:INFO: init log at log/20221115
2022-11-15,17:23:48.982:INFO: safety controller init
2022-11-15,17:23:49.034:INFO: init driver
2022-11-15,17:23:49.036:INFO: Pressure controller was initialized successfully
2022-11-15,17:23:49.043:INFO: BP1 pressure sensor was initialized successfully
2022-11-15,17:23:49.050:INFO: BP2 pressure sensor was initialized successfully
2022-11-15,17:23:49.056:INFO: TP1 pressure sensor was initialized successfully
2022-11-15,17:23:49.062:INFO: TP2 pressure sensor was initialized successfully
2022-11-15,17:23:49.069:INFO: HP pressure sensor was initialized successfully
2022-11-15,17:23:49.076:INFO: AP pressure sensor was initialized successfully
2022-11-15,17:23:49.078:INFO: Temperature controller was initialized successfully
2022-11-15,17:23:49.086:INFO: BT1 temperature sensor was initialized successfully
2022-11-15,17:23:49.093:INFO: BT2 temperature sensor was initialized successfully
2022-11-15,17:23:49.099:INFO: TT1 temperature sensor was initialized successfully
2022-11-15,17:23:49.106:INFO: TT2 temperature sensor was initialized successfully
2022-11-15,17:23:49.114:INFO: AT temperature sensor was initialized successfully
2022-11-15,17:23:49.115:INFO: IMU controller was initialized successfully
2022-11-15,17:23:49.122:INFO: X IMU sensor was initialized successfully
2022-11-15,17:23:49.129:INFO: Y IMU sensor was initialized successfully
2022-11-15,17:23:49.137:INFO: Z IMU sensor was initialized successfully
2022-11-15,17:23:49.146:INFO: Bladder volume controller was initialized successfully
2022-11-15,17:23:49.153:INFO: Altimeter controller was initialized successfully
2022-11-15,17:23:49.161:INFO: rpm controller was initialized successfully
2022-11-15,17:23:49.163:INFO: Pump flag controller was initialized successfully
2022-11-15,17:23:49.173:INFO: Bladder flag controller was initialized successfully
2022-11-15,17:23:49.182:INFO: Hull leak flag controller was initialized successfully
2022-11-15,17:23:49.186:INFO: Engine leak flag controller was initialized successfully
2022-11-15,17:23:49.190:INFO: Full surface initiated flag controller was initialized successfully
2022-11-15,17:23:49.193:INFO: Iridium flag controller was initialized successfully
2022-11-15,17:23:49.203:INFO: direction flag controller was initialized successfully
2022-11-15,17:23:49.218:INFO: Payload flag controller was initialized successfully
2022-11-15,17:23:49.404:INFO: init consume mega
2022-11-15,17:23:49.408:INFO: init consume nano
2022-11-15,17:23:49.410:INFO: init consume payload
2022-11-15,17:23:50.469:INFO: 222
2022-11-15,17:23:50.471:INFO: safety went to sleep (sleep initiated)
2022-11-15,17:23:54.316:CRITICAL: BT1             BT2             TT1             TT2             AT              X               Y               Z               BP1   BP2   TP1             TP2             HP              AP              PD   PC     HL      EL BF      SF   PF      BV     rpm             Setpoint Error Depth avg_p direction Voltage         State   Safety   Payload TestMode 
2022-11-15,17:23:54.319:CRITICAL: Buffering (4/5) Buffering (4/5) Buffering (2/5) Buffering (2/5) Buffering (2/5) Buffering (3/5) Buffering (3/5) Buffering (3/5) 11.35 11.24 Buffering (2/5) Buffering (2/5) Buffering (2/5) Buffering (2/5) 1.41 100.00 initial 0  initial None initial 300.03 Buffering (0/1) None     None  None  11.29 initial   Buffering (0/1) initial sleeping None    on       
2022-11-15,17:23:54.837:CRITICAL: BT1   BT2   TT1             TT2             AT              X               Y               Z               BP1   BP2   TP1             TP2             HP              AP              PD   PC     HL      EL BF       SF   PF      BV     rpm             Setpoint Error Depth avg_p direction Voltage         State   Safety   Payload TestMode 
2022-11-15,17:23:54.840:CRITICAL: 21.73 21.41 Buffering (3/5) Buffering (3/5) Buffering (3/5) Buffering (4/5) Buffering (4/5) Buffering (4/5) 11.35 11.25 Buffering (3/5) Buffering (3/5) Buffering (3/5) Buffering (3/5) 1.41 100.00 initial 0  nonempty None initial 299.52 Buffering (0/1) None     None  None  11.30 initial   Buffering (0/1) initial sleeping None    on       
2022-11-15,17:23:55.362:CRITICAL: BT1   BT2   TT1             TT2             AT              X    Y    Z    BP1   BP2   TP1             TP2             HP              AP              PD   PC     HL      EL BF       SF   PF      BV     rpm             Setpoint Error Depth avg_p direction Voltage         State   Safety   Payload TestMode 
2022-11-15,17:23:55.365:CRITICAL: 21.73 21.40 Buffering (4/5) Buffering (4/5) Buffering (4/5) 0.00 0.01 0.01 11.35 11.25 Buffering (4/5) Buffering (4/5) Buffering (4/5) Buffering (4/5) 1.41 100.00 initial 0  nonempty None initial 299.42 Buffering (0/1) None     None  None  11.30 initial   Buffering (0/1) initial sleeping None    on       
2022-11-15,17:23:55.913:CRITICAL: BT1   BT2   TT1   TT2   AT    X    Y    Z    BP1   BP2   TP1   TP2   HP      AP      PD   PC     HL      EL BF       SF   PF      BV     rpm             Setpoint Error Depth avg_p direction Voltage         State   Safety   Payload TestMode 
2022-11-15,17:23:55.916:CRITICAL: 21.73 21.39 22.09 22.10 23.94 0.00 0.01 0.01 11.34 11.25 10.30 10.44 1256.10 1223.22 1.41 100.00 initial 0  nonempty None initial 299.32 Buffering (0/1) None     None  None  10.83 initial   Buffering (0/1) initial sleeping None    on       
2022-11-15,17:23:56.470:CRITICAL: BT1   BT2   TT1   TT2   AT    X    Y    Z    BP1   BP2   TP1   TP2   HP      AP      PD   PC     HL      EL BF       SF   PF      BV     rpm             Setpoint Error Depth avg_p direction Voltage         State   Safety   Payload TestMode 
2022-11-15,17:23:56.473:CRITICAL: 21.81 21.39 21.49 21.50 24.09 0.00 0.01 0.01 11.34 11.25 10.30 10.44 1256.10 1221.48 1.41 100.00 initial 0  nonempty None initial 299.42 Buffering (0/1) None     None  None  10.83 initial   Buffering (0/1) initial sleeping None    on       
2022-11-15,17:23:57.027:CRITICAL: BT1   BT2   TT1   TT2   AT    X     Y    Z    BP1   BP2   TP1   TP2   HP      AP      PD   PC     HL      EL BF       SF   PF      BV     rpm             Setpoint Error Depth avg_p direction Voltage         State   Safety   Payload TestMode 
2022-11-15,17:23:57.031:CRITICAL: 21.81 21.40 21.50 21.50 24.09 -0.00 0.01 0.01 11.34 11.25 10.30 10.44 1256.16 1221.58 1.41 100.00 initial 0  nonempty None initial 299.52 Buffering (0/1) None     None  None  10.83 initial   Buffering (0/1) initial sleeping None    on       
2022-11-15,17:23:57.580:CRITICAL: BT1   BT2   TT1   TT2   AT    X     Y    Z    BP1   BP2   TP1   TP2   HP      AP      PD   PC     HL      EL BF       SF   PF      BV     rpm             Setpoint Error Depth avg_p direction Voltage         State   Safety   Payload TestMode 
2022-11-15,17:23:57.586:CRITICAL: 21.81 21.39 21.50 21.50 24.09 -0.00 0.01 0.01 11.34 11.25 10.30 10.44 1256.18 1221.72 1.41 100.00 initial 0  nonempty None initial 298.84 Buffering (0/1) None     None  None  10.83 initial   Buffering (0/1) initial sleeping None    on       
2022-11-15,17:23:58.136:CRITICAL: BT1   BT2   TT1   TT2   AT    X     Y    Z    BP1   BP2   TP1   TP2   HP      AP      PD   PC     HL      EL BF       SF   PF      BV     rpm             Setpoint Error Depth avg_p direction Voltage         State   Safety   Payload TestMode 
2022-11-15,17:23:58.139:CRITICAL: 21.81 21.39 21.50 21.51 24.09 -0.00 0.00 0.01 11.34 11.24 10.30 10.44 1256.22 1221.76 1.41 100.00 initial 0  nonempty None initial 299.22 Buffering (0/1) None     None  None  10.83 initial   Buffering (0/1) initial sleeping None    on       
2022-11-15,17:23:58.696:CRITICAL: BT1   BT2   TT1   TT2   AT    X     Y    Z    BP1   BP2   TP1   TP2   HP      AP      PD   PC     HL      EL BF       SF   PF      BV     rpm             Setpoint Error Depth avg_p direction Voltage         State   Safety   Payload TestMode 
2022-11-15,17:23:58.699:CRITICAL: 21.81 21.38 21.50 21.51 24.09 -0.00 0.00 0.01 11.34 11.25 10.30 10.44 1256.20 1221.76 1.41 100.00 initial 0  nonempty None initial 299.32 Buffering (0/1) None     None  None  10.83 initial   Buffering (0/1) initial sleeping None    on       
2022-11-15,17:23:59.255:CRITICAL: BT1   BT2   TT1   TT2   AT    X     Y    Z    BP1   BP2   TP1   TP2   HP      AP      PD   PC     HL      EL BF       SF   PF      BV     rpm             Setpoint Error Depth avg_p direction Voltage         State   Safety   Payload TestMode 
2022-11-15,17:23:59.257:CRITICAL: 21.81 21.37 21.50 21.51 24.09 -0.00 0.01 0.01 11.35 11.24 10.31 10.44 1256.22 1221.80 1.41 100.00 initial 0  nonempty None initial 299.25 Buffering (0/1) None     None  None  10.83 initial   Buffering (0/1) initial sleeping None    on       
2022-11-15,17:23:59.816:CRITICAL: BT1   BT2   TT1   TT2   AT    X     Y    Z    BP1   BP2   TP1   TP2   HP      AP      PD   PC     HL      EL BF       SF   PF      BV     rpm             Setpoint Error Depth avg_p direction Voltage         State   Safety   Payload TestMode 
2022-11-15,17:23:59.819:CRITICAL: 21.82 21.35 21.50 21.52 24.10 -0.00 0.01 0.01 11.34 11.24 10.30 10.44 1256.12 1221.90 1.41 100.00 initial 0  nonempty None initial 299.05 Buffering (0/1) None     None  None  10.83 initial   Buffering (0/1) initial sleeping None    on       
2022-11-15,17:24:00.374:CRITICAL: BT1   BT2   TT1   TT2   AT    X     Y    Z     BP1   BP2   TP1   TP2   HP      AP      PD   PC     HL      EL BF       SF   PF      BV     rpm             Setpoint Error Depth avg_p direction Voltage         State   Safety   Payload TestMode 
2022-11-15,17:24:00.377:CRITICAL: 21.82 21.34 21.50 21.52 24.10 -0.00 0.00 -0.00 11.36 11.24 10.30 10.44 1255.98 1221.86 1.41 100.00 initial 0  nonempty None initial 299.05 Buffering (0/1) None     None  None  10.84 initial   Buffering (0/1) initial sleeping None    on       
2022-11-15,17:24:00.926:CRITICAL: BT1   BT2   TT1   TT2   AT    X     Y    Z    BP1   BP2   TP1   TP2   HP      AP      PD   PC     HL      EL BF       SF   PF      BV     rpm             Setpoint Error Depth avg_p direction Voltage         State   Safety   Payload TestMode 
2022-11-15,17:24:00.929:CRITICAL: 21.82 21.33 21.50 21.52 24.10 -0.00 0.00 0.00 11.36 11.25 10.30 10.44 1256.14 1221.94 1.41 100.00 initial 0  nonempty None initial 298.84 Buffering (0/1) None     None  None  10.84 initial   Buffering (0/1) initial sleeping None    on       
2022-11-15,17:24:01.480:CRITICAL: BT1   BT2   TT1   TT2   AT    X     Y    Z    BP1   BP2   TP1   TP2   HP      AP      PD   PC     HL      EL BF       SF   PF      BV     rpm             Setpoint Error Depth avg_p direction Voltage         State   Safety   Payload TestMode 
2022-11-15,17:24:01.484:CRITICAL: 21.83 21.33 21.50 21.53 24.10 -0.00 0.00 0.00 11.35 11.25 10.30 10.44 1256.22 1222.10 1.41 100.00 initial 0  nonempty None initial 298.54 Buffering (0/1) None     None  None  10.84 initial   Buffering (0/1) initial sleeping None    on       
2022-11-15,17:24:02.034:CRITICAL: BT1   BT2   TT1   TT2   AT    X    Y    Z    BP1   BP2   TP1   TP2   HP      AP      PD   PC     HL      EL BF       SF   PF      BV     rpm             Setpoint Error Depth avg_p direction Voltage         State   Safety   Payload TestMode 
2022-11-15,17:24:02.038:CRITICAL: 21.83 21.33 21.50 21.53 24.10 0.00 0.00 0.00 11.35 11.25 10.30 10.44 1256.10 1222.26 1.41 100.00 initial 0  nonempty None initial 298.44 Buffering (0/1) None     None  None  10.84 initial   Buffering (0/1) initial sleeping None    on       
2022-11-15,17:24:02.585:CRITICAL: BT1   BT2   TT1   TT2   AT    X    Y    Z    BP1   BP2   TP1   TP2   HP      AP      PD   PC     HL      EL BF       SF   PF      BV     rpm             Setpoint Error Depth avg_p direction Voltage         State   Safety   Payload TestMode 
2022-11-15,17:24:02.589:CRITICAL: 21.83 21.33 21.51 21.54 24.10 0.00 0.00 0.00 11.35 11.25 10.30 10.44 1256.14 1222.40 1.41 100.00 initial 0  nonempty None initial 298.34 Buffering (0/1) None     None  None  10.84 initial   Buffering (0/1) initial sleeping None    on       
2022-11-15,17:24:03.143:CRITICAL: BT1   BT2   TT1   TT2   AT    X    Y    Z    BP1   BP2   TP1   TP2   HP      AP      PD   PC     HL      EL BF       SF   PF      BV     rpm             Setpoint Error Depth avg_p direction Voltage         State   Safety   Payload TestMode 
2022-11-15,17:24:03.146:CRITICAL: 21.83 21.33 21.51 21.54 24.10 0.00 0.00 0.00 11.34 11.24 10.30 10.44 1256.20 1222.58 1.41 100.00 initial 0  nonempty None initial 298.13 Buffering (0/1) None     None  None  10.83 initial   Buffering (0/1) initial sleeping None    on       
2022-11-15,17:24:03.695:CRITICAL: BT1   BT2   TT1   TT2   AT    X    Y    Z    BP1   BP2   TP1   TP2   HP      AP      PD   PC     HL      EL BF       SF   PF      BV     rpm             Setpoint Error Depth avg_p direction Voltage         State   Safety   Payload TestMode 
2022-11-15,17:24:03.700:CRITICAL: 21.84 21.33 21.52 21.55 24.10 0.00 0.00 0.00 11.34 11.24 10.31 10.44 1256.12 1222.62 1.41 100.00 initial 0  nonempty None initial 298.64 Buffering (0/1) None     None  None  10.83 initial   Buffering (0/1) initial sleeping None    on       
2022-11-15,17:24:04.249:CRITICAL: BT1   BT2   TT1   TT2   AT    X    Y     Z    BP1   BP2   TP1   TP2   HP      AP      PD   PC     HL      EL BF       SF   PF      BV     rpm             Setpoint Error Depth avg_p direction Voltage         State   Safety   Payload TestMode 
2022-11-15,17:24:04.252:CRITICAL: 21.84 21.33 21.52 21.55 24.10 0.00 -0.00 0.00 11.35 11.24 10.31 10.44 1256.10 1222.58 1.41 100.00 initial 0  nonempty None initial 298.74 Buffering (0/1) None     None  None  10.83 initial   Buffering (0/1) initial sleeping None    on       
2022-11-15,17:24:04.793:CRITICAL: BT1   BT2   TT1   TT2   AT    X    Y     Z    BP1   BP2   TP1   TP2   HP      AP      PD   PC     HL      EL BF       SF   PF      BV     rpm             Setpoint Error Depth avg_p direction Voltage         State   Safety   Payload TestMode 
2022-11-15,17:24:04.796:CRITICAL: 21.84 21.33 21.53 21.55 24.10 0.00 -0.00 0.00 11.35 11.25 10.31 10.44 1256.14 1222.64 1.41 100.00 initial 0  nonempty None initial 298.13 Buffering (0/1) None     None  None  10.84 initial   Buffering (0/1) initial sleeping None    on       
2022-11-15,17:24:05.347:CRITICAL: BT1   BT2   TT1   TT2   AT    X    Y    Z    BP1   BP2   TP1   TP2   HP      AP      PD   PC     HL      EL BF       SF   PF      BV     rpm             Setpoint Error Depth avg_p direction Voltage         State   Safety   Payload TestMode 
2022-11-15,17:24:05.351:CRITICAL: 21.84 21.33 21.53 21.55 24.10 0.00 0.00 0.00 11.36 11.25 10.31 10.44 1256.18 1222.62 1.41 100.00 initial 0  nonempty None initial 298.44 Buffering (0/1) None     None  None  10.84 initial   Buffering (0/1) initial sleeping None    on       
2022-11-15,17:24:05.900:CRITICAL: BT1   BT2   TT1   TT2   AT    X    Y    Z     BP1   BP2   TP1   TP2   HP      AP      PD   PC     HL      EL BF       SF   PF      BV     rpm             Setpoint Error Depth avg_p direction Voltage         State   Safety   Payload TestMode 
2022-11-15,17:24:05.905:CRITICAL: 21.84 21.32 21.53 21.56 24.10 0.00 0.01 -0.00 11.36 11.25 10.31 10.44 1256.18 1222.60 1.41 100.00 initial 0  nonempty None initial 298.23 Buffering (0/1) None     None  None  10.84 initial   Buffering (0/1) initial sleeping None    on       
2022-11-15,17:24:06.453:CRITICAL: BT1   BT2   TT1   TT2   AT    X    Y    Z     BP1   BP2   TP1   TP2   HP      AP      PD   PC     HL      EL BF       SF   PF      BV     rpm             Setpoint Error Depth avg_p direction Voltage         State   Safety   Payload TestMode 
2022-11-15,17:24:06.457:CRITICAL: 21.84 21.32 21.52 21.56 24.10 0.00 0.01 -0.00 11.36 11.25 10.31 10.44 1256.14 1222.72 1.41 100.00 initial 0  nonempty None initial 298.03 Buffering (0/1) None     None  None  10.84 initial   Buffering (0/1) initial sleeping None    on       
2022-11-15,17:24:07.010:CRITICAL: BT1   BT2   TT1   TT2   AT    X    Y    Z     BP1   BP2   TP1   TP2   HP      AP      PD   PC     HL      EL BF       SF   PF      BV     rpm             Setpoint Error Depth avg_p direction Voltage         State   Safety   Payload TestMode 
2022-11-15,17:24:07.014:CRITICAL: 21.84 21.32 21.52 21.56 24.10 0.00 0.01 -0.00 11.35 11.25 10.31 10.44 1256.14 1222.90 1.41 100.00 initial 0  nonempty None initial 297.83 Buffering (0/1) None     None  None  10.84 initial   Buffering (0/1) initial sleeping None    on       
2022-11-15,17:24:07.563:CRITICAL: BT1   BT2   TT1   TT2   AT    X    Y    Z     BP1   BP2   TP1   TP2   HP      AP      PD   PC     HL      EL BF       SF   PF      BV     rpm             Setpoint Error Depth avg_p direction Voltage         State   Safety   Payload TestMode 
2022-11-15,17:24:07.567:CRITICAL: 21.84 21.32 21.51 21.57 24.10 0.00 0.01 -0.00 11.35 11.24 10.31 10.44 1256.18 1222.92 1.41 100.00 initial 0  nonempty None initial 298.03 Buffering (0/1) None     None  None  10.83 initial   Buffering (0/1) initial sleeping None    on       
2022-11-15,17:24:08.110:CRITICAL: BT1   BT2   TT1   TT2   AT    X    Y    Z     BP1   BP2   TP1   TP2   HP      AP      PD   PC     HL      EL BF       SF   PF      BV     rpm             Setpoint Error Depth avg_p direction Voltage         State   Safety   Payload TestMode 
2022-11-15,17:24:08.113:CRITICAL: 21.84 21.32 21.51 21.57 24.10 0.00 0.01 -0.00 11.35 11.24 10.31 10.44 1256.16 1223.16 1.41 100.00 initial 0  nonempty None initial 297.22 Buffering (0/1) None     None  None  10.83 initial   Buffering (0/1) initial sleeping None    on       
2022-11-15,17:24:08.669:CRITICAL: BT1   BT2   TT1   TT2   AT    X    Y    Z     BP1   BP2   TP1   TP2   HP      AP      PD   PC     HL      EL BF       SF   PF      BV     rpm             Setpoint Error Depth avg_p direction Voltage         State   Safety   Payload TestMode 
2022-11-15,17:24:08.673:CRITICAL: 21.84 21.33 21.50 21.58 24.10 0.00 0.01 -0.00 11.35 11.24 10.31 10.44 1256.16 1223.22 1.41 100.00 initial 0  nonempty None initial 297.93 Buffering (0/1) None     None  None  10.83 initial   Buffering (0/1) initial sleeping None    on       
2022-11-15,17:24:09.219:CRITICAL: BT1   BT2   TT1   TT2   AT    X    Y    Z     BP1   BP2   TP1   TP2   HP      AP      PD   PC     HL      EL BF       SF   PF      BV     rpm             Setpoint Error Depth avg_p direction Voltage         State   Safety   Payload TestMode 
2022-11-15,17:24:09.222:CRITICAL: 21.84 21.33 21.50 21.58 24.10 0.00 0.02 -0.00 11.36 11.24 10.31 10.44 1256.22 1223.32 1.41 100.00 initial 0  nonempty None initial 297.52 Buffering (0/1) None     None  None  10.84 initial   Buffering (0/1) initial sleeping None    on       
2022-11-15,17:24:09.778:CRITICAL: BT1   BT2   TT1   TT2   AT    X    Y    Z     BP1   BP2   TP1   TP2   HP      AP      PD   PC     HL      EL BF       SF   PF      BV     rpm             Setpoint Error Depth avg_p direction Voltage         State   Safety   Payload TestMode 
2022-11-15,17:24:09.782:CRITICAL: 21.84 21.34 21.49 21.59 24.10 0.00 0.02 -0.00 11.35 11.24 10.31 10.44 1256.20 1223.28 1.41 100.00 initial 0  nonempty None initial 298.07 Buffering (0/1) None     None  None  10.83 initial   Buffering (0/1) initial sleeping None    on       
2022-11-15,17:24:10.338:CRITICAL: BT1   BT2   TT1   TT2   AT    X    Y    Z     BP1   BP2   TP1   TP2   HP      AP      PD   PC     HL      EL BF       SF   PF      BV     rpm             Setpoint Error Depth avg_p direction Voltage         State   Safety   Payload TestMode 
2022-11-15,17:24:10.342:CRITICAL: 21.84 21.34 21.49 21.59 24.10 0.00 0.00 -0.00 11.36 11.24 10.31 10.44 1256.18 1223.42 1.41 100.00 initial 0  nonempty None initial 297.35 Buffering (0/1) None     None  None  10.84 initial   Buffering (0/1) initial sleeping None    on       
2022-11-15,17:24:10.887:CRITICAL: BT1   BT2   TT1   TT2   AT    X    Y    Z     BP1   BP2   TP1   TP2   HP      AP      PD   PC     HL      EL BF       SF   PF      BV     rpm             Setpoint Error Depth avg_p direction Voltage         State   Safety   Payload TestMode 
2022-11-15,17:24:10.889:CRITICAL: 21.85 21.34 21.48 21.60 24.10 0.00 0.00 -0.00 11.36 11.25 10.31 10.44 1256.12 1223.40 1.41 100.00 initial 0  nonempty None initial 297.32 Buffering (0/1) None     None  None  10.84 initial   Buffering (0/1) initial sleeping None    on       
2022-11-15,17:24:11.441:CRITICAL: BT1   BT2   TT1   TT2   AT    X    Y    Z     BP1   BP2   TP1   TP2   HP      AP      PD   PC     HL      EL BF       SF   PF      BV     rpm             Setpoint Error Depth avg_p direction Voltage         State   Safety   Payload TestMode 
2022-11-15,17:24:11.445:CRITICAL: 21.85 21.34 21.48 21.60 24.11 0.00 0.00 -0.00 11.35 11.25 10.31 10.44 1256.08 1223.50 1.41 100.00 initial 0  nonempty None initial 297.46 Buffering (0/1) None     None  None  10.84 initial   Buffering (0/1) initial sleeping None    on       
2022-11-15,17:24:11.994:CRITICAL: BT1   BT2   TT1   TT2   AT    X    Y     Z     BP1   BP2   TP1   TP2   HP      AP      PD   PC     HL      EL BF       SF   PF      BV     rpm             Setpoint Error Depth avg_p direction Voltage         State   Safety   Payload TestMode 
2022-11-15,17:24:11.998:CRITICAL: 21.85 21.34 21.47 21.60 24.11 0.00 -0.00 -0.00 11.35 11.24 10.31 10.44 1256.06 1223.60 1.41 100.00 initial 0  nonempty None initial 297.01 Buffering (0/1) None     None  None  10.83 initial   Buffering (0/1) initial sleeping None    on       
2022-11-15,17:24:12.550:CRITICAL: BT1   BT2   TT1   TT2   AT    X    Y     Z     BP1   BP2   TP1   TP2   HP      AP      PD   PC     HL      EL BF       SF   PF      BV     rpm             Setpoint Error Depth avg_p direction Voltage         State   Safety   Payload TestMode 
2022-11-15,17:24:12.556:CRITICAL: 21.85 21.34 21.47 21.61 24.11 0.00 -0.00 -0.00 11.35 11.25 10.31 10.44 1256.02 1223.78 1.41 100.00 initial 0  nonempty None initial 297.15 Buffering (0/1) None     None  None  10.84 initial   Buffering (0/1) initial sleeping None    on       
2022-11-15,17:24:13.111:CRITICAL: BT1   BT2   TT1   TT2   AT    X     Y    Z     BP1   BP2   TP1   TP2   HP      AP      PD   PC     HL      EL BF       SF   PF      BV     rpm             Setpoint Error Depth avg_p direction Voltage         State   Safety   Payload TestMode 
2022-11-15,17:24:13.114:CRITICAL: 21.84 21.34 21.47 21.61 24.11 -0.00 0.00 -0.00 11.34 11.25 10.31 10.44 1256.12 1223.88 1.41 100.00 initial 0  nonempty None initial 296.85 Buffering (0/1) None     None  None  10.83 initial   Buffering (0/1) initial sleeping None    on       
2022-11-15,17:24:13.673:CRITICAL: BT1   BT2   TT1   TT2   AT    X     Y    Z     BP1   BP2   TP1   TP2   HP      AP      PD   PC     HL      EL BF       SF   PF      BV     rpm             Setpoint Error Depth avg_p direction Voltage         State   Safety   Payload TestMode 
2022-11-15,17:24:13.677:CRITICAL: 21.84 21.33 21.46 21.62 24.11 -0.00 0.00 -0.00 11.35 11.25 10.31 10.44 1256.06 1223.98 1.41 100.00 initial 0  nonempty None initial 296.85 Buffering (0/1) None     None  None  10.84 initial   Buffering (0/1) initial sleeping None    on       
2022-11-15,17:24:14.219:CRITICAL: BT1   BT2   TT1   TT2   AT    X    Y     Z    BP1   BP2   TP1   TP2   HP      AP      PD   PC     HL      EL BF       SF   PF      BV     rpm             Setpoint Error Depth avg_p direction Voltage         State   Safety   Payload TestMode 
2022-11-15,17:24:14.223:CRITICAL: 21.84 21.33 21.46 21.62 24.11 0.00 -0.00 0.00 11.36 11.25 10.31 10.44 1256.02 1224.12 1.41 100.00 initial 0  nonempty None initial 296.75 Buffering (0/1) None     None  None  10.84 initial   Buffering (0/1) initial sleeping None    on       
2022-11-15,17:24:14.775:CRITICAL: BT1   BT2   TT1   TT2   AT    X    Y     Z    BP1   BP2   TP1   TP2   HP      AP      PD   PC     HL      EL BF       SF   PF      BV     rpm             Setpoint Error Depth avg_p direction Voltage         State   Safety   Payload TestMode 
2022-11-15,17:24:14.779:CRITICAL: 21.84 21.33 21.46 21.62 24.11 0.00 -0.00 0.00 11.36 11.25 10.31 10.44 1255.98 1224.16 1.41 100.00 initial 0  nonempty None initial 296.85 Buffering (0/1) None     None  None  10.84 initial   Buffering (0/1) initial sleeping None    on       
2022-11-15,17:24:15.325:CRITICAL: BT1   BT2   TT1   TT2   AT    X    Y    Z    BP1   BP2   TP1   TP2   HP      AP      PD   PC     HL      EL BF       SF   PF      BV     rpm             Setpoint Error Depth avg_p direction Voltage         State   Safety   Payload TestMode 
2022-11-15,17:24:15.329:CRITICAL: 21.84 21.33 21.46 21.62 24.11 0.00 0.00 0.00 11.37 11.25 10.31 10.44 1256.02 1224.30 1.41 100.00 initial 0  nonempty None initial 296.44 Buffering (0/1) None     None  None  10.84 initial   Buffering (0/1) initial sleeping None    on       
2022-11-15,17:24:15.832:CRITICAL: BT1   BT2   TT1   TT2   AT    X    Y    Z    BP1   BP2   TP1   TP2   HP      AP      PD   PC     HL      EL BF       SF   PF      BV     rpm             Setpoint Error Depth avg_p direction Voltage         State   Safety   Payload TestMode 
2022-11-15,17:24:15.836:CRITICAL: 21.84 21.33 21.46 21.62 24.11 0.00 0.00 0.00 11.37 11.25 10.31 10.44 1255.98 1224.28 1.41 100.00 initial 0  nonempty None initial 296.91 Buffering (0/1) None     None  None  10.84 initial   Buffering (0/1) initial sleeping None    on       
2022-11-15,17:24:16.357:CRITICAL: BT1   BT2   TT1   TT2   AT    X    Y    Z    BP1   BP2   TP1   TP2   HP      AP      PD   PC     HL      EL BF       SF   PF      BV     rpm             Setpoint Error Depth avg_p direction Voltage         State   Safety   Payload TestMode 
2022-11-15,17:24:16.361:CRITICAL: 21.84 21.33 21.46 21.62 24.11 0.00 0.00 0.00 11.38 11.25 10.31 10.44 1256.12 1224.28 1.41 100.00 initial 0  nonempty None initial 296.85 Buffering (0/1) None     None  None  10.85 initial   Buffering (0/1) initial sleeping None    on       
2022-11-15,17:24:16.914:CRITICAL: BT1   BT2   TT1   TT2   AT    X    Y    Z    BP1   BP2   TP1   TP2   HP      AP      PD   PC     HL      EL BF       SF   PF      BV     rpm             Setpoint Error Depth avg_p direction Voltage         State   Safety   Payload TestMode 
2022-11-15,17:24:16.918:CRITICAL: 21.84 21.33 21.47 21.62 24.11 0.00 0.01 0.00 11.37 11.25 10.31 10.44 1256.20 1224.28 1.41 100.00 initial 0  nonempty None initial 296.75 Buffering (0/1) None     None  None  10.84 initial   Buffering (0/1) initial sleeping None    on       
2022-11-15,17:24:17.465:CRITICAL: BT1   BT2   TT1   TT2   AT    X    Y    Z    BP1   BP2   TP1   TP2   HP      AP      PD   PC     HL      EL BF       SF   PF      BV     rpm             Setpoint Error Depth avg_p direction Voltage         State   Safety   Payload TestMode 
2022-11-15,17:24:17.471:CRITICAL: 21.84 21.33 21.47 21.62 24.11 0.00 0.01 0.00 11.37 11.25 10.31 10.44 1256.18 1224.40 1.41 100.00 initial 0  nonempty None initial 296.24 Buffering (0/1) None     None  None  10.84 initial   Buffering (0/1) initial sleeping None    on       
2022-11-15,17:24:18.022:CRITICAL: BT1   BT2   TT1   TT2   AT    X    Y    Z    BP1   BP2   TP1   TP2   HP      AP      PD   PC     HL      EL BF       SF   PF      BV     rpm             Setpoint Error Depth avg_p direction Voltage         State   Safety   Payload TestMode 
2022-11-15,17:24:18.024:CRITICAL: 21.84 21.32 21.48 21.63 24.11 0.00 0.00 0.00 11.35 11.25 10.31 10.44 1256.18 1224.32 1.41 100.00 initial 0  nonempty None initial 296.85 Buffering (0/1) None     None  None  10.84 initial   Buffering (0/1) initial sleeping None    on       
2022-11-15,17:24:18.546:INFO: graceful shutdown
2022-11-15,17:24:18.547:INFO: disabling safety. please wait...
2022-11-15,17:24:18.549:INFO: Closing database connections
2022-11-15,17:24:18.551:INFO: Nacking outstanding messages
