2022-11-15,17:18:22.654:INFO: init log at log/20221115
2022-11-15,17:18:22.738:INFO: safety controller init
2022-11-15,17:18:22.807:INFO: init driver
2022-11-15,17:18:22.809:INFO: Pressure controller was initialized successfully
2022-11-15,17:18:22.817:INFO: BP1 pressure sensor was initialized successfully
2022-11-15,17:18:22.825:INFO: BP2 pressure sensor was initialized successfully
2022-11-15,17:18:22.831:INFO: TP1 pressure sensor was initialized successfully
2022-11-15,17:18:22.838:INFO: TP2 pressure sensor was initialized successfully
2022-11-15,17:18:22.844:INFO: HP pressure sensor was initialized successfully
2022-11-15,17:18:22.851:INFO: AP pressure sensor was initialized successfully
2022-11-15,17:18:22.853:INFO: Temperature controller was initialized successfully
2022-11-15,17:18:22.860:INFO: BT1 temperature sensor was initialized successfully
2022-11-15,17:18:22.866:INFO: BT2 temperature sensor was initialized successfully
2022-11-15,17:18:22.872:INFO: TT1 temperature sensor was initialized successfully
2022-11-15,17:18:22.878:INFO: TT2 temperature sensor was initialized successfully
2022-11-15,17:18:22.886:INFO: AT temperature sensor was initialized successfully
2022-11-15,17:18:22.887:INFO: IMU controller was initialized successfully
2022-11-15,17:18:22.894:INFO: X IMU sensor was initialized successfully
2022-11-15,17:18:22.900:INFO: Y IMU sensor was initialized successfully
2022-11-15,17:18:22.907:INFO: Z IMU sensor was initialized successfully
2022-11-15,17:18:22.914:INFO: Bladder volume controller was initialized successfully
2022-11-15,17:18:22.920:INFO: Altimeter controller was initialized successfully
2022-11-15,17:18:22.926:INFO: rpm controller was initialized successfully
2022-11-15,17:18:22.928:INFO: Pump flag controller was initialized successfully
2022-11-15,17:18:22.937:INFO: Bladder flag controller was initialized successfully
2022-11-15,17:18:22.945:INFO: Hull leak flag controller was initialized successfully
2022-11-15,17:18:22.948:INFO: Engine leak flag controller was initialized successfully
2022-11-15,17:18:22.951:INFO: Full surface initiated flag controller was initialized successfully
2022-11-15,17:18:22.955:INFO: Iridium flag controller was initialized successfully
2022-11-15,17:18:22.964:INFO: direction flag controller was initialized successfully
2022-11-15,17:18:22.976:INFO: Payload flag controller was initialized successfully
2022-11-15,17:18:23.147:ERROR: Unhandled exception
Traceback (most recent call last):
  File "/usr/lib/python3.7/asyncio/events.py", line 88, in _run
    self._context.run(self._callback, *self._args)
  File "/home/pi/.local/lib/python3.7/site-packages/serial_asyncio/__init__.py", line 120, in _read_ready
    self._protocol.data_received(data)
  File "async_test.py", line 53, in data_received
    self.line+=data.decode()
UnicodeDecodeError: 'utf-8' codec can't decode byte 0xe0 in position 1: invalid continuation byte
2022-11-15,17:18:23.156:INFO: init consume mega
2022-11-15,17:18:23.158:INFO: init consume nano
2022-11-15,17:18:23.160:INFO: init consume payload
2022-11-15,17:18:24.225:INFO: 222
2022-11-15,17:18:24.227:INFO: safety went to sleep (sleep initiated)
2022-11-15,17:18:34.404:ERROR: error /0. no valid pressure sensors data available
2022-11-15,17:18:34.410:CRITICAL: BT1             BT2             TT1             TT2             AT              X               Y               Z               BP1             BP2             TP1             TP2             HP              AP              PD PC HL      EL BF      SF   PF      BV     rpm             Setpoint Error Depth avg_p direction Voltage         State   Safety   Payload TestMode 
2022-11-15,17:18:34.415:CRITICAL: Buffering (3/5) Buffering (2/5) Buffering (2/5) Buffering (2/5) Buffering (2/5) Buffering (1/5) Buffering (1/5) Buffering (1/5) Buffering (2/5) Buffering (2/5) Buffering (2/5) Buffering (2/5) Buffering (2/5) Buffering (2/5) 0  0  initial 0  initial None initial 287.32 Buffering (0/1) None     None  None  None  initial   Buffering (0/1) initial sleeping None    on       
2022-11-15,17:18:34.917:ERROR: error /0. no valid pressure sensors data available
2022-11-15,17:18:34.920:CRITICAL: BT1             BT2             TT1             TT2             AT              X               Y               Z               BP1             BP2             TP1             TP2             HP              AP              PD    PC   HL      EL BF       SF   PF      BV     rpm             Setpoint Error Depth avg_p direction Voltage         State   Safety   Payload TestMode 
2022-11-15,17:18:34.923:CRITICAL: Buffering (4/5) Buffering (3/5) Buffering (3/5) Buffering (3/5) Buffering (3/5) Buffering (2/5) Buffering (2/5) Buffering (2/5) Buffering (3/5) Buffering (3/5) Buffering (3/5) Buffering (3/5) Buffering (3/5) Buffering (3/5) 39.15 0.00 initial 0  nonempty None initial 287.32 Buffering (0/1) None     None  None  None  initial   Buffering (0/1) initial sleeping None    on       
2022-11-15,17:18:35.445:ERROR: error /0. no valid pressure sensors data available
2022-11-15,17:18:35.449:CRITICAL: BT1   BT2             TT1             TT2             AT              X               Y               Z               BP1             BP2             TP1             TP2             HP              AP              PD    PC   HL      EL BF       SF   PF      BV     rpm             Setpoint Error Depth avg_p direction Voltage         State   Safety   Payload TestMode 
2022-11-15,17:18:35.452:CRITICAL: 25.92 Buffering (4/5) Buffering (4/5) Buffering (4/5) Buffering (4/5) Buffering (3/5) Buffering (3/5) Buffering (3/5) Buffering (4/5) Buffering (4/5) Buffering (4/5) Buffering (4/5) Buffering (4/5) Buffering (4/5) 33.65 0.00 initial 0  nonempty None initial 287.42 Buffering (0/1) None     None  None  None  initial   Buffering (0/1) initial sleeping None    on       
2022-11-15,17:18:36.034:CRITICAL: BT1   BT2    TT1   TT2   AT    X               Y               Z               BP1   BP2   TP1   TP2   HP      AP      PD    PC   HL      EL BF       SF   PF      BV     rpm             Setpoint Error Depth avg_p direction Voltage         State   Safety   Payload TestMode 
2022-11-15,17:18:36.036:CRITICAL: 26.01 -71.88 24.49 24.62 23.57 Buffering (4/5) Buffering (4/5) Buffering (4/5) 10.20 10.17 10.11 10.25 1141.24 1234.14 40.25 0.00 initial 0  nonempty None initial 287.25 Buffering (0/1) None     None  None  10.18 initial   Buffering (0/1) initial sleeping None    on       
2022-11-15,17:18:36.556:CRITICAL: BT1   BT2   TT1   TT2   AT    X    Y    Z    BP1   BP2   TP1   TP2   HP      AP      PD    PC   HL      EL BF       SF   PF      BV     rpm             Setpoint Error Depth avg_p direction Voltage         State   Safety   Payload TestMode 
2022-11-15,17:18:36.559:CRITICAL: 26.11 25.96 24.60 24.77 23.73 0.01 0.00 0.01 10.20 10.17 10.11 10.25 1141.28 1232.04 36.48 0.00 initial 0  nonempty None initial 287.62 Buffering (0/1) None     None  None  10.18 initial   Buffering (0/1) initial sleeping None    on       
2022-11-15,17:18:37.099:CRITICAL: BT1   BT2   TT1   TT2   AT    X    Y    Z    BP1   BP2   TP1   TP2   HP      AP      PD    PC   HL      EL BF       SF   PF      BV     rpm             Setpoint Error Depth avg_p direction Voltage         State   Safety   Payload TestMode 
2022-11-15,17:18:37.102:CRITICAL: 26.10 25.98 24.60 24.77 23.73 0.01 0.00 0.01 10.20 10.17 10.11 10.25 1141.34 1232.12 36.40 8.00 initial 0  nonempty None initial 286.92 Buffering (0/1) None     None  None  10.18 initial   Buffering (0/1) initial sleeping None    on       
2022-11-15,17:18:37.668:CRITICAL: BT1   BT2   TT1   TT2   AT    X    Y    Z    BP1   BP2   TP1   TP2   HP      AP      PD    PC   HL      EL BF       SF   PF      BV     rpm             Setpoint Error Depth avg_p direction Voltage         State   Safety   Payload TestMode 
2022-11-15,17:18:37.671:CRITICAL: 26.09 25.99 24.60 24.77 23.73 0.01 0.00 0.00 10.21 10.17 10.11 10.25 1141.26 1232.02 32.41 0.00 initial 0  nonempty None initial 287.82 Buffering (0/1) None     None  None  10.19 initial   Buffering (0/1) initial sleeping None    on       
2022-11-15,17:18:38.193:CRITICAL: BT1   BT2   TT1   TT2   AT    X    Y    Z    BP1   BP2   TP1   TP2   HP      AP      PD    PC   HL      EL BF       SF   PF      BV     rpm             Setpoint Error Depth avg_p direction Voltage         State   Safety   Payload TestMode 
2022-11-15,17:18:38.197:CRITICAL: 26.08 26.01 24.60 24.76 23.73 0.01 0.00 0.00 10.21 10.17 10.11 10.25 1141.30 1231.94 38.10 9.00 initial 0  nonempty None initial 287.85 Buffering (0/1) None     None  None  10.19 initial   Buffering (0/1) initial sleeping None    on       
2022-11-15,17:18:38.782:CRITICAL: BT1   BT2   TT1   TT2   AT    X    Y    Z    BP1   BP2   TP1   TP2   HP      AP      PD    PC   HL      EL BF       SF   PF      BV     rpm             Setpoint Error Depth avg_p direction Voltage         State   Safety   Payload TestMode 
2022-11-15,17:18:38.786:CRITICAL: 26.07 26.02 24.60 24.75 23.73 0.01 0.00 0.00 10.21 10.17 10.11 10.25 1141.46 1231.84 33.84 0.00 initial 0  nonempty None initial 287.72 Buffering (0/1) None     None  None  10.19 initial   Buffering (0/1) initial sleeping None    on       
2022-11-15,17:18:39.304:CRITICAL: BT1   BT2   TT1   TT2   AT    X    Y    Z    BP1   BP2   TP1   TP2   HP      AP      PD    PC   HL      EL BF       SF   PF      BV     rpm             Setpoint Error Depth avg_p direction Voltage         State   Safety   Payload TestMode 
2022-11-15,17:18:39.307:CRITICAL: 26.06 26.04 24.60 24.74 23.73 0.01 0.00 0.00 10.21 10.17 10.11 10.25 1141.46 1231.94 39.36 0.00 initial 0  nonempty None initial 287.15 Buffering (0/1) None     None  None  10.19 initial   Buffering (0/1) initial sleeping None    on       
2022-11-15,17:18:39.843:CRITICAL: BT1   BT2   TT1   TT2   AT    X    Y    Z    BP1   BP2   TP1   TP2   HP      AP      PD    PC   HL      EL BF       SF   PF      BV     rpm             Setpoint Error Depth avg_p direction Voltage         State   Safety   Payload TestMode 
2022-11-15,17:18:39.846:CRITICAL: 26.05 26.06 24.60 24.73 23.74 0.00 0.00 0.01 10.21 10.17 10.11 10.25 1141.48 1231.78 32.88 0.00 initial 0  nonempty None initial 287.75 Buffering (0/1) None     None  None  10.19 initial   Buffering (0/1) initial sleeping None    on       
2022-11-15,17:18:40.408:CRITICAL: BT1   BT2   TT1   TT2   AT    X    Y    Z    BP1   BP2   TP1   TP2   HP      AP      PD    PC   HL      EL BF       SF   PF      BV     rpm             Setpoint Error Depth avg_p direction Voltage         State   Safety   Payload TestMode 
2022-11-15,17:18:40.411:CRITICAL: 26.04 26.08 24.59 24.72 23.74 0.00 0.00 0.01 10.21 10.17 10.11 10.25 1141.52 1231.82 31.62 0.00 initial 0  nonempty None initial 287.65 Buffering (0/1) None     None  None  10.19 initial   Buffering (0/1) initial sleeping None    on       
2022-11-15,17:18:40.921:CRITICAL: BT1   BT2   TT1   TT2   AT    X    Y    Z    BP1   BP2   TP1   TP2   HP      AP      PD    PC   HL      EL BF       SF   PF      BV     rpm             Setpoint Error Depth avg_p direction Voltage         State   Safety   Payload TestMode 
2022-11-15,17:18:40.924:CRITICAL: 26.03 26.09 24.58 24.72 23.74 0.00 0.00 0.00 10.21 10.17 10.11 10.25 1141.48 1231.80 30.50 0.00 initial 0  nonempty None initial 287.95 Buffering (0/1) None     None  None  10.19 initial   Buffering (0/1) initial sleeping None    on       
2022-11-15,17:18:41.494:CRITICAL: BT1   BT2   TT1   TT2   AT    X    Y    Z    BP1   BP2   TP1   TP2   HP      AP      PD    PC   HL      EL BF       SF   PF      BV     rpm             Setpoint Error Depth avg_p direction Voltage         State   Safety   Payload TestMode 
2022-11-15,17:18:41.498:CRITICAL: 26.01 26.09 24.57 24.72 23.74 0.00 0.00 0.00 10.21 10.17 10.11 10.25 1141.46 1231.76 28.80 0.00 initial 0  nonempty None initial 287.95 Buffering (0/1) None     None  None  10.19 initial   Buffering (0/1) initial sleeping None    on       
2022-11-15,17:18:42.009:CRITICAL: BT1   BT2   TT1   TT2   AT    X     Y    Z    BP1   BP2   TP1   TP2   HP      AP      PD    PC    HL      EL BF       SF   PF      BV     rpm             Setpoint Error Depth avg_p direction Voltage         State   Safety   Payload TestMode 
2022-11-15,17:18:42.013:CRITICAL: 25.99 26.08 24.55 24.73 23.74 -0.01 0.00 0.00 10.21 10.17 10.11 10.25 1141.34 1231.60 30.89 19.00 initial 0  nonempty None initial 287.95 Buffering (0/1) None     None  None  10.19 initial   Buffering (0/1) initial sleeping None    on       
2022-11-15,17:18:42.550:CRITICAL: BT1   BT2   TT1   TT2   AT    X     Y    Z    BP1   BP2   TP1   TP2   HP      AP      PD    PC   HL      EL BF       SF   PF      BV     rpm             Setpoint Error Depth avg_p direction Voltage         State   Safety   Payload TestMode 
2022-11-15,17:18:42.552:CRITICAL: 25.98 26.07 24.54 24.74 23.74 -0.01 0.00 0.00 10.21 10.17 10.11 10.25 1141.30 1231.60 37.08 0.00 initial 0  nonempty None initial 287.75 Buffering (0/1) None     None  None  10.19 initial   Buffering (0/1) initial sleeping None    on       
2022-11-15,17:18:43.119:CRITICAL: BT1   BT2   TT1   TT2   AT    X     Y    Z    BP1   BP2   TP1   TP2   HP      AP      PD    PC    HL      EL BF       SF   PF      BV     rpm             Setpoint Error Depth avg_p direction Voltage         State   Safety   Payload TestMode 
2022-11-15,17:18:43.122:CRITICAL: 25.97 26.06 24.54 24.75 23.74 -0.01 0.00 0.00 10.20 10.17 10.11 10.25 1141.30 1231.62 35.41 41.00 initial 0  nonempty None initial 287.55 Buffering (0/1) None     None  None  10.18 initial   Buffering (0/1) initial sleeping None    on       
2022-11-15,17:18:43.643:CRITICAL: BT1   BT2   TT1   TT2   AT    X     Y    Z    BP1   BP2   TP1   TP2   HP      AP      PD    PC   HL      EL BF       SF   PF      BV     rpm             Setpoint Error Depth avg_p direction Voltage         State   Safety   Payload TestMode 
2022-11-15,17:18:43.646:CRITICAL: 25.96 26.06 24.54 24.76 23.74 -0.01 0.00 0.00 10.21 10.17 10.11 10.25 1141.38 1231.68 34.72 8.00 initial 0  nonempty None initial 287.65 Buffering (0/1) None     None  None  10.19 initial   Buffering (0/1) initial sleeping None    on       
2022-11-15,17:18:44.229:CRITICAL: BT1   BT2   TT1   TT2   AT    X     Y    Z    BP1   BP2   TP1   TP2   HP      AP      PD    PC   HL      EL BF       SF   PF      BV     rpm             Setpoint Error Depth avg_p direction Voltage         State   Safety   Payload TestMode 
2022-11-15,17:18:44.232:CRITICAL: 25.96 26.07 24.54 24.76 23.74 -0.01 0.00 0.00 10.20 10.17 10.11 10.25 1141.34 1231.72 36.95 7.00 initial 0  nonempty None initial 287.75 Buffering (0/1) None     None  None  10.18 initial   Buffering (0/1) initial sleeping None    on       
2022-11-15,17:18:44.754:CRITICAL: BT1   BT2   TT1   TT2   AT    X    Y    Z    BP1   BP2   TP1   TP2   HP      AP      PD    PC   HL      EL BF       SF   PF      BV     rpm             Setpoint Error Depth avg_p direction Voltage         State   Safety   Payload TestMode 
2022-11-15,17:18:44.757:CRITICAL: 25.96 26.09 24.54 24.75 23.74 0.00 0.00 0.00 10.20 10.17 10.11 10.25 1141.38 1231.76 39.18 0.00 initial 0  nonempty None initial 287.75 Buffering (0/1) None     None  None  10.18 initial   Buffering (0/1) initial sleeping None    on       
2022-11-15,17:18:45.302:CRITICAL: BT1   BT2   TT1   TT2   AT    X    Y    Z    BP1   BP2   TP1   TP2   HP      AP      PD    PC    HL      EL BF       SF   PF      BV     rpm             Setpoint Error Depth avg_p direction Voltage         State   Safety   Payload TestMode 
2022-11-15,17:18:45.305:CRITICAL: 25.96 26.13 24.54 24.75 23.74 0.00 0.00 0.00 10.20 10.17 10.10 10.25 1141.38 1231.86 38.69 15.00 initial 0  nonempty None initial 287.25 Buffering (0/1) None     None  None  10.18 initial   Buffering (0/1) initial sleeping None    on       
2022-11-15,17:18:45.863:CRITICAL: BT1   BT2   TT1   TT2   AT    X    Y     Z    BP1   BP2   TP1   TP2   HP      AP      PD    PC   HL      EL BF       SF   PF      BV     rpm             Setpoint Error Depth avg_p direction Voltage         State   Safety   Payload TestMode 
2022-11-15,17:18:45.866:CRITICAL: 25.96 26.17 24.53 24.75 23.74 0.00 -0.01 0.00 10.20 10.17 10.10 10.25 1141.38 1231.78 39.10 8.00 initial 0  nonempty None initial 287.95 Buffering (0/1) None     None  None  10.18 initial   Buffering (0/1) initial sleeping None    on       
2022-11-15,17:18:46.387:CRITICAL: BT1   BT2   TT1   TT2   AT    X    Y     Z    BP1   BP2   TP1   TP2   HP      AP      PD    PC   HL      EL BF       SF   PF      BV     rpm             Setpoint Error Depth avg_p direction Voltage         State   Safety   Payload TestMode 
2022-11-15,17:18:46.389:CRITICAL: 25.97 26.20 24.53 24.75 23.74 0.00 -0.01 0.00 10.20 10.17 10.11 10.25 1141.30 1231.66 39.69 0.00 initial 0  nonempty None initial 288.25 Buffering (0/1) None     None  None  10.18 initial   Buffering (0/1) initial sleeping None    on       
2022-11-15,17:18:46.957:CRITICAL: BT1   BT2   TT1   TT2   AT    X    Y     Z    BP1   BP2   TP1   TP2   HP      AP      PD    PC   HL      EL BF       SF   PF      BV     rpm             Setpoint Error Depth avg_p direction Voltage         State   Safety   Payload TestMode 
2022-11-15,17:18:46.960:CRITICAL: 25.98 26.23 24.51 24.75 23.74 0.01 -0.01 0.00 10.19 10.17 10.11 10.25 1141.36 1231.54 27.48 0.00 initial 0  nonempty None initial 288.35 Buffering (0/1) None     None  None  10.18 initial   Buffering (0/1) initial sleeping None    on       
2022-11-15,17:18:47.469:CRITICAL: BT1   BT2   TT1   TT2   AT    X    Y     Z    BP1   BP2   TP1   TP2   HP      AP      PD    PC   HL      EL BF       SF   PF      BV     rpm             Setpoint Error Depth avg_p direction Voltage         State   Safety   Payload TestMode 
2022-11-15,17:18:47.472:CRITICAL: 25.98 26.23 24.49 24.76 23.74 0.01 -0.01 0.00 10.19 10.17 10.11 10.25 1141.34 1231.36 34.58 0.00 initial 0  nonempty None initial 288.65 Buffering (0/1) None     None  None  10.18 initial   Buffering (0/1) initial sleeping None    on       
2022-11-15,17:18:48.014:CRITICAL: BT1   BT2   TT1   TT2   AT    X    Y     Z    BP1   BP2   TP1   TP2   HP      AP      PD    PC   HL      EL BF       SF   PF      BV     rpm             Setpoint Error Depth avg_p direction Voltage         State   Safety   Payload TestMode 
2022-11-15,17:18:48.016:CRITICAL: 25.99 26.22 24.47 24.76 23.74 0.01 -0.00 0.01 10.18 10.17 10.11 10.25 1141.36 1231.14 34.08 0.00 initial 0  nonempty None initial 288.35 Buffering (0/1) None     None  None  10.18 initial   Buffering (0/1) initial sleeping None    on       
2022-11-15,17:18:48.517:CRITICAL: BT1   BT2   TT1   TT2   AT    X    Y     Z    BP1   BP2   TP1   TP2   HP      AP      PD    PC   HL      EL BF       SF   PF      BV     rpm             Setpoint Error Depth avg_p direction Voltage         State   Safety   Payload TestMode 
2022-11-15,17:18:48.521:CRITICAL: 25.99 26.20 24.45 24.75 23.74 0.01 -0.00 0.01 10.18 10.17 10.11 10.25 1141.38 1231.04 33.47 0.00 initial 0  nonempty None initial 288.45 Buffering (0/1) None     None  None  10.18 initial   Buffering (0/1) initial sleeping None    on       
2022-11-15,17:18:49.033:CRITICAL: BT1   BT2   TT1   TT2   AT    X    Y    Z    BP1   BP2   TP1   TP2   HP      AP      PD    PC   HL      EL BF       SF   PF      BV     rpm             Setpoint Error Depth avg_p direction Voltage         State   Safety   Payload TestMode 
2022-11-15,17:18:49.036:CRITICAL: 25.98 26.16 24.43 24.75 23.74 0.01 0.00 0.00 10.18 10.17 10.11 10.25 1141.42 1231.02 31.53 0.00 initial 0  nonempty None initial 288.35 Buffering (0/1) None     None  None  10.18 initial   Buffering (0/1) initial sleeping None    on       
2022-11-15,17:18:49.574:CRITICAL: BT1   BT2   TT1   TT2   AT    X    Y    Z    BP1   BP2   TP1   TP2   HP      AP      PD    PC   HL      EL BF       SF   PF      BV     rpm             Setpoint Error Depth avg_p direction Voltage         State   Safety   Payload TestMode 
2022-11-15,17:18:49.576:CRITICAL: 25.97 26.13 24.41 24.74 23.74 0.01 0.00 0.00 10.18 10.17 10.11 10.25 1141.36 1230.94 36.14 0.00 initial 0  nonempty None initial 288.75 Buffering (0/1) None     None  None  10.18 initial   Buffering (0/1) initial sleeping None    on       
2022-11-15,17:18:50.144:CRITICAL: BT1   BT2   TT1   TT2   AT    X    Y    Z     BP1   BP2   TP1   TP2   HP      AP      PD    PC   HL      EL BF       SF   PF      BV     rpm             Setpoint Error Depth avg_p direction Voltage         State   Safety   Payload TestMode 
2022-11-15,17:18:50.147:CRITICAL: 25.95 26.09 24.40 24.73 23.74 0.01 0.00 -0.00 10.18 10.17 10.11 10.25 1141.40 1230.90 39.04 0.00 initial 0  nonempty None initial 288.89 Buffering (0/1) None     None  None  10.18 initial   Buffering (0/1) initial sleeping None    on       
2022-11-15,17:18:50.672:CRITICAL: BT1   BT2   TT1   TT2   AT    X    Y    Z     BP1   BP2   TP1   TP2   HP      AP      PD    PC   HL      EL BF       SF   PF      BV     rpm             Setpoint Error Depth avg_p direction Voltage         State   Safety   Payload TestMode 
2022-11-15,17:18:50.675:CRITICAL: 25.94 26.06 24.38 24.71 23.74 0.00 0.01 -0.01 10.18 10.17 10.11 10.25 1141.44 1230.88 32.17 0.00 initial 0  nonempty None initial 288.49 Buffering (0/1) None     None  None  10.18 initial   Buffering (0/1) initial sleeping None    on       
2022-11-15,17:18:51.259:CRITICAL: BT1   BT2   TT1   TT2   AT    X    Y    Z     BP1   BP2   TP1   TP2   HP      AP      PD    PC   HL      EL BF       SF   PF      BV     rpm             Setpoint Error Depth avg_p direction Voltage         State   Safety   Payload TestMode 
2022-11-15,17:18:51.262:CRITICAL: 25.92 26.03 24.37 24.70 23.75 0.00 0.01 -0.01 10.18 10.17 10.11 10.25 1141.42 1230.80 34.83 0.00 initial 0  nonempty None initial 288.89 Buffering (0/1) None     None  None  10.18 initial   Buffering (0/1) initial sleeping None    on       
2022-11-15,17:18:51.780:CRITICAL: BT1   BT2   TT1   TT2   AT    X    Y    Z     BP1   BP2   TP1   TP2   HP      AP      PD    PC    HL      EL BF       SF   PF      BV     rpm             Setpoint Error Depth avg_p direction Voltage         State   Safety   Payload TestMode 
2022-11-15,17:18:51.785:CRITICAL: 25.91 26.00 24.36 24.69 23.75 0.00 0.01 -0.01 10.18 10.17 10.11 10.25 1141.44 1230.76 33.59 10.00 initial 0  nonempty None initial 288.55 Buffering (0/1) None     None  None  10.18 initial   Buffering (0/1) initial sleeping None    on       
2022-11-15,17:18:52.323:CRITICAL: BT1   BT2   TT1   TT2   AT    X    Y    Z     BP1   BP2   TP1   TP2   HP      AP      PD    PC   HL      EL BF       SF   PF      BV     rpm             Setpoint Error Depth avg_p direction Voltage         State   Safety   Payload TestMode 
2022-11-15,17:18:52.328:CRITICAL: 25.90 25.97 24.35 24.67 23.75 0.00 0.01 -0.01 10.19 10.17 10.11 10.25 1141.50 1230.78 32.29 0.00 initial 0  nonempty None initial 288.69 Buffering (0/1) None     None  None  10.18 initial   Buffering (0/1) initial sleeping None    on       
2022-11-15,17:18:52.892:CRITICAL: BT1   BT2   TT1   TT2   AT    X    Y    Z     BP1   BP2   TP1   TP2   HP      AP      PD    PC   HL      EL BF       SF   PF      BV     rpm             Setpoint Error Depth avg_p direction Voltage         State   Safety   Payload TestMode 
2022-11-15,17:18:52.895:CRITICAL: 25.90 25.94 24.34 24.66 23.75 0.00 0.00 -0.00 10.19 10.17 10.11 10.25 1141.52 1230.82 30.88 0.00 initial 0  nonempty None initial 288.69 Buffering (0/1) None     None  None  10.18 initial   Buffering (0/1) initial sleeping None    on       
2022-11-15,17:18:53.421:CRITICAL: BT1   BT2   TT1   TT2   AT    X    Y    Z     BP1   BP2   TP1   TP2   HP      AP      PD    PC   HL      EL BF       SF   PF      BV     rpm             Setpoint Error Depth avg_p direction Voltage         State   Safety   Payload TestMode 
2022-11-15,17:18:53.425:CRITICAL: 25.89 25.92 24.33 24.64 23.75 0.00 0.00 -0.00 10.19 10.17 10.11 10.25 1141.48 1230.74 30.74 0.00 initial 0  nonempty None initial 288.89 Buffering (0/1) None     None  None  10.18 initial   Buffering (0/1) initial sleeping None    on       
2022-11-15,17:18:53.986:CRITICAL: BT1   BT2   TT1   TT2   AT    X    Y    Z    BP1   BP2   TP1   TP2   HP      AP      PD    PC   HL      EL BF       SF   PF      BV     rpm             Setpoint Error Depth avg_p direction Voltage         State   Safety   Payload TestMode 
2022-11-15,17:18:53.990:CRITICAL: 25.89 25.89 24.31 24.62 23.75 0.01 0.00 0.00 10.19 10.17 10.11 10.25 1141.48 1230.76 31.21 0.00 initial 0  nonempty None initial 288.79 Buffering (0/1) None     None  None  10.18 initial   Buffering (0/1) initial sleeping None    on       
2022-11-15,17:18:54.511:CRITICAL: BT1   BT2   TT1   TT2   AT    X    Y    Z    BP1   BP2   TP1   TP2   HP      AP      PD    PC   HL      EL BF       SF   PF      BV     rpm             Setpoint Error Depth avg_p direction Voltage         State   Safety   Payload TestMode 
2022-11-15,17:18:54.515:CRITICAL: 25.89 25.86 24.29 24.60 23.75 0.01 0.00 0.00 10.19 10.17 10.11 10.25 1141.50 1230.78 24.79 0.00 initial 0  nonempty None initial 288.49 Buffering (0/1) None     None  None  10.18 initial   Buffering (0/1) initial sleeping None    on       
2022-11-15,17:18:55.027:CRITICAL: BT1   BT2   TT1   TT2   AT    X    Y     Z    BP1   BP2   TP1   TP2   HP      AP      PD    PC   HL      EL BF       SF   PF      BV     rpm             Setpoint Error Depth avg_p direction Voltage         State   Safety   Payload TestMode 
2022-11-15,17:18:55.030:CRITICAL: 25.89 25.84 24.27 24.59 23.75 0.01 -0.00 0.01 10.18 10.17 10.11 10.25 1141.48 1230.84 27.67 0.00 initial 0  nonempty None initial 288.39 Buffering (0/1) None     None  None  10.18 initial   Buffering (0/1) initial sleeping None    on       
2022-11-15,17:18:55.592:CRITICAL: BT1   BT2   TT1   TT2   AT    X    Y     Z    BP1   BP2   TP1   TP2   HP      AP      PD    PC   HL      EL BF       SF   PF      BV     rpm             Setpoint Error Depth avg_p direction Voltage         State   Safety   Payload TestMode 
2022-11-15,17:18:55.596:CRITICAL: 25.89 25.81 24.25 24.57 23.75 0.01 -0.00 0.01 10.19 10.17 10.11 10.25 1141.46 1230.88 34.38 0.00 initial 0  nonempty None initial 288.49 Buffering (0/1) None     None  None  10.18 initial   Buffering (0/1) initial sleeping None    on       
2022-11-15,17:18:56.120:CRITICAL: BT1   BT2   TT1   TT2   AT    X    Y     Z    BP1   BP2   TP1   TP2   HP      AP      PD    PC   HL      EL BF       SF   PF      BV     rpm             Setpoint Error Depth avg_p direction Voltage         State   Safety   Payload TestMode 
2022-11-15,17:18:56.123:CRITICAL: 25.89 25.78 24.23 24.56 23.75 0.01 -0.01 0.02 10.18 10.17 10.11 10.25 1141.44 1230.90 36.00 8.00 initial 0  nonempty None initial 288.79 Buffering (0/1) None     None  None  10.18 initial   Buffering (0/1) initial sleeping None    on       
2022-11-15,17:18:56.701:CRITICAL: BT1   BT2   TT1   TT2   AT    X     Y     Z    BP1   BP2   TP1   TP2   HP      AP      PD    PC   HL      EL BF       SF   PF      BV     rpm             Setpoint Error Depth avg_p direction Voltage         State   Safety   Payload TestMode 
2022-11-15,17:18:56.704:CRITICAL: 25.89 25.76 24.21 24.54 23.75 -0.00 -0.01 0.02 10.18 10.17 10.11 10.25 1141.46 1230.90 32.91 0.00 initial 0  nonempty None initial 288.79 Buffering (0/1) None     None  None  10.18 initial   Buffering (0/1) initial sleeping None    on       
2022-11-15,17:18:57.221:CRITICAL: BT1   BT2   TT1   TT2   AT    X     Y     Z    BP1   BP2   TP1   TP2   HP      AP      PD    PC   HL      EL BF       SF   PF      BV     rpm             Setpoint Error Depth avg_p direction Voltage         State   Safety   Payload TestMode 
2022-11-15,17:18:57.223:CRITICAL: 25.89 25.74 24.21 24.53 23.75 -0.00 -0.01 0.02 10.19 10.17 10.11 10.25 1141.46 1230.78 39.82 0.00 initial 0  nonempty None initial 289.09 Buffering (0/1) None     None  None  10.18 initial   Buffering (0/1) initial sleeping None    on       
2022-11-15,17:18:57.766:CRITICAL: BT1   BT2   TT1   TT2   AT    X     Y    Z    BP1   BP2   TP1   TP2   HP      AP      PD    PC   HL      EL BF       SF   PF      BV     rpm             Setpoint Error Depth avg_p direction Voltage         State   Safety   Payload TestMode 
2022-11-15,17:18:57.769:CRITICAL: 25.89 25.71 24.20 24.52 23.75 -0.00 0.00 0.01 10.19 10.17 10.11 10.25 1141.56 1230.66 39.33 9.00 initial 0  nonempty None initial 288.99 Buffering (0/1) None     None  None  10.18 initial   Buffering (0/1) initial sleeping None    on       
2022-11-15,17:18:58.270:CRITICAL: BT1   BT2   TT1   TT2   AT    X     Y    Z    BP1   BP2   TP1   TP2   HP      AP      PD    PC    HL      EL BF       SF   PF      BV     rpm             Setpoint Error Depth avg_p direction Voltage         State   Safety   Payload TestMode 
2022-11-15,17:18:58.273:CRITICAL: 25.89 25.69 24.20 24.51 23.75 -0.00 0.00 0.01 10.19 10.17 10.11 10.25 1141.62 1230.54 38.91 20.00 initial 0  nonempty None initial 289.09 Buffering (0/1) None     None  None  10.18 initial   Buffering (0/1) initial sleeping None    on       
2022-11-15,17:18:58.791:CRITICAL: BT1   BT2   TT1   TT2   AT    X    Y     Z    BP1   BP2   TP1   TP2   HP      AP      PD    PC    HL      EL BF       SF   PF      BV     rpm             Setpoint Error Depth avg_p direction Voltage         State   Safety   Payload TestMode 
2022-11-15,17:18:58.794:CRITICAL: 25.89 25.67 24.20 24.51 23.75 0.00 -0.00 0.01 10.18 10.17 10.11 10.25 1141.62 1230.48 39.04 27.00 initial 0  nonempty None initial 289.09 Buffering (0/1) None     None  None  10.18 initial   Buffering (0/1) initial sleeping None    on       
2022-11-15,17:18:59.335:CRITICAL: BT1   BT2   TT1   TT2   AT    X    Y     Z    BP1   BP2   TP1   TP2   HP      AP      PD    PC    HL      EL BF       SF   PF      BV     rpm             Setpoint Error Depth avg_p direction Voltage         State   Safety   Payload TestMode 
2022-11-15,17:18:59.338:CRITICAL: 25.89 25.66 24.21 24.50 23.75 0.00 -0.00 0.01 10.18 10.17 10.11 10.25 1141.50 1230.44 39.36 10.00 initial 0  nonempty None initial 288.99 Buffering (0/1) None     None  None  10.18 initial   Buffering (0/1) initial sleeping None    on       
2022-11-15,17:18:59.906:CRITICAL: BT1   BT2   TT1   TT2   AT    X    Y    Z    BP1   BP2   TP1   TP2   HP      AP      PD    PC   HL      EL BF       SF   PF      BV     rpm             Setpoint Error Depth avg_p direction Voltage         State   Safety   Payload TestMode 
2022-11-15,17:18:59.909:CRITICAL: 25.88 25.65 24.22 24.49 23.75 0.00 0.00 0.01 10.17 10.17 10.11 10.25 1141.48 1230.42 34.69 0.00 initial 0  nonempty None initial 289.19 Buffering (0/1) None     None  None  10.18 initial   Buffering (0/1) initial sleeping None    on       
2022-11-15,17:19:00.430:CRITICAL: BT1   BT2   TT1   TT2   AT    X    Y    Z    BP1   BP2   TP1   TP2   HP      AP      PD    PC   HL      EL BF       SF   PF      BV     rpm             Setpoint Error Depth avg_p direction Voltage         State   Safety   Payload TestMode 
2022-11-15,17:19:00.434:CRITICAL: 25.88 25.65 24.23 24.49 23.75 0.00 0.00 0.01 10.17 10.17 10.11 10.25 1141.36 1230.34 33.69 0.00 initial 0  nonempty None initial 289.43 Buffering (0/1) None     None  None  10.18 initial   Buffering (0/1) initial sleeping None    on       
2022-11-15,17:19:01.019:CRITICAL: BT1   BT2   TT1   TT2   AT    X    Y    Z    BP1   BP2   TP1   TP2   HP      AP      PD    PC   HL      EL BF       SF   PF      BV     rpm             Setpoint Error Depth avg_p direction Voltage         State   Safety   Payload TestMode 
2022-11-15,17:19:01.022:CRITICAL: 25.88 25.65 24.24 24.48 23.75 0.01 0.01 0.01 10.17 10.17 10.11 10.25 1141.30 1230.32 32.31 0.00 initial 0  nonempty None initial 289.23 Buffering (0/1) None     None  None  10.18 initial   Buffering (0/1) initial sleeping None    on       
2022-11-15,17:19:01.541:CRITICAL: BT1   BT2   TT1   TT2   AT    X    Y    Z    BP1   BP2   TP1   TP2   HP      AP      PD    PC    HL      EL BF       SF   PF      BV     rpm             Setpoint Error Depth avg_p direction Voltage         State   Safety   Payload TestMode 
2022-11-15,17:19:01.544:CRITICAL: 25.88 25.65 24.25 24.47 23.76 0.01 0.01 0.01 10.17 10.17 10.11 10.25 1141.30 1230.26 36.65 13.00 initial 0  nonempty None initial 289.43 Buffering (0/1) None     None  None  10.18 initial   Buffering (0/1) initial sleeping None    on       
2022-11-15,17:19:02.082:CRITICAL: BT1   BT2   TT1   TT2   AT    X    Y    Z    BP1   BP2   TP1   TP2   HP      AP      PD    PC   HL      EL BF       SF   PF      BV     rpm             Setpoint Error Depth avg_p direction Voltage         State   Safety   Payload TestMode 
2022-11-15,17:19:02.085:CRITICAL: 25.88 25.66 24.26 24.46 23.76 0.02 0.01 0.00 10.17 10.17 10.11 10.25 1141.36 1230.28 36.37 0.00 initial 0  nonempty None initial 288.89 Buffering (0/1) None     None  None  10.18 initial   Buffering (0/1) initial sleeping None    on       
2022-11-15,17:19:02.652:CRITICAL: BT1   BT2   TT1   TT2   AT    X    Y    Z    BP1   BP2   TP1   TP2   HP      AP      PD    PC   HL      EL BF       SF   PF      BV     rpm             Setpoint Error Depth avg_p direction Voltage         State   Safety   Payload TestMode 
2022-11-15,17:19:02.654:CRITICAL: 25.89 25.67 24.26 24.44 23.76 0.01 0.01 0.00 10.18 10.17 10.11 10.25 1141.26 1230.28 38.77 0.00 initial 0  nonempty None initial 289.23 Buffering (0/1) None     None  None  10.18 initial   Buffering (0/1) initial sleeping None    on       
2022-11-15,17:19:03.181:CRITICAL: BT1   BT2   TT1   TT2   AT    X    Y    Z    BP1   BP2   TP1   TP2   HP      AP      PD    PC   HL      EL BF       SF   PF      BV     rpm             Setpoint Error Depth avg_p direction Voltage         State   Safety   Payload TestMode 
2022-11-15,17:19:03.184:CRITICAL: 25.89 25.68 24.26 24.42 23.76 0.01 0.01 0.00 10.18 10.17 10.11 10.25 1141.34 1230.32 38.60 0.00 initial 0  nonempty None initial 289.19 Buffering (0/1) None     None  None  10.18 initial   Buffering (0/1) initial sleeping None    on       
2022-11-15,17:19:03.750:CRITICAL: BT1   BT2   TT1   TT2   AT    X    Y    Z     BP1   BP2   TP1   TP2   HP      AP      PD    PC   HL      EL BF       SF   PF      BV     rpm             Setpoint Error Depth avg_p direction Voltage         State   Safety   Payload TestMode 
2022-11-15,17:19:03.753:CRITICAL: 25.89 25.70 24.27 24.39 23.76 0.01 0.01 -0.01 10.18 10.17 10.11 10.25 1141.38 1230.32 39.46 0.00 initial 0  nonempty None initial 289.23 Buffering (0/1) None     None  None  10.18 initial   Buffering (0/1) initial sleeping None    on       
2022-11-15,17:19:04.275:CRITICAL: BT1   BT2   TT1   TT2   AT    X    Y    Z     BP1   BP2   TP1   TP2   HP      AP      PD    PC   HL      EL BF       SF   PF      BV     rpm             Setpoint Error Depth avg_p direction Voltage         State   Safety   Payload TestMode 
2022-11-15,17:19:04.278:CRITICAL: 25.89 25.71 24.27 24.37 23.76 0.01 0.01 -0.01 10.19 10.17 10.10 10.25 1141.42 1230.38 30.09 0.00 initial 0  nonempty None initial 289.12 Buffering (0/1) None     None  None  10.18 initial   Buffering (0/1) initial sleeping None    on       
2022-11-15,17:19:04.802:CRITICAL: BT1   BT2   TT1   TT2   AT    X    Y    Z     BP1   BP2   TP1   TP2   HP      AP      PD    PC   HL      EL BF       SF   PF      BV     rpm             Setpoint Error Depth avg_p direction Voltage         State   Safety   Payload TestMode 
2022-11-15,17:19:04.809:CRITICAL: 25.90 25.73 24.27 24.36 23.76 0.00 0.00 -0.01 10.18 10.17 10.10 10.25 1141.40 1230.32 36.10 0.00 initial 0  nonempty None initial 289.23 Buffering (0/1) None     None  None  10.18 initial   Buffering (0/1) initial sleeping None    on       
2022-11-15,17:19:05.371:CRITICAL: BT1   BT2   TT1   TT2   AT    X    Y    Z     BP1   BP2   TP1   TP2   HP      AP      PD    PC   HL      EL BF       SF   PF      BV     rpm             Setpoint Error Depth avg_p direction Voltage         State   Safety   Payload TestMode 
2022-11-15,17:19:05.375:CRITICAL: 25.90 25.74 24.27 24.35 23.76 0.00 0.00 -0.01 10.18 10.17 10.11 10.25 1141.46 1230.26 30.59 0.00 initial 0  nonempty None initial 289.53 Buffering (0/1) None     None  None  10.18 initial   Buffering (0/1) initial sleeping None    on       
2022-11-15,17:19:05.888:CRITICAL: BT1   BT2   TT1   TT2   AT    X     Y    Z     BP1   BP2   TP1   TP2   HP      AP      PD    PC   HL      EL BF       SF   PF      BV     rpm             Setpoint Error Depth avg_p direction Voltage         State   Safety   Payload TestMode 
2022-11-15,17:19:05.891:CRITICAL: 25.91 25.76 24.28 24.35 23.76 -0.01 0.00 -0.02 10.18 10.17 10.11 10.25 1141.36 1230.08 35.98 0.00 initial 0  nonempty None initial 290.13 Buffering (0/1) None     None  None  10.18 initial   Buffering (0/1) initial sleeping None    on       
2022-11-15,17:19:06.473:CRITICAL: BT1   BT2   TT1   TT2   AT    X     Y    Z     BP1   BP2   TP1   TP2   HP      AP      PD    PC   HL      EL BF       SF   PF      BV     rpm             Setpoint Error Depth avg_p direction Voltage         State   Safety   Payload TestMode 
2022-11-15,17:19:06.476:CRITICAL: 25.91 25.78 24.28 24.36 23.76 -0.01 0.00 -0.02 10.18 10.17 10.11 10.25 1141.36 1230.00 37.11 0.00 initial 0  nonempty None initial 289.63 Buffering (0/1) None     None  None  10.18 initial   Buffering (0/1) initial sleeping None    on       
2022-11-15,17:19:06.992:CRITICAL: BT1   BT2   TT1   TT2   AT    X     Y    Z     BP1   BP2   TP1   TP2   HP      AP      PD    PC   HL      EL BF       SF   PF      BV     rpm             Setpoint Error Depth avg_p direction Voltage         State   Safety   Payload TestMode 
2022-11-15,17:19:06.995:CRITICAL: 25.92 25.80 24.27 24.37 23.76 -0.01 0.00 -0.01 10.18 10.17 10.11 10.25 1141.42 1229.90 33.61 0.00 initial 0  nonempty None initial 289.63 Buffering (0/1) None     None  None  10.18 initial   Buffering (0/1) initial sleeping None    on       
2022-11-15,17:19:07.534:CRITICAL: BT1   BT2   TT1   TT2   AT    X     Y    Z     BP1   BP2   TP1   TP2   HP      AP      PD    PC   HL      EL BF       SF   PF      BV     rpm             Setpoint Error Depth avg_p direction Voltage         State   Safety   Payload TestMode 
2022-11-15,17:19:07.540:CRITICAL: 25.93 25.83 24.27 24.37 23.76 -0.01 0.00 -0.01 10.18 10.17 10.11 10.25 1141.50 1229.82 37.10 0.00 initial 0  nonempty None initial 289.63 Buffering (0/1) None     None  None  10.18 initial   Buffering (0/1) initial sleeping None    on       
2022-11-15,17:19:08.105:CRITICAL: BT1   BT2   TT1   TT2   AT    X     Y    Z     BP1   BP2   TP1   TP2   HP      AP      PD    PC   HL      EL BF       SF   PF      BV     rpm             Setpoint Error Depth avg_p direction Voltage         State   Safety   Payload TestMode 
2022-11-15,17:19:08.108:CRITICAL: 25.94 25.85 24.27 24.37 23.76 -0.01 0.00 -0.00 10.18 10.17 10.11 10.25 1141.56 1229.82 26.12 0.00 initial 0  nonempty None initial 289.53 Buffering (0/1) None     None  None  10.18 initial   Buffering (0/1) initial sleeping None    on       
2022-11-15,17:19:08.620:CRITICAL: BT1   BT2   TT1   TT2   AT    X     Y    Z    BP1   BP2   TP1   TP2   HP      AP      PD    PC   HL      EL BF       SF   PF      BV     rpm             Setpoint Error Depth avg_p direction Voltage         State   Safety   Payload TestMode 
2022-11-15,17:19:08.623:CRITICAL: 25.95 25.88 24.27 24.37 23.76 -0.01 0.00 0.00 10.18 10.17 10.11 10.25 1141.56 1229.90 39.13 9.00 initial 0  nonempty None initial 289.73 Buffering (0/1) None     None  None  10.18 initial   Buffering (0/1) initial sleeping None    on       
2022-11-15,17:19:09.206:CRITICAL: BT1   BT2   TT1   TT2   AT    X     Y    Z    BP1   BP2   TP1   TP2   HP      AP      PD    PC   HL      EL BF       SF   PF      BV     rpm             Setpoint Error Depth avg_p direction Voltage         State   Safety   Payload TestMode 
2022-11-15,17:19:09.209:CRITICAL: 25.96 25.91 24.27 24.36 23.76 -0.01 0.00 0.00 10.18 10.17 10.11 10.25 1141.54 1229.80 38.29 9.00 initial 0  nonempty None initial 290.17 Buffering (0/1) None     None  None  10.18 initial   Buffering (0/1) initial sleeping None    on       
2022-11-15,17:19:09.730:CRITICAL: BT1   BT2   TT1   TT2   AT    X     Y    Z    BP1   BP2   TP1   TP2   HP      AP      PD    PC   HL      EL BF       SF   PF      BV     rpm             Setpoint Error Depth avg_p direction Voltage         State   Safety   Payload TestMode 
2022-11-15,17:19:09.733:CRITICAL: 25.98 25.93 24.27 24.36 23.76 -0.01 0.00 0.00 10.18 10.17 10.11 10.25 1141.54 1229.86 37.23 0.00 initial 0  nonempty None initial 289.33 Buffering (0/1) None     None  None  10.18 initial   Buffering (0/1) initial sleeping None    on       
2022-11-15,17:19:10.256:CRITICAL: BT1   BT2   TT1   TT2   AT    X     Y    Z    BP1   BP2   TP1   TP2   HP      AP      PD    PC   HL      EL BF       SF   PF      BV     rpm             Setpoint Error Depth avg_p direction Voltage         State   Safety   Payload TestMode 
2022-11-15,17:19:10.259:CRITICAL: 25.99 25.96 24.27 24.36 23.76 -0.01 0.00 0.00 10.19 10.17 10.10 10.25 1141.50 1229.80 36.84 0.00 initial 0  nonempty None initial 289.97 Buffering (0/1) None     None  None  10.18 initial   Buffering (0/1) initial sleeping None    on       
2022-11-15,17:19:10.820:CRITICAL: BT1   BT2   TT1   TT2   AT    X     Y    Z    BP1   BP2   TP1   TP2   HP      AP      PD    PC   HL      EL BF       SF   PF      BV     rpm             Setpoint Error Depth avg_p direction Voltage         State   Safety   Payload TestMode 
2022-11-15,17:19:10.823:CRITICAL: 26.00 25.98 24.27 24.36 23.76 -0.01 0.00 0.00 10.19 10.17 10.11 10.25 1141.48 1229.74 35.13 7.00 initial 0  nonempty None initial 289.83 Buffering (0/1) None     None  None  10.18 initial   Buffering (0/1) initial sleeping None    on       
2022-11-15,17:19:11.349:CRITICAL: BT1   BT2   TT1   TT2   AT    X     Y    Z    BP1   BP2   TP1   TP2   HP      AP      PD    PC   HL      EL BF       SF   PF      BV     rpm             Setpoint Error Depth avg_p direction Voltage         State   Safety   Payload TestMode 
2022-11-15,17:19:11.352:CRITICAL: 26.01 26.00 24.27 24.36 23.77 -0.01 0.00 0.00 10.20 10.17 10.11 10.25 1141.58 1229.66 35.06 7.00 initial 0  nonempty None initial 290.17 Buffering (0/1) None     None  None  10.18 initial   Buffering (0/1) initial sleeping None    on       
2022-11-15,17:19:11.933:CRITICAL: BT1   BT2   TT1   TT2   AT    X     Y    Z    BP1   BP2   TP1   TP2   HP      AP      PD    PC   HL      EL BF       SF   PF      BV     rpm             Setpoint Error Depth avg_p direction Voltage         State   Safety   Payload TestMode 
2022-11-15,17:19:11.935:CRITICAL: 26.02 26.03 24.27 24.36 23.76 -0.01 0.00 0.00 10.19 10.17 10.11 10.25 1141.54 1229.74 37.63 7.00 initial 0  nonempty None initial 289.73 Buffering (0/1) None     None  None  10.18 initial   Buffering (0/1) initial sleeping None    on       
2022-11-15,17:19:12.453:CRITICAL: BT1   BT2   TT1   TT2   AT    X     Y    Z    BP1   BP2   TP1   TP2   HP      AP      PD    PC   HL      EL BF       SF   PF      BV     rpm             Setpoint Error Depth avg_p direction Voltage         State   Safety   Payload TestMode 
2022-11-15,17:19:12.456:CRITICAL: 26.03 26.04 24.26 24.37 23.77 -0.01 0.00 0.00 10.19 10.17 10.11 10.25 1141.54 1229.54 31.60 0.00 initial 0  nonempty None initial 290.37 Buffering (0/1) None     None  None  10.18 initial   Buffering (0/1) initial sleeping None    on       
2022-11-15,17:19:12.995:CRITICAL: BT1   BT2   TT1   TT2   AT    X     Y    Z     BP1   BP2   TP1   TP2   HP      AP      PD    PC   HL      EL BF       SF   PF      BV     rpm             Setpoint Error Depth avg_p direction Voltage         State   Safety   Payload TestMode 
2022-11-15,17:19:12.998:CRITICAL: 26.04 26.06 24.25 24.38 23.77 -0.01 0.00 -0.01 10.19 10.17 10.11 10.25 1141.62 1229.44 40.22 0.00 initial 0  nonempty None initial 290.47 Buffering (0/1) None     None  None  10.18 initial   Buffering (0/1) initial sleeping None    on       
2022-11-15,17:19:13.565:CRITICAL: BT1   BT2   TT1   TT2   AT    X     Y    Z     BP1   BP2   TP1   TP2   HP      AP      PD    PC   HL      EL BF       SF   PF      BV     rpm             Setpoint Error Depth avg_p direction Voltage         State   Safety   Payload TestMode 
2022-11-15,17:19:13.568:CRITICAL: 26.05 26.07 24.24 24.40 23.77 -0.01 0.00 -0.01 10.19 10.17 10.11 10.25 1141.64 1229.32 29.06 0.00 initial 0  nonempty None initial 290.47 Buffering (0/1) None     None  None  10.18 initial   Buffering (0/1) initial sleeping None    on       
2022-11-15,17:19:14.083:CRITICAL: BT1   BT2   TT1   TT2   AT    X     Y     Z     BP1   BP2   TP1   TP2   HP      AP      PD    PC   HL      EL BF       SF   PF      BV     rpm             Setpoint Error Depth avg_p direction Voltage         State   Safety   Payload TestMode 
2022-11-15,17:19:14.086:CRITICAL: 26.05 26.08 24.23 24.41 23.77 -0.02 -0.01 -0.00 10.18 10.17 10.11 10.25 1141.62 1229.32 36.16 0.00 initial 0  nonempty None initial 290.17 Buffering (0/1) None     None  None  10.18 initial   Buffering (0/1) initial sleeping None    on       
2022-11-15,17:19:14.670:CRITICAL: BT1   BT2   TT1   TT2   AT    X     Y     Z     BP1   BP2   TP1   TP2   HP      AP      PD    PC   HL      EL BF       SF   PF      BV     rpm             Setpoint Error Depth avg_p direction Voltage         State   Safety   Payload TestMode 
2022-11-15,17:19:14.673:CRITICAL: 26.05 26.08 24.22 24.42 23.77 -0.02 -0.01 -0.00 10.18 10.17 10.11 10.25 1141.72 1229.22 38.00 0.00 initial 0  nonempty None initial 290.27 Buffering (0/1) None     None  None  10.18 initial   Buffering (0/1) initial sleeping None    on       
2022-11-15,17:19:15.190:CRITICAL: BT1   BT2   TT1   TT2   AT    X     Y     Z     BP1   BP2   TP1   TP2   HP      AP      PD    PC   HL      EL BF       SF   PF      BV     rpm             Setpoint Error Depth avg_p direction Voltage         State   Safety   Payload TestMode 
2022-11-15,17:19:15.193:CRITICAL: 26.05 26.08 24.21 24.42 23.77 -0.02 -0.01 -0.00 10.18 10.17 10.11 10.25 1141.66 1229.28 40.92 0.00 initial 0  nonempty None initial 290.07 Buffering (0/1) None     None  None  10.18 initial   Buffering (0/1) initial sleeping None    on       
2022-11-15,17:19:15.730:CRITICAL: BT1   BT2   TT1   TT2   AT    X     Y     Z    BP1   BP2   TP1   TP2   HP      AP      PD    PC   HL      EL BF       SF   PF      BV     rpm             Setpoint Error Depth avg_p direction Voltage         State   Safety   Payload TestMode 
2022-11-15,17:19:15.733:CRITICAL: 26.04 26.07 24.20 24.42 23.77 -0.02 -0.01 0.00 10.18 10.17 10.11 10.25 1141.64 1229.30 31.70 0.00 initial 0  nonempty None initial 290.37 Buffering (0/1) None     None  None  10.18 initial   Buffering (0/1) initial sleeping None    on       
2022-11-15,17:19:16.287:CRITICAL: BT1   BT2   TT1   TT2   AT    X     Y     Z    BP1   BP2   TP1   TP2   HP      AP      PD    PC    HL      EL BF       SF   PF      BV     rpm             Setpoint Error Depth avg_p direction Voltage         State   Safety   Payload TestMode 
2022-11-15,17:19:16.290:CRITICAL: 26.03 26.06 24.19 24.41 23.77 -0.02 -0.01 0.00 10.19 10.17 10.11 10.25 1141.68 1229.32 29.92 11.00 initial 0  nonempty None initial 290.37 Buffering (0/1) None     None  None  10.18 initial   Buffering (0/1) initial sleeping None    on       
2022-11-15,17:19:16.817:CRITICAL: BT1   BT2   TT1   TT2   AT    X     Y     Z    BP1   BP2   TP1   TP2   HP      AP      PD    PC   HL      EL BF       SF   PF      BV     rpm             Setpoint Error Depth avg_p direction Voltage         State   Safety   Payload TestMode 
2022-11-15,17:19:16.825:CRITICAL: 26.02 26.06 24.18 24.40 23.77 -0.01 -0.01 0.00 10.19 10.17 10.11 10.25 1141.64 1229.22 34.94 9.00 initial 0  nonempty None initial 290.67 Buffering (0/1) None     None  None  10.18 initial   Buffering (0/1) initial sleeping None    on       
2022-11-15,17:19:17.401:CRITICAL: BT1   BT2   TT1   TT2   AT    X     Y     Z    BP1   BP2   TP1   TP2   HP      AP      PD    PC    HL      EL BF       SF   PF      BV     rpm             Setpoint Error Depth avg_p direction Voltage         State   Safety   Payload TestMode 
2022-11-15,17:19:17.407:CRITICAL: 26.01 26.05 24.18 24.40 23.77 -0.01 -0.01 0.00 10.18 10.17 10.11 10.25 1141.60 1229.16 37.02 22.00 initial 0  nonempty None initial 290.57 Buffering (0/1) None     None  None  10.18 initial   Buffering (0/1) initial sleeping None    on       
2022-11-15,17:19:17.925:CRITICAL: BT1   BT2   TT1   TT2   AT    X     Y     Z    BP1   BP2   TP1   TP2   HP      AP      PD    PC   HL      EL BF       SF   PF      BV     rpm             Setpoint Error Depth avg_p direction Voltage         State   Safety   Payload TestMode 
2022-11-15,17:19:17.928:CRITICAL: 26.00 26.05 24.17 24.40 23.77 -0.00 -0.00 0.00 10.18 10.17 10.11 10.25 1141.64 1229.06 34.17 0.00 initial 0  nonempty None initial 290.57 Buffering (0/1) None     None  None  10.18 initial   Buffering (0/1) initial sleeping None    on       
2022-11-15,17:19:18.491:CRITICAL: BT1   BT2   TT1   TT2   AT    X     Y     Z    BP1   BP2   TP1   TP2   HP      AP      PD    PC   HL      EL BF       SF   PF      BV     rpm             Setpoint Error Depth avg_p direction Voltage         State   Safety   Payload TestMode 
2022-11-15,17:19:18.494:CRITICAL: 25.99 26.04 24.16 24.39 23.77 -0.00 -0.00 0.00 10.17 10.17 10.11 10.25 1141.64 1228.96 17.20 0.00 initial 0  nonempty None initial 290.87 Buffering (0/1) None     None  None  10.18 initial   Buffering (0/1) initial sleeping None    on       
2022-11-15,17:19:19.068:CRITICAL: BT1   BT2   TT1   TT2   AT    X    Y    Z    BP1   BP2   TP1   TP2   HP      AP      PD    PC   HL      EL BF       SF   PF      BV     rpm             Setpoint Error Depth avg_p direction Voltage         State   Safety   Payload TestMode 
2022-11-15,17:19:19.071:CRITICAL: 25.99 26.04 24.16 24.39 23.77 0.00 0.00 0.00 10.17 10.17 10.11 10.25 1141.68 1228.98 25.62 0.00 initial 0  nonempty None initial 290.27 Buffering (0/1) None     None  None  10.18 initial   Buffering (0/1) initial sleeping None    on       
2022-11-15,17:19:19.597:CRITICAL: BT1   BT2   TT1   TT2   AT    X    Y    Z    BP1   BP2   TP1   TP2   HP      AP      PD    PC   HL      EL BF       SF   PF      BV     rpm             Setpoint Error Depth avg_p direction Voltage         State   Safety   Payload TestMode 
2022-11-15,17:19:19.600:CRITICAL: 25.99 26.04 24.15 24.39 23.77 0.00 0.00 0.00 10.17 10.17 10.11 10.25 1141.72 1228.98 27.85 0.00 initial 0  nonempty None initial 290.67 Buffering (0/1) None     None  None  10.18 initial   Buffering (0/1) initial sleeping None    on       
2022-11-15,17:19:20.183:CRITICAL: BT1   BT2   TT1   TT2   AT    X    Y     Z    BP1   BP2   TP1   TP2   HP      AP      PD    PC   HL      EL BF       SF   PF      BV     rpm             Setpoint Error Depth avg_p direction Voltage         State   Safety   Payload TestMode 
2022-11-15,17:19:20.186:CRITICAL: 25.99 26.04 24.15 24.39 23.77 0.01 -0.00 0.00 10.18 10.17 10.11 10.25 1141.68 1228.94 32.58 0.00 initial 0  nonempty None initial 290.77 Buffering (0/1) None     None  None  10.18 initial   Buffering (0/1) initial sleeping None    on       
2022-11-15,17:19:20.704:CRITICAL: BT1   BT2   TT1   TT2   AT    X    Y     Z     BP1   BP2   TP1   TP2   HP      AP      PD    PC   HL      EL BF       SF   PF      BV     rpm             Setpoint Error Depth avg_p direction Voltage         State   Safety   Payload TestMode 
2022-11-15,17:19:20.707:CRITICAL: 25.99 26.04 24.14 24.39 23.77 0.01 -0.00 -0.00 10.17 10.17 10.11 10.25 1141.72 1228.98 33.99 0.00 initial 0  nonempty None initial 290.37 Buffering (0/1) None     None  None  10.18 initial   Buffering (0/1) initial sleeping None    on       
2022-11-15,17:19:21.245:CRITICAL: BT1   BT2   TT1   TT2   AT    X    Y     Z     BP1   BP2   TP1   TP2   HP      AP      PD    PC   HL      EL BF       SF   PF      BV     rpm             Setpoint Error Depth avg_p direction Voltage         State   Safety   Payload TestMode 
2022-11-15,17:19:21.249:CRITICAL: 25.99 26.05 24.13 24.39 23.77 0.01 -0.00 -0.00 10.17 10.17 10.11 10.25 1141.60 1229.00 37.34 0.00 initial 0  nonempty None initial 290.81 Buffering (0/1) None     None  None  10.18 initial   Buffering (0/1) initial sleeping None    on       
2022-11-15,17:19:21.810:CRITICAL: BT1   BT2   TT1   TT2   AT    X    Y    Z    BP1   BP2   TP1   TP2   HP      AP      PD    PC   HL      EL BF       SF   PF      BV     rpm             Setpoint Error Depth avg_p direction Voltage         State   Safety   Payload TestMode 
2022-11-15,17:19:21.814:CRITICAL: 25.99 26.06 24.13 24.38 23.77 0.01 0.00 0.00 10.17 10.17 10.11 10.25 1141.48 1228.84 33.56 0.00 initial 0  nonempty None initial 291.11 Buffering (0/1) None     None  None  10.18 initial   Buffering (0/1) initial sleeping None    on       
2022-11-15,17:19:22.338:CRITICAL: BT1   BT2   TT1   TT2   AT    X    Y    Z    BP1   BP2   TP1   TP2   HP      AP      PD    PC   HL      EL BF       SF   PF      BV     rpm             Setpoint Error Depth avg_p direction Voltage         State   Safety   Payload TestMode 
2022-11-15,17:19:22.340:CRITICAL: 26.00 26.07 24.12 24.38 23.77 0.01 0.00 0.00 10.17 10.17 10.11 10.25 1141.44 1228.76 28.07 0.00 initial 0  nonempty None initial 291.11 Buffering (0/1) None     None  None  10.18 initial   Buffering (0/1) initial sleeping None    on       
2022-11-15,17:19:22.919:CRITICAL: BT1   BT2   TT1   TT2   AT    X    Y     Z     BP1   BP2   TP1   TP2   HP      AP      PD    PC   HL      EL BF       SF   PF      BV     rpm             Setpoint Error Depth avg_p direction Voltage         State   Safety   Payload TestMode 
2022-11-15,17:19:22.922:CRITICAL: 26.00 26.08 24.11 24.37 23.77 0.01 -0.00 -0.00 10.16 10.17 10.11 10.25 1141.54 1228.88 30.50 0.00 initial 0  nonempty None initial 290.20 Buffering (0/1) None     None  None  10.17 initial   Buffering (0/1) initial sleeping None    on       
2022-11-15,17:19:23.438:CRITICAL: BT1   BT2   TT1   TT2   AT    X    Y     Z     BP1   BP2   TP1   TP2   HP      AP      PD    PC   HL      EL BF       SF   PF      BV     rpm             Setpoint Error Depth avg_p direction Voltage         State   Safety   Payload TestMode 
2022-11-15,17:19:23.441:CRITICAL: 26.00 26.09 24.10 24.37 23.77 0.01 -0.00 -0.00 10.16 10.17 10.11 10.25 1141.48 1228.72 33.26 0.00 initial 0  nonempty None initial 291.17 Buffering (0/1) None     None  None  10.17 initial   Buffering (0/1) initial sleeping None    on       
2022-11-15,17:19:23.980:CRITICAL: BT1   BT2   TT1   TT2   AT    X     Y     Z     BP1   BP2   TP1   TP2   HP      AP      PD    PC   HL      EL BF       SF   PF      BV     rpm             Setpoint Error Depth avg_p direction Voltage         State   Safety   Payload TestMode 
2022-11-15,17:19:23.982:CRITICAL: 26.01 26.10 24.09 24.37 23.77 -0.00 -0.01 -0.00 10.15 10.17 10.10 10.25 1141.56 1228.68 32.37 0.00 initial 0  nonempty None initial 291.01 Buffering (0/1) None     None  None  10.17 initial   Buffering (0/1) initial sleeping None    on       
2022-11-15,17:19:24.544:CRITICAL: BT1   BT2   TT1   TT2   AT    X     Y     Z     BP1   BP2   TP1   TP2   HP      AP      PD    PC   HL      EL BF       SF   PF      BV     rpm             Setpoint Error Depth avg_p direction Voltage         State   Safety   Payload TestMode 
2022-11-15,17:19:24.547:CRITICAL: 26.01 26.11 24.08 24.36 23.77 -0.00 -0.01 -0.00 10.15 10.17 10.10 10.25 1141.62 1228.72 27.72 0.00 initial 0  nonempty None initial 290.91 Buffering (0/1) None     None  None  10.17 initial   Buffering (0/1) initial sleeping None    on       
2022-11-15,17:19:25.135:CRITICAL: BT1   BT2   TT1   TT2   AT    X     Y     Z     BP1   BP2   TP1   TP2   HP      AP      PD    PC   HL      EL BF       SF   PF      BV     rpm             Setpoint Error Depth avg_p direction Voltage         State   Safety   Payload TestMode 
2022-11-15,17:19:25.137:CRITICAL: 26.01 26.12 24.07 24.35 23.77 -0.01 -0.00 -0.01 10.15 10.17 10.10 10.25 1141.70 1228.72 32.07 0.00 initial 0  nonempty None initial 291.11 Buffering (0/1) None     None  None  10.17 initial   Buffering (0/1) initial sleeping None    on       
2022-11-15,17:19:25.705:CRITICAL: BT1   BT2   TT1   TT2   AT    X     Y     Z     BP1   BP2   TP1   TP2   HP      AP      PD    PC   HL      EL BF       SF   PF      BV     rpm             Setpoint Error Depth avg_p direction Voltage         State   Safety   Payload TestMode 
2022-11-15,17:19:25.708:CRITICAL: 26.01 26.12 24.06 24.35 23.77 -0.00 -0.00 -0.01 10.15 10.17 10.11 10.25 1141.60 1228.50 32.62 0.00 initial 0  nonempty None initial 291.31 Buffering (0/1) None     None  None  10.17 initial   Buffering (0/1) initial sleeping None    on       
2022-11-15,17:19:26.233:CRITICAL: BT1   BT2   TT1   TT2   AT    X     Y     Z     BP1   BP2   TP1   TP2   HP      AP      PD    PC   HL      EL BF       SF   PF      BV     rpm             Setpoint Error Depth avg_p direction Voltage         State   Safety   Payload TestMode 
2022-11-15,17:19:26.238:CRITICAL: 26.01 26.12 24.05 24.34 23.77 -0.00 -0.00 -0.01 10.15 10.17 10.10 10.25 1141.56 1228.48 30.53 0.00 initial 0  nonempty None initial 291.31 Buffering (0/1) None     None  None  10.17 initial   Buffering (0/1) initial sleeping None    on       
2022-11-15,17:19:26.789:CRITICAL: BT1   BT2   TT1   TT2   AT    X     Y     Z     BP1   BP2   TP1   TP2   HP      AP      PD    PC   HL      EL BF       SF   PF      BV     rpm             Setpoint Error Depth avg_p direction Voltage         State   Safety   Payload TestMode 
2022-11-15,17:19:26.792:CRITICAL: 26.00 26.12 24.04 24.33 23.77 -0.01 -0.00 -0.02 10.16 10.17 10.11 10.25 1141.60 1228.46 26.84 0.00 initial 0  nonempty None initial 291.11 Buffering (0/1) None     None  None  10.17 initial   Buffering (0/1) initial sleeping None    on       
2022-11-15,17:19:27.351:CRITICAL: BT1   BT2   TT1   TT2   AT    X     Y     Z     BP1   BP2   TP1   TP2   HP      AP      PD    PC   HL      EL BF       SF   PF      BV     rpm             Setpoint Error Depth avg_p direction Voltage         State   Safety   Payload TestMode 
2022-11-15,17:19:27.354:CRITICAL: 26.00 26.12 24.03 24.33 23.77 -0.01 -0.00 -0.02 10.16 10.17 10.11 10.25 1141.56 1228.48 28.50 0.00 initial 0  nonempty None initial 290.84 Buffering (0/1) None     None  None  10.17 initial   Buffering (0/1) initial sleeping None    on       
2022-11-15,17:19:27.912:CRITICAL: BT1   BT2   TT1   TT2   AT    X     Y     Z     BP1   BP2   TP1   TP2   HP      AP      PD    PC   HL      EL BF       SF   PF      BV     rpm             Setpoint Error Depth avg_p direction Voltage         State   Safety   Payload TestMode 
2022-11-15,17:19:27.915:CRITICAL: 25.99 26.12 24.02 24.32 23.77 -0.01 -0.01 -0.01 10.16 10.17 10.10 10.25 1141.48 1228.52 28.00 0.00 initial 0  nonempty None initial 290.91 Buffering (0/1) None     None  None  10.17 initial   Buffering (0/1) initial sleeping None    on       
2022-11-15,17:19:28.420:CRITICAL: BT1   BT2   TT1   TT2   AT    X     Y     Z     BP1   BP2   TP1   TP2   HP      AP      PD    PC   HL      EL BF       SF   PF      BV     rpm             Setpoint Error Depth avg_p direction Voltage         State   Safety   Payload TestMode 
2022-11-15,17:19:28.422:CRITICAL: 25.99 26.12 24.01 24.32 23.77 -0.01 -0.01 -0.01 10.16 10.17 10.10 10.25 1141.52 1228.48 30.55 0.00 initial 0  nonempty None initial 291.51 Buffering (0/1) None     None  None  10.17 initial   Buffering (0/1) initial sleeping None    on       
2022-11-15,17:19:28.952:CRITICAL: BT1   BT2   TT1   TT2   AT    X    Y     Z     BP1   BP2   TP1   TP2   HP      AP      PD    PC    HL      EL BF       SF   PF      BV     rpm             Setpoint Error Depth avg_p direction Voltage         State   Safety   Payload TestMode 
2022-11-15,17:19:28.955:CRITICAL: 25.98 26.12 24.00 24.31 23.77 0.00 -0.00 -0.00 10.16 10.17 10.10 10.25 1141.54 1228.46 29.58 21.00 initial 0  nonempty None initial 291.41 Buffering (0/1) None     None  None  10.17 initial   Buffering (0/1) initial sleeping None    on       
2022-11-15,17:19:29.521:CRITICAL: BT1   BT2   TT1   TT2   AT    X    Y     Z     BP1   BP2   TP1   TP2   HP      AP      PD    PC    HL      EL BF       SF   PF      BV     rpm             Setpoint Error Depth avg_p direction Voltage         State   Safety   Payload TestMode 
2022-11-15,17:19:29.525:CRITICAL: 25.98 26.12 24.00 24.31 23.77 0.00 -0.00 -0.00 10.15 10.17 10.10 10.25 1141.48 1228.42 33.10 26.00 initial 0  nonempty None initial 291.34 Buffering (0/1) None     None  None  10.17 initial   Buffering (0/1) initial sleeping None    on       
2022-11-15,17:19:30.045:CRITICAL: BT1   BT2   TT1   TT2   AT    X    Y     Z    BP1   BP2   TP1   TP2   HP      AP      PD    PC    HL      EL BF       SF   PF      BV     rpm             Setpoint Error Depth avg_p direction Voltage         State   Safety   Payload TestMode 
2022-11-15,17:19:30.048:CRITICAL: 25.97 26.13 23.99 24.31 23.77 0.01 -0.01 0.00 10.15 10.17 10.10 10.25 1141.50 1228.36 35.69 41.00 initial 0  nonempty None initial 291.11 Buffering (0/1) None     None  None  10.17 initial   Buffering (0/1) initial sleeping None    on       
2022-11-15,17:19:30.632:CRITICAL: BT1   BT2   TT1   TT2   AT    X    Y     Z    BP1   BP2   TP1   TP2   HP      AP      PD    PC    HL      EL BF       SF   PF      BV     rpm             Setpoint Error Depth avg_p direction Voltage         State   Safety   Payload TestMode 
2022-11-15,17:19:30.635:CRITICAL: 25.97 26.13 23.98 24.31 23.77 0.01 -0.01 0.00 10.15 10.17 10.10 10.25 1141.52 1228.28 36.69 13.00 initial 0  nonempty None initial 291.34 Buffering (0/1) None     None  None  10.17 initial   Buffering (0/1) initial sleeping None    on       
2022-11-15,17:19:31.150:CRITICAL: BT1   BT2   TT1   TT2   AT    X    Y     Z    BP1   BP2   TP1   TP2   HP      AP      PD    PC    HL      EL BF       SF   PF      BV     rpm             Setpoint Error Depth avg_p direction Voltage         State   Safety   Payload TestMode 
2022-11-15,17:19:31.152:CRITICAL: 25.97 26.13 23.98 24.31 23.78 0.00 -0.01 0.00 10.15 10.17 10.10 10.25 1141.50 1228.32 38.19 30.00 initial 0  nonempty None initial 291.34 Buffering (0/1) None     None  None  10.17 initial   Buffering (0/1) initial sleeping None    on       
2022-11-15,17:19:31.691:CRITICAL: BT1   BT2   TT1   TT2   AT    X    Y     Z    BP1   BP2   TP1   TP2   HP      AP      PD    PC    HL      EL BF       SF   PF      BV     rpm             Setpoint Error Depth avg_p direction Voltage         State   Safety   Payload TestMode 
2022-11-15,17:19:31.694:CRITICAL: 25.96 26.14 23.97 24.30 23.78 0.00 -0.01 0.01 10.15 10.17 10.10 10.25 1141.48 1228.22 35.95 21.00 initial 0  nonempty None initial 291.95 Buffering (0/1) None     None  None  10.17 initial   Buffering (0/1) initial sleeping None    on       
2022-11-15,17:19:32.260:CRITICAL: BT1   BT2   TT1   TT2   AT    X    Y     Z    BP1   BP2   TP1   TP2   HP      AP      PD    PC    HL      EL BF       SF   PF      BV     rpm             Setpoint Error Depth avg_p direction Voltage         State   Safety   Payload TestMode 
2022-11-15,17:19:32.263:CRITICAL: 25.96 26.14 23.96 24.30 23.78 0.00 -0.01 0.01 10.16 10.17 10.10 10.25 1141.50 1228.18 37.74 31.00 initial 0  nonempty None initial 291.55 Buffering (0/1) None     None  None  10.17 initial   Buffering (0/1) initial sleeping None    on       
2022-11-15,17:19:32.785:CRITICAL: BT1   BT2   TT1   TT2   AT    X    Y    Z    BP1   BP2   TP1   TP2   HP      AP      PD    PC   HL      EL BF       SF   PF      BV     rpm             Setpoint Error Depth avg_p direction Voltage         State   Safety   Payload TestMode 
2022-11-15,17:19:32.788:CRITICAL: 25.96 26.15 23.95 24.29 23.78 0.01 0.00 0.01 10.16 10.17 10.10 10.25 1141.46 1228.06 36.52 7.00 initial 0  nonempty None initial 291.71 Buffering (0/1) None     None  None  10.17 initial   Buffering (0/1) initial sleeping None    on       
2022-11-15,17:19:33.376:CRITICAL: BT1   BT2   TT1   TT2   AT    X    Y    Z    BP1   BP2   TP1   TP2   HP      AP      PD    PC   HL      EL BF       SF   PF      BV     rpm             Setpoint Error Depth avg_p direction Voltage         State   Safety   Payload TestMode 
2022-11-15,17:19:33.379:CRITICAL: 25.96 26.15 23.95 24.28 23.78 0.01 0.00 0.01 10.16 10.17 10.10 10.25 1141.42 1227.98 39.39 0.00 initial 0  nonempty None initial 291.75 Buffering (0/1) None     None  None  10.17 initial   Buffering (0/1) initial sleeping None    on       
2022-11-15,17:19:33.895:CRITICAL: BT1   BT2   TT1   TT2   AT    X    Y    Z    BP1   BP2   TP1   TP2   HP      AP      PD    PC   HL      EL BF       SF   PF      BV     rpm             Setpoint Error Depth avg_p direction Voltage         State   Safety   Payload TestMode 
2022-11-15,17:19:33.897:CRITICAL: 25.96 26.15 23.94 24.28 23.78 0.01 0.00 0.00 10.16 10.17 10.10 10.25 1141.38 1227.86 40.32 0.00 initial 0  nonempty None initial 291.95 Buffering (0/1) None     None  None  10.17 initial   Buffering (0/1) initial sleeping None    on       
2022-11-15,17:19:34.439:CRITICAL: BT1   BT2   TT1   TT2   AT    X    Y    Z    BP1   BP2   TP1   TP2   HP      AP      PD    PC   HL      EL BF       SF   PF      BV     rpm             Setpoint Error Depth avg_p direction Voltage         State   Safety   Payload TestMode 
2022-11-15,17:19:34.442:CRITICAL: 25.95 26.15 23.94 24.27 23.78 0.01 0.00 0.00 10.16 10.17 10.10 10.25 1141.40 1227.98 35.97 0.00 initial 0  nonempty None initial 291.34 Buffering (0/1) None     None  None  10.17 initial   Buffering (0/1) initial sleeping None    on       
2022-11-15,17:19:35.005:CRITICAL: BT1   BT2   TT1   TT2   AT    X     Y    Z    BP1   BP2   TP1   TP2   HP      AP      PD    PC   HL      EL BF       SF   PF      BV     rpm             Setpoint Error Depth avg_p direction Voltage         State   Safety   Payload TestMode 
2022-11-15,17:19:35.008:CRITICAL: 25.95 26.15 23.94 24.27 23.78 -0.00 0.00 0.01 10.16 10.17 10.10 10.25 1141.46 1227.84 40.63 0.00 initial 0  nonempty None initial 292.25 Buffering (0/1) None     None  None  10.17 initial   Buffering (0/1) initial sleeping None    on       
2022-11-15,17:19:35.533:CRITICAL: BT1   BT2   TT1   TT2   AT    X     Y    Z    BP1   BP2   TP1   TP2   HP      AP      PD    PC   HL      EL BF       SF   PF      BV     rpm             Setpoint Error Depth avg_p direction Voltage         State   Safety   Payload TestMode 
2022-11-15,17:19:35.536:CRITICAL: 25.94 26.15 23.93 24.27 23.78 -0.00 0.00 0.01 10.17 10.17 10.10 10.25 1141.40 1227.82 38.04 0.00 initial 0  nonempty None initial 291.85 Buffering (0/1) None     None  None  10.17 initial   Buffering (0/1) initial sleeping None    on       
2022-11-15,17:19:36.114:CRITICAL: BT1   BT2   TT1   TT2   AT    X    Y    Z    BP1   BP2   TP1   TP2   HP      AP      PD    PC   HL      EL BF       SF   PF      BV     rpm             Setpoint Error Depth avg_p direction Voltage         State   Safety   Payload TestMode 
2022-11-15,17:19:36.118:CRITICAL: 25.94 26.15 23.93 24.26 23.78 0.00 0.00 0.00 10.17 10.17 10.10 10.25 1141.48 1227.80 39.25 0.00 initial 0  nonempty None initial 291.85 Buffering (0/1) None     None  None  10.17 initial   Buffering (0/1) initial sleeping None    on       
2022-11-15,17:19:36.634:CRITICAL: BT1   BT2   TT1   TT2   AT    X    Y    Z    BP1   BP2   TP1   TP2   HP      AP      PD    PC   HL      EL BF       SF   PF      BV     rpm             Setpoint Error Depth avg_p direction Voltage         State   Safety   Payload TestMode 
2022-11-15,17:19:36.637:CRITICAL: 25.93 26.14 23.92 24.26 23.78 0.00 0.00 0.00 10.17 10.17 10.10 10.25 1141.58 1227.72 38.26 0.00 initial 0  nonempty None initial 292.35 Buffering (0/1) None     None  None  10.17 initial   Buffering (0/1) initial sleeping None    on       
2022-11-15,17:19:37.179:CRITICAL: BT1   BT2   TT1   TT2   AT    X    Y    Z     BP1   BP2   TP1   TP2   HP      AP      PD    PC   HL      EL BF       SF   PF      BV     rpm             Setpoint Error Depth avg_p direction Voltage         State   Safety   Payload TestMode 
2022-11-15,17:19:37.182:CRITICAL: 25.92 26.13 23.91 24.26 23.78 0.00 0.00 -0.00 10.18 10.17 10.10 10.25 1141.52 1227.56 37.77 0.00 initial 0  nonempty None initial 292.15 Buffering (0/1) None     None  None  10.18 initial   Buffering (0/1) initial sleeping None    on       
2022-11-15,17:19:37.745:CRITICAL: BT1   BT2   TT1   TT2   AT    X    Y    Z     BP1   BP2   TP1   TP2   HP      AP      PD    PC   HL      EL BF       SF   PF      BV     rpm             Setpoint Error Depth avg_p direction Voltage         State   Safety   Payload TestMode 
2022-11-15,17:19:37.748:CRITICAL: 25.91 26.13 23.90 24.25 23.78 0.00 0.00 -0.01 10.18 10.17 10.10 10.25 1141.54 1227.60 33.87 0.00 initial 0  nonempty None initial 292.05 Buffering (0/1) None     None  None  10.18 initial   Buffering (0/1) initial sleeping None    on       
2022-11-15,17:19:38.274:CRITICAL: BT1   BT2   TT1   TT2   AT    X    Y    Z     BP1   BP2   TP1   TP2   HP      AP      PD    PC   HL      EL BF       SF   PF      BV     rpm             Setpoint Error Depth avg_p direction Voltage         State   Safety   Payload TestMode 
2022-11-15,17:19:38.277:CRITICAL: 25.90 26.12 23.90 24.25 23.78 0.00 0.00 -0.01 10.18 10.17 10.10 10.25 1141.60 1227.50 37.80 0.00 initial 0  nonempty None initial 292.35 Buffering (0/1) None     None  None  10.18 initial   Buffering (0/1) initial sleeping None    on       
2022-11-15,17:19:38.859:CRITICAL: BT1   BT2   TT1   TT2   AT    X     Y    Z     BP1   BP2   TP1   TP2   HP      AP      PD    PC   HL      EL BF       SF   PF      BV     rpm             Setpoint Error Depth avg_p direction Voltage         State   Safety   Payload TestMode 
2022-11-15,17:19:38.862:CRITICAL: 25.90 26.12 23.90 24.24 23.78 -0.01 0.00 -0.01 10.18 10.17 10.10 10.25 1141.46 1227.46 36.77 0.00 initial 0  nonempty None initial 292.05 Buffering (0/1) None     None  None  10.18 initial   Buffering (0/1) initial sleeping None    on       
2022-11-15,17:19:39.385:CRITICAL: BT1   BT2   TT1   TT2   AT    X     Y    Z     BP1   BP2   TP1   TP2   HP      AP      PD    PC   HL      EL BF       SF   PF      BV     rpm             Setpoint Error Depth avg_p direction Voltage         State   Safety   Payload TestMode 
2022-11-15,17:19:39.389:CRITICAL: 25.89 26.12 23.89 24.24 23.78 -0.01 0.00 -0.01 10.18 10.17 10.10 10.25 1141.44 1227.56 34.30 0.00 initial 0  nonempty None initial 291.88 Buffering (0/1) None     None  None  10.18 initial   Buffering (0/1) initial sleeping None    on       
2022-11-15,17:19:39.918:CRITICAL: BT1   BT2   TT1   TT2   AT    X     Y    Z     BP1   BP2   TP1   TP2   HP      AP      PD    PC   HL      EL BF       SF   PF      BV     rpm             Setpoint Error Depth avg_p direction Voltage         State   Safety   Payload TestMode 
2022-11-15,17:19:39.920:CRITICAL: 25.89 26.12 23.89 24.23 23.78 -0.00 0.00 -0.01 10.17 10.17 10.10 10.25 1141.60 1227.64 32.53 0.00 initial 0  nonempty None initial 291.78 Buffering (0/1) None     None  None  10.17 initial   Buffering (0/1) initial sleeping None    on       
2022-11-15,17:19:40.424:CRITICAL: BT1   BT2   TT1   TT2   AT    X     Y    Z     BP1   BP2   TP1   TP2   HP      AP      PD    PC   HL      EL BF       SF   PF      BV     rpm             Setpoint Error Depth avg_p direction Voltage         State   Safety   Payload TestMode 
2022-11-15,17:19:40.426:CRITICAL: 25.89 26.12 23.88 24.23 23.78 -0.00 0.00 -0.01 10.17 10.17 10.10 10.25 1141.58 1227.66 34.89 0.00 initial 0  nonempty None initial 291.95 Buffering (0/1) None     None  None  10.17 initial   Buffering (0/1) initial sleeping None    on       
2022-11-15,17:19:40.984:CRITICAL: BT1   BT2   TT1   TT2   AT    X    Y    Z     BP1   BP2   TP1   TP2   HP      AP      PD    PC   HL      EL BF       SF   PF      BV     rpm             Setpoint Error Depth avg_p direction Voltage         State   Safety   Payload TestMode 
2022-11-15,17:19:40.987:CRITICAL: 25.89 26.12 23.87 24.22 23.79 0.00 0.00 -0.01 10.17 10.17 10.11 10.25 1141.64 1227.66 38.84 0.00 initial 0  nonempty None initial 292.39 Buffering (0/1) None     None  None  10.18 initial   Buffering (0/1) initial sleeping None    on       
2022-11-15,17:19:41.571:CRITICAL: BT1   BT2   TT1   TT2   AT    X    Y    Z     BP1   BP2   TP1   TP2   HP      AP      PD    PC   HL      EL BF       SF   PF      BV     rpm             Setpoint Error Depth avg_p direction Voltage         State   Safety   Payload TestMode 
2022-11-15,17:19:41.576:CRITICAL: 25.89 26.12 23.87 24.22 23.79 0.00 0.00 -0.01 10.17 10.17 10.11 10.25 1141.76 1227.52 37.37 0.00 initial 0  nonempty None initial 292.76 Buffering (0/1) None     None  None  10.18 initial   Buffering (0/1) initial sleeping None    on       
2022-11-15,17:19:41.838:INFO: graceful shutdown
2022-11-15,17:19:41.840:INFO: disabling safety. please wait...
2022-11-15,17:19:41.841:INFO: Closing database connections
2022-11-15,17:19:41.842:INFO: Nacking outstanding messages
