2022-11-15,17:24:35.156:INFO: init log at log/20221115
2022-11-15,17:24:35.230:INFO: safety controller init
2022-11-15,17:24:35.279:INFO: init driver
2022-11-15,17:24:35.280:INFO: Pressure controller was initialized successfully
2022-11-15,17:24:35.286:INFO: BP1 pressure sensor was initialized successfully
2022-11-15,17:24:35.293:INFO: BP2 pressure sensor was initialized successfully
2022-11-15,17:24:35.299:INFO: TP1 pressure sensor was initialized successfully
2022-11-15,17:24:35.305:INFO: TP2 pressure sensor was initialized successfully
2022-11-15,17:24:35.311:INFO: HP pressure sensor was initialized successfully
2022-11-15,17:24:35.317:INFO: AP pressure sensor was initialized successfully
2022-11-15,17:24:35.318:INFO: Temperature controller was initialized successfully
2022-11-15,17:24:35.325:INFO: BT1 temperature sensor was initialized successfully
2022-11-15,17:24:35.331:INFO: BT2 temperature sensor was initialized successfully
2022-11-15,17:24:35.337:INFO: TT1 temperature sensor was initialized successfully
2022-11-15,17:24:35.342:INFO: TT2 temperature sensor was initialized successfully
2022-11-15,17:24:35.349:INFO: AT temperature sensor was initialized successfully
2022-11-15,17:24:35.350:INFO: IMU controller was initialized successfully
2022-11-15,17:24:35.356:INFO: X IMU sensor was initialized successfully
2022-11-15,17:24:35.362:INFO: Y IMU sensor was initialized successfully
2022-11-15,17:24:35.367:INFO: Z IMU sensor was initialized successfully
2022-11-15,17:24:35.374:INFO: Bladder volume controller was initialized successfully
2022-11-15,17:24:35.380:INFO: Altimeter controller was initialized successfully
2022-11-15,17:24:35.386:INFO: rpm controller was initialized successfully
2022-11-15,17:24:35.387:INFO: Pump flag controller was initialized successfully
2022-11-15,17:24:35.395:INFO: Bladder flag controller was initialized successfully
2022-11-15,17:24:35.402:INFO: Hull leak flag controller was initialized successfully
2022-11-15,17:24:35.406:INFO: Engine leak flag controller was initialized successfully
2022-11-15,17:24:35.409:INFO: Full surface initiated flag controller was initialized successfully
2022-11-15,17:24:35.411:INFO: Iridium flag controller was initialized successfully
2022-11-15,17:24:35.418:INFO: direction flag controller was initialized successfully
2022-11-15,17:24:35.430:INFO: Payload flag controller was initialized successfully
2022-11-15,17:24:35.601:INFO: init consume mega
2022-11-15,17:24:35.604:INFO: init consume nano
2022-11-15,17:24:35.606:INFO: init consume payload
2022-11-15,17:24:35.621:ERROR: error /0. no valid pressure sensors data available
2022-11-15,17:24:35.626:CRITICAL: BT1             BT2             TT1             TT2             AT              X               Y               Z               BP1             BP2             TP1             TP2             HP              AP              PD PC HL      EL   BF      SF   PF      BV     rpm             Setpoint Error Depth avg_p direction Voltage         State   Safety               Payload TestMode 
2022-11-15,17:24:35.629:CRITICAL: Buffering (0/5) Buffering (0/5) Buffering (0/5) Buffering (0/5) Buffering (1/5) Buffering (0/5) Buffering (0/5) Buffering (0/5) Buffering (0/5) Buffering (0/5) Buffering (1/5) Buffering (1/5) Buffering (0/5) Buffering (1/5) 0  0  initial None initial None initial 295.43 Buffering (0/1) None     None  None  None  initial   Buffering (0/1) initial sleeping_weightFixed None    on       
2022-11-15,17:24:35.641:ERROR: error /0. no valid pressure sensors data available
2022-11-15,17:24:35.644:CRITICAL: BT1             BT2             TT1             TT2             AT              X               Y               Z               BP1             BP2             TP1             TP2             HP              AP              PD   PC     HL      EL   BF       SF   PF      BV     rpm             Setpoint Error Depth avg_p direction Voltage         State   Safety               Payload TestMode 
2022-11-15,17:24:35.647:CRITICAL: Buffering (0/5) Buffering (0/5) Buffering (1/5) Buffering (1/5) Buffering (2/5) Buffering (0/5) Buffering (0/5) Buffering (0/5) Buffering (0/5) Buffering (0/5) Buffering (2/5) Buffering (2/5) Buffering (0/5) Buffering (2/5) 1.41 100.00 initial None nonempty None initial 295.43 Buffering (0/1) None     None  None  None  initial   Buffering (0/1) initial sleeping_weightFixed None    on       
2022-11-15,17:24:36.709:INFO: 222
2022-11-15,17:24:36.711:INFO: safety went to sleep (sleep initiated)
2022-11-15,17:24:42.668:ERROR: Safety woke up accidently!!
2022-11-15,17:24:46.683:ERROR: error /0. no valid pressure sensors data available
2022-11-15,17:24:46.685:CRITICAL: BT1             BT2             TT1             TT2             AT              X               Y               Z               BP1             BP2             TP1             TP2             HP              AP              PD   PC     HL      EL BF       SF   PF      BV     rpm             Setpoint Error Depth avg_p direction Voltage         State   Safety   Payload TestMode 
2022-11-15,17:24:46.691:CRITICAL: Buffering (3/5) Buffering (2/5) Buffering (3/5) Buffering (3/5) Buffering (4/5) Buffering (1/5) Buffering (1/5) Buffering (1/5) Buffering (2/5) Buffering (2/5) Buffering (4/5) Buffering (4/5) Buffering (2/5) Buffering (4/5) 1.41 100.00 initial 0  nonempty None initial 294.18 Buffering (0/1) None     None  None  None  initial   Buffering (0/1) initial sleeping None    on       
2022-11-15,17:24:47.208:CRITICAL: BT1             BT2             TT1             TT2             AT    X               Y               Z               BP1             BP2             TP1   TP2   HP              AP      PD   PC     HL      EL BF       SF   PF      BV     rpm             Setpoint Error Depth avg_p direction Voltage         State   Safety   Payload TestMode 
2022-11-15,17:24:47.212:CRITICAL: Buffering (4/5) Buffering (3/5) Buffering (4/5) Buffering (4/5) 23.96 Buffering (2/5) Buffering (2/5) Buffering (2/5) Buffering (3/5) Buffering (3/5) 10.31 10.44 Buffering (3/5) 1228.28 1.41 100.00 initial 0  nonempty None initial 294.38 Buffering (0/1) None     None  None  10.38 initial   Buffering (0/1) initial sleeping None    on       
2022-11-15,17:24:47.730:CRITICAL: BT1   BT2             TT1   TT2   AT    X               Y               Z               BP1             BP2             TP1   TP2   HP              AP      PD   PC     HL      EL BF       SF   PF      BV     rpm             Setpoint Error Depth avg_p direction Voltage         State   Safety   Payload TestMode 
2022-11-15,17:24:47.734:CRITICAL: 21.73 Buffering (4/5) 21.96 22.04 23.96 Buffering (3/5) Buffering (3/5) Buffering (3/5) Buffering (4/5) Buffering (4/5) 10.31 10.44 Buffering (4/5) 1228.44 1.41 100.00 initial 0  nonempty None initial 294.58 Buffering (0/1) None     None  None  10.38 initial   Buffering (0/1) initial sleeping None    on       
2022-11-15,17:24:48.288:CRITICAL: BT1   BT2   TT1   TT2   AT    X               Y               Z               BP1   BP2   TP1   TP2   HP      AP      PD   PC     HL      EL BF       SF   PF      BV     rpm             Setpoint Error Depth avg_p direction Voltage         State   Safety   Payload TestMode 
2022-11-15,17:24:48.293:CRITICAL: 21.82 21.27 21.95 22.04 23.96 Buffering (4/5) Buffering (4/5) Buffering (4/5) 11.37 11.25 10.31 10.44 1255.98 1228.72 1.41 100.00 initial 0  nonempty None initial 293.97 Buffering (0/1) None     None  None  10.84 initial   Buffering (0/1) initial sleeping None    on       
2022-11-15,17:24:48.844:CRITICAL: BT1   BT2   TT1   TT2   AT    X               Y               Z               BP1   BP2   TP1   TP2   HP      AP      PD   PC     HL      EL BF       SF   PF      BV     rpm             Setpoint Error Depth avg_p direction Voltage         State   Safety   Payload TestMode 
2022-11-15,17:24:48.848:CRITICAL: 21.90 21.28 21.33 21.44 24.10 Buffering (4/5) Buffering (4/5) Buffering (4/5) 11.37 11.25 10.31 10.44 1256.16 1226.72 1.41 100.00 initial 0  nonempty None initial 294.18 Buffering (0/1) None     None  None  10.84 initial   Buffering (0/1) initial sleeping None    on       
2022-11-15,17:24:49.405:CRITICAL: BT1   BT2   TT1   TT2   AT    X    Y    Z    BP1   BP2   TP1   TP2   HP      AP      PD   PC     HL      EL BF       SF   PF      BV     rpm             Setpoint Error Depth avg_p direction Voltage         State   Safety   Payload TestMode 
2022-11-15,17:24:49.409:CRITICAL: 21.90 21.28 21.33 21.44 24.10 0.00 0.01 0.00 11.37 11.25 10.31 10.44 1256.10 1226.74 1.41 100.00 initial 0  nonempty None initial 294.08 Buffering (0/1) None     None  None  10.84 initial   Buffering (0/1) initial sleeping None    on       
2022-11-15,17:24:49.958:CRITICAL: BT1   BT2   TT1   TT2   AT    X    Y    Z    BP1   BP2   TP1   TP2   HP      AP      PD   PC     HL      EL BF       SF   PF      BV     rpm             Setpoint Error Depth avg_p direction Voltage         State   Safety   Payload TestMode 
2022-11-15,17:24:49.962:CRITICAL: 21.90 21.28 21.33 21.44 24.10 0.00 0.01 0.00 11.36 11.25 10.31 10.44 1255.98 1226.86 1.41 100.00 initial 0  nonempty None initial 293.77 Buffering (0/1) None     None  None  10.84 initial   Buffering (0/1) initial sleeping None    on       
2022-11-15,17:24:50.518:CRITICAL: BT1   BT2   TT1   TT2   AT    X    Y    Z    BP1   BP2   TP1   TP2   HP      AP      PD   PC     HL      EL BF       SF   PF      BV     rpm             Setpoint Error Depth avg_p direction Voltage         State   Safety   Payload TestMode 
2022-11-15,17:24:50.521:CRITICAL: 21.90 21.29 21.33 21.44 24.10 0.00 0.01 0.00 11.36 11.25 10.31 10.44 1255.96 1227.04 1.41 100.00 initial 0  nonempty None initial 293.71 Buffering (0/1) None     None  None  10.84 initial   Buffering (0/1) initial sleeping None    on       
2022-11-15,17:24:51.076:CRITICAL: BT1   BT2   TT1   TT2   AT    X    Y    Z    BP1   BP2   TP1   TP2   HP      AP      PD   PC     HL      EL BF       SF   PF      BV     rpm             Setpoint Error Depth avg_p direction Voltage         State   Safety   Payload TestMode 
2022-11-15,17:24:51.080:CRITICAL: 21.91 21.29 21.33 21.44 24.10 0.00 0.01 0.00 11.36 11.25 10.31 10.44 1255.88 1227.12 1.41 100.00 initial 0  nonempty None initial 293.57 Buffering (0/1) None     None  None  10.84 initial   Buffering (0/1) initial sleeping None    on       
2022-11-15,17:24:51.636:CRITICAL: BT1   BT2   TT1   TT2   AT    X    Y    Z    BP1   BP2   TP1   TP2   HP      AP      PD   PC     HL      EL BF       SF   PF      BV     rpm             Setpoint Error Depth avg_p direction Voltage         State   Safety   Payload TestMode 
2022-11-15,17:24:51.639:CRITICAL: 21.91 21.29 21.33 21.44 24.10 0.00 0.01 0.00 11.35 11.25 10.31 10.44 1255.76 1227.12 1.41 100.00 initial 0  nonempty None initial 294.18 Buffering (0/1) None     None  None  10.84 initial   Buffering (0/1) initial sleeping None    on       
2022-11-15,17:24:52.195:CRITICAL: BT1   BT2   TT1   TT2   AT    X    Y    Z    BP1   BP2   TP1   TP2   HP      AP      PD   PC     HL      EL BF       SF   PF      BV     rpm             Setpoint Error Depth avg_p direction Voltage         State   Safety   Payload TestMode 
2022-11-15,17:24:52.199:CRITICAL: 21.91 21.29 21.33 21.44 24.10 0.00 0.01 0.01 11.36 11.25 10.31 10.44 1255.66 1227.16 1.41 100.00 initial 0  nonempty None initial 293.87 Buffering (0/1) None     None  None  10.84 initial   Buffering (0/1) initial sleeping None    on       
2022-11-15,17:24:52.748:CRITICAL: BT1   BT2   TT1   TT2   AT    X    Y    Z    BP1   BP2   TP1   TP2   HP      AP      PD   PC     HL      EL BF       SF   PF      BV     rpm             Setpoint Error Depth avg_p direction Voltage         State   Safety   Payload TestMode 
2022-11-15,17:24:52.752:CRITICAL: 21.92 21.29 21.33 21.44 24.10 0.00 0.01 0.01 11.36 11.25 10.31 10.44 1255.72 1227.10 1.41 100.00 initial 0  nonempty None initial 294.08 Buffering (0/1) None     None  None  10.84 initial   Buffering (0/1) initial sleeping None    on       
2022-11-15,17:24:53.299:CRITICAL: BT1   BT2   TT1   TT2   AT    X    Y    Z    BP1   BP2   TP1   TP2   HP      AP      PD   PC     HL      EL BF       SF   PF      BV     rpm             Setpoint Error Depth avg_p direction Voltage         State   Safety   Payload TestMode 
2022-11-15,17:24:53.304:CRITICAL: 21.92 21.29 21.33 21.44 24.10 0.00 0.00 0.00 11.37 11.25 10.31 10.44 1255.82 1227.14 1.41 100.00 initial 0  nonempty None initial 293.47 Buffering (0/1) None     None  None  10.84 initial   Buffering (0/1) initial sleeping None    on       
2022-11-15,17:24:53.809:CRITICAL: BT1   BT2   TT1   TT2   AT    X    Y    Z    BP1   BP2   TP1   TP2   HP      AP      PD   PC     HL      EL BF       SF   PF      BV     rpm             Setpoint Error Depth avg_p direction Voltage         State   Safety   Payload TestMode 
2022-11-15,17:24:53.813:CRITICAL: 21.93 21.29 21.33 21.44 24.10 0.00 0.00 0.00 11.36 11.25 10.31 10.44 1255.88 1227.10 1.41 100.00 initial 0  nonempty None initial 293.77 Buffering (0/1) None     None  None  10.84 initial   Buffering (0/1) initial sleeping None    on       
2022-11-15,17:24:54.328:CRITICAL: BT1   BT2   TT1   TT2   AT    X    Y    Z    BP1   BP2   TP1   TP2   HP      AP      PD   PC     HL      EL BF       SF   PF      BV     rpm             Setpoint Error Depth avg_p direction Voltage         State   Safety   Payload TestMode 
2022-11-15,17:24:54.330:CRITICAL: 21.93 21.29 21.33 21.44 24.10 0.00 0.01 0.00 11.37 11.25 10.31 10.44 1255.76 1227.18 1.41 100.00 initial 0  nonempty None initial 293.77 Buffering (0/1) None     None  None  10.84 initial   Buffering (0/1) initial sleeping None    on       
2022-11-15,17:24:54.838:CRITICAL: BT1   BT2   TT1   TT2   AT    X    Y    Z    BP1   BP2   TP1   TP2   HP      AP      PD   PC     HL      EL BF       SF   PF      BV     rpm             Setpoint Error Depth avg_p direction Voltage         State   Safety   Payload TestMode 
2022-11-15,17:24:54.842:CRITICAL: 21.93 21.29 21.32 21.44 24.10 0.00 0.01 0.00 11.36 11.25 10.31 10.44 1255.86 1227.18 1.41 100.00 initial 0  nonempty None initial 293.87 Buffering (0/1) None     None  None  10.84 initial   Buffering (0/1) initial sleeping None    on       
2022-11-15,17:24:55.356:CRITICAL: BT1   BT2   TT1   TT2   AT    X    Y    Z    BP1   BP2   TP1   TP2   HP      AP      PD   PC     HL      EL BF       SF   PF      BV     rpm             Setpoint Error Depth avg_p direction Voltage         State   Safety   Payload TestMode 
2022-11-15,17:24:55.360:CRITICAL: 21.93 21.29 21.32 21.44 24.10 0.00 0.01 0.00 11.37 11.25 10.31 10.44 1255.88 1227.16 1.41 100.00 initial 0  nonempty None initial 294.18 Buffering (0/1) None     None  None  10.84 initial   Buffering (0/1) initial sleeping None    on       
2022-11-15,17:24:55.913:CRITICAL: BT1   BT2   TT1   TT2   AT    X    Y    Z    BP1   BP2   TP1   TP2   HP      AP      PD   PC     HL      EL BF       SF   PF      BV     rpm             Setpoint Error Depth avg_p direction Voltage         State   Safety   Payload TestMode 
2022-11-15,17:24:55.919:CRITICAL: 21.93 21.29 21.32 21.44 24.10 0.00 0.01 0.00 11.36 11.25 10.31 10.44 1255.86 1227.08 1.41 100.00 initial 0  nonempty None initial 293.87 Buffering (0/1) None     None  None  10.84 initial   Buffering (0/1) initial sleeping None    on       
2022-11-15,17:24:56.470:CRITICAL: BT1   BT2   TT1   TT2   AT    X    Y    Z    BP1   BP2   TP1   TP2   HP      AP      PD   PC     HL      EL BF       SF   PF      BV     rpm             Setpoint Error Depth avg_p direction Voltage         State   Safety   Payload TestMode 
2022-11-15,17:24:56.472:CRITICAL: 21.94 21.29 21.31 21.44 24.10 0.00 0.01 0.00 11.36 11.25 10.31 10.44 1255.84 1227.18 1.41 100.00 initial 0  nonempty None initial 293.27 Buffering (0/1) None     None  None  10.84 initial   Buffering (0/1) initial sleeping None    on       
2022-11-15,17:24:56.979:CRITICAL: BT1   BT2   TT1   TT2   AT    X    Y    Z    BP1   BP2   TP1   TP2   HP      AP      PD   PC     HL      EL BF       SF   PF      BV     rpm             Setpoint Error Depth avg_p direction Voltage         State   Safety   Payload TestMode 
2022-11-15,17:24:56.983:CRITICAL: 21.94 21.30 21.31 21.44 24.10 0.00 0.01 0.00 11.35 11.25 10.31 10.44 1256.00 1227.14 1.41 100.00 initial 0  nonempty None initial 293.97 Buffering (0/1) None     None  None  10.84 initial   Buffering (0/1) initial sleeping None    on       
2022-11-15,17:24:57.497:CRITICAL: BT1   BT2   TT1   TT2   AT    X    Y    Z     BP1   BP2   TP1   TP2   HP      AP      PD   PC     HL      EL BF       SF   PF      BV     rpm             Setpoint Error Depth avg_p direction Voltage         State   Safety   Payload TestMode 
2022-11-15,17:24:57.501:CRITICAL: 21.94 21.30 21.30 21.44 24.10 0.00 0.00 -0.01 11.35 11.25 10.31 10.44 1255.98 1227.14 1.41 100.00 initial 0  nonempty None initial 293.87 Buffering (0/1) None     None  None  10.84 initial   Buffering (0/1) initial sleeping None    on       
2022-11-15,17:24:58.054:CRITICAL: BT1   BT2   TT1   TT2   AT    X    Y    Z     BP1   BP2   TP1   TP2   HP      AP      PD   PC     HL      EL BF       SF   PF      BV     rpm             Setpoint Error Depth avg_p direction Voltage         State   Safety   Payload TestMode 
2022-11-15,17:24:58.059:CRITICAL: 21.94 21.30 21.30 21.44 24.10 0.00 0.00 -0.01 11.35 11.25 10.31 10.44 1255.92 1227.24 1.41 100.00 initial 0  nonempty None initial 293.67 Buffering (0/1) None     None  None  10.84 initial   Buffering (0/1) initial sleeping None    on       
2022-11-15,17:24:58.617:CRITICAL: BT1   BT2   TT1   TT2   AT    X    Y     Z     BP1   BP2   TP1   TP2   HP      AP      PD   PC     HL      EL BF       SF   PF      BV     rpm             Setpoint Error Depth avg_p direction Voltage         State   Safety   Payload TestMode 
2022-11-15,17:24:58.621:CRITICAL: 21.94 21.30 21.30 21.44 24.10 0.00 -0.00 -0.00 11.35 11.25 10.31 10.44 1255.90 1227.28 1.41 100.00 initial 0  nonempty None initial 293.67 Buffering (0/1) None     None  None  10.84 initial   Buffering (0/1) initial sleeping None    on       
2022-11-15,17:24:59.179:CRITICAL: BT1   BT2   TT1   TT2   AT    X    Y     Z     BP1   BP2   TP1   TP2   HP      AP      PD   PC     HL      EL BF       SF   PF      BV     rpm             Setpoint Error Depth avg_p direction Voltage         State   Safety   Payload TestMode 
2022-11-15,17:24:59.182:CRITICAL: 21.94 21.30 21.30 21.44 24.10 0.00 -0.00 -0.00 11.35 11.25 10.31 10.44 1255.80 1227.10 1.41 100.00 initial 0  nonempty None initial 294.18 Buffering (0/1) None     None  None  10.84 initial   Buffering (0/1) initial sleeping None    on       
2022-11-15,17:24:59.734:CRITICAL: BT1   BT2   TT1   TT2   AT    X    Y     Z     BP1   BP2   TP1   TP2   HP      AP      PD   PC     HL      EL BF       SF   PF      BV     rpm             Setpoint Error Depth avg_p direction Voltage         State   Safety   Payload TestMode 
2022-11-15,17:24:59.736:CRITICAL: 21.94 21.30 21.30 21.45 24.10 0.00 -0.00 -0.00 11.35 11.25 10.31 10.44 1255.74 1227.16 1.41 100.00 initial 0  nonempty None initial 293.67 Buffering (0/1) None     None  None  10.84 initial   Buffering (0/1) initial sleeping None    on       
2022-11-15,17:25:00.291:CRITICAL: BT1   BT2   TT1   TT2   AT    X    Y     Z     BP1   BP2   TP1   TP2   HP      AP      PD   PC     HL      EL BF       SF   PF      BV     rpm             Setpoint Error Depth avg_p direction Voltage         State   Safety   Payload TestMode 
2022-11-15,17:25:00.295:CRITICAL: 21.94 21.30 21.30 21.45 24.10 0.00 -0.00 -0.00 11.36 11.25 10.31 10.44 1255.86 1227.24 1.41 100.00 initial 0  nonempty None initial 293.47 Buffering (0/1) None     None  None  10.84 initial   Buffering (0/1) initial sleeping None    on       
2022-11-15,17:25:00.853:CRITICAL: BT1   BT2   TT1   TT2   AT    X    Y     Z     BP1   BP2   TP1   TP2   HP      AP      PD   PC     HL      EL BF       SF   PF      BV     rpm             Setpoint Error Depth avg_p direction Voltage         State   Safety   Payload TestMode 
2022-11-15,17:25:00.856:CRITICAL: 21.94 21.30 21.30 21.45 24.10 0.00 -0.00 -0.00 11.36 11.25 10.31 10.44 1256.00 1227.24 1.41 100.00 initial 0  nonempty None initial 293.67 Buffering (0/1) None     None  None  10.84 initial   Buffering (0/1) initial sleeping None    on       
2022-11-15,17:25:01.411:CRITICAL: BT1   BT2   TT1   TT2   AT    X    Y     Z     BP1   BP2   TP1   TP2   HP      AP      PD   PC     HL      EL BF       SF   PF      BV     rpm             Setpoint Error Depth avg_p direction Voltage         State   Safety   Payload TestMode 
2022-11-15,17:25:01.415:CRITICAL: 21.94 21.30 21.30 21.45 24.10 0.00 -0.01 -0.00 11.36 11.25 10.31 10.44 1255.90 1227.14 1.41 100.00 initial 0  nonempty None initial 294.18 Buffering (0/1) None     None  None  10.84 initial   Buffering (0/1) initial sleeping None    on       
2022-11-15,17:25:01.914:CRITICAL: BT1   BT2   TT1   TT2   AT    X    Y     Z     BP1   BP2   TP1   TP2   HP      AP      PD   PC     HL      EL BF       SF   PF      BV     rpm             Setpoint Error Depth avg_p direction Voltage         State   Safety   Payload TestMode 
2022-11-15,17:25:01.918:CRITICAL: 21.94 21.30 21.30 21.45 24.10 0.00 -0.01 -0.00 11.36 11.25 10.31 10.44 1256.00 1227.26 1.41 100.00 initial 0  nonempty None initial 293.57 Buffering (0/1) None     None  None  10.84 initial   Buffering (0/1) initial sleeping None    on       
2022-11-15,17:25:02.439:CRITICAL: BT1   BT2   TT1   TT2   AT    X    Y     Z     BP1   BP2   TP1   TP2   HP      AP      PD   PC     HL      EL BF       SF   PF      BV     rpm             Setpoint Error Depth avg_p direction Voltage         State   Safety   Payload TestMode 
2022-11-15,17:25:02.443:CRITICAL: 21.94 21.30 21.31 21.45 24.10 0.00 -0.01 -0.00 11.36 11.25 10.31 10.44 1256.02 1227.30 1.41 100.00 initial 0  nonempty None initial 293.43 Buffering (0/1) None     None  None  10.84 initial   Buffering (0/1) initial sleeping None    on       
2022-11-15,17:25:02.994:CRITICAL: BT1   BT2   TT1   TT2   AT    X    Y     Z     BP1   BP2   TP1   TP2   HP      AP      PD   PC     HL      EL BF       SF   PF      BV     rpm             Setpoint Error Depth avg_p direction Voltage         State   Safety   Payload TestMode 
2022-11-15,17:25:02.998:CRITICAL: 21.93 21.30 21.31 21.45 24.10 0.00 -0.01 -0.00 11.36 11.25 10.31 10.44 1255.90 1227.28 1.41 100.00 initial 0  nonempty None initial 293.57 Buffering (0/1) None     None  None  10.84 initial   Buffering (0/1) initial sleeping None    on       
2022-11-15,17:25:03.557:CRITICAL: BT1   BT2   TT1   TT2   AT    X    Y    Z     BP1   BP2   TP1   TP2   HP      AP      PD   PC     HL      EL BF       SF   PF      BV     rpm             Setpoint Error Depth avg_p direction Voltage         State   Safety   Payload TestMode 
2022-11-15,17:25:03.561:CRITICAL: 21.93 21.31 21.32 21.45 24.10 0.00 0.00 -0.00 11.36 11.25 10.31 10.44 1255.84 1227.38 1.41 100.00 initial 0  nonempty None initial 293.17 Buffering (0/1) None     None  None  10.84 initial   Buffering (0/1) initial sleeping None    on       
2022-11-15,17:25:04.108:CRITICAL: BT1   BT2   TT1   TT2   AT    X    Y    Z     BP1   BP2   TP1   TP2   HP      AP      PD   PC     HL      EL BF       SF   PF      BV     rpm             Setpoint Error Depth avg_p direction Voltage         State   Safety   Payload TestMode 
2022-11-15,17:25:04.110:CRITICAL: 21.92 21.31 21.32 21.46 24.10 0.00 0.00 -0.00 11.36 11.25 10.31 10.44 1256.02 1227.52 1.41 100.00 initial 0  nonempty None initial 293.43 Buffering (0/1) None     None  None  10.84 initial   Buffering (0/1) initial sleeping None    on       
2022-11-15,17:25:04.667:CRITICAL: BT1   BT2   TT1   TT2   AT    X    Y    Z     BP1   BP2   TP1   TP2   HP      AP      PD   PC     HL      EL BF       SF   PF      BV     rpm             Setpoint Error Depth avg_p direction Voltage         State   Safety   Payload TestMode 
2022-11-15,17:25:04.671:CRITICAL: 21.92 21.30 21.32 21.46 24.09 0.00 0.00 -0.00 11.37 11.25 10.31 10.44 1255.98 1227.52 1.41 100.00 initial 0  nonempty None initial 293.53 Buffering (0/1) None     None  None  10.84 initial   Buffering (0/1) initial sleeping None    on       
2022-11-15,17:25:05.228:CRITICAL: BT1   BT2   TT1   TT2   AT    X    Y     Z     BP1   BP2   TP1   TP2   HP      AP      PD   PC     HL      EL BF       SF   PF      BV     rpm             Setpoint Error Depth avg_p direction Voltage         State   Safety   Payload TestMode 
2022-11-15,17:25:05.232:CRITICAL: 21.91 21.30 21.33 21.47 24.09 0.00 -0.00 -0.00 11.38 11.25 10.31 10.44 1255.96 1227.54 1.41 100.00 initial 0  nonempty None initial 293.33 Buffering (0/1) None     None  None  10.85 initial   Buffering (0/1) initial sleeping None    on       
2022-11-15,17:25:05.785:CRITICAL: BT1   BT2   TT1   TT2   AT    X    Y     Z     BP1   BP2   TP1   TP2   HP      AP      PD   PC     HL      EL BF       SF   PF      BV     rpm             Setpoint Error Depth avg_p direction Voltage         State   Safety   Payload TestMode 
2022-11-15,17:25:05.790:CRITICAL: 21.91 21.30 21.33 21.47 24.09 0.00 -0.00 -0.00 11.37 11.25 10.31 10.44 1256.00 1227.54 1.41 100.00 initial 0  nonempty None initial 293.53 Buffering (0/1) None     None  None  10.84 initial   Buffering (0/1) initial sleeping None    on       
2022-11-15,17:25:06.345:CRITICAL: BT1   BT2   TT1   TT2   AT    X    Y    Z    BP1   BP2   TP1   TP2   HP      AP      PD   PC     HL      EL BF       SF   PF      BV     rpm             Setpoint Error Depth avg_p direction Voltage         State   Safety   Payload TestMode 
2022-11-15,17:25:06.349:CRITICAL: 21.90 21.30 21.34 21.47 24.09 0.00 0.00 0.00 11.37 11.25 10.31 10.44 1255.88 1227.54 1.41 100.00 initial 0  nonempty None initial 293.13 Buffering (0/1) None     None  None  10.84 initial   Buffering (0/1) initial sleeping None    on       
2022-11-15,17:25:06.905:CRITICAL: BT1   BT2   TT1   TT2   AT    X    Y    Z    BP1   BP2   TP1   TP2   HP      AP      PD   PC     HL      EL BF       SF   PF      BV     rpm             Setpoint Error Depth avg_p direction Voltage         State   Safety   Payload TestMode 
2022-11-15,17:25:06.910:CRITICAL: 21.90 21.30 21.34 21.47 24.09 0.00 0.00 0.00 11.37 11.25 10.31 10.44 1255.80 1227.60 1.41 100.00 initial 0  nonempty None initial 293.13 Buffering (0/1) None     None  None  10.84 initial   Buffering (0/1) initial sleeping None    on       
2022-11-15,17:25:07.465:CRITICAL: BT1   BT2   TT1   TT2   AT    X    Y    Z    BP1   BP2   TP1   TP2   HP      AP      PD   PC     HL      EL BF       SF   PF      BV     rpm             Setpoint Error Depth avg_p direction Voltage         State   Safety   Payload TestMode 
2022-11-15,17:25:07.468:CRITICAL: 21.90 21.30 21.35 21.47 24.09 0.00 0.00 0.00 11.37 11.25 10.31 10.44 1255.80 1227.64 1.41 100.00 initial 0  nonempty None initial 293.33 Buffering (0/1) None     None  None  10.84 initial   Buffering (0/1) initial sleeping None    on       
2022-11-15,17:25:08.016:CRITICAL: BT1   BT2   TT1   TT2   AT    X    Y    Z    BP1   BP2   TP1   TP2   HP      AP      PD   PC     HL      EL BF       SF   PF      BV     rpm             Setpoint Error Depth avg_p direction Voltage         State   Safety   Payload TestMode 
2022-11-15,17:25:08.021:CRITICAL: 21.89 21.30 21.35 21.48 24.09 0.00 0.00 0.00 11.36 11.25 10.31 10.44 1255.86 1227.56 1.41 100.00 initial 0  nonempty None initial 293.74 Buffering (0/1) None     None  None  10.84 initial   Buffering (0/1) initial sleeping None    on       
2022-11-15,17:25:08.576:CRITICAL: BT1   BT2   TT1   TT2   AT    X    Y    Z    BP1   BP2   TP1   TP2   HP      AP      PD   PC     HL      EL BF       SF   PF      BV     rpm             Setpoint Error Depth avg_p direction Voltage         State   Safety   Payload TestMode 
2022-11-15,17:25:08.579:CRITICAL: 21.89 21.30 21.36 21.48 24.09 0.00 0.00 0.01 11.36 11.25 10.31 10.44 1255.88 1227.60 1.41 100.00 initial 0  nonempty None initial 293.33 Buffering (0/1) None     None  None  10.84 initial   Buffering (0/1) initial sleeping None    on       
2022-11-15,17:25:09.129:CRITICAL: BT1   BT2   TT1   TT2   AT    X    Y    Z    BP1   BP2   TP1   TP2   HP      AP      PD   PC     HL      EL BF       SF   PF      BV     rpm             Setpoint Error Depth avg_p direction Voltage         State   Safety   Payload TestMode 
2022-11-15,17:25:09.134:CRITICAL: 21.89 21.30 21.36 21.48 24.09 0.00 0.00 0.01 11.35 11.25 10.31 10.44 1255.92 1227.48 1.41 100.00 initial 0  nonempty None initial 293.74 Buffering (0/1) None     None  None  10.84 initial   Buffering (0/1) initial sleeping None    on       
2022-11-15,17:25:09.692:CRITICAL: BT1   BT2   TT1   TT2   AT    X    Y    Z    BP1   BP2   TP1   TP2   HP      AP      PD   PC     HL      EL BF       SF   PF      BV     rpm             Setpoint Error Depth avg_p direction Voltage         State   Safety   Payload TestMode 
2022-11-15,17:25:09.695:CRITICAL: 21.88 21.30 21.37 21.48 24.09 0.00 0.00 0.01 11.35 11.25 10.31 10.44 1255.98 1227.40 1.41 100.00 initial 0  nonempty None initial 293.53 Buffering (0/1) None     None  None  10.84 initial   Buffering (0/1) initial sleeping None    on       
2022-11-15,17:25:10.250:CRITICAL: BT1   BT2   TT1   TT2   AT    X    Y    Z    BP1   BP2   TP1   TP2   HP      AP      PD   PC     HL      EL BF       SF   PF      BV     rpm             Setpoint Error Depth avg_p direction Voltage         State   Safety   Payload TestMode 
2022-11-15,17:25:10.254:CRITICAL: 21.88 21.30 21.38 21.48 24.09 0.00 0.00 0.01 11.36 11.25 10.31 10.44 1256.06 1227.40 1.41 100.00 initial 0  nonempty None initial 293.33 Buffering (0/1) None     None  None  10.84 initial   Buffering (0/1) initial sleeping None    on       
2022-11-15,17:25:10.751:CRITICAL: BT1   BT2   TT1   TT2   AT    X    Y    Z    BP1   BP2   TP1   TP2   HP      AP      PD   PC     HL      EL BF       SF   PF      BV     rpm             Setpoint Error Depth avg_p direction Voltage         State   Safety   Payload TestMode 
2022-11-15,17:25:10.754:CRITICAL: 21.88 21.30 21.38 21.49 24.09 0.00 0.00 0.01 11.36 11.25 10.31 10.44 1255.90 1227.58 1.41 100.00 initial 0  nonempty None initial 292.83 Buffering (0/1) None     None  None  10.84 initial   Buffering (0/1) initial sleeping None    on       
2022-11-15,17:25:11.276:CRITICAL: BT1   BT2   TT1   TT2   AT    X    Y     Z    BP1   BP2   TP1   TP2   HP      AP      PD   PC     HL      EL BF       SF   PF      BV     rpm             Setpoint Error Depth avg_p direction Voltage         State   Safety   Payload TestMode 
2022-11-15,17:25:11.280:CRITICAL: 21.88 21.30 21.38 21.49 24.09 0.00 -0.00 0.01 11.37 11.25 10.31 10.44 1255.92 1227.64 1.41 100.00 initial 0  nonempty None initial 293.03 Buffering (0/1) None     None  None  10.84 initial   Buffering (0/1) initial sleeping None    on       
2022-11-15,17:25:11.833:CRITICAL: BT1   BT2   TT1   TT2   AT    X    Y     Z    BP1   BP2   TP1   TP2   HP      AP      PD   PC     HL      EL BF       SF   PF      BV     rpm             Setpoint Error Depth avg_p direction Voltage         State   Safety   Payload TestMode 
2022-11-15,17:25:11.839:CRITICAL: 21.88 21.30 21.39 21.49 24.09 0.00 -0.00 0.01 11.37 11.25 10.31 10.44 1256.12 1227.62 1.41 100.00 initial 0  nonempty None initial 293.84 Buffering (0/1) None     None  None  10.84 initial   Buffering (0/1) initial sleeping None    on       
2022-11-15,17:25:12.386:CRITICAL: BT1   BT2   TT1   TT2   AT    X    Y    Z    BP1   BP2   TP1   TP2   HP      AP      PD   PC     HL      EL BF       SF   PF      BV     rpm             Setpoint Error Depth avg_p direction Voltage         State   Safety   Payload TestMode 
2022-11-15,17:25:12.391:CRITICAL: 21.88 21.30 21.39 21.49 24.09 0.00 0.00 0.02 11.37 11.25 10.31 10.44 1256.06 1227.70 1.41 100.00 initial 0  nonempty None initial 293.13 Buffering (0/1) None     None  None  10.84 initial   Buffering (0/1) initial sleeping None    on       
2022-11-15,17:25:12.940:CRITICAL: BT1   BT2   TT1   TT2   AT    X    Y    Z    BP1   BP2   TP1   TP2   HP      AP      PD   PC     HL      EL BF       SF   PF      BV     rpm             Setpoint Error Depth avg_p direction Voltage         State   Safety   Payload TestMode 
2022-11-15,17:25:12.944:CRITICAL: 21.88 21.30 21.40 21.49 24.09 0.00 0.00 0.02 11.36 11.25 10.31 10.44 1256.00 1227.72 1.41 100.00 initial 0  nonempty None initial 293.20 Buffering (0/1) None     None  None  10.84 initial   Buffering (0/1) initial sleeping None    on       
2022-11-15,17:25:13.492:CRITICAL: BT1   BT2   TT1   TT2   AT    X    Y    Z    BP1   BP2   TP1   TP2   HP      AP      PD   PC     HL      EL BF       SF   PF      BV     rpm             Setpoint Error Depth avg_p direction Voltage         State   Safety   Payload TestMode 
2022-11-15,17:25:13.497:CRITICAL: 21.87 21.29 21.40 21.49 24.09 0.00 0.00 0.01 11.36 11.25 10.31 10.44 1256.06 1227.64 1.41 100.00 initial 0  nonempty None initial 293.23 Buffering (0/1) None     None  None  10.84 initial   Buffering (0/1) initial sleeping None    on       
2022-11-15,17:25:14.059:CRITICAL: BT1   BT2   TT1   TT2   AT    X    Y    Z    BP1   BP2   TP1   TP2   HP      AP      PD   PC     HL      EL BF       SF   PF      BV     rpm             Setpoint Error Depth avg_p direction Voltage         State   Safety   Payload TestMode 
2022-11-15,17:25:14.066:CRITICAL: 21.87 21.29 21.41 21.49 24.09 0.00 0.00 0.01 11.35 11.25 10.31 10.44 1256.06 1227.52 1.41 100.00 initial 0  nonempty None initial 293.64 Buffering (0/1) None     None  None  10.84 initial   Buffering (0/1) initial sleeping None    on       
2022-11-15,17:25:14.612:CRITICAL: BT1   BT2   TT1   TT2   AT    X    Y    Z    BP1   BP2   TP1   TP2   HP      AP      PD   PC     HL      EL BF       SF   PF      BV     rpm             Setpoint Error Depth avg_p direction Voltage         State   Safety   Payload TestMode 
2022-11-15,17:25:14.617:CRITICAL: 21.87 21.29 21.42 21.49 24.09 0.00 0.00 0.01 11.35 11.25 10.31 10.44 1255.92 1227.80 1.41 100.00 initial 0  nonempty None initial 292.39 Buffering (0/1) None     None  None  10.84 initial   Buffering (0/1) initial sleeping None    on       
2022-11-15,17:25:15.175:CRITICAL: BT1   BT2   TT1   TT2   AT    X    Y    Z    BP1   BP2   TP1   TP2   HP      AP      PD   PC     HL      EL BF       SF   PF      BV     rpm             Setpoint Error Depth avg_p direction Voltage         State   Safety   Payload TestMode 
2022-11-15,17:25:15.180:CRITICAL: 21.87 21.29 21.42 21.50 24.09 0.00 0.01 0.01 11.36 11.25 10.31 10.44 1255.88 1227.82 1.41 100.00 initial 0  nonempty None initial 293.03 Buffering (0/1) None     None  None  10.84 initial   Buffering (0/1) initial sleeping None    on       
2022-11-15,17:25:15.733:CRITICAL: BT1   BT2   TT1   TT2   AT    X    Y    Z    BP1   BP2   TP1   TP2   HP      AP      PD   PC     HL      EL BF       SF   PF      BV     rpm             Setpoint Error Depth avg_p direction Voltage         State   Safety   Payload TestMode 
2022-11-15,17:25:15.738:CRITICAL: 21.87 21.29 21.43 21.50 24.09 0.00 0.01 0.01 11.36 11.25 10.31 10.44 1255.92 1227.90 1.41 100.00 initial 0  nonempty None initial 292.83 Buffering (0/1) None     None  None  10.84 initial   Buffering (0/1) initial sleeping None    on       
2022-11-15,17:25:16.287:CRITICAL: BT1   BT2   TT1   TT2   AT    X     Y    Z    BP1   BP2   TP1   TP2   HP      AP      PD   PC     HL      EL BF       SF   PF      BV     rpm             Setpoint Error Depth avg_p direction Voltage         State   Safety   Payload TestMode 
2022-11-15,17:25:16.292:CRITICAL: 21.87 21.29 21.43 21.50 24.09 -0.00 0.01 0.02 11.36 11.25 10.31 10.44 1255.88 1228.04 1.41 100.00 initial 0  nonempty None initial 292.49 Buffering (0/1) None     None  None  10.84 initial   Buffering (0/1) initial sleeping None    on       
2022-11-15,17:25:16.844:CRITICAL: BT1   BT2   TT1   TT2   AT    X     Y    Z    BP1   BP2   TP1   TP2   HP      AP      PD   PC     HL      EL BF       SF   PF      BV     rpm             Setpoint Error Depth avg_p direction Voltage         State   Safety   Payload TestMode 
2022-11-15,17:25:16.849:CRITICAL: 21.87 21.29 21.44 21.50 24.08 -0.00 0.01 0.02 11.37 11.25 10.31 10.44 1255.84 1228.16 1.41 100.00 initial 0  nonempty None initial 292.99 Buffering (0/1) None     None  None  10.84 initial   Buffering (0/1) initial sleeping None    on       
2022-11-15,17:25:17.402:CRITICAL: BT1   BT2   TT1   TT2   AT    X     Y    Z    BP1   BP2   TP1   TP2   HP      AP      PD   PC     HL      EL BF       SF   PF      BV     rpm             Setpoint Error Depth avg_p direction Voltage         State   Safety   Payload TestMode 
2022-11-15,17:25:17.407:CRITICAL: 21.87 21.29 21.44 21.50 24.08 -0.00 0.01 0.01 11.37 11.25 10.31 10.44 1255.80 1228.10 1.41 100.00 initial 0  nonempty None initial 292.69 Buffering (0/1) None     None  None  10.84 initial   Buffering (0/1) initial sleeping None    on       
2022-11-15,17:25:17.915:CRITICAL: BT1   BT2   TT1   TT2   AT    X     Y    Z    BP1   BP2   TP1   TP2   HP      AP      PD   PC     HL      EL BF       SF   PF      BV     rpm             Setpoint Error Depth avg_p direction Voltage         State   Safety   Payload TestMode 
2022-11-15,17:25:17.920:CRITICAL: 21.87 21.29 21.44 21.50 24.08 -0.00 0.01 0.01 11.36 11.25 10.31 10.44 1255.72 1228.26 1.41 100.00 initial 0  nonempty None initial 292.19 Buffering (0/1) None     None  None  10.84 initial   Buffering (0/1) initial sleeping None    on       
2022-11-15,17:25:18.435:CRITICAL: BT1   BT2   TT1   TT2   AT    X     Y    Z    BP1   BP2   TP1   TP2   HP      AP      PD   PC     HL      EL BF       SF   PF      BV     rpm             Setpoint Error Depth avg_p direction Voltage         State   Safety   Payload TestMode 
2022-11-15,17:25:18.440:CRITICAL: 21.87 21.29 21.44 21.50 24.08 -0.00 0.01 0.01 11.36 11.25 10.31 10.44 1255.62 1228.30 1.41 100.00 initial 0  nonempty None initial 292.59 Buffering (0/1) None     None  None  10.84 initial   Buffering (0/1) initial sleeping None    on       
2022-11-15,17:25:18.998:CRITICAL: BT1   BT2   TT1   TT2   AT    X     Y    Z    BP1   BP2   TP1   TP2   HP      AP      PD   PC     HL      EL BF       SF   PF      BV     rpm             Setpoint Error Depth avg_p direction Voltage         State   Safety   Payload TestMode 
2022-11-15,17:25:19.002:CRITICAL: 21.87 21.29 21.45 21.50 24.08 -0.00 0.01 0.01 11.35 11.25 10.31 10.44 1255.72 1228.28 1.41 100.00 initial 0  nonempty None initial 292.59 Buffering (0/1) None     None  None  10.84 initial   Buffering (0/1) initial sleeping None    on       
2022-11-15,17:25:19.551:CRITICAL: BT1   BT2   TT1   TT2   AT    X    Y    Z    BP1   BP2   TP1   TP2   HP      AP      PD   PC     HL      EL BF       SF   PF      BV     rpm             Setpoint Error Depth avg_p direction Voltage         State   Safety   Payload TestMode 
2022-11-15,17:25:19.558:CRITICAL: 21.87 21.29 21.45 21.50 24.08 0.00 0.01 0.01 11.35 11.25 10.31 10.44 1255.68 1228.48 1.41 100.00 initial 0  nonempty None initial 291.99 Buffering (0/1) None     None  None  10.84 initial   Buffering (0/1) initial sleeping None    on       
2022-11-15,17:25:20.103:CRITICAL: BT1   BT2   TT1   TT2   AT    X    Y    Z    BP1   BP2   TP1   TP2   HP      AP      PD   PC     HL      EL BF       SF   PF      BV     rpm             Setpoint Error Depth avg_p direction Voltage         State   Safety   Payload TestMode 
2022-11-15,17:25:20.106:CRITICAL: 21.87 21.29 21.45 21.50 24.08 0.00 0.01 0.01 11.35 11.25 10.31 10.44 1255.70 1228.50 1.41 100.00 initial 0  nonempty None initial 292.59 Buffering (0/1) None     None  None  10.84 initial   Buffering (0/1) initial sleeping None    on       
2022-11-15,17:25:20.660:CRITICAL: BT1   BT2   TT1   TT2   AT    X    Y    Z    BP1   BP2   TP1   TP2   HP      AP      PD   PC     HL      EL BF       SF   PF      BV     rpm             Setpoint Error Depth avg_p direction Voltage         State   Safety   Payload TestMode 
2022-11-15,17:25:20.665:CRITICAL: 21.87 21.29 21.45 21.50 24.08 0.00 0.01 0.01 11.35 11.25 10.31 10.44 1255.80 1228.40 1.41 100.00 initial 0  nonempty None initial 292.69 Buffering (0/1) None     None  None  10.84 initial   Buffering (0/1) initial sleeping None    on       
2022-11-15,17:25:21.218:CRITICAL: BT1   BT2   TT1   TT2   AT    X    Y    Z     BP1   BP2   TP1   TP2   HP      AP      PD   PC     HL      EL BF       SF   PF      BV     rpm             Setpoint Error Depth avg_p direction Voltage         State   Safety   Payload TestMode 
2022-11-15,17:25:21.222:CRITICAL: 21.87 21.29 21.45 21.50 24.08 0.00 0.01 -0.00 11.36 11.25 10.31 10.44 1255.86 1228.42 1.41 100.00 initial 0  nonempty None initial 292.49 Buffering (0/1) None     None  None  10.84 initial   Buffering (0/1) initial sleeping None    on       
2022-11-15,17:25:21.765:CRITICAL: BT1   BT2   TT1   TT2   AT    X    Y    Z     BP1   BP2   TP1   TP2   HP      AP      PD   PC     HL      EL BF       SF   PF      BV     rpm             Setpoint Error Depth avg_p direction Voltage         State   Safety   Payload TestMode 
2022-11-15,17:25:21.768:CRITICAL: 21.87 21.29 21.45 21.50 24.08 0.00 0.01 -0.00 11.36 11.25 10.31 10.44 1255.94 1228.46 1.41 100.00 initial 0  nonempty None initial 292.39 Buffering (0/1) None     None  None  10.84 initial   Buffering (0/1) initial sleeping None    on       
2022-11-15,17:25:22.320:CRITICAL: BT1   BT2   TT1   TT2   AT    X    Y    Z     BP1   BP2   TP1   TP2   HP      AP      PD   PC     HL      EL BF       SF   PF      BV     rpm             Setpoint Error Depth avg_p direction Voltage         State   Safety   Payload TestMode 
2022-11-15,17:25:22.325:CRITICAL: 21.87 21.29 21.44 21.50 24.08 0.00 0.00 -0.00 11.36 11.25 10.31 10.44 1255.96 1228.36 1.41 100.00 initial 0  nonempty None initial 292.45 Buffering (0/1) None     None  None  10.84 initial   Buffering (0/1) initial sleeping None    on       
2022-11-15,17:25:22.873:CRITICAL: BT1   BT2   TT1   TT2   AT    X    Y    Z     BP1   BP2   TP1   TP2   HP      AP      PD   PC     HL      EL BF       SF   PF      BV     rpm             Setpoint Error Depth avg_p direction Voltage         State   Safety   Payload TestMode 
2022-11-15,17:25:22.877:CRITICAL: 21.87 21.29 21.44 21.50 24.08 0.00 0.00 -0.00 11.36 11.25 10.31 10.44 1255.98 1228.54 1.41 100.00 initial 0  nonempty None initial 291.68 Buffering (0/1) None     None  None  10.84 initial   Buffering (0/1) initial sleeping None    on       
2022-11-15,17:25:23.429:CRITICAL: BT1   BT2   TT1   TT2   AT    X    Y     Z     BP1   BP2   TP1   TP2   HP      AP      PD   PC     HL      EL BF       SF   PF      BV     rpm             Setpoint Error Depth avg_p direction Voltage         State   Safety   Payload TestMode 
2022-11-15,17:25:23.434:CRITICAL: 21.87 21.29 21.44 21.50 24.08 0.00 -0.00 -0.00 11.37 11.25 10.31 10.44 1255.98 1228.74 1.41 100.00 initial 0  nonempty None initial 291.68 Buffering (0/1) None     None  None  10.84 initial   Buffering (0/1) initial sleeping None    on       
2022-11-15,17:25:23.932:CRITICAL: BT1   BT2   TT1   TT2   AT    X    Y     Z     BP1   BP2   TP1   TP2   HP      AP      PD   PC     HL      EL BF       SF   PF      BV     rpm             Setpoint Error Depth avg_p direction Voltage         State   Safety   Payload TestMode 
2022-11-15,17:25:23.936:CRITICAL: 21.87 21.29 21.43 21.50 24.08 0.00 -0.00 -0.00 11.36 11.25 10.31 10.44 1255.96 1228.78 1.41 100.00 initial 0  nonempty None initial 292.25 Buffering (0/1) None     None  None  10.84 initial   Buffering (0/1) initial sleeping None    on       
2022-11-15,17:25:24.456:CRITICAL: BT1   BT2   TT1   TT2   AT    X     Y     Z     BP1   BP2   TP1   TP2   HP      AP      PD   PC     HL      EL BF       SF   PF      BV     rpm             Setpoint Error Depth avg_p direction Voltage         State   Safety   Payload TestMode 
2022-11-15,17:25:24.461:CRITICAL: 21.87 21.29 21.43 21.50 24.08 -0.00 -0.00 -0.00 11.37 11.25 10.31 10.44 1255.90 1228.80 1.41 100.00 initial 0  nonempty None initial 292.29 Buffering (0/1) None     None  None  10.84 initial   Buffering (0/1) initial sleeping None    on       
2022-11-15,17:25:25.015:CRITICAL: BT1   BT2   TT1   TT2   AT    X     Y     Z     BP1   BP2   TP1   TP2   HP      AP      PD   PC     HL      EL BF       SF   PF      BV     rpm             Setpoint Error Depth avg_p direction Voltage         State   Safety   Payload TestMode 
2022-11-15,17:25:25.019:CRITICAL: 21.87 21.29 21.43 21.51 24.08 -0.00 -0.00 -0.00 11.36 11.25 10.31 10.44 1255.98 1228.98 1.41 100.00 initial 0  nonempty None initial 291.55 Buffering (0/1) None     None  None  10.84 initial   Buffering (0/1) initial sleeping None    on       
2022-11-15,17:25:25.576:CRITICAL: BT1   BT2   TT1   TT2   AT    X     Y     Z     BP1   BP2   TP1   TP2   HP      AP      PD   PC     HL      EL BF       SF   PF      BV     rpm             Setpoint Error Depth avg_p direction Voltage         State   Safety   Payload TestMode 
2022-11-15,17:25:25.580:CRITICAL: 21.87 21.29 21.42 21.51 24.07 -0.00 -0.01 -0.00 11.36 11.25 10.31 10.44 1255.92 1228.96 1.41 100.00 initial 0  nonempty None initial 291.75 Buffering (0/1) None     None  None  10.84 initial   Buffering (0/1) initial sleeping None    on       
2022-11-15,17:25:26.080:CRITICAL: BT1   BT2   TT1   TT2   AT    X     Y     Z     BP1   BP2   TP1   TP2   HP      AP      PD   PC     HL      EL BF       SF   PF      BV     rpm             Setpoint Error Depth avg_p direction Voltage         State   Safety   Payload TestMode 
2022-11-15,17:25:26.085:CRITICAL: 21.87 21.29 21.42 21.52 24.07 -0.00 -0.01 -0.00 11.36 11.25 10.31 10.44 1255.84 1228.98 1.41 100.00 initial 0  nonempty None initial 291.55 Buffering (0/1) None     None  None  10.84 initial   Buffering (0/1) initial sleeping None    on       
2022-11-15,17:25:26.598:CRITICAL: BT1   BT2   TT1   TT2   AT    X     Y     Z     BP1   BP2   TP1   TP2   HP      AP      PD   PC     HL      EL BF       SF   PF      BV     rpm             Setpoint Error Depth avg_p direction Voltage         State   Safety   Payload TestMode 
2022-11-15,17:25:26.602:CRITICAL: 21.87 21.29 21.42 21.52 24.07 -0.00 -0.01 -0.00 11.37 11.25 10.32 10.44 1255.76 1229.14 1.41 100.00 initial 0  nonempty None initial 291.45 Buffering (0/1) None     None  None  10.84 initial   Buffering (0/1) initial sleeping None    on       
2022-11-15,17:25:27.162:CRITICAL: BT1   BT2   TT1   TT2   AT    X     Y    Z     BP1   BP2   TP1   TP2   HP      AP      PD   PC     HL      EL BF       SF   PF      BV     rpm             Setpoint Error Depth avg_p direction Voltage         State   Safety   Payload TestMode 
2022-11-15,17:25:27.166:CRITICAL: 21.88 21.29 21.42 21.53 24.07 -0.00 0.00 -0.00 11.37 11.25 10.31 10.44 1255.68 1229.34 1.41 100.00 initial 0  nonempty None initial 291.25 Buffering (0/1) None     None  None  10.84 initial   Buffering (0/1) initial sleeping None    on       
2022-11-15,17:25:27.717:CRITICAL: BT1   BT2   TT1   TT2   AT    X     Y    Z     BP1   BP2   TP1   TP2   HP      AP      PD   PC     HL      EL BF       SF   PF      BV     rpm             Setpoint Error Depth avg_p direction Voltage         State   Safety   Payload TestMode 
2022-11-15,17:25:27.721:CRITICAL: 21.87 21.29 21.42 21.53 24.07 -0.00 0.00 -0.00 11.37 11.25 10.31 10.44 1255.66 1229.34 1.41 100.00 initial 0  nonempty None initial 291.55 Buffering (0/1) None     None  None  10.84 initial   Buffering (0/1) initial sleeping None    on       
2022-11-15,17:25:28.280:CRITICAL: BT1   BT2   TT1   TT2   AT    X     Y     Z     BP1   BP2   TP1   TP2   HP      AP      PD   PC     HL      EL BF       SF   PF      BV     rpm             Setpoint Error Depth avg_p direction Voltage         State   Safety   Payload TestMode 
2022-11-15,17:25:28.284:CRITICAL: 21.87 21.29 21.43 21.54 24.07 -0.00 -0.00 -0.01 11.37 11.25 10.32 10.44 1255.64 1229.30 1.41 100.00 initial 0  nonempty None initial 291.95 Buffering (0/1) None     None  None  10.84 initial   Buffering (0/1) initial sleeping None    on       
2022-11-15,17:25:28.840:CRITICAL: BT1   BT2   TT1   TT2   AT    X     Y     Z     BP1   BP2   TP1   TP2   HP      AP      PD   PC     HL      EL BF       SF   PF      BV     rpm             Setpoint Error Depth avg_p direction Voltage         State   Safety   Payload TestMode 
2022-11-15,17:25:28.844:CRITICAL: 21.87 21.29 21.43 21.54 24.07 -0.00 -0.00 -0.01 11.37 11.25 10.32 10.44 1255.82 1229.26 1.41 100.00 initial 0  nonempty None initial 291.75 Buffering (0/1) None     None  None  10.84 initial   Buffering (0/1) initial sleeping None    on       
2022-11-15,17:25:29.397:CRITICAL: BT1   BT2   TT1   TT2   AT    X    Y     Z     BP1   BP2   TP1   TP2   HP      AP      PD   PC     HL      EL BF       SF   PF      BV     rpm             Setpoint Error Depth avg_p direction Voltage         State   Safety   Payload TestMode 
2022-11-15,17:25:29.400:CRITICAL: 21.87 21.30 21.43 21.54 24.07 0.00 -0.00 -0.00 11.37 11.25 10.31 10.44 1255.94 1229.32 1.41 100.00 initial 0  nonempty None initial 291.15 Buffering (0/1) None     None  None  10.84 initial   Buffering (0/1) initial sleeping None    on       
2022-11-15,17:25:29.954:CRITICAL: BT1   BT2   TT1   TT2   AT    X    Y     Z     BP1   BP2   TP1   TP2   HP      AP      PD   PC     HL      EL BF       SF   PF      BV     rpm             Setpoint Error Depth avg_p direction Voltage         State   Safety   Payload TestMode 
2022-11-15,17:25:29.958:CRITICAL: 21.87 21.30 21.44 21.54 24.07 0.00 -0.00 -0.00 11.36 11.25 10.32 10.44 1255.96 1229.30 1.41 100.00 initial 0  nonempty None initial 291.35 Buffering (0/1) None     None  None  10.84 initial   Buffering (0/1) initial sleeping None    on       
2022-11-15,17:25:30.516:CRITICAL: BT1   BT2   TT1   TT2   AT    X    Y     Z     BP1   BP2   TP1   TP2   HP      AP      PD   PC     HL      EL BF       SF   PF      BV     rpm             Setpoint Error Depth avg_p direction Voltage         State   Safety   Payload TestMode 
2022-11-15,17:25:30.520:CRITICAL: 21.87 21.30 21.44 21.54 24.07 0.00 -0.00 -0.00 11.36 11.25 10.31 10.44 1255.78 1229.42 1.41 100.00 initial 0  nonempty None initial 290.94 Buffering (0/1) None     None  None  10.84 initial   Buffering (0/1) initial sleeping None    on       
2022-11-15,17:25:31.077:CRITICAL: BT1   BT2   TT1   TT2   AT    X    Y     Z     BP1   BP2   TP1   TP2   HP      AP      PD   PC     HL      EL BF       SF   PF      BV     rpm             Setpoint Error Depth avg_p direction Voltage         State   Safety   Payload TestMode 
2022-11-15,17:25:31.081:CRITICAL: 21.86 21.30 21.45 21.55 24.07 0.00 -0.00 -0.00 11.35 11.25 10.31 10.44 1255.86 1229.58 1.41 100.00 initial 0  nonempty None initial 291.11 Buffering (0/1) None     None  None  10.84 initial   Buffering (0/1) initial sleeping None    on       
2022-11-15,17:25:31.632:CRITICAL: BT1   BT2   TT1   TT2   AT    X    Y     Z     BP1   BP2   TP1   TP2   HP      AP      PD   PC     HL      EL BF       SF   PF      BV     rpm             Setpoint Error Depth avg_p direction Voltage         State   Safety   Payload TestMode 
2022-11-15,17:25:31.635:CRITICAL: 21.86 21.30 21.45 21.55 24.07 0.00 -0.00 -0.00 11.35 11.25 10.31 10.44 1255.76 1229.72 1.41 100.00 initial 0  nonempty None initial 291.04 Buffering (0/1) None     None  None  10.84 initial   Buffering (0/1) initial sleeping None    on       
2022-11-15,17:25:32.191:CRITICAL: BT1   BT2   TT1   TT2   AT    X    Y     Z     BP1   BP2   TP1   TP2   HP      AP      PD   PC     HL      EL BF       SF   PF      BV     rpm             Setpoint Error Depth avg_p direction Voltage         State   Safety   Payload TestMode 
2022-11-15,17:25:32.197:CRITICAL: 21.86 21.30 21.46 21.55 24.07 0.00 -0.00 -0.01 11.36 11.25 10.31 10.44 1255.78 1229.74 1.41 100.00 initial 0  nonempty None initial 291.01 Buffering (0/1) None     None  None  10.84 initial   Buffering (0/1) initial sleeping None    on       
2022-11-15,17:25:32.756:CRITICAL: BT1   BT2   TT1   TT2   AT    X    Y     Z     BP1   BP2   TP1   TP2   HP      AP      PD   PC     HL      EL BF       SF   PF      BV     rpm             Setpoint Error Depth avg_p direction Voltage         State   Safety   Payload TestMode 
2022-11-15,17:25:32.760:CRITICAL: 21.86 21.30 21.47 21.56 24.07 0.00 -0.00 -0.01 11.36 11.25 10.31 10.44 1255.80 1229.72 1.41 100.00 initial 0  nonempty None initial 291.45 Buffering (0/1) None     None  None  10.84 initial   Buffering (0/1) initial sleeping None    on       
2022-11-15,17:25:33.308:CRITICAL: BT1   BT2   TT1   TT2   AT    X    Y    Z     BP1   BP2   TP1   TP2   HP      AP      PD   PC     HL      EL BF       SF   PF      BV     rpm             Setpoint Error Depth avg_p direction Voltage         State   Safety   Payload TestMode 
2022-11-15,17:25:33.312:CRITICAL: 21.86 21.30 21.47 21.56 24.07 0.00 0.00 -0.00 11.37 11.25 10.31 10.44 1255.90 1229.68 1.41 100.00 initial 0  nonempty None initial 291.11 Buffering (0/1) None     None  None  10.84 initial   Buffering (0/1) initial sleeping None    on       
2022-11-15,17:25:33.870:CRITICAL: BT1   BT2   TT1   TT2   AT    X    Y    Z     BP1   BP2   TP1   TP2   HP      AP      PD   PC     HL      EL BF       SF   PF      BV     rpm             Setpoint Error Depth avg_p direction Voltage         State   Safety   Payload TestMode 
2022-11-15,17:25:33.874:CRITICAL: 21.85 21.30 21.48 21.56 24.07 0.00 0.00 -0.00 11.37 11.25 10.31 10.44 1255.92 1229.68 1.41 100.00 initial 0  nonempty None initial 291.11 Buffering (0/1) None     None  None  10.84 initial   Buffering (0/1) initial sleeping None    on       
2022-11-15,17:25:34.426:CRITICAL: BT1   BT2   TT1   TT2   AT    X    Y    Z     BP1   BP2   TP1   TP2   HP      AP      PD   PC     HL      EL BF       SF   PF      BV     rpm             Setpoint Error Depth avg_p direction Voltage         State   Safety   Payload TestMode 
2022-11-15,17:25:34.430:CRITICAL: 21.85 21.30 21.49 21.56 24.07 0.00 0.00 -0.00 11.37 11.25 10.31 10.44 1255.94 1229.72 1.41 100.00 initial 0  nonempty None initial 290.81 Buffering (0/1) None     None  None  10.84 initial   Buffering (0/1) initial sleeping None    on       
2022-11-15,17:25:34.988:CRITICAL: BT1   BT2   TT1   TT2   AT    X    Y    Z     BP1   BP2   TP1   TP2   HP      AP      PD   PC     HL      EL BF       SF   PF      BV     rpm             Setpoint Error Depth avg_p direction Voltage         State   Safety   Payload TestMode 
2022-11-15,17:25:34.991:CRITICAL: 21.85 21.30 21.49 21.56 24.07 0.00 0.00 -0.00 11.36 11.25 10.31 10.44 1255.84 1229.72 1.41 100.00 initial 0  nonempty None initial 291.01 Buffering (0/1) None     None  None  10.84 initial   Buffering (0/1) initial sleeping None    on       
2022-11-15,17:25:35.543:CRITICAL: BT1   BT2   TT1   TT2   AT    X    Y    Z     BP1   BP2   TP1   TP2   HP      AP      PD   PC     HL      EL BF       SF   PF      BV     rpm             Setpoint Error Depth avg_p direction Voltage         State   Safety   Payload TestMode 
2022-11-15,17:25:35.548:CRITICAL: 21.85 21.30 21.50 21.56 24.07 0.00 0.00 -0.00 11.36 11.25 10.31 10.44 1255.84 1229.74 1.41 100.00 initial 0  nonempty None initial 291.31 Buffering (0/1) None     None  None  10.84 initial   Buffering (0/1) initial sleeping None    on       
2022-11-15,17:25:36.102:CRITICAL: BT1   BT2   TT1   TT2   AT    X    Y    Z     BP1   BP2   TP1   TP2   HP      AP      PD   PC     HL      EL BF       SF   PF      BV     rpm             Setpoint Error Depth avg_p direction Voltage         State   Safety   Payload TestMode 
2022-11-15,17:25:36.106:CRITICAL: 21.85 21.30 21.50 21.56 24.07 0.00 0.00 -0.00 11.36 11.25 10.31 10.44 1255.86 1229.80 1.41 100.00 initial 0  nonempty None initial 290.81 Buffering (0/1) None     None  None  10.84 initial   Buffering (0/1) initial sleeping None    on       
2022-11-15,17:25:36.660:CRITICAL: BT1   BT2   TT1   TT2   AT    X    Y    Z    BP1   BP2   TP1   TP2   HP      AP      PD   PC     HL      EL BF       SF   PF      BV     rpm             Setpoint Error Depth avg_p direction Voltage         State   Safety   Payload TestMode 
2022-11-15,17:25:36.664:CRITICAL: 21.84 21.31 21.50 21.56 24.07 0.00 0.00 0.00 11.36 11.25 10.31 10.44 1255.86 1229.84 1.41 100.00 initial 0  nonempty None initial 290.91 Buffering (0/1) None     None  None  10.84 initial   Buffering (0/1) initial sleeping None    on       
2022-11-15,17:25:37.218:CRITICAL: BT1   BT2   TT1   TT2   AT    X    Y     Z    BP1   BP2   TP1   TP2   HP      AP      PD   PC     HL      EL BF       SF   PF      BV     rpm             Setpoint Error Depth avg_p direction Voltage         State   Safety   Payload TestMode 
2022-11-15,17:25:37.223:CRITICAL: 21.84 21.31 21.51 21.56 24.07 0.00 -0.00 0.01 11.37 11.25 10.31 10.44 1255.78 1229.86 1.41 100.00 initial 0  nonempty None initial 290.71 Buffering (0/1) None     None  None  10.84 initial   Buffering (0/1) initial sleeping None    on       
2022-11-15,17:25:37.723:CRITICAL: BT1   BT2   TT1   TT2   AT    X    Y     Z    BP1   BP2   TP1   TP2   HP      AP      PD   PC     HL      EL BF       SF   PF      BV     rpm             Setpoint Error Depth avg_p direction Voltage         State   Safety   Payload TestMode 
2022-11-15,17:25:37.726:CRITICAL: 21.84 21.31 21.51 21.56 24.07 0.00 -0.00 0.01 11.36 11.25 10.32 10.44 1255.84 1229.96 1.41 100.00 initial 0  nonempty None initial 290.50 Buffering (0/1) None     None  None  10.84 initial   Buffering (0/1) initial sleeping None    on       
2022-11-15,17:25:38.248:CRITICAL: BT1   BT2   TT1   TT2   AT    X    Y     Z    BP1   BP2   TP1   TP2   HP      AP      PD   PC     HL      EL BF       SF   PF      BV     rpm             Setpoint Error Depth avg_p direction Voltage         State   Safety   Payload TestMode 
2022-11-15,17:25:38.252:CRITICAL: 21.84 21.31 21.52 21.56 24.07 0.00 -0.00 0.01 11.37 11.25 10.32 10.44 1255.86 1230.16 1.41 100.00 initial 0  nonempty None initial 290.30 Buffering (0/1) None     None  None  10.84 initial   Buffering (0/1) initial sleeping None    on       
2022-11-15,17:25:38.806:CRITICAL: BT1   BT2   TT1   TT2   AT    X    Y     Z    BP1   BP2   TP1   TP2   HP      AP      PD   PC     HL      EL BF       SF   PF      BV     rpm             Setpoint Error Depth avg_p direction Voltage         State   Safety   Payload TestMode 
2022-11-15,17:25:38.810:CRITICAL: 21.84 21.31 21.52 21.56 24.07 0.00 -0.00 0.01 11.36 11.25 10.32 10.44 1255.74 1230.18 1.41 100.00 initial 0  nonempty None initial 290.67 Buffering (0/1) None     None  None  10.84 initial   Buffering (0/1) initial sleeping None    on       
2022-11-15,17:25:39.367:CRITICAL: BT1   BT2   TT1   TT2   AT    X    Y     Z    BP1   BP2   TP1   TP2   HP      AP      PD   PC     HL      EL BF       SF   PF      BV     rpm             Setpoint Error Depth avg_p direction Voltage         State   Safety   Payload TestMode 
2022-11-15,17:25:39.372:CRITICAL: 21.84 21.31 21.53 21.56 24.07 0.00 -0.00 0.01 11.37 11.25 10.32 10.44 1255.66 1230.18 1.41 100.00 initial 0  nonempty None initial 290.87 Buffering (0/1) None     None  None  10.84 initial   Buffering (0/1) initial sleeping None    on       
2022-11-15,17:25:39.929:CRITICAL: BT1   BT2   TT1   TT2   AT    X    Y     Z    BP1   BP2   TP1   TP2   HP      AP      PD   PC     HL      EL BF       SF   PF      BV     rpm             Setpoint Error Depth avg_p direction Voltage         State   Safety   Payload TestMode 
2022-11-15,17:25:39.933:CRITICAL: 21.84 21.31 21.53 21.56 24.06 0.00 -0.00 0.01 11.36 11.25 10.32 10.44 1255.70 1230.24 1.41 100.00 initial 0  nonempty None initial 290.37 Buffering (0/1) None     None  None  10.84 initial   Buffering (0/1) initial sleeping None    on       
2022-11-15,17:25:40.480:CRITICAL: BT1   BT2   TT1   TT2   AT    X    Y    Z    BP1   BP2   TP1   TP2   HP      AP      PD   PC     HL      EL BF       SF   PF      BV     rpm             Setpoint Error Depth avg_p direction Voltage         State   Safety   Payload TestMode 
2022-11-15,17:25:40.486:CRITICAL: 21.83 21.31 21.54 21.56 24.06 0.00 0.00 0.02 11.36 11.25 10.32 10.44 1255.72 1230.20 1.41 100.00 initial 0  nonempty None initial 290.67 Buffering (0/1) None     None  None  10.84 initial   Buffering (0/1) initial sleeping None    on       
2022-11-15,17:25:41.041:CRITICAL: BT1   BT2   TT1   TT2   AT    X    Y    Z    BP1   BP2   TP1   TP2   HP      AP      PD   PC     HL      EL BF       SF   PF      BV     rpm             Setpoint Error Depth avg_p direction Voltage         State   Safety   Payload TestMode 
2022-11-15,17:25:41.045:CRITICAL: 21.83 21.31 21.54 21.56 24.06 0.00 0.00 0.02 11.36 11.25 10.32 10.44 1255.64 1230.18 1.41 100.00 initial 0  nonempty None initial 290.37 Buffering (0/1) None     None  None  10.84 initial   Buffering (0/1) initial sleeping None    on       
2022-11-15,17:25:41.603:CRITICAL: BT1   BT2   TT1   TT2   AT    X    Y    Z    BP1   BP2   TP1   TP2   HP      AP      PD   PC     HL      EL BF       SF   PF      BV     rpm             Setpoint Error Depth avg_p direction Voltage         State   Safety   Payload TestMode 
2022-11-15,17:25:41.606:CRITICAL: 21.82 21.31 21.55 21.56 24.06 0.00 0.00 0.01 11.36 11.25 10.32 10.44 1255.70 1230.14 1.41 100.00 initial 0  nonempty None initial 290.87 Buffering (0/1) None     None  None  10.84 initial   Buffering (0/1) initial sleeping None    on       
2022-11-15,17:25:42.163:CRITICAL: BT1   BT2   TT1   TT2   AT    X    Y    Z    BP1   BP2   TP1   TP2   HP      AP      PD   PC     HL      EL BF       SF   PF      BV     rpm             Setpoint Error Depth avg_p direction Voltage         State   Safety   Payload TestMode 
2022-11-15,17:25:42.166:CRITICAL: 21.82 21.31 21.55 21.56 24.06 0.00 0.00 0.01 11.35 11.25 10.31 10.44 1255.68 1230.30 1.41 100.00 initial 0  nonempty None initial 290.07 Buffering (0/1) None     None  None  10.84 initial   Buffering (0/1) initial sleeping None    on       
2022-11-15,17:25:42.720:CRITICAL: BT1   BT2   TT1   TT2   AT    X    Y    Z    BP1   BP2   TP1   TP2   HP      AP      PD   PC     HL      EL BF       SF   PF      BV     rpm             Setpoint Error Depth avg_p direction Voltage         State   Safety   Payload TestMode 
2022-11-15,17:25:42.722:CRITICAL: 21.82 21.31 21.56 21.56 24.06 0.00 0.00 0.00 11.35 11.25 10.31 10.44 1255.60 1230.36 1.41 100.00 initial 0  nonempty None initial 290.07 Buffering (0/1) None     None  None  10.84 initial   Buffering (0/1) initial sleeping None    on       
2022-11-15,17:25:43.282:CRITICAL: BT1   BT2   TT1   TT2   AT    X    Y    Z    BP1   BP2   TP1   TP2   HP      AP      PD   PC     HL      EL BF       SF   PF      BV     rpm             Setpoint Error Depth avg_p direction Voltage         State   Safety   Payload TestMode 
2022-11-15,17:25:43.286:CRITICAL: 21.82 21.31 21.56 21.56 24.06 0.00 0.00 0.00 11.36 11.25 10.31 10.44 1255.56 1230.56 1.41 100.00 initial 0  nonempty None initial 289.67 Buffering (0/1) None     None  None  10.84 initial   Buffering (0/1) initial sleeping None    on       
2022-11-15,17:25:43.785:CRITICAL: BT1   BT2   TT1   TT2   AT    X    Y    Z    BP1   BP2   TP1   TP2   HP      AP      PD   PC     HL      EL BF       SF   PF      BV     rpm             Setpoint Error Depth avg_p direction Voltage         State   Safety   Payload TestMode 
2022-11-15,17:25:43.790:CRITICAL: 21.82 21.32 21.56 21.55 24.06 0.00 0.00 0.00 11.36 11.25 10.31 10.44 1255.64 1230.62 1.41 100.00 initial 0  nonempty None initial 290.07 Buffering (0/1) None     None  None  10.84 initial   Buffering (0/1) initial sleeping None    on       
2022-11-15,17:25:44.309:CRITICAL: BT1   BT2   TT1   TT2   AT    X    Y    Z     BP1   BP2   TP1   TP2   HP      AP      PD   PC     HL      EL BF       SF   PF      BV     rpm             Setpoint Error Depth avg_p direction Voltage         State   Safety   Payload TestMode 
2022-11-15,17:25:44.312:CRITICAL: 21.82 21.32 21.56 21.56 24.06 0.00 0.01 -0.00 11.36 11.25 10.31 10.44 1255.74 1230.82 1.41 100.00 initial 0  nonempty None initial 289.87 Buffering (0/1) None     None  None  10.84 initial   Buffering (0/1) initial sleeping None    on       
2022-11-15,17:25:44.818:CRITICAL: BT1   BT2   TT1   TT2   AT    X    Y    Z     BP1   BP2   TP1   TP2   HP      AP      PD   PC     HL      EL BF       SF   PF      BV     rpm             Setpoint Error Depth avg_p direction Voltage         State   Safety   Payload TestMode 
2022-11-15,17:25:44.822:CRITICAL: 21.82 21.32 21.56 21.56 24.06 0.00 0.01 -0.00 11.37 11.25 10.31 10.44 1255.78 1230.76 1.41 100.00 initial 0  nonempty None initial 290.37 Buffering (0/1) None     None  None  10.84 initial   Buffering (0/1) initial sleeping None    on       
2022-11-15,17:25:45.342:CRITICAL: BT1   BT2   TT1   TT2   AT    X    Y    Z     BP1   BP2   TP1   TP2   HP      AP      PD   PC     HL      EL BF       SF   PF      BV     rpm             Setpoint Error Depth avg_p direction Voltage         State   Safety   Payload TestMode 
2022-11-15,17:25:45.346:CRITICAL: 21.82 21.32 21.56 21.56 24.06 0.00 0.00 -0.01 11.38 11.25 10.31 10.44 1255.82 1230.78 1.41 100.00 initial 0  nonempty None initial 289.97 Buffering (0/1) None     None  None  10.85 initial   Buffering (0/1) initial sleeping None    on       
2022-11-15,17:25:45.899:CRITICAL: BT1   BT2   TT1   TT2   AT    X    Y    Z     BP1   BP2   TP1   TP2   HP      AP      PD   PC     HL      EL BF       SF   PF      BV     rpm             Setpoint Error Depth avg_p direction Voltage         State   Safety   Payload TestMode 
2022-11-15,17:25:45.904:CRITICAL: 21.82 21.32 21.56 21.55 24.06 0.00 0.00 -0.01 11.37 11.25 10.31 10.44 1255.80 1230.82 1.41 100.00 initial 0  nonempty None initial 289.47 Buffering (0/1) None     None  None  10.84 initial   Buffering (0/1) initial sleeping None    on       
2022-11-15,17:25:46.461:CRITICAL: BT1   BT2   TT1   TT2   AT    X    Y    Z     BP1   BP2   TP1   TP2   HP      AP      PD   PC     HL      EL BF       SF   PF      BV     rpm             Setpoint Error Depth avg_p direction Voltage         State   Safety   Payload TestMode 
2022-11-15,17:25:46.465:CRITICAL: 21.82 21.32 21.56 21.55 24.06 0.00 0.00 -0.01 11.37 11.25 10.31 10.44 1255.68 1230.84 1.41 100.00 initial 0  nonempty None initial 289.94 Buffering (0/1) None     None  None  10.84 initial   Buffering (0/1) initial sleeping None    on       
2022-11-15,17:25:46.962:CRITICAL: BT1   BT2   TT1   TT2   AT    X    Y    Z     BP1   BP2   TP1   TP2   HP      AP      PD   PC     HL      EL BF       SF   PF      BV     rpm             Setpoint Error Depth avg_p direction Voltage         State   Safety   Payload TestMode 
2022-11-15,17:25:46.964:CRITICAL: 21.83 21.32 21.55 21.55 24.06 0.00 0.00 -0.01 11.37 11.25 10.31 10.44 1255.58 1230.80 1.41 100.00 initial 0  nonempty None initial 290.04 Buffering (0/1) None     None  None  10.84 initial   Buffering (0/1) initial sleeping None    on       
2022-11-15,17:25:47.489:CRITICAL: BT1   BT2   TT1   TT2   AT    X    Y    Z     BP1   BP2   TP1   TP2   HP      AP      PD   PC     HL      EL BF       SF   PF      BV     rpm             Setpoint Error Depth avg_p direction Voltage         State   Safety   Payload TestMode 
2022-11-15,17:25:47.493:CRITICAL: 21.83 21.32 21.55 21.55 24.06 0.00 0.00 -0.01 11.36 11.25 10.31 10.44 1255.62 1230.94 1.41 100.00 initial 0  nonempty None initial 289.67 Buffering (0/1) None     None  None  10.84 initial   Buffering (0/1) initial sleeping None    on       
2022-11-15,17:25:47.992:CRITICAL: BT1   BT2   TT1   TT2   AT    X    Y    Z     BP1   BP2   TP1   TP2   HP      AP      PD   PC     HL      EL BF       SF   PF      BV     rpm             Setpoint Error Depth avg_p direction Voltage         State   Safety   Payload TestMode 
2022-11-15,17:25:47.996:CRITICAL: 21.83 21.32 21.54 21.55 24.05 0.00 0.00 -0.01 11.36 11.25 10.31 10.44 1255.68 1231.06 1.41 100.00 initial 0  nonempty None initial 289.33 Buffering (0/1) None     None  None  10.84 initial   Buffering (0/1) initial sleeping None    on       
2022-11-15,17:25:48.512:CRITICAL: BT1   BT2   TT1   TT2   AT    X    Y    Z     BP1   BP2   TP1   TP2   HP      AP      PD   PC     HL      EL BF       SF   PF      BV     rpm             Setpoint Error Depth avg_p direction Voltage         State   Safety   Payload TestMode 
2022-11-15,17:25:48.517:CRITICAL: 21.83 21.32 21.54 21.55 24.05 0.00 0.01 -0.00 11.36 11.25 10.32 10.44 1255.68 1231.04 1.41 100.00 initial 0  nonempty None initial 289.53 Buffering (0/1) None     None  None  10.84 initial   Buffering (0/1) initial sleeping None    on       
2022-11-15,17:25:49.074:CRITICAL: BT1   BT2   TT1   TT2   AT    X    Y    Z     BP1   BP2   TP1   TP2   HP      AP      PD   PC     HL      EL BF       SF   PF      BV     rpm             Setpoint Error Depth avg_p direction Voltage         State   Safety   Payload TestMode 
2022-11-15,17:25:49.077:CRITICAL: 21.83 21.32 21.54 21.55 24.05 0.00 0.01 -0.00 11.36 11.25 10.32 10.44 1255.74 1231.08 1.41 100.00 initial 0  nonempty None initial 289.73 Buffering (0/1) None     None  None  10.84 initial   Buffering (0/1) initial sleeping None    on       
2022-11-15,17:25:49.630:CRITICAL: BT1   BT2   TT1   TT2   AT    X    Y    Z    BP1   BP2   TP1   TP2   HP      AP      PD   PC     HL      EL BF       SF   PF      BV     rpm             Setpoint Error Depth avg_p direction Voltage         State   Safety   Payload TestMode 
2022-11-15,17:25:49.634:CRITICAL: 21.82 21.32 21.54 21.55 24.05 0.00 0.00 0.00 11.36 11.25 10.32 10.44 1255.66 1231.20 1.41 100.00 initial 0  nonempty None initial 289.43 Buffering (0/1) None     None  None  10.84 initial   Buffering (0/1) initial sleeping None    on       
2022-11-15,17:25:50.181:CRITICAL: BT1   BT2   TT1   TT2   AT    X    Y    Z    BP1   BP2   TP1   TP2   HP      AP      PD   PC     HL      EL BF       SF   PF      BV     rpm             Setpoint Error Depth avg_p direction Voltage         State   Safety   Payload TestMode 
2022-11-15,17:25:50.184:CRITICAL: 21.83 21.31 21.53 21.55 24.05 0.00 0.00 0.00 11.37 11.25 10.31 10.44 1255.52 1231.22 1.41 100.00 initial 0  nonempty None initial 289.53 Buffering (0/1) None     None  None  10.84 initial   Buffering (0/1) initial sleeping None    on       
2022-11-15,17:25:50.737:CRITICAL: BT1   BT2   TT1   TT2   AT    X    Y     Z    BP1   BP2   TP1   TP2   HP      AP      PD   PC     HL      EL BF       SF   PF      BV     rpm             Setpoint Error Depth avg_p direction Voltage         State   Safety   Payload TestMode 
2022-11-15,17:25:50.741:CRITICAL: 21.83 21.31 21.53 21.55 24.05 0.00 -0.00 0.00 11.37 11.25 10.31 10.44 1255.46 1231.32 1.41 100.00 initial 0  nonempty None initial 288.83 Buffering (0/1) None     None  None  10.84 initial   Buffering (0/1) initial sleeping None    on       
2022-11-15,17:25:51.285:CRITICAL: BT1   BT2   TT1   TT2   AT    X    Y     Z    BP1   BP2   TP1   TP2   HP      AP      PD   PC     HL      EL BF       SF   PF      BV     rpm             Setpoint Error Depth avg_p direction Voltage         State   Safety   Payload TestMode 
2022-11-15,17:25:51.290:CRITICAL: 21.83 21.31 21.52 21.55 24.05 0.00 -0.00 0.00 11.38 11.25 10.31 10.44 1255.44 1231.36 1.41 100.00 initial 0  nonempty None initial 289.33 Buffering (0/1) None     None  None  10.85 initial   Buffering (0/1) initial sleeping None    on       
2022-11-15,17:25:51.835:CRITICAL: BT1   BT2   TT1   TT2   AT    X    Y     Z    BP1   BP2   TP1   TP2   HP      AP      PD   PC     HL      EL BF       SF   PF      BV     rpm             Setpoint Error Depth avg_p direction Voltage         State   Safety   Payload TestMode 
2022-11-15,17:25:51.839:CRITICAL: 21.83 21.31 21.51 21.55 24.05 0.00 -0.00 0.00 11.37 11.25 10.31 10.44 1255.48 1231.38 1.41 100.00 initial 0  nonempty None initial 289.63 Buffering (0/1) None     None  None  10.84 initial   Buffering (0/1) initial sleeping None    on       
2022-11-15,17:25:52.388:CRITICAL: BT1   BT2   TT1   TT2   AT    X     Y    Z    BP1   BP2   TP1   TP2   HP      AP      PD   PC     HL      EL BF       SF   PF      BV     rpm             Setpoint Error Depth avg_p direction Voltage         State   Safety   Payload TestMode 
2022-11-15,17:25:52.392:CRITICAL: 21.83 21.31 21.51 21.55 24.05 -0.00 0.00 0.00 11.37 11.25 10.31 10.44 1255.64 1231.44 1.41 100.00 initial 0  nonempty None initial 289.13 Buffering (0/1) None     None  None  10.84 initial   Buffering (0/1) initial sleeping None    on       
2022-11-15,17:25:52.936:CRITICAL: BT1   BT2   TT1   TT2   AT    X     Y    Z    BP1   BP2   TP1   TP2   HP      AP      PD   PC     HL      EL BF       SF   PF      BV     rpm             Setpoint Error Depth avg_p direction Voltage         State   Safety   Payload TestMode 
2022-11-15,17:25:52.940:CRITICAL: 21.83 21.31 21.50 21.55 24.05 -0.00 0.00 0.00 11.37 11.25 10.32 10.44 1255.68 1231.50 1.41 100.00 initial 0  nonempty None initial 289.19 Buffering (0/1) None     None  None  10.84 initial   Buffering (0/1) initial sleeping None    on       
2022-11-15,17:25:53.489:CRITICAL: BT1   BT2   TT1   TT2   AT    X     Y     Z     BP1   BP2   TP1   TP2   HP      AP      PD   PC     HL      EL BF       SF   PF      BV     rpm             Setpoint Error Depth avg_p direction Voltage         State   Safety   Payload TestMode 
2022-11-15,17:25:53.493:CRITICAL: 21.83 21.30 21.50 21.55 24.05 -0.00 -0.00 -0.00 11.36 11.25 10.32 10.44 1255.78 1231.48 1.41 100.00 initial 0  nonempty None initial 288.93 Buffering (0/1) None     None  None  10.84 initial   Buffering (0/1) initial sleeping None    on       
2022-11-15,17:25:54.046:CRITICAL: BT1   BT2   TT1   TT2   AT    X     Y     Z     BP1   BP2   TP1   TP2   HP      AP      PD   PC     HL      EL BF       SF   PF      BV     rpm             Setpoint Error Depth avg_p direction Voltage         State   Safety   Payload TestMode 
2022-11-15,17:25:54.050:CRITICAL: 21.83 21.30 21.49 21.55 24.05 -0.00 -0.00 -0.00 11.35 11.25 10.32 10.44 1255.78 1231.52 1.41 100.00 initial 0  nonempty None initial 289.09 Buffering (0/1) None     None  None  10.84 initial   Buffering (0/1) initial sleeping None    on       
2022-11-15,17:25:54.601:CRITICAL: BT1   BT2   TT1   TT2   AT    X     Y     Z    BP1   BP2   TP1   TP2   HP      AP      PD   PC     HL      EL BF       SF   PF      BV     rpm             Setpoint Error Depth avg_p direction Voltage         State   Safety   Payload TestMode 
2022-11-15,17:25:54.604:CRITICAL: 21.83 21.30 21.49 21.55 24.04 -0.00 -0.00 0.00 11.36 11.25 10.32 10.44 1255.74 1231.64 1.41 100.00 initial 0  nonempty None initial 288.99 Buffering (0/1) None     None  None  10.84 initial   Buffering (0/1) initial sleeping None    on       
2022-11-15,17:25:54.742:INFO: graceful shutdown
2022-11-15,17:25:54.743:INFO: disabling safety. please wait...
2022-11-15,17:25:54.745:INFO: Closing database connections
2022-11-15,17:25:54.746:INFO: Nacking outstanding messages
