2022-11-15,17:25:58.808:INFO: init log at log/20221115
2022-11-15,17:25:58.878:INFO: safety controller init
2022-11-15,17:25:58.930:INFO: init driver
2022-11-15,17:25:58.932:INFO: Pressure controller was initialized successfully
2022-11-15,17:25:58.938:INFO: BP1 pressure sensor was initialized successfully
2022-11-15,17:25:58.945:INFO: BP2 pressure sensor was initialized successfully
2022-11-15,17:25:58.951:INFO: TP1 pressure sensor was initialized successfully
2022-11-15,17:25:58.957:INFO: TP2 pressure sensor was initialized successfully
2022-11-15,17:25:58.962:INFO: HP pressure sensor was initialized successfully
2022-11-15,17:25:58.968:INFO: AP pressure sensor was initialized successfully
2022-11-15,17:25:58.969:INFO: Temperature controller was initialized successfully
2022-11-15,17:25:58.976:INFO: BT1 temperature sensor was initialized successfully
2022-11-15,17:25:58.982:INFO: BT2 temperature sensor was initialized successfully
2022-11-15,17:25:58.989:INFO: TT1 temperature sensor was initialized successfully
2022-11-15,17:25:58.995:INFO: TT2 temperature sensor was initialized successfully
2022-11-15,17:25:59.002:INFO: AT temperature sensor was initialized successfully
2022-11-15,17:25:59.003:INFO: IMU controller was initialized successfully
2022-11-15,17:25:59.009:INFO: X IMU sensor was initialized successfully
2022-11-15,17:25:59.015:INFO: Y IMU sensor was initialized successfully
2022-11-15,17:25:59.022:INFO: Z IMU sensor was initialized successfully
2022-11-15,17:25:59.028:INFO: Bladder volume controller was initialized successfully
2022-11-15,17:25:59.034:INFO: Altimeter controller was initialized successfully
2022-11-15,17:25:59.041:INFO: rpm controller was initialized successfully
2022-11-15,17:25:59.042:INFO: Pump flag controller was initialized successfully
2022-11-15,17:25:59.050:INFO: Bladder flag controller was initialized successfully
2022-11-15,17:25:59.058:INFO: Hull leak flag controller was initialized successfully
2022-11-15,17:25:59.061:INFO: Engine leak flag controller was initialized successfully
2022-11-15,17:25:59.065:INFO: Full surface initiated flag controller was initialized successfully
2022-11-15,17:25:59.068:INFO: Iridium flag controller was initialized successfully
2022-11-15,17:25:59.075:INFO: direction flag controller was initialized successfully
2022-11-15,17:25:59.087:INFO: Payload flag controller was initialized successfully
2022-11-15,17:25:59.261:INFO: init consume mega
2022-11-15,17:25:59.264:INFO: init consume nano
2022-11-15,17:25:59.266:INFO: init consume payload
2022-11-15,17:26:00.357:INFO: 222
2022-11-15,17:26:00.359:INFO: safety went to sleep (sleep initiated)
2022-11-15,17:26:04.141:ERROR: error /0. no valid pressure sensors data available
2022-11-15,17:26:04.147:CRITICAL: BT1             BT2             TT1             TT2             AT              X               Y               Z               BP1             BP2             TP1             TP2             HP              AP              PD PC HL      EL BF      SF   PF      BV     rpm             Setpoint Error Depth avg_p direction Voltage         State   Safety   Payload TestMode 
2022-11-15,17:26:04.150:CRITICAL: Buffering (3/5) Buffering (3/5) Buffering (4/5) Buffering (4/5) Buffering (2/5) Buffering (1/5) Buffering (1/5) Buffering (1/5) Buffering (3/5) Buffering (4/5) Buffering (4/5) Buffering (2/5) Buffering (4/5) Buffering (2/5) 0  0  initial 0  initial None initial 287.72 Buffering (0/1) None     None  None  None  initial   Buffering (0/1) initial sleeping None    on       
2022-11-15,17:26:04.670:CRITICAL: BT1             BT2             TT1   TT2   AT              X               Y               Z               BP1             BP2   TP1   TP2             HP      AP              PD   PC     HL      EL BF       SF   PF      BV     rpm             Setpoint Error Depth avg_p direction Voltage         State   Safety   Payload TestMode 
2022-11-15,17:26:04.675:CRITICAL: Buffering (4/5) Buffering (4/5) 22.00 22.08 Buffering (3/5) Buffering (2/5) Buffering (2/5) Buffering (2/5) Buffering (4/5) 11.25 10.32 Buffering (3/5) 1256.02 Buffering (3/5) 1.41 100.00 initial 0  nonempty None initial 287.76 Buffering (0/1) None     None  None  10.79 initial   Buffering (0/1) initial sleeping None    on       
2022-11-15,17:26:05.223:CRITICAL: BT1   BT2    TT1   TT2   AT              X               Y               Z               BP1   BP2   TP1   TP2             HP      AP              PD   PC     HL      EL BF       SF   PF      BV     rpm             Setpoint Error Depth avg_p direction Voltage         State   Safety   Payload TestMode 
2022-11-15,17:26:05.225:CRITICAL: 21.74 -86.05 22.00 22.09 Buffering (4/5) Buffering (3/5) Buffering (3/5) Buffering (3/5) 11.36 11.25 10.32 Buffering (4/5) 1255.98 Buffering (4/5) 1.41 100.00 initial 0  nonempty None initial 287.46 Buffering (0/1) None     None  None  10.98 initial   Buffering (0/1) initial sleeping None    on       
2022-11-15,17:26:05.774:CRITICAL: BT1   BT2    TT1   TT2   AT    X               Y               Z               BP1   BP2   TP1   TP2   HP      AP      PD   PC     HL      EL BF       SF   PF      BV     rpm             Setpoint Error Depth avg_p direction Voltage         State   Safety   Payload TestMode 
2022-11-15,17:26:05.777:CRITICAL: 21.74 -86.05 22.00 22.09 23.89 Buffering (4/5) Buffering (4/5) Buffering (4/5) 11.36 11.25 10.32 10.44 1255.90 1234.96 1.41 100.00 initial 0  nonempty None initial 287.52 Buffering (0/1) None     None  None  10.84 initial   Buffering (0/1) initial sleeping None    on       
2022-11-15,17:26:06.332:CRITICAL: BT1   BT2   TT1   TT2   AT    X    Y    Z    BP1   BP2   TP1   TP2   HP      AP      PD   PC     HL      EL BF       SF   PF      BV     rpm             Setpoint Error Depth avg_p direction Voltage         State   Safety   Payload TestMode 
2022-11-15,17:26:06.335:CRITICAL: 21.82 21.29 21.44 21.55 24.02 0.00 0.01 0.01 11.36 11.25 10.32 10.44 1255.76 1233.02 1.41 100.00 initial 0  nonempty None initial 287.62 Buffering (0/1) None     None  None  10.84 initial   Buffering (0/1) initial sleeping None    on       
2022-11-15,17:26:06.886:CRITICAL: BT1   BT2   TT1   TT2   AT    X    Y    Z    BP1   BP2   TP1   TP2   HP      AP      PD   PC     HL      EL BF       SF   PF      BV     rpm             Setpoint Error Depth avg_p direction Voltage         State   Safety   Payload TestMode 
2022-11-15,17:26:06.889:CRITICAL: 21.82 21.28 21.44 21.55 24.02 0.00 0.01 0.01 11.37 11.25 10.32 10.44 1255.50 1233.08 1.41 100.00 initial 0  nonempty None initial 287.42 Buffering (0/1) None     None  None  10.84 initial   Buffering (0/1) initial sleeping None    on       
2022-11-15,17:26:07.437:CRITICAL: BT1   BT2   TT1   TT2   AT    X    Y    Z    BP1   BP2   TP1   TP2   HP      AP      PD   PC     HL      EL BF       SF   PF      BV     rpm             Setpoint Error Depth avg_p direction Voltage         State   Safety   Payload TestMode 
2022-11-15,17:26:07.439:CRITICAL: 21.82 21.28 21.44 21.55 24.02 0.00 0.01 0.01 11.36 11.25 10.32 10.44 1255.46 1233.06 1.41 100.00 initial 0  nonempty None initial 287.82 Buffering (0/1) None     None  None  10.84 initial   Buffering (0/1) initial sleeping None    on       
2022-11-15,17:26:07.987:CRITICAL: BT1   BT2   TT1   TT2   AT    X    Y    Z    BP1   BP2   TP1   TP2   HP      AP      PD   PC     HL      EL BF       SF   PF      BV     rpm             Setpoint Error Depth avg_p direction Voltage         State   Safety   Payload TestMode 
2022-11-15,17:26:07.991:CRITICAL: 21.82 21.28 21.44 21.56 24.02 0.00 0.01 0.01 11.36 11.25 10.32 10.44 1255.40 1232.94 1.41 100.00 initial 0  nonempty None initial 288.02 Buffering (0/1) None     None  None  10.84 initial   Buffering (0/1) initial sleeping None    on       
2022-11-15,17:26:08.546:CRITICAL: BT1   BT2   TT1   TT2   AT    X    Y    Z    BP1   BP2   TP1   TP2   HP      AP      PD   PC     HL      EL BF       SF   PF      BV     rpm             Setpoint Error Depth avg_p direction Voltage         State   Safety   Payload TestMode 
2022-11-15,17:26:08.550:CRITICAL: 21.82 21.28 21.44 21.56 24.02 0.00 0.01 0.01 11.36 11.25 10.32 10.44 1255.40 1232.86 1.41 100.00 initial 0  nonempty None initial 287.92 Buffering (0/1) None     None  None  10.84 initial   Buffering (0/1) initial sleeping None    on       
2022-11-15,17:26:09.096:CRITICAL: BT1   BT2   TT1   TT2   AT    X    Y    Z    BP1   BP2   TP1   TP2   HP      AP      PD   PC     HL      EL BF       SF   PF      BV     rpm             Setpoint Error Depth avg_p direction Voltage         State   Safety   Payload TestMode 
2022-11-15,17:26:09.099:CRITICAL: 21.82 21.28 21.45 21.56 24.02 0.00 0.01 0.02 11.36 11.25 10.32 10.44 1255.54 1232.82 1.41 100.00 initial 0  nonempty None initial 287.82 Buffering (0/1) None     None  None  10.84 initial   Buffering (0/1) initial sleeping None    on       
2022-11-15,17:26:09.655:CRITICAL: BT1   BT2   TT1   TT2   AT    X    Y    Z    BP1   BP2   TP1   TP2   HP      AP      PD   PC     HL      EL BF       SF   PF      BV     rpm             Setpoint Error Depth avg_p direction Voltage         State   Safety   Payload TestMode 
2022-11-15,17:26:09.659:CRITICAL: 21.82 21.28 21.45 21.57 24.02 0.00 0.01 0.02 11.36 11.25 10.32 10.44 1255.60 1232.76 1.41 100.00 initial 0  nonempty None initial 287.72 Buffering (0/1) None     None  None  10.84 initial   Buffering (0/1) initial sleeping None    on       
2022-11-15,17:26:10.207:CRITICAL: BT1   BT2   TT1   TT2   AT    X    Y    Z    BP1   BP2   TP1   TP2   HP      AP      PD   PC     HL      EL BF       SF   PF      BV     rpm             Setpoint Error Depth avg_p direction Voltage         State   Safety   Payload TestMode 
2022-11-15,17:26:10.211:CRITICAL: 21.82 21.28 21.46 21.57 24.02 0.00 0.01 0.02 11.37 11.25 10.32 10.44 1255.50 1232.76 1.41 100.00 initial 0  nonempty None initial 287.82 Buffering (0/1) None     None  None  10.84 initial   Buffering (0/1) initial sleeping None    on       
2022-11-15,17:26:10.760:CRITICAL: BT1   BT2   TT1   TT2   AT    X    Y    Z    BP1   BP2   TP1   TP2   HP      AP      PD   PC     HL      EL BF       SF   PF      BV     rpm             Setpoint Error Depth avg_p direction Voltage         State   Safety   Payload TestMode 
2022-11-15,17:26:10.764:CRITICAL: 21.82 21.28 21.46 21.57 24.02 0.00 0.00 0.02 11.37 11.25 10.32 10.44 1255.48 1232.90 1.41 100.00 initial 0  nonempty None initial 287.32 Buffering (0/1) None     None  None  10.84 initial   Buffering (0/1) initial sleeping None    on       
2022-11-15,17:26:11.308:CRITICAL: BT1   BT2   TT1   TT2   AT    X    Y    Z    BP1   BP2   TP1   TP2   HP      AP      PD   PC     HL      EL BF       SF   PF      BV     rpm             Setpoint Error Depth avg_p direction Voltage         State   Safety   Payload TestMode 
2022-11-15,17:26:11.311:CRITICAL: 21.82 21.28 21.47 21.57 24.02 0.00 0.00 0.02 11.37 11.25 10.32 10.44 1255.46 1233.00 1.41 100.00 initial 0  nonempty None initial 287.39 Buffering (0/1) None     None  None  10.84 initial   Buffering (0/1) initial sleeping None    on       
2022-11-15,17:26:11.862:CRITICAL: BT1   BT2   TT1   TT2   AT    X    Y    Z    BP1   BP2   TP1   TP2   HP      AP      PD   PC     HL      EL BF       SF   PF      BV     rpm             Setpoint Error Depth avg_p direction Voltage         State   Safety   Payload TestMode 
2022-11-15,17:26:11.865:CRITICAL: 21.82 21.28 21.47 21.57 24.02 0.00 0.00 0.02 11.37 11.25 10.32 10.44 1255.28 1233.10 1.41 100.00 initial 0  nonempty None initial 287.29 Buffering (0/1) None     None  None  10.84 initial   Buffering (0/1) initial sleeping None    on       
2022-11-15,17:26:12.415:CRITICAL: BT1   BT2   TT1   TT2   AT    X    Y    Z    BP1   BP2   TP1   TP2   HP      AP      PD   PC     HL      EL BF       SF   PF      BV     rpm             Setpoint Error Depth avg_p direction Voltage         State   Safety   Payload TestMode 
2022-11-15,17:26:12.420:CRITICAL: 21.81 21.28 21.48 21.57 24.01 0.00 0.00 0.02 11.37 11.25 10.32 10.44 1255.36 1233.20 1.41 100.00 initial 0  nonempty None initial 287.19 Buffering (0/1) None     None  None  10.84 initial   Buffering (0/1) initial sleeping None    on       
2022-11-15,17:26:12.971:CRITICAL: BT1   BT2   TT1   TT2   AT    X    Y    Z    BP1   BP2   TP1   TP2   HP      AP      PD   PC     HL      EL BF       SF   PF      BV     rpm             Setpoint Error Depth avg_p direction Voltage         State   Safety   Payload TestMode 
2022-11-15,17:26:12.974:CRITICAL: 21.81 21.28 21.49 21.57 24.01 0.00 0.00 0.01 11.36 11.25 10.32 10.44 1255.42 1233.28 1.41 100.00 initial 0  nonempty None initial 287.39 Buffering (0/1) None     None  None  10.84 initial   Buffering (0/1) initial sleeping None    on       
2022-11-15,17:26:13.526:CRITICAL: BT1   BT2   TT1   TT2   AT    X    Y    Z    BP1   BP2   TP1   TP2   HP      AP      PD   PC     HL      EL BF       SF   PF      BV     rpm             Setpoint Error Depth avg_p direction Voltage         State   Safety   Payload TestMode 
2022-11-15,17:26:13.530:CRITICAL: 21.81 21.28 21.49 21.58 24.01 0.00 0.00 0.01 11.36 11.25 10.32 10.44 1255.44 1233.32 1.41 100.00 initial 0  nonempty None initial 287.09 Buffering (0/1) None     None  None  10.84 initial   Buffering (0/1) initial sleeping None    on       
2022-11-15,17:26:14.082:CRITICAL: BT1   BT2   TT1   TT2   AT    X    Y    Z    BP1   BP2   TP1   TP2   HP      AP      PD   PC     HL      EL BF       SF   PF      BV     rpm             Setpoint Error Depth avg_p direction Voltage         State   Safety   Payload TestMode 
2022-11-15,17:26:14.085:CRITICAL: 21.81 21.28 21.50 21.58 24.01 0.00 0.00 0.00 11.37 11.25 10.32 10.44 1255.54 1233.32 1.41 100.00 initial 0  nonempty None initial 287.39 Buffering (0/1) None     None  None  10.84 initial   Buffering (0/1) initial sleeping None    on       
2022-11-15,17:26:14.635:CRITICAL: BT1   BT2   TT1   TT2   AT    X    Y    Z    BP1   BP2   TP1   TP2   HP      AP      PD   PC     HL      EL BF       SF   PF      BV     rpm             Setpoint Error Depth avg_p direction Voltage         State   Safety   Payload TestMode 
2022-11-15,17:26:14.639:CRITICAL: 21.81 21.28 21.50 21.58 24.01 0.00 0.00 0.00 11.37 11.25 10.32 10.44 1255.66 1233.26 1.41 100.00 initial 0  nonempty None initial 287.59 Buffering (0/1) None     None  None  10.84 initial   Buffering (0/1) initial sleeping None    on       
2022-11-15,17:26:15.192:CRITICAL: BT1   BT2   TT1   TT2   AT    X    Y    Z     BP1   BP2   TP1   TP2   HP      AP      PD   PC     HL      EL BF       SF   PF      BV     rpm             Setpoint Error Depth avg_p direction Voltage         State   Safety   Payload TestMode 
2022-11-15,17:26:15.194:CRITICAL: 21.81 21.28 21.50 21.59 24.01 0.00 0.00 -0.00 11.37 11.25 10.32 10.44 1255.60 1233.26 1.41 100.00 initial 0  nonempty None initial 287.19 Buffering (0/1) None     None  None  10.84 initial   Buffering (0/1) initial sleeping None    on       
2022-11-15,17:26:15.745:CRITICAL: BT1   BT2   TT1   TT2   AT    X    Y    Z     BP1   BP2   TP1   TP2   HP      AP      PD   PC     HL      EL BF       SF   PF      BV     rpm             Setpoint Error Depth avg_p direction Voltage         State   Safety   Payload TestMode 
2022-11-15,17:26:15.750:CRITICAL: 21.81 21.28 21.50 21.59 24.01 0.00 0.00 -0.00 11.37 11.25 10.31 10.44 1255.62 1233.32 1.41 100.00 initial 0  nonempty None initial 287.09 Buffering (0/1) None     None  None  10.84 initial   Buffering (0/1) initial sleeping None    on       
2022-11-15,17:26:16.297:CRITICAL: BT1   BT2   TT1   TT2   AT    X    Y    Z     BP1   BP2   TP1   TP2   HP      AP      PD   PC     HL      EL BF       SF   PF      BV     rpm             Setpoint Error Depth avg_p direction Voltage         State   Safety   Payload TestMode 
2022-11-15,17:26:16.301:CRITICAL: 21.81 21.28 21.50 21.59 24.01 0.00 0.00 -0.00 11.38 11.25 10.32 10.44 1255.72 1233.30 1.41 100.00 initial 0  nonempty None initial 287.19 Buffering (0/1) None     None  None  10.85 initial   Buffering (0/1) initial sleeping None    on       
2022-11-15,17:26:16.851:CRITICAL: BT1   BT2   TT1   TT2   AT    X    Y    Z     BP1   BP2   TP1   TP2   HP      AP      PD   PC     HL      EL BF       SF   PF      BV     rpm             Setpoint Error Depth avg_p direction Voltage         State   Safety   Payload TestMode 
2022-11-15,17:26:16.855:CRITICAL: 21.81 21.28 21.50 21.59 24.01 0.00 0.00 -0.00 11.37 11.25 10.32 10.44 1255.76 1233.28 1.41 100.00 initial 0  nonempty None initial 287.45 Buffering (0/1) None     None  None  10.84 initial   Buffering (0/1) initial sleeping None    on       
2022-11-15,17:26:17.404:CRITICAL: BT1   BT2   TT1   TT2   AT    X    Y    Z     BP1   BP2   TP1   TP2   HP      AP      PD   PC     HL      EL BF       SF   PF      BV     rpm             Setpoint Error Depth avg_p direction Voltage         State   Safety   Payload TestMode 
2022-11-15,17:26:17.409:CRITICAL: 21.81 21.28 21.50 21.59 24.01 0.00 0.00 -0.00 11.37 11.25 10.32 10.44 1255.84 1233.40 1.41 100.00 initial 0  nonempty None initial 286.99 Buffering (0/1) None     None  None  10.84 initial   Buffering (0/1) initial sleeping None    on       
2022-11-15,17:26:17.957:CRITICAL: BT1   BT2   TT1   TT2   AT    X    Y    Z     BP1   BP2   TP1   TP2   HP      AP      PD   PC     HL      EL BF       SF   PF      BV     rpm             Setpoint Error Depth avg_p direction Voltage         State   Safety   Payload TestMode 
2022-11-15,17:26:17.961:CRITICAL: 21.81 21.29 21.51 21.59 24.01 0.00 0.00 -0.00 11.37 11.25 10.32 10.44 1255.80 1233.44 1.41 100.00 initial 0  nonempty None initial 286.95 Buffering (0/1) None     None  None  10.84 initial   Buffering (0/1) initial sleeping None    on       
2022-11-15,17:26:18.511:CRITICAL: BT1   BT2   TT1   TT2   AT    X    Y    Z     BP1   BP2   TP1   TP2   HP      AP      PD   PC     HL      EL BF       SF   PF      BV     rpm             Setpoint Error Depth avg_p direction Voltage         State   Safety   Payload TestMode 
2022-11-15,17:26:18.515:CRITICAL: 21.81 21.29 21.51 21.59 24.01 0.00 0.00 -0.00 11.37 11.25 10.32 10.44 1255.78 1233.42 1.41 100.00 initial 0  nonempty None initial 287.15 Buffering (0/1) None     None  None  10.84 initial   Buffering (0/1) initial sleeping None    on       
2022-11-15,17:26:19.063:CRITICAL: BT1   BT2   TT1   TT2   AT    X    Y    Z     BP1   BP2   TP1   TP2   HP      AP      PD   PC     HL      EL BF       SF   PF      BV     rpm             Setpoint Error Depth avg_p direction Voltage         State   Safety   Payload TestMode 
2022-11-15,17:26:19.067:CRITICAL: 21.81 21.29 21.51 21.59 24.01 0.00 0.00 -0.00 11.36 11.25 10.32 10.44 1255.74 1233.40 1.41 100.00 initial 0  nonempty None initial 287.29 Buffering (0/1) None     None  None  10.84 initial   Buffering (0/1) initial sleeping None    on       
2022-11-15,17:26:19.615:CRITICAL: BT1   BT2   TT1   TT2   AT    X    Y    Z     BP1   BP2   TP1   TP2   HP      AP      PD   PC     HL      EL BF       SF   PF      BV     rpm             Setpoint Error Depth avg_p direction Voltage         State   Safety   Payload TestMode 
2022-11-15,17:26:19.618:CRITICAL: 21.81 21.29 21.51 21.60 24.01 0.00 0.00 -0.00 11.36 11.25 10.32 10.44 1255.58 1233.52 1.41 100.00 initial 0  nonempty None initial 286.85 Buffering (0/1) None     None  None  10.84 initial   Buffering (0/1) initial sleeping None    on       
2022-11-15,17:26:20.167:CRITICAL: BT1   BT2   TT1   TT2   AT    X    Y    Z     BP1   BP2   TP1   TP2   HP      AP      PD   PC     HL      EL BF       SF   PF      BV     rpm             Setpoint Error Depth avg_p direction Voltage         State   Safety   Payload TestMode 
2022-11-15,17:26:20.170:CRITICAL: 21.81 21.29 21.51 21.60 24.01 0.00 0.00 -0.00 11.37 11.25 10.32 10.44 1255.50 1233.58 1.41 100.00 initial 0  nonempty None initial 286.65 Buffering (0/1) None     None  None  10.84 initial   Buffering (0/1) initial sleeping None    on       
2022-11-15,17:26:20.726:CRITICAL: BT1   BT2   TT1   TT2   AT    X    Y    Z     BP1   BP2   TP1   TP2   HP      AP      PD   PC     HL      EL BF       SF   PF      BV     rpm             Setpoint Error Depth avg_p direction Voltage         State   Safety   Payload TestMode 
2022-11-15,17:26:20.729:CRITICAL: 21.81 21.29 21.51 21.60 24.01 0.00 0.00 -0.00 11.37 11.25 10.32 10.44 1255.60 1233.62 1.41 100.00 initial 0  nonempty None initial 286.75 Buffering (0/1) None     None  None  10.84 initial   Buffering (0/1) initial sleeping None    on       
2022-11-15,17:26:21.278:CRITICAL: BT1   BT2   TT1   TT2   AT    X    Y    Z     BP1   BP2   TP1   TP2   HP      AP      PD   PC     HL      EL BF       SF   PF      BV     rpm             Setpoint Error Depth avg_p direction Voltage         State   Safety   Payload TestMode 
2022-11-15,17:26:21.281:CRITICAL: 21.81 21.29 21.51 21.59 24.01 0.00 0.00 -0.01 11.38 11.25 10.32 10.44 1255.64 1233.72 1.41 100.00 initial 0  nonempty None initial 286.65 Buffering (0/1) None     None  None  10.85 initial   Buffering (0/1) initial sleeping None    on       
2022-11-15,17:26:21.835:CRITICAL: BT1   BT2   TT1   TT2   AT    X    Y    Z     BP1   BP2   TP1   TP2   HP      AP      PD   PC     HL      EL BF       SF   PF      BV     rpm             Setpoint Error Depth avg_p direction Voltage         State   Safety   Payload TestMode 
2022-11-15,17:26:21.839:CRITICAL: 21.81 21.29 21.51 21.59 24.01 0.00 0.00 -0.01 11.38 11.25 10.32 10.44 1255.62 1233.78 1.41 100.00 initial 0  nonempty None initial 286.95 Buffering (0/1) None     None  None  10.85 initial   Buffering (0/1) initial sleeping None    on       
2022-11-15,17:26:22.383:CRITICAL: BT1   BT2   TT1   TT2   AT    X    Y    Z     BP1   BP2   TP1   TP2   HP      AP      PD   PC     HL      EL BF       SF   PF      BV     rpm             Setpoint Error Depth avg_p direction Voltage         State   Safety   Payload TestMode 
2022-11-15,17:26:22.387:CRITICAL: 21.81 21.29 21.52 21.58 24.01 0.00 0.00 -0.01 11.38 11.25 10.32 10.44 1255.64 1233.84 1.41 100.00 initial 0  nonempty None initial 286.55 Buffering (0/1) None     None  None  10.85 initial   Buffering (0/1) initial sleeping None    on       
2022-11-15,17:26:22.938:CRITICAL: BT1   BT2   TT1   TT2   AT    X    Y    Z     BP1   BP2   TP1   TP2   HP      AP      PD   PC     HL      EL BF       SF   PF      BV     rpm             Setpoint Error Depth avg_p direction Voltage         State   Safety   Payload TestMode 
2022-11-15,17:26:22.943:CRITICAL: 21.81 21.29 21.52 21.58 24.01 0.00 0.00 -0.01 11.37 11.25 10.32 10.44 1255.56 1233.78 1.41 100.00 initial 0  nonempty None initial 286.95 Buffering (0/1) None     None  None  10.84 initial   Buffering (0/1) initial sleeping None    on       
2022-11-15,17:26:23.492:CRITICAL: BT1   BT2   TT1   TT2   AT    X    Y    Z     BP1   BP2   TP1   TP2   HP      AP      PD   PC     HL      EL BF       SF   PF      BV     rpm             Setpoint Error Depth avg_p direction Voltage         State   Safety   Payload TestMode 
2022-11-15,17:26:23.496:CRITICAL: 21.81 21.29 21.52 21.58 24.01 0.00 0.00 -0.01 11.36 11.25 10.32 10.44 1255.48 1233.76 1.41 100.00 initial 0  nonempty None initial 286.82 Buffering (0/1) None     None  None  10.84 initial   Buffering (0/1) initial sleeping None    on       
2022-11-15,17:26:24.043:CRITICAL: BT1   BT2   TT1   TT2   AT    X    Y    Z     BP1   BP2   TP1   TP2   HP      AP      PD   PC     HL      EL BF       SF   PF      BV     rpm             Setpoint Error Depth avg_p direction Voltage         State   Safety   Payload TestMode 
2022-11-15,17:26:24.046:CRITICAL: 21.81 21.29 21.52 21.58 24.01 0.00 0.00 -0.01 11.35 11.25 10.32 10.44 1255.52 1233.68 1.41 100.00 initial 0  nonempty None initial 287.05 Buffering (0/1) None     None  None  10.84 initial   Buffering (0/1) initial sleeping None    on       
2022-11-15,17:26:24.597:CRITICAL: BT1   BT2   TT1   TT2   AT    X    Y    Z     BP1   BP2   TP1   TP2   HP      AP      PD   PC     HL      EL BF       SF   PF      BV     rpm             Setpoint Error Depth avg_p direction Voltage         State   Safety   Payload TestMode 
2022-11-15,17:26:24.600:CRITICAL: 21.81 21.29 21.52 21.58 24.01 0.00 0.00 -0.01 11.36 11.25 10.32 10.44 1255.48 1233.76 1.41 100.00 initial 0  nonempty None initial 286.52 Buffering (0/1) None     None  None  10.84 initial   Buffering (0/1) initial sleeping None    on       
2022-11-15,17:26:25.149:CRITICAL: BT1   BT2   TT1   TT2   AT    X    Y    Z    BP1   BP2   TP1   TP2   HP      AP      PD   PC     HL      EL BF       SF   PF      BV     rpm             Setpoint Error Depth avg_p direction Voltage         State   Safety   Payload TestMode 
2022-11-15,17:26:25.153:CRITICAL: 21.81 21.29 21.53 21.58 24.00 0.00 0.00 0.00 11.36 11.25 10.32 10.44 1255.60 1233.74 1.41 100.00 initial 0  nonempty None initial 286.62 Buffering (0/1) None     None  None  10.84 initial   Buffering (0/1) initial sleeping None    on       
2022-11-15,17:26:25.707:CRITICAL: BT1   BT2   TT1   TT2   AT    X    Y    Z    BP1   BP2   TP1   TP2   HP      AP      PD   PC     HL      EL BF       SF   PF      BV     rpm             Setpoint Error Depth avg_p direction Voltage         State   Safety   Payload TestMode 
2022-11-15,17:26:25.711:CRITICAL: 21.81 21.29 21.53 21.58 24.00 0.00 0.00 0.00 11.36 11.25 10.32 10.44 1255.70 1233.64 1.41 100.00 initial 0  nonempty None initial 287.42 Buffering (0/1) None     None  None  10.84 initial   Buffering (0/1) initial sleeping None    on       
2022-11-15,17:26:26.263:CRITICAL: BT1   BT2   TT1   TT2   AT    X    Y    Z    BP1   BP2   TP1   TP2   HP      AP      PD   PC     HL      EL BF       SF   PF      BV     rpm             Setpoint Error Depth avg_p direction Voltage         State   Safety   Payload TestMode 
2022-11-15,17:26:26.267:CRITICAL: 21.81 21.29 21.53 21.57 24.00 0.00 0.00 0.01 11.37 11.25 10.32 10.45 1255.76 1233.60 1.41 100.00 initial 0  nonempty None initial 287.02 Buffering (0/1) None     None  None  10.85 initial   Buffering (0/1) initial sleeping None    on       
2022-11-15,17:26:26.817:CRITICAL: BT1   BT2   TT1   TT2   AT    X    Y    Z    BP1   BP2   TP1   TP2   HP      AP      PD   PC     HL      EL BF       SF   PF      BV     rpm             Setpoint Error Depth avg_p direction Voltage         State   Safety   Payload TestMode 
2022-11-15,17:26:26.821:CRITICAL: 21.81 21.29 21.53 21.57 24.00 0.00 0.00 0.01 11.37 11.25 10.32 10.44 1255.66 1233.64 1.41 100.00 initial 0  nonempty None initial 286.82 Buffering (0/1) None     None  None  10.84 initial   Buffering (0/1) initial sleeping None    on       
2022-11-15,17:26:27.364:CRITICAL: BT1   BT2   TT1   TT2   AT    X    Y    Z    BP1   BP2   TP1   TP2   HP      AP      PD   PC     HL      EL BF       SF   PF      BV     rpm             Setpoint Error Depth avg_p direction Voltage         State   Safety   Payload TestMode 
2022-11-15,17:26:27.367:CRITICAL: 21.81 21.29 21.53 21.57 24.00 0.00 0.00 0.01 11.37 11.25 10.32 10.44 1255.68 1233.56 1.41 100.00 initial 0  nonempty None initial 286.92 Buffering (0/1) None     None  None  10.84 initial   Buffering (0/1) initial sleeping None    on       
2022-11-15,17:26:27.924:CRITICAL: BT1   BT2   TT1   TT2   AT    X    Y    Z    BP1   BP2   TP1   TP2   HP      AP      PD   PC     HL      EL BF       SF   PF      BV     rpm             Setpoint Error Depth avg_p direction Voltage         State   Safety   Payload TestMode 
2022-11-15,17:26:27.928:CRITICAL: 21.81 21.29 21.53 21.57 24.00 0.00 0.00 0.01 11.37 11.25 10.32 10.44 1255.54 1233.50 1.41 100.00 initial 0  nonempty None initial 286.92 Buffering (0/1) None     None  None  10.84 initial   Buffering (0/1) initial sleeping None    on       
2022-11-15,17:26:28.471:CRITICAL: BT1   BT2   TT1   TT2   AT    X    Y    Z    BP1   BP2   TP1   TP2   HP      AP      PD   PC     HL      EL BF       SF   PF      BV     rpm             Setpoint Error Depth avg_p direction Voltage         State   Safety   Payload TestMode 
2022-11-15,17:26:28.476:CRITICAL: 21.81 21.29 21.53 21.57 24.00 0.00 0.00 0.01 11.36 11.25 10.32 10.44 1255.54 1233.64 1.41 100.00 initial 0  nonempty None initial 286.72 Buffering (0/1) None     None  None  10.84 initial   Buffering (0/1) initial sleeping None    on       
2022-11-15,17:26:29.029:CRITICAL: BT1   BT2   TT1   TT2   AT    X    Y    Z    BP1   BP2   TP1   TP2   HP      AP      PD   PC     HL      EL BF       SF   PF      BV     rpm             Setpoint Error Depth avg_p direction Voltage         State   Safety   Payload TestMode 
2022-11-15,17:26:29.032:CRITICAL: 21.81 21.29 21.52 21.57 24.00 0.00 0.00 0.01 11.36 11.25 10.32 10.44 1255.60 1233.68 1.41 100.00 initial 0  nonempty None initial 286.82 Buffering (0/1) None     None  None  10.84 initial   Buffering (0/1) initial sleeping None    on       
2022-11-15,17:26:29.577:CRITICAL: BT1   BT2   TT1   TT2   AT    X    Y    Z    BP1   BP2   TP1   TP2   HP      AP      PD   PC     HL      EL BF       SF   PF      BV     rpm             Setpoint Error Depth avg_p direction Voltage         State   Safety   Payload TestMode 
2022-11-15,17:26:29.581:CRITICAL: 21.81 21.30 21.52 21.56 24.00 0.00 0.00 0.01 11.37 11.25 10.32 10.44 1255.68 1233.70 1.41 100.00 initial 0  nonempty None initial 286.68 Buffering (0/1) None     None  None  10.84 initial   Buffering (0/1) initial sleeping None    on       
2022-11-15,17:26:30.130:CRITICAL: BT1   BT2   TT1   TT2   AT    X    Y    Z    BP1   BP2   TP1   TP2   HP      AP      PD   PC     HL      EL BF       SF   PF      BV     rpm             Setpoint Error Depth avg_p direction Voltage         State   Safety   Payload TestMode 
2022-11-15,17:26:30.133:CRITICAL: 21.81 21.30 21.52 21.56 24.00 0.00 0.00 0.00 11.36 11.25 10.32 10.44 1255.28 1233.82 1.41 100.00 initial 0  nonempty None initial 286.28 Buffering (0/1) None     None  None  10.84 initial   Buffering (0/1) initial sleeping None    on       
2022-11-15,17:26:30.683:CRITICAL: BT1   BT2   TT1   TT2   AT    X    Y    Z    BP1   BP2   TP1   TP2   HP      AP      PD   PC     HL      EL BF       SF   PF      BV     rpm             Setpoint Error Depth avg_p direction Voltage         State   Safety   Payload TestMode 
2022-11-15,17:26:30.688:CRITICAL: 21.81 21.30 21.50 21.54 23.99 0.00 0.00 0.00 11.35 11.23 10.29 10.42 1253.44 1233.84 1.42 100.00 initial 0  nonempty None initial 286.78 Buffering (0/1) None     None  None  10.82 initial   Buffering (0/1) initial sleeping None    on       
2022-11-15,17:26:31.239:CRITICAL: BT1   BT2   TT1   TT2   AT    X    Y    Z     BP1   BP2   TP1   TP2   HP      AP      PD   PC     HL      EL BF       SF   PF      BV     rpm             Setpoint Error Depth avg_p direction Voltage         State   Safety   Payload TestMode 
2022-11-15,17:26:31.244:CRITICAL: 21.81 21.30 21.47 21.52 23.99 0.03 0.01 -0.01 11.32 11.19 10.26 10.38 1249.42 1233.76 1.45 100.00 initial 0  nonempty None initial 287.08 Buffering (0/1) None     None  None  10.79 initial   Buffering (0/1) initial sleeping None    on       
2022-11-15,17:26:31.797:CRITICAL: BT1   BT2   TT1   TT2   AT    X    Y    Z     BP1   BP2   TP1   TP2   HP      AP      PD   PC     HL      EL BF       SF   PF      BV     rpm             Setpoint Error Depth avg_p direction Voltage         State   Safety   Payload TestMode 
2022-11-15,17:26:31.802:CRITICAL: 21.81 21.30 21.44 21.49 23.99 0.03 0.01 -0.01 11.27 11.14 10.22 10.34 1244.22 1233.86 1.52 100.00 initial 0  nonempty None initial 286.28 Buffering (0/1) None     None  None  10.74 initial   Buffering (0/1) initial sleeping None    on       
2022-11-15,17:26:32.357:CRITICAL: BT1   BT2   TT1   TT2   AT    X    Y    Z     BP1   BP2   TP1   TP2   HP      AP      PD   PC     HL      EL BF       SF   PF      BV     rpm             Setpoint Error Depth avg_p direction Voltage         State   Safety   Payload TestMode 
2022-11-15,17:26:32.360:CRITICAL: 21.82 21.30 21.40 21.49 23.99 0.04 0.04 -0.11 11.22 11.09 10.18 10.30 1238.94 1233.98 1.59 100.00 initial 0  nonempty None initial 286.08 Buffering (0/1) None     None  None  10.70 initial   Buffering (0/1) initial sleeping None    on       
2022-11-15,17:26:32.920:CRITICAL: BT1   BT2   TT1   TT2   AT    X    Y     Z     BP1   BP2   TP1   TP2   HP      AP      PD   PC     HL      EL BF       SF   PF      BV     rpm             Setpoint Error Depth avg_p direction Voltage         State   Safety   Payload TestMode 
2022-11-15,17:26:32.924:CRITICAL: 21.82 21.30 21.34 21.50 23.99 0.09 -0.03 -0.05 11.17 11.04 10.15 10.26 1234.30 1233.96 1.64 100.00 initial 0  nonempty None initial 286.38 Buffering (0/1) None     None  None  10.65 initial   Buffering (0/1) initial sleeping None    on       
2022-11-15,17:26:33.431:CRITICAL: BT1   BT2   TT1   TT2   AT    X    Y     Z     BP1   BP2   TP1   TP2   HP      AP      PD   PC     HL      EL BF       SF   PF      BV     rpm             Setpoint Error Depth avg_p direction Voltage         State   Safety   Payload TestMode 
2022-11-15,17:26:33.435:CRITICAL: 21.82 21.29 21.28 21.54 23.99 0.09 -0.03 -0.05 11.14 11.01 10.13 10.25 1231.70 1234.06 1.66 100.00 initial 0  nonempty None initial 286.28 Buffering (0/1) None     None  None  10.63 initial   Buffering (0/1) initial sleeping None    on       
2022-11-15,17:26:33.952:CRITICAL: BT1   BT2   TT1   TT2   AT    X    Y     Z     BP1   BP2   TP1   TP2   HP      AP      PD   PC     HL      EL BF       SF   PF      BV     rpm             Setpoint Error Depth avg_p direction Voltage         State   Safety   Payload TestMode 
2022-11-15,17:26:33.956:CRITICAL: 21.83 21.29 21.22 21.60 23.99 0.12 -0.08 -0.01 11.13 11.01 10.13 10.25 1231.32 1234.14 1.65 100.00 initial 0  nonempty None initial 286.68 Buffering (0/1) None     None  None  10.63 initial   Buffering (0/1) initial sleeping None    on       
2022-11-15,17:26:34.463:CRITICAL: BT1   BT2   TT1   TT2   AT    X    Y     Z     BP1   BP2   TP1   TP2   HP      AP      PD   PC     HL      EL BF       SF   PF      BV     rpm             Setpoint Error Depth avg_p direction Voltage         State   Safety   Payload TestMode 
2022-11-15,17:26:34.465:CRITICAL: 21.83 21.28 21.18 21.69 23.99 0.12 -0.08 -0.01 11.13 11.01 10.13 10.25 1231.74 1234.12 1.64 100.00 initial 0  nonempty None initial 286.38 Buffering (0/1) None     None  None  10.63 initial   Buffering (0/1) initial sleeping None    on       
2022-11-15,17:26:34.997:CRITICAL: BT1   BT2   TT1   TT2   AT    X    Y     Z     BP1   BP2   TP1   TP2   HP      AP      PD   PC     HL      EL BF       SF   PF      BV     rpm             Setpoint Error Depth avg_p direction Voltage         State   Safety   Payload TestMode 
2022-11-15,17:26:35.000:CRITICAL: 21.84 21.27 21.15 21.76 23.99 0.11 -0.08 -0.05 11.12 11.01 10.13 10.25 1232.16 1234.08 1.64 100.00 initial 0  nonempty None initial 286.28 Buffering (0/1) None     None  None  10.63 initial   Buffering (0/1) initial sleeping None    on       
2022-11-15,17:26:35.507:CRITICAL: BT1   BT2   TT1   TT2   AT    X    Y     Z     BP1   BP2   TP1   TP2   HP      AP      PD   PC     HL      EL BF       SF   PF      BV     rpm             Setpoint Error Depth avg_p direction Voltage         State   Safety   Payload TestMode 
2022-11-15,17:26:35.512:CRITICAL: 21.84 21.27 21.15 21.82 23.99 0.11 -0.08 -0.05 11.12 11.02 10.13 10.25 1232.66 1234.02 1.64 100.00 initial 0  nonempty None initial 286.65 Buffering (0/1) None     None  None  10.63 initial   Buffering (0/1) initial sleeping None    on       
2022-11-15,17:26:36.039:CRITICAL: BT1   BT2   TT1   TT2   AT    X    Y     Z     BP1   BP2   TP1   TP2   HP      AP      PD   PC     HL      EL BF       SF   PF      BV     rpm             Setpoint Error Depth avg_p direction Voltage         State   Safety   Payload TestMode 
2022-11-15,17:26:36.043:CRITICAL: 21.85 21.26 21.16 21.84 23.99 0.08 -0.07 -0.09 11.14 11.03 10.14 10.26 1234.08 1233.98 1.64 100.00 initial 0  nonempty None initial 286.48 Buffering (0/1) None     None  None  10.64 initial   Buffering (0/1) initial sleeping None    on       
2022-11-15,17:26:36.547:CRITICAL: BT1   BT2   TT1   TT2   AT    X    Y     Z     BP1   BP2   TP1   TP2   HP      AP      PD   PC     HL      EL BF       SF   PF      BV     rpm             Setpoint Error Depth avg_p direction Voltage         State   Safety   Payload TestMode 
2022-11-15,17:26:36.551:CRITICAL: 21.85 21.26 21.18 21.81 23.99 0.08 -0.07 -0.09 11.17 11.07 10.18 10.30 1237.60 1233.98 1.62 100.00 initial 0  nonempty None initial 286.65 Buffering (0/1) None     None  None  10.68 initial   Buffering (0/1) initial sleeping None    on       
2022-11-15,17:26:37.084:CRITICAL: BT1   BT2   TT1   TT2   AT    X    Y     Z    BP1   BP2   TP1   TP2   HP      AP      PD   PC     HL      EL BF       SF   PF      BV     rpm             Setpoint Error Depth avg_p direction Voltage         State   Safety   Payload TestMode 
2022-11-15,17:26:37.088:CRITICAL: 21.84 21.25 21.20 21.74 23.98 0.06 -0.10 0.01 11.22 11.13 10.23 10.36 1243.70 1233.96 1.58 100.00 initial 0  nonempty None initial 286.45 Buffering (0/1) None     None  None  10.73 initial   Buffering (0/1) initial sleeping None    on       
2022-11-15,17:26:37.597:CRITICAL: BT1   BT2   TT1   TT2   AT    X    Y     Z    BP1   BP2   TP1   TP2   HP      AP      PD   PC     HL      EL BF       SF   PF      BV     rpm             Setpoint Error Depth avg_p direction Voltage         State   Safety   Payload TestMode 
2022-11-15,17:26:37.601:CRITICAL: 21.84 21.25 21.22 21.65 23.98 0.06 -0.10 0.01 11.30 11.20 10.30 10.43 1251.42 1233.90 1.52 100.00 initial 0  nonempty None initial 286.55 Buffering (0/1) None     None  None  10.81 initial   Buffering (0/1) initial sleeping None    on       
2022-11-15,17:26:38.130:CRITICAL: BT1   BT2   TT1   TT2   AT    X    Y     Z     BP1   BP2   TP1   TP2   HP      AP      PD   PC     HL      EL BF       SF   PF      BV     rpm             Setpoint Error Depth avg_p direction Voltage         State   Safety   Payload TestMode 
2022-11-15,17:26:38.134:CRITICAL: 21.82 21.24 21.23 21.56 23.98 0.01 -0.04 -0.05 11.38 11.29 10.37 10.51 1259.78 1233.90 1.42 100.00 initial 0  nonempty None initial 286.65 Buffering (0/1) None     None  None  10.89 initial   Buffering (0/1) initial sleeping None    on       
2022-11-15,17:26:38.637:CRITICAL: BT1   BT2   TT1   TT2   AT    X    Y     Z     BP1   BP2   TP1   TP2   HP      AP      PD   PC     HL      EL BF       SF   PF      BV     rpm             Setpoint Error Depth avg_p direction Voltage         State   Safety   Payload TestMode 
2022-11-15,17:26:38.641:CRITICAL: 21.81 21.24 21.25 21.48 23.98 0.01 -0.04 -0.05 11.46 11.36 10.45 10.58 1267.22 1233.84 1.34 100.00 initial 0  nonempty None initial 286.75 Buffering (0/1) None     None  None  10.96 initial   Buffering (0/1) initial sleeping None    on       
2022-11-15,17:26:39.160:CRITICAL: BT1   BT2   TT1   TT2   AT    X     Y    Z     BP1   BP2   TP1   TP2   HP      AP      PD   PC     HL      EL BF       SF   PF      BV     rpm             Setpoint Error Depth avg_p direction Voltage         State   Safety   Payload TestMode 
2022-11-15,17:26:39.163:CRITICAL: 21.80 21.23 21.25 21.44 23.98 -0.01 0.02 -0.09 11.52 11.42 10.50 10.63 1272.54 1233.86 1.25 100.00 initial 0  nonempty None initial 286.55 Buffering (0/1) None     None  None  11.02 initial   Buffering (0/1) initial sleeping None    on       
2022-11-15,17:26:39.669:CRITICAL: BT1   BT2   TT1   TT2   AT    X     Y    Z     BP1   BP2   TP1   TP2   HP      AP      PD   PC     HL      EL BF       SF   PF      BV     rpm             Setpoint Error Depth avg_p direction Voltage         State   Safety   Payload TestMode 
2022-11-15,17:26:39.672:CRITICAL: 21.79 21.23 21.25 21.41 23.98 -0.01 0.02 -0.09 11.55 11.45 10.53 10.65 1275.48 1233.84 1.22 100.00 initial 0  nonempty None initial 286.55 Buffering (0/1) None     None  None  11.04 initial   Buffering (0/1) initial sleeping None    on       
2022-11-15,17:26:40.192:CRITICAL: BT1   BT2   TT1   TT2   AT    X    Y    Z     BP1   BP2   TP1   TP2   HP      AP      PD   PC     HL      EL BF       SF   PF      BV     rpm             Setpoint Error Depth avg_p direction Voltage         State   Safety   Payload TestMode 
2022-11-15,17:26:40.195:CRITICAL: 21.79 21.22 21.25 21.39 23.98 0.01 0.02 -0.05 11.57 11.46 10.53 10.65 1276.40 1233.82 1.20 100.00 initial 0  nonempty None initial 286.65 Buffering (0/1) None     None  None  11.05 initial   Buffering (0/1) initial sleeping None    on       
2022-11-15,17:26:40.279:INFO: graceful shutdown
2022-11-15,17:26:40.281:INFO: disabling safety. please wait...
2022-11-15,17:26:40.283:INFO: Closing database connections
2022-11-15,17:26:40.284:INFO: Nacking outstanding messages
